[2022-08-05 11:05:07,529] multiqc                                            [DEBUG  ]  This is MultiQC v1.11
[2022-08-05 11:05:07,529] multiqc                                            [DEBUG  ]  No MultiQC config found: /apps/multiqc/1.11/lib/python3.9/site-packages/multiqc_config.yaml
[2022-08-05 11:05:07,529] multiqc                                            [DEBUG  ]  No MultiQC config found: /home/smi9a9/.multiqc_config.yaml
[2022-08-05 11:05:07,530] multiqc                                            [DEBUG  ]  No MultiQC config found: multiqc_config.yaml
[2022-08-05 11:05:07,530] multiqc                                            [DEBUG  ]  Command used: /apps/multiqc/1.11/bin/multiqc ./15881_combined_merged_fastqc.html ./15881_combined_merged_fastqc.zip ./15881_combined_merged.fastq.gz ./15881_combined_R1p_fastqc.html ./15881_combined_R1p_fastqc.zip ./15881_combined_R1p.fastq.gz ./15881_combined_R1R2u_fastqc.html ./15881_combined_R1R2u_fastqc.zip ./15881_combined_R1R2u.fastq.gz ./15881_combined_R2p_fastqc.html ./15881_combined_R2p_fastqc.zip ./15881_combined_R2p.fastq.gz ./15881_QCreads.md5 -o 15881_MGSD_CSIRO.qc.stats
[2022-08-05 11:05:07,532] multiqc                                            [DEBUG  ]  Could not connect to multiqc.info for version check: <urlopen error [Errno 111] Connection refused>
[2022-08-05 11:05:07,532] multiqc                                            [DEBUG  ]  Command     : /apps/multiqc/1.11/bin/multiqc ./15881_combined_merged_fastqc.html ./15881_combined_merged_fastqc.zip ./15881_combined_merged.fastq.gz ./15881_combined_R1p_fastqc.html ./15881_combined_R1p_fastqc.zip ./15881_combined_R1p.fastq.gz ./15881_combined_R1R2u_fastqc.html ./15881_combined_R1R2u_fastqc.zip ./15881_combined_R1R2u.fastq.gz ./15881_combined_R2p_fastqc.html ./15881_combined_R2p_fastqc.zip ./15881_combined_R2p.fastq.gz ./15881_QCreads.md5 -o 15881_MGSD_CSIRO.qc.stats
[2022-08-05 11:05:07,532] multiqc                                            [DEBUG  ]  Working dir : /datasets/work/oa-amd/work/amd/Metagenome_QC_reads
[2022-08-05 11:05:07,532] multiqc                                            [DEBUG  ]  Template    : default
[2022-08-05 11:05:07,532] multiqc                                            [DEBUG  ]  Running Python 3.9.4 (default, Apr 25 2021, 16:13:27)  [GCC 10.3.0]
[2022-08-05 11:05:07,532] multiqc                                            [DEBUG  ]  Analysing modules: custom_content, ccs, ngsderive, purple, conpair, lima, peddy, somalier, methylQA, mosdepth, phantompeakqualtools, qualimap, preseq, quast, qorts, rna_seqc, rockhopper, rsem, rseqc, busco, bustools, goleft_indexcov, gffcompare, disambiguate, supernova, deeptools, sargasso, verifybamid, mirtrace, happy, mirtop, sambamba, homer, hops, macs2, theta2, snpeff, gatk, htseq, bcftools, featureCounts, fgbio, dragen, dedup, damageprofiler, biobambam2, jcvi, mtnucratio, picard, vep, sentieon, prokka, qc3C, nanostat, samblaster, samtools, sexdeterrmine, eigenstratdatabasetools, bamtools, jellyfish, vcftools, longranger, stacks, varscan2, snippy, bbmap, bismark, biscuit, hicexplorer, hicup, hicpro, salmon, kallisto, slamdunk, star, hisat2, tophat, bowtie2, bowtie1, snpsplit, odgi, pangolin, kat, leehom, adapterRemoval, clipandmerge, cutadapt, flexbar, kaiju, kraken, malt, trimmomatic, sickle, skewer, sortmerna, biobloomtools, fastq_screen, afterqc, fastp, fastqc, pychopper, pycoqc, minionqc, multivcfanalyzer, clusterflow, bcl2fastq, bclconvert, interop, ivar, flash, seqyclean, optitype
[2022-08-05 11:05:07,533] multiqc                                            [DEBUG  ]  Using temporary directory for creating report: /tmp/smi9a9.8585017/tmpefjqqdpn
[2022-08-05 11:05:07,593] multiqc                                            [INFO   ]  Search path : /datasets/work/oa-amd/work/amd/Metagenome_QC_reads/15881_combined_merged_fastqc.html
[2022-08-05 11:05:07,593] multiqc                                            [INFO   ]  Search path : /datasets/work/oa-amd/work/amd/Metagenome_QC_reads/15881_combined_merged_fastqc.zip
[2022-08-05 11:05:07,593] multiqc                                            [INFO   ]  Search path : /datasets/work/oa-amd/work/amd/Metagenome_QC_reads/15881_combined_merged.fastq.gz
[2022-08-05 11:05:07,594] multiqc                                            [INFO   ]  Search path : /datasets/work/oa-amd/work/amd/Metagenome_QC_reads/15881_combined_R1p_fastqc.html
[2022-08-05 11:05:07,594] multiqc                                            [INFO   ]  Search path : /datasets/work/oa-amd/work/amd/Metagenome_QC_reads/15881_combined_R1p_fastqc.zip
[2022-08-05 11:05:07,594] multiqc                                            [INFO   ]  Search path : /datasets/work/oa-amd/work/amd/Metagenome_QC_reads/15881_combined_R1p.fastq.gz
[2022-08-05 11:05:07,594] multiqc                                            [INFO   ]  Search path : /datasets/work/oa-amd/work/amd/Metagenome_QC_reads/15881_combined_R1R2u_fastqc.html
[2022-08-05 11:05:07,594] multiqc                                            [INFO   ]  Search path : /datasets/work/oa-amd/work/amd/Metagenome_QC_reads/15881_combined_R1R2u_fastqc.zip
[2022-08-05 11:05:07,594] multiqc                                            [INFO   ]  Search path : /datasets/work/oa-amd/work/amd/Metagenome_QC_reads/15881_combined_R1R2u.fastq.gz
[2022-08-05 11:05:07,594] multiqc                                            [INFO   ]  Search path : /datasets/work/oa-amd/work/amd/Metagenome_QC_reads/15881_combined_R2p_fastqc.html
[2022-08-05 11:05:07,594] multiqc                                            [INFO   ]  Search path : /datasets/work/oa-amd/work/amd/Metagenome_QC_reads/15881_combined_R2p_fastqc.zip
[2022-08-05 11:05:07,594] multiqc                                            [INFO   ]  Search path : /datasets/work/oa-amd/work/amd/Metagenome_QC_reads/15881_combined_R2p.fastq.gz
[2022-08-05 11:05:07,594] multiqc                                            [INFO   ]  Search path : /datasets/work/oa-amd/work/amd/Metagenome_QC_reads/15881_QCreads.md5
[2022-08-05 11:05:07,830] multiqc                                            [DEBUG  ]  File ignored by ccs/v4 because it exceeded search pattern filesize limit: 15881_combined_merged_fastqc.html
[2022-08-05 11:05:07,845] multiqc                                            [DEBUG  ]  File ignored by hicexplorer because it exceeded search pattern filesize limit: 15881_combined_merged_fastqc.html
[2022-08-05 11:05:07,847] multiqc                                            [DEBUG  ]  File ignored by nanostat because it exceeded search pattern filesize limit: 15881_combined_merged_fastqc.html
[2022-08-05 11:05:07,847] multiqc                                            [DEBUG  ]  File ignored by lima/summary because it exceeded search pattern filesize limit: 15881_combined_merged_fastqc.html
[2022-08-05 11:05:07,861] multiqc                                            [DEBUG  ]  File ignored by vep/vep_txt because it exceeded search pattern filesize limit: 15881_combined_merged_fastqc.html
[2022-08-05 11:05:07,861] multiqc                                            [DEBUG  ]  File ignored by longranger/invocation because it exceeded search pattern filesize limit: 15881_combined_merged_fastqc.html
[2022-08-05 11:05:07,861] multiqc                                            [DEBUG  ]  File ignored by rockhopper because it exceeded search pattern filesize limit: 15881_combined_merged_fastqc.html
[2022-08-05 11:05:07,861] multiqc                                            [DEBUG  ]  File ignored by rseqc/bam_stat because it exceeded search pattern filesize limit: 15881_combined_merged_fastqc.html
[2022-08-05 11:05:07,861] multiqc                                            [DEBUG  ]  File ignored by rseqc/junction_annotation because it exceeded search pattern filesize limit: 15881_combined_merged_fastqc.html
[2022-08-05 11:05:07,861] multiqc                                            [DEBUG  ]  File ignored by rseqc/read_distribution because it exceeded search pattern filesize limit: 15881_combined_merged_fastqc.html
[2022-08-05 11:05:07,861] multiqc                                            [DEBUG  ]  File ignored by rseqc/infer_experiment because it exceeded search pattern filesize limit: 15881_combined_merged_fastqc.html
[2022-08-05 11:05:07,945] multiqc                                            [DEBUG  ]  Ignoring file as matched an ignore pattern: 15881_combined_merged.fastq.gz
[2022-08-05 11:05:08,226] multiqc                                            [DEBUG  ]  File ignored by ccs/v4 because it exceeded search pattern filesize limit: 15881_combined_R1p_fastqc.html
[2022-08-05 11:05:08,234] multiqc                                            [DEBUG  ]  File ignored by hicexplorer because it exceeded search pattern filesize limit: 15881_combined_R1p_fastqc.html
[2022-08-05 11:05:08,235] multiqc                                            [DEBUG  ]  File ignored by nanostat because it exceeded search pattern filesize limit: 15881_combined_R1p_fastqc.html
[2022-08-05 11:05:08,235] multiqc                                            [DEBUG  ]  File ignored by lima/summary because it exceeded search pattern filesize limit: 15881_combined_R1p_fastqc.html
[2022-08-05 11:05:09,103] multiqc                                            [DEBUG  ]  File ignored by vep/vep_txt because it exceeded search pattern filesize limit: 15881_combined_R1p_fastqc.html
[2022-08-05 11:05:09,103] multiqc                                            [DEBUG  ]  File ignored by longranger/invocation because it exceeded search pattern filesize limit: 15881_combined_R1p_fastqc.html
[2022-08-05 11:05:09,103] multiqc                                            [DEBUG  ]  File ignored by rockhopper because it exceeded search pattern filesize limit: 15881_combined_R1p_fastqc.html
[2022-08-05 11:05:09,103] multiqc                                            [DEBUG  ]  File ignored by rseqc/bam_stat because it exceeded search pattern filesize limit: 15881_combined_R1p_fastqc.html
[2022-08-05 11:05:09,104] multiqc                                            [DEBUG  ]  File ignored by rseqc/junction_annotation because it exceeded search pattern filesize limit: 15881_combined_R1p_fastqc.html
[2022-08-05 11:05:09,104] multiqc                                            [DEBUG  ]  File ignored by rseqc/read_distribution because it exceeded search pattern filesize limit: 15881_combined_R1p_fastqc.html
[2022-08-05 11:05:09,104] multiqc                                            [DEBUG  ]  File ignored by rseqc/infer_experiment because it exceeded search pattern filesize limit: 15881_combined_R1p_fastqc.html
[2022-08-05 11:05:09,879] multiqc                                            [DEBUG  ]  Ignoring file as matched an ignore pattern: 15881_combined_R1p.fastq.gz
[2022-08-05 11:05:10,000] multiqc                                            [DEBUG  ]  File ignored by ccs/v4 because it exceeded search pattern filesize limit: 15881_combined_R1R2u_fastqc.html
[2022-08-05 11:05:10,011] multiqc                                            [DEBUG  ]  File ignored by hicexplorer because it exceeded search pattern filesize limit: 15881_combined_R1R2u_fastqc.html
[2022-08-05 11:05:10,012] multiqc                                            [DEBUG  ]  File ignored by nanostat because it exceeded search pattern filesize limit: 15881_combined_R1R2u_fastqc.html
[2022-08-05 11:05:10,012] multiqc                                            [DEBUG  ]  File ignored by lima/summary because it exceeded search pattern filesize limit: 15881_combined_R1R2u_fastqc.html
[2022-08-05 11:05:10,232] multiqc                                            [DEBUG  ]  File ignored by vep/vep_txt because it exceeded search pattern filesize limit: 15881_combined_R1R2u_fastqc.html
[2022-08-05 11:05:10,232] multiqc                                            [DEBUG  ]  File ignored by longranger/invocation because it exceeded search pattern filesize limit: 15881_combined_R1R2u_fastqc.html
[2022-08-05 11:05:10,232] multiqc                                            [DEBUG  ]  File ignored by rockhopper because it exceeded search pattern filesize limit: 15881_combined_R1R2u_fastqc.html
[2022-08-05 11:05:10,232] multiqc                                            [DEBUG  ]  File ignored by rseqc/bam_stat because it exceeded search pattern filesize limit: 15881_combined_R1R2u_fastqc.html
[2022-08-05 11:05:10,232] multiqc                                            [DEBUG  ]  File ignored by rseqc/junction_annotation because it exceeded search pattern filesize limit: 15881_combined_R1R2u_fastqc.html
[2022-08-05 11:05:10,232] multiqc                                            [DEBUG  ]  File ignored by rseqc/read_distribution because it exceeded search pattern filesize limit: 15881_combined_R1R2u_fastqc.html
[2022-08-05 11:05:10,232] multiqc                                            [DEBUG  ]  File ignored by rseqc/infer_experiment because it exceeded search pattern filesize limit: 15881_combined_R1R2u_fastqc.html
[2022-08-05 11:05:10,309] multiqc                                            [DEBUG  ]  Ignoring file as matched an ignore pattern: 15881_combined_R1R2u.fastq.gz
[2022-08-05 11:05:10,412] multiqc                                            [DEBUG  ]  File ignored by ccs/v4 because it exceeded search pattern filesize limit: 15881_combined_R2p_fastqc.html
[2022-08-05 11:05:10,426] multiqc                                            [DEBUG  ]  File ignored by hicexplorer because it exceeded search pattern filesize limit: 15881_combined_R2p_fastqc.html
[2022-08-05 11:05:10,427] multiqc                                            [DEBUG  ]  File ignored by nanostat because it exceeded search pattern filesize limit: 15881_combined_R2p_fastqc.html
[2022-08-05 11:05:10,427] multiqc                                            [DEBUG  ]  File ignored by lima/summary because it exceeded search pattern filesize limit: 15881_combined_R2p_fastqc.html
[2022-08-05 11:05:10,443] multiqc                                            [DEBUG  ]  File ignored by vep/vep_txt because it exceeded search pattern filesize limit: 15881_combined_R2p_fastqc.html
[2022-08-05 11:05:10,443] multiqc                                            [DEBUG  ]  File ignored by longranger/invocation because it exceeded search pattern filesize limit: 15881_combined_R2p_fastqc.html
[2022-08-05 11:05:10,443] multiqc                                            [DEBUG  ]  File ignored by rockhopper because it exceeded search pattern filesize limit: 15881_combined_R2p_fastqc.html
[2022-08-05 11:05:10,443] multiqc                                            [DEBUG  ]  File ignored by rseqc/bam_stat because it exceeded search pattern filesize limit: 15881_combined_R2p_fastqc.html
[2022-08-05 11:05:10,443] multiqc                                            [DEBUG  ]  File ignored by rseqc/junction_annotation because it exceeded search pattern filesize limit: 15881_combined_R2p_fastqc.html
[2022-08-05 11:05:10,443] multiqc                                            [DEBUG  ]  File ignored by rseqc/read_distribution because it exceeded search pattern filesize limit: 15881_combined_R2p_fastqc.html
[2022-08-05 11:05:10,443] multiqc                                            [DEBUG  ]  File ignored by rseqc/infer_experiment because it exceeded search pattern filesize limit: 15881_combined_R2p_fastqc.html
[2022-08-05 11:05:11,466] multiqc                                            [DEBUG  ]  Ignoring file as matched an ignore pattern: 15881_combined_R2p.fastq.gz
[2022-08-05 11:05:11,467] multiqc                                            [DEBUG  ]  Ignoring file as matched an ignore pattern: 15881_QCreads.md5
[2022-08-05 11:05:11,791] multiqc.plots.bargraph                             [DEBUG  ]  Using matplotlib version 3.3.4
[2022-08-05 11:05:11,795] multiqc.plots.linegraph                            [DEBUG  ]  Using matplotlib version 3.3.4
[2022-08-05 11:05:11,798] multiqc                                            [DEBUG  ]  No samples found: custom_content
[2022-08-05 11:05:11,803] multiqc                                            [DEBUG  ]  No samples found: ccs
[2022-08-05 11:05:11,808] multiqc                                            [DEBUG  ]  No samples found: ngsderive
[2022-08-05 11:05:11,813] multiqc                                            [DEBUG  ]  No samples found: purple
[2022-08-05 11:05:11,818] multiqc                                            [DEBUG  ]  No samples found: conpair
[2022-08-05 11:05:11,822] multiqc                                            [DEBUG  ]  No samples found: lima
[2022-08-05 11:05:11,827] multiqc                                            [DEBUG  ]  No samples found: peddy
[2022-08-05 11:05:12,063] multiqc                                            [DEBUG  ]  No samples found: somalier
[2022-08-05 11:05:12,067] multiqc                                            [DEBUG  ]  No samples found: methylQA
[2022-08-05 11:05:12,078] multiqc.modules.mosdepth.mosdepth                  [DEBUG  ]  include_contigs: []
[2022-08-05 11:05:12,078] multiqc.modules.mosdepth.mosdepth                  [DEBUG  ]  exclude_contigs: []
[2022-08-05 11:05:12,078] multiqc                                            [DEBUG  ]  No samples found: mosdepth
[2022-08-05 11:05:12,083] multiqc                                            [DEBUG  ]  No samples found: phantompeakqualtools
[2022-08-05 11:05:12,086] multiqc                                            [DEBUG  ]  No samples found: qualimap
[2022-08-05 11:05:12,092] multiqc                                            [DEBUG  ]  No samples found: preseq
[2022-08-05 11:05:12,097] multiqc                                            [DEBUG  ]  No samples found: quast
[2022-08-05 11:05:12,101] multiqc                                            [DEBUG  ]  No samples found: qorts
[2022-08-05 11:05:12,106] multiqc                                            [DEBUG  ]  No samples found: rna_seqc
[2022-08-05 11:05:12,111] multiqc                                            [DEBUG  ]  No samples found: rockhopper
[2022-08-05 11:05:12,115] multiqc                                            [DEBUG  ]  No samples found: rsem
[2022-08-05 11:05:12,130] multiqc                                            [DEBUG  ]  No samples found: rseqc
[2022-08-05 11:05:12,134] multiqc                                            [DEBUG  ]  No samples found: busco
[2022-08-05 11:05:12,139] multiqc                                            [DEBUG  ]  No samples found: bustools
[2022-08-05 11:05:12,143] multiqc                                            [DEBUG  ]  No samples found: goleft_indexcov
[2022-08-05 11:05:12,148] multiqc                                            [DEBUG  ]  No samples found: gffcompare
[2022-08-05 11:05:12,152] multiqc                                            [DEBUG  ]  No samples found: disambiguate
[2022-08-05 11:05:12,158] multiqc                                            [DEBUG  ]  No samples found: supernova
[2022-08-05 11:05:12,175] multiqc                                            [DEBUG  ]  No samples found: deeptools
[2022-08-05 11:05:12,179] multiqc                                            [DEBUG  ]  No samples found: sargasso
[2022-08-05 11:05:12,206] multiqc                                            [DEBUG  ]  No samples found: verifybamid
[2022-08-05 11:05:12,212] multiqc                                            [DEBUG  ]  No samples found: mirtrace
[2022-08-05 11:05:12,216] multiqc                                            [DEBUG  ]  No samples found: happy
[2022-08-05 11:05:12,222] multiqc                                            [DEBUG  ]  No samples found: mirtop
[2022-08-05 11:05:12,275] multiqc                                            [DEBUG  ]  No samples found: sambamba
[2022-08-05 11:05:12,283] multiqc                                            [DEBUG  ]  No samples found: homer
[2022-08-05 11:05:12,288] multiqc                                            [DEBUG  ]  No samples found: hops
[2022-08-05 11:05:12,292] multiqc                                            [DEBUG  ]  No samples found: macs2
[2022-08-05 11:05:12,296] multiqc                                            [DEBUG  ]  No samples found: theta2
[2022-08-05 11:05:12,300] multiqc                                            [DEBUG  ]  No samples found: snpeff
[2022-08-05 11:05:12,538] multiqc                                            [DEBUG  ]  No samples found: gatk
[2022-08-05 11:05:12,543] multiqc                                            [DEBUG  ]  No samples found: htseq
[2022-08-05 11:05:12,548] multiqc                                            [DEBUG  ]  No samples found: bcftools
[2022-08-05 11:05:12,553] multiqc                                            [DEBUG  ]  No samples found: featureCounts
[2022-08-05 11:05:12,816] multiqc                                            [DEBUG  ]  No samples found: fgbio
[2022-08-05 11:05:12,833] multiqc                                            [DEBUG  ]  No samples found: dragen
[2022-08-05 11:05:12,838] multiqc                                            [DEBUG  ]  No samples found: dedup
[2022-08-05 11:05:12,844] multiqc                                            [DEBUG  ]  No samples found: damageprofiler
[2022-08-05 11:05:12,891] multiqc                                            [DEBUG  ]  No samples found: biobambam2
[2022-08-05 11:05:12,898] multiqc                                            [DEBUG  ]  No samples found: jcvi
[2022-08-05 11:05:12,902] multiqc                                            [DEBUG  ]  No samples found: mtnucratio
[2022-08-05 11:05:12,904] multiqc                                            [DEBUG  ]  No samples found: picard
[2022-08-05 11:05:12,910] multiqc                                            [DEBUG  ]  No samples found: vep
[2022-08-05 11:05:13,148] multiqc                                            [DEBUG  ]  No samples found: sentieon
[2022-08-05 11:05:13,154] multiqc                                            [DEBUG  ]  No samples found: prokka
[2022-08-05 11:05:13,161] multiqc                                            [DEBUG  ]  No samples found: qc3C
[2022-08-05 11:05:13,170] multiqc                                            [DEBUG  ]  No samples found: nanostat
[2022-08-05 11:05:13,176] multiqc                                            [DEBUG  ]  No samples found: samblaster
[2022-08-05 11:05:13,188] multiqc                                            [DEBUG  ]  No samples found: samtools
[2022-08-05 11:05:13,192] multiqc                                            [DEBUG  ]  No samples found: sexdeterrmine
[2022-08-05 11:05:13,197] multiqc                                            [DEBUG  ]  No samples found: eigenstratdatabasetools
[2022-08-05 11:05:13,204] multiqc                                            [DEBUG  ]  No samples found: bamtools
[2022-08-05 11:05:13,295] multiqc                                            [DEBUG  ]  No samples found: jellyfish
[2022-08-05 11:05:13,304] multiqc                                            [DEBUG  ]  No samples found: vcftools
[2022-08-05 11:05:13,351] multiqc                                            [DEBUG  ]  No samples found: longranger
[2022-08-05 11:05:13,356] multiqc                                            [DEBUG  ]  No samples found: stacks
[2022-08-05 11:05:13,362] multiqc                                            [DEBUG  ]  No samples found: varscan2
[2022-08-05 11:05:13,367] multiqc                                            [DEBUG  ]  No samples found: snippy
[2022-08-05 11:05:13,471] multiqc                                            [DEBUG  ]  No samples found: bbmap
[2022-08-05 11:05:13,477] multiqc                                            [DEBUG  ]  No samples found: bismark
[2022-08-05 11:05:13,486] multiqc                                            [DEBUG  ]  No samples found: biscuit
[2022-08-05 11:05:13,491] multiqc                                            [DEBUG  ]  No samples found: hicexplorer
[2022-08-05 11:05:13,495] multiqc                                            [DEBUG  ]  No samples found: hicup
[2022-08-05 11:05:13,501] multiqc                                            [DEBUG  ]  No samples found: hicpro
[2022-08-05 11:05:13,506] multiqc                                            [DEBUG  ]  No samples found: salmon
[2022-08-05 11:05:13,511] multiqc                                            [DEBUG  ]  No samples found: kallisto
[2022-08-05 11:05:13,517] multiqc                                            [DEBUG  ]  No samples found: slamdunk
[2022-08-05 11:05:13,522] multiqc                                            [DEBUG  ]  No samples found: star
[2022-08-05 11:05:13,527] multiqc                                            [DEBUG  ]  No samples found: hisat2
[2022-08-05 11:05:13,531] multiqc                                            [DEBUG  ]  No samples found: tophat
[2022-08-05 11:05:13,536] multiqc                                            [DEBUG  ]  No samples found: bowtie2
[2022-08-05 11:05:13,540] multiqc                                            [DEBUG  ]  No samples found: bowtie1
[2022-08-05 11:05:13,545] multiqc                                            [DEBUG  ]  No samples found: snpsplit
[2022-08-05 11:05:13,550] multiqc                                            [DEBUG  ]  No samples found: odgi
[2022-08-05 11:05:13,554] multiqc                                            [DEBUG  ]  No samples found: pangolin
[2022-08-05 11:05:13,558] multiqc                                            [DEBUG  ]  No samples found: kat
[2022-08-05 11:05:13,562] multiqc                                            [DEBUG  ]  No samples found: leehom
[2022-08-05 11:05:13,567] multiqc                                            [DEBUG  ]  No samples found: adapterRemoval
[2022-08-05 11:05:13,572] multiqc                                            [DEBUG  ]  No samples found: clipandmerge
[2022-08-05 11:05:13,576] multiqc                                            [DEBUG  ]  No samples found: cutadapt
[2022-08-05 11:05:13,581] multiqc                                            [DEBUG  ]  No samples found: flexbar
[2022-08-05 11:05:13,586] multiqc                                            [DEBUG  ]  No samples found: kaiju
[2022-08-05 11:05:13,592] multiqc                                            [DEBUG  ]  No samples found: kraken
[2022-08-05 11:05:13,597] multiqc                                            [DEBUG  ]  No samples found: malt
[2022-08-05 11:05:13,602] multiqc                                            [DEBUG  ]  No samples found: trimmomatic
[2022-08-05 11:05:13,606] multiqc                                            [DEBUG  ]  No samples found: sickle
[2022-08-05 11:05:13,611] multiqc                                            [DEBUG  ]  No samples found: skewer
[2022-08-05 11:05:13,616] multiqc                                            [DEBUG  ]  No samples found: sortmerna
[2022-08-05 11:05:13,620] multiqc                                            [DEBUG  ]  No samples found: biobloomtools
[2022-08-05 11:05:13,626] multiqc                                            [DEBUG  ]  No samples found: fastq_screen
[2022-08-05 11:05:13,631] multiqc                                            [DEBUG  ]  No samples found: afterqc
[2022-08-05 11:05:13,637] multiqc                                            [DEBUG  ]  No samples found: fastp
[2022-08-05 11:05:13,967] multiqc.modules.fastqc.fastqc                      [INFO   ]  Found 4 reports
[2022-08-05 11:05:14,015] multiqc                                            [DEBUG  ]  No samples found: pychopper
[2022-08-05 11:05:14,020] multiqc                                            [DEBUG  ]  No samples found: pycoqc
[2022-08-05 11:05:14,025] multiqc                                            [DEBUG  ]  No samples found: minionqc
[2022-08-05 11:05:14,031] multiqc                                            [DEBUG  ]  No samples found: multivcfanalyzer
[2022-08-05 11:05:14,036] multiqc                                            [DEBUG  ]  No samples found: clusterflow
[2022-08-05 11:05:14,042] multiqc                                            [DEBUG  ]  No samples found: bcl2fastq
[2022-08-05 11:05:14,049] multiqc                                            [DEBUG  ]  No samples found: bclconvert
[2022-08-05 11:05:14,054] multiqc                                            [DEBUG  ]  No samples found: interop
[2022-08-05 11:05:14,059] multiqc                                            [DEBUG  ]  No samples found: ivar
[2022-08-05 11:05:14,063] multiqc                                            [DEBUG  ]  No samples found: flash
[2022-08-05 11:05:14,068] multiqc                                            [DEBUG  ]  No samples found: seqyclean
[2022-08-05 11:05:14,072] multiqc                                            [DEBUG  ]  No samples found: optitype
[2022-08-05 11:05:14,076] multiqc                                            [INFO   ]  Compressing plot data
[2022-08-05 11:05:14,138] multiqc                                            [INFO   ]  Report      : 15881_MGSD_CSIRO.qc.stats/multiqc_report.html
[2022-08-05 11:05:14,138] multiqc                                            [INFO   ]  Data        : 15881_MGSD_CSIRO.qc.stats/multiqc_data
[2022-08-05 11:05:14,138] multiqc                                            [DEBUG  ]  Moving data file from '/tmp/smi9a9.8585017/tmpefjqqdpn/multiqc_data' to '15881_MGSD_CSIRO.qc.stats/multiqc_data'
[2022-08-05 11:05:14,457] multiqc                                            [INFO   ]  MultiQC complete
