[2022-08-05 11:11:30,552] multiqc                                            [DEBUG  ]  This is MultiQC v1.11
[2022-08-05 11:11:30,552] multiqc                                            [DEBUG  ]  No MultiQC config found: /apps/multiqc/1.11/lib/python3.9/site-packages/multiqc_config.yaml
[2022-08-05 11:11:30,552] multiqc                                            [DEBUG  ]  No MultiQC config found: /home/smi9a9/.multiqc_config.yaml
[2022-08-05 11:11:36,205] multiqc                                            [DEBUG  ]  No MultiQC config found: multiqc_config.yaml
[2022-08-05 11:11:36,205] multiqc                                            [DEBUG  ]  Command used: /apps/multiqc/1.11/bin/multiqc ./12572_H3WL3BCXX-2_merged_fastqc.html ./12572_H3WL3BCXX-2_merged_fastqc.zip ./12572_H3WL3BCXX-2_merged.fastq.gz ./12572_H3WL3BCXX-2_R1p_fastqc.html ./12572_H3WL3BCXX-2_R1p_fastqc.zip ./12572_H3WL3BCXX-2_R1p.fastq.gz ./12572_H3WL3BCXX-2_R1R2u_fastqc.html ./12572_H3WL3BCXX-2_R1R2u_fastqc.zip ./12572_H3WL3BCXX-2_R1R2u.fastq.gz ./12572_H3WL3BCXX-2_R2p_fastqc.html ./12572_H3WL3BCXX-2_R2p_fastqc.zip ./12572_H3WL3BCXX-2_R2p.fastq.gz ./12572_QCreads.md5 -o 12572_MGSD_CSIRO.qc.stats
[2022-08-05 11:11:36,217] multiqc                                            [DEBUG  ]  Could not connect to multiqc.info for version check: <urlopen error [Errno 111] Connection refused>
[2022-08-05 11:11:36,217] multiqc                                            [DEBUG  ]  Command     : /apps/multiqc/1.11/bin/multiqc ./12572_H3WL3BCXX-2_merged_fastqc.html ./12572_H3WL3BCXX-2_merged_fastqc.zip ./12572_H3WL3BCXX-2_merged.fastq.gz ./12572_H3WL3BCXX-2_R1p_fastqc.html ./12572_H3WL3BCXX-2_R1p_fastqc.zip ./12572_H3WL3BCXX-2_R1p.fastq.gz ./12572_H3WL3BCXX-2_R1R2u_fastqc.html ./12572_H3WL3BCXX-2_R1R2u_fastqc.zip ./12572_H3WL3BCXX-2_R1R2u.fastq.gz ./12572_H3WL3BCXX-2_R2p_fastqc.html ./12572_H3WL3BCXX-2_R2p_fastqc.zip ./12572_H3WL3BCXX-2_R2p.fastq.gz ./12572_QCreads.md5 -o 12572_MGSD_CSIRO.qc.stats
[2022-08-05 11:11:36,217] multiqc                                            [DEBUG  ]  Working dir : /datasets/work/oa-amd/work/amd/Metagenome_QC_reads
[2022-08-05 11:11:36,217] multiqc                                            [DEBUG  ]  Template    : default
[2022-08-05 11:11:36,217] multiqc                                            [DEBUG  ]  Running Python 3.9.4 (default, Apr 25 2021, 16:13:27)  [GCC 10.3.0]
[2022-08-05 11:11:36,217] multiqc                                            [DEBUG  ]  Analysing modules: custom_content, ccs, ngsderive, purple, conpair, lima, peddy, somalier, methylQA, mosdepth, phantompeakqualtools, qualimap, preseq, quast, qorts, rna_seqc, rockhopper, rsem, rseqc, busco, bustools, goleft_indexcov, gffcompare, disambiguate, supernova, deeptools, sargasso, verifybamid, mirtrace, happy, mirtop, sambamba, homer, hops, macs2, theta2, snpeff, gatk, htseq, bcftools, featureCounts, fgbio, dragen, dedup, damageprofiler, biobambam2, jcvi, mtnucratio, picard, vep, sentieon, prokka, qc3C, nanostat, samblaster, samtools, sexdeterrmine, eigenstratdatabasetools, bamtools, jellyfish, vcftools, longranger, stacks, varscan2, snippy, bbmap, bismark, biscuit, hicexplorer, hicup, hicpro, salmon, kallisto, slamdunk, star, hisat2, tophat, bowtie2, bowtie1, snpsplit, odgi, pangolin, kat, leehom, adapterRemoval, clipandmerge, cutadapt, flexbar, kaiju, kraken, malt, trimmomatic, sickle, skewer, sortmerna, biobloomtools, fastq_screen, afterqc, fastp, fastqc, pychopper, pycoqc, minionqc, multivcfanalyzer, clusterflow, bcl2fastq, bclconvert, interop, ivar, flash, seqyclean, optitype
[2022-08-05 11:11:36,218] multiqc                                            [DEBUG  ]  Using temporary directory for creating report: /tmp/smi9a9.8585695/tmp23rdioc8
[2022-08-05 11:11:36,283] multiqc                                            [INFO   ]  Search path : /datasets/work/oa-amd/work/amd/Metagenome_QC_reads/12572_H3WL3BCXX-2_merged_fastqc.html
[2022-08-05 11:11:36,283] multiqc                                            [INFO   ]  Search path : /datasets/work/oa-amd/work/amd/Metagenome_QC_reads/12572_H3WL3BCXX-2_merged_fastqc.zip
[2022-08-05 11:11:36,283] multiqc                                            [INFO   ]  Search path : /datasets/work/oa-amd/work/amd/Metagenome_QC_reads/12572_H3WL3BCXX-2_merged.fastq.gz
[2022-08-05 11:11:36,283] multiqc                                            [INFO   ]  Search path : /datasets/work/oa-amd/work/amd/Metagenome_QC_reads/12572_H3WL3BCXX-2_R1p_fastqc.html
[2022-08-05 11:11:36,283] multiqc                                            [INFO   ]  Search path : /datasets/work/oa-amd/work/amd/Metagenome_QC_reads/12572_H3WL3BCXX-2_R1p_fastqc.zip
[2022-08-05 11:11:36,283] multiqc                                            [INFO   ]  Search path : /datasets/work/oa-amd/work/amd/Metagenome_QC_reads/12572_H3WL3BCXX-2_R1p.fastq.gz
[2022-08-05 11:11:36,283] multiqc                                            [INFO   ]  Search path : /datasets/work/oa-amd/work/amd/Metagenome_QC_reads/12572_H3WL3BCXX-2_R1R2u_fastqc.html
[2022-08-05 11:11:36,283] multiqc                                            [INFO   ]  Search path : /datasets/work/oa-amd/work/amd/Metagenome_QC_reads/12572_H3WL3BCXX-2_R1R2u_fastqc.zip
[2022-08-05 11:11:36,283] multiqc                                            [INFO   ]  Search path : /datasets/work/oa-amd/work/amd/Metagenome_QC_reads/12572_H3WL3BCXX-2_R1R2u.fastq.gz
[2022-08-05 11:11:36,283] multiqc                                            [INFO   ]  Search path : /datasets/work/oa-amd/work/amd/Metagenome_QC_reads/12572_H3WL3BCXX-2_R2p_fastqc.html
[2022-08-05 11:11:36,283] multiqc                                            [INFO   ]  Search path : /datasets/work/oa-amd/work/amd/Metagenome_QC_reads/12572_H3WL3BCXX-2_R2p_fastqc.zip
[2022-08-05 11:11:36,283] multiqc                                            [INFO   ]  Search path : /datasets/work/oa-amd/work/amd/Metagenome_QC_reads/12572_H3WL3BCXX-2_R2p.fastq.gz
[2022-08-05 11:11:36,283] multiqc                                            [INFO   ]  Search path : /datasets/work/oa-amd/work/amd/Metagenome_QC_reads/12572_QCreads.md5
[2022-08-05 11:11:37,713] multiqc                                            [DEBUG  ]  File ignored by ccs/v4 because it exceeded search pattern filesize limit: 12572_H3WL3BCXX-2_merged_fastqc.html
[2022-08-05 11:11:37,724] multiqc                                            [DEBUG  ]  File ignored by hicexplorer because it exceeded search pattern filesize limit: 12572_H3WL3BCXX-2_merged_fastqc.html
[2022-08-05 11:11:37,725] multiqc                                            [DEBUG  ]  File ignored by nanostat because it exceeded search pattern filesize limit: 12572_H3WL3BCXX-2_merged_fastqc.html
[2022-08-05 11:11:37,725] multiqc                                            [DEBUG  ]  File ignored by lima/summary because it exceeded search pattern filesize limit: 12572_H3WL3BCXX-2_merged_fastqc.html
[2022-08-05 11:11:37,741] multiqc                                            [DEBUG  ]  File ignored by vep/vep_txt because it exceeded search pattern filesize limit: 12572_H3WL3BCXX-2_merged_fastqc.html
[2022-08-05 11:11:37,741] multiqc                                            [DEBUG  ]  File ignored by longranger/invocation because it exceeded search pattern filesize limit: 12572_H3WL3BCXX-2_merged_fastqc.html
[2022-08-05 11:11:37,742] multiqc                                            [DEBUG  ]  File ignored by rockhopper because it exceeded search pattern filesize limit: 12572_H3WL3BCXX-2_merged_fastqc.html
[2022-08-05 11:11:37,742] multiqc                                            [DEBUG  ]  File ignored by rseqc/bam_stat because it exceeded search pattern filesize limit: 12572_H3WL3BCXX-2_merged_fastqc.html
[2022-08-05 11:11:37,742] multiqc                                            [DEBUG  ]  File ignored by rseqc/junction_annotation because it exceeded search pattern filesize limit: 12572_H3WL3BCXX-2_merged_fastqc.html
[2022-08-05 11:11:37,742] multiqc                                            [DEBUG  ]  File ignored by rseqc/read_distribution because it exceeded search pattern filesize limit: 12572_H3WL3BCXX-2_merged_fastqc.html
[2022-08-05 11:11:37,742] multiqc                                            [DEBUG  ]  File ignored by rseqc/infer_experiment because it exceeded search pattern filesize limit: 12572_H3WL3BCXX-2_merged_fastqc.html
[2022-08-05 11:11:37,861] multiqc                                            [DEBUG  ]  Ignoring file as matched an ignore pattern: 12572_H3WL3BCXX-2_merged.fastq.gz
[2022-08-05 11:11:38,135] multiqc                                            [DEBUG  ]  File ignored by ccs/v4 because it exceeded search pattern filesize limit: 12572_H3WL3BCXX-2_R1p_fastqc.html
[2022-08-05 11:11:38,144] multiqc                                            [DEBUG  ]  File ignored by hicexplorer because it exceeded search pattern filesize limit: 12572_H3WL3BCXX-2_R1p_fastqc.html
[2022-08-05 11:11:38,145] multiqc                                            [DEBUG  ]  File ignored by nanostat because it exceeded search pattern filesize limit: 12572_H3WL3BCXX-2_R1p_fastqc.html
[2022-08-05 11:11:38,145] multiqc                                            [DEBUG  ]  File ignored by lima/summary because it exceeded search pattern filesize limit: 12572_H3WL3BCXX-2_R1p_fastqc.html
[2022-08-05 11:11:38,163] multiqc                                            [DEBUG  ]  File ignored by vep/vep_txt because it exceeded search pattern filesize limit: 12572_H3WL3BCXX-2_R1p_fastqc.html
[2022-08-05 11:11:38,163] multiqc                                            [DEBUG  ]  File ignored by longranger/invocation because it exceeded search pattern filesize limit: 12572_H3WL3BCXX-2_R1p_fastqc.html
[2022-08-05 11:11:38,164] multiqc                                            [DEBUG  ]  File ignored by rockhopper because it exceeded search pattern filesize limit: 12572_H3WL3BCXX-2_R1p_fastqc.html
[2022-08-05 11:11:38,164] multiqc                                            [DEBUG  ]  File ignored by rseqc/bam_stat because it exceeded search pattern filesize limit: 12572_H3WL3BCXX-2_R1p_fastqc.html
[2022-08-05 11:11:38,164] multiqc                                            [DEBUG  ]  File ignored by rseqc/junction_annotation because it exceeded search pattern filesize limit: 12572_H3WL3BCXX-2_R1p_fastqc.html
[2022-08-05 11:11:38,164] multiqc                                            [DEBUG  ]  File ignored by rseqc/read_distribution because it exceeded search pattern filesize limit: 12572_H3WL3BCXX-2_R1p_fastqc.html
[2022-08-05 11:11:38,164] multiqc                                            [DEBUG  ]  File ignored by rseqc/infer_experiment because it exceeded search pattern filesize limit: 12572_H3WL3BCXX-2_R1p_fastqc.html
[2022-08-05 11:11:39,331] multiqc                                            [DEBUG  ]  Ignoring file as matched an ignore pattern: 12572_H3WL3BCXX-2_R1p.fastq.gz
[2022-08-05 11:11:39,490] multiqc                                            [DEBUG  ]  File ignored by ccs/v4 because it exceeded search pattern filesize limit: 12572_H3WL3BCXX-2_R1R2u_fastqc.html
[2022-08-05 11:11:39,504] multiqc                                            [DEBUG  ]  File ignored by hicexplorer because it exceeded search pattern filesize limit: 12572_H3WL3BCXX-2_R1R2u_fastqc.html
[2022-08-05 11:11:39,505] multiqc                                            [DEBUG  ]  File ignored by nanostat because it exceeded search pattern filesize limit: 12572_H3WL3BCXX-2_R1R2u_fastqc.html
[2022-08-05 11:11:39,505] multiqc                                            [DEBUG  ]  File ignored by lima/summary because it exceeded search pattern filesize limit: 12572_H3WL3BCXX-2_R1R2u_fastqc.html
[2022-08-05 11:11:39,524] multiqc                                            [DEBUG  ]  File ignored by vep/vep_txt because it exceeded search pattern filesize limit: 12572_H3WL3BCXX-2_R1R2u_fastqc.html
[2022-08-05 11:11:39,524] multiqc                                            [DEBUG  ]  File ignored by longranger/invocation because it exceeded search pattern filesize limit: 12572_H3WL3BCXX-2_R1R2u_fastqc.html
[2022-08-05 11:11:39,524] multiqc                                            [DEBUG  ]  File ignored by rockhopper because it exceeded search pattern filesize limit: 12572_H3WL3BCXX-2_R1R2u_fastqc.html
[2022-08-05 11:11:39,524] multiqc                                            [DEBUG  ]  File ignored by rseqc/bam_stat because it exceeded search pattern filesize limit: 12572_H3WL3BCXX-2_R1R2u_fastqc.html
[2022-08-05 11:11:39,524] multiqc                                            [DEBUG  ]  File ignored by rseqc/junction_annotation because it exceeded search pattern filesize limit: 12572_H3WL3BCXX-2_R1R2u_fastqc.html
[2022-08-05 11:11:39,524] multiqc                                            [DEBUG  ]  File ignored by rseqc/read_distribution because it exceeded search pattern filesize limit: 12572_H3WL3BCXX-2_R1R2u_fastqc.html
[2022-08-05 11:11:39,525] multiqc                                            [DEBUG  ]  File ignored by rseqc/infer_experiment because it exceeded search pattern filesize limit: 12572_H3WL3BCXX-2_R1R2u_fastqc.html
[2022-08-05 11:11:39,880] multiqc                                            [DEBUG  ]  Ignoring file as matched an ignore pattern: 12572_H3WL3BCXX-2_R1R2u.fastq.gz
[2022-08-05 11:11:40,021] multiqc                                            [DEBUG  ]  File ignored by ccs/v4 because it exceeded search pattern filesize limit: 12572_H3WL3BCXX-2_R2p_fastqc.html
[2022-08-05 11:11:40,029] multiqc                                            [DEBUG  ]  File ignored by hicexplorer because it exceeded search pattern filesize limit: 12572_H3WL3BCXX-2_R2p_fastqc.html
[2022-08-05 11:11:40,030] multiqc                                            [DEBUG  ]  File ignored by nanostat because it exceeded search pattern filesize limit: 12572_H3WL3BCXX-2_R2p_fastqc.html
[2022-08-05 11:11:40,030] multiqc                                            [DEBUG  ]  File ignored by lima/summary because it exceeded search pattern filesize limit: 12572_H3WL3BCXX-2_R2p_fastqc.html
[2022-08-05 11:11:40,044] multiqc                                            [DEBUG  ]  File ignored by vep/vep_txt because it exceeded search pattern filesize limit: 12572_H3WL3BCXX-2_R2p_fastqc.html
[2022-08-05 11:11:40,044] multiqc                                            [DEBUG  ]  File ignored by longranger/invocation because it exceeded search pattern filesize limit: 12572_H3WL3BCXX-2_R2p_fastqc.html
[2022-08-05 11:11:40,045] multiqc                                            [DEBUG  ]  File ignored by rockhopper because it exceeded search pattern filesize limit: 12572_H3WL3BCXX-2_R2p_fastqc.html
[2022-08-05 11:11:40,045] multiqc                                            [DEBUG  ]  File ignored by rseqc/bam_stat because it exceeded search pattern filesize limit: 12572_H3WL3BCXX-2_R2p_fastqc.html
[2022-08-05 11:11:40,045] multiqc                                            [DEBUG  ]  File ignored by rseqc/junction_annotation because it exceeded search pattern filesize limit: 12572_H3WL3BCXX-2_R2p_fastqc.html
[2022-08-05 11:11:40,045] multiqc                                            [DEBUG  ]  File ignored by rseqc/read_distribution because it exceeded search pattern filesize limit: 12572_H3WL3BCXX-2_R2p_fastqc.html
[2022-08-05 11:11:40,045] multiqc                                            [DEBUG  ]  File ignored by rseqc/infer_experiment because it exceeded search pattern filesize limit: 12572_H3WL3BCXX-2_R2p_fastqc.html
[2022-08-05 11:11:40,500] multiqc                                            [DEBUG  ]  Ignoring file as matched an ignore pattern: 12572_H3WL3BCXX-2_R2p.fastq.gz
[2022-08-05 11:11:40,501] multiqc                                            [DEBUG  ]  Ignoring file as matched an ignore pattern: 12572_QCreads.md5
[2022-08-05 11:11:43,917] multiqc.plots.bargraph                             [DEBUG  ]  Using matplotlib version 3.3.4
[2022-08-05 11:11:43,924] multiqc.plots.linegraph                            [DEBUG  ]  Using matplotlib version 3.3.4
[2022-08-05 11:11:43,937] multiqc                                            [DEBUG  ]  No samples found: custom_content
[2022-08-05 11:11:43,953] multiqc                                            [DEBUG  ]  No samples found: ccs
[2022-08-05 11:11:43,980] multiqc                                            [DEBUG  ]  No samples found: ngsderive
[2022-08-05 11:11:43,994] multiqc                                            [DEBUG  ]  No samples found: purple
[2022-08-05 11:11:44,016] multiqc                                            [DEBUG  ]  No samples found: conpair
[2022-08-05 11:11:44,041] multiqc                                            [DEBUG  ]  No samples found: lima
[2022-08-05 11:11:44,061] multiqc                                            [DEBUG  ]  No samples found: peddy
[2022-08-05 11:11:44,080] multiqc                                            [DEBUG  ]  No samples found: somalier
[2022-08-05 11:11:44,554] multiqc                                            [DEBUG  ]  No samples found: methylQA
[2022-08-05 11:11:44,599] multiqc.modules.mosdepth.mosdepth                  [DEBUG  ]  include_contigs: []
[2022-08-05 11:11:44,599] multiqc.modules.mosdepth.mosdepth                  [DEBUG  ]  exclude_contigs: []
[2022-08-05 11:11:44,599] multiqc                                            [DEBUG  ]  No samples found: mosdepth
[2022-08-05 11:11:44,611] multiqc                                            [DEBUG  ]  No samples found: phantompeakqualtools
[2022-08-05 11:11:44,617] multiqc                                            [DEBUG  ]  No samples found: qualimap
[2022-08-05 11:11:44,859] multiqc                                            [DEBUG  ]  No samples found: preseq
[2022-08-05 11:11:44,868] multiqc                                            [DEBUG  ]  No samples found: quast
[2022-08-05 11:11:44,874] multiqc                                            [DEBUG  ]  No samples found: qorts
[2022-08-05 11:11:44,880] multiqc                                            [DEBUG  ]  No samples found: rna_seqc
[2022-08-05 11:11:44,886] multiqc                                            [DEBUG  ]  No samples found: rockhopper
[2022-08-05 11:11:44,890] multiqc                                            [DEBUG  ]  No samples found: rsem
[2022-08-05 11:11:45,140] multiqc                                            [DEBUG  ]  No samples found: rseqc
[2022-08-05 11:11:45,145] multiqc                                            [DEBUG  ]  No samples found: busco
[2022-08-05 11:11:45,150] multiqc                                            [DEBUG  ]  No samples found: bustools
[2022-08-05 11:11:45,155] multiqc                                            [DEBUG  ]  No samples found: goleft_indexcov
[2022-08-05 11:11:45,161] multiqc                                            [DEBUG  ]  No samples found: gffcompare
[2022-08-05 11:11:45,166] multiqc                                            [DEBUG  ]  No samples found: disambiguate
[2022-08-05 11:11:45,173] multiqc                                            [DEBUG  ]  No samples found: supernova
[2022-08-05 11:11:45,195] multiqc                                            [DEBUG  ]  No samples found: deeptools
[2022-08-05 11:11:45,200] multiqc                                            [DEBUG  ]  No samples found: sargasso
[2022-08-05 11:11:45,205] multiqc                                            [DEBUG  ]  No samples found: verifybamid
[2022-08-05 11:11:45,212] multiqc                                            [DEBUG  ]  No samples found: mirtrace
[2022-08-05 11:11:45,217] multiqc                                            [DEBUG  ]  No samples found: happy
[2022-08-05 11:11:45,223] multiqc                                            [DEBUG  ]  No samples found: mirtop
[2022-08-05 11:11:45,230] multiqc                                            [DEBUG  ]  No samples found: sambamba
[2022-08-05 11:11:45,250] multiqc                                            [DEBUG  ]  No samples found: homer
[2022-08-05 11:11:45,264] multiqc                                            [DEBUG  ]  No samples found: hops
[2022-08-05 11:11:45,497] multiqc                                            [DEBUG  ]  No samples found: macs2
[2022-08-05 11:11:45,506] multiqc                                            [DEBUG  ]  No samples found: theta2
[2022-08-05 11:11:45,524] multiqc                                            [DEBUG  ]  No samples found: snpeff
[2022-08-05 11:11:45,564] multiqc                                            [DEBUG  ]  No samples found: gatk
[2022-08-05 11:11:45,584] multiqc                                            [DEBUG  ]  No samples found: htseq
[2022-08-05 11:11:45,618] multiqc                                            [DEBUG  ]  No samples found: bcftools
[2022-08-05 11:11:45,633] multiqc                                            [DEBUG  ]  No samples found: featureCounts
[2022-08-05 11:11:45,660] multiqc                                            [DEBUG  ]  No samples found: fgbio
[2022-08-05 11:11:45,961] multiqc                                            [DEBUG  ]  No samples found: dragen
[2022-08-05 11:11:45,966] multiqc                                            [DEBUG  ]  No samples found: dedup
[2022-08-05 11:11:45,971] multiqc                                            [DEBUG  ]  No samples found: damageprofiler
[2022-08-05 11:11:46,015] multiqc                                            [DEBUG  ]  No samples found: biobambam2
[2022-08-05 11:11:46,021] multiqc                                            [DEBUG  ]  No samples found: jcvi
[2022-08-05 11:11:46,026] multiqc                                            [DEBUG  ]  No samples found: mtnucratio
[2022-08-05 11:11:46,028] multiqc                                            [DEBUG  ]  No samples found: picard
[2022-08-05 11:11:46,036] multiqc                                            [DEBUG  ]  No samples found: vep
[2022-08-05 11:11:46,046] multiqc                                            [DEBUG  ]  No samples found: sentieon
[2022-08-05 11:11:46,051] multiqc                                            [DEBUG  ]  No samples found: prokka
[2022-08-05 11:11:46,059] multiqc                                            [DEBUG  ]  No samples found: qc3C
[2022-08-05 11:11:46,064] multiqc                                            [DEBUG  ]  No samples found: nanostat
[2022-08-05 11:11:46,069] multiqc                                            [DEBUG  ]  No samples found: samblaster
[2022-08-05 11:11:46,081] multiqc                                            [DEBUG  ]  No samples found: samtools
[2022-08-05 11:11:46,086] multiqc                                            [DEBUG  ]  No samples found: sexdeterrmine
[2022-08-05 11:11:46,321] multiqc                                            [DEBUG  ]  No samples found: eigenstratdatabasetools
[2022-08-05 11:11:46,328] multiqc                                            [DEBUG  ]  No samples found: bamtools
[2022-08-05 11:11:46,333] multiqc                                            [DEBUG  ]  No samples found: jellyfish
[2022-08-05 11:11:46,342] multiqc                                            [DEBUG  ]  No samples found: vcftools
[2022-08-05 11:11:46,347] multiqc                                            [DEBUG  ]  No samples found: longranger
[2022-08-05 11:11:46,353] multiqc                                            [DEBUG  ]  No samples found: stacks
[2022-08-05 11:11:46,358] multiqc                                            [DEBUG  ]  No samples found: varscan2
[2022-08-05 11:11:46,363] multiqc                                            [DEBUG  ]  No samples found: snippy
[2022-08-05 11:11:46,385] multiqc                                            [DEBUG  ]  No samples found: bbmap
[2022-08-05 11:11:46,392] multiqc                                            [DEBUG  ]  No samples found: bismark
[2022-08-05 11:11:46,400] multiqc                                            [DEBUG  ]  No samples found: biscuit
[2022-08-05 11:11:46,406] multiqc                                            [DEBUG  ]  No samples found: hicexplorer
[2022-08-05 11:11:46,411] multiqc                                            [DEBUG  ]  No samples found: hicup
[2022-08-05 11:11:46,417] multiqc                                            [DEBUG  ]  No samples found: hicpro
[2022-08-05 11:11:46,421] multiqc                                            [DEBUG  ]  No samples found: salmon
[2022-08-05 11:11:46,426] multiqc                                            [DEBUG  ]  No samples found: kallisto
[2022-08-05 11:11:46,433] multiqc                                            [DEBUG  ]  No samples found: slamdunk
[2022-08-05 11:11:46,438] multiqc                                            [DEBUG  ]  No samples found: star
[2022-08-05 11:11:46,443] multiqc                                            [DEBUG  ]  No samples found: hisat2
[2022-08-05 11:11:46,448] multiqc                                            [DEBUG  ]  No samples found: tophat
[2022-08-05 11:11:46,453] multiqc                                            [DEBUG  ]  No samples found: bowtie2
[2022-08-05 11:11:46,458] multiqc                                            [DEBUG  ]  No samples found: bowtie1
[2022-08-05 11:11:46,463] multiqc                                            [DEBUG  ]  No samples found: snpsplit
[2022-08-05 11:11:46,468] multiqc                                            [DEBUG  ]  No samples found: odgi
[2022-08-05 11:11:46,474] multiqc                                            [DEBUG  ]  No samples found: pangolin
[2022-08-05 11:11:46,479] multiqc                                            [DEBUG  ]  No samples found: kat
[2022-08-05 11:11:46,483] multiqc                                            [DEBUG  ]  No samples found: leehom
[2022-08-05 11:11:46,488] multiqc                                            [DEBUG  ]  No samples found: adapterRemoval
[2022-08-05 11:11:46,493] multiqc                                            [DEBUG  ]  No samples found: clipandmerge
[2022-08-05 11:11:46,498] multiqc                                            [DEBUG  ]  No samples found: cutadapt
[2022-08-05 11:11:46,504] multiqc                                            [DEBUG  ]  No samples found: flexbar
[2022-08-05 11:11:46,509] multiqc                                            [DEBUG  ]  No samples found: kaiju
[2022-08-05 11:11:46,515] multiqc                                            [DEBUG  ]  No samples found: kraken
[2022-08-05 11:11:46,521] multiqc                                            [DEBUG  ]  No samples found: malt
[2022-08-05 11:11:46,525] multiqc                                            [DEBUG  ]  No samples found: trimmomatic
[2022-08-05 11:11:46,530] multiqc                                            [DEBUG  ]  No samples found: sickle
[2022-08-05 11:11:46,535] multiqc                                            [DEBUG  ]  No samples found: skewer
[2022-08-05 11:11:46,539] multiqc                                            [DEBUG  ]  No samples found: sortmerna
[2022-08-05 11:11:46,544] multiqc                                            [DEBUG  ]  No samples found: biobloomtools
[2022-08-05 11:11:46,550] multiqc                                            [DEBUG  ]  No samples found: fastq_screen
[2022-08-05 11:11:46,562] multiqc                                            [DEBUG  ]  No samples found: afterqc
[2022-08-05 11:11:46,584] multiqc                                            [DEBUG  ]  No samples found: fastp
[2022-08-05 11:11:46,993] multiqc.modules.fastqc.fastqc                      [INFO   ]  Found 4 reports
[2022-08-05 11:11:47,073] multiqc                                            [DEBUG  ]  No samples found: pychopper
[2022-08-05 11:11:47,078] multiqc                                            [DEBUG  ]  No samples found: pycoqc
[2022-08-05 11:11:47,313] multiqc                                            [DEBUG  ]  No samples found: minionqc
[2022-08-05 11:11:47,319] multiqc                                            [DEBUG  ]  No samples found: multivcfanalyzer
[2022-08-05 11:11:47,325] multiqc                                            [DEBUG  ]  No samples found: clusterflow
[2022-08-05 11:11:47,332] multiqc                                            [DEBUG  ]  No samples found: bcl2fastq
[2022-08-05 11:11:47,340] multiqc                                            [DEBUG  ]  No samples found: bclconvert
[2022-08-05 11:11:47,345] multiqc                                            [DEBUG  ]  No samples found: interop
[2022-08-05 11:11:47,351] multiqc                                            [DEBUG  ]  No samples found: ivar
[2022-08-05 11:11:47,356] multiqc                                            [DEBUG  ]  No samples found: flash
[2022-08-05 11:11:47,591] multiqc                                            [DEBUG  ]  No samples found: seqyclean
[2022-08-05 11:11:47,596] multiqc                                            [DEBUG  ]  No samples found: optitype
[2022-08-05 11:11:47,600] multiqc                                            [INFO   ]  Compressing plot data
[2022-08-05 11:12:07,618] multiqc                                            [INFO   ]  Report      : 12572_MGSD_CSIRO.qc.stats/multiqc_report.html
[2022-08-05 11:12:07,618] multiqc                                            [INFO   ]  Data        : 12572_MGSD_CSIRO.qc.stats/multiqc_data
[2022-08-05 11:12:07,618] multiqc                                            [DEBUG  ]  Moving data file from '/tmp/smi9a9.8585695/tmp23rdioc8/multiqc_data' to '12572_MGSD_CSIRO.qc.stats/multiqc_data'
[2022-08-05 11:12:08,097] multiqc                                            [INFO   ]  MultiQC complete
