[2022-08-05 11:02:07,436] multiqc                                            [DEBUG  ]  This is MultiQC v1.11
[2022-08-05 11:02:07,436] multiqc                                            [DEBUG  ]  No MultiQC config found: /apps/multiqc/1.11/lib/python3.9/site-packages/multiqc_config.yaml
[2022-08-05 11:02:07,436] multiqc                                            [DEBUG  ]  No MultiQC config found: /home/smi9a9/.multiqc_config.yaml
[2022-08-05 11:02:07,437] multiqc                                            [DEBUG  ]  No MultiQC config found: multiqc_config.yaml
[2022-08-05 11:02:07,437] multiqc                                            [DEBUG  ]  Command used: /apps/multiqc/1.11/bin/multiqc ./7896_combined_merged_fastqc.html ./7896_combined_merged_fastqc.zip ./7896_combined_merged.fastq.gz ./7896_combined_R1p_fastqc.html ./7896_combined_R1p_fastqc.zip ./7896_combined_R1p.fastq.gz ./7896_combined_R1R2u_fastqc.html ./7896_combined_R1R2u_fastqc.zip ./7896_combined_R1R2u.fastq.gz ./7896_combined_R2p_fastqc.html ./7896_combined_R2p_fastqc.zip ./7896_combined_R2p.fastq.gz ./7896_QCreads.md5 -o 7896_MGSD_CSIRO.qc.stats
[2022-08-05 11:02:07,439] multiqc                                            [DEBUG  ]  Could not connect to multiqc.info for version check: <urlopen error [Errno 111] Connection refused>
[2022-08-05 11:02:07,439] multiqc                                            [DEBUG  ]  Command     : /apps/multiqc/1.11/bin/multiqc ./7896_combined_merged_fastqc.html ./7896_combined_merged_fastqc.zip ./7896_combined_merged.fastq.gz ./7896_combined_R1p_fastqc.html ./7896_combined_R1p_fastqc.zip ./7896_combined_R1p.fastq.gz ./7896_combined_R1R2u_fastqc.html ./7896_combined_R1R2u_fastqc.zip ./7896_combined_R1R2u.fastq.gz ./7896_combined_R2p_fastqc.html ./7896_combined_R2p_fastqc.zip ./7896_combined_R2p.fastq.gz ./7896_QCreads.md5 -o 7896_MGSD_CSIRO.qc.stats
[2022-08-05 11:02:07,439] multiqc                                            [DEBUG  ]  Working dir : /datasets/work/oa-amd/work/amd/Metagenome_QC_reads
[2022-08-05 11:02:07,439] multiqc                                            [DEBUG  ]  Template    : default
[2022-08-05 11:02:07,439] multiqc                                            [DEBUG  ]  Running Python 3.9.4 (default, Apr 25 2021, 16:13:27)  [GCC 10.3.0]
[2022-08-05 11:02:07,439] multiqc                                            [DEBUG  ]  Analysing modules: custom_content, ccs, ngsderive, purple, conpair, lima, peddy, somalier, methylQA, mosdepth, phantompeakqualtools, qualimap, preseq, quast, qorts, rna_seqc, rockhopper, rsem, rseqc, busco, bustools, goleft_indexcov, gffcompare, disambiguate, supernova, deeptools, sargasso, verifybamid, mirtrace, happy, mirtop, sambamba, homer, hops, macs2, theta2, snpeff, gatk, htseq, bcftools, featureCounts, fgbio, dragen, dedup, damageprofiler, biobambam2, jcvi, mtnucratio, picard, vep, sentieon, prokka, qc3C, nanostat, samblaster, samtools, sexdeterrmine, eigenstratdatabasetools, bamtools, jellyfish, vcftools, longranger, stacks, varscan2, snippy, bbmap, bismark, biscuit, hicexplorer, hicup, hicpro, salmon, kallisto, slamdunk, star, hisat2, tophat, bowtie2, bowtie1, snpsplit, odgi, pangolin, kat, leehom, adapterRemoval, clipandmerge, cutadapt, flexbar, kaiju, kraken, malt, trimmomatic, sickle, skewer, sortmerna, biobloomtools, fastq_screen, afterqc, fastp, fastqc, pychopper, pycoqc, minionqc, multivcfanalyzer, clusterflow, bcl2fastq, bclconvert, interop, ivar, flash, seqyclean, optitype
[2022-08-05 11:02:07,439] multiqc                                            [DEBUG  ]  Using temporary directory for creating report: /tmp/smi9a9.8584717/tmp9tbx4b7d
[2022-08-05 11:02:07,707] multiqc                                            [INFO   ]  Search path : /datasets/work/oa-amd/work/amd/Metagenome_QC_reads/7896_combined_merged_fastqc.html
[2022-08-05 11:02:07,707] multiqc                                            [INFO   ]  Search path : /datasets/work/oa-amd/work/amd/Metagenome_QC_reads/7896_combined_merged_fastqc.zip
[2022-08-05 11:02:07,707] multiqc                                            [INFO   ]  Search path : /datasets/work/oa-amd/work/amd/Metagenome_QC_reads/7896_combined_merged.fastq.gz
[2022-08-05 11:02:07,707] multiqc                                            [INFO   ]  Search path : /datasets/work/oa-amd/work/amd/Metagenome_QC_reads/7896_combined_R1p_fastqc.html
[2022-08-05 11:02:07,707] multiqc                                            [INFO   ]  Search path : /datasets/work/oa-amd/work/amd/Metagenome_QC_reads/7896_combined_R1p_fastqc.zip
[2022-08-05 11:02:07,707] multiqc                                            [INFO   ]  Search path : /datasets/work/oa-amd/work/amd/Metagenome_QC_reads/7896_combined_R1p.fastq.gz
[2022-08-05 11:02:07,707] multiqc                                            [INFO   ]  Search path : /datasets/work/oa-amd/work/amd/Metagenome_QC_reads/7896_combined_R1R2u_fastqc.html
[2022-08-05 11:02:07,707] multiqc                                            [INFO   ]  Search path : /datasets/work/oa-amd/work/amd/Metagenome_QC_reads/7896_combined_R1R2u_fastqc.zip
[2022-08-05 11:02:07,707] multiqc                                            [INFO   ]  Search path : /datasets/work/oa-amd/work/amd/Metagenome_QC_reads/7896_combined_R1R2u.fastq.gz
[2022-08-05 11:02:07,707] multiqc                                            [INFO   ]  Search path : /datasets/work/oa-amd/work/amd/Metagenome_QC_reads/7896_combined_R2p_fastqc.html
[2022-08-05 11:02:07,707] multiqc                                            [INFO   ]  Search path : /datasets/work/oa-amd/work/amd/Metagenome_QC_reads/7896_combined_R2p_fastqc.zip
[2022-08-05 11:02:07,707] multiqc                                            [INFO   ]  Search path : /datasets/work/oa-amd/work/amd/Metagenome_QC_reads/7896_combined_R2p.fastq.gz
[2022-08-05 11:02:07,707] multiqc                                            [INFO   ]  Search path : /datasets/work/oa-amd/work/amd/Metagenome_QC_reads/7896_QCreads.md5
[2022-08-05 11:02:07,868] multiqc                                            [DEBUG  ]  File ignored by ccs/v4 because it exceeded search pattern filesize limit: 7896_combined_merged_fastqc.html
[2022-08-05 11:02:07,888] multiqc                                            [DEBUG  ]  File ignored by hicexplorer because it exceeded search pattern filesize limit: 7896_combined_merged_fastqc.html
[2022-08-05 11:02:07,889] multiqc                                            [DEBUG  ]  File ignored by nanostat because it exceeded search pattern filesize limit: 7896_combined_merged_fastqc.html
[2022-08-05 11:02:07,889] multiqc                                            [DEBUG  ]  File ignored by lima/summary because it exceeded search pattern filesize limit: 7896_combined_merged_fastqc.html
[2022-08-05 11:02:07,907] multiqc                                            [DEBUG  ]  File ignored by vep/vep_txt because it exceeded search pattern filesize limit: 7896_combined_merged_fastqc.html
[2022-08-05 11:02:07,908] multiqc                                            [DEBUG  ]  File ignored by longranger/invocation because it exceeded search pattern filesize limit: 7896_combined_merged_fastqc.html
[2022-08-05 11:02:07,908] multiqc                                            [DEBUG  ]  File ignored by rockhopper because it exceeded search pattern filesize limit: 7896_combined_merged_fastqc.html
[2022-08-05 11:02:07,908] multiqc                                            [DEBUG  ]  File ignored by rseqc/bam_stat because it exceeded search pattern filesize limit: 7896_combined_merged_fastqc.html
[2022-08-05 11:02:07,908] multiqc                                            [DEBUG  ]  File ignored by rseqc/junction_annotation because it exceeded search pattern filesize limit: 7896_combined_merged_fastqc.html
[2022-08-05 11:02:07,908] multiqc                                            [DEBUG  ]  File ignored by rseqc/read_distribution because it exceeded search pattern filesize limit: 7896_combined_merged_fastqc.html
[2022-08-05 11:02:07,908] multiqc                                            [DEBUG  ]  File ignored by rseqc/infer_experiment because it exceeded search pattern filesize limit: 7896_combined_merged_fastqc.html
[2022-08-05 11:02:08,008] multiqc                                            [DEBUG  ]  Ignoring file as matched an ignore pattern: 7896_combined_merged.fastq.gz
[2022-08-05 11:02:08,511] multiqc                                            [DEBUG  ]  File ignored by ccs/v4 because it exceeded search pattern filesize limit: 7896_combined_R1p_fastqc.html
[2022-08-05 11:02:08,765] multiqc                                            [DEBUG  ]  File ignored by hicexplorer because it exceeded search pattern filesize limit: 7896_combined_R1p_fastqc.html
[2022-08-05 11:02:08,766] multiqc                                            [DEBUG  ]  File ignored by nanostat because it exceeded search pattern filesize limit: 7896_combined_R1p_fastqc.html
[2022-08-05 11:02:08,766] multiqc                                            [DEBUG  ]  File ignored by lima/summary because it exceeded search pattern filesize limit: 7896_combined_R1p_fastqc.html
[2022-08-05 11:02:08,783] multiqc                                            [DEBUG  ]  File ignored by vep/vep_txt because it exceeded search pattern filesize limit: 7896_combined_R1p_fastqc.html
[2022-08-05 11:02:08,783] multiqc                                            [DEBUG  ]  File ignored by longranger/invocation because it exceeded search pattern filesize limit: 7896_combined_R1p_fastqc.html
[2022-08-05 11:02:08,783] multiqc                                            [DEBUG  ]  File ignored by rockhopper because it exceeded search pattern filesize limit: 7896_combined_R1p_fastqc.html
[2022-08-05 11:02:08,783] multiqc                                            [DEBUG  ]  File ignored by rseqc/bam_stat because it exceeded search pattern filesize limit: 7896_combined_R1p_fastqc.html
[2022-08-05 11:02:08,783] multiqc                                            [DEBUG  ]  File ignored by rseqc/junction_annotation because it exceeded search pattern filesize limit: 7896_combined_R1p_fastqc.html
[2022-08-05 11:02:08,783] multiqc                                            [DEBUG  ]  File ignored by rseqc/read_distribution because it exceeded search pattern filesize limit: 7896_combined_R1p_fastqc.html
[2022-08-05 11:02:08,783] multiqc                                            [DEBUG  ]  File ignored by rseqc/infer_experiment because it exceeded search pattern filesize limit: 7896_combined_R1p_fastqc.html
[2022-08-05 11:02:08,868] multiqc                                            [DEBUG  ]  Ignoring file as matched an ignore pattern: 7896_combined_R1p.fastq.gz
[2022-08-05 11:02:09,140] multiqc                                            [DEBUG  ]  File ignored by ccs/v4 because it exceeded search pattern filesize limit: 7896_combined_R1R2u_fastqc.html
[2022-08-05 11:02:09,151] multiqc                                            [DEBUG  ]  File ignored by hicexplorer because it exceeded search pattern filesize limit: 7896_combined_R1R2u_fastqc.html
[2022-08-05 11:02:09,152] multiqc                                            [DEBUG  ]  File ignored by nanostat because it exceeded search pattern filesize limit: 7896_combined_R1R2u_fastqc.html
[2022-08-05 11:02:09,152] multiqc                                            [DEBUG  ]  File ignored by lima/summary because it exceeded search pattern filesize limit: 7896_combined_R1R2u_fastqc.html
[2022-08-05 11:02:09,188] multiqc                                            [DEBUG  ]  File ignored by vep/vep_txt because it exceeded search pattern filesize limit: 7896_combined_R1R2u_fastqc.html
[2022-08-05 11:02:09,188] multiqc                                            [DEBUG  ]  File ignored by longranger/invocation because it exceeded search pattern filesize limit: 7896_combined_R1R2u_fastqc.html
[2022-08-05 11:02:09,188] multiqc                                            [DEBUG  ]  File ignored by rockhopper because it exceeded search pattern filesize limit: 7896_combined_R1R2u_fastqc.html
[2022-08-05 11:02:09,188] multiqc                                            [DEBUG  ]  File ignored by rseqc/bam_stat because it exceeded search pattern filesize limit: 7896_combined_R1R2u_fastqc.html
[2022-08-05 11:02:09,188] multiqc                                            [DEBUG  ]  File ignored by rseqc/junction_annotation because it exceeded search pattern filesize limit: 7896_combined_R1R2u_fastqc.html
[2022-08-05 11:02:09,188] multiqc                                            [DEBUG  ]  File ignored by rseqc/read_distribution because it exceeded search pattern filesize limit: 7896_combined_R1R2u_fastqc.html
[2022-08-05 11:02:09,188] multiqc                                            [DEBUG  ]  File ignored by rseqc/infer_experiment because it exceeded search pattern filesize limit: 7896_combined_R1R2u_fastqc.html
[2022-08-05 11:02:09,252] multiqc                                            [DEBUG  ]  Ignoring file as matched an ignore pattern: 7896_combined_R1R2u.fastq.gz
[2022-08-05 11:02:09,531] multiqc                                            [DEBUG  ]  File ignored by ccs/v4 because it exceeded search pattern filesize limit: 7896_combined_R2p_fastqc.html
[2022-08-05 11:02:09,540] multiqc                                            [DEBUG  ]  File ignored by hicexplorer because it exceeded search pattern filesize limit: 7896_combined_R2p_fastqc.html
[2022-08-05 11:02:09,540] multiqc                                            [DEBUG  ]  File ignored by nanostat because it exceeded search pattern filesize limit: 7896_combined_R2p_fastqc.html
[2022-08-05 11:02:09,540] multiqc                                            [DEBUG  ]  File ignored by lima/summary because it exceeded search pattern filesize limit: 7896_combined_R2p_fastqc.html
[2022-08-05 11:02:09,558] multiqc                                            [DEBUG  ]  File ignored by vep/vep_txt because it exceeded search pattern filesize limit: 7896_combined_R2p_fastqc.html
[2022-08-05 11:02:09,558] multiqc                                            [DEBUG  ]  File ignored by longranger/invocation because it exceeded search pattern filesize limit: 7896_combined_R2p_fastqc.html
[2022-08-05 11:02:09,558] multiqc                                            [DEBUG  ]  File ignored by rockhopper because it exceeded search pattern filesize limit: 7896_combined_R2p_fastqc.html
[2022-08-05 11:02:09,558] multiqc                                            [DEBUG  ]  File ignored by rseqc/bam_stat because it exceeded search pattern filesize limit: 7896_combined_R2p_fastqc.html
[2022-08-05 11:02:09,558] multiqc                                            [DEBUG  ]  File ignored by rseqc/junction_annotation because it exceeded search pattern filesize limit: 7896_combined_R2p_fastqc.html
[2022-08-05 11:02:09,558] multiqc                                            [DEBUG  ]  File ignored by rseqc/read_distribution because it exceeded search pattern filesize limit: 7896_combined_R2p_fastqc.html
[2022-08-05 11:02:09,558] multiqc                                            [DEBUG  ]  File ignored by rseqc/infer_experiment because it exceeded search pattern filesize limit: 7896_combined_R2p_fastqc.html
[2022-08-05 11:02:09,650] multiqc                                            [DEBUG  ]  Ignoring file as matched an ignore pattern: 7896_combined_R2p.fastq.gz
[2022-08-05 11:02:09,650] multiqc                                            [DEBUG  ]  Ignoring file as matched an ignore pattern: 7896_QCreads.md5
[2022-08-05 11:02:11,401] multiqc.plots.bargraph                             [DEBUG  ]  Using matplotlib version 3.3.4
[2022-08-05 11:02:11,405] multiqc.plots.linegraph                            [DEBUG  ]  Using matplotlib version 3.3.4
[2022-08-05 11:02:11,408] multiqc                                            [DEBUG  ]  No samples found: custom_content
[2022-08-05 11:02:11,413] multiqc                                            [DEBUG  ]  No samples found: ccs
[2022-08-05 11:02:11,420] multiqc                                            [DEBUG  ]  No samples found: ngsderive
[2022-08-05 11:02:11,424] multiqc                                            [DEBUG  ]  No samples found: purple
[2022-08-05 11:02:11,429] multiqc                                            [DEBUG  ]  No samples found: conpair
[2022-08-05 11:02:11,435] multiqc                                            [DEBUG  ]  No samples found: lima
[2022-08-05 11:02:11,440] multiqc                                            [DEBUG  ]  No samples found: peddy
[2022-08-05 11:02:11,449] multiqc                                            [DEBUG  ]  No samples found: somalier
[2022-08-05 11:02:11,453] multiqc                                            [DEBUG  ]  No samples found: methylQA
[2022-08-05 11:02:11,463] multiqc.modules.mosdepth.mosdepth                  [DEBUG  ]  include_contigs: []
[2022-08-05 11:02:11,463] multiqc.modules.mosdepth.mosdepth                  [DEBUG  ]  exclude_contigs: []
[2022-08-05 11:02:11,463] multiqc                                            [DEBUG  ]  No samples found: mosdepth
[2022-08-05 11:02:11,467] multiqc                                            [DEBUG  ]  No samples found: phantompeakqualtools
[2022-08-05 11:02:11,470] multiqc                                            [DEBUG  ]  No samples found: qualimap
[2022-08-05 11:02:11,476] multiqc                                            [DEBUG  ]  No samples found: preseq
[2022-08-05 11:02:11,481] multiqc                                            [DEBUG  ]  No samples found: quast
[2022-08-05 11:02:11,487] multiqc                                            [DEBUG  ]  No samples found: qorts
[2022-08-05 11:02:11,495] multiqc                                            [DEBUG  ]  No samples found: rna_seqc
[2022-08-05 11:02:11,499] multiqc                                            [DEBUG  ]  No samples found: rockhopper
[2022-08-05 11:02:11,503] multiqc                                            [DEBUG  ]  No samples found: rsem
[2022-08-05 11:02:11,519] multiqc                                            [DEBUG  ]  No samples found: rseqc
[2022-08-05 11:02:11,523] multiqc                                            [DEBUG  ]  No samples found: busco
[2022-08-05 11:02:11,527] multiqc                                            [DEBUG  ]  No samples found: bustools
[2022-08-05 11:02:11,532] multiqc                                            [DEBUG  ]  No samples found: goleft_indexcov
[2022-08-05 11:02:11,537] multiqc                                            [DEBUG  ]  No samples found: gffcompare
[2022-08-05 11:02:11,542] multiqc                                            [DEBUG  ]  No samples found: disambiguate
[2022-08-05 11:02:11,547] multiqc                                            [DEBUG  ]  No samples found: supernova
[2022-08-05 11:02:11,564] multiqc                                            [DEBUG  ]  No samples found: deeptools
[2022-08-05 11:02:11,568] multiqc                                            [DEBUG  ]  No samples found: sargasso
[2022-08-05 11:02:11,573] multiqc                                            [DEBUG  ]  No samples found: verifybamid
[2022-08-05 11:02:11,578] multiqc                                            [DEBUG  ]  No samples found: mirtrace
[2022-08-05 11:02:11,583] multiqc                                            [DEBUG  ]  No samples found: happy
[2022-08-05 11:02:11,588] multiqc                                            [DEBUG  ]  No samples found: mirtop
[2022-08-05 11:02:11,593] multiqc                                            [DEBUG  ]  No samples found: sambamba
[2022-08-05 11:02:11,601] multiqc                                            [DEBUG  ]  No samples found: homer
[2022-08-05 11:02:11,606] multiqc                                            [DEBUG  ]  No samples found: hops
[2022-08-05 11:02:11,611] multiqc                                            [DEBUG  ]  No samples found: macs2
[2022-08-05 11:02:11,615] multiqc                                            [DEBUG  ]  No samples found: theta2
[2022-08-05 11:02:11,621] multiqc                                            [DEBUG  ]  No samples found: snpeff
[2022-08-05 11:02:11,631] multiqc                                            [DEBUG  ]  No samples found: gatk
[2022-08-05 11:02:11,687] multiqc                                            [DEBUG  ]  No samples found: htseq
[2022-08-05 11:02:11,695] multiqc                                            [DEBUG  ]  No samples found: bcftools
[2022-08-05 11:02:11,700] multiqc                                            [DEBUG  ]  No samples found: featureCounts
[2022-08-05 11:02:11,708] multiqc                                            [DEBUG  ]  No samples found: fgbio
[2022-08-05 11:02:12,007] multiqc                                            [DEBUG  ]  No samples found: dragen
[2022-08-05 11:02:12,011] multiqc                                            [DEBUG  ]  No samples found: dedup
[2022-08-05 11:02:12,016] multiqc                                            [DEBUG  ]  No samples found: damageprofiler
[2022-08-05 11:02:12,285] multiqc                                            [DEBUG  ]  No samples found: biobambam2
[2022-08-05 11:02:12,290] multiqc                                            [DEBUG  ]  No samples found: jcvi
[2022-08-05 11:02:12,295] multiqc                                            [DEBUG  ]  No samples found: mtnucratio
[2022-08-05 11:02:12,297] multiqc                                            [DEBUG  ]  No samples found: picard
[2022-08-05 11:02:12,302] multiqc                                            [DEBUG  ]  No samples found: vep
[2022-08-05 11:02:12,310] multiqc                                            [DEBUG  ]  No samples found: sentieon
[2022-08-05 11:02:12,314] multiqc                                            [DEBUG  ]  No samples found: prokka
[2022-08-05 11:02:12,321] multiqc                                            [DEBUG  ]  No samples found: qc3C
[2022-08-05 11:02:12,326] multiqc                                            [DEBUG  ]  No samples found: nanostat
[2022-08-05 11:02:12,537] multiqc                                            [DEBUG  ]  No samples found: samblaster
[2022-08-05 11:02:12,779] multiqc                                            [DEBUG  ]  No samples found: samtools
[2022-08-05 11:02:12,784] multiqc                                            [DEBUG  ]  No samples found: sexdeterrmine
[2022-08-05 11:02:12,789] multiqc                                            [DEBUG  ]  No samples found: eigenstratdatabasetools
[2022-08-05 11:02:13,255] multiqc                                            [DEBUG  ]  No samples found: bamtools
[2022-08-05 11:02:13,260] multiqc                                            [DEBUG  ]  No samples found: jellyfish
[2022-08-05 11:02:13,270] multiqc                                            [DEBUG  ]  No samples found: vcftools
[2022-08-05 11:02:13,276] multiqc                                            [DEBUG  ]  No samples found: longranger
[2022-08-05 11:02:13,282] multiqc                                            [DEBUG  ]  No samples found: stacks
[2022-08-05 11:02:13,518] multiqc                                            [DEBUG  ]  No samples found: varscan2
[2022-08-05 11:02:13,523] multiqc                                            [DEBUG  ]  No samples found: snippy
[2022-08-05 11:02:13,725] multiqc                                            [DEBUG  ]  No samples found: bbmap
[2022-08-05 11:02:13,734] multiqc                                            [DEBUG  ]  No samples found: bismark
[2022-08-05 11:02:13,894] multiqc                                            [DEBUG  ]  No samples found: biscuit
[2022-08-05 11:02:13,899] multiqc                                            [DEBUG  ]  No samples found: hicexplorer
[2022-08-05 11:02:13,904] multiqc                                            [DEBUG  ]  No samples found: hicup
[2022-08-05 11:02:13,909] multiqc                                            [DEBUG  ]  No samples found: hicpro
[2022-08-05 11:02:13,914] multiqc                                            [DEBUG  ]  No samples found: salmon
[2022-08-05 11:02:13,972] multiqc                                            [DEBUG  ]  No samples found: kallisto
[2022-08-05 11:02:13,978] multiqc                                            [DEBUG  ]  No samples found: slamdunk
[2022-08-05 11:02:13,983] multiqc                                            [DEBUG  ]  No samples found: star
[2022-08-05 11:02:13,988] multiqc                                            [DEBUG  ]  No samples found: hisat2
[2022-08-05 11:02:13,992] multiqc                                            [DEBUG  ]  No samples found: tophat
[2022-08-05 11:02:13,997] multiqc                                            [DEBUG  ]  No samples found: bowtie2
[2022-08-05 11:02:14,005] multiqc                                            [DEBUG  ]  No samples found: bowtie1
[2022-08-05 11:02:14,013] multiqc                                            [DEBUG  ]  No samples found: snpsplit
[2022-08-05 11:02:14,019] multiqc                                            [DEBUG  ]  No samples found: odgi
[2022-08-05 11:02:14,024] multiqc                                            [DEBUG  ]  No samples found: pangolin
[2022-08-05 11:02:14,028] multiqc                                            [DEBUG  ]  No samples found: kat
[2022-08-05 11:02:14,032] multiqc                                            [DEBUG  ]  No samples found: leehom
[2022-08-05 11:02:14,037] multiqc                                            [DEBUG  ]  No samples found: adapterRemoval
[2022-08-05 11:02:14,041] multiqc                                            [DEBUG  ]  No samples found: clipandmerge
[2022-08-05 11:02:14,047] multiqc                                            [DEBUG  ]  No samples found: cutadapt
[2022-08-05 11:02:14,051] multiqc                                            [DEBUG  ]  No samples found: flexbar
[2022-08-05 11:02:14,057] multiqc                                            [DEBUG  ]  No samples found: kaiju
[2022-08-05 11:02:14,062] multiqc                                            [DEBUG  ]  No samples found: kraken
[2022-08-05 11:02:14,067] multiqc                                            [DEBUG  ]  No samples found: malt
[2022-08-05 11:02:14,072] multiqc                                            [DEBUG  ]  No samples found: trimmomatic
[2022-08-05 11:02:14,076] multiqc                                            [DEBUG  ]  No samples found: sickle
[2022-08-05 11:02:14,081] multiqc                                            [DEBUG  ]  No samples found: skewer
[2022-08-05 11:02:14,086] multiqc                                            [DEBUG  ]  No samples found: sortmerna
[2022-08-05 11:02:14,090] multiqc                                            [DEBUG  ]  No samples found: biobloomtools
[2022-08-05 11:02:14,133] multiqc                                            [DEBUG  ]  No samples found: fastq_screen
[2022-08-05 11:02:14,138] multiqc                                            [DEBUG  ]  No samples found: afterqc
[2022-08-05 11:02:14,167] multiqc                                            [DEBUG  ]  No samples found: fastp
[2022-08-05 11:02:14,746] multiqc.modules.fastqc.fastqc                      [INFO   ]  Found 4 reports
[2022-08-05 11:02:14,800] multiqc                                            [DEBUG  ]  No samples found: pychopper
[2022-08-05 11:02:14,806] multiqc                                            [DEBUG  ]  No samples found: pycoqc
[2022-08-05 11:02:14,811] multiqc                                            [DEBUG  ]  No samples found: minionqc
[2022-08-05 11:02:14,816] multiqc                                            [DEBUG  ]  No samples found: multivcfanalyzer
[2022-08-05 11:02:14,821] multiqc                                            [DEBUG  ]  No samples found: clusterflow
[2022-08-05 11:02:14,907] multiqc                                            [DEBUG  ]  No samples found: bcl2fastq
[2022-08-05 11:02:14,914] multiqc                                            [DEBUG  ]  No samples found: bclconvert
[2022-08-05 11:02:14,919] multiqc                                            [DEBUG  ]  No samples found: interop
[2022-08-05 11:02:14,923] multiqc                                            [DEBUG  ]  No samples found: ivar
[2022-08-05 11:02:14,928] multiqc                                            [DEBUG  ]  No samples found: flash
[2022-08-05 11:02:14,933] multiqc                                            [DEBUG  ]  No samples found: seqyclean
[2022-08-05 11:02:14,937] multiqc                                            [DEBUG  ]  No samples found: optitype
[2022-08-05 11:02:14,941] multiqc                                            [INFO   ]  Compressing plot data
[2022-08-05 11:02:15,446] multiqc                                            [INFO   ]  Report      : 7896_MGSD_CSIRO.qc.stats/multiqc_report.html
[2022-08-05 11:02:15,446] multiqc                                            [INFO   ]  Data        : 7896_MGSD_CSIRO.qc.stats/multiqc_data
[2022-08-05 11:02:15,446] multiqc                                            [DEBUG  ]  Moving data file from '/tmp/smi9a9.8584717/tmp9tbx4b7d/multiqc_data' to '7896_MGSD_CSIRO.qc.stats/multiqc_data'
[2022-08-05 11:02:16,418] multiqc                                            [INFO   ]  MultiQC complete
