[2022-08-05 11:03:19,836] multiqc                                            [DEBUG  ]  This is MultiQC v1.11
[2022-08-05 11:03:19,836] multiqc                                            [DEBUG  ]  No MultiQC config found: /apps/multiqc/1.11/lib/python3.9/site-packages/multiqc_config.yaml
[2022-08-05 11:03:19,836] multiqc                                            [DEBUG  ]  No MultiQC config found: /home/smi9a9/.multiqc_config.yaml
[2022-08-05 11:03:19,838] multiqc                                            [DEBUG  ]  No MultiQC config found: multiqc_config.yaml
[2022-08-05 11:03:19,838] multiqc                                            [DEBUG  ]  Command used: /apps/multiqc/1.11/bin/multiqc ./10720_HFLF3BCXX-2_merged_fastqc.html ./10720_HFLF3BCXX-2_merged_fastqc.zip ./10720_HFLF3BCXX-2_merged.fastq.gz ./10720_HFLF3BCXX-2_R1p_fastqc.html ./10720_HFLF3BCXX-2_R1p_fastqc.zip ./10720_HFLF3BCXX-2_R1p.fastq.gz ./10720_HFLF3BCXX-2_R1R2u_fastqc.html ./10720_HFLF3BCXX-2_R1R2u_fastqc.zip ./10720_HFLF3BCXX-2_R1R2u.fastq.gz ./10720_HFLF3BCXX-2_R2p_fastqc.html ./10720_HFLF3BCXX-2_R2p_fastqc.zip ./10720_HFLF3BCXX-2_R2p.fastq.gz ./10720_QCreads.md5 -o 10720_MGSD_CSIRO.qc.stats
[2022-08-05 11:03:19,840] multiqc                                            [DEBUG  ]  Could not connect to multiqc.info for version check: <urlopen error [Errno 111] Connection refused>
[2022-08-05 11:03:19,840] multiqc                                            [DEBUG  ]  Command     : /apps/multiqc/1.11/bin/multiqc ./10720_HFLF3BCXX-2_merged_fastqc.html ./10720_HFLF3BCXX-2_merged_fastqc.zip ./10720_HFLF3BCXX-2_merged.fastq.gz ./10720_HFLF3BCXX-2_R1p_fastqc.html ./10720_HFLF3BCXX-2_R1p_fastqc.zip ./10720_HFLF3BCXX-2_R1p.fastq.gz ./10720_HFLF3BCXX-2_R1R2u_fastqc.html ./10720_HFLF3BCXX-2_R1R2u_fastqc.zip ./10720_HFLF3BCXX-2_R1R2u.fastq.gz ./10720_HFLF3BCXX-2_R2p_fastqc.html ./10720_HFLF3BCXX-2_R2p_fastqc.zip ./10720_HFLF3BCXX-2_R2p.fastq.gz ./10720_QCreads.md5 -o 10720_MGSD_CSIRO.qc.stats
[2022-08-05 11:03:19,840] multiqc                                            [DEBUG  ]  Working dir : /datasets/work/oa-amd/work/amd/Metagenome_QC_reads
[2022-08-05 11:03:19,840] multiqc                                            [DEBUG  ]  Template    : default
[2022-08-05 11:03:19,841] multiqc                                            [DEBUG  ]  Running Python 3.9.4 (default, Apr 25 2021, 16:13:27)  [GCC 10.3.0]
[2022-08-05 11:03:19,841] multiqc                                            [DEBUG  ]  Analysing modules: custom_content, ccs, ngsderive, purple, conpair, lima, peddy, somalier, methylQA, mosdepth, phantompeakqualtools, qualimap, preseq, quast, qorts, rna_seqc, rockhopper, rsem, rseqc, busco, bustools, goleft_indexcov, gffcompare, disambiguate, supernova, deeptools, sargasso, verifybamid, mirtrace, happy, mirtop, sambamba, homer, hops, macs2, theta2, snpeff, gatk, htseq, bcftools, featureCounts, fgbio, dragen, dedup, damageprofiler, biobambam2, jcvi, mtnucratio, picard, vep, sentieon, prokka, qc3C, nanostat, samblaster, samtools, sexdeterrmine, eigenstratdatabasetools, bamtools, jellyfish, vcftools, longranger, stacks, varscan2, snippy, bbmap, bismark, biscuit, hicexplorer, hicup, hicpro, salmon, kallisto, slamdunk, star, hisat2, tophat, bowtie2, bowtie1, snpsplit, odgi, pangolin, kat, leehom, adapterRemoval, clipandmerge, cutadapt, flexbar, kaiju, kraken, malt, trimmomatic, sickle, skewer, sortmerna, biobloomtools, fastq_screen, afterqc, fastp, fastqc, pychopper, pycoqc, minionqc, multivcfanalyzer, clusterflow, bcl2fastq, bclconvert, interop, ivar, flash, seqyclean, optitype
[2022-08-05 11:03:19,841] multiqc                                            [DEBUG  ]  Using temporary directory for creating report: /tmp/smi9a9.8584565/tmp5m95aau6
[2022-08-05 11:03:19,904] multiqc                                            [INFO   ]  Search path : /datasets/work/oa-amd/work/amd/Metagenome_QC_reads/10720_HFLF3BCXX-2_merged_fastqc.html
[2022-08-05 11:03:19,904] multiqc                                            [INFO   ]  Search path : /datasets/work/oa-amd/work/amd/Metagenome_QC_reads/10720_HFLF3BCXX-2_merged_fastqc.zip
[2022-08-05 11:03:19,904] multiqc                                            [INFO   ]  Search path : /datasets/work/oa-amd/work/amd/Metagenome_QC_reads/10720_HFLF3BCXX-2_merged.fastq.gz
[2022-08-05 11:03:19,904] multiqc                                            [INFO   ]  Search path : /datasets/work/oa-amd/work/amd/Metagenome_QC_reads/10720_HFLF3BCXX-2_R1p_fastqc.html
[2022-08-05 11:03:19,904] multiqc                                            [INFO   ]  Search path : /datasets/work/oa-amd/work/amd/Metagenome_QC_reads/10720_HFLF3BCXX-2_R1p_fastqc.zip
[2022-08-05 11:03:19,904] multiqc                                            [INFO   ]  Search path : /datasets/work/oa-amd/work/amd/Metagenome_QC_reads/10720_HFLF3BCXX-2_R1p.fastq.gz
[2022-08-05 11:03:19,904] multiqc                                            [INFO   ]  Search path : /datasets/work/oa-amd/work/amd/Metagenome_QC_reads/10720_HFLF3BCXX-2_R1R2u_fastqc.html
[2022-08-05 11:03:19,904] multiqc                                            [INFO   ]  Search path : /datasets/work/oa-amd/work/amd/Metagenome_QC_reads/10720_HFLF3BCXX-2_R1R2u_fastqc.zip
[2022-08-05 11:03:19,904] multiqc                                            [INFO   ]  Search path : /datasets/work/oa-amd/work/amd/Metagenome_QC_reads/10720_HFLF3BCXX-2_R1R2u.fastq.gz
[2022-08-05 11:03:19,904] multiqc                                            [INFO   ]  Search path : /datasets/work/oa-amd/work/amd/Metagenome_QC_reads/10720_HFLF3BCXX-2_R2p_fastqc.html
[2022-08-05 11:03:19,904] multiqc                                            [INFO   ]  Search path : /datasets/work/oa-amd/work/amd/Metagenome_QC_reads/10720_HFLF3BCXX-2_R2p_fastqc.zip
[2022-08-05 11:03:19,904] multiqc                                            [INFO   ]  Search path : /datasets/work/oa-amd/work/amd/Metagenome_QC_reads/10720_HFLF3BCXX-2_R2p.fastq.gz
[2022-08-05 11:03:19,904] multiqc                                            [INFO   ]  Search path : /datasets/work/oa-amd/work/amd/Metagenome_QC_reads/10720_QCreads.md5
[2022-08-05 11:03:19,997] multiqc                                            [DEBUG  ]  File ignored by ccs/v4 because it exceeded search pattern filesize limit: 10720_HFLF3BCXX-2_merged_fastqc.html
[2022-08-05 11:03:20,014] multiqc                                            [DEBUG  ]  File ignored by hicexplorer because it exceeded search pattern filesize limit: 10720_HFLF3BCXX-2_merged_fastqc.html
[2022-08-05 11:03:20,016] multiqc                                            [DEBUG  ]  File ignored by nanostat because it exceeded search pattern filesize limit: 10720_HFLF3BCXX-2_merged_fastqc.html
[2022-08-05 11:03:20,016] multiqc                                            [DEBUG  ]  File ignored by lima/summary because it exceeded search pattern filesize limit: 10720_HFLF3BCXX-2_merged_fastqc.html
[2022-08-05 11:03:20,091] multiqc                                            [DEBUG  ]  File ignored by vep/vep_txt because it exceeded search pattern filesize limit: 10720_HFLF3BCXX-2_merged_fastqc.html
[2022-08-05 11:03:20,091] multiqc                                            [DEBUG  ]  File ignored by longranger/invocation because it exceeded search pattern filesize limit: 10720_HFLF3BCXX-2_merged_fastqc.html
[2022-08-05 11:03:20,091] multiqc                                            [DEBUG  ]  File ignored by rockhopper because it exceeded search pattern filesize limit: 10720_HFLF3BCXX-2_merged_fastqc.html
[2022-08-05 11:03:20,091] multiqc                                            [DEBUG  ]  File ignored by rseqc/bam_stat because it exceeded search pattern filesize limit: 10720_HFLF3BCXX-2_merged_fastqc.html
[2022-08-05 11:03:20,091] multiqc                                            [DEBUG  ]  File ignored by rseqc/junction_annotation because it exceeded search pattern filesize limit: 10720_HFLF3BCXX-2_merged_fastqc.html
[2022-08-05 11:03:20,091] multiqc                                            [DEBUG  ]  File ignored by rseqc/read_distribution because it exceeded search pattern filesize limit: 10720_HFLF3BCXX-2_merged_fastqc.html
[2022-08-05 11:03:20,091] multiqc                                            [DEBUG  ]  File ignored by rseqc/infer_experiment because it exceeded search pattern filesize limit: 10720_HFLF3BCXX-2_merged_fastqc.html
[2022-08-05 11:03:20,683] multiqc                                            [DEBUG  ]  Ignoring file as matched an ignore pattern: 10720_HFLF3BCXX-2_merged.fastq.gz
[2022-08-05 11:03:21,202] multiqc                                            [DEBUG  ]  File ignored by ccs/v4 because it exceeded search pattern filesize limit: 10720_HFLF3BCXX-2_R1p_fastqc.html
[2022-08-05 11:03:21,460] multiqc                                            [DEBUG  ]  File ignored by hicexplorer because it exceeded search pattern filesize limit: 10720_HFLF3BCXX-2_R1p_fastqc.html
[2022-08-05 11:03:21,461] multiqc                                            [DEBUG  ]  File ignored by nanostat because it exceeded search pattern filesize limit: 10720_HFLF3BCXX-2_R1p_fastqc.html
[2022-08-05 11:03:21,461] multiqc                                            [DEBUG  ]  File ignored by lima/summary because it exceeded search pattern filesize limit: 10720_HFLF3BCXX-2_R1p_fastqc.html
[2022-08-05 11:03:21,480] multiqc                                            [DEBUG  ]  File ignored by vep/vep_txt because it exceeded search pattern filesize limit: 10720_HFLF3BCXX-2_R1p_fastqc.html
[2022-08-05 11:03:21,480] multiqc                                            [DEBUG  ]  File ignored by longranger/invocation because it exceeded search pattern filesize limit: 10720_HFLF3BCXX-2_R1p_fastqc.html
[2022-08-05 11:03:21,480] multiqc                                            [DEBUG  ]  File ignored by rockhopper because it exceeded search pattern filesize limit: 10720_HFLF3BCXX-2_R1p_fastqc.html
[2022-08-05 11:03:21,480] multiqc                                            [DEBUG  ]  File ignored by rseqc/bam_stat because it exceeded search pattern filesize limit: 10720_HFLF3BCXX-2_R1p_fastqc.html
[2022-08-05 11:03:21,480] multiqc                                            [DEBUG  ]  File ignored by rseqc/junction_annotation because it exceeded search pattern filesize limit: 10720_HFLF3BCXX-2_R1p_fastqc.html
[2022-08-05 11:03:21,480] multiqc                                            [DEBUG  ]  File ignored by rseqc/read_distribution because it exceeded search pattern filesize limit: 10720_HFLF3BCXX-2_R1p_fastqc.html
[2022-08-05 11:03:21,480] multiqc                                            [DEBUG  ]  File ignored by rseqc/infer_experiment because it exceeded search pattern filesize limit: 10720_HFLF3BCXX-2_R1p_fastqc.html
[2022-08-05 11:03:21,610] multiqc                                            [DEBUG  ]  Ignoring file as matched an ignore pattern: 10720_HFLF3BCXX-2_R1p.fastq.gz
[2022-08-05 11:03:21,667] multiqc                                            [DEBUG  ]  File ignored by ccs/v4 because it exceeded search pattern filesize limit: 10720_HFLF3BCXX-2_R1R2u_fastqc.html
[2022-08-05 11:03:21,676] multiqc                                            [DEBUG  ]  File ignored by hicexplorer because it exceeded search pattern filesize limit: 10720_HFLF3BCXX-2_R1R2u_fastqc.html
[2022-08-05 11:03:21,684] multiqc                                            [DEBUG  ]  File ignored by nanostat because it exceeded search pattern filesize limit: 10720_HFLF3BCXX-2_R1R2u_fastqc.html
[2022-08-05 11:03:21,684] multiqc                                            [DEBUG  ]  File ignored by lima/summary because it exceeded search pattern filesize limit: 10720_HFLF3BCXX-2_R1R2u_fastqc.html
[2022-08-05 11:03:21,782] multiqc                                            [DEBUG  ]  File ignored by vep/vep_txt because it exceeded search pattern filesize limit: 10720_HFLF3BCXX-2_R1R2u_fastqc.html
[2022-08-05 11:03:21,782] multiqc                                            [DEBUG  ]  File ignored by longranger/invocation because it exceeded search pattern filesize limit: 10720_HFLF3BCXX-2_R1R2u_fastqc.html
[2022-08-05 11:03:21,782] multiqc                                            [DEBUG  ]  File ignored by rockhopper because it exceeded search pattern filesize limit: 10720_HFLF3BCXX-2_R1R2u_fastqc.html
[2022-08-05 11:03:21,782] multiqc                                            [DEBUG  ]  File ignored by rseqc/bam_stat because it exceeded search pattern filesize limit: 10720_HFLF3BCXX-2_R1R2u_fastqc.html
[2022-08-05 11:03:21,782] multiqc                                            [DEBUG  ]  File ignored by rseqc/junction_annotation because it exceeded search pattern filesize limit: 10720_HFLF3BCXX-2_R1R2u_fastqc.html
[2022-08-05 11:03:21,782] multiqc                                            [DEBUG  ]  File ignored by rseqc/read_distribution because it exceeded search pattern filesize limit: 10720_HFLF3BCXX-2_R1R2u_fastqc.html
[2022-08-05 11:03:21,782] multiqc                                            [DEBUG  ]  File ignored by rseqc/infer_experiment because it exceeded search pattern filesize limit: 10720_HFLF3BCXX-2_R1R2u_fastqc.html
[2022-08-05 11:03:23,458] multiqc                                            [DEBUG  ]  Ignoring file as matched an ignore pattern: 10720_HFLF3BCXX-2_R1R2u.fastq.gz
[2022-08-05 11:03:23,736] multiqc                                            [DEBUG  ]  File ignored by ccs/v4 because it exceeded search pattern filesize limit: 10720_HFLF3BCXX-2_R2p_fastqc.html
[2022-08-05 11:03:23,745] multiqc                                            [DEBUG  ]  File ignored by hicexplorer because it exceeded search pattern filesize limit: 10720_HFLF3BCXX-2_R2p_fastqc.html
[2022-08-05 11:03:23,747] multiqc                                            [DEBUG  ]  File ignored by nanostat because it exceeded search pattern filesize limit: 10720_HFLF3BCXX-2_R2p_fastqc.html
[2022-08-05 11:03:23,748] multiqc                                            [DEBUG  ]  File ignored by lima/summary because it exceeded search pattern filesize limit: 10720_HFLF3BCXX-2_R2p_fastqc.html
[2022-08-05 11:03:23,923] multiqc                                            [DEBUG  ]  File ignored by vep/vep_txt because it exceeded search pattern filesize limit: 10720_HFLF3BCXX-2_R2p_fastqc.html
[2022-08-05 11:03:23,923] multiqc                                            [DEBUG  ]  File ignored by longranger/invocation because it exceeded search pattern filesize limit: 10720_HFLF3BCXX-2_R2p_fastqc.html
[2022-08-05 11:03:23,923] multiqc                                            [DEBUG  ]  File ignored by rockhopper because it exceeded search pattern filesize limit: 10720_HFLF3BCXX-2_R2p_fastqc.html
[2022-08-05 11:03:23,923] multiqc                                            [DEBUG  ]  File ignored by rseqc/bam_stat because it exceeded search pattern filesize limit: 10720_HFLF3BCXX-2_R2p_fastqc.html
[2022-08-05 11:03:23,923] multiqc                                            [DEBUG  ]  File ignored by rseqc/junction_annotation because it exceeded search pattern filesize limit: 10720_HFLF3BCXX-2_R2p_fastqc.html
[2022-08-05 11:03:23,923] multiqc                                            [DEBUG  ]  File ignored by rseqc/read_distribution because it exceeded search pattern filesize limit: 10720_HFLF3BCXX-2_R2p_fastqc.html
[2022-08-05 11:03:23,923] multiqc                                            [DEBUG  ]  File ignored by rseqc/infer_experiment because it exceeded search pattern filesize limit: 10720_HFLF3BCXX-2_R2p_fastqc.html
[2022-08-05 11:03:24,219] multiqc                                            [DEBUG  ]  Ignoring file as matched an ignore pattern: 10720_HFLF3BCXX-2_R2p.fastq.gz
[2022-08-05 11:03:24,220] multiqc                                            [DEBUG  ]  Ignoring file as matched an ignore pattern: 10720_QCreads.md5
[2022-08-05 11:03:25,667] multiqc.plots.bargraph                             [DEBUG  ]  Using matplotlib version 3.3.4
[2022-08-05 11:03:25,671] multiqc.plots.linegraph                            [DEBUG  ]  Using matplotlib version 3.3.4
[2022-08-05 11:03:25,674] multiqc                                            [DEBUG  ]  No samples found: custom_content
[2022-08-05 11:03:25,679] multiqc                                            [DEBUG  ]  No samples found: ccs
[2022-08-05 11:03:25,687] multiqc                                            [DEBUG  ]  No samples found: ngsderive
[2022-08-05 11:03:25,692] multiqc                                            [DEBUG  ]  No samples found: purple
[2022-08-05 11:03:25,697] multiqc                                            [DEBUG  ]  No samples found: conpair
[2022-08-05 11:03:25,702] multiqc                                            [DEBUG  ]  No samples found: lima
[2022-08-05 11:03:25,708] multiqc                                            [DEBUG  ]  No samples found: peddy
[2022-08-05 11:03:25,714] multiqc                                            [DEBUG  ]  No samples found: somalier
[2022-08-05 11:03:25,719] multiqc                                            [DEBUG  ]  No samples found: methylQA
[2022-08-05 11:03:25,729] multiqc.modules.mosdepth.mosdepth                  [DEBUG  ]  include_contigs: []
[2022-08-05 11:03:25,729] multiqc.modules.mosdepth.mosdepth                  [DEBUG  ]  exclude_contigs: []
[2022-08-05 11:03:25,729] multiqc                                            [DEBUG  ]  No samples found: mosdepth
[2022-08-05 11:03:25,733] multiqc                                            [DEBUG  ]  No samples found: phantompeakqualtools
[2022-08-05 11:03:25,737] multiqc                                            [DEBUG  ]  No samples found: qualimap
[2022-08-05 11:03:25,744] multiqc                                            [DEBUG  ]  No samples found: preseq
[2022-08-05 11:03:25,750] multiqc                                            [DEBUG  ]  No samples found: quast
[2022-08-05 11:03:25,755] multiqc                                            [DEBUG  ]  No samples found: qorts
[2022-08-05 11:03:25,760] multiqc                                            [DEBUG  ]  No samples found: rna_seqc
[2022-08-05 11:03:25,765] multiqc                                            [DEBUG  ]  No samples found: rockhopper
[2022-08-05 11:03:25,770] multiqc                                            [DEBUG  ]  No samples found: rsem
[2022-08-05 11:03:25,786] multiqc                                            [DEBUG  ]  No samples found: rseqc
[2022-08-05 11:03:25,791] multiqc                                            [DEBUG  ]  No samples found: busco
[2022-08-05 11:03:25,796] multiqc                                            [DEBUG  ]  No samples found: bustools
[2022-08-05 11:03:25,801] multiqc                                            [DEBUG  ]  No samples found: goleft_indexcov
[2022-08-05 11:03:25,807] multiqc                                            [DEBUG  ]  No samples found: gffcompare
[2022-08-05 11:03:25,811] multiqc                                            [DEBUG  ]  No samples found: disambiguate
[2022-08-05 11:03:25,817] multiqc                                            [DEBUG  ]  No samples found: supernova
[2022-08-05 11:03:26,298] multiqc                                            [DEBUG  ]  No samples found: deeptools
[2022-08-05 11:03:26,303] multiqc                                            [DEBUG  ]  No samples found: sargasso
[2022-08-05 11:03:26,308] multiqc                                            [DEBUG  ]  No samples found: verifybamid
[2022-08-05 11:03:26,544] multiqc                                            [DEBUG  ]  No samples found: mirtrace
[2022-08-05 11:03:26,549] multiqc                                            [DEBUG  ]  No samples found: happy
[2022-08-05 11:03:26,784] multiqc                                            [DEBUG  ]  No samples found: mirtop
[2022-08-05 11:03:26,790] multiqc                                            [DEBUG  ]  No samples found: sambamba
[2022-08-05 11:03:26,799] multiqc                                            [DEBUG  ]  No samples found: homer
[2022-08-05 11:03:26,803] multiqc                                            [DEBUG  ]  No samples found: hops
[2022-08-05 11:03:26,808] multiqc                                            [DEBUG  ]  No samples found: macs2
[2022-08-05 11:03:26,812] multiqc                                            [DEBUG  ]  No samples found: theta2
[2022-08-05 11:03:26,817] multiqc                                            [DEBUG  ]  No samples found: snpeff
[2022-08-05 11:03:26,825] multiqc                                            [DEBUG  ]  No samples found: gatk
[2022-08-05 11:03:27,290] multiqc                                            [DEBUG  ]  No samples found: htseq
[2022-08-05 11:03:27,296] multiqc                                            [DEBUG  ]  No samples found: bcftools
[2022-08-05 11:03:27,301] multiqc                                            [DEBUG  ]  No samples found: featureCounts
[2022-08-05 11:03:27,312] multiqc                                            [DEBUG  ]  No samples found: fgbio
[2022-08-05 11:03:27,330] multiqc                                            [DEBUG  ]  No samples found: dragen
[2022-08-05 11:03:27,335] multiqc                                            [DEBUG  ]  No samples found: dedup
[2022-08-05 11:03:27,340] multiqc                                            [DEBUG  ]  No samples found: damageprofiler
[2022-08-05 11:03:27,885] multiqc                                            [DEBUG  ]  No samples found: biobambam2
[2022-08-05 11:03:27,891] multiqc                                            [DEBUG  ]  No samples found: jcvi
[2022-08-05 11:03:27,897] multiqc                                            [DEBUG  ]  No samples found: mtnucratio
[2022-08-05 11:03:27,899] multiqc                                            [DEBUG  ]  No samples found: picard
[2022-08-05 11:03:27,906] multiqc                                            [DEBUG  ]  No samples found: vep
[2022-08-05 11:03:27,918] multiqc                                            [DEBUG  ]  No samples found: sentieon
[2022-08-05 11:03:27,925] multiqc                                            [DEBUG  ]  No samples found: prokka
[2022-08-05 11:03:27,933] multiqc                                            [DEBUG  ]  No samples found: qc3C
[2022-08-05 11:03:27,940] multiqc                                            [DEBUG  ]  No samples found: nanostat
[2022-08-05 11:03:27,945] multiqc                                            [DEBUG  ]  No samples found: samblaster
[2022-08-05 11:03:27,956] multiqc                                            [DEBUG  ]  No samples found: samtools
[2022-08-05 11:03:27,962] multiqc                                            [DEBUG  ]  No samples found: sexdeterrmine
[2022-08-05 11:03:27,967] multiqc                                            [DEBUG  ]  No samples found: eigenstratdatabasetools
[2022-08-05 11:03:27,974] multiqc                                            [DEBUG  ]  No samples found: bamtools
[2022-08-05 11:03:28,209] multiqc                                            [DEBUG  ]  No samples found: jellyfish
[2022-08-05 11:03:28,218] multiqc                                            [DEBUG  ]  No samples found: vcftools
[2022-08-05 11:03:28,224] multiqc                                            [DEBUG  ]  No samples found: longranger
[2022-08-05 11:03:28,460] multiqc                                            [DEBUG  ]  No samples found: stacks
[2022-08-05 11:03:28,465] multiqc                                            [DEBUG  ]  No samples found: varscan2
[2022-08-05 11:03:28,470] multiqc                                            [DEBUG  ]  No samples found: snippy
[2022-08-05 11:03:28,488] multiqc                                            [DEBUG  ]  No samples found: bbmap
[2022-08-05 11:03:28,494] multiqc                                            [DEBUG  ]  No samples found: bismark
[2022-08-05 11:03:28,502] multiqc                                            [DEBUG  ]  No samples found: biscuit
[2022-08-05 11:03:28,508] multiqc                                            [DEBUG  ]  No samples found: hicexplorer
[2022-08-05 11:03:28,514] multiqc                                            [DEBUG  ]  No samples found: hicup
[2022-08-05 11:03:28,520] multiqc                                            [DEBUG  ]  No samples found: hicpro
[2022-08-05 11:03:28,525] multiqc                                            [DEBUG  ]  No samples found: salmon
[2022-08-05 11:03:28,530] multiqc                                            [DEBUG  ]  No samples found: kallisto
[2022-08-05 11:03:28,536] multiqc                                            [DEBUG  ]  No samples found: slamdunk
[2022-08-05 11:03:28,541] multiqc                                            [DEBUG  ]  No samples found: star
[2022-08-05 11:03:28,546] multiqc                                            [DEBUG  ]  No samples found: hisat2
[2022-08-05 11:03:28,551] multiqc                                            [DEBUG  ]  No samples found: tophat
[2022-08-05 11:03:28,786] multiqc                                            [DEBUG  ]  No samples found: bowtie2
[2022-08-05 11:03:28,790] multiqc                                            [DEBUG  ]  No samples found: bowtie1
[2022-08-05 11:03:28,795] multiqc                                            [DEBUG  ]  No samples found: snpsplit
[2022-08-05 11:03:28,800] multiqc                                            [DEBUG  ]  No samples found: odgi
[2022-08-05 11:03:28,805] multiqc                                            [DEBUG  ]  No samples found: pangolin
[2022-08-05 11:03:28,809] multiqc                                            [DEBUG  ]  No samples found: kat
[2022-08-05 11:03:28,813] multiqc                                            [DEBUG  ]  No samples found: leehom
[2022-08-05 11:03:28,819] multiqc                                            [DEBUG  ]  No samples found: adapterRemoval
[2022-08-05 11:03:28,823] multiqc                                            [DEBUG  ]  No samples found: clipandmerge
[2022-08-05 11:03:28,829] multiqc                                            [DEBUG  ]  No samples found: cutadapt
[2022-08-05 11:03:28,834] multiqc                                            [DEBUG  ]  No samples found: flexbar
[2022-08-05 11:03:28,839] multiqc                                            [DEBUG  ]  No samples found: kaiju
[2022-08-05 11:03:28,845] multiqc                                            [DEBUG  ]  No samples found: kraken
[2022-08-05 11:03:28,849] multiqc                                            [DEBUG  ]  No samples found: malt
[2022-08-05 11:03:28,854] multiqc                                            [DEBUG  ]  No samples found: trimmomatic
[2022-08-05 11:03:28,858] multiqc                                            [DEBUG  ]  No samples found: sickle
[2022-08-05 11:03:28,863] multiqc                                            [DEBUG  ]  No samples found: skewer
[2022-08-05 11:03:28,868] multiqc                                            [DEBUG  ]  No samples found: sortmerna
[2022-08-05 11:03:28,873] multiqc                                            [DEBUG  ]  No samples found: biobloomtools
[2022-08-05 11:03:28,878] multiqc                                            [DEBUG  ]  No samples found: fastq_screen
[2022-08-05 11:03:28,883] multiqc                                            [DEBUG  ]  No samples found: afterqc
[2022-08-05 11:03:28,889] multiqc                                            [DEBUG  ]  No samples found: fastp
[2022-08-05 11:03:29,327] multiqc.modules.fastqc.fastqc                      [INFO   ]  Found 4 reports
[2022-08-05 11:03:29,655] multiqc                                            [DEBUG  ]  No samples found: pychopper
[2022-08-05 11:03:29,660] multiqc                                            [DEBUG  ]  No samples found: pycoqc
[2022-08-05 11:03:29,666] multiqc                                            [DEBUG  ]  No samples found: minionqc
[2022-08-05 11:03:29,671] multiqc                                            [DEBUG  ]  No samples found: multivcfanalyzer
[2022-08-05 11:03:29,676] multiqc                                            [DEBUG  ]  No samples found: clusterflow
[2022-08-05 11:03:29,683] multiqc                                            [DEBUG  ]  No samples found: bcl2fastq
[2022-08-05 11:03:30,153] multiqc                                            [DEBUG  ]  No samples found: bclconvert
[2022-08-05 11:03:30,160] multiqc                                            [DEBUG  ]  No samples found: interop
[2022-08-05 11:03:30,165] multiqc                                            [DEBUG  ]  No samples found: ivar
[2022-08-05 11:03:30,170] multiqc                                            [DEBUG  ]  No samples found: flash
[2022-08-05 11:03:30,175] multiqc                                            [DEBUG  ]  No samples found: seqyclean
[2022-08-05 11:03:30,180] multiqc                                            [DEBUG  ]  No samples found: optitype
[2022-08-05 11:03:30,184] multiqc                                            [INFO   ]  Compressing plot data
[2022-08-05 11:03:30,230] multiqc                                            [INFO   ]  Report      : 10720_MGSD_CSIRO.qc.stats/multiqc_report.html
[2022-08-05 11:03:30,231] multiqc                                            [INFO   ]  Data        : 10720_MGSD_CSIRO.qc.stats/multiqc_data
[2022-08-05 11:03:30,231] multiqc                                            [DEBUG  ]  Moving data file from '/tmp/smi9a9.8584565/tmp5m95aau6/multiqc_data' to '10720_MGSD_CSIRO.qc.stats/multiqc_data'
[2022-08-05 11:03:30,662] multiqc                                            [INFO   ]  MultiQC complete
