[2022-08-05 11:11:37,643] multiqc                                            [DEBUG  ]  This is MultiQC v1.11
[2022-08-05 11:11:37,643] multiqc                                            [DEBUG  ]  No MultiQC config found: /apps/multiqc/1.11/lib/python3.9/site-packages/multiqc_config.yaml
[2022-08-05 11:11:37,643] multiqc                                            [DEBUG  ]  No MultiQC config found: /home/smi9a9/.multiqc_config.yaml
[2022-08-05 11:11:48,550] multiqc                                            [DEBUG  ]  No MultiQC config found: multiqc_config.yaml
[2022-08-05 11:11:48,550] multiqc                                            [DEBUG  ]  Command used: /apps/multiqc/1.11/bin/multiqc ./138526_HG7NLDSX2-4_merged_fastqc.html ./138526_HG7NLDSX2-4_merged_fastqc.zip ./138526_HG7NLDSX2-4_merged.fastq.gz ./138526_HG7NLDSX2-4_R1p_fastqc.html ./138526_HG7NLDSX2-4_R1p_fastqc.zip ./138526_HG7NLDSX2-4_R1p.fastq.gz ./138526_HG7NLDSX2-4_R1R2u_fastqc.html ./138526_HG7NLDSX2-4_R1R2u_fastqc.zip ./138526_HG7NLDSX2-4_R1R2u.fastq.gz ./138526_HG7NLDSX2-4_R2p_fastqc.html ./138526_HG7NLDSX2-4_R2p_fastqc.zip ./138526_HG7NLDSX2-4_R2p.fastq.gz ./138526_QCreads.md5 -o 138526_MGSD_CSIRO.qc.stats
[2022-08-05 11:11:48,607] multiqc                                            [DEBUG  ]  Could not connect to multiqc.info for version check: <urlopen error [Errno 111] Connection refused>
[2022-08-05 11:11:48,608] multiqc                                            [DEBUG  ]  Command     : /apps/multiqc/1.11/bin/multiqc ./138526_HG7NLDSX2-4_merged_fastqc.html ./138526_HG7NLDSX2-4_merged_fastqc.zip ./138526_HG7NLDSX2-4_merged.fastq.gz ./138526_HG7NLDSX2-4_R1p_fastqc.html ./138526_HG7NLDSX2-4_R1p_fastqc.zip ./138526_HG7NLDSX2-4_R1p.fastq.gz ./138526_HG7NLDSX2-4_R1R2u_fastqc.html ./138526_HG7NLDSX2-4_R1R2u_fastqc.zip ./138526_HG7NLDSX2-4_R1R2u.fastq.gz ./138526_HG7NLDSX2-4_R2p_fastqc.html ./138526_HG7NLDSX2-4_R2p_fastqc.zip ./138526_HG7NLDSX2-4_R2p.fastq.gz ./138526_QCreads.md5 -o 138526_MGSD_CSIRO.qc.stats
[2022-08-05 11:11:48,608] multiqc                                            [DEBUG  ]  Working dir : /datasets/work/oa-amd/work/amd/Metagenome_QC_reads
[2022-08-05 11:11:48,608] multiqc                                            [DEBUG  ]  Template    : default
[2022-08-05 11:11:48,608] multiqc                                            [DEBUG  ]  Running Python 3.9.4 (default, Apr 25 2021, 16:13:27)  [GCC 10.3.0]
[2022-08-05 11:11:48,608] multiqc                                            [DEBUG  ]  Analysing modules: custom_content, ccs, ngsderive, purple, conpair, lima, peddy, somalier, methylQA, mosdepth, phantompeakqualtools, qualimap, preseq, quast, qorts, rna_seqc, rockhopper, rsem, rseqc, busco, bustools, goleft_indexcov, gffcompare, disambiguate, supernova, deeptools, sargasso, verifybamid, mirtrace, happy, mirtop, sambamba, homer, hops, macs2, theta2, snpeff, gatk, htseq, bcftools, featureCounts, fgbio, dragen, dedup, damageprofiler, biobambam2, jcvi, mtnucratio, picard, vep, sentieon, prokka, qc3C, nanostat, samblaster, samtools, sexdeterrmine, eigenstratdatabasetools, bamtools, jellyfish, vcftools, longranger, stacks, varscan2, snippy, bbmap, bismark, biscuit, hicexplorer, hicup, hicpro, salmon, kallisto, slamdunk, star, hisat2, tophat, bowtie2, bowtie1, snpsplit, odgi, pangolin, kat, leehom, adapterRemoval, clipandmerge, cutadapt, flexbar, kaiju, kraken, malt, trimmomatic, sickle, skewer, sortmerna, biobloomtools, fastq_screen, afterqc, fastp, fastqc, pychopper, pycoqc, minionqc, multivcfanalyzer, clusterflow, bcl2fastq, bclconvert, interop, ivar, flash, seqyclean, optitype
[2022-08-05 11:11:48,608] multiqc                                            [DEBUG  ]  Using temporary directory for creating report: /tmp/smi9a9.8585520/tmpgk0wtwt0
[2022-08-05 11:11:48,681] multiqc                                            [INFO   ]  Search path : /datasets/work/oa-amd/work/amd/Metagenome_QC_reads/138526_HG7NLDSX2-4_merged_fastqc.html
[2022-08-05 11:11:48,681] multiqc                                            [INFO   ]  Search path : /datasets/work/oa-amd/work/amd/Metagenome_QC_reads/138526_HG7NLDSX2-4_merged_fastqc.zip
[2022-08-05 11:11:48,682] multiqc                                            [INFO   ]  Search path : /datasets/work/oa-amd/work/amd/Metagenome_QC_reads/138526_HG7NLDSX2-4_merged.fastq.gz
[2022-08-05 11:11:48,682] multiqc                                            [INFO   ]  Search path : /datasets/work/oa-amd/work/amd/Metagenome_QC_reads/138526_HG7NLDSX2-4_R1p_fastqc.html
[2022-08-05 11:11:48,682] multiqc                                            [INFO   ]  Search path : /datasets/work/oa-amd/work/amd/Metagenome_QC_reads/138526_HG7NLDSX2-4_R1p_fastqc.zip
[2022-08-05 11:11:48,682] multiqc                                            [INFO   ]  Search path : /datasets/work/oa-amd/work/amd/Metagenome_QC_reads/138526_HG7NLDSX2-4_R1p.fastq.gz
[2022-08-05 11:11:48,682] multiqc                                            [INFO   ]  Search path : /datasets/work/oa-amd/work/amd/Metagenome_QC_reads/138526_HG7NLDSX2-4_R1R2u_fastqc.html
[2022-08-05 11:11:48,682] multiqc                                            [INFO   ]  Search path : /datasets/work/oa-amd/work/amd/Metagenome_QC_reads/138526_HG7NLDSX2-4_R1R2u_fastqc.zip
[2022-08-05 11:11:48,682] multiqc                                            [INFO   ]  Search path : /datasets/work/oa-amd/work/amd/Metagenome_QC_reads/138526_HG7NLDSX2-4_R1R2u.fastq.gz
[2022-08-05 11:11:48,682] multiqc                                            [INFO   ]  Search path : /datasets/work/oa-amd/work/amd/Metagenome_QC_reads/138526_HG7NLDSX2-4_R2p_fastqc.html
[2022-08-05 11:11:48,682] multiqc                                            [INFO   ]  Search path : /datasets/work/oa-amd/work/amd/Metagenome_QC_reads/138526_HG7NLDSX2-4_R2p_fastqc.zip
[2022-08-05 11:11:48,682] multiqc                                            [INFO   ]  Search path : /datasets/work/oa-amd/work/amd/Metagenome_QC_reads/138526_HG7NLDSX2-4_R2p.fastq.gz
[2022-08-05 11:11:48,682] multiqc                                            [INFO   ]  Search path : /datasets/work/oa-amd/work/amd/Metagenome_QC_reads/138526_QCreads.md5
[2022-08-05 11:11:49,512] multiqc                                            [DEBUG  ]  File ignored by ccs/v4 because it exceeded search pattern filesize limit: 138526_HG7NLDSX2-4_merged_fastqc.html
[2022-08-05 11:11:49,526] multiqc                                            [DEBUG  ]  File ignored by hicexplorer because it exceeded search pattern filesize limit: 138526_HG7NLDSX2-4_merged_fastqc.html
[2022-08-05 11:11:49,527] multiqc                                            [DEBUG  ]  File ignored by nanostat because it exceeded search pattern filesize limit: 138526_HG7NLDSX2-4_merged_fastqc.html
[2022-08-05 11:11:49,527] multiqc                                            [DEBUG  ]  File ignored by lima/summary because it exceeded search pattern filesize limit: 138526_HG7NLDSX2-4_merged_fastqc.html
[2022-08-05 11:11:49,544] multiqc                                            [DEBUG  ]  File ignored by vep/vep_txt because it exceeded search pattern filesize limit: 138526_HG7NLDSX2-4_merged_fastqc.html
[2022-08-05 11:11:49,544] multiqc                                            [DEBUG  ]  File ignored by longranger/invocation because it exceeded search pattern filesize limit: 138526_HG7NLDSX2-4_merged_fastqc.html
[2022-08-05 11:11:49,544] multiqc                                            [DEBUG  ]  File ignored by rockhopper because it exceeded search pattern filesize limit: 138526_HG7NLDSX2-4_merged_fastqc.html
[2022-08-05 11:11:49,544] multiqc                                            [DEBUG  ]  File ignored by rseqc/bam_stat because it exceeded search pattern filesize limit: 138526_HG7NLDSX2-4_merged_fastqc.html
[2022-08-05 11:11:49,544] multiqc                                            [DEBUG  ]  File ignored by rseqc/junction_annotation because it exceeded search pattern filesize limit: 138526_HG7NLDSX2-4_merged_fastqc.html
[2022-08-05 11:11:49,544] multiqc                                            [DEBUG  ]  File ignored by rseqc/read_distribution because it exceeded search pattern filesize limit: 138526_HG7NLDSX2-4_merged_fastqc.html
[2022-08-05 11:11:49,544] multiqc                                            [DEBUG  ]  File ignored by rseqc/infer_experiment because it exceeded search pattern filesize limit: 138526_HG7NLDSX2-4_merged_fastqc.html
[2022-08-05 11:11:49,790] multiqc                                            [DEBUG  ]  Ignoring file as matched an ignore pattern: 138526_HG7NLDSX2-4_merged.fastq.gz
[2022-08-05 11:11:50,059] multiqc                                            [DEBUG  ]  File ignored by ccs/v4 because it exceeded search pattern filesize limit: 138526_HG7NLDSX2-4_R1p_fastqc.html
[2022-08-05 11:11:50,063] multiqc                                            [DEBUG  ]  File ignored by hicexplorer because it exceeded search pattern filesize limit: 138526_HG7NLDSX2-4_R1p_fastqc.html
[2022-08-05 11:11:50,064] multiqc                                            [DEBUG  ]  File ignored by nanostat because it exceeded search pattern filesize limit: 138526_HG7NLDSX2-4_R1p_fastqc.html
[2022-08-05 11:11:50,064] multiqc                                            [DEBUG  ]  File ignored by lima/summary because it exceeded search pattern filesize limit: 138526_HG7NLDSX2-4_R1p_fastqc.html
[2022-08-05 11:11:50,070] multiqc                                            [DEBUG  ]  File ignored by vep/vep_txt because it exceeded search pattern filesize limit: 138526_HG7NLDSX2-4_R1p_fastqc.html
[2022-08-05 11:11:50,071] multiqc                                            [DEBUG  ]  File ignored by longranger/invocation because it exceeded search pattern filesize limit: 138526_HG7NLDSX2-4_R1p_fastqc.html
[2022-08-05 11:11:50,071] multiqc                                            [DEBUG  ]  File ignored by rockhopper because it exceeded search pattern filesize limit: 138526_HG7NLDSX2-4_R1p_fastqc.html
[2022-08-05 11:11:50,071] multiqc                                            [DEBUG  ]  File ignored by rseqc/bam_stat because it exceeded search pattern filesize limit: 138526_HG7NLDSX2-4_R1p_fastqc.html
[2022-08-05 11:11:50,071] multiqc                                            [DEBUG  ]  File ignored by rseqc/junction_annotation because it exceeded search pattern filesize limit: 138526_HG7NLDSX2-4_R1p_fastqc.html
[2022-08-05 11:11:50,071] multiqc                                            [DEBUG  ]  File ignored by rseqc/read_distribution because it exceeded search pattern filesize limit: 138526_HG7NLDSX2-4_R1p_fastqc.html
[2022-08-05 11:11:50,071] multiqc                                            [DEBUG  ]  File ignored by rseqc/infer_experiment because it exceeded search pattern filesize limit: 138526_HG7NLDSX2-4_R1p_fastqc.html
[2022-08-05 11:11:50,640] multiqc                                            [DEBUG  ]  Ignoring file as matched an ignore pattern: 138526_HG7NLDSX2-4_R1p.fastq.gz
[2022-08-05 11:11:50,773] multiqc                                            [DEBUG  ]  File ignored by ccs/v4 because it exceeded search pattern filesize limit: 138526_HG7NLDSX2-4_R1R2u_fastqc.html
[2022-08-05 11:11:50,798] multiqc                                            [DEBUG  ]  File ignored by hicexplorer because it exceeded search pattern filesize limit: 138526_HG7NLDSX2-4_R1R2u_fastqc.html
[2022-08-05 11:11:50,799] multiqc                                            [DEBUG  ]  File ignored by nanostat because it exceeded search pattern filesize limit: 138526_HG7NLDSX2-4_R1R2u_fastqc.html
[2022-08-05 11:11:50,799] multiqc                                            [DEBUG  ]  File ignored by lima/summary because it exceeded search pattern filesize limit: 138526_HG7NLDSX2-4_R1R2u_fastqc.html
[2022-08-05 11:11:50,826] multiqc                                            [DEBUG  ]  File ignored by vep/vep_txt because it exceeded search pattern filesize limit: 138526_HG7NLDSX2-4_R1R2u_fastqc.html
[2022-08-05 11:11:50,826] multiqc                                            [DEBUG  ]  File ignored by longranger/invocation because it exceeded search pattern filesize limit: 138526_HG7NLDSX2-4_R1R2u_fastqc.html
[2022-08-05 11:11:50,827] multiqc                                            [DEBUG  ]  File ignored by rockhopper because it exceeded search pattern filesize limit: 138526_HG7NLDSX2-4_R1R2u_fastqc.html
[2022-08-05 11:11:50,827] multiqc                                            [DEBUG  ]  File ignored by rseqc/bam_stat because it exceeded search pattern filesize limit: 138526_HG7NLDSX2-4_R1R2u_fastqc.html
[2022-08-05 11:11:50,827] multiqc                                            [DEBUG  ]  File ignored by rseqc/junction_annotation because it exceeded search pattern filesize limit: 138526_HG7NLDSX2-4_R1R2u_fastqc.html
[2022-08-05 11:11:50,827] multiqc                                            [DEBUG  ]  File ignored by rseqc/read_distribution because it exceeded search pattern filesize limit: 138526_HG7NLDSX2-4_R1R2u_fastqc.html
[2022-08-05 11:11:50,827] multiqc                                            [DEBUG  ]  File ignored by rseqc/infer_experiment because it exceeded search pattern filesize limit: 138526_HG7NLDSX2-4_R1R2u_fastqc.html
[2022-08-05 11:11:50,939] multiqc                                            [DEBUG  ]  Ignoring file as matched an ignore pattern: 138526_HG7NLDSX2-4_R1R2u.fastq.gz
[2022-08-05 11:11:51,155] multiqc                                            [DEBUG  ]  File ignored by ccs/v4 because it exceeded search pattern filesize limit: 138526_HG7NLDSX2-4_R2p_fastqc.html
[2022-08-05 11:11:51,166] multiqc                                            [DEBUG  ]  File ignored by hicexplorer because it exceeded search pattern filesize limit: 138526_HG7NLDSX2-4_R2p_fastqc.html
[2022-08-05 11:11:51,167] multiqc                                            [DEBUG  ]  File ignored by nanostat because it exceeded search pattern filesize limit: 138526_HG7NLDSX2-4_R2p_fastqc.html
[2022-08-05 11:11:51,167] multiqc                                            [DEBUG  ]  File ignored by lima/summary because it exceeded search pattern filesize limit: 138526_HG7NLDSX2-4_R2p_fastqc.html
[2022-08-05 11:11:51,853] multiqc                                            [DEBUG  ]  File ignored by vep/vep_txt because it exceeded search pattern filesize limit: 138526_HG7NLDSX2-4_R2p_fastqc.html
[2022-08-05 11:11:51,853] multiqc                                            [DEBUG  ]  File ignored by longranger/invocation because it exceeded search pattern filesize limit: 138526_HG7NLDSX2-4_R2p_fastqc.html
[2022-08-05 11:11:51,853] multiqc                                            [DEBUG  ]  File ignored by rockhopper because it exceeded search pattern filesize limit: 138526_HG7NLDSX2-4_R2p_fastqc.html
[2022-08-05 11:11:51,853] multiqc                                            [DEBUG  ]  File ignored by rseqc/bam_stat because it exceeded search pattern filesize limit: 138526_HG7NLDSX2-4_R2p_fastqc.html
[2022-08-05 11:11:51,853] multiqc                                            [DEBUG  ]  File ignored by rseqc/junction_annotation because it exceeded search pattern filesize limit: 138526_HG7NLDSX2-4_R2p_fastqc.html
[2022-08-05 11:11:51,853] multiqc                                            [DEBUG  ]  File ignored by rseqc/read_distribution because it exceeded search pattern filesize limit: 138526_HG7NLDSX2-4_R2p_fastqc.html
[2022-08-05 11:11:51,853] multiqc                                            [DEBUG  ]  File ignored by rseqc/infer_experiment because it exceeded search pattern filesize limit: 138526_HG7NLDSX2-4_R2p_fastqc.html
[2022-08-05 11:11:51,978] multiqc                                            [DEBUG  ]  Ignoring file as matched an ignore pattern: 138526_HG7NLDSX2-4_R2p.fastq.gz
[2022-08-05 11:11:51,978] multiqc                                            [DEBUG  ]  Ignoring file as matched an ignore pattern: 138526_QCreads.md5
[2022-08-05 11:11:58,760] multiqc.plots.bargraph                             [DEBUG  ]  Using matplotlib version 3.3.4
[2022-08-05 11:11:58,768] multiqc.plots.linegraph                            [DEBUG  ]  Using matplotlib version 3.3.4
[2022-08-05 11:11:58,774] multiqc                                            [DEBUG  ]  No samples found: custom_content
[2022-08-05 11:11:58,785] multiqc                                            [DEBUG  ]  No samples found: ccs
[2022-08-05 11:11:58,791] multiqc                                            [DEBUG  ]  No samples found: ngsderive
[2022-08-05 11:11:58,797] multiqc                                            [DEBUG  ]  No samples found: purple
[2022-08-05 11:11:58,802] multiqc                                            [DEBUG  ]  No samples found: conpair
[2022-08-05 11:11:59,039] multiqc                                            [DEBUG  ]  No samples found: lima
[2022-08-05 11:11:59,048] multiqc                                            [DEBUG  ]  No samples found: peddy
[2022-08-05 11:11:59,070] multiqc                                            [DEBUG  ]  No samples found: somalier
[2022-08-05 11:11:59,079] multiqc                                            [DEBUG  ]  No samples found: methylQA
[2022-08-05 11:11:59,100] multiqc.modules.mosdepth.mosdepth                  [DEBUG  ]  include_contigs: []
[2022-08-05 11:11:59,100] multiqc.modules.mosdepth.mosdepth                  [DEBUG  ]  exclude_contigs: []
[2022-08-05 11:11:59,100] multiqc                                            [DEBUG  ]  No samples found: mosdepth
[2022-08-05 11:11:59,105] multiqc                                            [DEBUG  ]  No samples found: phantompeakqualtools
[2022-08-05 11:11:59,110] multiqc                                            [DEBUG  ]  No samples found: qualimap
[2022-08-05 11:11:59,117] multiqc                                            [DEBUG  ]  No samples found: preseq
[2022-08-05 11:11:59,123] multiqc                                            [DEBUG  ]  No samples found: quast
[2022-08-05 11:11:59,129] multiqc                                            [DEBUG  ]  No samples found: qorts
[2022-08-05 11:11:59,136] multiqc                                            [DEBUG  ]  No samples found: rna_seqc
[2022-08-05 11:11:59,141] multiqc                                            [DEBUG  ]  No samples found: rockhopper
[2022-08-05 11:11:59,147] multiqc                                            [DEBUG  ]  No samples found: rsem
[2022-08-05 11:11:59,169] multiqc                                            [DEBUG  ]  No samples found: rseqc
[2022-08-05 11:11:59,176] multiqc                                            [DEBUG  ]  No samples found: busco
[2022-08-05 11:11:59,182] multiqc                                            [DEBUG  ]  No samples found: bustools
[2022-08-05 11:11:59,187] multiqc                                            [DEBUG  ]  No samples found: goleft_indexcov
[2022-08-05 11:11:59,193] multiqc                                            [DEBUG  ]  No samples found: gffcompare
[2022-08-05 11:11:59,199] multiqc                                            [DEBUG  ]  No samples found: disambiguate
[2022-08-05 11:11:59,210] multiqc                                            [DEBUG  ]  No samples found: supernova
[2022-08-05 11:11:59,233] multiqc                                            [DEBUG  ]  No samples found: deeptools
[2022-08-05 11:11:59,239] multiqc                                            [DEBUG  ]  No samples found: sargasso
[2022-08-05 11:11:59,248] multiqc                                            [DEBUG  ]  No samples found: verifybamid
[2022-08-05 11:11:59,255] multiqc                                            [DEBUG  ]  No samples found: mirtrace
[2022-08-05 11:11:59,260] multiqc                                            [DEBUG  ]  No samples found: happy
[2022-08-05 11:11:59,265] multiqc                                            [DEBUG  ]  No samples found: mirtop
[2022-08-05 11:11:59,271] multiqc                                            [DEBUG  ]  No samples found: sambamba
[2022-08-05 11:11:59,281] multiqc                                            [DEBUG  ]  No samples found: homer
[2022-08-05 11:11:59,286] multiqc                                            [DEBUG  ]  No samples found: hops
[2022-08-05 11:11:59,297] multiqc                                            [DEBUG  ]  No samples found: macs2
[2022-08-05 11:11:59,308] multiqc                                            [DEBUG  ]  No samples found: theta2
[2022-08-05 11:11:59,316] multiqc                                            [DEBUG  ]  No samples found: snpeff
[2022-08-05 11:11:59,330] multiqc                                            [DEBUG  ]  No samples found: gatk
[2022-08-05 11:11:59,336] multiqc                                            [DEBUG  ]  No samples found: htseq
[2022-08-05 11:11:59,342] multiqc                                            [DEBUG  ]  No samples found: bcftools
[2022-08-05 11:11:59,348] multiqc                                            [DEBUG  ]  No samples found: featureCounts
[2022-08-05 11:11:59,357] multiqc                                            [DEBUG  ]  No samples found: fgbio
[2022-08-05 11:11:59,381] multiqc                                            [DEBUG  ]  No samples found: dragen
[2022-08-05 11:11:59,386] multiqc                                            [DEBUG  ]  No samples found: dedup
[2022-08-05 11:11:59,392] multiqc                                            [DEBUG  ]  No samples found: damageprofiler
[2022-08-05 11:11:59,451] multiqc                                            [DEBUG  ]  No samples found: biobambam2
[2022-08-05 11:11:59,460] multiqc                                            [DEBUG  ]  No samples found: jcvi
[2022-08-05 11:11:59,465] multiqc                                            [DEBUG  ]  No samples found: mtnucratio
[2022-08-05 11:11:59,467] multiqc                                            [DEBUG  ]  No samples found: picard
[2022-08-05 11:11:59,473] multiqc                                            [DEBUG  ]  No samples found: vep
[2022-08-05 11:11:59,482] multiqc                                            [DEBUG  ]  No samples found: sentieon
[2022-08-05 11:11:59,487] multiqc                                            [DEBUG  ]  No samples found: prokka
[2022-08-05 11:11:59,495] multiqc                                            [DEBUG  ]  No samples found: qc3C
[2022-08-05 11:11:59,505] multiqc                                            [DEBUG  ]  No samples found: nanostat
[2022-08-05 11:11:59,741] multiqc                                            [DEBUG  ]  No samples found: samblaster
[2022-08-05 11:11:59,766] multiqc                                            [DEBUG  ]  No samples found: samtools
[2022-08-05 11:11:59,776] multiqc                                            [DEBUG  ]  No samples found: sexdeterrmine
[2022-08-05 11:11:59,784] multiqc                                            [DEBUG  ]  No samples found: eigenstratdatabasetools
[2022-08-05 11:11:59,791] multiqc                                            [DEBUG  ]  No samples found: bamtools
[2022-08-05 11:12:00,027] multiqc                                            [DEBUG  ]  No samples found: jellyfish
[2022-08-05 11:12:00,042] multiqc                                            [DEBUG  ]  No samples found: vcftools
[2022-08-05 11:12:00,051] multiqc                                            [DEBUG  ]  No samples found: longranger
[2022-08-05 11:12:00,056] multiqc                                            [DEBUG  ]  No samples found: stacks
[2022-08-05 11:12:00,062] multiqc                                            [DEBUG  ]  No samples found: varscan2
[2022-08-05 11:12:00,067] multiqc                                            [DEBUG  ]  No samples found: snippy
[2022-08-05 11:12:00,095] multiqc                                            [DEBUG  ]  No samples found: bbmap
[2022-08-05 11:12:00,103] multiqc                                            [DEBUG  ]  No samples found: bismark
[2022-08-05 11:12:00,115] multiqc                                            [DEBUG  ]  No samples found: biscuit
[2022-08-05 11:12:00,122] multiqc                                            [DEBUG  ]  No samples found: hicexplorer
[2022-08-05 11:12:00,129] multiqc                                            [DEBUG  ]  No samples found: hicup
[2022-08-05 11:12:00,135] multiqc                                            [DEBUG  ]  No samples found: hicpro
[2022-08-05 11:12:00,141] multiqc                                            [DEBUG  ]  No samples found: salmon
[2022-08-05 11:12:00,149] multiqc                                            [DEBUG  ]  No samples found: kallisto
[2022-08-05 11:12:00,160] multiqc                                            [DEBUG  ]  No samples found: slamdunk
[2022-08-05 11:12:00,399] multiqc                                            [DEBUG  ]  No samples found: star
[2022-08-05 11:12:00,405] multiqc                                            [DEBUG  ]  No samples found: hisat2
[2022-08-05 11:12:00,410] multiqc                                            [DEBUG  ]  No samples found: tophat
[2022-08-05 11:12:00,415] multiqc                                            [DEBUG  ]  No samples found: bowtie2
[2022-08-05 11:12:00,420] multiqc                                            [DEBUG  ]  No samples found: bowtie1
[2022-08-05 11:12:00,427] multiqc                                            [DEBUG  ]  No samples found: snpsplit
[2022-08-05 11:12:00,433] multiqc                                            [DEBUG  ]  No samples found: odgi
[2022-08-05 11:12:00,440] multiqc                                            [DEBUG  ]  No samples found: pangolin
[2022-08-05 11:12:00,675] multiqc                                            [DEBUG  ]  No samples found: kat
[2022-08-05 11:12:00,936] multiqc                                            [DEBUG  ]  No samples found: leehom
[2022-08-05 11:12:00,944] multiqc                                            [DEBUG  ]  No samples found: adapterRemoval
[2022-08-05 11:12:00,949] multiqc                                            [DEBUG  ]  No samples found: clipandmerge
[2022-08-05 11:12:00,955] multiqc                                            [DEBUG  ]  No samples found: cutadapt
[2022-08-05 11:12:00,964] multiqc                                            [DEBUG  ]  No samples found: flexbar
[2022-08-05 11:12:00,972] multiqc                                            [DEBUG  ]  No samples found: kaiju
[2022-08-05 11:12:00,983] multiqc                                            [DEBUG  ]  No samples found: kraken
[2022-08-05 11:12:00,994] multiqc                                            [DEBUG  ]  No samples found: malt
[2022-08-05 11:12:01,000] multiqc                                            [DEBUG  ]  No samples found: trimmomatic
[2022-08-05 11:12:01,007] multiqc                                            [DEBUG  ]  No samples found: sickle
[2022-08-05 11:12:01,014] multiqc                                            [DEBUG  ]  No samples found: skewer
[2022-08-05 11:12:01,022] multiqc                                            [DEBUG  ]  No samples found: sortmerna
[2022-08-05 11:12:01,033] multiqc                                            [DEBUG  ]  No samples found: biobloomtools
[2022-08-05 11:12:01,041] multiqc                                            [DEBUG  ]  No samples found: fastq_screen
[2022-08-05 11:12:01,050] multiqc                                            [DEBUG  ]  No samples found: afterqc
[2022-08-05 11:12:01,062] multiqc                                            [DEBUG  ]  No samples found: fastp
[2022-08-05 11:12:02,055] multiqc.modules.fastqc.fastqc                      [INFO   ]  Found 4 reports
[2022-08-05 11:12:02,103] multiqc                                            [DEBUG  ]  No samples found: pychopper
[2022-08-05 11:12:02,108] multiqc                                            [DEBUG  ]  No samples found: pycoqc
[2022-08-05 11:12:02,113] multiqc                                            [DEBUG  ]  No samples found: minionqc
[2022-08-05 11:12:02,118] multiqc                                            [DEBUG  ]  No samples found: multivcfanalyzer
[2022-08-05 11:12:02,127] multiqc                                            [DEBUG  ]  No samples found: clusterflow
[2022-08-05 11:12:02,367] multiqc                                            [DEBUG  ]  No samples found: bcl2fastq
[2022-08-05 11:12:02,376] multiqc                                            [DEBUG  ]  No samples found: bclconvert
[2022-08-05 11:12:02,383] multiqc                                            [DEBUG  ]  No samples found: interop
[2022-08-05 11:12:02,387] multiqc                                            [DEBUG  ]  No samples found: ivar
[2022-08-05 11:12:02,393] multiqc                                            [DEBUG  ]  No samples found: flash
[2022-08-05 11:12:02,398] multiqc                                            [DEBUG  ]  No samples found: seqyclean
[2022-08-05 11:12:02,402] multiqc                                            [DEBUG  ]  No samples found: optitype
[2022-08-05 11:12:02,406] multiqc                                            [INFO   ]  Compressing plot data
[2022-08-05 11:12:09,772] multiqc                                            [INFO   ]  Report      : 138526_MGSD_CSIRO.qc.stats/multiqc_report.html
[2022-08-05 11:12:09,772] multiqc                                            [INFO   ]  Data        : 138526_MGSD_CSIRO.qc.stats/multiqc_data
[2022-08-05 11:12:09,773] multiqc                                            [DEBUG  ]  Moving data file from '/tmp/smi9a9.8585520/tmpgk0wtwt0/multiqc_data' to '138526_MGSD_CSIRO.qc.stats/multiqc_data'
[2022-08-05 11:12:10,918] multiqc                                            [INFO   ]  MultiQC complete
