[2022-08-05 11:05:19,893] multiqc                                            [DEBUG  ]  This is MultiQC v1.11
[2022-08-05 11:05:19,893] multiqc                                            [DEBUG  ]  No MultiQC config found: /apps/multiqc/1.11/lib/python3.9/site-packages/multiqc_config.yaml
[2022-08-05 11:05:19,893] multiqc                                            [DEBUG  ]  No MultiQC config found: /home/smi9a9/.multiqc_config.yaml
[2022-08-05 11:05:19,896] multiqc                                            [DEBUG  ]  No MultiQC config found: multiqc_config.yaml
[2022-08-05 11:05:19,896] multiqc                                            [DEBUG  ]  Command used: /apps/multiqc/1.11/bin/multiqc ./7827_H3VCKBCXX-1_merged_fastqc.html ./7827_H3VCKBCXX-1_merged_fastqc.zip ./7827_H3VCKBCXX-1_merged.fastq.gz ./7827_H3VCKBCXX-1_R1p_fastqc.html ./7827_H3VCKBCXX-1_R1p_fastqc.zip ./7827_H3VCKBCXX-1_R1p.fastq.gz ./7827_H3VCKBCXX-1_R1R2u_fastqc.html ./7827_H3VCKBCXX-1_R1R2u_fastqc.zip ./7827_H3VCKBCXX-1_R1R2u.fastq.gz ./7827_H3VCKBCXX-1_R2p_fastqc.html ./7827_H3VCKBCXX-1_R2p_fastqc.zip ./7827_H3VCKBCXX-1_R2p.fastq.gz ./7827_QCreads.md5 -o 7827_MGSD_CSIRO.qc.stats
[2022-08-05 11:05:19,898] multiqc                                            [DEBUG  ]  Could not connect to multiqc.info for version check: <urlopen error [Errno 111] Connection refused>
[2022-08-05 11:05:19,898] multiqc                                            [DEBUG  ]  Command     : /apps/multiqc/1.11/bin/multiqc ./7827_H3VCKBCXX-1_merged_fastqc.html ./7827_H3VCKBCXX-1_merged_fastqc.zip ./7827_H3VCKBCXX-1_merged.fastq.gz ./7827_H3VCKBCXX-1_R1p_fastqc.html ./7827_H3VCKBCXX-1_R1p_fastqc.zip ./7827_H3VCKBCXX-1_R1p.fastq.gz ./7827_H3VCKBCXX-1_R1R2u_fastqc.html ./7827_H3VCKBCXX-1_R1R2u_fastqc.zip ./7827_H3VCKBCXX-1_R1R2u.fastq.gz ./7827_H3VCKBCXX-1_R2p_fastqc.html ./7827_H3VCKBCXX-1_R2p_fastqc.zip ./7827_H3VCKBCXX-1_R2p.fastq.gz ./7827_QCreads.md5 -o 7827_MGSD_CSIRO.qc.stats
[2022-08-05 11:05:19,898] multiqc                                            [DEBUG  ]  Working dir : /datasets/work/oa-amd/work/amd/Metagenome_QC_reads
[2022-08-05 11:05:19,898] multiqc                                            [DEBUG  ]  Template    : default
[2022-08-05 11:05:19,898] multiqc                                            [DEBUG  ]  Running Python 3.9.4 (default, Apr 25 2021, 16:13:27)  [GCC 10.3.0]
[2022-08-05 11:05:19,899] multiqc                                            [DEBUG  ]  Analysing modules: custom_content, ccs, ngsderive, purple, conpair, lima, peddy, somalier, methylQA, mosdepth, phantompeakqualtools, qualimap, preseq, quast, qorts, rna_seqc, rockhopper, rsem, rseqc, busco, bustools, goleft_indexcov, gffcompare, disambiguate, supernova, deeptools, sargasso, verifybamid, mirtrace, happy, mirtop, sambamba, homer, hops, macs2, theta2, snpeff, gatk, htseq, bcftools, featureCounts, fgbio, dragen, dedup, damageprofiler, biobambam2, jcvi, mtnucratio, picard, vep, sentieon, prokka, qc3C, nanostat, samblaster, samtools, sexdeterrmine, eigenstratdatabasetools, bamtools, jellyfish, vcftools, longranger, stacks, varscan2, snippy, bbmap, bismark, biscuit, hicexplorer, hicup, hicpro, salmon, kallisto, slamdunk, star, hisat2, tophat, bowtie2, bowtie1, snpsplit, odgi, pangolin, kat, leehom, adapterRemoval, clipandmerge, cutadapt, flexbar, kaiju, kraken, malt, trimmomatic, sickle, skewer, sortmerna, biobloomtools, fastq_screen, afterqc, fastp, fastqc, pychopper, pycoqc, minionqc, multivcfanalyzer, clusterflow, bcl2fastq, bclconvert, interop, ivar, flash, seqyclean, optitype
[2022-08-05 11:05:19,899] multiqc                                            [DEBUG  ]  Using temporary directory for creating report: /tmp/smi9a9.8584783/tmpebym0p0x
[2022-08-05 11:05:19,961] multiqc                                            [INFO   ]  Search path : /datasets/work/oa-amd/work/amd/Metagenome_QC_reads/7827_H3VCKBCXX-1_merged_fastqc.html
[2022-08-05 11:05:19,961] multiqc                                            [INFO   ]  Search path : /datasets/work/oa-amd/work/amd/Metagenome_QC_reads/7827_H3VCKBCXX-1_merged_fastqc.zip
[2022-08-05 11:05:19,961] multiqc                                            [INFO   ]  Search path : /datasets/work/oa-amd/work/amd/Metagenome_QC_reads/7827_H3VCKBCXX-1_merged.fastq.gz
[2022-08-05 11:05:19,961] multiqc                                            [INFO   ]  Search path : /datasets/work/oa-amd/work/amd/Metagenome_QC_reads/7827_H3VCKBCXX-1_R1p_fastqc.html
[2022-08-05 11:05:19,961] multiqc                                            [INFO   ]  Search path : /datasets/work/oa-amd/work/amd/Metagenome_QC_reads/7827_H3VCKBCXX-1_R1p_fastqc.zip
[2022-08-05 11:05:19,961] multiqc                                            [INFO   ]  Search path : /datasets/work/oa-amd/work/amd/Metagenome_QC_reads/7827_H3VCKBCXX-1_R1p.fastq.gz
[2022-08-05 11:05:19,961] multiqc                                            [INFO   ]  Search path : /datasets/work/oa-amd/work/amd/Metagenome_QC_reads/7827_H3VCKBCXX-1_R1R2u_fastqc.html
[2022-08-05 11:05:19,961] multiqc                                            [INFO   ]  Search path : /datasets/work/oa-amd/work/amd/Metagenome_QC_reads/7827_H3VCKBCXX-1_R1R2u_fastqc.zip
[2022-08-05 11:05:19,961] multiqc                                            [INFO   ]  Search path : /datasets/work/oa-amd/work/amd/Metagenome_QC_reads/7827_H3VCKBCXX-1_R1R2u.fastq.gz
[2022-08-05 11:05:19,961] multiqc                                            [INFO   ]  Search path : /datasets/work/oa-amd/work/amd/Metagenome_QC_reads/7827_H3VCKBCXX-1_R2p_fastqc.html
[2022-08-05 11:05:19,961] multiqc                                            [INFO   ]  Search path : /datasets/work/oa-amd/work/amd/Metagenome_QC_reads/7827_H3VCKBCXX-1_R2p_fastqc.zip
[2022-08-05 11:05:19,961] multiqc                                            [INFO   ]  Search path : /datasets/work/oa-amd/work/amd/Metagenome_QC_reads/7827_H3VCKBCXX-1_R2p.fastq.gz
[2022-08-05 11:05:19,961] multiqc                                            [INFO   ]  Search path : /datasets/work/oa-amd/work/amd/Metagenome_QC_reads/7827_QCreads.md5
[2022-08-05 11:05:20,044] multiqc                                            [DEBUG  ]  File ignored by ccs/v4 because it exceeded search pattern filesize limit: 7827_H3VCKBCXX-1_merged_fastqc.html
[2022-08-05 11:05:20,282] multiqc                                            [DEBUG  ]  File ignored by hicexplorer because it exceeded search pattern filesize limit: 7827_H3VCKBCXX-1_merged_fastqc.html
[2022-08-05 11:05:20,283] multiqc                                            [DEBUG  ]  File ignored by nanostat because it exceeded search pattern filesize limit: 7827_H3VCKBCXX-1_merged_fastqc.html
[2022-08-05 11:05:20,283] multiqc                                            [DEBUG  ]  File ignored by lima/summary because it exceeded search pattern filesize limit: 7827_H3VCKBCXX-1_merged_fastqc.html
[2022-08-05 11:05:20,301] multiqc                                            [DEBUG  ]  File ignored by vep/vep_txt because it exceeded search pattern filesize limit: 7827_H3VCKBCXX-1_merged_fastqc.html
[2022-08-05 11:05:20,301] multiqc                                            [DEBUG  ]  File ignored by longranger/invocation because it exceeded search pattern filesize limit: 7827_H3VCKBCXX-1_merged_fastqc.html
[2022-08-05 11:05:20,301] multiqc                                            [DEBUG  ]  File ignored by rockhopper because it exceeded search pattern filesize limit: 7827_H3VCKBCXX-1_merged_fastqc.html
[2022-08-05 11:05:20,301] multiqc                                            [DEBUG  ]  File ignored by rseqc/bam_stat because it exceeded search pattern filesize limit: 7827_H3VCKBCXX-1_merged_fastqc.html
[2022-08-05 11:05:20,302] multiqc                                            [DEBUG  ]  File ignored by rseqc/junction_annotation because it exceeded search pattern filesize limit: 7827_H3VCKBCXX-1_merged_fastqc.html
[2022-08-05 11:05:20,302] multiqc                                            [DEBUG  ]  File ignored by rseqc/read_distribution because it exceeded search pattern filesize limit: 7827_H3VCKBCXX-1_merged_fastqc.html
[2022-08-05 11:05:20,302] multiqc                                            [DEBUG  ]  File ignored by rseqc/infer_experiment because it exceeded search pattern filesize limit: 7827_H3VCKBCXX-1_merged_fastqc.html
[2022-08-05 11:05:20,386] multiqc                                            [DEBUG  ]  Ignoring file as matched an ignore pattern: 7827_H3VCKBCXX-1_merged.fastq.gz
[2022-08-05 11:05:20,504] multiqc                                            [DEBUG  ]  File ignored by ccs/v4 because it exceeded search pattern filesize limit: 7827_H3VCKBCXX-1_R1p_fastqc.html
[2022-08-05 11:05:20,512] multiqc                                            [DEBUG  ]  File ignored by hicexplorer because it exceeded search pattern filesize limit: 7827_H3VCKBCXX-1_R1p_fastqc.html
[2022-08-05 11:05:20,513] multiqc                                            [DEBUG  ]  File ignored by nanostat because it exceeded search pattern filesize limit: 7827_H3VCKBCXX-1_R1p_fastqc.html
[2022-08-05 11:05:20,513] multiqc                                            [DEBUG  ]  File ignored by lima/summary because it exceeded search pattern filesize limit: 7827_H3VCKBCXX-1_R1p_fastqc.html
[2022-08-05 11:05:20,529] multiqc                                            [DEBUG  ]  File ignored by vep/vep_txt because it exceeded search pattern filesize limit: 7827_H3VCKBCXX-1_R1p_fastqc.html
[2022-08-05 11:05:20,529] multiqc                                            [DEBUG  ]  File ignored by longranger/invocation because it exceeded search pattern filesize limit: 7827_H3VCKBCXX-1_R1p_fastqc.html
[2022-08-05 11:05:20,529] multiqc                                            [DEBUG  ]  File ignored by rockhopper because it exceeded search pattern filesize limit: 7827_H3VCKBCXX-1_R1p_fastqc.html
[2022-08-05 11:05:20,529] multiqc                                            [DEBUG  ]  File ignored by rseqc/bam_stat because it exceeded search pattern filesize limit: 7827_H3VCKBCXX-1_R1p_fastqc.html
[2022-08-05 11:05:20,529] multiqc                                            [DEBUG  ]  File ignored by rseqc/junction_annotation because it exceeded search pattern filesize limit: 7827_H3VCKBCXX-1_R1p_fastqc.html
[2022-08-05 11:05:20,529] multiqc                                            [DEBUG  ]  File ignored by rseqc/read_distribution because it exceeded search pattern filesize limit: 7827_H3VCKBCXX-1_R1p_fastqc.html
[2022-08-05 11:05:20,529] multiqc                                            [DEBUG  ]  File ignored by rseqc/infer_experiment because it exceeded search pattern filesize limit: 7827_H3VCKBCXX-1_R1p_fastqc.html
[2022-08-05 11:05:20,606] multiqc                                            [DEBUG  ]  Ignoring file as matched an ignore pattern: 7827_H3VCKBCXX-1_R1p.fastq.gz
[2022-08-05 11:05:21,345] multiqc                                            [DEBUG  ]  File ignored by ccs/v4 because it exceeded search pattern filesize limit: 7827_H3VCKBCXX-1_R1R2u_fastqc.html
[2022-08-05 11:05:21,359] multiqc                                            [DEBUG  ]  File ignored by hicexplorer because it exceeded search pattern filesize limit: 7827_H3VCKBCXX-1_R1R2u_fastqc.html
[2022-08-05 11:05:21,361] multiqc                                            [DEBUG  ]  File ignored by nanostat because it exceeded search pattern filesize limit: 7827_H3VCKBCXX-1_R1R2u_fastqc.html
[2022-08-05 11:05:21,361] multiqc                                            [DEBUG  ]  File ignored by lima/summary because it exceeded search pattern filesize limit: 7827_H3VCKBCXX-1_R1R2u_fastqc.html
[2022-08-05 11:05:21,655] multiqc                                            [DEBUG  ]  File ignored by vep/vep_txt because it exceeded search pattern filesize limit: 7827_H3VCKBCXX-1_R1R2u_fastqc.html
[2022-08-05 11:05:21,656] multiqc                                            [DEBUG  ]  File ignored by longranger/invocation because it exceeded search pattern filesize limit: 7827_H3VCKBCXX-1_R1R2u_fastqc.html
[2022-08-05 11:05:21,656] multiqc                                            [DEBUG  ]  File ignored by rockhopper because it exceeded search pattern filesize limit: 7827_H3VCKBCXX-1_R1R2u_fastqc.html
[2022-08-05 11:05:21,656] multiqc                                            [DEBUG  ]  File ignored by rseqc/bam_stat because it exceeded search pattern filesize limit: 7827_H3VCKBCXX-1_R1R2u_fastqc.html
[2022-08-05 11:05:21,656] multiqc                                            [DEBUG  ]  File ignored by rseqc/junction_annotation because it exceeded search pattern filesize limit: 7827_H3VCKBCXX-1_R1R2u_fastqc.html
[2022-08-05 11:05:21,656] multiqc                                            [DEBUG  ]  File ignored by rseqc/read_distribution because it exceeded search pattern filesize limit: 7827_H3VCKBCXX-1_R1R2u_fastqc.html
[2022-08-05 11:05:21,656] multiqc                                            [DEBUG  ]  File ignored by rseqc/infer_experiment because it exceeded search pattern filesize limit: 7827_H3VCKBCXX-1_R1R2u_fastqc.html
[2022-08-05 11:05:21,970] multiqc                                            [DEBUG  ]  Ignoring file as matched an ignore pattern: 7827_H3VCKBCXX-1_R1R2u.fastq.gz
[2022-08-05 11:05:22,081] multiqc                                            [DEBUG  ]  File ignored by ccs/v4 because it exceeded search pattern filesize limit: 7827_H3VCKBCXX-1_R2p_fastqc.html
[2022-08-05 11:05:22,089] multiqc                                            [DEBUG  ]  File ignored by hicexplorer because it exceeded search pattern filesize limit: 7827_H3VCKBCXX-1_R2p_fastqc.html
[2022-08-05 11:05:22,090] multiqc                                            [DEBUG  ]  File ignored by nanostat because it exceeded search pattern filesize limit: 7827_H3VCKBCXX-1_R2p_fastqc.html
[2022-08-05 11:05:22,090] multiqc                                            [DEBUG  ]  File ignored by lima/summary because it exceeded search pattern filesize limit: 7827_H3VCKBCXX-1_R2p_fastqc.html
[2022-08-05 11:05:22,108] multiqc                                            [DEBUG  ]  File ignored by vep/vep_txt because it exceeded search pattern filesize limit: 7827_H3VCKBCXX-1_R2p_fastqc.html
[2022-08-05 11:05:22,108] multiqc                                            [DEBUG  ]  File ignored by longranger/invocation because it exceeded search pattern filesize limit: 7827_H3VCKBCXX-1_R2p_fastqc.html
[2022-08-05 11:05:22,108] multiqc                                            [DEBUG  ]  File ignored by rockhopper because it exceeded search pattern filesize limit: 7827_H3VCKBCXX-1_R2p_fastqc.html
[2022-08-05 11:05:22,108] multiqc                                            [DEBUG  ]  File ignored by rseqc/bam_stat because it exceeded search pattern filesize limit: 7827_H3VCKBCXX-1_R2p_fastqc.html
[2022-08-05 11:05:22,108] multiqc                                            [DEBUG  ]  File ignored by rseqc/junction_annotation because it exceeded search pattern filesize limit: 7827_H3VCKBCXX-1_R2p_fastqc.html
[2022-08-05 11:05:22,108] multiqc                                            [DEBUG  ]  File ignored by rseqc/read_distribution because it exceeded search pattern filesize limit: 7827_H3VCKBCXX-1_R2p_fastqc.html
[2022-08-05 11:05:22,108] multiqc                                            [DEBUG  ]  File ignored by rseqc/infer_experiment because it exceeded search pattern filesize limit: 7827_H3VCKBCXX-1_R2p_fastqc.html
[2022-08-05 11:05:22,269] multiqc                                            [DEBUG  ]  Ignoring file as matched an ignore pattern: 7827_H3VCKBCXX-1_R2p.fastq.gz
[2022-08-05 11:05:22,270] multiqc                                            [DEBUG  ]  Ignoring file as matched an ignore pattern: 7827_QCreads.md5
[2022-08-05 11:05:23,466] multiqc.plots.bargraph                             [DEBUG  ]  Using matplotlib version 3.3.4
[2022-08-05 11:05:23,470] multiqc.plots.linegraph                            [DEBUG  ]  Using matplotlib version 3.3.4
[2022-08-05 11:05:23,474] multiqc                                            [DEBUG  ]  No samples found: custom_content
[2022-08-05 11:05:23,479] multiqc                                            [DEBUG  ]  No samples found: ccs
[2022-08-05 11:05:23,484] multiqc                                            [DEBUG  ]  No samples found: ngsderive
[2022-08-05 11:05:23,489] multiqc                                            [DEBUG  ]  No samples found: purple
[2022-08-05 11:05:23,493] multiqc                                            [DEBUG  ]  No samples found: conpair
[2022-08-05 11:05:23,498] multiqc                                            [DEBUG  ]  No samples found: lima
[2022-08-05 11:05:23,503] multiqc                                            [DEBUG  ]  No samples found: peddy
[2022-08-05 11:05:23,510] multiqc                                            [DEBUG  ]  No samples found: somalier
[2022-08-05 11:05:23,514] multiqc                                            [DEBUG  ]  No samples found: methylQA
[2022-08-05 11:05:23,758] multiqc.modules.mosdepth.mosdepth                  [DEBUG  ]  include_contigs: []
[2022-08-05 11:05:23,758] multiqc.modules.mosdepth.mosdepth                  [DEBUG  ]  exclude_contigs: []
[2022-08-05 11:05:23,758] multiqc                                            [DEBUG  ]  No samples found: mosdepth
[2022-08-05 11:05:23,763] multiqc                                            [DEBUG  ]  No samples found: phantompeakqualtools
[2022-08-05 11:05:23,767] multiqc                                            [DEBUG  ]  No samples found: qualimap
[2022-08-05 11:05:24,001] multiqc                                            [DEBUG  ]  No samples found: preseq
[2022-08-05 11:05:24,007] multiqc                                            [DEBUG  ]  No samples found: quast
[2022-08-05 11:05:24,013] multiqc                                            [DEBUG  ]  No samples found: qorts
[2022-08-05 11:05:24,018] multiqc                                            [DEBUG  ]  No samples found: rna_seqc
[2022-08-05 11:05:24,023] multiqc                                            [DEBUG  ]  No samples found: rockhopper
[2022-08-05 11:05:24,027] multiqc                                            [DEBUG  ]  No samples found: rsem
[2022-08-05 11:05:24,273] multiqc                                            [DEBUG  ]  No samples found: rseqc
[2022-08-05 11:05:24,277] multiqc                                            [DEBUG  ]  No samples found: busco
[2022-08-05 11:05:24,282] multiqc                                            [DEBUG  ]  No samples found: bustools
[2022-08-05 11:05:24,286] multiqc                                            [DEBUG  ]  No samples found: goleft_indexcov
[2022-08-05 11:05:24,291] multiqc                                            [DEBUG  ]  No samples found: gffcompare
[2022-08-05 11:05:24,295] multiqc                                            [DEBUG  ]  No samples found: disambiguate
[2022-08-05 11:05:24,300] multiqc                                            [DEBUG  ]  No samples found: supernova
[2022-08-05 11:05:24,551] multiqc                                            [DEBUG  ]  No samples found: deeptools
[2022-08-05 11:05:24,556] multiqc                                            [DEBUG  ]  No samples found: sargasso
[2022-08-05 11:05:24,561] multiqc                                            [DEBUG  ]  No samples found: verifybamid
[2022-08-05 11:05:24,566] multiqc                                            [DEBUG  ]  No samples found: mirtrace
[2022-08-05 11:05:24,570] multiqc                                            [DEBUG  ]  No samples found: happy
[2022-08-05 11:05:24,575] multiqc                                            [DEBUG  ]  No samples found: mirtop
[2022-08-05 11:05:24,580] multiqc                                            [DEBUG  ]  No samples found: sambamba
[2022-08-05 11:05:24,588] multiqc                                            [DEBUG  ]  No samples found: homer
[2022-08-05 11:05:24,592] multiqc                                            [DEBUG  ]  No samples found: hops
[2022-08-05 11:05:24,597] multiqc                                            [DEBUG  ]  No samples found: macs2
[2022-08-05 11:05:24,601] multiqc                                            [DEBUG  ]  No samples found: theta2
[2022-08-05 11:05:24,606] multiqc                                            [DEBUG  ]  No samples found: snpeff
[2022-08-05 11:05:24,613] multiqc                                            [DEBUG  ]  No samples found: gatk
[2022-08-05 11:05:24,618] multiqc                                            [DEBUG  ]  No samples found: htseq
[2022-08-05 11:05:24,623] multiqc                                            [DEBUG  ]  No samples found: bcftools
[2022-08-05 11:05:24,627] multiqc                                            [DEBUG  ]  No samples found: featureCounts
[2022-08-05 11:05:24,633] multiqc                                            [DEBUG  ]  No samples found: fgbio
[2022-08-05 11:05:24,649] multiqc                                            [DEBUG  ]  No samples found: dragen
[2022-08-05 11:05:24,654] multiqc                                            [DEBUG  ]  No samples found: dedup
[2022-08-05 11:05:24,658] multiqc                                            [DEBUG  ]  No samples found: damageprofiler
[2022-08-05 11:05:24,926] multiqc                                            [DEBUG  ]  No samples found: biobambam2
[2022-08-05 11:05:24,931] multiqc                                            [DEBUG  ]  No samples found: jcvi
[2022-08-05 11:05:24,935] multiqc                                            [DEBUG  ]  No samples found: mtnucratio
[2022-08-05 11:05:24,937] multiqc                                            [DEBUG  ]  No samples found: picard
[2022-08-05 11:05:24,943] multiqc                                            [DEBUG  ]  No samples found: vep
[2022-08-05 11:05:24,950] multiqc                                            [DEBUG  ]  No samples found: sentieon
[2022-08-05 11:05:24,954] multiqc                                            [DEBUG  ]  No samples found: prokka
[2022-08-05 11:05:25,193] multiqc                                            [DEBUG  ]  No samples found: qc3C
[2022-08-05 11:05:25,198] multiqc                                            [DEBUG  ]  No samples found: nanostat
[2022-08-05 11:05:25,202] multiqc                                            [DEBUG  ]  No samples found: samblaster
[2022-08-05 11:05:25,211] multiqc                                            [DEBUG  ]  No samples found: samtools
[2022-08-05 11:05:25,215] multiqc                                            [DEBUG  ]  No samples found: sexdeterrmine
[2022-08-05 11:05:25,220] multiqc                                            [DEBUG  ]  No samples found: eigenstratdatabasetools
[2022-08-05 11:05:25,225] multiqc                                            [DEBUG  ]  No samples found: bamtools
[2022-08-05 11:05:25,229] multiqc                                            [DEBUG  ]  No samples found: jellyfish
[2022-08-05 11:05:25,237] multiqc                                            [DEBUG  ]  No samples found: vcftools
[2022-08-05 11:05:25,243] multiqc                                            [DEBUG  ]  No samples found: longranger
[2022-08-05 11:05:25,248] multiqc                                            [DEBUG  ]  No samples found: stacks
[2022-08-05 11:05:25,483] multiqc                                            [DEBUG  ]  No samples found: varscan2
[2022-08-05 11:05:25,717] multiqc                                            [DEBUG  ]  No samples found: snippy
[2022-08-05 11:05:25,734] multiqc                                            [DEBUG  ]  No samples found: bbmap
[2022-08-05 11:05:25,740] multiqc                                            [DEBUG  ]  No samples found: bismark
[2022-08-05 11:05:25,748] multiqc                                            [DEBUG  ]  No samples found: biscuit
[2022-08-05 11:05:25,754] multiqc                                            [DEBUG  ]  No samples found: hicexplorer
[2022-08-05 11:05:25,759] multiqc                                            [DEBUG  ]  No samples found: hicup
[2022-08-05 11:05:25,994] multiqc                                            [DEBUG  ]  No samples found: hicpro
[2022-08-05 11:05:25,999] multiqc                                            [DEBUG  ]  No samples found: salmon
[2022-08-05 11:05:26,003] multiqc                                            [DEBUG  ]  No samples found: kallisto
[2022-08-05 11:05:26,010] multiqc                                            [DEBUG  ]  No samples found: slamdunk
[2022-08-05 11:05:26,016] multiqc                                            [DEBUG  ]  No samples found: star
[2022-08-05 11:05:26,020] multiqc                                            [DEBUG  ]  No samples found: hisat2
[2022-08-05 11:05:26,024] multiqc                                            [DEBUG  ]  No samples found: tophat
[2022-08-05 11:05:26,028] multiqc                                            [DEBUG  ]  No samples found: bowtie2
[2022-08-05 11:05:26,033] multiqc                                            [DEBUG  ]  No samples found: bowtie1
[2022-08-05 11:05:26,038] multiqc                                            [DEBUG  ]  No samples found: snpsplit
[2022-08-05 11:05:26,043] multiqc                                            [DEBUG  ]  No samples found: odgi
[2022-08-05 11:05:26,048] multiqc                                            [DEBUG  ]  No samples found: pangolin
[2022-08-05 11:05:26,052] multiqc                                            [DEBUG  ]  No samples found: kat
[2022-08-05 11:05:26,056] multiqc                                            [DEBUG  ]  No samples found: leehom
[2022-08-05 11:05:26,061] multiqc                                            [DEBUG  ]  No samples found: adapterRemoval
[2022-08-05 11:05:26,065] multiqc                                            [DEBUG  ]  No samples found: clipandmerge
[2022-08-05 11:05:26,070] multiqc                                            [DEBUG  ]  No samples found: cutadapt
[2022-08-05 11:05:26,074] multiqc                                            [DEBUG  ]  No samples found: flexbar
[2022-08-05 11:05:26,079] multiqc                                            [DEBUG  ]  No samples found: kaiju
[2022-08-05 11:05:26,084] multiqc                                            [DEBUG  ]  No samples found: kraken
[2022-08-05 11:05:26,088] multiqc                                            [DEBUG  ]  No samples found: malt
[2022-08-05 11:05:26,092] multiqc                                            [DEBUG  ]  No samples found: trimmomatic
[2022-08-05 11:05:26,096] multiqc                                            [DEBUG  ]  No samples found: sickle
[2022-08-05 11:05:26,101] multiqc                                            [DEBUG  ]  No samples found: skewer
[2022-08-05 11:05:26,105] multiqc                                            [DEBUG  ]  No samples found: sortmerna
[2022-08-05 11:05:26,109] multiqc                                            [DEBUG  ]  No samples found: biobloomtools
[2022-08-05 11:05:26,114] multiqc                                            [DEBUG  ]  No samples found: fastq_screen
[2022-08-05 11:05:26,119] multiqc                                            [DEBUG  ]  No samples found: afterqc
[2022-08-05 11:05:26,124] multiqc                                            [DEBUG  ]  No samples found: fastp
[2022-08-05 11:05:26,336] multiqc.modules.fastqc.fastqc                      [INFO   ]  Found 4 reports
[2022-08-05 11:05:26,647] multiqc                                            [DEBUG  ]  No samples found: pychopper
[2022-08-05 11:05:26,653] multiqc                                            [DEBUG  ]  No samples found: pycoqc
[2022-08-05 11:05:26,658] multiqc                                            [DEBUG  ]  No samples found: minionqc
[2022-08-05 11:05:26,663] multiqc                                            [DEBUG  ]  No samples found: multivcfanalyzer
[2022-08-05 11:05:26,897] multiqc                                            [DEBUG  ]  No samples found: clusterflow
[2022-08-05 11:05:26,903] multiqc                                            [DEBUG  ]  No samples found: bcl2fastq
[2022-08-05 11:05:26,909] multiqc                                            [DEBUG  ]  No samples found: bclconvert
[2022-08-05 11:05:26,914] multiqc                                            [DEBUG  ]  No samples found: interop
[2022-08-05 11:05:26,919] multiqc                                            [DEBUG  ]  No samples found: ivar
[2022-08-05 11:05:26,923] multiqc                                            [DEBUG  ]  No samples found: flash
[2022-08-05 11:05:26,927] multiqc                                            [DEBUG  ]  No samples found: seqyclean
[2022-08-05 11:05:26,931] multiqc                                            [DEBUG  ]  No samples found: optitype
[2022-08-05 11:05:26,935] multiqc                                            [INFO   ]  Compressing plot data
[2022-08-05 11:05:26,998] multiqc                                            [INFO   ]  Report      : 7827_MGSD_CSIRO.qc.stats/multiqc_report.html
[2022-08-05 11:05:26,998] multiqc                                            [INFO   ]  Data        : 7827_MGSD_CSIRO.qc.stats/multiqc_data
[2022-08-05 11:05:26,998] multiqc                                            [DEBUG  ]  Moving data file from '/tmp/smi9a9.8584783/tmpebym0p0x/multiqc_data' to '7827_MGSD_CSIRO.qc.stats/multiqc_data'
[2022-08-05 11:05:27,127] multiqc                                            [INFO   ]  MultiQC complete
