[2022-08-05 11:07:43,712] multiqc                                            [DEBUG  ]  This is MultiQC v1.11
[2022-08-05 11:07:43,712] multiqc                                            [DEBUG  ]  No MultiQC config found: /apps/multiqc/1.11/lib/python3.9/site-packages/multiqc_config.yaml
[2022-08-05 11:07:43,712] multiqc                                            [DEBUG  ]  No MultiQC config found: /home/smi9a9/.multiqc_config.yaml
[2022-08-05 11:07:46,871] multiqc                                            [DEBUG  ]  No MultiQC config found: multiqc_config.yaml
[2022-08-05 11:07:46,871] multiqc                                            [DEBUG  ]  Command used: /apps/multiqc/1.11/bin/multiqc ./9498_HFLF3BCXX-1_merged_fastqc.html ./9498_HFLF3BCXX-1_merged_fastqc.zip ./9498_HFLF3BCXX-1_merged.fastq.gz ./9498_HFLF3BCXX-1_R1p_fastqc.html ./9498_HFLF3BCXX-1_R1p_fastqc.zip ./9498_HFLF3BCXX-1_R1p.fastq.gz ./9498_HFLF3BCXX-1_R1R2u_fastqc.html ./9498_HFLF3BCXX-1_R1R2u_fastqc.zip ./9498_HFLF3BCXX-1_R1R2u.fastq.gz ./9498_HFLF3BCXX-1_R2p_fastqc.html ./9498_HFLF3BCXX-1_R2p_fastqc.zip ./9498_HFLF3BCXX-1_R2p.fastq.gz ./9498_QCreads.md5 -o 9498_MGSD_CSIRO.qc.stats
[2022-08-05 11:07:46,873] multiqc                                            [DEBUG  ]  Could not connect to multiqc.info for version check: <urlopen error [Errno 111] Connection refused>
[2022-08-05 11:07:46,874] multiqc                                            [DEBUG  ]  Command     : /apps/multiqc/1.11/bin/multiqc ./9498_HFLF3BCXX-1_merged_fastqc.html ./9498_HFLF3BCXX-1_merged_fastqc.zip ./9498_HFLF3BCXX-1_merged.fastq.gz ./9498_HFLF3BCXX-1_R1p_fastqc.html ./9498_HFLF3BCXX-1_R1p_fastqc.zip ./9498_HFLF3BCXX-1_R1p.fastq.gz ./9498_HFLF3BCXX-1_R1R2u_fastqc.html ./9498_HFLF3BCXX-1_R1R2u_fastqc.zip ./9498_HFLF3BCXX-1_R1R2u.fastq.gz ./9498_HFLF3BCXX-1_R2p_fastqc.html ./9498_HFLF3BCXX-1_R2p_fastqc.zip ./9498_HFLF3BCXX-1_R2p.fastq.gz ./9498_QCreads.md5 -o 9498_MGSD_CSIRO.qc.stats
[2022-08-05 11:07:46,874] multiqc                                            [DEBUG  ]  Working dir : /datasets/work/oa-amd/work/amd/Metagenome_QC_reads
[2022-08-05 11:07:46,874] multiqc                                            [DEBUG  ]  Template    : default
[2022-08-05 11:07:46,874] multiqc                                            [DEBUG  ]  Running Python 3.9.4 (default, Apr 25 2021, 16:13:27)  [GCC 10.3.0]
[2022-08-05 11:07:46,874] multiqc                                            [DEBUG  ]  Analysing modules: custom_content, ccs, ngsderive, purple, conpair, lima, peddy, somalier, methylQA, mosdepth, phantompeakqualtools, qualimap, preseq, quast, qorts, rna_seqc, rockhopper, rsem, rseqc, busco, bustools, goleft_indexcov, gffcompare, disambiguate, supernova, deeptools, sargasso, verifybamid, mirtrace, happy, mirtop, sambamba, homer, hops, macs2, theta2, snpeff, gatk, htseq, bcftools, featureCounts, fgbio, dragen, dedup, damageprofiler, biobambam2, jcvi, mtnucratio, picard, vep, sentieon, prokka, qc3C, nanostat, samblaster, samtools, sexdeterrmine, eigenstratdatabasetools, bamtools, jellyfish, vcftools, longranger, stacks, varscan2, snippy, bbmap, bismark, biscuit, hicexplorer, hicup, hicpro, salmon, kallisto, slamdunk, star, hisat2, tophat, bowtie2, bowtie1, snpsplit, odgi, pangolin, kat, leehom, adapterRemoval, clipandmerge, cutadapt, flexbar, kaiju, kraken, malt, trimmomatic, sickle, skewer, sortmerna, biobloomtools, fastq_screen, afterqc, fastp, fastqc, pychopper, pycoqc, minionqc, multivcfanalyzer, clusterflow, bcl2fastq, bclconvert, interop, ivar, flash, seqyclean, optitype
[2022-08-05 11:07:46,874] multiqc                                            [DEBUG  ]  Using temporary directory for creating report: /tmp/smi9a9.8585341/tmpsqovypfm
[2022-08-05 11:07:46,936] multiqc                                            [INFO   ]  Search path : /datasets/work/oa-amd/work/amd/Metagenome_QC_reads/9498_HFLF3BCXX-1_merged_fastqc.html
[2022-08-05 11:07:46,936] multiqc                                            [INFO   ]  Search path : /datasets/work/oa-amd/work/amd/Metagenome_QC_reads/9498_HFLF3BCXX-1_merged_fastqc.zip
[2022-08-05 11:07:46,936] multiqc                                            [INFO   ]  Search path : /datasets/work/oa-amd/work/amd/Metagenome_QC_reads/9498_HFLF3BCXX-1_merged.fastq.gz
[2022-08-05 11:07:46,936] multiqc                                            [INFO   ]  Search path : /datasets/work/oa-amd/work/amd/Metagenome_QC_reads/9498_HFLF3BCXX-1_R1p_fastqc.html
[2022-08-05 11:07:46,936] multiqc                                            [INFO   ]  Search path : /datasets/work/oa-amd/work/amd/Metagenome_QC_reads/9498_HFLF3BCXX-1_R1p_fastqc.zip
[2022-08-05 11:07:46,936] multiqc                                            [INFO   ]  Search path : /datasets/work/oa-amd/work/amd/Metagenome_QC_reads/9498_HFLF3BCXX-1_R1p.fastq.gz
[2022-08-05 11:07:46,936] multiqc                                            [INFO   ]  Search path : /datasets/work/oa-amd/work/amd/Metagenome_QC_reads/9498_HFLF3BCXX-1_R1R2u_fastqc.html
[2022-08-05 11:07:46,936] multiqc                                            [INFO   ]  Search path : /datasets/work/oa-amd/work/amd/Metagenome_QC_reads/9498_HFLF3BCXX-1_R1R2u_fastqc.zip
[2022-08-05 11:07:46,936] multiqc                                            [INFO   ]  Search path : /datasets/work/oa-amd/work/amd/Metagenome_QC_reads/9498_HFLF3BCXX-1_R1R2u.fastq.gz
[2022-08-05 11:07:46,936] multiqc                                            [INFO   ]  Search path : /datasets/work/oa-amd/work/amd/Metagenome_QC_reads/9498_HFLF3BCXX-1_R2p_fastqc.html
[2022-08-05 11:07:46,936] multiqc                                            [INFO   ]  Search path : /datasets/work/oa-amd/work/amd/Metagenome_QC_reads/9498_HFLF3BCXX-1_R2p_fastqc.zip
[2022-08-05 11:07:46,936] multiqc                                            [INFO   ]  Search path : /datasets/work/oa-amd/work/amd/Metagenome_QC_reads/9498_HFLF3BCXX-1_R2p.fastq.gz
[2022-08-05 11:07:46,936] multiqc                                            [INFO   ]  Search path : /datasets/work/oa-amd/work/amd/Metagenome_QC_reads/9498_QCreads.md5
[2022-08-05 11:07:48,994] multiqc                                            [DEBUG  ]  File ignored by ccs/v4 because it exceeded search pattern filesize limit: 9498_HFLF3BCXX-1_merged_fastqc.html
[2022-08-05 11:07:49,002] multiqc                                            [DEBUG  ]  File ignored by hicexplorer because it exceeded search pattern filesize limit: 9498_HFLF3BCXX-1_merged_fastqc.html
[2022-08-05 11:07:49,002] multiqc                                            [DEBUG  ]  File ignored by nanostat because it exceeded search pattern filesize limit: 9498_HFLF3BCXX-1_merged_fastqc.html
[2022-08-05 11:07:49,003] multiqc                                            [DEBUG  ]  File ignored by lima/summary because it exceeded search pattern filesize limit: 9498_HFLF3BCXX-1_merged_fastqc.html
[2022-08-05 11:07:49,020] multiqc                                            [DEBUG  ]  File ignored by vep/vep_txt because it exceeded search pattern filesize limit: 9498_HFLF3BCXX-1_merged_fastqc.html
[2022-08-05 11:07:49,021] multiqc                                            [DEBUG  ]  File ignored by longranger/invocation because it exceeded search pattern filesize limit: 9498_HFLF3BCXX-1_merged_fastqc.html
[2022-08-05 11:07:49,021] multiqc                                            [DEBUG  ]  File ignored by rockhopper because it exceeded search pattern filesize limit: 9498_HFLF3BCXX-1_merged_fastqc.html
[2022-08-05 11:07:49,021] multiqc                                            [DEBUG  ]  File ignored by rseqc/bam_stat because it exceeded search pattern filesize limit: 9498_HFLF3BCXX-1_merged_fastqc.html
[2022-08-05 11:07:49,021] multiqc                                            [DEBUG  ]  File ignored by rseqc/junction_annotation because it exceeded search pattern filesize limit: 9498_HFLF3BCXX-1_merged_fastqc.html
[2022-08-05 11:07:49,021] multiqc                                            [DEBUG  ]  File ignored by rseqc/read_distribution because it exceeded search pattern filesize limit: 9498_HFLF3BCXX-1_merged_fastqc.html
[2022-08-05 11:07:49,021] multiqc                                            [DEBUG  ]  File ignored by rseqc/infer_experiment because it exceeded search pattern filesize limit: 9498_HFLF3BCXX-1_merged_fastqc.html
[2022-08-05 11:07:49,129] multiqc                                            [DEBUG  ]  Ignoring file as matched an ignore pattern: 9498_HFLF3BCXX-1_merged.fastq.gz
[2022-08-05 11:07:49,226] multiqc                                            [DEBUG  ]  File ignored by ccs/v4 because it exceeded search pattern filesize limit: 9498_HFLF3BCXX-1_R1p_fastqc.html
[2022-08-05 11:07:49,230] multiqc                                            [DEBUG  ]  File ignored by hicexplorer because it exceeded search pattern filesize limit: 9498_HFLF3BCXX-1_R1p_fastqc.html
[2022-08-05 11:07:49,231] multiqc                                            [DEBUG  ]  File ignored by nanostat because it exceeded search pattern filesize limit: 9498_HFLF3BCXX-1_R1p_fastqc.html
[2022-08-05 11:07:49,231] multiqc                                            [DEBUG  ]  File ignored by lima/summary because it exceeded search pattern filesize limit: 9498_HFLF3BCXX-1_R1p_fastqc.html
[2022-08-05 11:07:49,238] multiqc                                            [DEBUG  ]  File ignored by vep/vep_txt because it exceeded search pattern filesize limit: 9498_HFLF3BCXX-1_R1p_fastqc.html
[2022-08-05 11:07:49,238] multiqc                                            [DEBUG  ]  File ignored by longranger/invocation because it exceeded search pattern filesize limit: 9498_HFLF3BCXX-1_R1p_fastqc.html
[2022-08-05 11:07:49,238] multiqc                                            [DEBUG  ]  File ignored by rockhopper because it exceeded search pattern filesize limit: 9498_HFLF3BCXX-1_R1p_fastqc.html
[2022-08-05 11:07:49,238] multiqc                                            [DEBUG  ]  File ignored by rseqc/bam_stat because it exceeded search pattern filesize limit: 9498_HFLF3BCXX-1_R1p_fastqc.html
[2022-08-05 11:07:49,238] multiqc                                            [DEBUG  ]  File ignored by rseqc/junction_annotation because it exceeded search pattern filesize limit: 9498_HFLF3BCXX-1_R1p_fastqc.html
[2022-08-05 11:07:49,238] multiqc                                            [DEBUG  ]  File ignored by rseqc/read_distribution because it exceeded search pattern filesize limit: 9498_HFLF3BCXX-1_R1p_fastqc.html
[2022-08-05 11:07:49,238] multiqc                                            [DEBUG  ]  File ignored by rseqc/infer_experiment because it exceeded search pattern filesize limit: 9498_HFLF3BCXX-1_R1p_fastqc.html
[2022-08-05 11:07:49,313] multiqc                                            [DEBUG  ]  Ignoring file as matched an ignore pattern: 9498_HFLF3BCXX-1_R1p.fastq.gz
[2022-08-05 11:07:49,723] multiqc                                            [DEBUG  ]  File ignored by ccs/v4 because it exceeded search pattern filesize limit: 9498_HFLF3BCXX-1_R1R2u_fastqc.html
[2022-08-05 11:07:49,727] multiqc                                            [DEBUG  ]  File ignored by hicexplorer because it exceeded search pattern filesize limit: 9498_HFLF3BCXX-1_R1R2u_fastqc.html
[2022-08-05 11:07:49,727] multiqc                                            [DEBUG  ]  File ignored by nanostat because it exceeded search pattern filesize limit: 9498_HFLF3BCXX-1_R1R2u_fastqc.html
[2022-08-05 11:07:49,727] multiqc                                            [DEBUG  ]  File ignored by lima/summary because it exceeded search pattern filesize limit: 9498_HFLF3BCXX-1_R1R2u_fastqc.html
[2022-08-05 11:07:49,737] multiqc                                            [DEBUG  ]  File ignored by vep/vep_txt because it exceeded search pattern filesize limit: 9498_HFLF3BCXX-1_R1R2u_fastqc.html
[2022-08-05 11:07:49,737] multiqc                                            [DEBUG  ]  File ignored by longranger/invocation because it exceeded search pattern filesize limit: 9498_HFLF3BCXX-1_R1R2u_fastqc.html
[2022-08-05 11:07:49,737] multiqc                                            [DEBUG  ]  File ignored by rockhopper because it exceeded search pattern filesize limit: 9498_HFLF3BCXX-1_R1R2u_fastqc.html
[2022-08-05 11:07:49,737] multiqc                                            [DEBUG  ]  File ignored by rseqc/bam_stat because it exceeded search pattern filesize limit: 9498_HFLF3BCXX-1_R1R2u_fastqc.html
[2022-08-05 11:07:49,737] multiqc                                            [DEBUG  ]  File ignored by rseqc/junction_annotation because it exceeded search pattern filesize limit: 9498_HFLF3BCXX-1_R1R2u_fastqc.html
[2022-08-05 11:07:49,737] multiqc                                            [DEBUG  ]  File ignored by rseqc/read_distribution because it exceeded search pattern filesize limit: 9498_HFLF3BCXX-1_R1R2u_fastqc.html
[2022-08-05 11:07:49,737] multiqc                                            [DEBUG  ]  File ignored by rseqc/infer_experiment because it exceeded search pattern filesize limit: 9498_HFLF3BCXX-1_R1R2u_fastqc.html
[2022-08-05 11:07:49,813] multiqc                                            [DEBUG  ]  Ignoring file as matched an ignore pattern: 9498_HFLF3BCXX-1_R1R2u.fastq.gz
[2022-08-05 11:07:49,974] multiqc                                            [DEBUG  ]  File ignored by ccs/v4 because it exceeded search pattern filesize limit: 9498_HFLF3BCXX-1_R2p_fastqc.html
[2022-08-05 11:07:50,008] multiqc                                            [DEBUG  ]  File ignored by hicexplorer because it exceeded search pattern filesize limit: 9498_HFLF3BCXX-1_R2p_fastqc.html
[2022-08-05 11:07:50,009] multiqc                                            [DEBUG  ]  File ignored by nanostat because it exceeded search pattern filesize limit: 9498_HFLF3BCXX-1_R2p_fastqc.html
[2022-08-05 11:07:50,009] multiqc                                            [DEBUG  ]  File ignored by lima/summary because it exceeded search pattern filesize limit: 9498_HFLF3BCXX-1_R2p_fastqc.html
[2022-08-05 11:07:50,042] multiqc                                            [DEBUG  ]  File ignored by vep/vep_txt because it exceeded search pattern filesize limit: 9498_HFLF3BCXX-1_R2p_fastqc.html
[2022-08-05 11:07:50,042] multiqc                                            [DEBUG  ]  File ignored by longranger/invocation because it exceeded search pattern filesize limit: 9498_HFLF3BCXX-1_R2p_fastqc.html
[2022-08-05 11:07:50,043] multiqc                                            [DEBUG  ]  File ignored by rockhopper because it exceeded search pattern filesize limit: 9498_HFLF3BCXX-1_R2p_fastqc.html
[2022-08-05 11:07:50,043] multiqc                                            [DEBUG  ]  File ignored by rseqc/bam_stat because it exceeded search pattern filesize limit: 9498_HFLF3BCXX-1_R2p_fastqc.html
[2022-08-05 11:07:50,043] multiqc                                            [DEBUG  ]  File ignored by rseqc/junction_annotation because it exceeded search pattern filesize limit: 9498_HFLF3BCXX-1_R2p_fastqc.html
[2022-08-05 11:07:50,043] multiqc                                            [DEBUG  ]  File ignored by rseqc/read_distribution because it exceeded search pattern filesize limit: 9498_HFLF3BCXX-1_R2p_fastqc.html
[2022-08-05 11:07:50,043] multiqc                                            [DEBUG  ]  File ignored by rseqc/infer_experiment because it exceeded search pattern filesize limit: 9498_HFLF3BCXX-1_R2p_fastqc.html
[2022-08-05 11:07:50,433] multiqc                                            [DEBUG  ]  Ignoring file as matched an ignore pattern: 9498_HFLF3BCXX-1_R2p.fastq.gz
[2022-08-05 11:07:50,434] multiqc                                            [DEBUG  ]  Ignoring file as matched an ignore pattern: 9498_QCreads.md5
[2022-08-05 11:07:50,720] multiqc.plots.bargraph                             [DEBUG  ]  Using matplotlib version 3.3.4
[2022-08-05 11:07:50,724] multiqc.plots.linegraph                            [DEBUG  ]  Using matplotlib version 3.3.4
[2022-08-05 11:07:50,727] multiqc                                            [DEBUG  ]  No samples found: custom_content
[2022-08-05 11:07:50,733] multiqc                                            [DEBUG  ]  No samples found: ccs
[2022-08-05 11:07:50,739] multiqc                                            [DEBUG  ]  No samples found: ngsderive
[2022-08-05 11:07:50,745] multiqc                                            [DEBUG  ]  No samples found: purple
[2022-08-05 11:07:50,750] multiqc                                            [DEBUG  ]  No samples found: conpair
[2022-08-05 11:07:50,755] multiqc                                            [DEBUG  ]  No samples found: lima
[2022-08-05 11:07:50,760] multiqc                                            [DEBUG  ]  No samples found: peddy
[2022-08-05 11:07:50,767] multiqc                                            [DEBUG  ]  No samples found: somalier
[2022-08-05 11:07:50,772] multiqc                                            [DEBUG  ]  No samples found: methylQA
[2022-08-05 11:07:50,782] multiqc.modules.mosdepth.mosdepth                  [DEBUG  ]  include_contigs: []
[2022-08-05 11:07:50,782] multiqc.modules.mosdepth.mosdepth                  [DEBUG  ]  exclude_contigs: []
[2022-08-05 11:07:50,782] multiqc                                            [DEBUG  ]  No samples found: mosdepth
[2022-08-05 11:07:50,787] multiqc                                            [DEBUG  ]  No samples found: phantompeakqualtools
[2022-08-05 11:07:50,791] multiqc                                            [DEBUG  ]  No samples found: qualimap
[2022-08-05 11:07:50,796] multiqc                                            [DEBUG  ]  No samples found: preseq
[2022-08-05 11:07:50,802] multiqc                                            [DEBUG  ]  No samples found: quast
[2022-08-05 11:07:50,807] multiqc                                            [DEBUG  ]  No samples found: qorts
[2022-08-05 11:07:50,813] multiqc                                            [DEBUG  ]  No samples found: rna_seqc
[2022-08-05 11:07:50,818] multiqc                                            [DEBUG  ]  No samples found: rockhopper
[2022-08-05 11:07:51,053] multiqc                                            [DEBUG  ]  No samples found: rsem
[2022-08-05 11:07:51,069] multiqc                                            [DEBUG  ]  No samples found: rseqc
[2022-08-05 11:07:51,074] multiqc                                            [DEBUG  ]  No samples found: busco
[2022-08-05 11:07:51,079] multiqc                                            [DEBUG  ]  No samples found: bustools
[2022-08-05 11:07:51,084] multiqc                                            [DEBUG  ]  No samples found: goleft_indexcov
[2022-08-05 11:07:51,090] multiqc                                            [DEBUG  ]  No samples found: gffcompare
[2022-08-05 11:07:51,095] multiqc                                            [DEBUG  ]  No samples found: disambiguate
[2022-08-05 11:07:51,101] multiqc                                            [DEBUG  ]  No samples found: supernova
[2022-08-05 11:07:51,118] multiqc                                            [DEBUG  ]  No samples found: deeptools
[2022-08-05 11:07:51,352] multiqc                                            [DEBUG  ]  No samples found: sargasso
[2022-08-05 11:07:51,357] multiqc                                            [DEBUG  ]  No samples found: verifybamid
[2022-08-05 11:07:51,363] multiqc                                            [DEBUG  ]  No samples found: mirtrace
[2022-08-05 11:07:51,368] multiqc                                            [DEBUG  ]  No samples found: happy
[2022-08-05 11:07:51,373] multiqc                                            [DEBUG  ]  No samples found: mirtop
[2022-08-05 11:07:51,378] multiqc                                            [DEBUG  ]  No samples found: sambamba
[2022-08-05 11:07:51,386] multiqc                                            [DEBUG  ]  No samples found: homer
[2022-08-05 11:07:51,391] multiqc                                            [DEBUG  ]  No samples found: hops
[2022-08-05 11:07:51,396] multiqc                                            [DEBUG  ]  No samples found: macs2
[2022-08-05 11:07:51,400] multiqc                                            [DEBUG  ]  No samples found: theta2
[2022-08-05 11:07:51,405] multiqc                                            [DEBUG  ]  No samples found: snpeff
[2022-08-05 11:07:51,413] multiqc                                            [DEBUG  ]  No samples found: gatk
[2022-08-05 11:07:51,418] multiqc                                            [DEBUG  ]  No samples found: htseq
[2022-08-05 11:07:51,424] multiqc                                            [DEBUG  ]  No samples found: bcftools
[2022-08-05 11:07:51,429] multiqc                                            [DEBUG  ]  No samples found: featureCounts
[2022-08-05 11:07:51,436] multiqc                                            [DEBUG  ]  No samples found: fgbio
[2022-08-05 11:07:51,453] multiqc                                            [DEBUG  ]  No samples found: dragen
[2022-08-05 11:07:51,458] multiqc                                            [DEBUG  ]  No samples found: dedup
[2022-08-05 11:07:51,464] multiqc                                            [DEBUG  ]  No samples found: damageprofiler
[2022-08-05 11:07:51,972] multiqc                                            [DEBUG  ]  No samples found: biobambam2
[2022-08-05 11:07:51,978] multiqc                                            [DEBUG  ]  No samples found: jcvi
[2022-08-05 11:07:51,982] multiqc                                            [DEBUG  ]  No samples found: mtnucratio
[2022-08-05 11:07:51,984] multiqc                                            [DEBUG  ]  No samples found: picard
[2022-08-05 11:07:51,992] multiqc                                            [DEBUG  ]  No samples found: vep
[2022-08-05 11:07:52,000] multiqc                                            [DEBUG  ]  No samples found: sentieon
[2022-08-05 11:07:52,006] multiqc                                            [DEBUG  ]  No samples found: prokka
[2022-08-05 11:07:52,244] multiqc                                            [DEBUG  ]  No samples found: qc3C
[2022-08-05 11:07:52,249] multiqc                                            [DEBUG  ]  No samples found: nanostat
[2022-08-05 11:07:52,485] multiqc                                            [DEBUG  ]  No samples found: samblaster
[2022-08-05 11:07:52,496] multiqc                                            [DEBUG  ]  No samples found: samtools
[2022-08-05 11:07:52,501] multiqc                                            [DEBUG  ]  No samples found: sexdeterrmine
[2022-08-05 11:07:52,506] multiqc                                            [DEBUG  ]  No samples found: eigenstratdatabasetools
[2022-08-05 11:07:52,512] multiqc                                            [DEBUG  ]  No samples found: bamtools
[2022-08-05 11:07:52,516] multiqc                                            [DEBUG  ]  No samples found: jellyfish
[2022-08-05 11:07:52,525] multiqc                                            [DEBUG  ]  No samples found: vcftools
[2022-08-05 11:07:52,531] multiqc                                            [DEBUG  ]  No samples found: longranger
[2022-08-05 11:07:52,536] multiqc                                            [DEBUG  ]  No samples found: stacks
[2022-08-05 11:07:52,542] multiqc                                            [DEBUG  ]  No samples found: varscan2
[2022-08-05 11:07:52,547] multiqc                                            [DEBUG  ]  No samples found: snippy
[2022-08-05 11:07:52,565] multiqc                                            [DEBUG  ]  No samples found: bbmap
[2022-08-05 11:07:52,571] multiqc                                            [DEBUG  ]  No samples found: bismark
[2022-08-05 11:07:52,580] multiqc                                            [DEBUG  ]  No samples found: biscuit
[2022-08-05 11:07:52,585] multiqc                                            [DEBUG  ]  No samples found: hicexplorer
[2022-08-05 11:07:52,590] multiqc                                            [DEBUG  ]  No samples found: hicup
[2022-08-05 11:07:52,596] multiqc                                            [DEBUG  ]  No samples found: hicpro
[2022-08-05 11:07:52,600] multiqc                                            [DEBUG  ]  No samples found: salmon
[2022-08-05 11:07:52,835] multiqc                                            [DEBUG  ]  No samples found: kallisto
[2022-08-05 11:07:52,842] multiqc                                            [DEBUG  ]  No samples found: slamdunk
[2022-08-05 11:07:52,847] multiqc                                            [DEBUG  ]  No samples found: star
[2022-08-05 11:07:52,851] multiqc                                            [DEBUG  ]  No samples found: hisat2
[2022-08-05 11:07:52,856] multiqc                                            [DEBUG  ]  No samples found: tophat
[2022-08-05 11:07:52,861] multiqc                                            [DEBUG  ]  No samples found: bowtie2
[2022-08-05 11:07:52,866] multiqc                                            [DEBUG  ]  No samples found: bowtie1
[2022-08-05 11:07:52,871] multiqc                                            [DEBUG  ]  No samples found: snpsplit
[2022-08-05 11:07:52,877] multiqc                                            [DEBUG  ]  No samples found: odgi
[2022-08-05 11:07:52,882] multiqc                                            [DEBUG  ]  No samples found: pangolin
[2022-08-05 11:07:52,886] multiqc                                            [DEBUG  ]  No samples found: kat
[2022-08-05 11:07:52,891] multiqc                                            [DEBUG  ]  No samples found: leehom
[2022-08-05 11:07:52,896] multiqc                                            [DEBUG  ]  No samples found: adapterRemoval
[2022-08-05 11:07:52,901] multiqc                                            [DEBUG  ]  No samples found: clipandmerge
[2022-08-05 11:07:52,906] multiqc                                            [DEBUG  ]  No samples found: cutadapt
[2022-08-05 11:07:52,912] multiqc                                            [DEBUG  ]  No samples found: flexbar
[2022-08-05 11:07:52,920] multiqc                                            [DEBUG  ]  No samples found: kaiju
[2022-08-05 11:07:52,926] multiqc                                            [DEBUG  ]  No samples found: kraken
[2022-08-05 11:07:52,930] multiqc                                            [DEBUG  ]  No samples found: malt
[2022-08-05 11:07:52,935] multiqc                                            [DEBUG  ]  No samples found: trimmomatic
[2022-08-05 11:07:52,940] multiqc                                            [DEBUG  ]  No samples found: sickle
[2022-08-05 11:07:52,945] multiqc                                            [DEBUG  ]  No samples found: skewer
[2022-08-05 11:07:52,951] multiqc                                            [DEBUG  ]  No samples found: sortmerna
[2022-08-05 11:07:52,956] multiqc                                            [DEBUG  ]  No samples found: biobloomtools
[2022-08-05 11:07:52,961] multiqc                                            [DEBUG  ]  No samples found: fastq_screen
[2022-08-05 11:07:52,966] multiqc                                            [DEBUG  ]  No samples found: afterqc
[2022-08-05 11:07:52,972] multiqc                                            [DEBUG  ]  No samples found: fastp
[2022-08-05 11:07:53,132] multiqc.modules.fastqc.fastqc                      [INFO   ]  Found 4 reports
[2022-08-05 11:07:53,215] multiqc                                            [DEBUG  ]  No samples found: pychopper
[2022-08-05 11:07:53,221] multiqc                                            [DEBUG  ]  No samples found: pycoqc
[2022-08-05 11:07:53,226] multiqc                                            [DEBUG  ]  No samples found: minionqc
[2022-08-05 11:07:53,236] multiqc                                            [DEBUG  ]  No samples found: multivcfanalyzer
[2022-08-05 11:07:53,242] multiqc                                            [DEBUG  ]  No samples found: clusterflow
[2022-08-05 11:07:53,252] multiqc                                            [DEBUG  ]  No samples found: bcl2fastq
[2022-08-05 11:07:53,493] multiqc                                            [DEBUG  ]  No samples found: bclconvert
[2022-08-05 11:07:53,501] multiqc                                            [DEBUG  ]  No samples found: interop
[2022-08-05 11:07:53,506] multiqc                                            [DEBUG  ]  No samples found: ivar
[2022-08-05 11:07:53,512] multiqc                                            [DEBUG  ]  No samples found: flash
[2022-08-05 11:07:53,516] multiqc                                            [DEBUG  ]  No samples found: seqyclean
[2022-08-05 11:07:53,521] multiqc                                            [DEBUG  ]  No samples found: optitype
[2022-08-05 11:07:53,526] multiqc                                            [INFO   ]  Compressing plot data
[2022-08-05 11:07:53,588] multiqc                                            [INFO   ]  Report      : 9498_MGSD_CSIRO.qc.stats/multiqc_report.html
[2022-08-05 11:07:53,588] multiqc                                            [INFO   ]  Data        : 9498_MGSD_CSIRO.qc.stats/multiqc_data
[2022-08-05 11:07:53,588] multiqc                                            [DEBUG  ]  Moving data file from '/tmp/smi9a9.8585341/tmpsqovypfm/multiqc_data' to '9498_MGSD_CSIRO.qc.stats/multiqc_data'
[2022-08-05 11:07:54,872] multiqc                                            [INFO   ]  MultiQC complete
