[2022-08-05 11:09:58,985] multiqc                                            [DEBUG  ]  This is MultiQC v1.11
[2022-08-05 11:09:58,985] multiqc                                            [DEBUG  ]  No MultiQC config found: /apps/multiqc/1.11/lib/python3.9/site-packages/multiqc_config.yaml
[2022-08-05 11:09:58,985] multiqc                                            [DEBUG  ]  No MultiQC config found: /home/smi9a9/.multiqc_config.yaml
[2022-08-05 11:09:58,986] multiqc                                            [DEBUG  ]  No MultiQC config found: multiqc_config.yaml
[2022-08-05 11:09:58,986] multiqc                                            [DEBUG  ]  Command used: /apps/multiqc/1.11/bin/multiqc ./8132_combined_merged_fastqc.html ./8132_combined_merged_fastqc.zip ./8132_combined_merged.fastq.gz ./8132_combined_R1p_fastqc.html ./8132_combined_R1p_fastqc.zip ./8132_combined_R1p.fastq.gz ./8132_combined_R1R2u_fastqc.html ./8132_combined_R1R2u_fastqc.zip ./8132_combined_R1R2u.fastq.gz ./8132_combined_R2p_fastqc.html ./8132_combined_R2p_fastqc.zip ./8132_combined_R2p.fastq.gz ./8132_QCreads.md5 -o 8132_MGSD_CSIRO.qc.stats
[2022-08-05 11:09:58,988] multiqc                                            [DEBUG  ]  Could not connect to multiqc.info for version check: <urlopen error [Errno 111] Connection refused>
[2022-08-05 11:09:58,988] multiqc                                            [DEBUG  ]  Command     : /apps/multiqc/1.11/bin/multiqc ./8132_combined_merged_fastqc.html ./8132_combined_merged_fastqc.zip ./8132_combined_merged.fastq.gz ./8132_combined_R1p_fastqc.html ./8132_combined_R1p_fastqc.zip ./8132_combined_R1p.fastq.gz ./8132_combined_R1R2u_fastqc.html ./8132_combined_R1R2u_fastqc.zip ./8132_combined_R1R2u.fastq.gz ./8132_combined_R2p_fastqc.html ./8132_combined_R2p_fastqc.zip ./8132_combined_R2p.fastq.gz ./8132_QCreads.md5 -o 8132_MGSD_CSIRO.qc.stats
[2022-08-05 11:09:58,988] multiqc                                            [DEBUG  ]  Working dir : /datasets/work/oa-amd/work/amd/Metagenome_QC_reads
[2022-08-05 11:09:58,988] multiqc                                            [DEBUG  ]  Template    : default
[2022-08-05 11:09:58,988] multiqc                                            [DEBUG  ]  Running Python 3.9.4 (default, Apr 25 2021, 16:13:27)  [GCC 10.3.0]
[2022-08-05 11:09:58,989] multiqc                                            [DEBUG  ]  Analysing modules: custom_content, ccs, ngsderive, purple, conpair, lima, peddy, somalier, methylQA, mosdepth, phantompeakqualtools, qualimap, preseq, quast, qorts, rna_seqc, rockhopper, rsem, rseqc, busco, bustools, goleft_indexcov, gffcompare, disambiguate, supernova, deeptools, sargasso, verifybamid, mirtrace, happy, mirtop, sambamba, homer, hops, macs2, theta2, snpeff, gatk, htseq, bcftools, featureCounts, fgbio, dragen, dedup, damageprofiler, biobambam2, jcvi, mtnucratio, picard, vep, sentieon, prokka, qc3C, nanostat, samblaster, samtools, sexdeterrmine, eigenstratdatabasetools, bamtools, jellyfish, vcftools, longranger, stacks, varscan2, snippy, bbmap, bismark, biscuit, hicexplorer, hicup, hicpro, salmon, kallisto, slamdunk, star, hisat2, tophat, bowtie2, bowtie1, snpsplit, odgi, pangolin, kat, leehom, adapterRemoval, clipandmerge, cutadapt, flexbar, kaiju, kraken, malt, trimmomatic, sickle, skewer, sortmerna, biobloomtools, fastq_screen, afterqc, fastp, fastqc, pychopper, pycoqc, minionqc, multivcfanalyzer, clusterflow, bcl2fastq, bclconvert, interop, ivar, flash, seqyclean, optitype
[2022-08-05 11:09:58,989] multiqc                                            [DEBUG  ]  Using temporary directory for creating report: /tmp/smi9a9.8585396/tmprnjp8hv5
[2022-08-05 11:09:59,286] multiqc                                            [INFO   ]  Search path : /datasets/work/oa-amd/work/amd/Metagenome_QC_reads/8132_combined_merged_fastqc.html
[2022-08-05 11:09:59,286] multiqc                                            [INFO   ]  Search path : /datasets/work/oa-amd/work/amd/Metagenome_QC_reads/8132_combined_merged_fastqc.zip
[2022-08-05 11:09:59,286] multiqc                                            [INFO   ]  Search path : /datasets/work/oa-amd/work/amd/Metagenome_QC_reads/8132_combined_merged.fastq.gz
[2022-08-05 11:09:59,286] multiqc                                            [INFO   ]  Search path : /datasets/work/oa-amd/work/amd/Metagenome_QC_reads/8132_combined_R1p_fastqc.html
[2022-08-05 11:09:59,286] multiqc                                            [INFO   ]  Search path : /datasets/work/oa-amd/work/amd/Metagenome_QC_reads/8132_combined_R1p_fastqc.zip
[2022-08-05 11:09:59,286] multiqc                                            [INFO   ]  Search path : /datasets/work/oa-amd/work/amd/Metagenome_QC_reads/8132_combined_R1p.fastq.gz
[2022-08-05 11:09:59,286] multiqc                                            [INFO   ]  Search path : /datasets/work/oa-amd/work/amd/Metagenome_QC_reads/8132_combined_R1R2u_fastqc.html
[2022-08-05 11:09:59,286] multiqc                                            [INFO   ]  Search path : /datasets/work/oa-amd/work/amd/Metagenome_QC_reads/8132_combined_R1R2u_fastqc.zip
[2022-08-05 11:09:59,286] multiqc                                            [INFO   ]  Search path : /datasets/work/oa-amd/work/amd/Metagenome_QC_reads/8132_combined_R1R2u.fastq.gz
[2022-08-05 11:09:59,286] multiqc                                            [INFO   ]  Search path : /datasets/work/oa-amd/work/amd/Metagenome_QC_reads/8132_combined_R2p_fastqc.html
[2022-08-05 11:09:59,286] multiqc                                            [INFO   ]  Search path : /datasets/work/oa-amd/work/amd/Metagenome_QC_reads/8132_combined_R2p_fastqc.zip
[2022-08-05 11:09:59,286] multiqc                                            [INFO   ]  Search path : /datasets/work/oa-amd/work/amd/Metagenome_QC_reads/8132_combined_R2p.fastq.gz
[2022-08-05 11:09:59,286] multiqc                                            [INFO   ]  Search path : /datasets/work/oa-amd/work/amd/Metagenome_QC_reads/8132_QCreads.md5
[2022-08-05 11:10:00,257] multiqc                                            [DEBUG  ]  File ignored by ccs/v4 because it exceeded search pattern filesize limit: 8132_combined_merged_fastqc.html
[2022-08-05 11:10:00,270] multiqc                                            [DEBUG  ]  File ignored by hicexplorer because it exceeded search pattern filesize limit: 8132_combined_merged_fastqc.html
[2022-08-05 11:10:00,271] multiqc                                            [DEBUG  ]  File ignored by nanostat because it exceeded search pattern filesize limit: 8132_combined_merged_fastqc.html
[2022-08-05 11:10:00,271] multiqc                                            [DEBUG  ]  File ignored by lima/summary because it exceeded search pattern filesize limit: 8132_combined_merged_fastqc.html
[2022-08-05 11:10:00,563] multiqc                                            [DEBUG  ]  File ignored by vep/vep_txt because it exceeded search pattern filesize limit: 8132_combined_merged_fastqc.html
[2022-08-05 11:10:00,563] multiqc                                            [DEBUG  ]  File ignored by longranger/invocation because it exceeded search pattern filesize limit: 8132_combined_merged_fastqc.html
[2022-08-05 11:10:00,563] multiqc                                            [DEBUG  ]  File ignored by rockhopper because it exceeded search pattern filesize limit: 8132_combined_merged_fastqc.html
[2022-08-05 11:10:00,563] multiqc                                            [DEBUG  ]  File ignored by rseqc/bam_stat because it exceeded search pattern filesize limit: 8132_combined_merged_fastqc.html
[2022-08-05 11:10:00,563] multiqc                                            [DEBUG  ]  File ignored by rseqc/junction_annotation because it exceeded search pattern filesize limit: 8132_combined_merged_fastqc.html
[2022-08-05 11:10:00,563] multiqc                                            [DEBUG  ]  File ignored by rseqc/read_distribution because it exceeded search pattern filesize limit: 8132_combined_merged_fastqc.html
[2022-08-05 11:10:00,563] multiqc                                            [DEBUG  ]  File ignored by rseqc/infer_experiment because it exceeded search pattern filesize limit: 8132_combined_merged_fastqc.html
[2022-08-05 11:10:01,494] multiqc                                            [DEBUG  ]  Ignoring file as matched an ignore pattern: 8132_combined_merged.fastq.gz
[2022-08-05 11:10:01,775] multiqc                                            [DEBUG  ]  File ignored by ccs/v4 because it exceeded search pattern filesize limit: 8132_combined_R1p_fastqc.html
[2022-08-05 11:10:01,820] multiqc                                            [DEBUG  ]  File ignored by hicexplorer because it exceeded search pattern filesize limit: 8132_combined_R1p_fastqc.html
[2022-08-05 11:10:01,824] multiqc                                            [DEBUG  ]  File ignored by nanostat because it exceeded search pattern filesize limit: 8132_combined_R1p_fastqc.html
[2022-08-05 11:10:01,824] multiqc                                            [DEBUG  ]  File ignored by lima/summary because it exceeded search pattern filesize limit: 8132_combined_R1p_fastqc.html
[2022-08-05 11:10:02,277] multiqc                                            [DEBUG  ]  File ignored by vep/vep_txt because it exceeded search pattern filesize limit: 8132_combined_R1p_fastqc.html
[2022-08-05 11:10:02,277] multiqc                                            [DEBUG  ]  File ignored by longranger/invocation because it exceeded search pattern filesize limit: 8132_combined_R1p_fastqc.html
[2022-08-05 11:10:02,277] multiqc                                            [DEBUG  ]  File ignored by rockhopper because it exceeded search pattern filesize limit: 8132_combined_R1p_fastqc.html
[2022-08-05 11:10:02,277] multiqc                                            [DEBUG  ]  File ignored by rseqc/bam_stat because it exceeded search pattern filesize limit: 8132_combined_R1p_fastqc.html
[2022-08-05 11:10:02,277] multiqc                                            [DEBUG  ]  File ignored by rseqc/junction_annotation because it exceeded search pattern filesize limit: 8132_combined_R1p_fastqc.html
[2022-08-05 11:10:02,277] multiqc                                            [DEBUG  ]  File ignored by rseqc/read_distribution because it exceeded search pattern filesize limit: 8132_combined_R1p_fastqc.html
[2022-08-05 11:10:02,277] multiqc                                            [DEBUG  ]  File ignored by rseqc/infer_experiment because it exceeded search pattern filesize limit: 8132_combined_R1p_fastqc.html
[2022-08-05 11:10:03,041] multiqc                                            [DEBUG  ]  Ignoring file as matched an ignore pattern: 8132_combined_R1p.fastq.gz
[2022-08-05 11:10:03,378] multiqc                                            [DEBUG  ]  File ignored by ccs/v4 because it exceeded search pattern filesize limit: 8132_combined_R1R2u_fastqc.html
[2022-08-05 11:10:04,021] multiqc                                            [DEBUG  ]  File ignored by hicexplorer because it exceeded search pattern filesize limit: 8132_combined_R1R2u_fastqc.html
[2022-08-05 11:10:04,037] multiqc                                            [DEBUG  ]  File ignored by nanostat because it exceeded search pattern filesize limit: 8132_combined_R1R2u_fastqc.html
[2022-08-05 11:10:04,037] multiqc                                            [DEBUG  ]  File ignored by lima/summary because it exceeded search pattern filesize limit: 8132_combined_R1R2u_fastqc.html
[2022-08-05 11:10:07,172] multiqc                                            [DEBUG  ]  File ignored by vep/vep_txt because it exceeded search pattern filesize limit: 8132_combined_R1R2u_fastqc.html
[2022-08-05 11:10:07,172] multiqc                                            [DEBUG  ]  File ignored by longranger/invocation because it exceeded search pattern filesize limit: 8132_combined_R1R2u_fastqc.html
[2022-08-05 11:10:07,172] multiqc                                            [DEBUG  ]  File ignored by rockhopper because it exceeded search pattern filesize limit: 8132_combined_R1R2u_fastqc.html
[2022-08-05 11:10:07,172] multiqc                                            [DEBUG  ]  File ignored by rseqc/bam_stat because it exceeded search pattern filesize limit: 8132_combined_R1R2u_fastqc.html
[2022-08-05 11:10:07,172] multiqc                                            [DEBUG  ]  File ignored by rseqc/junction_annotation because it exceeded search pattern filesize limit: 8132_combined_R1R2u_fastqc.html
[2022-08-05 11:10:07,172] multiqc                                            [DEBUG  ]  File ignored by rseqc/read_distribution because it exceeded search pattern filesize limit: 8132_combined_R1R2u_fastqc.html
[2022-08-05 11:10:07,172] multiqc                                            [DEBUG  ]  File ignored by rseqc/infer_experiment because it exceeded search pattern filesize limit: 8132_combined_R1R2u_fastqc.html
[2022-08-05 11:10:08,673] multiqc                                            [DEBUG  ]  Ignoring file as matched an ignore pattern: 8132_combined_R1R2u.fastq.gz
[2022-08-05 11:10:08,722] multiqc                                            [DEBUG  ]  File ignored by ccs/v4 because it exceeded search pattern filesize limit: 8132_combined_R2p_fastqc.html
[2022-08-05 11:10:08,775] multiqc                                            [DEBUG  ]  File ignored by hicexplorer because it exceeded search pattern filesize limit: 8132_combined_R2p_fastqc.html
[2022-08-05 11:10:08,782] multiqc                                            [DEBUG  ]  File ignored by nanostat because it exceeded search pattern filesize limit: 8132_combined_R2p_fastqc.html
[2022-08-05 11:10:08,782] multiqc                                            [DEBUG  ]  File ignored by lima/summary because it exceeded search pattern filesize limit: 8132_combined_R2p_fastqc.html
[2022-08-05 11:10:08,808] multiqc                                            [DEBUG  ]  File ignored by vep/vep_txt because it exceeded search pattern filesize limit: 8132_combined_R2p_fastqc.html
[2022-08-05 11:10:08,808] multiqc                                            [DEBUG  ]  File ignored by longranger/invocation because it exceeded search pattern filesize limit: 8132_combined_R2p_fastqc.html
[2022-08-05 11:10:08,808] multiqc                                            [DEBUG  ]  File ignored by rockhopper because it exceeded search pattern filesize limit: 8132_combined_R2p_fastqc.html
[2022-08-05 11:10:08,808] multiqc                                            [DEBUG  ]  File ignored by rseqc/bam_stat because it exceeded search pattern filesize limit: 8132_combined_R2p_fastqc.html
[2022-08-05 11:10:08,808] multiqc                                            [DEBUG  ]  File ignored by rseqc/junction_annotation because it exceeded search pattern filesize limit: 8132_combined_R2p_fastqc.html
[2022-08-05 11:10:08,808] multiqc                                            [DEBUG  ]  File ignored by rseqc/read_distribution because it exceeded search pattern filesize limit: 8132_combined_R2p_fastqc.html
[2022-08-05 11:10:08,808] multiqc                                            [DEBUG  ]  File ignored by rseqc/infer_experiment because it exceeded search pattern filesize limit: 8132_combined_R2p_fastqc.html
[2022-08-05 11:10:08,911] multiqc                                            [DEBUG  ]  Ignoring file as matched an ignore pattern: 8132_combined_R2p.fastq.gz
[2022-08-05 11:10:08,912] multiqc                                            [DEBUG  ]  Ignoring file as matched an ignore pattern: 8132_QCreads.md5
[2022-08-05 11:10:09,554] multiqc.plots.bargraph                             [DEBUG  ]  Using matplotlib version 3.3.4
[2022-08-05 11:10:09,558] multiqc.plots.linegraph                            [DEBUG  ]  Using matplotlib version 3.3.4
[2022-08-05 11:10:09,561] multiqc                                            [DEBUG  ]  No samples found: custom_content
[2022-08-05 11:10:09,569] multiqc                                            [DEBUG  ]  No samples found: ccs
[2022-08-05 11:10:09,575] multiqc                                            [DEBUG  ]  No samples found: ngsderive
[2022-08-05 11:10:09,579] multiqc                                            [DEBUG  ]  No samples found: purple
[2022-08-05 11:10:09,584] multiqc                                            [DEBUG  ]  No samples found: conpair
[2022-08-05 11:10:09,589] multiqc                                            [DEBUG  ]  No samples found: lima
[2022-08-05 11:10:09,594] multiqc                                            [DEBUG  ]  No samples found: peddy
[2022-08-05 11:10:09,601] multiqc                                            [DEBUG  ]  No samples found: somalier
[2022-08-05 11:10:09,605] multiqc                                            [DEBUG  ]  No samples found: methylQA
[2022-08-05 11:10:09,616] multiqc.modules.mosdepth.mosdepth                  [DEBUG  ]  include_contigs: []
[2022-08-05 11:10:09,616] multiqc.modules.mosdepth.mosdepth                  [DEBUG  ]  exclude_contigs: []
[2022-08-05 11:10:09,616] multiqc                                            [DEBUG  ]  No samples found: mosdepth
[2022-08-05 11:10:09,620] multiqc                                            [DEBUG  ]  No samples found: phantompeakqualtools
[2022-08-05 11:10:09,854] multiqc                                            [DEBUG  ]  No samples found: qualimap
[2022-08-05 11:10:09,861] multiqc                                            [DEBUG  ]  No samples found: preseq
[2022-08-05 11:10:09,871] multiqc                                            [DEBUG  ]  No samples found: quast
[2022-08-05 11:10:09,876] multiqc                                            [DEBUG  ]  No samples found: qorts
[2022-08-05 11:10:09,881] multiqc                                            [DEBUG  ]  No samples found: rna_seqc
[2022-08-05 11:10:09,887] multiqc                                            [DEBUG  ]  No samples found: rockhopper
[2022-08-05 11:10:09,893] multiqc                                            [DEBUG  ]  No samples found: rsem
[2022-08-05 11:10:09,908] multiqc                                            [DEBUG  ]  No samples found: rseqc
[2022-08-05 11:10:09,913] multiqc                                            [DEBUG  ]  No samples found: busco
[2022-08-05 11:10:09,918] multiqc                                            [DEBUG  ]  No samples found: bustools
[2022-08-05 11:10:09,923] multiqc                                            [DEBUG  ]  No samples found: goleft_indexcov
[2022-08-05 11:10:09,928] multiqc                                            [DEBUG  ]  No samples found: gffcompare
[2022-08-05 11:10:09,934] multiqc                                            [DEBUG  ]  No samples found: disambiguate
[2022-08-05 11:10:09,940] multiqc                                            [DEBUG  ]  No samples found: supernova
[2022-08-05 11:10:09,957] multiqc                                            [DEBUG  ]  No samples found: deeptools
[2022-08-05 11:10:09,961] multiqc                                            [DEBUG  ]  No samples found: sargasso
[2022-08-05 11:10:09,967] multiqc                                            [DEBUG  ]  No samples found: verifybamid
[2022-08-05 11:10:09,972] multiqc                                            [DEBUG  ]  No samples found: mirtrace
[2022-08-05 11:10:09,977] multiqc                                            [DEBUG  ]  No samples found: happy
[2022-08-05 11:10:09,982] multiqc                                            [DEBUG  ]  No samples found: mirtop
[2022-08-05 11:10:09,988] multiqc                                            [DEBUG  ]  No samples found: sambamba
[2022-08-05 11:10:09,997] multiqc                                            [DEBUG  ]  No samples found: homer
[2022-08-05 11:10:10,002] multiqc                                            [DEBUG  ]  No samples found: hops
[2022-08-05 11:10:10,006] multiqc                                            [DEBUG  ]  No samples found: macs2
[2022-08-05 11:10:10,011] multiqc                                            [DEBUG  ]  No samples found: theta2
[2022-08-05 11:10:10,016] multiqc                                            [DEBUG  ]  No samples found: snpeff
[2022-08-05 11:10:10,024] multiqc                                            [DEBUG  ]  No samples found: gatk
[2022-08-05 11:10:10,029] multiqc                                            [DEBUG  ]  No samples found: htseq
[2022-08-05 11:10:10,035] multiqc                                            [DEBUG  ]  No samples found: bcftools
[2022-08-05 11:10:10,040] multiqc                                            [DEBUG  ]  No samples found: featureCounts
[2022-08-05 11:10:10,046] multiqc                                            [DEBUG  ]  No samples found: fgbio
[2022-08-05 11:10:10,064] multiqc                                            [DEBUG  ]  No samples found: dragen
[2022-08-05 11:10:10,069] multiqc                                            [DEBUG  ]  No samples found: dedup
[2022-08-05 11:10:10,074] multiqc                                            [DEBUG  ]  No samples found: damageprofiler
[2022-08-05 11:10:10,115] multiqc                                            [DEBUG  ]  No samples found: biobambam2
[2022-08-05 11:10:10,120] multiqc                                            [DEBUG  ]  No samples found: jcvi
[2022-08-05 11:10:10,128] multiqc                                            [DEBUG  ]  No samples found: mtnucratio
[2022-08-05 11:10:10,130] multiqc                                            [DEBUG  ]  No samples found: picard
[2022-08-05 11:10:10,136] multiqc                                            [DEBUG  ]  No samples found: vep
[2022-08-05 11:10:10,144] multiqc                                            [DEBUG  ]  No samples found: sentieon
[2022-08-05 11:10:10,150] multiqc                                            [DEBUG  ]  No samples found: prokka
[2022-08-05 11:10:10,157] multiqc                                            [DEBUG  ]  No samples found: qc3C
[2022-08-05 11:10:10,162] multiqc                                            [DEBUG  ]  No samples found: nanostat
[2022-08-05 11:10:10,169] multiqc                                            [DEBUG  ]  No samples found: samblaster
[2022-08-05 11:10:10,179] multiqc                                            [DEBUG  ]  No samples found: samtools
[2022-08-05 11:10:10,183] multiqc                                            [DEBUG  ]  No samples found: sexdeterrmine
[2022-08-05 11:10:10,188] multiqc                                            [DEBUG  ]  No samples found: eigenstratdatabasetools
[2022-08-05 11:10:10,193] multiqc                                            [DEBUG  ]  No samples found: bamtools
[2022-08-05 11:10:10,197] multiqc                                            [DEBUG  ]  No samples found: jellyfish
[2022-08-05 11:10:10,205] multiqc                                            [DEBUG  ]  No samples found: vcftools
[2022-08-05 11:10:10,210] multiqc                                            [DEBUG  ]  No samples found: longranger
[2022-08-05 11:10:10,215] multiqc                                            [DEBUG  ]  No samples found: stacks
[2022-08-05 11:10:10,452] multiqc                                            [DEBUG  ]  No samples found: varscan2
[2022-08-05 11:10:10,457] multiqc                                            [DEBUG  ]  No samples found: snippy
[2022-08-05 11:10:10,476] multiqc                                            [DEBUG  ]  No samples found: bbmap
[2022-08-05 11:10:10,483] multiqc                                            [DEBUG  ]  No samples found: bismark
[2022-08-05 11:10:10,492] multiqc                                            [DEBUG  ]  No samples found: biscuit
[2022-08-05 11:10:10,503] multiqc                                            [DEBUG  ]  No samples found: hicexplorer
[2022-08-05 11:10:10,509] multiqc                                            [DEBUG  ]  No samples found: hicup
[2022-08-05 11:10:10,515] multiqc                                            [DEBUG  ]  No samples found: hicpro
[2022-08-05 11:10:10,520] multiqc                                            [DEBUG  ]  No samples found: salmon
[2022-08-05 11:10:10,525] multiqc                                            [DEBUG  ]  No samples found: kallisto
[2022-08-05 11:10:10,532] multiqc                                            [DEBUG  ]  No samples found: slamdunk
[2022-08-05 11:10:10,537] multiqc                                            [DEBUG  ]  No samples found: star
[2022-08-05 11:10:10,542] multiqc                                            [DEBUG  ]  No samples found: hisat2
[2022-08-05 11:10:10,547] multiqc                                            [DEBUG  ]  No samples found: tophat
[2022-08-05 11:10:10,552] multiqc                                            [DEBUG  ]  No samples found: bowtie2
[2022-08-05 11:10:10,557] multiqc                                            [DEBUG  ]  No samples found: bowtie1
[2022-08-05 11:10:10,562] multiqc                                            [DEBUG  ]  No samples found: snpsplit
[2022-08-05 11:10:10,568] multiqc                                            [DEBUG  ]  No samples found: odgi
[2022-08-05 11:10:10,573] multiqc                                            [DEBUG  ]  No samples found: pangolin
[2022-08-05 11:10:10,578] multiqc                                            [DEBUG  ]  No samples found: kat
[2022-08-05 11:10:10,582] multiqc                                            [DEBUG  ]  No samples found: leehom
[2022-08-05 11:10:10,588] multiqc                                            [DEBUG  ]  No samples found: adapterRemoval
[2022-08-05 11:10:10,592] multiqc                                            [DEBUG  ]  No samples found: clipandmerge
[2022-08-05 11:10:10,598] multiqc                                            [DEBUG  ]  No samples found: cutadapt
[2022-08-05 11:10:10,602] multiqc                                            [DEBUG  ]  No samples found: flexbar
[2022-08-05 11:10:10,608] multiqc                                            [DEBUG  ]  No samples found: kaiju
[2022-08-05 11:10:10,614] multiqc                                            [DEBUG  ]  No samples found: kraken
[2022-08-05 11:10:10,618] multiqc                                            [DEBUG  ]  No samples found: malt
[2022-08-05 11:10:10,623] multiqc                                            [DEBUG  ]  No samples found: trimmomatic
[2022-08-05 11:10:10,629] multiqc                                            [DEBUG  ]  No samples found: sickle
[2022-08-05 11:10:10,636] multiqc                                            [DEBUG  ]  No samples found: skewer
[2022-08-05 11:10:10,642] multiqc                                            [DEBUG  ]  No samples found: sortmerna
[2022-08-05 11:10:10,646] multiqc                                            [DEBUG  ]  No samples found: biobloomtools
[2022-08-05 11:10:10,652] multiqc                                            [DEBUG  ]  No samples found: fastq_screen
[2022-08-05 11:10:10,657] multiqc                                            [DEBUG  ]  No samples found: afterqc
[2022-08-05 11:10:10,663] multiqc                                            [DEBUG  ]  No samples found: fastp
[2022-08-05 11:10:11,851] multiqc.modules.fastqc.fastqc                      [INFO   ]  Found 4 reports
[2022-08-05 11:10:11,899] multiqc                                            [DEBUG  ]  No samples found: pychopper
[2022-08-05 11:10:11,904] multiqc                                            [DEBUG  ]  No samples found: pycoqc
[2022-08-05 11:10:11,909] multiqc                                            [DEBUG  ]  No samples found: minionqc
[2022-08-05 11:10:11,914] multiqc                                            [DEBUG  ]  No samples found: multivcfanalyzer
[2022-08-05 11:10:11,920] multiqc                                            [DEBUG  ]  No samples found: clusterflow
[2022-08-05 11:10:11,927] multiqc                                            [DEBUG  ]  No samples found: bcl2fastq
[2022-08-05 11:10:11,934] multiqc                                            [DEBUG  ]  No samples found: bclconvert
[2022-08-05 11:10:11,940] multiqc                                            [DEBUG  ]  No samples found: interop
[2022-08-05 11:10:11,945] multiqc                                            [DEBUG  ]  No samples found: ivar
[2022-08-05 11:10:11,950] multiqc                                            [DEBUG  ]  No samples found: flash
[2022-08-05 11:10:11,954] multiqc                                            [DEBUG  ]  No samples found: seqyclean
[2022-08-05 11:10:12,189] multiqc                                            [DEBUG  ]  No samples found: optitype
[2022-08-05 11:10:12,193] multiqc                                            [INFO   ]  Compressing plot data
[2022-08-05 11:10:12,295] multiqc                                            [INFO   ]  Report      : 8132_MGSD_CSIRO.qc.stats/multiqc_report.html
[2022-08-05 11:10:12,296] multiqc                                            [INFO   ]  Data        : 8132_MGSD_CSIRO.qc.stats/multiqc_data
[2022-08-05 11:10:12,296] multiqc                                            [DEBUG  ]  Moving data file from '/tmp/smi9a9.8585396/tmprnjp8hv5/multiqc_data' to '8132_MGSD_CSIRO.qc.stats/multiqc_data'
[2022-08-05 11:10:13,604] multiqc                                            [INFO   ]  MultiQC complete
