[2022-08-05 11:10:42,130] multiqc                                            [DEBUG  ]  This is MultiQC v1.11
[2022-08-05 11:10:42,130] multiqc                                            [DEBUG  ]  No MultiQC config found: /apps/multiqc/1.11/lib/python3.9/site-packages/multiqc_config.yaml
[2022-08-05 11:10:42,130] multiqc                                            [DEBUG  ]  No MultiQC config found: /home/smi9a9/.multiqc_config.yaml
[2022-08-05 11:10:42,132] multiqc                                            [DEBUG  ]  No MultiQC config found: multiqc_config.yaml
[2022-08-05 11:10:42,132] multiqc                                            [DEBUG  ]  Command used: /apps/multiqc/1.11/bin/multiqc ./10714_HFLF3BCXX-1_merged_fastqc.html ./10714_HFLF3BCXX-1_merged_fastqc.zip ./10714_HFLF3BCXX-1_merged.fastq.gz ./10714_HFLF3BCXX-1_R1p_fastqc.html ./10714_HFLF3BCXX-1_R1p_fastqc.zip ./10714_HFLF3BCXX-1_R1p.fastq.gz ./10714_HFLF3BCXX-1_R1R2u_fastqc.html ./10714_HFLF3BCXX-1_R1R2u_fastqc.zip ./10714_HFLF3BCXX-1_R1R2u.fastq.gz ./10714_HFLF3BCXX-1_R2p_fastqc.html ./10714_HFLF3BCXX-1_R2p_fastqc.zip ./10714_HFLF3BCXX-1_R2p.fastq.gz ./10714_QCreads.md5 -o 10714_MGSD_CSIRO.qc.stats
[2022-08-05 11:10:42,134] multiqc                                            [DEBUG  ]  Could not connect to multiqc.info for version check: <urlopen error [Errno 111] Connection refused>
[2022-08-05 11:10:42,134] multiqc                                            [DEBUG  ]  Command     : /apps/multiqc/1.11/bin/multiqc ./10714_HFLF3BCXX-1_merged_fastqc.html ./10714_HFLF3BCXX-1_merged_fastqc.zip ./10714_HFLF3BCXX-1_merged.fastq.gz ./10714_HFLF3BCXX-1_R1p_fastqc.html ./10714_HFLF3BCXX-1_R1p_fastqc.zip ./10714_HFLF3BCXX-1_R1p.fastq.gz ./10714_HFLF3BCXX-1_R1R2u_fastqc.html ./10714_HFLF3BCXX-1_R1R2u_fastqc.zip ./10714_HFLF3BCXX-1_R1R2u.fastq.gz ./10714_HFLF3BCXX-1_R2p_fastqc.html ./10714_HFLF3BCXX-1_R2p_fastqc.zip ./10714_HFLF3BCXX-1_R2p.fastq.gz ./10714_QCreads.md5 -o 10714_MGSD_CSIRO.qc.stats
[2022-08-05 11:10:42,134] multiqc                                            [DEBUG  ]  Working dir : /datasets/work/oa-amd/work/amd/Metagenome_QC_reads
[2022-08-05 11:10:42,134] multiqc                                            [DEBUG  ]  Template    : default
[2022-08-05 11:10:42,134] multiqc                                            [DEBUG  ]  Running Python 3.9.4 (default, Apr 25 2021, 16:13:27)  [GCC 10.3.0]
[2022-08-05 11:10:42,134] multiqc                                            [DEBUG  ]  Analysing modules: custom_content, ccs, ngsderive, purple, conpair, lima, peddy, somalier, methylQA, mosdepth, phantompeakqualtools, qualimap, preseq, quast, qorts, rna_seqc, rockhopper, rsem, rseqc, busco, bustools, goleft_indexcov, gffcompare, disambiguate, supernova, deeptools, sargasso, verifybamid, mirtrace, happy, mirtop, sambamba, homer, hops, macs2, theta2, snpeff, gatk, htseq, bcftools, featureCounts, fgbio, dragen, dedup, damageprofiler, biobambam2, jcvi, mtnucratio, picard, vep, sentieon, prokka, qc3C, nanostat, samblaster, samtools, sexdeterrmine, eigenstratdatabasetools, bamtools, jellyfish, vcftools, longranger, stacks, varscan2, snippy, bbmap, bismark, biscuit, hicexplorer, hicup, hicpro, salmon, kallisto, slamdunk, star, hisat2, tophat, bowtie2, bowtie1, snpsplit, odgi, pangolin, kat, leehom, adapterRemoval, clipandmerge, cutadapt, flexbar, kaiju, kraken, malt, trimmomatic, sickle, skewer, sortmerna, biobloomtools, fastq_screen, afterqc, fastp, fastqc, pychopper, pycoqc, minionqc, multivcfanalyzer, clusterflow, bcl2fastq, bclconvert, interop, ivar, flash, seqyclean, optitype
[2022-08-05 11:10:42,135] multiqc                                            [DEBUG  ]  Using temporary directory for creating report: /tmp/smi9a9.8585411/tmp8nz3jct7
[2022-08-05 11:10:42,196] multiqc                                            [INFO   ]  Search path : /datasets/work/oa-amd/work/amd/Metagenome_QC_reads/10714_HFLF3BCXX-1_merged_fastqc.html
[2022-08-05 11:10:42,196] multiqc                                            [INFO   ]  Search path : /datasets/work/oa-amd/work/amd/Metagenome_QC_reads/10714_HFLF3BCXX-1_merged_fastqc.zip
[2022-08-05 11:10:42,196] multiqc                                            [INFO   ]  Search path : /datasets/work/oa-amd/work/amd/Metagenome_QC_reads/10714_HFLF3BCXX-1_merged.fastq.gz
[2022-08-05 11:10:42,196] multiqc                                            [INFO   ]  Search path : /datasets/work/oa-amd/work/amd/Metagenome_QC_reads/10714_HFLF3BCXX-1_R1p_fastqc.html
[2022-08-05 11:10:42,196] multiqc                                            [INFO   ]  Search path : /datasets/work/oa-amd/work/amd/Metagenome_QC_reads/10714_HFLF3BCXX-1_R1p_fastqc.zip
[2022-08-05 11:10:42,196] multiqc                                            [INFO   ]  Search path : /datasets/work/oa-amd/work/amd/Metagenome_QC_reads/10714_HFLF3BCXX-1_R1p.fastq.gz
[2022-08-05 11:10:42,196] multiqc                                            [INFO   ]  Search path : /datasets/work/oa-amd/work/amd/Metagenome_QC_reads/10714_HFLF3BCXX-1_R1R2u_fastqc.html
[2022-08-05 11:10:42,196] multiqc                                            [INFO   ]  Search path : /datasets/work/oa-amd/work/amd/Metagenome_QC_reads/10714_HFLF3BCXX-1_R1R2u_fastqc.zip
[2022-08-05 11:10:42,196] multiqc                                            [INFO   ]  Search path : /datasets/work/oa-amd/work/amd/Metagenome_QC_reads/10714_HFLF3BCXX-1_R1R2u.fastq.gz
[2022-08-05 11:10:42,196] multiqc                                            [INFO   ]  Search path : /datasets/work/oa-amd/work/amd/Metagenome_QC_reads/10714_HFLF3BCXX-1_R2p_fastqc.html
[2022-08-05 11:10:42,196] multiqc                                            [INFO   ]  Search path : /datasets/work/oa-amd/work/amd/Metagenome_QC_reads/10714_HFLF3BCXX-1_R2p_fastqc.zip
[2022-08-05 11:10:42,196] multiqc                                            [INFO   ]  Search path : /datasets/work/oa-amd/work/amd/Metagenome_QC_reads/10714_HFLF3BCXX-1_R2p.fastq.gz
[2022-08-05 11:10:42,196] multiqc                                            [INFO   ]  Search path : /datasets/work/oa-amd/work/amd/Metagenome_QC_reads/10714_QCreads.md5
[2022-08-05 11:10:42,530] multiqc                                            [DEBUG  ]  File ignored by ccs/v4 because it exceeded search pattern filesize limit: 10714_HFLF3BCXX-1_merged_fastqc.html
[2022-08-05 11:10:42,539] multiqc                                            [DEBUG  ]  File ignored by hicexplorer because it exceeded search pattern filesize limit: 10714_HFLF3BCXX-1_merged_fastqc.html
[2022-08-05 11:10:42,540] multiqc                                            [DEBUG  ]  File ignored by nanostat because it exceeded search pattern filesize limit: 10714_HFLF3BCXX-1_merged_fastqc.html
[2022-08-05 11:10:42,540] multiqc                                            [DEBUG  ]  File ignored by lima/summary because it exceeded search pattern filesize limit: 10714_HFLF3BCXX-1_merged_fastqc.html
[2022-08-05 11:10:42,557] multiqc                                            [DEBUG  ]  File ignored by vep/vep_txt because it exceeded search pattern filesize limit: 10714_HFLF3BCXX-1_merged_fastqc.html
[2022-08-05 11:10:42,557] multiqc                                            [DEBUG  ]  File ignored by longranger/invocation because it exceeded search pattern filesize limit: 10714_HFLF3BCXX-1_merged_fastqc.html
[2022-08-05 11:10:42,557] multiqc                                            [DEBUG  ]  File ignored by rockhopper because it exceeded search pattern filesize limit: 10714_HFLF3BCXX-1_merged_fastqc.html
[2022-08-05 11:10:42,557] multiqc                                            [DEBUG  ]  File ignored by rseqc/bam_stat because it exceeded search pattern filesize limit: 10714_HFLF3BCXX-1_merged_fastqc.html
[2022-08-05 11:10:42,557] multiqc                                            [DEBUG  ]  File ignored by rseqc/junction_annotation because it exceeded search pattern filesize limit: 10714_HFLF3BCXX-1_merged_fastqc.html
[2022-08-05 11:10:42,557] multiqc                                            [DEBUG  ]  File ignored by rseqc/read_distribution because it exceeded search pattern filesize limit: 10714_HFLF3BCXX-1_merged_fastqc.html
[2022-08-05 11:10:42,557] multiqc                                            [DEBUG  ]  File ignored by rseqc/infer_experiment because it exceeded search pattern filesize limit: 10714_HFLF3BCXX-1_merged_fastqc.html
[2022-08-05 11:10:42,645] multiqc                                            [DEBUG  ]  Ignoring file as matched an ignore pattern: 10714_HFLF3BCXX-1_merged.fastq.gz
[2022-08-05 11:10:42,739] multiqc                                            [DEBUG  ]  File ignored by ccs/v4 because it exceeded search pattern filesize limit: 10714_HFLF3BCXX-1_R1p_fastqc.html
[2022-08-05 11:10:42,762] multiqc                                            [DEBUG  ]  File ignored by hicexplorer because it exceeded search pattern filesize limit: 10714_HFLF3BCXX-1_R1p_fastqc.html
[2022-08-05 11:10:42,764] multiqc                                            [DEBUG  ]  File ignored by nanostat because it exceeded search pattern filesize limit: 10714_HFLF3BCXX-1_R1p_fastqc.html
[2022-08-05 11:10:42,764] multiqc                                            [DEBUG  ]  File ignored by lima/summary because it exceeded search pattern filesize limit: 10714_HFLF3BCXX-1_R1p_fastqc.html
[2022-08-05 11:10:42,784] multiqc                                            [DEBUG  ]  File ignored by vep/vep_txt because it exceeded search pattern filesize limit: 10714_HFLF3BCXX-1_R1p_fastqc.html
[2022-08-05 11:10:42,784] multiqc                                            [DEBUG  ]  File ignored by longranger/invocation because it exceeded search pattern filesize limit: 10714_HFLF3BCXX-1_R1p_fastqc.html
[2022-08-05 11:10:42,784] multiqc                                            [DEBUG  ]  File ignored by rockhopper because it exceeded search pattern filesize limit: 10714_HFLF3BCXX-1_R1p_fastqc.html
[2022-08-05 11:10:42,784] multiqc                                            [DEBUG  ]  File ignored by rseqc/bam_stat because it exceeded search pattern filesize limit: 10714_HFLF3BCXX-1_R1p_fastqc.html
[2022-08-05 11:10:42,784] multiqc                                            [DEBUG  ]  File ignored by rseqc/junction_annotation because it exceeded search pattern filesize limit: 10714_HFLF3BCXX-1_R1p_fastqc.html
[2022-08-05 11:10:42,784] multiqc                                            [DEBUG  ]  File ignored by rseqc/read_distribution because it exceeded search pattern filesize limit: 10714_HFLF3BCXX-1_R1p_fastqc.html
[2022-08-05 11:10:42,784] multiqc                                            [DEBUG  ]  File ignored by rseqc/infer_experiment because it exceeded search pattern filesize limit: 10714_HFLF3BCXX-1_R1p_fastqc.html
[2022-08-05 11:10:42,866] multiqc                                            [DEBUG  ]  Ignoring file as matched an ignore pattern: 10714_HFLF3BCXX-1_R1p.fastq.gz
[2022-08-05 11:10:43,042] multiqc                                            [DEBUG  ]  File ignored by ccs/v4 because it exceeded search pattern filesize limit: 10714_HFLF3BCXX-1_R1R2u_fastqc.html
[2022-08-05 11:10:43,054] multiqc                                            [DEBUG  ]  File ignored by hicexplorer because it exceeded search pattern filesize limit: 10714_HFLF3BCXX-1_R1R2u_fastqc.html
[2022-08-05 11:10:43,055] multiqc                                            [DEBUG  ]  File ignored by nanostat because it exceeded search pattern filesize limit: 10714_HFLF3BCXX-1_R1R2u_fastqc.html
[2022-08-05 11:10:43,055] multiqc                                            [DEBUG  ]  File ignored by lima/summary because it exceeded search pattern filesize limit: 10714_HFLF3BCXX-1_R1R2u_fastqc.html
[2022-08-05 11:10:43,083] multiqc                                            [DEBUG  ]  File ignored by vep/vep_txt because it exceeded search pattern filesize limit: 10714_HFLF3BCXX-1_R1R2u_fastqc.html
[2022-08-05 11:10:43,083] multiqc                                            [DEBUG  ]  File ignored by longranger/invocation because it exceeded search pattern filesize limit: 10714_HFLF3BCXX-1_R1R2u_fastqc.html
[2022-08-05 11:10:43,083] multiqc                                            [DEBUG  ]  File ignored by rockhopper because it exceeded search pattern filesize limit: 10714_HFLF3BCXX-1_R1R2u_fastqc.html
[2022-08-05 11:10:43,083] multiqc                                            [DEBUG  ]  File ignored by rseqc/bam_stat because it exceeded search pattern filesize limit: 10714_HFLF3BCXX-1_R1R2u_fastqc.html
[2022-08-05 11:10:43,083] multiqc                                            [DEBUG  ]  File ignored by rseqc/junction_annotation because it exceeded search pattern filesize limit: 10714_HFLF3BCXX-1_R1R2u_fastqc.html
[2022-08-05 11:10:43,083] multiqc                                            [DEBUG  ]  File ignored by rseqc/read_distribution because it exceeded search pattern filesize limit: 10714_HFLF3BCXX-1_R1R2u_fastqc.html
[2022-08-05 11:10:43,083] multiqc                                            [DEBUG  ]  File ignored by rseqc/infer_experiment because it exceeded search pattern filesize limit: 10714_HFLF3BCXX-1_R1R2u_fastqc.html
[2022-08-05 11:10:43,190] multiqc                                            [DEBUG  ]  Ignoring file as matched an ignore pattern: 10714_HFLF3BCXX-1_R1R2u.fastq.gz
[2022-08-05 11:10:43,241] multiqc                                            [DEBUG  ]  File ignored by ccs/v4 because it exceeded search pattern filesize limit: 10714_HFLF3BCXX-1_R2p_fastqc.html
[2022-08-05 11:10:43,247] multiqc                                            [DEBUG  ]  File ignored by hicexplorer because it exceeded search pattern filesize limit: 10714_HFLF3BCXX-1_R2p_fastqc.html
[2022-08-05 11:10:43,248] multiqc                                            [DEBUG  ]  File ignored by nanostat because it exceeded search pattern filesize limit: 10714_HFLF3BCXX-1_R2p_fastqc.html
[2022-08-05 11:10:43,248] multiqc                                            [DEBUG  ]  File ignored by lima/summary because it exceeded search pattern filesize limit: 10714_HFLF3BCXX-1_R2p_fastqc.html
[2022-08-05 11:10:43,263] multiqc                                            [DEBUG  ]  File ignored by vep/vep_txt because it exceeded search pattern filesize limit: 10714_HFLF3BCXX-1_R2p_fastqc.html
[2022-08-05 11:10:43,263] multiqc                                            [DEBUG  ]  File ignored by longranger/invocation because it exceeded search pattern filesize limit: 10714_HFLF3BCXX-1_R2p_fastqc.html
[2022-08-05 11:10:43,264] multiqc                                            [DEBUG  ]  File ignored by rockhopper because it exceeded search pattern filesize limit: 10714_HFLF3BCXX-1_R2p_fastqc.html
[2022-08-05 11:10:43,264] multiqc                                            [DEBUG  ]  File ignored by rseqc/bam_stat because it exceeded search pattern filesize limit: 10714_HFLF3BCXX-1_R2p_fastqc.html
[2022-08-05 11:10:43,264] multiqc                                            [DEBUG  ]  File ignored by rseqc/junction_annotation because it exceeded search pattern filesize limit: 10714_HFLF3BCXX-1_R2p_fastqc.html
[2022-08-05 11:10:43,264] multiqc                                            [DEBUG  ]  File ignored by rseqc/read_distribution because it exceeded search pattern filesize limit: 10714_HFLF3BCXX-1_R2p_fastqc.html
[2022-08-05 11:10:43,264] multiqc                                            [DEBUG  ]  File ignored by rseqc/infer_experiment because it exceeded search pattern filesize limit: 10714_HFLF3BCXX-1_R2p_fastqc.html
[2022-08-05 11:10:43,356] multiqc                                            [DEBUG  ]  Ignoring file as matched an ignore pattern: 10714_HFLF3BCXX-1_R2p.fastq.gz
[2022-08-05 11:10:43,356] multiqc                                            [DEBUG  ]  Ignoring file as matched an ignore pattern: 10714_QCreads.md5
[2022-08-05 11:10:44,642] multiqc.plots.bargraph                             [DEBUG  ]  Using matplotlib version 3.3.4
[2022-08-05 11:10:44,646] multiqc.plots.linegraph                            [DEBUG  ]  Using matplotlib version 3.3.4
[2022-08-05 11:10:44,649] multiqc                                            [DEBUG  ]  No samples found: custom_content
[2022-08-05 11:10:44,654] multiqc                                            [DEBUG  ]  No samples found: ccs
[2022-08-05 11:10:44,660] multiqc                                            [DEBUG  ]  No samples found: ngsderive
[2022-08-05 11:10:44,665] multiqc                                            [DEBUG  ]  No samples found: purple
[2022-08-05 11:10:44,671] multiqc                                            [DEBUG  ]  No samples found: conpair
[2022-08-05 11:10:44,676] multiqc                                            [DEBUG  ]  No samples found: lima
[2022-08-05 11:10:44,681] multiqc                                            [DEBUG  ]  No samples found: peddy
[2022-08-05 11:10:44,688] multiqc                                            [DEBUG  ]  No samples found: somalier
[2022-08-05 11:10:44,693] multiqc                                            [DEBUG  ]  No samples found: methylQA
[2022-08-05 11:10:44,703] multiqc.modules.mosdepth.mosdepth                  [DEBUG  ]  include_contigs: []
[2022-08-05 11:10:44,703] multiqc.modules.mosdepth.mosdepth                  [DEBUG  ]  exclude_contigs: []
[2022-08-05 11:10:44,703] multiqc                                            [DEBUG  ]  No samples found: mosdepth
[2022-08-05 11:10:44,708] multiqc                                            [DEBUG  ]  No samples found: phantompeakqualtools
[2022-08-05 11:10:44,712] multiqc                                            [DEBUG  ]  No samples found: qualimap
[2022-08-05 11:10:44,718] multiqc                                            [DEBUG  ]  No samples found: preseq
[2022-08-05 11:10:44,724] multiqc                                            [DEBUG  ]  No samples found: quast
[2022-08-05 11:10:44,729] multiqc                                            [DEBUG  ]  No samples found: qorts
[2022-08-05 11:10:44,964] multiqc                                            [DEBUG  ]  No samples found: rna_seqc
[2022-08-05 11:10:44,969] multiqc                                            [DEBUG  ]  No samples found: rockhopper
[2022-08-05 11:10:44,974] multiqc                                            [DEBUG  ]  No samples found: rsem
[2022-08-05 11:10:44,990] multiqc                                            [DEBUG  ]  No samples found: rseqc
[2022-08-05 11:10:44,994] multiqc                                            [DEBUG  ]  No samples found: busco
[2022-08-05 11:10:44,999] multiqc                                            [DEBUG  ]  No samples found: bustools
[2022-08-05 11:10:45,004] multiqc                                            [DEBUG  ]  No samples found: goleft_indexcov
[2022-08-05 11:10:45,009] multiqc                                            [DEBUG  ]  No samples found: gffcompare
[2022-08-05 11:10:45,013] multiqc                                            [DEBUG  ]  No samples found: disambiguate
[2022-08-05 11:10:45,019] multiqc                                            [DEBUG  ]  No samples found: supernova
[2022-08-05 11:10:45,265] multiqc                                            [DEBUG  ]  No samples found: deeptools
[2022-08-05 11:10:45,270] multiqc                                            [DEBUG  ]  No samples found: sargasso
[2022-08-05 11:10:45,275] multiqc                                            [DEBUG  ]  No samples found: verifybamid
[2022-08-05 11:10:45,280] multiqc                                            [DEBUG  ]  No samples found: mirtrace
[2022-08-05 11:10:45,284] multiqc                                            [DEBUG  ]  No samples found: happy
[2022-08-05 11:10:45,289] multiqc                                            [DEBUG  ]  No samples found: mirtop
[2022-08-05 11:10:45,294] multiqc                                            [DEBUG  ]  No samples found: sambamba
[2022-08-05 11:10:45,305] multiqc                                            [DEBUG  ]  No samples found: homer
[2022-08-05 11:10:45,310] multiqc                                            [DEBUG  ]  No samples found: hops
[2022-08-05 11:10:45,314] multiqc                                            [DEBUG  ]  No samples found: macs2
[2022-08-05 11:10:45,319] multiqc                                            [DEBUG  ]  No samples found: theta2
[2022-08-05 11:10:45,324] multiqc                                            [DEBUG  ]  No samples found: snpeff
[2022-08-05 11:10:45,332] multiqc                                            [DEBUG  ]  No samples found: gatk
[2022-08-05 11:10:45,337] multiqc                                            [DEBUG  ]  No samples found: htseq
[2022-08-05 11:10:45,343] multiqc                                            [DEBUG  ]  No samples found: bcftools
[2022-08-05 11:10:45,348] multiqc                                            [DEBUG  ]  No samples found: featureCounts
[2022-08-05 11:10:45,355] multiqc                                            [DEBUG  ]  No samples found: fgbio
[2022-08-05 11:10:45,604] multiqc                                            [DEBUG  ]  No samples found: dragen
[2022-08-05 11:10:45,612] multiqc                                            [DEBUG  ]  No samples found: dedup
[2022-08-05 11:10:45,619] multiqc                                            [DEBUG  ]  No samples found: damageprofiler
[2022-08-05 11:10:46,134] multiqc                                            [DEBUG  ]  No samples found: biobambam2
[2022-08-05 11:10:46,140] multiqc                                            [DEBUG  ]  No samples found: jcvi
[2022-08-05 11:10:46,374] multiqc                                            [DEBUG  ]  No samples found: mtnucratio
[2022-08-05 11:10:46,376] multiqc                                            [DEBUG  ]  No samples found: picard
[2022-08-05 11:10:46,381] multiqc                                            [DEBUG  ]  No samples found: vep
[2022-08-05 11:10:46,390] multiqc                                            [DEBUG  ]  No samples found: sentieon
[2022-08-05 11:10:46,394] multiqc                                            [DEBUG  ]  No samples found: prokka
[2022-08-05 11:10:46,401] multiqc                                            [DEBUG  ]  No samples found: qc3C
[2022-08-05 11:10:46,406] multiqc                                            [DEBUG  ]  No samples found: nanostat
[2022-08-05 11:10:46,411] multiqc                                            [DEBUG  ]  No samples found: samblaster
[2022-08-05 11:10:46,421] multiqc                                            [DEBUG  ]  No samples found: samtools
[2022-08-05 11:10:46,425] multiqc                                            [DEBUG  ]  No samples found: sexdeterrmine
[2022-08-05 11:10:46,429] multiqc                                            [DEBUG  ]  No samples found: eigenstratdatabasetools
[2022-08-05 11:10:46,434] multiqc                                            [DEBUG  ]  No samples found: bamtools
[2022-08-05 11:10:46,438] multiqc                                            [DEBUG  ]  No samples found: jellyfish
[2022-08-05 11:10:46,447] multiqc                                            [DEBUG  ]  No samples found: vcftools
[2022-08-05 11:10:46,452] multiqc                                            [DEBUG  ]  No samples found: longranger
[2022-08-05 11:10:46,457] multiqc                                            [DEBUG  ]  No samples found: stacks
[2022-08-05 11:10:46,462] multiqc                                            [DEBUG  ]  No samples found: varscan2
[2022-08-05 11:10:46,476] multiqc                                            [DEBUG  ]  No samples found: snippy
[2022-08-05 11:10:46,754] multiqc                                            [DEBUG  ]  No samples found: bbmap
[2022-08-05 11:10:46,764] multiqc                                            [DEBUG  ]  No samples found: bismark
[2022-08-05 11:10:46,781] multiqc                                            [DEBUG  ]  No samples found: biscuit
[2022-08-05 11:10:46,789] multiqc                                            [DEBUG  ]  No samples found: hicexplorer
[2022-08-05 11:10:46,797] multiqc                                            [DEBUG  ]  No samples found: hicup
[2022-08-05 11:10:46,803] multiqc                                            [DEBUG  ]  No samples found: hicpro
[2022-08-05 11:10:46,807] multiqc                                            [DEBUG  ]  No samples found: salmon
[2022-08-05 11:10:46,811] multiqc                                            [DEBUG  ]  No samples found: kallisto
[2022-08-05 11:10:46,818] multiqc                                            [DEBUG  ]  No samples found: slamdunk
[2022-08-05 11:10:46,823] multiqc                                            [DEBUG  ]  No samples found: star
[2022-08-05 11:10:47,059] multiqc                                            [DEBUG  ]  No samples found: hisat2
[2022-08-05 11:10:47,066] multiqc                                            [DEBUG  ]  No samples found: tophat
[2022-08-05 11:10:47,072] multiqc                                            [DEBUG  ]  No samples found: bowtie2
[2022-08-05 11:10:47,076] multiqc                                            [DEBUG  ]  No samples found: bowtie1
[2022-08-05 11:10:47,080] multiqc                                            [DEBUG  ]  No samples found: snpsplit
[2022-08-05 11:10:47,086] multiqc                                            [DEBUG  ]  No samples found: odgi
[2022-08-05 11:10:47,090] multiqc                                            [DEBUG  ]  No samples found: pangolin
[2022-08-05 11:10:47,325] multiqc                                            [DEBUG  ]  No samples found: kat
[2022-08-05 11:10:47,329] multiqc                                            [DEBUG  ]  No samples found: leehom
[2022-08-05 11:10:47,564] multiqc                                            [DEBUG  ]  No samples found: adapterRemoval
[2022-08-05 11:10:47,570] multiqc                                            [DEBUG  ]  No samples found: clipandmerge
[2022-08-05 11:10:47,577] multiqc                                            [DEBUG  ]  No samples found: cutadapt
[2022-08-05 11:10:47,581] multiqc                                            [DEBUG  ]  No samples found: flexbar
[2022-08-05 11:10:47,586] multiqc                                            [DEBUG  ]  No samples found: kaiju
[2022-08-05 11:10:47,592] multiqc                                            [DEBUG  ]  No samples found: kraken
[2022-08-05 11:10:47,596] multiqc                                            [DEBUG  ]  No samples found: malt
[2022-08-05 11:10:47,601] multiqc                                            [DEBUG  ]  No samples found: trimmomatic
[2022-08-05 11:10:47,607] multiqc                                            [DEBUG  ]  No samples found: sickle
[2022-08-05 11:10:47,611] multiqc                                            [DEBUG  ]  No samples found: skewer
[2022-08-05 11:10:47,617] multiqc                                            [DEBUG  ]  No samples found: sortmerna
[2022-08-05 11:10:47,622] multiqc                                            [DEBUG  ]  No samples found: biobloomtools
[2022-08-05 11:10:47,858] multiqc                                            [DEBUG  ]  No samples found: fastq_screen
[2022-08-05 11:10:48,093] multiqc                                            [DEBUG  ]  No samples found: afterqc
[2022-08-05 11:10:48,102] multiqc                                            [DEBUG  ]  No samples found: fastp
[2022-08-05 11:10:48,284] multiqc.modules.fastqc.fastqc                      [INFO   ]  Found 4 reports
[2022-08-05 11:10:48,366] multiqc                                            [DEBUG  ]  No samples found: pychopper
[2022-08-05 11:10:48,371] multiqc                                            [DEBUG  ]  No samples found: pycoqc
[2022-08-05 11:10:48,376] multiqc                                            [DEBUG  ]  No samples found: minionqc
[2022-08-05 11:10:48,381] multiqc                                            [DEBUG  ]  No samples found: multivcfanalyzer
[2022-08-05 11:10:48,386] multiqc                                            [DEBUG  ]  No samples found: clusterflow
[2022-08-05 11:10:48,392] multiqc                                            [DEBUG  ]  No samples found: bcl2fastq
[2022-08-05 11:10:48,399] multiqc                                            [DEBUG  ]  No samples found: bclconvert
[2022-08-05 11:10:48,405] multiqc                                            [DEBUG  ]  No samples found: interop
[2022-08-05 11:10:48,410] multiqc                                            [DEBUG  ]  No samples found: ivar
[2022-08-05 11:10:48,415] multiqc                                            [DEBUG  ]  No samples found: flash
[2022-08-05 11:10:48,419] multiqc                                            [DEBUG  ]  No samples found: seqyclean
[2022-08-05 11:10:48,423] multiqc                                            [DEBUG  ]  No samples found: optitype
[2022-08-05 11:10:48,427] multiqc                                            [INFO   ]  Compressing plot data
[2022-08-05 11:10:48,499] multiqc                                            [INFO   ]  Report      : 10714_MGSD_CSIRO.qc.stats/multiqc_report.html
[2022-08-05 11:10:48,499] multiqc                                            [INFO   ]  Data        : 10714_MGSD_CSIRO.qc.stats/multiqc_data
[2022-08-05 11:10:48,499] multiqc                                            [DEBUG  ]  Moving data file from '/tmp/smi9a9.8585411/tmp8nz3jct7/multiqc_data' to '10714_MGSD_CSIRO.qc.stats/multiqc_data'
[2022-08-05 11:10:48,801] multiqc                                            [INFO   ]  MultiQC complete
