[2022-08-05 11:14:45,876] multiqc                                            [DEBUG  ]  This is MultiQC v1.11
[2022-08-05 11:14:45,876] multiqc                                            [DEBUG  ]  No MultiQC config found: /apps/multiqc/1.11/lib/python3.9/site-packages/multiqc_config.yaml
[2022-08-05 11:14:45,876] multiqc                                            [DEBUG  ]  No MultiQC config found: /home/smi9a9/.multiqc_config.yaml
[2022-08-05 11:14:51,510] multiqc                                            [DEBUG  ]  No MultiQC config found: multiqc_config.yaml
[2022-08-05 11:14:51,510] multiqc                                            [DEBUG  ]  Command used: /apps/multiqc/1.11/bin/multiqc ./12830_combined_merged_fastqc.html ./12830_combined_merged_fastqc.zip ./12830_combined_merged.fastq.gz ./12830_combined_R1p_fastqc.html ./12830_combined_R1p_fastqc.zip ./12830_combined_R1p.fastq.gz ./12830_combined_R1R2u_fastqc.html ./12830_combined_R1R2u_fastqc.zip ./12830_combined_R1R2u.fastq.gz ./12830_combined_R2p_fastqc.html ./12830_combined_R2p_fastqc.zip ./12830_combined_R2p.fastq.gz ./12830_QCreads.md5 -o 12830_MGSD_CSIRO.qc.stats
[2022-08-05 11:14:51,513] multiqc                                            [DEBUG  ]  Could not connect to multiqc.info for version check: <urlopen error [Errno 111] Connection refused>
[2022-08-05 11:14:51,513] multiqc                                            [DEBUG  ]  Command     : /apps/multiqc/1.11/bin/multiqc ./12830_combined_merged_fastqc.html ./12830_combined_merged_fastqc.zip ./12830_combined_merged.fastq.gz ./12830_combined_R1p_fastqc.html ./12830_combined_R1p_fastqc.zip ./12830_combined_R1p.fastq.gz ./12830_combined_R1R2u_fastqc.html ./12830_combined_R1R2u_fastqc.zip ./12830_combined_R1R2u.fastq.gz ./12830_combined_R2p_fastqc.html ./12830_combined_R2p_fastqc.zip ./12830_combined_R2p.fastq.gz ./12830_QCreads.md5 -o 12830_MGSD_CSIRO.qc.stats
[2022-08-05 11:14:51,513] multiqc                                            [DEBUG  ]  Working dir : /datasets/work/oa-amd/work/amd/Metagenome_QC_reads
[2022-08-05 11:14:51,513] multiqc                                            [DEBUG  ]  Template    : default
[2022-08-05 11:14:51,513] multiqc                                            [DEBUG  ]  Running Python 3.9.4 (default, Apr 25 2021, 16:13:27)  [GCC 10.3.0]
[2022-08-05 11:14:51,513] multiqc                                            [DEBUG  ]  Analysing modules: custom_content, ccs, ngsderive, purple, conpair, lima, peddy, somalier, methylQA, mosdepth, phantompeakqualtools, qualimap, preseq, quast, qorts, rna_seqc, rockhopper, rsem, rseqc, busco, bustools, goleft_indexcov, gffcompare, disambiguate, supernova, deeptools, sargasso, verifybamid, mirtrace, happy, mirtop, sambamba, homer, hops, macs2, theta2, snpeff, gatk, htseq, bcftools, featureCounts, fgbio, dragen, dedup, damageprofiler, biobambam2, jcvi, mtnucratio, picard, vep, sentieon, prokka, qc3C, nanostat, samblaster, samtools, sexdeterrmine, eigenstratdatabasetools, bamtools, jellyfish, vcftools, longranger, stacks, varscan2, snippy, bbmap, bismark, biscuit, hicexplorer, hicup, hicpro, salmon, kallisto, slamdunk, star, hisat2, tophat, bowtie2, bowtie1, snpsplit, odgi, pangolin, kat, leehom, adapterRemoval, clipandmerge, cutadapt, flexbar, kaiju, kraken, malt, trimmomatic, sickle, skewer, sortmerna, biobloomtools, fastq_screen, afterqc, fastp, fastqc, pychopper, pycoqc, minionqc, multivcfanalyzer, clusterflow, bcl2fastq, bclconvert, interop, ivar, flash, seqyclean, optitype
[2022-08-05 11:14:51,513] multiqc                                            [DEBUG  ]  Using temporary directory for creating report: /tmp/smi9a9.8586066/tmpuczec7vj
[2022-08-05 11:14:51,574] multiqc                                            [INFO   ]  Search path : /datasets/work/oa-amd/work/amd/Metagenome_QC_reads/12830_combined_merged_fastqc.html
[2022-08-05 11:14:51,574] multiqc                                            [INFO   ]  Search path : /datasets/work/oa-amd/work/amd/Metagenome_QC_reads/12830_combined_merged_fastqc.zip
[2022-08-05 11:14:51,574] multiqc                                            [INFO   ]  Search path : /datasets/work/oa-amd/work/amd/Metagenome_QC_reads/12830_combined_merged.fastq.gz
[2022-08-05 11:14:51,574] multiqc                                            [INFO   ]  Search path : /datasets/work/oa-amd/work/amd/Metagenome_QC_reads/12830_combined_R1p_fastqc.html
[2022-08-05 11:14:51,574] multiqc                                            [INFO   ]  Search path : /datasets/work/oa-amd/work/amd/Metagenome_QC_reads/12830_combined_R1p_fastqc.zip
[2022-08-05 11:14:51,574] multiqc                                            [INFO   ]  Search path : /datasets/work/oa-amd/work/amd/Metagenome_QC_reads/12830_combined_R1p.fastq.gz
[2022-08-05 11:14:51,574] multiqc                                            [INFO   ]  Search path : /datasets/work/oa-amd/work/amd/Metagenome_QC_reads/12830_combined_R1R2u_fastqc.html
[2022-08-05 11:14:51,574] multiqc                                            [INFO   ]  Search path : /datasets/work/oa-amd/work/amd/Metagenome_QC_reads/12830_combined_R1R2u_fastqc.zip
[2022-08-05 11:14:51,574] multiqc                                            [INFO   ]  Search path : /datasets/work/oa-amd/work/amd/Metagenome_QC_reads/12830_combined_R1R2u.fastq.gz
[2022-08-05 11:14:51,574] multiqc                                            [INFO   ]  Search path : /datasets/work/oa-amd/work/amd/Metagenome_QC_reads/12830_combined_R2p_fastqc.html
[2022-08-05 11:14:51,574] multiqc                                            [INFO   ]  Search path : /datasets/work/oa-amd/work/amd/Metagenome_QC_reads/12830_combined_R2p_fastqc.zip
[2022-08-05 11:14:51,574] multiqc                                            [INFO   ]  Search path : /datasets/work/oa-amd/work/amd/Metagenome_QC_reads/12830_combined_R2p.fastq.gz
[2022-08-05 11:14:51,574] multiqc                                            [INFO   ]  Search path : /datasets/work/oa-amd/work/amd/Metagenome_QC_reads/12830_QCreads.md5
[2022-08-05 11:14:51,924] multiqc                                            [DEBUG  ]  File ignored by ccs/v4 because it exceeded search pattern filesize limit: 12830_combined_merged_fastqc.html
[2022-08-05 11:14:51,932] multiqc                                            [DEBUG  ]  File ignored by hicexplorer because it exceeded search pattern filesize limit: 12830_combined_merged_fastqc.html
[2022-08-05 11:14:51,933] multiqc                                            [DEBUG  ]  File ignored by nanostat because it exceeded search pattern filesize limit: 12830_combined_merged_fastqc.html
[2022-08-05 11:14:51,933] multiqc                                            [DEBUG  ]  File ignored by lima/summary because it exceeded search pattern filesize limit: 12830_combined_merged_fastqc.html
[2022-08-05 11:14:51,952] multiqc                                            [DEBUG  ]  File ignored by vep/vep_txt because it exceeded search pattern filesize limit: 12830_combined_merged_fastqc.html
[2022-08-05 11:14:51,952] multiqc                                            [DEBUG  ]  File ignored by longranger/invocation because it exceeded search pattern filesize limit: 12830_combined_merged_fastqc.html
[2022-08-05 11:14:51,952] multiqc                                            [DEBUG  ]  File ignored by rockhopper because it exceeded search pattern filesize limit: 12830_combined_merged_fastqc.html
[2022-08-05 11:14:51,952] multiqc                                            [DEBUG  ]  File ignored by rseqc/bam_stat because it exceeded search pattern filesize limit: 12830_combined_merged_fastqc.html
[2022-08-05 11:14:51,952] multiqc                                            [DEBUG  ]  File ignored by rseqc/junction_annotation because it exceeded search pattern filesize limit: 12830_combined_merged_fastqc.html
[2022-08-05 11:14:51,952] multiqc                                            [DEBUG  ]  File ignored by rseqc/read_distribution because it exceeded search pattern filesize limit: 12830_combined_merged_fastqc.html
[2022-08-05 11:14:51,952] multiqc                                            [DEBUG  ]  File ignored by rseqc/infer_experiment because it exceeded search pattern filesize limit: 12830_combined_merged_fastqc.html
[2022-08-05 11:14:52,053] multiqc                                            [DEBUG  ]  Ignoring file as matched an ignore pattern: 12830_combined_merged.fastq.gz
[2022-08-05 11:14:52,139] multiqc                                            [DEBUG  ]  File ignored by ccs/v4 because it exceeded search pattern filesize limit: 12830_combined_R1p_fastqc.html
[2022-08-05 11:14:52,154] multiqc                                            [DEBUG  ]  File ignored by hicexplorer because it exceeded search pattern filesize limit: 12830_combined_R1p_fastqc.html
[2022-08-05 11:14:52,155] multiqc                                            [DEBUG  ]  File ignored by nanostat because it exceeded search pattern filesize limit: 12830_combined_R1p_fastqc.html
[2022-08-05 11:14:52,155] multiqc                                            [DEBUG  ]  File ignored by lima/summary because it exceeded search pattern filesize limit: 12830_combined_R1p_fastqc.html
[2022-08-05 11:14:52,170] multiqc                                            [DEBUG  ]  File ignored by vep/vep_txt because it exceeded search pattern filesize limit: 12830_combined_R1p_fastqc.html
[2022-08-05 11:14:52,170] multiqc                                            [DEBUG  ]  File ignored by longranger/invocation because it exceeded search pattern filesize limit: 12830_combined_R1p_fastqc.html
[2022-08-05 11:14:52,170] multiqc                                            [DEBUG  ]  File ignored by rockhopper because it exceeded search pattern filesize limit: 12830_combined_R1p_fastqc.html
[2022-08-05 11:14:52,170] multiqc                                            [DEBUG  ]  File ignored by rseqc/bam_stat because it exceeded search pattern filesize limit: 12830_combined_R1p_fastqc.html
[2022-08-05 11:14:52,170] multiqc                                            [DEBUG  ]  File ignored by rseqc/junction_annotation because it exceeded search pattern filesize limit: 12830_combined_R1p_fastqc.html
[2022-08-05 11:14:52,170] multiqc                                            [DEBUG  ]  File ignored by rseqc/read_distribution because it exceeded search pattern filesize limit: 12830_combined_R1p_fastqc.html
[2022-08-05 11:14:52,170] multiqc                                            [DEBUG  ]  File ignored by rseqc/infer_experiment because it exceeded search pattern filesize limit: 12830_combined_R1p_fastqc.html
[2022-08-05 11:14:52,268] multiqc                                            [DEBUG  ]  Ignoring file as matched an ignore pattern: 12830_combined_R1p.fastq.gz
[2022-08-05 11:14:52,372] multiqc                                            [DEBUG  ]  File ignored by ccs/v4 because it exceeded search pattern filesize limit: 12830_combined_R1R2u_fastqc.html
[2022-08-05 11:14:52,385] multiqc                                            [DEBUG  ]  File ignored by hicexplorer because it exceeded search pattern filesize limit: 12830_combined_R1R2u_fastqc.html
[2022-08-05 11:14:52,386] multiqc                                            [DEBUG  ]  File ignored by nanostat because it exceeded search pattern filesize limit: 12830_combined_R1R2u_fastqc.html
[2022-08-05 11:14:52,386] multiqc                                            [DEBUG  ]  File ignored by lima/summary because it exceeded search pattern filesize limit: 12830_combined_R1R2u_fastqc.html
[2022-08-05 11:14:52,411] multiqc                                            [DEBUG  ]  File ignored by vep/vep_txt because it exceeded search pattern filesize limit: 12830_combined_R1R2u_fastqc.html
[2022-08-05 11:14:52,411] multiqc                                            [DEBUG  ]  File ignored by longranger/invocation because it exceeded search pattern filesize limit: 12830_combined_R1R2u_fastqc.html
[2022-08-05 11:14:52,411] multiqc                                            [DEBUG  ]  File ignored by rockhopper because it exceeded search pattern filesize limit: 12830_combined_R1R2u_fastqc.html
[2022-08-05 11:14:52,411] multiqc                                            [DEBUG  ]  File ignored by rseqc/bam_stat because it exceeded search pattern filesize limit: 12830_combined_R1R2u_fastqc.html
[2022-08-05 11:14:52,411] multiqc                                            [DEBUG  ]  File ignored by rseqc/junction_annotation because it exceeded search pattern filesize limit: 12830_combined_R1R2u_fastqc.html
[2022-08-05 11:14:52,411] multiqc                                            [DEBUG  ]  File ignored by rseqc/read_distribution because it exceeded search pattern filesize limit: 12830_combined_R1R2u_fastqc.html
[2022-08-05 11:14:52,411] multiqc                                            [DEBUG  ]  File ignored by rseqc/infer_experiment because it exceeded search pattern filesize limit: 12830_combined_R1R2u_fastqc.html
[2022-08-05 11:14:52,835] multiqc                                            [DEBUG  ]  Ignoring file as matched an ignore pattern: 12830_combined_R1R2u.fastq.gz
[2022-08-05 11:14:53,364] multiqc                                            [DEBUG  ]  File ignored by ccs/v4 because it exceeded search pattern filesize limit: 12830_combined_R2p_fastqc.html
[2022-08-05 11:14:53,464] multiqc                                            [DEBUG  ]  File ignored by hicexplorer because it exceeded search pattern filesize limit: 12830_combined_R2p_fastqc.html
[2022-08-05 11:14:53,466] multiqc                                            [DEBUG  ]  File ignored by nanostat because it exceeded search pattern filesize limit: 12830_combined_R2p_fastqc.html
[2022-08-05 11:14:53,466] multiqc                                            [DEBUG  ]  File ignored by lima/summary because it exceeded search pattern filesize limit: 12830_combined_R2p_fastqc.html
[2022-08-05 11:14:53,532] multiqc                                            [DEBUG  ]  File ignored by vep/vep_txt because it exceeded search pattern filesize limit: 12830_combined_R2p_fastqc.html
[2022-08-05 11:14:53,532] multiqc                                            [DEBUG  ]  File ignored by longranger/invocation because it exceeded search pattern filesize limit: 12830_combined_R2p_fastqc.html
[2022-08-05 11:14:53,532] multiqc                                            [DEBUG  ]  File ignored by rockhopper because it exceeded search pattern filesize limit: 12830_combined_R2p_fastqc.html
[2022-08-05 11:14:53,532] multiqc                                            [DEBUG  ]  File ignored by rseqc/bam_stat because it exceeded search pattern filesize limit: 12830_combined_R2p_fastqc.html
[2022-08-05 11:14:53,532] multiqc                                            [DEBUG  ]  File ignored by rseqc/junction_annotation because it exceeded search pattern filesize limit: 12830_combined_R2p_fastqc.html
[2022-08-05 11:14:53,532] multiqc                                            [DEBUG  ]  File ignored by rseqc/read_distribution because it exceeded search pattern filesize limit: 12830_combined_R2p_fastqc.html
[2022-08-05 11:14:53,532] multiqc                                            [DEBUG  ]  File ignored by rseqc/infer_experiment because it exceeded search pattern filesize limit: 12830_combined_R2p_fastqc.html
[2022-08-05 11:14:53,735] multiqc                                            [DEBUG  ]  Ignoring file as matched an ignore pattern: 12830_combined_R2p.fastq.gz
[2022-08-05 11:14:53,737] multiqc                                            [DEBUG  ]  Ignoring file as matched an ignore pattern: 12830_QCreads.md5
[2022-08-05 11:14:55,188] multiqc.plots.bargraph                             [DEBUG  ]  Using matplotlib version 3.3.4
[2022-08-05 11:14:55,193] multiqc.plots.linegraph                            [DEBUG  ]  Using matplotlib version 3.3.4
[2022-08-05 11:14:55,196] multiqc                                            [DEBUG  ]  No samples found: custom_content
[2022-08-05 11:14:55,202] multiqc                                            [DEBUG  ]  No samples found: ccs
[2022-08-05 11:14:55,208] multiqc                                            [DEBUG  ]  No samples found: ngsderive
[2022-08-05 11:14:55,214] multiqc                                            [DEBUG  ]  No samples found: purple
[2022-08-05 11:14:55,219] multiqc                                            [DEBUG  ]  No samples found: conpair
[2022-08-05 11:14:55,224] multiqc                                            [DEBUG  ]  No samples found: lima
[2022-08-05 11:14:55,229] multiqc                                            [DEBUG  ]  No samples found: peddy
[2022-08-05 11:14:55,237] multiqc                                            [DEBUG  ]  No samples found: somalier
[2022-08-05 11:14:55,242] multiqc                                            [DEBUG  ]  No samples found: methylQA
[2022-08-05 11:14:55,254] multiqc.modules.mosdepth.mosdepth                  [DEBUG  ]  include_contigs: []
[2022-08-05 11:14:55,254] multiqc.modules.mosdepth.mosdepth                  [DEBUG  ]  exclude_contigs: []
[2022-08-05 11:14:55,254] multiqc                                            [DEBUG  ]  No samples found: mosdepth
[2022-08-05 11:14:55,259] multiqc                                            [DEBUG  ]  No samples found: phantompeakqualtools
[2022-08-05 11:14:55,263] multiqc                                            [DEBUG  ]  No samples found: qualimap
[2022-08-05 11:14:55,269] multiqc                                            [DEBUG  ]  No samples found: preseq
[2022-08-05 11:14:55,274] multiqc                                            [DEBUG  ]  No samples found: quast
[2022-08-05 11:14:55,280] multiqc                                            [DEBUG  ]  No samples found: qorts
[2022-08-05 11:14:55,286] multiqc                                            [DEBUG  ]  No samples found: rna_seqc
[2022-08-05 11:14:55,291] multiqc                                            [DEBUG  ]  No samples found: rockhopper
[2022-08-05 11:14:55,297] multiqc                                            [DEBUG  ]  No samples found: rsem
[2022-08-05 11:14:55,316] multiqc                                            [DEBUG  ]  No samples found: rseqc
[2022-08-05 11:14:55,321] multiqc                                            [DEBUG  ]  No samples found: busco
[2022-08-05 11:14:55,556] multiqc                                            [DEBUG  ]  No samples found: bustools
[2022-08-05 11:14:55,562] multiqc                                            [DEBUG  ]  No samples found: goleft_indexcov
[2022-08-05 11:14:55,566] multiqc                                            [DEBUG  ]  No samples found: gffcompare
[2022-08-05 11:14:55,570] multiqc                                            [DEBUG  ]  No samples found: disambiguate
[2022-08-05 11:14:55,576] multiqc                                            [DEBUG  ]  No samples found: supernova
[2022-08-05 11:14:55,591] multiqc                                            [DEBUG  ]  No samples found: deeptools
[2022-08-05 11:14:55,596] multiqc                                            [DEBUG  ]  No samples found: sargasso
[2022-08-05 11:14:55,600] multiqc                                            [DEBUG  ]  No samples found: verifybamid
[2022-08-05 11:14:55,605] multiqc                                            [DEBUG  ]  No samples found: mirtrace
[2022-08-05 11:14:55,610] multiqc                                            [DEBUG  ]  No samples found: happy
[2022-08-05 11:14:55,614] multiqc                                            [DEBUG  ]  No samples found: mirtop
[2022-08-05 11:14:55,619] multiqc                                            [DEBUG  ]  No samples found: sambamba
[2022-08-05 11:14:55,626] multiqc                                            [DEBUG  ]  No samples found: homer
[2022-08-05 11:14:55,630] multiqc                                            [DEBUG  ]  No samples found: hops
[2022-08-05 11:14:55,635] multiqc                                            [DEBUG  ]  No samples found: macs2
[2022-08-05 11:14:55,639] multiqc                                            [DEBUG  ]  No samples found: theta2
[2022-08-05 11:14:55,643] multiqc                                            [DEBUG  ]  No samples found: snpeff
[2022-08-05 11:14:55,650] multiqc                                            [DEBUG  ]  No samples found: gatk
[2022-08-05 11:14:55,654] multiqc                                            [DEBUG  ]  No samples found: htseq
[2022-08-05 11:14:55,660] multiqc                                            [DEBUG  ]  No samples found: bcftools
[2022-08-05 11:14:55,664] multiqc                                            [DEBUG  ]  No samples found: featureCounts
[2022-08-05 11:14:55,671] multiqc                                            [DEBUG  ]  No samples found: fgbio
[2022-08-05 11:14:55,686] multiqc                                            [DEBUG  ]  No samples found: dragen
[2022-08-05 11:14:55,690] multiqc                                            [DEBUG  ]  No samples found: dedup
[2022-08-05 11:14:55,695] multiqc                                            [DEBUG  ]  No samples found: damageprofiler
[2022-08-05 11:14:55,730] multiqc                                            [DEBUG  ]  No samples found: biobambam2
[2022-08-05 11:14:55,736] multiqc                                            [DEBUG  ]  No samples found: jcvi
[2022-08-05 11:14:55,740] multiqc                                            [DEBUG  ]  No samples found: mtnucratio
[2022-08-05 11:14:55,742] multiqc                                            [DEBUG  ]  No samples found: picard
[2022-08-05 11:14:55,747] multiqc                                            [DEBUG  ]  No samples found: vep
[2022-08-05 11:14:55,755] multiqc                                            [DEBUG  ]  No samples found: sentieon
[2022-08-05 11:14:55,759] multiqc                                            [DEBUG  ]  No samples found: prokka
[2022-08-05 11:14:55,766] multiqc                                            [DEBUG  ]  No samples found: qc3C
[2022-08-05 11:14:56,001] multiqc                                            [DEBUG  ]  No samples found: nanostat
[2022-08-05 11:14:56,005] multiqc                                            [DEBUG  ]  No samples found: samblaster
[2022-08-05 11:14:56,015] multiqc                                            [DEBUG  ]  No samples found: samtools
[2022-08-05 11:14:56,019] multiqc                                            [DEBUG  ]  No samples found: sexdeterrmine
[2022-08-05 11:14:56,023] multiqc                                            [DEBUG  ]  No samples found: eigenstratdatabasetools
[2022-08-05 11:14:56,027] multiqc                                            [DEBUG  ]  No samples found: bamtools
[2022-08-05 11:14:56,031] multiqc                                            [DEBUG  ]  No samples found: jellyfish
[2022-08-05 11:14:56,039] multiqc                                            [DEBUG  ]  No samples found: vcftools
[2022-08-05 11:14:56,044] multiqc                                            [DEBUG  ]  No samples found: longranger
[2022-08-05 11:14:56,049] multiqc                                            [DEBUG  ]  No samples found: stacks
[2022-08-05 11:14:56,054] multiqc                                            [DEBUG  ]  No samples found: varscan2
[2022-08-05 11:14:56,058] multiqc                                            [DEBUG  ]  No samples found: snippy
[2022-08-05 11:14:56,075] multiqc                                            [DEBUG  ]  No samples found: bbmap
[2022-08-05 11:14:56,080] multiqc                                            [DEBUG  ]  No samples found: bismark
[2022-08-05 11:14:56,088] multiqc                                            [DEBUG  ]  No samples found: biscuit
[2022-08-05 11:14:56,093] multiqc                                            [DEBUG  ]  No samples found: hicexplorer
[2022-08-05 11:14:56,097] multiqc                                            [DEBUG  ]  No samples found: hicup
[2022-08-05 11:14:56,103] multiqc                                            [DEBUG  ]  No samples found: hicpro
[2022-08-05 11:14:56,106] multiqc                                            [DEBUG  ]  No samples found: salmon
[2022-08-05 11:14:56,111] multiqc                                            [DEBUG  ]  No samples found: kallisto
[2022-08-05 11:14:56,117] multiqc                                            [DEBUG  ]  No samples found: slamdunk
[2022-08-05 11:14:56,121] multiqc                                            [DEBUG  ]  No samples found: star
[2022-08-05 11:14:56,125] multiqc                                            [DEBUG  ]  No samples found: hisat2
[2022-08-05 11:14:56,130] multiqc                                            [DEBUG  ]  No samples found: tophat
[2022-08-05 11:14:56,134] multiqc                                            [DEBUG  ]  No samples found: bowtie2
[2022-08-05 11:14:56,138] multiqc                                            [DEBUG  ]  No samples found: bowtie1
[2022-08-05 11:14:56,143] multiqc                                            [DEBUG  ]  No samples found: snpsplit
[2022-08-05 11:14:56,148] multiqc                                            [DEBUG  ]  No samples found: odgi
[2022-08-05 11:14:56,152] multiqc                                            [DEBUG  ]  No samples found: pangolin
[2022-08-05 11:14:56,156] multiqc                                            [DEBUG  ]  No samples found: kat
[2022-08-05 11:14:56,160] multiqc                                            [DEBUG  ]  No samples found: leehom
[2022-08-05 11:14:56,164] multiqc                                            [DEBUG  ]  No samples found: adapterRemoval
[2022-08-05 11:14:56,168] multiqc                                            [DEBUG  ]  No samples found: clipandmerge
[2022-08-05 11:14:56,173] multiqc                                            [DEBUG  ]  No samples found: cutadapt
[2022-08-05 11:14:56,177] multiqc                                            [DEBUG  ]  No samples found: flexbar
[2022-08-05 11:14:56,182] multiqc                                            [DEBUG  ]  No samples found: kaiju
[2022-08-05 11:14:56,187] multiqc                                            [DEBUG  ]  No samples found: kraken
[2022-08-05 11:14:56,191] multiqc                                            [DEBUG  ]  No samples found: malt
[2022-08-05 11:14:56,195] multiqc                                            [DEBUG  ]  No samples found: trimmomatic
[2022-08-05 11:14:56,199] multiqc                                            [DEBUG  ]  No samples found: sickle
[2022-08-05 11:14:56,203] multiqc                                            [DEBUG  ]  No samples found: skewer
[2022-08-05 11:14:56,207] multiqc                                            [DEBUG  ]  No samples found: sortmerna
[2022-08-05 11:14:56,211] multiqc                                            [DEBUG  ]  No samples found: biobloomtools
[2022-08-05 11:14:56,216] multiqc                                            [DEBUG  ]  No samples found: fastq_screen
[2022-08-05 11:14:56,220] multiqc                                            [DEBUG  ]  No samples found: afterqc
[2022-08-05 11:14:56,225] multiqc                                            [DEBUG  ]  No samples found: fastp
[2022-08-05 11:14:56,442] multiqc.modules.fastqc.fastqc                      [INFO   ]  Found 4 reports
[2022-08-05 11:14:56,524] multiqc                                            [DEBUG  ]  No samples found: pychopper
[2022-08-05 11:14:56,529] multiqc                                            [DEBUG  ]  No samples found: pycoqc
[2022-08-05 11:14:56,535] multiqc                                            [DEBUG  ]  No samples found: minionqc
[2022-08-05 11:14:56,540] multiqc                                            [DEBUG  ]  No samples found: multivcfanalyzer
[2022-08-05 11:14:56,546] multiqc                                            [DEBUG  ]  No samples found: clusterflow
[2022-08-05 11:14:56,552] multiqc                                            [DEBUG  ]  No samples found: bcl2fastq
[2022-08-05 11:14:56,559] multiqc                                            [DEBUG  ]  No samples found: bclconvert
[2022-08-05 11:14:56,565] multiqc                                            [DEBUG  ]  No samples found: interop
[2022-08-05 11:14:56,570] multiqc                                            [DEBUG  ]  No samples found: ivar
[2022-08-05 11:14:56,576] multiqc                                            [DEBUG  ]  No samples found: flash
[2022-08-05 11:14:56,581] multiqc                                            [DEBUG  ]  No samples found: seqyclean
[2022-08-05 11:14:56,585] multiqc                                            [DEBUG  ]  No samples found: optitype
[2022-08-05 11:14:56,590] multiqc                                            [INFO   ]  Compressing plot data
[2022-08-05 11:15:03,830] multiqc                                            [INFO   ]  Report      : 12830_MGSD_CSIRO.qc.stats/multiqc_report.html
[2022-08-05 11:15:03,830] multiqc                                            [INFO   ]  Data        : 12830_MGSD_CSIRO.qc.stats/multiqc_data
[2022-08-05 11:15:03,830] multiqc                                            [DEBUG  ]  Moving data file from '/tmp/smi9a9.8586066/tmpuczec7vj/multiqc_data' to '12830_MGSD_CSIRO.qc.stats/multiqc_data'
[2022-08-05 11:15:04,376] multiqc                                            [INFO   ]  MultiQC complete
