[2022-08-05 11:06:46,252] multiqc                                            [DEBUG  ]  This is MultiQC v1.11
[2022-08-05 11:06:46,253] multiqc                                            [DEBUG  ]  No MultiQC config found: /apps/multiqc/1.11/lib/python3.9/site-packages/multiqc_config.yaml
[2022-08-05 11:06:46,253] multiqc                                            [DEBUG  ]  No MultiQC config found: /home/smi9a9/.multiqc_config.yaml
[2022-08-05 11:06:46,253] multiqc                                            [DEBUG  ]  No MultiQC config found: multiqc_config.yaml
[2022-08-05 11:06:46,253] multiqc                                            [DEBUG  ]  Command used: /apps/multiqc/1.11/bin/multiqc ./8529_combined_merged_fastqc.html ./8529_combined_merged_fastqc.zip ./8529_combined_merged.fastq.gz ./8529_combined_R1p_fastqc.html ./8529_combined_R1p_fastqc.zip ./8529_combined_R1p.fastq.gz ./8529_combined_R1R2u_fastqc.html ./8529_combined_R1R2u_fastqc.zip ./8529_combined_R1R2u.fastq.gz ./8529_combined_R2p_fastqc.html ./8529_combined_R2p_fastqc.zip ./8529_combined_R2p.fastq.gz ./8529_QCreads.md5 -o 8529_MGSD_CSIRO.qc.stats
[2022-08-05 11:06:46,256] multiqc                                            [DEBUG  ]  Could not connect to multiqc.info for version check: <urlopen error [Errno 111] Connection refused>
[2022-08-05 11:06:46,256] multiqc                                            [DEBUG  ]  Command     : /apps/multiqc/1.11/bin/multiqc ./8529_combined_merged_fastqc.html ./8529_combined_merged_fastqc.zip ./8529_combined_merged.fastq.gz ./8529_combined_R1p_fastqc.html ./8529_combined_R1p_fastqc.zip ./8529_combined_R1p.fastq.gz ./8529_combined_R1R2u_fastqc.html ./8529_combined_R1R2u_fastqc.zip ./8529_combined_R1R2u.fastq.gz ./8529_combined_R2p_fastqc.html ./8529_combined_R2p_fastqc.zip ./8529_combined_R2p.fastq.gz ./8529_QCreads.md5 -o 8529_MGSD_CSIRO.qc.stats
[2022-08-05 11:06:46,256] multiqc                                            [DEBUG  ]  Working dir : /datasets/work/oa-amd/work/amd/Metagenome_QC_reads
[2022-08-05 11:06:46,256] multiqc                                            [DEBUG  ]  Template    : default
[2022-08-05 11:06:46,256] multiqc                                            [DEBUG  ]  Running Python 3.9.4 (default, Apr 25 2021, 16:13:27)  [GCC 10.3.0]
[2022-08-05 11:06:46,257] multiqc                                            [DEBUG  ]  Analysing modules: custom_content, ccs, ngsderive, purple, conpair, lima, peddy, somalier, methylQA, mosdepth, phantompeakqualtools, qualimap, preseq, quast, qorts, rna_seqc, rockhopper, rsem, rseqc, busco, bustools, goleft_indexcov, gffcompare, disambiguate, supernova, deeptools, sargasso, verifybamid, mirtrace, happy, mirtop, sambamba, homer, hops, macs2, theta2, snpeff, gatk, htseq, bcftools, featureCounts, fgbio, dragen, dedup, damageprofiler, biobambam2, jcvi, mtnucratio, picard, vep, sentieon, prokka, qc3C, nanostat, samblaster, samtools, sexdeterrmine, eigenstratdatabasetools, bamtools, jellyfish, vcftools, longranger, stacks, varscan2, snippy, bbmap, bismark, biscuit, hicexplorer, hicup, hicpro, salmon, kallisto, slamdunk, star, hisat2, tophat, bowtie2, bowtie1, snpsplit, odgi, pangolin, kat, leehom, adapterRemoval, clipandmerge, cutadapt, flexbar, kaiju, kraken, malt, trimmomatic, sickle, skewer, sortmerna, biobloomtools, fastq_screen, afterqc, fastp, fastqc, pychopper, pycoqc, minionqc, multivcfanalyzer, clusterflow, bcl2fastq, bclconvert, interop, ivar, flash, seqyclean, optitype
[2022-08-05 11:06:46,257] multiqc                                            [DEBUG  ]  Using temporary directory for creating report: /tmp/smi9a9.8585678/tmpl_ramk2l
[2022-08-05 11:06:46,320] multiqc                                            [INFO   ]  Search path : /datasets/work/oa-amd/work/amd/Metagenome_QC_reads/8529_combined_merged_fastqc.html
[2022-08-05 11:06:46,320] multiqc                                            [INFO   ]  Search path : /datasets/work/oa-amd/work/amd/Metagenome_QC_reads/8529_combined_merged_fastqc.zip
[2022-08-05 11:06:46,320] multiqc                                            [INFO   ]  Search path : /datasets/work/oa-amd/work/amd/Metagenome_QC_reads/8529_combined_merged.fastq.gz
[2022-08-05 11:06:46,320] multiqc                                            [INFO   ]  Search path : /datasets/work/oa-amd/work/amd/Metagenome_QC_reads/8529_combined_R1p_fastqc.html
[2022-08-05 11:06:46,320] multiqc                                            [INFO   ]  Search path : /datasets/work/oa-amd/work/amd/Metagenome_QC_reads/8529_combined_R1p_fastqc.zip
[2022-08-05 11:06:46,320] multiqc                                            [INFO   ]  Search path : /datasets/work/oa-amd/work/amd/Metagenome_QC_reads/8529_combined_R1p.fastq.gz
[2022-08-05 11:06:46,320] multiqc                                            [INFO   ]  Search path : /datasets/work/oa-amd/work/amd/Metagenome_QC_reads/8529_combined_R1R2u_fastqc.html
[2022-08-05 11:06:46,320] multiqc                                            [INFO   ]  Search path : /datasets/work/oa-amd/work/amd/Metagenome_QC_reads/8529_combined_R1R2u_fastqc.zip
[2022-08-05 11:06:46,320] multiqc                                            [INFO   ]  Search path : /datasets/work/oa-amd/work/amd/Metagenome_QC_reads/8529_combined_R1R2u.fastq.gz
[2022-08-05 11:06:46,320] multiqc                                            [INFO   ]  Search path : /datasets/work/oa-amd/work/amd/Metagenome_QC_reads/8529_combined_R2p_fastqc.html
[2022-08-05 11:06:46,320] multiqc                                            [INFO   ]  Search path : /datasets/work/oa-amd/work/amd/Metagenome_QC_reads/8529_combined_R2p_fastqc.zip
[2022-08-05 11:06:46,320] multiqc                                            [INFO   ]  Search path : /datasets/work/oa-amd/work/amd/Metagenome_QC_reads/8529_combined_R2p.fastq.gz
[2022-08-05 11:06:46,320] multiqc                                            [INFO   ]  Search path : /datasets/work/oa-amd/work/amd/Metagenome_QC_reads/8529_QCreads.md5
[2022-08-05 11:06:46,634] multiqc                                            [DEBUG  ]  File ignored by ccs/v4 because it exceeded search pattern filesize limit: 8529_combined_merged_fastqc.html
[2022-08-05 11:06:46,641] multiqc                                            [DEBUG  ]  File ignored by hicexplorer because it exceeded search pattern filesize limit: 8529_combined_merged_fastqc.html
[2022-08-05 11:06:46,641] multiqc                                            [DEBUG  ]  File ignored by nanostat because it exceeded search pattern filesize limit: 8529_combined_merged_fastqc.html
[2022-08-05 11:06:46,641] multiqc                                            [DEBUG  ]  File ignored by lima/summary because it exceeded search pattern filesize limit: 8529_combined_merged_fastqc.html
[2022-08-05 11:06:46,655] multiqc                                            [DEBUG  ]  File ignored by vep/vep_txt because it exceeded search pattern filesize limit: 8529_combined_merged_fastqc.html
[2022-08-05 11:06:46,655] multiqc                                            [DEBUG  ]  File ignored by longranger/invocation because it exceeded search pattern filesize limit: 8529_combined_merged_fastqc.html
[2022-08-05 11:06:46,655] multiqc                                            [DEBUG  ]  File ignored by rockhopper because it exceeded search pattern filesize limit: 8529_combined_merged_fastqc.html
[2022-08-05 11:06:46,655] multiqc                                            [DEBUG  ]  File ignored by rseqc/bam_stat because it exceeded search pattern filesize limit: 8529_combined_merged_fastqc.html
[2022-08-05 11:06:46,655] multiqc                                            [DEBUG  ]  File ignored by rseqc/junction_annotation because it exceeded search pattern filesize limit: 8529_combined_merged_fastqc.html
[2022-08-05 11:06:46,655] multiqc                                            [DEBUG  ]  File ignored by rseqc/read_distribution because it exceeded search pattern filesize limit: 8529_combined_merged_fastqc.html
[2022-08-05 11:06:46,655] multiqc                                            [DEBUG  ]  File ignored by rseqc/infer_experiment because it exceeded search pattern filesize limit: 8529_combined_merged_fastqc.html
[2022-08-05 11:06:46,768] multiqc                                            [DEBUG  ]  Ignoring file as matched an ignore pattern: 8529_combined_merged.fastq.gz
[2022-08-05 11:06:46,799] multiqc                                            [DEBUG  ]  File ignored by ccs/v4 because it exceeded search pattern filesize limit: 8529_combined_R1p_fastqc.html
[2022-08-05 11:06:46,813] multiqc                                            [DEBUG  ]  File ignored by hicexplorer because it exceeded search pattern filesize limit: 8529_combined_R1p_fastqc.html
[2022-08-05 11:06:46,814] multiqc                                            [DEBUG  ]  File ignored by nanostat because it exceeded search pattern filesize limit: 8529_combined_R1p_fastqc.html
[2022-08-05 11:06:46,814] multiqc                                            [DEBUG  ]  File ignored by lima/summary because it exceeded search pattern filesize limit: 8529_combined_R1p_fastqc.html
[2022-08-05 11:06:46,833] multiqc                                            [DEBUG  ]  File ignored by vep/vep_txt because it exceeded search pattern filesize limit: 8529_combined_R1p_fastqc.html
[2022-08-05 11:06:46,833] multiqc                                            [DEBUG  ]  File ignored by longranger/invocation because it exceeded search pattern filesize limit: 8529_combined_R1p_fastqc.html
[2022-08-05 11:06:46,833] multiqc                                            [DEBUG  ]  File ignored by rockhopper because it exceeded search pattern filesize limit: 8529_combined_R1p_fastqc.html
[2022-08-05 11:06:46,833] multiqc                                            [DEBUG  ]  File ignored by rseqc/bam_stat because it exceeded search pattern filesize limit: 8529_combined_R1p_fastqc.html
[2022-08-05 11:06:46,833] multiqc                                            [DEBUG  ]  File ignored by rseqc/junction_annotation because it exceeded search pattern filesize limit: 8529_combined_R1p_fastqc.html
[2022-08-05 11:06:46,833] multiqc                                            [DEBUG  ]  File ignored by rseqc/read_distribution because it exceeded search pattern filesize limit: 8529_combined_R1p_fastqc.html
[2022-08-05 11:06:46,833] multiqc                                            [DEBUG  ]  File ignored by rseqc/infer_experiment because it exceeded search pattern filesize limit: 8529_combined_R1p_fastqc.html
[2022-08-05 11:06:46,914] multiqc                                            [DEBUG  ]  Ignoring file as matched an ignore pattern: 8529_combined_R1p.fastq.gz
[2022-08-05 11:06:46,962] multiqc                                            [DEBUG  ]  File ignored by ccs/v4 because it exceeded search pattern filesize limit: 8529_combined_R1R2u_fastqc.html
[2022-08-05 11:06:46,972] multiqc                                            [DEBUG  ]  File ignored by hicexplorer because it exceeded search pattern filesize limit: 8529_combined_R1R2u_fastqc.html
[2022-08-05 11:06:46,973] multiqc                                            [DEBUG  ]  File ignored by nanostat because it exceeded search pattern filesize limit: 8529_combined_R1R2u_fastqc.html
[2022-08-05 11:06:46,973] multiqc                                            [DEBUG  ]  File ignored by lima/summary because it exceeded search pattern filesize limit: 8529_combined_R1R2u_fastqc.html
[2022-08-05 11:06:46,996] multiqc                                            [DEBUG  ]  File ignored by vep/vep_txt because it exceeded search pattern filesize limit: 8529_combined_R1R2u_fastqc.html
[2022-08-05 11:06:46,996] multiqc                                            [DEBUG  ]  File ignored by longranger/invocation because it exceeded search pattern filesize limit: 8529_combined_R1R2u_fastqc.html
[2022-08-05 11:06:46,996] multiqc                                            [DEBUG  ]  File ignored by rockhopper because it exceeded search pattern filesize limit: 8529_combined_R1R2u_fastqc.html
[2022-08-05 11:06:46,996] multiqc                                            [DEBUG  ]  File ignored by rseqc/bam_stat because it exceeded search pattern filesize limit: 8529_combined_R1R2u_fastqc.html
[2022-08-05 11:06:46,996] multiqc                                            [DEBUG  ]  File ignored by rseqc/junction_annotation because it exceeded search pattern filesize limit: 8529_combined_R1R2u_fastqc.html
[2022-08-05 11:06:46,996] multiqc                                            [DEBUG  ]  File ignored by rseqc/read_distribution because it exceeded search pattern filesize limit: 8529_combined_R1R2u_fastqc.html
[2022-08-05 11:06:46,996] multiqc                                            [DEBUG  ]  File ignored by rseqc/infer_experiment because it exceeded search pattern filesize limit: 8529_combined_R1R2u_fastqc.html
[2022-08-05 11:06:47,083] multiqc                                            [DEBUG  ]  Ignoring file as matched an ignore pattern: 8529_combined_R1R2u.fastq.gz
[2022-08-05 11:06:47,093] multiqc                                            [DEBUG  ]  File ignored by ccs/v4 because it exceeded search pattern filesize limit: 8529_combined_R2p_fastqc.html
[2022-08-05 11:06:47,098] multiqc                                            [DEBUG  ]  File ignored by hicexplorer because it exceeded search pattern filesize limit: 8529_combined_R2p_fastqc.html
[2022-08-05 11:06:47,098] multiqc                                            [DEBUG  ]  File ignored by nanostat because it exceeded search pattern filesize limit: 8529_combined_R2p_fastqc.html
[2022-08-05 11:06:47,098] multiqc                                            [DEBUG  ]  File ignored by lima/summary because it exceeded search pattern filesize limit: 8529_combined_R2p_fastqc.html
[2022-08-05 11:06:47,110] multiqc                                            [DEBUG  ]  File ignored by vep/vep_txt because it exceeded search pattern filesize limit: 8529_combined_R2p_fastqc.html
[2022-08-05 11:06:47,110] multiqc                                            [DEBUG  ]  File ignored by longranger/invocation because it exceeded search pattern filesize limit: 8529_combined_R2p_fastqc.html
[2022-08-05 11:06:47,110] multiqc                                            [DEBUG  ]  File ignored by rockhopper because it exceeded search pattern filesize limit: 8529_combined_R2p_fastqc.html
[2022-08-05 11:06:47,110] multiqc                                            [DEBUG  ]  File ignored by rseqc/bam_stat because it exceeded search pattern filesize limit: 8529_combined_R2p_fastqc.html
[2022-08-05 11:06:47,110] multiqc                                            [DEBUG  ]  File ignored by rseqc/junction_annotation because it exceeded search pattern filesize limit: 8529_combined_R2p_fastqc.html
[2022-08-05 11:06:47,110] multiqc                                            [DEBUG  ]  File ignored by rseqc/read_distribution because it exceeded search pattern filesize limit: 8529_combined_R2p_fastqc.html
[2022-08-05 11:06:47,110] multiqc                                            [DEBUG  ]  File ignored by rseqc/infer_experiment because it exceeded search pattern filesize limit: 8529_combined_R2p_fastqc.html
[2022-08-05 11:06:47,192] multiqc                                            [DEBUG  ]  Ignoring file as matched an ignore pattern: 8529_combined_R2p.fastq.gz
[2022-08-05 11:06:47,192] multiqc                                            [DEBUG  ]  Ignoring file as matched an ignore pattern: 8529_QCreads.md5
[2022-08-05 11:06:48,426] multiqc.plots.bargraph                             [DEBUG  ]  Using matplotlib version 3.3.4
[2022-08-05 11:06:48,431] multiqc.plots.linegraph                            [DEBUG  ]  Using matplotlib version 3.3.4
[2022-08-05 11:06:48,434] multiqc                                            [DEBUG  ]  No samples found: custom_content
[2022-08-05 11:06:48,457] multiqc                                            [DEBUG  ]  No samples found: ccs
[2022-08-05 11:06:48,464] multiqc                                            [DEBUG  ]  No samples found: ngsderive
[2022-08-05 11:06:48,500] multiqc                                            [DEBUG  ]  No samples found: purple
[2022-08-05 11:06:48,506] multiqc                                            [DEBUG  ]  No samples found: conpair
[2022-08-05 11:06:48,512] multiqc                                            [DEBUG  ]  No samples found: lima
[2022-08-05 11:06:48,519] multiqc                                            [DEBUG  ]  No samples found: peddy
[2022-08-05 11:06:48,526] multiqc                                            [DEBUG  ]  No samples found: somalier
[2022-08-05 11:06:48,531] multiqc                                            [DEBUG  ]  No samples found: methylQA
[2022-08-05 11:06:48,544] multiqc.modules.mosdepth.mosdepth                  [DEBUG  ]  include_contigs: []
[2022-08-05 11:06:48,544] multiqc.modules.mosdepth.mosdepth                  [DEBUG  ]  exclude_contigs: []
[2022-08-05 11:06:48,544] multiqc                                            [DEBUG  ]  No samples found: mosdepth
[2022-08-05 11:06:48,563] multiqc                                            [DEBUG  ]  No samples found: phantompeakqualtools
[2022-08-05 11:06:48,567] multiqc                                            [DEBUG  ]  No samples found: qualimap
[2022-08-05 11:06:48,574] multiqc                                            [DEBUG  ]  No samples found: preseq
[2022-08-05 11:06:48,580] multiqc                                            [DEBUG  ]  No samples found: quast
[2022-08-05 11:06:48,586] multiqc                                            [DEBUG  ]  No samples found: qorts
[2022-08-05 11:06:48,593] multiqc                                            [DEBUG  ]  No samples found: rna_seqc
[2022-08-05 11:06:48,598] multiqc                                            [DEBUG  ]  No samples found: rockhopper
[2022-08-05 11:06:48,603] multiqc                                            [DEBUG  ]  No samples found: rsem
[2022-08-05 11:06:48,620] multiqc                                            [DEBUG  ]  No samples found: rseqc
[2022-08-05 11:06:48,624] multiqc                                            [DEBUG  ]  No samples found: busco
[2022-08-05 11:06:48,629] multiqc                                            [DEBUG  ]  No samples found: bustools
[2022-08-05 11:06:48,633] multiqc                                            [DEBUG  ]  No samples found: goleft_indexcov
[2022-08-05 11:06:48,638] multiqc                                            [DEBUG  ]  No samples found: gffcompare
[2022-08-05 11:06:48,643] multiqc                                            [DEBUG  ]  No samples found: disambiguate
[2022-08-05 11:06:48,669] multiqc                                            [DEBUG  ]  No samples found: supernova
[2022-08-05 11:06:48,690] multiqc                                            [DEBUG  ]  No samples found: deeptools
[2022-08-05 11:06:48,736] multiqc                                            [DEBUG  ]  No samples found: sargasso
[2022-08-05 11:06:48,743] multiqc                                            [DEBUG  ]  No samples found: verifybamid
[2022-08-05 11:06:48,749] multiqc                                            [DEBUG  ]  No samples found: mirtrace
[2022-08-05 11:06:48,766] multiqc                                            [DEBUG  ]  No samples found: happy
[2022-08-05 11:06:48,771] multiqc                                            [DEBUG  ]  No samples found: mirtop
[2022-08-05 11:06:48,777] multiqc                                            [DEBUG  ]  No samples found: sambamba
[2022-08-05 11:06:48,785] multiqc                                            [DEBUG  ]  No samples found: homer
[2022-08-05 11:06:48,791] multiqc                                            [DEBUG  ]  No samples found: hops
[2022-08-05 11:06:48,796] multiqc                                            [DEBUG  ]  No samples found: macs2
[2022-08-05 11:06:48,800] multiqc                                            [DEBUG  ]  No samples found: theta2
[2022-08-05 11:06:48,819] multiqc                                            [DEBUG  ]  No samples found: snpeff
[2022-08-05 11:06:48,828] multiqc                                            [DEBUG  ]  No samples found: gatk
[2022-08-05 11:06:48,833] multiqc                                            [DEBUG  ]  No samples found: htseq
[2022-08-05 11:06:48,840] multiqc                                            [DEBUG  ]  No samples found: bcftools
[2022-08-05 11:06:48,846] multiqc                                            [DEBUG  ]  No samples found: featureCounts
[2022-08-05 11:06:48,852] multiqc                                            [DEBUG  ]  No samples found: fgbio
[2022-08-05 11:06:48,871] multiqc                                            [DEBUG  ]  No samples found: dragen
[2022-08-05 11:06:48,877] multiqc                                            [DEBUG  ]  No samples found: dedup
[2022-08-05 11:06:48,882] multiqc                                            [DEBUG  ]  No samples found: damageprofiler
[2022-08-05 11:06:48,987] multiqc                                            [DEBUG  ]  No samples found: biobambam2
[2022-08-05 11:06:48,994] multiqc                                            [DEBUG  ]  No samples found: jcvi
[2022-08-05 11:06:49,001] multiqc                                            [DEBUG  ]  No samples found: mtnucratio
[2022-08-05 11:06:49,003] multiqc                                            [DEBUG  ]  No samples found: picard
[2022-08-05 11:06:49,015] multiqc                                            [DEBUG  ]  No samples found: vep
[2022-08-05 11:06:49,027] multiqc                                            [DEBUG  ]  No samples found: sentieon
[2022-08-05 11:06:49,034] multiqc                                            [DEBUG  ]  No samples found: prokka
[2022-08-05 11:06:49,046] multiqc                                            [DEBUG  ]  No samples found: qc3C
[2022-08-05 11:06:49,054] multiqc                                            [DEBUG  ]  No samples found: nanostat
[2022-08-05 11:06:49,058] multiqc                                            [DEBUG  ]  No samples found: samblaster
[2022-08-05 11:06:49,071] multiqc                                            [DEBUG  ]  No samples found: samtools
[2022-08-05 11:06:49,076] multiqc                                            [DEBUG  ]  No samples found: sexdeterrmine
[2022-08-05 11:06:49,081] multiqc                                            [DEBUG  ]  No samples found: eigenstratdatabasetools
[2022-08-05 11:06:49,087] multiqc                                            [DEBUG  ]  No samples found: bamtools
[2022-08-05 11:06:49,092] multiqc                                            [DEBUG  ]  No samples found: jellyfish
[2022-08-05 11:06:49,102] multiqc                                            [DEBUG  ]  No samples found: vcftools
[2022-08-05 11:06:49,108] multiqc                                            [DEBUG  ]  No samples found: longranger
[2022-08-05 11:06:49,115] multiqc                                            [DEBUG  ]  No samples found: stacks
[2022-08-05 11:06:49,120] multiqc                                            [DEBUG  ]  No samples found: varscan2
[2022-08-05 11:06:49,148] multiqc                                            [DEBUG  ]  No samples found: snippy
[2022-08-05 11:06:49,409] multiqc                                            [DEBUG  ]  No samples found: bbmap
[2022-08-05 11:06:49,415] multiqc                                            [DEBUG  ]  No samples found: bismark
[2022-08-05 11:06:49,424] multiqc                                            [DEBUG  ]  No samples found: biscuit
[2022-08-05 11:06:49,429] multiqc                                            [DEBUG  ]  No samples found: hicexplorer
[2022-08-05 11:06:49,434] multiqc                                            [DEBUG  ]  No samples found: hicup
[2022-08-05 11:06:49,439] multiqc                                            [DEBUG  ]  No samples found: hicpro
[2022-08-05 11:06:49,445] multiqc                                            [DEBUG  ]  No samples found: salmon
[2022-08-05 11:06:49,451] multiqc                                            [DEBUG  ]  No samples found: kallisto
[2022-08-05 11:06:49,462] multiqc                                            [DEBUG  ]  No samples found: slamdunk
[2022-08-05 11:06:49,468] multiqc                                            [DEBUG  ]  No samples found: star
[2022-08-05 11:06:49,474] multiqc                                            [DEBUG  ]  No samples found: hisat2
[2022-08-05 11:06:49,479] multiqc                                            [DEBUG  ]  No samples found: tophat
[2022-08-05 11:06:49,503] multiqc                                            [DEBUG  ]  No samples found: bowtie2
[2022-08-05 11:06:49,508] multiqc                                            [DEBUG  ]  No samples found: bowtie1
[2022-08-05 11:06:49,514] multiqc                                            [DEBUG  ]  No samples found: snpsplit
[2022-08-05 11:06:49,519] multiqc                                            [DEBUG  ]  No samples found: odgi
[2022-08-05 11:06:49,524] multiqc                                            [DEBUG  ]  No samples found: pangolin
[2022-08-05 11:06:49,528] multiqc                                            [DEBUG  ]  No samples found: kat
[2022-08-05 11:06:49,536] multiqc                                            [DEBUG  ]  No samples found: leehom
[2022-08-05 11:06:49,544] multiqc                                            [DEBUG  ]  No samples found: adapterRemoval
[2022-08-05 11:06:49,549] multiqc                                            [DEBUG  ]  No samples found: clipandmerge
[2022-08-05 11:06:49,556] multiqc                                            [DEBUG  ]  No samples found: cutadapt
[2022-08-05 11:06:49,560] multiqc                                            [DEBUG  ]  No samples found: flexbar
[2022-08-05 11:06:49,566] multiqc                                            [DEBUG  ]  No samples found: kaiju
[2022-08-05 11:06:49,572] multiqc                                            [DEBUG  ]  No samples found: kraken
[2022-08-05 11:06:49,577] multiqc                                            [DEBUG  ]  No samples found: malt
[2022-08-05 11:06:49,582] multiqc                                            [DEBUG  ]  No samples found: trimmomatic
[2022-08-05 11:06:49,588] multiqc                                            [DEBUG  ]  No samples found: sickle
[2022-08-05 11:06:49,592] multiqc                                            [DEBUG  ]  No samples found: skewer
[2022-08-05 11:06:49,597] multiqc                                            [DEBUG  ]  No samples found: sortmerna
[2022-08-05 11:06:49,601] multiqc                                            [DEBUG  ]  No samples found: biobloomtools
[2022-08-05 11:06:49,607] multiqc                                            [DEBUG  ]  No samples found: fastq_screen
[2022-08-05 11:06:49,612] multiqc                                            [DEBUG  ]  No samples found: afterqc
[2022-08-05 11:06:49,618] multiqc                                            [DEBUG  ]  No samples found: fastp
[2022-08-05 11:06:50,059] multiqc.modules.fastqc.fastqc                      [INFO   ]  Found 4 reports
[2022-08-05 11:06:50,110] multiqc                                            [DEBUG  ]  No samples found: pychopper
[2022-08-05 11:06:50,116] multiqc                                            [DEBUG  ]  No samples found: pycoqc
[2022-08-05 11:06:50,121] multiqc                                            [DEBUG  ]  No samples found: minionqc
[2022-08-05 11:06:50,126] multiqc                                            [DEBUG  ]  No samples found: multivcfanalyzer
[2022-08-05 11:06:50,132] multiqc                                            [DEBUG  ]  No samples found: clusterflow
[2022-08-05 11:06:50,139] multiqc                                            [DEBUG  ]  No samples found: bcl2fastq
[2022-08-05 11:06:50,146] multiqc                                            [DEBUG  ]  No samples found: bclconvert
[2022-08-05 11:06:50,152] multiqc                                            [DEBUG  ]  No samples found: interop
[2022-08-05 11:06:50,215] multiqc                                            [DEBUG  ]  No samples found: ivar
[2022-08-05 11:06:50,221] multiqc                                            [DEBUG  ]  No samples found: flash
[2022-08-05 11:06:50,226] multiqc                                            [DEBUG  ]  No samples found: seqyclean
[2022-08-05 11:06:50,231] multiqc                                            [DEBUG  ]  No samples found: optitype
[2022-08-05 11:06:50,237] multiqc                                            [INFO   ]  Compressing plot data
[2022-08-05 11:06:50,299] multiqc                                            [INFO   ]  Report      : 8529_MGSD_CSIRO.qc.stats/multiqc_report.html
[2022-08-05 11:06:50,299] multiqc                                            [INFO   ]  Data        : 8529_MGSD_CSIRO.qc.stats/multiqc_data
[2022-08-05 11:06:50,299] multiqc                                            [DEBUG  ]  Moving data file from '/tmp/smi9a9.8585678/tmpl_ramk2l/multiqc_data' to '8529_MGSD_CSIRO.qc.stats/multiqc_data'
[2022-08-05 11:06:50,450] multiqc                                            [INFO   ]  MultiQC complete
