[2022-08-05 11:10:54,503] multiqc                                            [DEBUG  ]  This is MultiQC v1.11
[2022-08-05 11:10:54,503] multiqc                                            [DEBUG  ]  No MultiQC config found: /apps/multiqc/1.11/lib/python3.9/site-packages/multiqc_config.yaml
[2022-08-05 11:10:54,503] multiqc                                            [DEBUG  ]  No MultiQC config found: /home/smi9a9/.multiqc_config.yaml
[2022-08-05 11:11:06,627] multiqc                                            [DEBUG  ]  No MultiQC config found: multiqc_config.yaml
[2022-08-05 11:11:06,627] multiqc                                            [DEBUG  ]  Command used: /apps/multiqc/1.11/bin/multiqc ./401573_HL7J5DSX3-1_merged_fastqc.html ./401573_HL7J5DSX3-1_merged_fastqc.zip ./401573_HL7J5DSX3-1_merged.fastq.gz ./401573_HL7J5DSX3-1_R1p_fastqc.html ./401573_HL7J5DSX3-1_R1p_fastqc.zip ./401573_HL7J5DSX3-1_R1p.fastq.gz ./401573_HL7J5DSX3-1_R1R2u_fastqc.html ./401573_HL7J5DSX3-1_R1R2u_fastqc.zip ./401573_HL7J5DSX3-1_R1R2u.fastq.gz ./401573_HL7J5DSX3-1_R2p_fastqc.html ./401573_HL7J5DSX3-1_R2p_fastqc.zip ./401573_HL7J5DSX3-1_R2p.fastq.gz ./401573_QCreads.md5 -o 401573_MGSD_CSIRO.qc.stats
[2022-08-05 11:11:06,630] multiqc                                            [DEBUG  ]  Could not connect to multiqc.info for version check: <urlopen error [Errno 111] Connection refused>
[2022-08-05 11:11:06,630] multiqc                                            [DEBUG  ]  Command     : /apps/multiqc/1.11/bin/multiqc ./401573_HL7J5DSX3-1_merged_fastqc.html ./401573_HL7J5DSX3-1_merged_fastqc.zip ./401573_HL7J5DSX3-1_merged.fastq.gz ./401573_HL7J5DSX3-1_R1p_fastqc.html ./401573_HL7J5DSX3-1_R1p_fastqc.zip ./401573_HL7J5DSX3-1_R1p.fastq.gz ./401573_HL7J5DSX3-1_R1R2u_fastqc.html ./401573_HL7J5DSX3-1_R1R2u_fastqc.zip ./401573_HL7J5DSX3-1_R1R2u.fastq.gz ./401573_HL7J5DSX3-1_R2p_fastqc.html ./401573_HL7J5DSX3-1_R2p_fastqc.zip ./401573_HL7J5DSX3-1_R2p.fastq.gz ./401573_QCreads.md5 -o 401573_MGSD_CSIRO.qc.stats
[2022-08-05 11:11:06,630] multiqc                                            [DEBUG  ]  Working dir : /datasets/work/oa-amd/work/amd/Metagenome_QC_reads
[2022-08-05 11:11:06,630] multiqc                                            [DEBUG  ]  Template    : default
[2022-08-05 11:11:06,630] multiqc                                            [DEBUG  ]  Running Python 3.9.4 (default, Apr 25 2021, 16:13:27)  [GCC 10.3.0]
[2022-08-05 11:11:06,630] multiqc                                            [DEBUG  ]  Analysing modules: custom_content, ccs, ngsderive, purple, conpair, lima, peddy, somalier, methylQA, mosdepth, phantompeakqualtools, qualimap, preseq, quast, qorts, rna_seqc, rockhopper, rsem, rseqc, busco, bustools, goleft_indexcov, gffcompare, disambiguate, supernova, deeptools, sargasso, verifybamid, mirtrace, happy, mirtop, sambamba, homer, hops, macs2, theta2, snpeff, gatk, htseq, bcftools, featureCounts, fgbio, dragen, dedup, damageprofiler, biobambam2, jcvi, mtnucratio, picard, vep, sentieon, prokka, qc3C, nanostat, samblaster, samtools, sexdeterrmine, eigenstratdatabasetools, bamtools, jellyfish, vcftools, longranger, stacks, varscan2, snippy, bbmap, bismark, biscuit, hicexplorer, hicup, hicpro, salmon, kallisto, slamdunk, star, hisat2, tophat, bowtie2, bowtie1, snpsplit, odgi, pangolin, kat, leehom, adapterRemoval, clipandmerge, cutadapt, flexbar, kaiju, kraken, malt, trimmomatic, sickle, skewer, sortmerna, biobloomtools, fastq_screen, afterqc, fastp, fastqc, pychopper, pycoqc, minionqc, multivcfanalyzer, clusterflow, bcl2fastq, bclconvert, interop, ivar, flash, seqyclean, optitype
[2022-08-05 11:11:06,630] multiqc                                            [DEBUG  ]  Using temporary directory for creating report: /tmp/smi9a9.8585307/tmp6fhlelg4
[2022-08-05 11:11:06,692] multiqc                                            [INFO   ]  Search path : /datasets/work/oa-amd/work/amd/Metagenome_QC_reads/401573_HL7J5DSX3-1_merged_fastqc.html
[2022-08-05 11:11:06,692] multiqc                                            [INFO   ]  Search path : /datasets/work/oa-amd/work/amd/Metagenome_QC_reads/401573_HL7J5DSX3-1_merged_fastqc.zip
[2022-08-05 11:11:06,692] multiqc                                            [INFO   ]  Search path : /datasets/work/oa-amd/work/amd/Metagenome_QC_reads/401573_HL7J5DSX3-1_merged.fastq.gz
[2022-08-05 11:11:06,692] multiqc                                            [INFO   ]  Search path : /datasets/work/oa-amd/work/amd/Metagenome_QC_reads/401573_HL7J5DSX3-1_R1p_fastqc.html
[2022-08-05 11:11:06,692] multiqc                                            [INFO   ]  Search path : /datasets/work/oa-amd/work/amd/Metagenome_QC_reads/401573_HL7J5DSX3-1_R1p_fastqc.zip
[2022-08-05 11:11:06,692] multiqc                                            [INFO   ]  Search path : /datasets/work/oa-amd/work/amd/Metagenome_QC_reads/401573_HL7J5DSX3-1_R1p.fastq.gz
[2022-08-05 11:11:06,692] multiqc                                            [INFO   ]  Search path : /datasets/work/oa-amd/work/amd/Metagenome_QC_reads/401573_HL7J5DSX3-1_R1R2u_fastqc.html
[2022-08-05 11:11:06,692] multiqc                                            [INFO   ]  Search path : /datasets/work/oa-amd/work/amd/Metagenome_QC_reads/401573_HL7J5DSX3-1_R1R2u_fastqc.zip
[2022-08-05 11:11:06,692] multiqc                                            [INFO   ]  Search path : /datasets/work/oa-amd/work/amd/Metagenome_QC_reads/401573_HL7J5DSX3-1_R1R2u.fastq.gz
[2022-08-05 11:11:06,692] multiqc                                            [INFO   ]  Search path : /datasets/work/oa-amd/work/amd/Metagenome_QC_reads/401573_HL7J5DSX3-1_R2p_fastqc.html
[2022-08-05 11:11:06,692] multiqc                                            [INFO   ]  Search path : /datasets/work/oa-amd/work/amd/Metagenome_QC_reads/401573_HL7J5DSX3-1_R2p_fastqc.zip
[2022-08-05 11:11:06,692] multiqc                                            [INFO   ]  Search path : /datasets/work/oa-amd/work/amd/Metagenome_QC_reads/401573_HL7J5DSX3-1_R2p.fastq.gz
[2022-08-05 11:11:06,692] multiqc                                            [INFO   ]  Search path : /datasets/work/oa-amd/work/amd/Metagenome_QC_reads/401573_QCreads.md5
[2022-08-05 11:11:08,819] multiqc                                            [DEBUG  ]  File ignored by ccs/v4 because it exceeded search pattern filesize limit: 401573_HL7J5DSX3-1_merged_fastqc.html
[2022-08-05 11:11:08,841] multiqc                                            [DEBUG  ]  File ignored by hicexplorer because it exceeded search pattern filesize limit: 401573_HL7J5DSX3-1_merged_fastqc.html
[2022-08-05 11:11:08,842] multiqc                                            [DEBUG  ]  File ignored by nanostat because it exceeded search pattern filesize limit: 401573_HL7J5DSX3-1_merged_fastqc.html
[2022-08-05 11:11:08,842] multiqc                                            [DEBUG  ]  File ignored by lima/summary because it exceeded search pattern filesize limit: 401573_HL7J5DSX3-1_merged_fastqc.html
[2022-08-05 11:11:08,956] multiqc                                            [DEBUG  ]  File ignored by vep/vep_txt because it exceeded search pattern filesize limit: 401573_HL7J5DSX3-1_merged_fastqc.html
[2022-08-05 11:11:08,956] multiqc                                            [DEBUG  ]  File ignored by longranger/invocation because it exceeded search pattern filesize limit: 401573_HL7J5DSX3-1_merged_fastqc.html
[2022-08-05 11:11:08,956] multiqc                                            [DEBUG  ]  File ignored by rockhopper because it exceeded search pattern filesize limit: 401573_HL7J5DSX3-1_merged_fastqc.html
[2022-08-05 11:11:08,956] multiqc                                            [DEBUG  ]  File ignored by rseqc/bam_stat because it exceeded search pattern filesize limit: 401573_HL7J5DSX3-1_merged_fastqc.html
[2022-08-05 11:11:08,956] multiqc                                            [DEBUG  ]  File ignored by rseqc/junction_annotation because it exceeded search pattern filesize limit: 401573_HL7J5DSX3-1_merged_fastqc.html
[2022-08-05 11:11:08,956] multiqc                                            [DEBUG  ]  File ignored by rseqc/read_distribution because it exceeded search pattern filesize limit: 401573_HL7J5DSX3-1_merged_fastqc.html
[2022-08-05 11:11:08,956] multiqc                                            [DEBUG  ]  File ignored by rseqc/infer_experiment because it exceeded search pattern filesize limit: 401573_HL7J5DSX3-1_merged_fastqc.html
[2022-08-05 11:11:09,194] multiqc                                            [DEBUG  ]  Ignoring file as matched an ignore pattern: 401573_HL7J5DSX3-1_merged.fastq.gz
[2022-08-05 11:11:09,359] multiqc                                            [DEBUG  ]  File ignored by ccs/v4 because it exceeded search pattern filesize limit: 401573_HL7J5DSX3-1_R1p_fastqc.html
[2022-08-05 11:11:09,368] multiqc                                            [DEBUG  ]  File ignored by hicexplorer because it exceeded search pattern filesize limit: 401573_HL7J5DSX3-1_R1p_fastqc.html
[2022-08-05 11:11:09,369] multiqc                                            [DEBUG  ]  File ignored by nanostat because it exceeded search pattern filesize limit: 401573_HL7J5DSX3-1_R1p_fastqc.html
[2022-08-05 11:11:09,369] multiqc                                            [DEBUG  ]  File ignored by lima/summary because it exceeded search pattern filesize limit: 401573_HL7J5DSX3-1_R1p_fastqc.html
[2022-08-05 11:11:09,384] multiqc                                            [DEBUG  ]  File ignored by vep/vep_txt because it exceeded search pattern filesize limit: 401573_HL7J5DSX3-1_R1p_fastqc.html
[2022-08-05 11:11:09,384] multiqc                                            [DEBUG  ]  File ignored by longranger/invocation because it exceeded search pattern filesize limit: 401573_HL7J5DSX3-1_R1p_fastqc.html
[2022-08-05 11:11:09,384] multiqc                                            [DEBUG  ]  File ignored by rockhopper because it exceeded search pattern filesize limit: 401573_HL7J5DSX3-1_R1p_fastqc.html
[2022-08-05 11:11:09,384] multiqc                                            [DEBUG  ]  File ignored by rseqc/bam_stat because it exceeded search pattern filesize limit: 401573_HL7J5DSX3-1_R1p_fastqc.html
[2022-08-05 11:11:09,384] multiqc                                            [DEBUG  ]  File ignored by rseqc/junction_annotation because it exceeded search pattern filesize limit: 401573_HL7J5DSX3-1_R1p_fastqc.html
[2022-08-05 11:11:09,384] multiqc                                            [DEBUG  ]  File ignored by rseqc/read_distribution because it exceeded search pattern filesize limit: 401573_HL7J5DSX3-1_R1p_fastqc.html
[2022-08-05 11:11:09,384] multiqc                                            [DEBUG  ]  File ignored by rseqc/infer_experiment because it exceeded search pattern filesize limit: 401573_HL7J5DSX3-1_R1p_fastqc.html
[2022-08-05 11:11:09,554] multiqc                                            [DEBUG  ]  Ignoring file as matched an ignore pattern: 401573_HL7J5DSX3-1_R1p.fastq.gz
[2022-08-05 11:11:10,019] multiqc                                            [DEBUG  ]  File ignored by ccs/v4 because it exceeded search pattern filesize limit: 401573_HL7J5DSX3-1_R1R2u_fastqc.html
[2022-08-05 11:11:10,037] multiqc                                            [DEBUG  ]  File ignored by hicexplorer because it exceeded search pattern filesize limit: 401573_HL7J5DSX3-1_R1R2u_fastqc.html
[2022-08-05 11:11:10,037] multiqc                                            [DEBUG  ]  File ignored by nanostat because it exceeded search pattern filesize limit: 401573_HL7J5DSX3-1_R1R2u_fastqc.html
[2022-08-05 11:11:10,037] multiqc                                            [DEBUG  ]  File ignored by lima/summary because it exceeded search pattern filesize limit: 401573_HL7J5DSX3-1_R1R2u_fastqc.html
[2022-08-05 11:11:10,358] multiqc                                            [DEBUG  ]  File ignored by vep/vep_txt because it exceeded search pattern filesize limit: 401573_HL7J5DSX3-1_R1R2u_fastqc.html
[2022-08-05 11:11:10,358] multiqc                                            [DEBUG  ]  File ignored by longranger/invocation because it exceeded search pattern filesize limit: 401573_HL7J5DSX3-1_R1R2u_fastqc.html
[2022-08-05 11:11:10,358] multiqc                                            [DEBUG  ]  File ignored by rockhopper because it exceeded search pattern filesize limit: 401573_HL7J5DSX3-1_R1R2u_fastqc.html
[2022-08-05 11:11:10,358] multiqc                                            [DEBUG  ]  File ignored by rseqc/bam_stat because it exceeded search pattern filesize limit: 401573_HL7J5DSX3-1_R1R2u_fastqc.html
[2022-08-05 11:11:10,358] multiqc                                            [DEBUG  ]  File ignored by rseqc/junction_annotation because it exceeded search pattern filesize limit: 401573_HL7J5DSX3-1_R1R2u_fastqc.html
[2022-08-05 11:11:10,358] multiqc                                            [DEBUG  ]  File ignored by rseqc/read_distribution because it exceeded search pattern filesize limit: 401573_HL7J5DSX3-1_R1R2u_fastqc.html
[2022-08-05 11:11:10,358] multiqc                                            [DEBUG  ]  File ignored by rseqc/infer_experiment because it exceeded search pattern filesize limit: 401573_HL7J5DSX3-1_R1R2u_fastqc.html
[2022-08-05 11:11:10,473] multiqc                                            [DEBUG  ]  Ignoring file as matched an ignore pattern: 401573_HL7J5DSX3-1_R1R2u.fastq.gz
[2022-08-05 11:11:11,056] multiqc                                            [DEBUG  ]  File ignored by ccs/v4 because it exceeded search pattern filesize limit: 401573_HL7J5DSX3-1_R2p_fastqc.html
[2022-08-05 11:11:11,070] multiqc                                            [DEBUG  ]  File ignored by hicexplorer because it exceeded search pattern filesize limit: 401573_HL7J5DSX3-1_R2p_fastqc.html
[2022-08-05 11:11:11,071] multiqc                                            [DEBUG  ]  File ignored by nanostat because it exceeded search pattern filesize limit: 401573_HL7J5DSX3-1_R2p_fastqc.html
[2022-08-05 11:11:11,071] multiqc                                            [DEBUG  ]  File ignored by lima/summary because it exceeded search pattern filesize limit: 401573_HL7J5DSX3-1_R2p_fastqc.html
[2022-08-05 11:11:11,374] multiqc                                            [DEBUG  ]  File ignored by vep/vep_txt because it exceeded search pattern filesize limit: 401573_HL7J5DSX3-1_R2p_fastqc.html
[2022-08-05 11:11:11,374] multiqc                                            [DEBUG  ]  File ignored by longranger/invocation because it exceeded search pattern filesize limit: 401573_HL7J5DSX3-1_R2p_fastqc.html
[2022-08-05 11:11:11,374] multiqc                                            [DEBUG  ]  File ignored by rockhopper because it exceeded search pattern filesize limit: 401573_HL7J5DSX3-1_R2p_fastqc.html
[2022-08-05 11:11:11,374] multiqc                                            [DEBUG  ]  File ignored by rseqc/bam_stat because it exceeded search pattern filesize limit: 401573_HL7J5DSX3-1_R2p_fastqc.html
[2022-08-05 11:11:11,374] multiqc                                            [DEBUG  ]  File ignored by rseqc/junction_annotation because it exceeded search pattern filesize limit: 401573_HL7J5DSX3-1_R2p_fastqc.html
[2022-08-05 11:11:11,374] multiqc                                            [DEBUG  ]  File ignored by rseqc/read_distribution because it exceeded search pattern filesize limit: 401573_HL7J5DSX3-1_R2p_fastqc.html
[2022-08-05 11:11:11,374] multiqc                                            [DEBUG  ]  File ignored by rseqc/infer_experiment because it exceeded search pattern filesize limit: 401573_HL7J5DSX3-1_R2p_fastqc.html
[2022-08-05 11:11:11,517] multiqc                                            [DEBUG  ]  Ignoring file as matched an ignore pattern: 401573_HL7J5DSX3-1_R2p.fastq.gz
[2022-08-05 11:11:11,518] multiqc                                            [DEBUG  ]  Ignoring file as matched an ignore pattern: 401573_QCreads.md5
[2022-08-05 11:11:24,777] multiqc.plots.bargraph                             [DEBUG  ]  Using matplotlib version 3.3.4
[2022-08-05 11:11:24,782] multiqc.plots.linegraph                            [DEBUG  ]  Using matplotlib version 3.3.4
[2022-08-05 11:11:24,785] multiqc                                            [DEBUG  ]  No samples found: custom_content
[2022-08-05 11:11:24,790] multiqc                                            [DEBUG  ]  No samples found: ccs
[2022-08-05 11:11:24,795] multiqc                                            [DEBUG  ]  No samples found: ngsderive
[2022-08-05 11:11:24,800] multiqc                                            [DEBUG  ]  No samples found: purple
[2022-08-05 11:11:24,804] multiqc                                            [DEBUG  ]  No samples found: conpair
[2022-08-05 11:11:24,810] multiqc                                            [DEBUG  ]  No samples found: lima
[2022-08-05 11:11:24,816] multiqc                                            [DEBUG  ]  No samples found: peddy
[2022-08-05 11:11:24,822] multiqc                                            [DEBUG  ]  No samples found: somalier
[2022-08-05 11:11:24,827] multiqc                                            [DEBUG  ]  No samples found: methylQA
[2022-08-05 11:11:24,838] multiqc.modules.mosdepth.mosdepth                  [DEBUG  ]  include_contigs: []
[2022-08-05 11:11:24,838] multiqc.modules.mosdepth.mosdepth                  [DEBUG  ]  exclude_contigs: []
[2022-08-05 11:11:24,838] multiqc                                            [DEBUG  ]  No samples found: mosdepth
[2022-08-05 11:11:24,843] multiqc                                            [DEBUG  ]  No samples found: phantompeakqualtools
[2022-08-05 11:11:24,846] multiqc                                            [DEBUG  ]  No samples found: qualimap
[2022-08-05 11:11:24,852] multiqc                                            [DEBUG  ]  No samples found: preseq
[2022-08-05 11:11:24,857] multiqc                                            [DEBUG  ]  No samples found: quast
[2022-08-05 11:11:24,862] multiqc                                            [DEBUG  ]  No samples found: qorts
[2022-08-05 11:11:24,868] multiqc                                            [DEBUG  ]  No samples found: rna_seqc
[2022-08-05 11:11:24,873] multiqc                                            [DEBUG  ]  No samples found: rockhopper
[2022-08-05 11:11:24,878] multiqc                                            [DEBUG  ]  No samples found: rsem
[2022-08-05 11:11:24,895] multiqc                                            [DEBUG  ]  No samples found: rseqc
[2022-08-05 11:11:24,899] multiqc                                            [DEBUG  ]  No samples found: busco
[2022-08-05 11:11:24,904] multiqc                                            [DEBUG  ]  No samples found: bustools
[2022-08-05 11:11:24,909] multiqc                                            [DEBUG  ]  No samples found: goleft_indexcov
[2022-08-05 11:11:24,915] multiqc                                            [DEBUG  ]  No samples found: gffcompare
[2022-08-05 11:11:24,919] multiqc                                            [DEBUG  ]  No samples found: disambiguate
[2022-08-05 11:11:24,925] multiqc                                            [DEBUG  ]  No samples found: supernova
[2022-08-05 11:11:24,942] multiqc                                            [DEBUG  ]  No samples found: deeptools
[2022-08-05 11:11:24,947] multiqc                                            [DEBUG  ]  No samples found: sargasso
[2022-08-05 11:11:24,951] multiqc                                            [DEBUG  ]  No samples found: verifybamid
[2022-08-05 11:11:24,957] multiqc                                            [DEBUG  ]  No samples found: mirtrace
[2022-08-05 11:11:24,962] multiqc                                            [DEBUG  ]  No samples found: happy
[2022-08-05 11:11:24,966] multiqc                                            [DEBUG  ]  No samples found: mirtop
[2022-08-05 11:11:24,971] multiqc                                            [DEBUG  ]  No samples found: sambamba
[2022-08-05 11:11:24,979] multiqc                                            [DEBUG  ]  No samples found: homer
[2022-08-05 11:11:24,984] multiqc                                            [DEBUG  ]  No samples found: hops
[2022-08-05 11:11:24,988] multiqc                                            [DEBUG  ]  No samples found: macs2
[2022-08-05 11:11:24,992] multiqc                                            [DEBUG  ]  No samples found: theta2
[2022-08-05 11:11:24,997] multiqc                                            [DEBUG  ]  No samples found: snpeff
[2022-08-05 11:11:25,005] multiqc                                            [DEBUG  ]  No samples found: gatk
[2022-08-05 11:11:25,009] multiqc                                            [DEBUG  ]  No samples found: htseq
[2022-08-05 11:11:25,015] multiqc                                            [DEBUG  ]  No samples found: bcftools
[2022-08-05 11:11:25,020] multiqc                                            [DEBUG  ]  No samples found: featureCounts
[2022-08-05 11:11:25,026] multiqc                                            [DEBUG  ]  No samples found: fgbio
[2022-08-05 11:11:25,044] multiqc                                            [DEBUG  ]  No samples found: dragen
[2022-08-05 11:11:25,048] multiqc                                            [DEBUG  ]  No samples found: dedup
[2022-08-05 11:11:25,053] multiqc                                            [DEBUG  ]  No samples found: damageprofiler
[2022-08-05 11:11:25,091] multiqc                                            [DEBUG  ]  No samples found: biobambam2
[2022-08-05 11:11:25,096] multiqc                                            [DEBUG  ]  No samples found: jcvi
[2022-08-05 11:11:25,100] multiqc                                            [DEBUG  ]  No samples found: mtnucratio
[2022-08-05 11:11:25,102] multiqc                                            [DEBUG  ]  No samples found: picard
[2022-08-05 11:11:25,107] multiqc                                            [DEBUG  ]  No samples found: vep
[2022-08-05 11:11:25,116] multiqc                                            [DEBUG  ]  No samples found: sentieon
[2022-08-05 11:11:25,121] multiqc                                            [DEBUG  ]  No samples found: prokka
[2022-08-05 11:11:25,129] multiqc                                            [DEBUG  ]  No samples found: qc3C
[2022-08-05 11:11:25,134] multiqc                                            [DEBUG  ]  No samples found: nanostat
[2022-08-05 11:11:25,138] multiqc                                            [DEBUG  ]  No samples found: samblaster
[2022-08-05 11:11:25,148] multiqc                                            [DEBUG  ]  No samples found: samtools
[2022-08-05 11:11:25,153] multiqc                                            [DEBUG  ]  No samples found: sexdeterrmine
[2022-08-05 11:11:25,157] multiqc                                            [DEBUG  ]  No samples found: eigenstratdatabasetools
[2022-08-05 11:11:25,162] multiqc                                            [DEBUG  ]  No samples found: bamtools
[2022-08-05 11:11:25,166] multiqc                                            [DEBUG  ]  No samples found: jellyfish
[2022-08-05 11:11:25,174] multiqc                                            [DEBUG  ]  No samples found: vcftools
[2022-08-05 11:11:25,180] multiqc                                            [DEBUG  ]  No samples found: longranger
[2022-08-05 11:11:25,185] multiqc                                            [DEBUG  ]  No samples found: stacks
[2022-08-05 11:11:25,189] multiqc                                            [DEBUG  ]  No samples found: varscan2
[2022-08-05 11:11:25,194] multiqc                                            [DEBUG  ]  No samples found: snippy
[2022-08-05 11:11:25,212] multiqc                                            [DEBUG  ]  No samples found: bbmap
[2022-08-05 11:11:25,218] multiqc                                            [DEBUG  ]  No samples found: bismark
[2022-08-05 11:11:25,226] multiqc                                            [DEBUG  ]  No samples found: biscuit
[2022-08-05 11:11:25,231] multiqc                                            [DEBUG  ]  No samples found: hicexplorer
[2022-08-05 11:11:25,236] multiqc                                            [DEBUG  ]  No samples found: hicup
[2022-08-05 11:11:25,242] multiqc                                            [DEBUG  ]  No samples found: hicpro
[2022-08-05 11:11:25,246] multiqc                                            [DEBUG  ]  No samples found: salmon
[2022-08-05 11:11:25,251] multiqc                                            [DEBUG  ]  No samples found: kallisto
[2022-08-05 11:11:25,258] multiqc                                            [DEBUG  ]  No samples found: slamdunk
[2022-08-05 11:11:25,263] multiqc                                            [DEBUG  ]  No samples found: star
[2022-08-05 11:11:25,267] multiqc                                            [DEBUG  ]  No samples found: hisat2
[2022-08-05 11:11:25,272] multiqc                                            [DEBUG  ]  No samples found: tophat
[2022-08-05 11:11:25,276] multiqc                                            [DEBUG  ]  No samples found: bowtie2
[2022-08-05 11:11:25,281] multiqc                                            [DEBUG  ]  No samples found: bowtie1
[2022-08-05 11:11:25,286] multiqc                                            [DEBUG  ]  No samples found: snpsplit
[2022-08-05 11:11:25,291] multiqc                                            [DEBUG  ]  No samples found: odgi
[2022-08-05 11:11:25,295] multiqc                                            [DEBUG  ]  No samples found: pangolin
[2022-08-05 11:11:25,299] multiqc                                            [DEBUG  ]  No samples found: kat
[2022-08-05 11:11:25,303] multiqc                                            [DEBUG  ]  No samples found: leehom
[2022-08-05 11:11:25,309] multiqc                                            [DEBUG  ]  No samples found: adapterRemoval
[2022-08-05 11:11:25,313] multiqc                                            [DEBUG  ]  No samples found: clipandmerge
[2022-08-05 11:11:25,319] multiqc                                            [DEBUG  ]  No samples found: cutadapt
[2022-08-05 11:11:25,323] multiqc                                            [DEBUG  ]  No samples found: flexbar
[2022-08-05 11:11:25,328] multiqc                                            [DEBUG  ]  No samples found: kaiju
[2022-08-05 11:11:25,333] multiqc                                            [DEBUG  ]  No samples found: kraken
[2022-08-05 11:11:25,338] multiqc                                            [DEBUG  ]  No samples found: malt
[2022-08-05 11:11:25,342] multiqc                                            [DEBUG  ]  No samples found: trimmomatic
[2022-08-05 11:11:25,346] multiqc                                            [DEBUG  ]  No samples found: sickle
[2022-08-05 11:11:25,351] multiqc                                            [DEBUG  ]  No samples found: skewer
[2022-08-05 11:11:25,355] multiqc                                            [DEBUG  ]  No samples found: sortmerna
[2022-08-05 11:11:25,360] multiqc                                            [DEBUG  ]  No samples found: biobloomtools
[2022-08-05 11:11:25,366] multiqc                                            [DEBUG  ]  No samples found: fastq_screen
[2022-08-05 11:11:25,370] multiqc                                            [DEBUG  ]  No samples found: afterqc
[2022-08-05 11:11:25,376] multiqc                                            [DEBUG  ]  No samples found: fastp
[2022-08-05 11:11:26,501] multiqc.modules.fastqc.fastqc                      [INFO   ]  Found 4 reports
[2022-08-05 11:11:26,548] multiqc                                            [DEBUG  ]  No samples found: pychopper
[2022-08-05 11:11:26,552] multiqc                                            [DEBUG  ]  No samples found: pycoqc
[2022-08-05 11:11:26,557] multiqc                                            [DEBUG  ]  No samples found: minionqc
[2022-08-05 11:11:26,562] multiqc                                            [DEBUG  ]  No samples found: multivcfanalyzer
[2022-08-05 11:11:26,567] multiqc                                            [DEBUG  ]  No samples found: clusterflow
[2022-08-05 11:11:26,573] multiqc                                            [DEBUG  ]  No samples found: bcl2fastq
[2022-08-05 11:11:26,581] multiqc                                            [DEBUG  ]  No samples found: bclconvert
[2022-08-05 11:11:26,586] multiqc                                            [DEBUG  ]  No samples found: interop
[2022-08-05 11:11:26,590] multiqc                                            [DEBUG  ]  No samples found: ivar
[2022-08-05 11:11:26,595] multiqc                                            [DEBUG  ]  No samples found: flash
[2022-08-05 11:11:26,599] multiqc                                            [DEBUG  ]  No samples found: seqyclean
[2022-08-05 11:11:26,603] multiqc                                            [DEBUG  ]  No samples found: optitype
[2022-08-05 11:11:26,608] multiqc                                            [INFO   ]  Compressing plot data
[2022-08-05 11:11:43,816] multiqc                                            [INFO   ]  Report      : 401573_MGSD_CSIRO.qc.stats/multiqc_report.html
[2022-08-05 11:11:43,817] multiqc                                            [INFO   ]  Data        : 401573_MGSD_CSIRO.qc.stats/multiqc_data
[2022-08-05 11:11:43,817] multiqc                                            [DEBUG  ]  Moving data file from '/tmp/smi9a9.8585307/tmp6fhlelg4/multiqc_data' to '401573_MGSD_CSIRO.qc.stats/multiqc_data'
[2022-08-05 11:11:44,121] multiqc                                            [INFO   ]  MultiQC complete
