[2022-08-05 11:10:45,566] multiqc                                            [DEBUG  ]  This is MultiQC v1.11
[2022-08-05 11:10:45,566] multiqc                                            [DEBUG  ]  No MultiQC config found: /apps/multiqc/1.11/lib/python3.9/site-packages/multiqc_config.yaml
[2022-08-05 11:10:45,566] multiqc                                            [DEBUG  ]  No MultiQC config found: /home/smi9a9/.multiqc_config.yaml
[2022-08-05 11:10:47,742] multiqc                                            [DEBUG  ]  No MultiQC config found: multiqc_config.yaml
[2022-08-05 11:10:47,742] multiqc                                            [DEBUG  ]  Command used: /apps/multiqc/1.11/bin/multiqc ./8507_H3VFCBCXX-2_merged_fastqc.html ./8507_H3VFCBCXX-2_merged_fastqc.zip ./8507_H3VFCBCXX-2_merged.fastq.gz ./8507_H3VFCBCXX-2_R1p_fastqc.html ./8507_H3VFCBCXX-2_R1p_fastqc.zip ./8507_H3VFCBCXX-2_R1p.fastq.gz ./8507_H3VFCBCXX-2_R1R2u_fastqc.html ./8507_H3VFCBCXX-2_R1R2u_fastqc.zip ./8507_H3VFCBCXX-2_R1R2u.fastq.gz ./8507_H3VFCBCXX-2_R2p_fastqc.html ./8507_H3VFCBCXX-2_R2p_fastqc.zip ./8507_H3VFCBCXX-2_R2p.fastq.gz ./8507_QCreads.md5 -o 8507_MGSD_CSIRO.qc.stats
[2022-08-05 11:10:47,744] multiqc                                            [DEBUG  ]  Could not connect to multiqc.info for version check: <urlopen error [Errno 111] Connection refused>
[2022-08-05 11:10:47,744] multiqc                                            [DEBUG  ]  Command     : /apps/multiqc/1.11/bin/multiqc ./8507_H3VFCBCXX-2_merged_fastqc.html ./8507_H3VFCBCXX-2_merged_fastqc.zip ./8507_H3VFCBCXX-2_merged.fastq.gz ./8507_H3VFCBCXX-2_R1p_fastqc.html ./8507_H3VFCBCXX-2_R1p_fastqc.zip ./8507_H3VFCBCXX-2_R1p.fastq.gz ./8507_H3VFCBCXX-2_R1R2u_fastqc.html ./8507_H3VFCBCXX-2_R1R2u_fastqc.zip ./8507_H3VFCBCXX-2_R1R2u.fastq.gz ./8507_H3VFCBCXX-2_R2p_fastqc.html ./8507_H3VFCBCXX-2_R2p_fastqc.zip ./8507_H3VFCBCXX-2_R2p.fastq.gz ./8507_QCreads.md5 -o 8507_MGSD_CSIRO.qc.stats
[2022-08-05 11:10:47,744] multiqc                                            [DEBUG  ]  Working dir : /datasets/work/oa-amd/work/amd/Metagenome_QC_reads
[2022-08-05 11:10:47,744] multiqc                                            [DEBUG  ]  Template    : default
[2022-08-05 11:10:47,744] multiqc                                            [DEBUG  ]  Running Python 3.9.4 (default, Apr 25 2021, 16:13:27)  [GCC 10.3.0]
[2022-08-05 11:10:47,745] multiqc                                            [DEBUG  ]  Analysing modules: custom_content, ccs, ngsderive, purple, conpair, lima, peddy, somalier, methylQA, mosdepth, phantompeakqualtools, qualimap, preseq, quast, qorts, rna_seqc, rockhopper, rsem, rseqc, busco, bustools, goleft_indexcov, gffcompare, disambiguate, supernova, deeptools, sargasso, verifybamid, mirtrace, happy, mirtop, sambamba, homer, hops, macs2, theta2, snpeff, gatk, htseq, bcftools, featureCounts, fgbio, dragen, dedup, damageprofiler, biobambam2, jcvi, mtnucratio, picard, vep, sentieon, prokka, qc3C, nanostat, samblaster, samtools, sexdeterrmine, eigenstratdatabasetools, bamtools, jellyfish, vcftools, longranger, stacks, varscan2, snippy, bbmap, bismark, biscuit, hicexplorer, hicup, hicpro, salmon, kallisto, slamdunk, star, hisat2, tophat, bowtie2, bowtie1, snpsplit, odgi, pangolin, kat, leehom, adapterRemoval, clipandmerge, cutadapt, flexbar, kaiju, kraken, malt, trimmomatic, sickle, skewer, sortmerna, biobloomtools, fastq_screen, afterqc, fastp, fastqc, pychopper, pycoqc, minionqc, multivcfanalyzer, clusterflow, bcl2fastq, bclconvert, interop, ivar, flash, seqyclean, optitype
[2022-08-05 11:10:47,745] multiqc                                            [DEBUG  ]  Using temporary directory for creating report: /tmp/smi9a9.8585325/tmpihzys7af
[2022-08-05 11:10:47,808] multiqc                                            [INFO   ]  Search path : /datasets/work/oa-amd/work/amd/Metagenome_QC_reads/8507_H3VFCBCXX-2_merged_fastqc.html
[2022-08-05 11:10:47,808] multiqc                                            [INFO   ]  Search path : /datasets/work/oa-amd/work/amd/Metagenome_QC_reads/8507_H3VFCBCXX-2_merged_fastqc.zip
[2022-08-05 11:10:47,808] multiqc                                            [INFO   ]  Search path : /datasets/work/oa-amd/work/amd/Metagenome_QC_reads/8507_H3VFCBCXX-2_merged.fastq.gz
[2022-08-05 11:10:47,808] multiqc                                            [INFO   ]  Search path : /datasets/work/oa-amd/work/amd/Metagenome_QC_reads/8507_H3VFCBCXX-2_R1p_fastqc.html
[2022-08-05 11:10:47,808] multiqc                                            [INFO   ]  Search path : /datasets/work/oa-amd/work/amd/Metagenome_QC_reads/8507_H3VFCBCXX-2_R1p_fastqc.zip
[2022-08-05 11:10:47,808] multiqc                                            [INFO   ]  Search path : /datasets/work/oa-amd/work/amd/Metagenome_QC_reads/8507_H3VFCBCXX-2_R1p.fastq.gz
[2022-08-05 11:10:47,808] multiqc                                            [INFO   ]  Search path : /datasets/work/oa-amd/work/amd/Metagenome_QC_reads/8507_H3VFCBCXX-2_R1R2u_fastqc.html
[2022-08-05 11:10:47,808] multiqc                                            [INFO   ]  Search path : /datasets/work/oa-amd/work/amd/Metagenome_QC_reads/8507_H3VFCBCXX-2_R1R2u_fastqc.zip
[2022-08-05 11:10:47,808] multiqc                                            [INFO   ]  Search path : /datasets/work/oa-amd/work/amd/Metagenome_QC_reads/8507_H3VFCBCXX-2_R1R2u.fastq.gz
[2022-08-05 11:10:47,808] multiqc                                            [INFO   ]  Search path : /datasets/work/oa-amd/work/amd/Metagenome_QC_reads/8507_H3VFCBCXX-2_R2p_fastqc.html
[2022-08-05 11:10:47,808] multiqc                                            [INFO   ]  Search path : /datasets/work/oa-amd/work/amd/Metagenome_QC_reads/8507_H3VFCBCXX-2_R2p_fastqc.zip
[2022-08-05 11:10:47,808] multiqc                                            [INFO   ]  Search path : /datasets/work/oa-amd/work/amd/Metagenome_QC_reads/8507_H3VFCBCXX-2_R2p.fastq.gz
[2022-08-05 11:10:47,808] multiqc                                            [INFO   ]  Search path : /datasets/work/oa-amd/work/amd/Metagenome_QC_reads/8507_QCreads.md5
[2022-08-05 11:10:48,355] multiqc                                            [DEBUG  ]  File ignored by ccs/v4 because it exceeded search pattern filesize limit: 8507_H3VFCBCXX-2_merged_fastqc.html
[2022-08-05 11:10:48,366] multiqc                                            [DEBUG  ]  File ignored by hicexplorer because it exceeded search pattern filesize limit: 8507_H3VFCBCXX-2_merged_fastqc.html
[2022-08-05 11:10:48,367] multiqc                                            [DEBUG  ]  File ignored by nanostat because it exceeded search pattern filesize limit: 8507_H3VFCBCXX-2_merged_fastqc.html
[2022-08-05 11:10:48,367] multiqc                                            [DEBUG  ]  File ignored by lima/summary because it exceeded search pattern filesize limit: 8507_H3VFCBCXX-2_merged_fastqc.html
[2022-08-05 11:10:48,386] multiqc                                            [DEBUG  ]  File ignored by vep/vep_txt because it exceeded search pattern filesize limit: 8507_H3VFCBCXX-2_merged_fastqc.html
[2022-08-05 11:10:48,386] multiqc                                            [DEBUG  ]  File ignored by longranger/invocation because it exceeded search pattern filesize limit: 8507_H3VFCBCXX-2_merged_fastqc.html
[2022-08-05 11:10:48,386] multiqc                                            [DEBUG  ]  File ignored by rockhopper because it exceeded search pattern filesize limit: 8507_H3VFCBCXX-2_merged_fastqc.html
[2022-08-05 11:10:48,386] multiqc                                            [DEBUG  ]  File ignored by rseqc/bam_stat because it exceeded search pattern filesize limit: 8507_H3VFCBCXX-2_merged_fastqc.html
[2022-08-05 11:10:48,386] multiqc                                            [DEBUG  ]  File ignored by rseqc/junction_annotation because it exceeded search pattern filesize limit: 8507_H3VFCBCXX-2_merged_fastqc.html
[2022-08-05 11:10:48,386] multiqc                                            [DEBUG  ]  File ignored by rseqc/read_distribution because it exceeded search pattern filesize limit: 8507_H3VFCBCXX-2_merged_fastqc.html
[2022-08-05 11:10:48,386] multiqc                                            [DEBUG  ]  File ignored by rseqc/infer_experiment because it exceeded search pattern filesize limit: 8507_H3VFCBCXX-2_merged_fastqc.html
[2022-08-05 11:10:48,646] multiqc                                            [DEBUG  ]  Ignoring file as matched an ignore pattern: 8507_H3VFCBCXX-2_merged.fastq.gz
[2022-08-05 11:10:48,891] multiqc                                            [DEBUG  ]  File ignored by ccs/v4 because it exceeded search pattern filesize limit: 8507_H3VFCBCXX-2_R1p_fastqc.html
[2022-08-05 11:10:48,948] multiqc                                            [DEBUG  ]  File ignored by hicexplorer because it exceeded search pattern filesize limit: 8507_H3VFCBCXX-2_R1p_fastqc.html
[2022-08-05 11:10:48,949] multiqc                                            [DEBUG  ]  File ignored by nanostat because it exceeded search pattern filesize limit: 8507_H3VFCBCXX-2_R1p_fastqc.html
[2022-08-05 11:10:48,949] multiqc                                            [DEBUG  ]  File ignored by lima/summary because it exceeded search pattern filesize limit: 8507_H3VFCBCXX-2_R1p_fastqc.html
[2022-08-05 11:10:48,966] multiqc                                            [DEBUG  ]  File ignored by vep/vep_txt because it exceeded search pattern filesize limit: 8507_H3VFCBCXX-2_R1p_fastqc.html
[2022-08-05 11:10:48,966] multiqc                                            [DEBUG  ]  File ignored by longranger/invocation because it exceeded search pattern filesize limit: 8507_H3VFCBCXX-2_R1p_fastqc.html
[2022-08-05 11:10:48,966] multiqc                                            [DEBUG  ]  File ignored by rockhopper because it exceeded search pattern filesize limit: 8507_H3VFCBCXX-2_R1p_fastqc.html
[2022-08-05 11:10:48,966] multiqc                                            [DEBUG  ]  File ignored by rseqc/bam_stat because it exceeded search pattern filesize limit: 8507_H3VFCBCXX-2_R1p_fastqc.html
[2022-08-05 11:10:48,966] multiqc                                            [DEBUG  ]  File ignored by rseqc/junction_annotation because it exceeded search pattern filesize limit: 8507_H3VFCBCXX-2_R1p_fastqc.html
[2022-08-05 11:10:48,967] multiqc                                            [DEBUG  ]  File ignored by rseqc/read_distribution because it exceeded search pattern filesize limit: 8507_H3VFCBCXX-2_R1p_fastqc.html
[2022-08-05 11:10:48,967] multiqc                                            [DEBUG  ]  File ignored by rseqc/infer_experiment because it exceeded search pattern filesize limit: 8507_H3VFCBCXX-2_R1p_fastqc.html
[2022-08-05 11:10:49,166] multiqc                                            [DEBUG  ]  Ignoring file as matched an ignore pattern: 8507_H3VFCBCXX-2_R1p.fastq.gz
[2022-08-05 11:10:49,770] multiqc                                            [DEBUG  ]  File ignored by ccs/v4 because it exceeded search pattern filesize limit: 8507_H3VFCBCXX-2_R1R2u_fastqc.html
[2022-08-05 11:10:49,972] multiqc                                            [DEBUG  ]  File ignored by hicexplorer because it exceeded search pattern filesize limit: 8507_H3VFCBCXX-2_R1R2u_fastqc.html
[2022-08-05 11:10:49,973] multiqc                                            [DEBUG  ]  File ignored by nanostat because it exceeded search pattern filesize limit: 8507_H3VFCBCXX-2_R1R2u_fastqc.html
[2022-08-05 11:10:49,973] multiqc                                            [DEBUG  ]  File ignored by lima/summary because it exceeded search pattern filesize limit: 8507_H3VFCBCXX-2_R1R2u_fastqc.html
[2022-08-05 11:10:49,993] multiqc                                            [DEBUG  ]  File ignored by vep/vep_txt because it exceeded search pattern filesize limit: 8507_H3VFCBCXX-2_R1R2u_fastqc.html
[2022-08-05 11:10:49,993] multiqc                                            [DEBUG  ]  File ignored by longranger/invocation because it exceeded search pattern filesize limit: 8507_H3VFCBCXX-2_R1R2u_fastqc.html
[2022-08-05 11:10:49,993] multiqc                                            [DEBUG  ]  File ignored by rockhopper because it exceeded search pattern filesize limit: 8507_H3VFCBCXX-2_R1R2u_fastqc.html
[2022-08-05 11:10:49,993] multiqc                                            [DEBUG  ]  File ignored by rseqc/bam_stat because it exceeded search pattern filesize limit: 8507_H3VFCBCXX-2_R1R2u_fastqc.html
[2022-08-05 11:10:49,993] multiqc                                            [DEBUG  ]  File ignored by rseqc/junction_annotation because it exceeded search pattern filesize limit: 8507_H3VFCBCXX-2_R1R2u_fastqc.html
[2022-08-05 11:10:49,993] multiqc                                            [DEBUG  ]  File ignored by rseqc/read_distribution because it exceeded search pattern filesize limit: 8507_H3VFCBCXX-2_R1R2u_fastqc.html
[2022-08-05 11:10:49,993] multiqc                                            [DEBUG  ]  File ignored by rseqc/infer_experiment because it exceeded search pattern filesize limit: 8507_H3VFCBCXX-2_R1R2u_fastqc.html
[2022-08-05 11:10:50,165] multiqc                                            [DEBUG  ]  Ignoring file as matched an ignore pattern: 8507_H3VFCBCXX-2_R1R2u.fastq.gz
[2022-08-05 11:10:50,273] multiqc                                            [DEBUG  ]  File ignored by ccs/v4 because it exceeded search pattern filesize limit: 8507_H3VFCBCXX-2_R2p_fastqc.html
[2022-08-05 11:10:50,560] multiqc                                            [DEBUG  ]  File ignored by hicexplorer because it exceeded search pattern filesize limit: 8507_H3VFCBCXX-2_R2p_fastqc.html
[2022-08-05 11:10:50,633] multiqc                                            [DEBUG  ]  File ignored by nanostat because it exceeded search pattern filesize limit: 8507_H3VFCBCXX-2_R2p_fastqc.html
[2022-08-05 11:10:50,633] multiqc                                            [DEBUG  ]  File ignored by lima/summary because it exceeded search pattern filesize limit: 8507_H3VFCBCXX-2_R2p_fastqc.html
[2022-08-05 11:10:50,650] multiqc                                            [DEBUG  ]  File ignored by vep/vep_txt because it exceeded search pattern filesize limit: 8507_H3VFCBCXX-2_R2p_fastqc.html
[2022-08-05 11:10:50,650] multiqc                                            [DEBUG  ]  File ignored by longranger/invocation because it exceeded search pattern filesize limit: 8507_H3VFCBCXX-2_R2p_fastqc.html
[2022-08-05 11:10:50,650] multiqc                                            [DEBUG  ]  File ignored by rockhopper because it exceeded search pattern filesize limit: 8507_H3VFCBCXX-2_R2p_fastqc.html
[2022-08-05 11:10:50,650] multiqc                                            [DEBUG  ]  File ignored by rseqc/bam_stat because it exceeded search pattern filesize limit: 8507_H3VFCBCXX-2_R2p_fastqc.html
[2022-08-05 11:10:50,650] multiqc                                            [DEBUG  ]  File ignored by rseqc/junction_annotation because it exceeded search pattern filesize limit: 8507_H3VFCBCXX-2_R2p_fastqc.html
[2022-08-05 11:10:50,650] multiqc                                            [DEBUG  ]  File ignored by rseqc/read_distribution because it exceeded search pattern filesize limit: 8507_H3VFCBCXX-2_R2p_fastqc.html
[2022-08-05 11:10:50,650] multiqc                                            [DEBUG  ]  File ignored by rseqc/infer_experiment because it exceeded search pattern filesize limit: 8507_H3VFCBCXX-2_R2p_fastqc.html
[2022-08-05 11:10:50,861] multiqc                                            [DEBUG  ]  Ignoring file as matched an ignore pattern: 8507_H3VFCBCXX-2_R2p.fastq.gz
[2022-08-05 11:10:50,862] multiqc                                            [DEBUG  ]  Ignoring file as matched an ignore pattern: 8507_QCreads.md5
[2022-08-05 11:10:54,028] multiqc.plots.bargraph                             [DEBUG  ]  Using matplotlib version 3.3.4
[2022-08-05 11:10:54,032] multiqc.plots.linegraph                            [DEBUG  ]  Using matplotlib version 3.3.4
[2022-08-05 11:10:54,035] multiqc                                            [DEBUG  ]  No samples found: custom_content
[2022-08-05 11:10:54,040] multiqc                                            [DEBUG  ]  No samples found: ccs
[2022-08-05 11:10:54,046] multiqc                                            [DEBUG  ]  No samples found: ngsderive
[2022-08-05 11:10:54,050] multiqc                                            [DEBUG  ]  No samples found: purple
[2022-08-05 11:10:54,055] multiqc                                            [DEBUG  ]  No samples found: conpair
[2022-08-05 11:10:54,060] multiqc                                            [DEBUG  ]  No samples found: lima
[2022-08-05 11:10:54,065] multiqc                                            [DEBUG  ]  No samples found: peddy
[2022-08-05 11:10:54,071] multiqc                                            [DEBUG  ]  No samples found: somalier
[2022-08-05 11:10:54,079] multiqc                                            [DEBUG  ]  No samples found: methylQA
[2022-08-05 11:10:54,092] multiqc.modules.mosdepth.mosdepth                  [DEBUG  ]  include_contigs: []
[2022-08-05 11:10:54,092] multiqc.modules.mosdepth.mosdepth                  [DEBUG  ]  exclude_contigs: []
[2022-08-05 11:10:54,092] multiqc                                            [DEBUG  ]  No samples found: mosdepth
[2022-08-05 11:10:54,097] multiqc                                            [DEBUG  ]  No samples found: phantompeakqualtools
[2022-08-05 11:10:54,104] multiqc                                            [DEBUG  ]  No samples found: qualimap
[2022-08-05 11:10:54,111] multiqc                                            [DEBUG  ]  No samples found: preseq
[2022-08-05 11:10:54,117] multiqc                                            [DEBUG  ]  No samples found: quast
[2022-08-05 11:10:54,122] multiqc                                            [DEBUG  ]  No samples found: qorts
[2022-08-05 11:10:54,128] multiqc                                            [DEBUG  ]  No samples found: rna_seqc
[2022-08-05 11:10:54,136] multiqc                                            [DEBUG  ]  No samples found: rockhopper
[2022-08-05 11:10:54,140] multiqc                                            [DEBUG  ]  No samples found: rsem
[2022-08-05 11:10:54,156] multiqc                                            [DEBUG  ]  No samples found: rseqc
[2022-08-05 11:10:54,160] multiqc                                            [DEBUG  ]  No samples found: busco
[2022-08-05 11:10:54,165] multiqc                                            [DEBUG  ]  No samples found: bustools
[2022-08-05 11:10:54,170] multiqc                                            [DEBUG  ]  No samples found: goleft_indexcov
[2022-08-05 11:10:54,176] multiqc                                            [DEBUG  ]  No samples found: gffcompare
[2022-08-05 11:10:54,181] multiqc                                            [DEBUG  ]  No samples found: disambiguate
[2022-08-05 11:10:54,186] multiqc                                            [DEBUG  ]  No samples found: supernova
[2022-08-05 11:10:54,205] multiqc                                            [DEBUG  ]  No samples found: deeptools
[2022-08-05 11:10:54,209] multiqc                                            [DEBUG  ]  No samples found: sargasso
[2022-08-05 11:10:54,215] multiqc                                            [DEBUG  ]  No samples found: verifybamid
[2022-08-05 11:10:54,220] multiqc                                            [DEBUG  ]  No samples found: mirtrace
[2022-08-05 11:10:54,225] multiqc                                            [DEBUG  ]  No samples found: happy
[2022-08-05 11:10:54,229] multiqc                                            [DEBUG  ]  No samples found: mirtop
[2022-08-05 11:10:54,235] multiqc                                            [DEBUG  ]  No samples found: sambamba
[2022-08-05 11:10:54,244] multiqc                                            [DEBUG  ]  No samples found: homer
[2022-08-05 11:10:54,249] multiqc                                            [DEBUG  ]  No samples found: hops
[2022-08-05 11:10:54,253] multiqc                                            [DEBUG  ]  No samples found: macs2
[2022-08-05 11:10:54,258] multiqc                                            [DEBUG  ]  No samples found: theta2
[2022-08-05 11:10:54,263] multiqc                                            [DEBUG  ]  No samples found: snpeff
[2022-08-05 11:10:54,272] multiqc                                            [DEBUG  ]  No samples found: gatk
[2022-08-05 11:10:54,276] multiqc                                            [DEBUG  ]  No samples found: htseq
[2022-08-05 11:10:54,282] multiqc                                            [DEBUG  ]  No samples found: bcftools
[2022-08-05 11:10:54,286] multiqc                                            [DEBUG  ]  No samples found: featureCounts
[2022-08-05 11:10:54,291] multiqc                                            [DEBUG  ]  No samples found: fgbio
[2022-08-05 11:10:54,539] multiqc                                            [DEBUG  ]  No samples found: dragen
[2022-08-05 11:10:54,543] multiqc                                            [DEBUG  ]  No samples found: dedup
[2022-08-05 11:10:54,548] multiqc                                            [DEBUG  ]  No samples found: damageprofiler
[2022-08-05 11:10:54,586] multiqc                                            [DEBUG  ]  No samples found: biobambam2
[2022-08-05 11:10:54,591] multiqc                                            [DEBUG  ]  No samples found: jcvi
[2022-08-05 11:10:54,595] multiqc                                            [DEBUG  ]  No samples found: mtnucratio
[2022-08-05 11:10:54,597] multiqc                                            [DEBUG  ]  No samples found: picard
[2022-08-05 11:10:54,603] multiqc                                            [DEBUG  ]  No samples found: vep
[2022-08-05 11:10:54,611] multiqc                                            [DEBUG  ]  No samples found: sentieon
[2022-08-05 11:10:54,615] multiqc                                            [DEBUG  ]  No samples found: prokka
[2022-08-05 11:10:54,622] multiqc                                            [DEBUG  ]  No samples found: qc3C
[2022-08-05 11:10:54,627] multiqc                                            [DEBUG  ]  No samples found: nanostat
[2022-08-05 11:10:54,631] multiqc                                            [DEBUG  ]  No samples found: samblaster
[2022-08-05 11:10:54,641] multiqc                                            [DEBUG  ]  No samples found: samtools
[2022-08-05 11:10:54,646] multiqc                                            [DEBUG  ]  No samples found: sexdeterrmine
[2022-08-05 11:10:54,650] multiqc                                            [DEBUG  ]  No samples found: eigenstratdatabasetools
[2022-08-05 11:10:54,656] multiqc                                            [DEBUG  ]  No samples found: bamtools
[2022-08-05 11:10:54,661] multiqc                                            [DEBUG  ]  No samples found: jellyfish
[2022-08-05 11:10:54,669] multiqc                                            [DEBUG  ]  No samples found: vcftools
[2022-08-05 11:10:54,675] multiqc                                            [DEBUG  ]  No samples found: longranger
[2022-08-05 11:10:54,680] multiqc                                            [DEBUG  ]  No samples found: stacks
[2022-08-05 11:10:54,685] multiqc                                            [DEBUG  ]  No samples found: varscan2
[2022-08-05 11:10:54,690] multiqc                                            [DEBUG  ]  No samples found: snippy
[2022-08-05 11:10:54,710] multiqc                                            [DEBUG  ]  No samples found: bbmap
[2022-08-05 11:10:54,716] multiqc                                            [DEBUG  ]  No samples found: bismark
[2022-08-05 11:10:54,724] multiqc                                            [DEBUG  ]  No samples found: biscuit
[2022-08-05 11:10:54,730] multiqc                                            [DEBUG  ]  No samples found: hicexplorer
[2022-08-05 11:10:54,736] multiqc                                            [DEBUG  ]  No samples found: hicup
[2022-08-05 11:10:54,743] multiqc                                            [DEBUG  ]  No samples found: hicpro
[2022-08-05 11:10:54,748] multiqc                                            [DEBUG  ]  No samples found: salmon
[2022-08-05 11:10:54,752] multiqc                                            [DEBUG  ]  No samples found: kallisto
[2022-08-05 11:10:54,759] multiqc                                            [DEBUG  ]  No samples found: slamdunk
[2022-08-05 11:10:54,764] multiqc                                            [DEBUG  ]  No samples found: star
[2022-08-05 11:10:54,769] multiqc                                            [DEBUG  ]  No samples found: hisat2
[2022-08-05 11:10:54,774] multiqc                                            [DEBUG  ]  No samples found: tophat
[2022-08-05 11:10:54,778] multiqc                                            [DEBUG  ]  No samples found: bowtie2
[2022-08-05 11:10:54,783] multiqc                                            [DEBUG  ]  No samples found: bowtie1
[2022-08-05 11:10:55,018] multiqc                                            [DEBUG  ]  No samples found: snpsplit
[2022-08-05 11:10:55,024] multiqc                                            [DEBUG  ]  No samples found: odgi
[2022-08-05 11:10:55,029] multiqc                                            [DEBUG  ]  No samples found: pangolin
[2022-08-05 11:10:55,033] multiqc                                            [DEBUG  ]  No samples found: kat
[2022-08-05 11:10:55,037] multiqc                                            [DEBUG  ]  No samples found: leehom
[2022-08-05 11:10:55,042] multiqc                                            [DEBUG  ]  No samples found: adapterRemoval
[2022-08-05 11:10:55,046] multiqc                                            [DEBUG  ]  No samples found: clipandmerge
[2022-08-05 11:10:55,051] multiqc                                            [DEBUG  ]  No samples found: cutadapt
[2022-08-05 11:10:55,055] multiqc                                            [DEBUG  ]  No samples found: flexbar
[2022-08-05 11:10:55,060] multiqc                                            [DEBUG  ]  No samples found: kaiju
[2022-08-05 11:10:55,065] multiqc                                            [DEBUG  ]  No samples found: kraken
[2022-08-05 11:10:55,070] multiqc                                            [DEBUG  ]  No samples found: malt
[2022-08-05 11:10:55,074] multiqc                                            [DEBUG  ]  No samples found: trimmomatic
[2022-08-05 11:10:55,079] multiqc                                            [DEBUG  ]  No samples found: sickle
[2022-08-05 11:10:55,083] multiqc                                            [DEBUG  ]  No samples found: skewer
[2022-08-05 11:10:55,088] multiqc                                            [DEBUG  ]  No samples found: sortmerna
[2022-08-05 11:10:55,092] multiqc                                            [DEBUG  ]  No samples found: biobloomtools
[2022-08-05 11:10:55,098] multiqc                                            [DEBUG  ]  No samples found: fastq_screen
[2022-08-05 11:10:55,102] multiqc                                            [DEBUG  ]  No samples found: afterqc
[2022-08-05 11:10:55,108] multiqc                                            [DEBUG  ]  No samples found: fastp
[2022-08-05 11:10:55,866] multiqc.modules.fastqc.fastqc                      [INFO   ]  Found 4 reports
[2022-08-05 11:10:55,947] multiqc                                            [DEBUG  ]  No samples found: pychopper
[2022-08-05 11:10:55,952] multiqc                                            [DEBUG  ]  No samples found: pycoqc
[2022-08-05 11:10:55,956] multiqc                                            [DEBUG  ]  No samples found: minionqc
[2022-08-05 11:10:55,961] multiqc                                            [DEBUG  ]  No samples found: multivcfanalyzer
[2022-08-05 11:10:55,966] multiqc                                            [DEBUG  ]  No samples found: clusterflow
[2022-08-05 11:10:55,972] multiqc                                            [DEBUG  ]  No samples found: bcl2fastq
[2022-08-05 11:10:55,979] multiqc                                            [DEBUG  ]  No samples found: bclconvert
[2022-08-05 11:10:56,214] multiqc                                            [DEBUG  ]  No samples found: interop
[2022-08-05 11:10:56,219] multiqc                                            [DEBUG  ]  No samples found: ivar
[2022-08-05 11:10:56,224] multiqc                                            [DEBUG  ]  No samples found: flash
[2022-08-05 11:10:56,229] multiqc                                            [DEBUG  ]  No samples found: seqyclean
[2022-08-05 11:10:56,233] multiqc                                            [DEBUG  ]  No samples found: optitype
[2022-08-05 11:10:56,237] multiqc                                            [INFO   ]  Compressing plot data
[2022-08-05 11:11:04,537] multiqc                                            [INFO   ]  Report      : 8507_MGSD_CSIRO.qc.stats/multiqc_report.html
[2022-08-05 11:11:04,537] multiqc                                            [INFO   ]  Data        : 8507_MGSD_CSIRO.qc.stats/multiqc_data
[2022-08-05 11:11:04,537] multiqc                                            [DEBUG  ]  Moving data file from '/tmp/smi9a9.8585325/tmpihzys7af/multiqc_data' to '8507_MGSD_CSIRO.qc.stats/multiqc_data'
[2022-08-05 11:11:05,108] multiqc                                            [INFO   ]  MultiQC complete
