[2022-08-05 11:05:18,942] multiqc                                            [DEBUG  ]  This is MultiQC v1.11
[2022-08-05 11:05:18,943] multiqc                                            [DEBUG  ]  No MultiQC config found: /apps/multiqc/1.11/lib/python3.9/site-packages/multiqc_config.yaml
[2022-08-05 11:05:18,943] multiqc                                            [DEBUG  ]  No MultiQC config found: /home/smi9a9/.multiqc_config.yaml
[2022-08-05 11:05:18,944] multiqc                                            [DEBUG  ]  No MultiQC config found: multiqc_config.yaml
[2022-08-05 11:05:18,944] multiqc                                            [DEBUG  ]  Command used: /apps/multiqc/1.11/bin/multiqc ./12487_combined_merged_fastqc.html ./12487_combined_merged_fastqc.zip ./12487_combined_merged.fastq.gz ./12487_combined_R1p_fastqc.html ./12487_combined_R1p_fastqc.zip ./12487_combined_R1p.fastq.gz ./12487_combined_R1R2u_fastqc.html ./12487_combined_R1R2u_fastqc.zip ./12487_combined_R1R2u.fastq.gz ./12487_combined_R2p_fastqc.html ./12487_combined_R2p_fastqc.zip ./12487_combined_R2p.fastq.gz ./12487_QCreads.md5 -o 12487_MGSD_CSIRO.qc.stats
[2022-08-05 11:05:18,953] multiqc                                            [DEBUG  ]  Could not connect to multiqc.info for version check: <urlopen error [Errno 111] Connection refused>
[2022-08-05 11:05:18,953] multiqc                                            [DEBUG  ]  Command     : /apps/multiqc/1.11/bin/multiqc ./12487_combined_merged_fastqc.html ./12487_combined_merged_fastqc.zip ./12487_combined_merged.fastq.gz ./12487_combined_R1p_fastqc.html ./12487_combined_R1p_fastqc.zip ./12487_combined_R1p.fastq.gz ./12487_combined_R1R2u_fastqc.html ./12487_combined_R1R2u_fastqc.zip ./12487_combined_R1R2u.fastq.gz ./12487_combined_R2p_fastqc.html ./12487_combined_R2p_fastqc.zip ./12487_combined_R2p.fastq.gz ./12487_QCreads.md5 -o 12487_MGSD_CSIRO.qc.stats
[2022-08-05 11:05:18,953] multiqc                                            [DEBUG  ]  Working dir : /datasets/work/oa-amd/work/amd/Metagenome_QC_reads
[2022-08-05 11:05:18,953] multiqc                                            [DEBUG  ]  Template    : default
[2022-08-05 11:05:18,953] multiqc                                            [DEBUG  ]  Running Python 3.9.4 (default, Apr 25 2021, 16:13:27)  [GCC 10.3.0]
[2022-08-05 11:05:18,954] multiqc                                            [DEBUG  ]  Analysing modules: custom_content, ccs, ngsderive, purple, conpair, lima, peddy, somalier, methylQA, mosdepth, phantompeakqualtools, qualimap, preseq, quast, qorts, rna_seqc, rockhopper, rsem, rseqc, busco, bustools, goleft_indexcov, gffcompare, disambiguate, supernova, deeptools, sargasso, verifybamid, mirtrace, happy, mirtop, sambamba, homer, hops, macs2, theta2, snpeff, gatk, htseq, bcftools, featureCounts, fgbio, dragen, dedup, damageprofiler, biobambam2, jcvi, mtnucratio, picard, vep, sentieon, prokka, qc3C, nanostat, samblaster, samtools, sexdeterrmine, eigenstratdatabasetools, bamtools, jellyfish, vcftools, longranger, stacks, varscan2, snippy, bbmap, bismark, biscuit, hicexplorer, hicup, hicpro, salmon, kallisto, slamdunk, star, hisat2, tophat, bowtie2, bowtie1, snpsplit, odgi, pangolin, kat, leehom, adapterRemoval, clipandmerge, cutadapt, flexbar, kaiju, kraken, malt, trimmomatic, sickle, skewer, sortmerna, biobloomtools, fastq_screen, afterqc, fastp, fastqc, pychopper, pycoqc, minionqc, multivcfanalyzer, clusterflow, bcl2fastq, bclconvert, interop, ivar, flash, seqyclean, optitype
[2022-08-05 11:05:18,954] multiqc                                            [DEBUG  ]  Using temporary directory for creating report: /tmp/smi9a9.8585491/tmpgzpg5vub
[2022-08-05 11:05:19,494] multiqc                                            [INFO   ]  Search path : /datasets/work/oa-amd/work/amd/Metagenome_QC_reads/12487_combined_merged_fastqc.html
[2022-08-05 11:05:19,494] multiqc                                            [INFO   ]  Search path : /datasets/work/oa-amd/work/amd/Metagenome_QC_reads/12487_combined_merged_fastqc.zip
[2022-08-05 11:05:19,494] multiqc                                            [INFO   ]  Search path : /datasets/work/oa-amd/work/amd/Metagenome_QC_reads/12487_combined_merged.fastq.gz
[2022-08-05 11:05:19,494] multiqc                                            [INFO   ]  Search path : /datasets/work/oa-amd/work/amd/Metagenome_QC_reads/12487_combined_R1p_fastqc.html
[2022-08-05 11:05:19,494] multiqc                                            [INFO   ]  Search path : /datasets/work/oa-amd/work/amd/Metagenome_QC_reads/12487_combined_R1p_fastqc.zip
[2022-08-05 11:05:19,494] multiqc                                            [INFO   ]  Search path : /datasets/work/oa-amd/work/amd/Metagenome_QC_reads/12487_combined_R1p.fastq.gz
[2022-08-05 11:05:19,494] multiqc                                            [INFO   ]  Search path : /datasets/work/oa-amd/work/amd/Metagenome_QC_reads/12487_combined_R1R2u_fastqc.html
[2022-08-05 11:05:19,494] multiqc                                            [INFO   ]  Search path : /datasets/work/oa-amd/work/amd/Metagenome_QC_reads/12487_combined_R1R2u_fastqc.zip
[2022-08-05 11:05:19,494] multiqc                                            [INFO   ]  Search path : /datasets/work/oa-amd/work/amd/Metagenome_QC_reads/12487_combined_R1R2u.fastq.gz
[2022-08-05 11:05:19,494] multiqc                                            [INFO   ]  Search path : /datasets/work/oa-amd/work/amd/Metagenome_QC_reads/12487_combined_R2p_fastqc.html
[2022-08-05 11:05:19,494] multiqc                                            [INFO   ]  Search path : /datasets/work/oa-amd/work/amd/Metagenome_QC_reads/12487_combined_R2p_fastqc.zip
[2022-08-05 11:05:19,494] multiqc                                            [INFO   ]  Search path : /datasets/work/oa-amd/work/amd/Metagenome_QC_reads/12487_combined_R2p.fastq.gz
[2022-08-05 11:05:19,494] multiqc                                            [INFO   ]  Search path : /datasets/work/oa-amd/work/amd/Metagenome_QC_reads/12487_QCreads.md5
[2022-08-05 11:05:21,236] multiqc                                            [DEBUG  ]  File ignored by ccs/v4 because it exceeded search pattern filesize limit: 12487_combined_merged_fastqc.html
[2022-08-05 11:05:21,241] multiqc                                            [DEBUG  ]  File ignored by hicexplorer because it exceeded search pattern filesize limit: 12487_combined_merged_fastqc.html
[2022-08-05 11:05:21,242] multiqc                                            [DEBUG  ]  File ignored by nanostat because it exceeded search pattern filesize limit: 12487_combined_merged_fastqc.html
[2022-08-05 11:05:21,242] multiqc                                            [DEBUG  ]  File ignored by lima/summary because it exceeded search pattern filesize limit: 12487_combined_merged_fastqc.html
[2022-08-05 11:05:21,254] multiqc                                            [DEBUG  ]  File ignored by vep/vep_txt because it exceeded search pattern filesize limit: 12487_combined_merged_fastqc.html
[2022-08-05 11:05:21,254] multiqc                                            [DEBUG  ]  File ignored by longranger/invocation because it exceeded search pattern filesize limit: 12487_combined_merged_fastqc.html
[2022-08-05 11:05:21,254] multiqc                                            [DEBUG  ]  File ignored by rockhopper because it exceeded search pattern filesize limit: 12487_combined_merged_fastqc.html
[2022-08-05 11:05:21,254] multiqc                                            [DEBUG  ]  File ignored by rseqc/bam_stat because it exceeded search pattern filesize limit: 12487_combined_merged_fastqc.html
[2022-08-05 11:05:21,254] multiqc                                            [DEBUG  ]  File ignored by rseqc/junction_annotation because it exceeded search pattern filesize limit: 12487_combined_merged_fastqc.html
[2022-08-05 11:05:21,254] multiqc                                            [DEBUG  ]  File ignored by rseqc/read_distribution because it exceeded search pattern filesize limit: 12487_combined_merged_fastqc.html
[2022-08-05 11:05:21,255] multiqc                                            [DEBUG  ]  File ignored by rseqc/infer_experiment because it exceeded search pattern filesize limit: 12487_combined_merged_fastqc.html
[2022-08-05 11:05:21,341] multiqc                                            [DEBUG  ]  Ignoring file as matched an ignore pattern: 12487_combined_merged.fastq.gz
[2022-08-05 11:05:21,409] multiqc                                            [DEBUG  ]  File ignored by ccs/v4 because it exceeded search pattern filesize limit: 12487_combined_R1p_fastqc.html
[2022-08-05 11:05:21,417] multiqc                                            [DEBUG  ]  File ignored by hicexplorer because it exceeded search pattern filesize limit: 12487_combined_R1p_fastqc.html
[2022-08-05 11:05:21,418] multiqc                                            [DEBUG  ]  File ignored by nanostat because it exceeded search pattern filesize limit: 12487_combined_R1p_fastqc.html
[2022-08-05 11:05:21,418] multiqc                                            [DEBUG  ]  File ignored by lima/summary because it exceeded search pattern filesize limit: 12487_combined_R1p_fastqc.html
[2022-08-05 11:05:21,433] multiqc                                            [DEBUG  ]  File ignored by vep/vep_txt because it exceeded search pattern filesize limit: 12487_combined_R1p_fastqc.html
[2022-08-05 11:05:21,433] multiqc                                            [DEBUG  ]  File ignored by longranger/invocation because it exceeded search pattern filesize limit: 12487_combined_R1p_fastqc.html
[2022-08-05 11:05:21,433] multiqc                                            [DEBUG  ]  File ignored by rockhopper because it exceeded search pattern filesize limit: 12487_combined_R1p_fastqc.html
[2022-08-05 11:05:21,433] multiqc                                            [DEBUG  ]  File ignored by rseqc/bam_stat because it exceeded search pattern filesize limit: 12487_combined_R1p_fastqc.html
[2022-08-05 11:05:21,433] multiqc                                            [DEBUG  ]  File ignored by rseqc/junction_annotation because it exceeded search pattern filesize limit: 12487_combined_R1p_fastqc.html
[2022-08-05 11:05:21,433] multiqc                                            [DEBUG  ]  File ignored by rseqc/read_distribution because it exceeded search pattern filesize limit: 12487_combined_R1p_fastqc.html
[2022-08-05 11:05:21,433] multiqc                                            [DEBUG  ]  File ignored by rseqc/infer_experiment because it exceeded search pattern filesize limit: 12487_combined_R1p_fastqc.html
[2022-08-05 11:05:21,510] multiqc                                            [DEBUG  ]  Ignoring file as matched an ignore pattern: 12487_combined_R1p.fastq.gz
[2022-08-05 11:05:22,093] multiqc                                            [DEBUG  ]  File ignored by ccs/v4 because it exceeded search pattern filesize limit: 12487_combined_R1R2u_fastqc.html
[2022-08-05 11:05:22,097] multiqc                                            [DEBUG  ]  File ignored by hicexplorer because it exceeded search pattern filesize limit: 12487_combined_R1R2u_fastqc.html
[2022-08-05 11:05:22,098] multiqc                                            [DEBUG  ]  File ignored by nanostat because it exceeded search pattern filesize limit: 12487_combined_R1R2u_fastqc.html
[2022-08-05 11:05:22,098] multiqc                                            [DEBUG  ]  File ignored by lima/summary because it exceeded search pattern filesize limit: 12487_combined_R1R2u_fastqc.html
[2022-08-05 11:05:22,115] multiqc                                            [DEBUG  ]  File ignored by vep/vep_txt because it exceeded search pattern filesize limit: 12487_combined_R1R2u_fastqc.html
[2022-08-05 11:05:22,115] multiqc                                            [DEBUG  ]  File ignored by longranger/invocation because it exceeded search pattern filesize limit: 12487_combined_R1R2u_fastqc.html
[2022-08-05 11:05:22,115] multiqc                                            [DEBUG  ]  File ignored by rockhopper because it exceeded search pattern filesize limit: 12487_combined_R1R2u_fastqc.html
[2022-08-05 11:05:22,115] multiqc                                            [DEBUG  ]  File ignored by rseqc/bam_stat because it exceeded search pattern filesize limit: 12487_combined_R1R2u_fastqc.html
[2022-08-05 11:05:22,115] multiqc                                            [DEBUG  ]  File ignored by rseqc/junction_annotation because it exceeded search pattern filesize limit: 12487_combined_R1R2u_fastqc.html
[2022-08-05 11:05:22,115] multiqc                                            [DEBUG  ]  File ignored by rseqc/read_distribution because it exceeded search pattern filesize limit: 12487_combined_R1R2u_fastqc.html
[2022-08-05 11:05:22,116] multiqc                                            [DEBUG  ]  File ignored by rseqc/infer_experiment because it exceeded search pattern filesize limit: 12487_combined_R1R2u_fastqc.html
[2022-08-05 11:05:22,182] multiqc                                            [DEBUG  ]  Ignoring file as matched an ignore pattern: 12487_combined_R1R2u.fastq.gz
[2022-08-05 11:05:22,276] multiqc                                            [DEBUG  ]  File ignored by ccs/v4 because it exceeded search pattern filesize limit: 12487_combined_R2p_fastqc.html
[2022-08-05 11:05:22,634] multiqc                                            [DEBUG  ]  File ignored by hicexplorer because it exceeded search pattern filesize limit: 12487_combined_R2p_fastqc.html
[2022-08-05 11:05:22,636] multiqc                                            [DEBUG  ]  File ignored by nanostat because it exceeded search pattern filesize limit: 12487_combined_R2p_fastqc.html
[2022-08-05 11:05:22,636] multiqc                                            [DEBUG  ]  File ignored by lima/summary because it exceeded search pattern filesize limit: 12487_combined_R2p_fastqc.html
[2022-08-05 11:05:22,718] multiqc                                            [DEBUG  ]  File ignored by vep/vep_txt because it exceeded search pattern filesize limit: 12487_combined_R2p_fastqc.html
[2022-08-05 11:05:22,718] multiqc                                            [DEBUG  ]  File ignored by longranger/invocation because it exceeded search pattern filesize limit: 12487_combined_R2p_fastqc.html
[2022-08-05 11:05:22,718] multiqc                                            [DEBUG  ]  File ignored by rockhopper because it exceeded search pattern filesize limit: 12487_combined_R2p_fastqc.html
[2022-08-05 11:05:22,719] multiqc                                            [DEBUG  ]  File ignored by rseqc/bam_stat because it exceeded search pattern filesize limit: 12487_combined_R2p_fastqc.html
[2022-08-05 11:05:22,719] multiqc                                            [DEBUG  ]  File ignored by rseqc/junction_annotation because it exceeded search pattern filesize limit: 12487_combined_R2p_fastqc.html
[2022-08-05 11:05:22,719] multiqc                                            [DEBUG  ]  File ignored by rseqc/read_distribution because it exceeded search pattern filesize limit: 12487_combined_R2p_fastqc.html
[2022-08-05 11:05:22,719] multiqc                                            [DEBUG  ]  File ignored by rseqc/infer_experiment because it exceeded search pattern filesize limit: 12487_combined_R2p_fastqc.html
[2022-08-05 11:05:25,049] multiqc                                            [DEBUG  ]  Ignoring file as matched an ignore pattern: 12487_combined_R2p.fastq.gz
[2022-08-05 11:05:25,050] multiqc                                            [DEBUG  ]  Ignoring file as matched an ignore pattern: 12487_QCreads.md5
[2022-08-05 11:05:27,581] multiqc.plots.bargraph                             [DEBUG  ]  Using matplotlib version 3.3.4
[2022-08-05 11:05:27,586] multiqc.plots.linegraph                            [DEBUG  ]  Using matplotlib version 3.3.4
[2022-08-05 11:05:27,591] multiqc                                            [DEBUG  ]  No samples found: custom_content
[2022-08-05 11:05:27,598] multiqc                                            [DEBUG  ]  No samples found: ccs
[2022-08-05 11:05:27,872] multiqc                                            [DEBUG  ]  No samples found: ngsderive
[2022-08-05 11:05:28,111] multiqc                                            [DEBUG  ]  No samples found: purple
[2022-08-05 11:05:28,122] multiqc                                            [DEBUG  ]  No samples found: conpair
[2022-08-05 11:05:28,365] multiqc                                            [DEBUG  ]  No samples found: lima
[2022-08-05 11:05:28,373] multiqc                                            [DEBUG  ]  No samples found: peddy
[2022-08-05 11:05:28,383] multiqc                                            [DEBUG  ]  No samples found: somalier
[2022-08-05 11:05:28,393] multiqc                                            [DEBUG  ]  No samples found: methylQA
[2022-08-05 11:05:28,641] multiqc.modules.mosdepth.mosdepth                  [DEBUG  ]  include_contigs: []
[2022-08-05 11:05:28,641] multiqc.modules.mosdepth.mosdepth                  [DEBUG  ]  exclude_contigs: []
[2022-08-05 11:05:28,641] multiqc                                            [DEBUG  ]  No samples found: mosdepth
[2022-08-05 11:05:28,649] multiqc                                            [DEBUG  ]  No samples found: phantompeakqualtools
[2022-08-05 11:05:28,654] multiqc                                            [DEBUG  ]  No samples found: qualimap
[2022-08-05 11:05:29,583] multiqc                                            [DEBUG  ]  No samples found: preseq
[2022-08-05 11:05:29,592] multiqc                                            [DEBUG  ]  No samples found: quast
[2022-08-05 11:05:29,599] multiqc                                            [DEBUG  ]  No samples found: qorts
[2022-08-05 11:05:30,067] multiqc                                            [DEBUG  ]  No samples found: rna_seqc
[2022-08-05 11:05:30,074] multiqc                                            [DEBUG  ]  No samples found: rockhopper
[2022-08-05 11:05:30,081] multiqc                                            [DEBUG  ]  No samples found: rsem
[2022-08-05 11:05:30,613] multiqc                                            [DEBUG  ]  No samples found: rseqc
[2022-08-05 11:05:31,079] multiqc                                            [DEBUG  ]  No samples found: busco
[2022-08-05 11:05:31,087] multiqc                                            [DEBUG  ]  No samples found: bustools
[2022-08-05 11:05:31,094] multiqc                                            [DEBUG  ]  No samples found: goleft_indexcov
[2022-08-05 11:05:31,101] multiqc                                            [DEBUG  ]  No samples found: gffcompare
[2022-08-05 11:05:31,108] multiqc                                            [DEBUG  ]  No samples found: disambiguate
[2022-08-05 11:05:31,117] multiqc                                            [DEBUG  ]  No samples found: supernova
[2022-08-05 11:05:31,372] multiqc                                            [DEBUG  ]  No samples found: deeptools
[2022-08-05 11:05:31,654] multiqc                                            [DEBUG  ]  No samples found: sargasso
[2022-08-05 11:05:31,663] multiqc                                            [DEBUG  ]  No samples found: verifybamid
[2022-08-05 11:05:31,672] multiqc                                            [DEBUG  ]  No samples found: mirtrace
[2022-08-05 11:05:31,909] multiqc                                            [DEBUG  ]  No samples found: happy
[2022-08-05 11:05:31,916] multiqc                                            [DEBUG  ]  No samples found: mirtop
[2022-08-05 11:05:31,925] multiqc                                            [DEBUG  ]  No samples found: sambamba
[2022-08-05 11:05:31,937] multiqc                                            [DEBUG  ]  No samples found: homer
[2022-08-05 11:05:31,943] multiqc                                            [DEBUG  ]  No samples found: hops
[2022-08-05 11:05:31,950] multiqc                                            [DEBUG  ]  No samples found: macs2
[2022-08-05 11:05:31,957] multiqc                                            [DEBUG  ]  No samples found: theta2
[2022-08-05 11:05:31,966] multiqc                                            [DEBUG  ]  No samples found: snpeff
[2022-08-05 11:05:32,209] multiqc                                            [DEBUG  ]  No samples found: gatk
[2022-08-05 11:05:32,216] multiqc                                            [DEBUG  ]  No samples found: htseq
[2022-08-05 11:05:32,224] multiqc                                            [DEBUG  ]  No samples found: bcftools
[2022-08-05 11:05:32,232] multiqc                                            [DEBUG  ]  No samples found: featureCounts
[2022-08-05 11:05:32,242] multiqc                                            [DEBUG  ]  No samples found: fgbio
[2022-08-05 11:05:32,267] multiqc                                            [DEBUG  ]  No samples found: dragen
[2022-08-05 11:05:32,273] multiqc                                            [DEBUG  ]  No samples found: dedup
[2022-08-05 11:05:32,280] multiqc                                            [DEBUG  ]  No samples found: damageprofiler
[2022-08-05 11:05:32,337] multiqc                                            [DEBUG  ]  No samples found: biobambam2
[2022-08-05 11:05:32,344] multiqc                                            [DEBUG  ]  No samples found: jcvi
[2022-08-05 11:05:32,351] multiqc                                            [DEBUG  ]  No samples found: mtnucratio
[2022-08-05 11:05:32,353] multiqc                                            [DEBUG  ]  No samples found: picard
[2022-08-05 11:05:32,591] multiqc                                            [DEBUG  ]  No samples found: vep
[2022-08-05 11:05:32,882] multiqc                                            [DEBUG  ]  No samples found: sentieon
[2022-08-05 11:05:32,891] multiqc                                            [DEBUG  ]  No samples found: prokka
[2022-08-05 11:05:32,902] multiqc                                            [DEBUG  ]  No samples found: qc3C
[2022-08-05 11:05:32,911] multiqc                                            [DEBUG  ]  No samples found: nanostat
[2022-08-05 11:05:32,922] multiqc                                            [DEBUG  ]  No samples found: samblaster
[2022-08-05 11:05:33,222] multiqc                                            [DEBUG  ]  No samples found: samtools
[2022-08-05 11:05:33,230] multiqc                                            [DEBUG  ]  No samples found: sexdeterrmine
[2022-08-05 11:05:33,238] multiqc                                            [DEBUG  ]  No samples found: eigenstratdatabasetools
[2022-08-05 11:05:33,480] multiqc                                            [DEBUG  ]  No samples found: bamtools
[2022-08-05 11:05:33,489] multiqc                                            [DEBUG  ]  No samples found: jellyfish
[2022-08-05 11:05:33,504] multiqc                                            [DEBUG  ]  No samples found: vcftools
[2022-08-05 11:05:33,513] multiqc                                            [DEBUG  ]  No samples found: longranger
[2022-08-05 11:05:33,521] multiqc                                            [DEBUG  ]  No samples found: stacks
[2022-08-05 11:05:33,531] multiqc                                            [DEBUG  ]  No samples found: varscan2
[2022-08-05 11:05:33,539] multiqc                                            [DEBUG  ]  No samples found: snippy
[2022-08-05 11:05:34,720] multiqc                                            [DEBUG  ]  No samples found: bbmap
[2022-08-05 11:05:34,729] multiqc                                            [DEBUG  ]  No samples found: bismark
[2022-08-05 11:05:34,739] multiqc                                            [DEBUG  ]  No samples found: biscuit
[2022-08-05 11:05:34,748] multiqc                                            [DEBUG  ]  No samples found: hicexplorer
[2022-08-05 11:05:35,030] multiqc                                            [DEBUG  ]  No samples found: hicup
[2022-08-05 11:05:35,039] multiqc                                            [DEBUG  ]  No samples found: hicpro
[2022-08-05 11:05:35,046] multiqc                                            [DEBUG  ]  No samples found: salmon
[2022-08-05 11:05:35,282] multiqc                                            [DEBUG  ]  No samples found: kallisto
[2022-08-05 11:05:35,290] multiqc                                            [DEBUG  ]  No samples found: slamdunk
[2022-08-05 11:05:35,298] multiqc                                            [DEBUG  ]  No samples found: star
[2022-08-05 11:05:35,305] multiqc                                            [DEBUG  ]  No samples found: hisat2
[2022-08-05 11:05:35,311] multiqc                                            [DEBUG  ]  No samples found: tophat
[2022-08-05 11:05:35,319] multiqc                                            [DEBUG  ]  No samples found: bowtie2
[2022-08-05 11:05:35,326] multiqc                                            [DEBUG  ]  No samples found: bowtie1
[2022-08-05 11:05:35,333] multiqc                                            [DEBUG  ]  No samples found: snpsplit
[2022-08-05 11:05:35,571] multiqc                                            [DEBUG  ]  No samples found: odgi
[2022-08-05 11:05:35,577] multiqc                                            [DEBUG  ]  No samples found: pangolin
[2022-08-05 11:05:35,584] multiqc                                            [DEBUG  ]  No samples found: kat
[2022-08-05 11:05:35,821] multiqc                                            [DEBUG  ]  No samples found: leehom
[2022-08-05 11:05:35,828] multiqc                                            [DEBUG  ]  No samples found: adapterRemoval
[2022-08-05 11:05:35,834] multiqc                                            [DEBUG  ]  No samples found: clipandmerge
[2022-08-05 11:05:35,842] multiqc                                            [DEBUG  ]  No samples found: cutadapt
[2022-08-05 11:05:35,848] multiqc                                            [DEBUG  ]  No samples found: flexbar
[2022-08-05 11:05:35,855] multiqc                                            [DEBUG  ]  No samples found: kaiju
[2022-08-05 11:05:35,863] multiqc                                            [DEBUG  ]  No samples found: kraken
[2022-08-05 11:05:35,870] multiqc                                            [DEBUG  ]  No samples found: malt
[2022-08-05 11:05:35,877] multiqc                                            [DEBUG  ]  No samples found: trimmomatic
[2022-08-05 11:05:35,888] multiqc                                            [DEBUG  ]  No samples found: sickle
[2022-08-05 11:05:36,633] multiqc                                            [DEBUG  ]  No samples found: skewer
[2022-08-05 11:05:36,642] multiqc                                            [DEBUG  ]  No samples found: sortmerna
[2022-08-05 11:05:36,650] multiqc                                            [DEBUG  ]  No samples found: biobloomtools
[2022-08-05 11:05:36,659] multiqc                                            [DEBUG  ]  No samples found: fastq_screen
[2022-08-05 11:05:36,667] multiqc                                            [DEBUG  ]  No samples found: afterqc
[2022-08-05 11:05:36,676] multiqc                                            [DEBUG  ]  No samples found: fastp
[2022-08-05 11:05:37,300] multiqc.modules.fastqc.fastqc                      [INFO   ]  Found 4 reports
[2022-08-05 11:05:37,629] multiqc                                            [DEBUG  ]  No samples found: pychopper
[2022-08-05 11:05:37,638] multiqc                                            [DEBUG  ]  No samples found: pycoqc
[2022-08-05 11:05:37,646] multiqc                                            [DEBUG  ]  No samples found: minionqc
[2022-08-05 11:05:37,654] multiqc                                            [DEBUG  ]  No samples found: multivcfanalyzer
[2022-08-05 11:05:37,893] multiqc                                            [DEBUG  ]  No samples found: clusterflow
[2022-08-05 11:05:37,903] multiqc                                            [DEBUG  ]  No samples found: bcl2fastq
[2022-08-05 11:05:38,604] multiqc                                            [DEBUG  ]  No samples found: bclconvert
[2022-08-05 11:05:38,613] multiqc                                            [DEBUG  ]  No samples found: interop
[2022-08-05 11:05:38,620] multiqc                                            [DEBUG  ]  No samples found: ivar
[2022-08-05 11:05:38,629] multiqc                                            [DEBUG  ]  No samples found: flash
[2022-08-05 11:05:38,638] multiqc                                            [DEBUG  ]  No samples found: seqyclean
[2022-08-05 11:05:38,647] multiqc                                            [DEBUG  ]  No samples found: optitype
[2022-08-05 11:05:38,651] multiqc                                            [INFO   ]  Compressing plot data
[2022-08-05 11:05:38,714] multiqc                                            [INFO   ]  Report      : 12487_MGSD_CSIRO.qc.stats/multiqc_report.html
[2022-08-05 11:05:38,714] multiqc                                            [INFO   ]  Data        : 12487_MGSD_CSIRO.qc.stats/multiqc_data
[2022-08-05 11:05:38,715] multiqc                                            [DEBUG  ]  Moving data file from '/tmp/smi9a9.8585491/tmpgzpg5vub/multiqc_data' to '12487_MGSD_CSIRO.qc.stats/multiqc_data'
[2022-08-05 11:05:39,592] multiqc                                            [INFO   ]  MultiQC complete
