[2022-08-05 11:12:56,289] multiqc                                            [DEBUG  ]  This is MultiQC v1.11
[2022-08-05 11:12:56,289] multiqc                                            [DEBUG  ]  No MultiQC config found: /apps/multiqc/1.11/lib/python3.9/site-packages/multiqc_config.yaml
[2022-08-05 11:12:56,289] multiqc                                            [DEBUG  ]  No MultiQC config found: /home/smi9a9/.multiqc_config.yaml
[2022-08-05 11:13:06,398] multiqc                                            [DEBUG  ]  No MultiQC config found: multiqc_config.yaml
[2022-08-05 11:13:06,398] multiqc                                            [DEBUG  ]  Command used: /apps/multiqc/1.11/bin/multiqc ./9486_HCWFWBCXX-1_merged_fastqc.html ./9486_HCWFWBCXX-1_merged_fastqc.zip ./9486_HCWFWBCXX-1_merged.fastq.gz ./9486_HCWFWBCXX-1_R1p_fastqc.html ./9486_HCWFWBCXX-1_R1p_fastqc.zip ./9486_HCWFWBCXX-1_R1p.fastq.gz ./9486_HCWFWBCXX-1_R1R2u_fastqc.html ./9486_HCWFWBCXX-1_R1R2u_fastqc.zip ./9486_HCWFWBCXX-1_R1R2u.fastq.gz ./9486_HCWFWBCXX-1_R2p_fastqc.html ./9486_HCWFWBCXX-1_R2p_fastqc.zip ./9486_HCWFWBCXX-1_R2p.fastq.gz ./9486_QCreads.md5 -o 9486_MGSD_CSIRO.qc.stats
[2022-08-05 11:13:06,402] multiqc                                            [DEBUG  ]  Could not connect to multiqc.info for version check: <urlopen error [Errno 111] Connection refused>
[2022-08-05 11:13:06,402] multiqc                                            [DEBUG  ]  Command     : /apps/multiqc/1.11/bin/multiqc ./9486_HCWFWBCXX-1_merged_fastqc.html ./9486_HCWFWBCXX-1_merged_fastqc.zip ./9486_HCWFWBCXX-1_merged.fastq.gz ./9486_HCWFWBCXX-1_R1p_fastqc.html ./9486_HCWFWBCXX-1_R1p_fastqc.zip ./9486_HCWFWBCXX-1_R1p.fastq.gz ./9486_HCWFWBCXX-1_R1R2u_fastqc.html ./9486_HCWFWBCXX-1_R1R2u_fastqc.zip ./9486_HCWFWBCXX-1_R1R2u.fastq.gz ./9486_HCWFWBCXX-1_R2p_fastqc.html ./9486_HCWFWBCXX-1_R2p_fastqc.zip ./9486_HCWFWBCXX-1_R2p.fastq.gz ./9486_QCreads.md5 -o 9486_MGSD_CSIRO.qc.stats
[2022-08-05 11:13:06,402] multiqc                                            [DEBUG  ]  Working dir : /datasets/work/oa-amd/work/amd/Metagenome_QC_reads
[2022-08-05 11:13:06,402] multiqc                                            [DEBUG  ]  Template    : default
[2022-08-05 11:13:06,402] multiqc                                            [DEBUG  ]  Running Python 3.9.4 (default, Apr 25 2021, 16:13:27)  [GCC 10.3.0]
[2022-08-05 11:13:06,402] multiqc                                            [DEBUG  ]  Analysing modules: custom_content, ccs, ngsderive, purple, conpair, lima, peddy, somalier, methylQA, mosdepth, phantompeakqualtools, qualimap, preseq, quast, qorts, rna_seqc, rockhopper, rsem, rseqc, busco, bustools, goleft_indexcov, gffcompare, disambiguate, supernova, deeptools, sargasso, verifybamid, mirtrace, happy, mirtop, sambamba, homer, hops, macs2, theta2, snpeff, gatk, htseq, bcftools, featureCounts, fgbio, dragen, dedup, damageprofiler, biobambam2, jcvi, mtnucratio, picard, vep, sentieon, prokka, qc3C, nanostat, samblaster, samtools, sexdeterrmine, eigenstratdatabasetools, bamtools, jellyfish, vcftools, longranger, stacks, varscan2, snippy, bbmap, bismark, biscuit, hicexplorer, hicup, hicpro, salmon, kallisto, slamdunk, star, hisat2, tophat, bowtie2, bowtie1, snpsplit, odgi, pangolin, kat, leehom, adapterRemoval, clipandmerge, cutadapt, flexbar, kaiju, kraken, malt, trimmomatic, sickle, skewer, sortmerna, biobloomtools, fastq_screen, afterqc, fastp, fastqc, pychopper, pycoqc, minionqc, multivcfanalyzer, clusterflow, bcl2fastq, bclconvert, interop, ivar, flash, seqyclean, optitype
[2022-08-05 11:13:06,402] multiqc                                            [DEBUG  ]  Using temporary directory for creating report: /tmp/smi9a9.8585932/tmpqnz8n_rv
[2022-08-05 11:13:06,466] multiqc                                            [INFO   ]  Search path : /datasets/work/oa-amd/work/amd/Metagenome_QC_reads/9486_HCWFWBCXX-1_merged_fastqc.html
[2022-08-05 11:13:06,466] multiqc                                            [INFO   ]  Search path : /datasets/work/oa-amd/work/amd/Metagenome_QC_reads/9486_HCWFWBCXX-1_merged_fastqc.zip
[2022-08-05 11:13:06,466] multiqc                                            [INFO   ]  Search path : /datasets/work/oa-amd/work/amd/Metagenome_QC_reads/9486_HCWFWBCXX-1_merged.fastq.gz
[2022-08-05 11:13:06,466] multiqc                                            [INFO   ]  Search path : /datasets/work/oa-amd/work/amd/Metagenome_QC_reads/9486_HCWFWBCXX-1_R1p_fastqc.html
[2022-08-05 11:13:06,466] multiqc                                            [INFO   ]  Search path : /datasets/work/oa-amd/work/amd/Metagenome_QC_reads/9486_HCWFWBCXX-1_R1p_fastqc.zip
[2022-08-05 11:13:06,466] multiqc                                            [INFO   ]  Search path : /datasets/work/oa-amd/work/amd/Metagenome_QC_reads/9486_HCWFWBCXX-1_R1p.fastq.gz
[2022-08-05 11:13:06,466] multiqc                                            [INFO   ]  Search path : /datasets/work/oa-amd/work/amd/Metagenome_QC_reads/9486_HCWFWBCXX-1_R1R2u_fastqc.html
[2022-08-05 11:13:06,466] multiqc                                            [INFO   ]  Search path : /datasets/work/oa-amd/work/amd/Metagenome_QC_reads/9486_HCWFWBCXX-1_R1R2u_fastqc.zip
[2022-08-05 11:13:06,466] multiqc                                            [INFO   ]  Search path : /datasets/work/oa-amd/work/amd/Metagenome_QC_reads/9486_HCWFWBCXX-1_R1R2u.fastq.gz
[2022-08-05 11:13:06,466] multiqc                                            [INFO   ]  Search path : /datasets/work/oa-amd/work/amd/Metagenome_QC_reads/9486_HCWFWBCXX-1_R2p_fastqc.html
[2022-08-05 11:13:06,466] multiqc                                            [INFO   ]  Search path : /datasets/work/oa-amd/work/amd/Metagenome_QC_reads/9486_HCWFWBCXX-1_R2p_fastqc.zip
[2022-08-05 11:13:06,466] multiqc                                            [INFO   ]  Search path : /datasets/work/oa-amd/work/amd/Metagenome_QC_reads/9486_HCWFWBCXX-1_R2p.fastq.gz
[2022-08-05 11:13:06,466] multiqc                                            [INFO   ]  Search path : /datasets/work/oa-amd/work/amd/Metagenome_QC_reads/9486_QCreads.md5
[2022-08-05 11:13:07,753] multiqc                                            [DEBUG  ]  File ignored by ccs/v4 because it exceeded search pattern filesize limit: 9486_HCWFWBCXX-1_merged_fastqc.html
[2022-08-05 11:13:07,763] multiqc                                            [DEBUG  ]  File ignored by hicexplorer because it exceeded search pattern filesize limit: 9486_HCWFWBCXX-1_merged_fastqc.html
[2022-08-05 11:13:07,764] multiqc                                            [DEBUG  ]  File ignored by nanostat because it exceeded search pattern filesize limit: 9486_HCWFWBCXX-1_merged_fastqc.html
[2022-08-05 11:13:07,764] multiqc                                            [DEBUG  ]  File ignored by lima/summary because it exceeded search pattern filesize limit: 9486_HCWFWBCXX-1_merged_fastqc.html
[2022-08-05 11:13:07,790] multiqc                                            [DEBUG  ]  File ignored by vep/vep_txt because it exceeded search pattern filesize limit: 9486_HCWFWBCXX-1_merged_fastqc.html
[2022-08-05 11:13:07,790] multiqc                                            [DEBUG  ]  File ignored by longranger/invocation because it exceeded search pattern filesize limit: 9486_HCWFWBCXX-1_merged_fastqc.html
[2022-08-05 11:13:07,790] multiqc                                            [DEBUG  ]  File ignored by rockhopper because it exceeded search pattern filesize limit: 9486_HCWFWBCXX-1_merged_fastqc.html
[2022-08-05 11:13:07,790] multiqc                                            [DEBUG  ]  File ignored by rseqc/bam_stat because it exceeded search pattern filesize limit: 9486_HCWFWBCXX-1_merged_fastqc.html
[2022-08-05 11:13:07,790] multiqc                                            [DEBUG  ]  File ignored by rseqc/junction_annotation because it exceeded search pattern filesize limit: 9486_HCWFWBCXX-1_merged_fastqc.html
[2022-08-05 11:13:07,790] multiqc                                            [DEBUG  ]  File ignored by rseqc/read_distribution because it exceeded search pattern filesize limit: 9486_HCWFWBCXX-1_merged_fastqc.html
[2022-08-05 11:13:07,790] multiqc                                            [DEBUG  ]  File ignored by rseqc/infer_experiment because it exceeded search pattern filesize limit: 9486_HCWFWBCXX-1_merged_fastqc.html
[2022-08-05 11:13:07,898] multiqc                                            [DEBUG  ]  Ignoring file as matched an ignore pattern: 9486_HCWFWBCXX-1_merged.fastq.gz
[2022-08-05 11:13:07,981] multiqc                                            [DEBUG  ]  File ignored by ccs/v4 because it exceeded search pattern filesize limit: 9486_HCWFWBCXX-1_R1p_fastqc.html
[2022-08-05 11:13:08,000] multiqc                                            [DEBUG  ]  File ignored by hicexplorer because it exceeded search pattern filesize limit: 9486_HCWFWBCXX-1_R1p_fastqc.html
[2022-08-05 11:13:08,001] multiqc                                            [DEBUG  ]  File ignored by nanostat because it exceeded search pattern filesize limit: 9486_HCWFWBCXX-1_R1p_fastqc.html
[2022-08-05 11:13:08,001] multiqc                                            [DEBUG  ]  File ignored by lima/summary because it exceeded search pattern filesize limit: 9486_HCWFWBCXX-1_R1p_fastqc.html
[2022-08-05 11:13:08,040] multiqc                                            [DEBUG  ]  File ignored by vep/vep_txt because it exceeded search pattern filesize limit: 9486_HCWFWBCXX-1_R1p_fastqc.html
[2022-08-05 11:13:08,040] multiqc                                            [DEBUG  ]  File ignored by longranger/invocation because it exceeded search pattern filesize limit: 9486_HCWFWBCXX-1_R1p_fastqc.html
[2022-08-05 11:13:08,040] multiqc                                            [DEBUG  ]  File ignored by rockhopper because it exceeded search pattern filesize limit: 9486_HCWFWBCXX-1_R1p_fastqc.html
[2022-08-05 11:13:08,040] multiqc                                            [DEBUG  ]  File ignored by rseqc/bam_stat because it exceeded search pattern filesize limit: 9486_HCWFWBCXX-1_R1p_fastqc.html
[2022-08-05 11:13:08,040] multiqc                                            [DEBUG  ]  File ignored by rseqc/junction_annotation because it exceeded search pattern filesize limit: 9486_HCWFWBCXX-1_R1p_fastqc.html
[2022-08-05 11:13:08,040] multiqc                                            [DEBUG  ]  File ignored by rseqc/read_distribution because it exceeded search pattern filesize limit: 9486_HCWFWBCXX-1_R1p_fastqc.html
[2022-08-05 11:13:08,040] multiqc                                            [DEBUG  ]  File ignored by rseqc/infer_experiment because it exceeded search pattern filesize limit: 9486_HCWFWBCXX-1_R1p_fastqc.html
[2022-08-05 11:13:08,176] multiqc                                            [DEBUG  ]  Ignoring file as matched an ignore pattern: 9486_HCWFWBCXX-1_R1p.fastq.gz
[2022-08-05 11:13:08,330] multiqc                                            [DEBUG  ]  File ignored by ccs/v4 because it exceeded search pattern filesize limit: 9486_HCWFWBCXX-1_R1R2u_fastqc.html
[2022-08-05 11:13:08,339] multiqc                                            [DEBUG  ]  File ignored by hicexplorer because it exceeded search pattern filesize limit: 9486_HCWFWBCXX-1_R1R2u_fastqc.html
[2022-08-05 11:13:08,340] multiqc                                            [DEBUG  ]  File ignored by nanostat because it exceeded search pattern filesize limit: 9486_HCWFWBCXX-1_R1R2u_fastqc.html
[2022-08-05 11:13:08,340] multiqc                                            [DEBUG  ]  File ignored by lima/summary because it exceeded search pattern filesize limit: 9486_HCWFWBCXX-1_R1R2u_fastqc.html
[2022-08-05 11:13:08,363] multiqc                                            [DEBUG  ]  File ignored by vep/vep_txt because it exceeded search pattern filesize limit: 9486_HCWFWBCXX-1_R1R2u_fastqc.html
[2022-08-05 11:13:08,363] multiqc                                            [DEBUG  ]  File ignored by longranger/invocation because it exceeded search pattern filesize limit: 9486_HCWFWBCXX-1_R1R2u_fastqc.html
[2022-08-05 11:13:08,587] multiqc                                            [DEBUG  ]  Ignoring file as matched an ignore pattern: 9486_HCWFWBCXX-1_R1R2u.fastq.gz
[2022-08-05 11:13:08,653] multiqc                                            [DEBUG  ]  File ignored by ccs/v4 because it exceeded search pattern filesize limit: 9486_HCWFWBCXX-1_R2p_fastqc.html
[2022-08-05 11:13:08,666] multiqc                                            [DEBUG  ]  File ignored by hicexplorer because it exceeded search pattern filesize limit: 9486_HCWFWBCXX-1_R2p_fastqc.html
[2022-08-05 11:13:08,667] multiqc                                            [DEBUG  ]  File ignored by nanostat because it exceeded search pattern filesize limit: 9486_HCWFWBCXX-1_R2p_fastqc.html
[2022-08-05 11:13:08,667] multiqc                                            [DEBUG  ]  File ignored by lima/summary because it exceeded search pattern filesize limit: 9486_HCWFWBCXX-1_R2p_fastqc.html
[2022-08-05 11:13:08,944] multiqc                                            [DEBUG  ]  File ignored by vep/vep_txt because it exceeded search pattern filesize limit: 9486_HCWFWBCXX-1_R2p_fastqc.html
[2022-08-05 11:13:08,944] multiqc                                            [DEBUG  ]  File ignored by longranger/invocation because it exceeded search pattern filesize limit: 9486_HCWFWBCXX-1_R2p_fastqc.html
[2022-08-05 11:13:08,944] multiqc                                            [DEBUG  ]  File ignored by rockhopper because it exceeded search pattern filesize limit: 9486_HCWFWBCXX-1_R2p_fastqc.html
[2022-08-05 11:13:08,944] multiqc                                            [DEBUG  ]  File ignored by rseqc/bam_stat because it exceeded search pattern filesize limit: 9486_HCWFWBCXX-1_R2p_fastqc.html
[2022-08-05 11:13:08,944] multiqc                                            [DEBUG  ]  File ignored by rseqc/junction_annotation because it exceeded search pattern filesize limit: 9486_HCWFWBCXX-1_R2p_fastqc.html
[2022-08-05 11:13:08,944] multiqc                                            [DEBUG  ]  File ignored by rseqc/read_distribution because it exceeded search pattern filesize limit: 9486_HCWFWBCXX-1_R2p_fastqc.html
[2022-08-05 11:13:08,944] multiqc                                            [DEBUG  ]  File ignored by rseqc/infer_experiment because it exceeded search pattern filesize limit: 9486_HCWFWBCXX-1_R2p_fastqc.html
[2022-08-05 11:13:09,031] multiqc                                            [DEBUG  ]  Ignoring file as matched an ignore pattern: 9486_HCWFWBCXX-1_R2p.fastq.gz
[2022-08-05 11:13:09,033] multiqc                                            [DEBUG  ]  Ignoring file as matched an ignore pattern: 9486_QCreads.md5
[2022-08-05 11:13:17,987] multiqc.plots.bargraph                             [DEBUG  ]  Using matplotlib version 3.3.4
[2022-08-05 11:13:17,991] multiqc.plots.linegraph                            [DEBUG  ]  Using matplotlib version 3.3.4
[2022-08-05 11:13:17,994] multiqc                                            [DEBUG  ]  No samples found: custom_content
[2022-08-05 11:13:18,000] multiqc                                            [DEBUG  ]  No samples found: ccs
[2022-08-05 11:13:18,005] multiqc                                            [DEBUG  ]  No samples found: ngsderive
[2022-08-05 11:13:18,010] multiqc                                            [DEBUG  ]  No samples found: purple
[2022-08-05 11:13:18,014] multiqc                                            [DEBUG  ]  No samples found: conpair
[2022-08-05 11:13:18,020] multiqc                                            [DEBUG  ]  No samples found: lima
[2022-08-05 11:13:18,256] multiqc                                            [DEBUG  ]  No samples found: peddy
[2022-08-05 11:13:18,262] multiqc                                            [DEBUG  ]  No samples found: somalier
[2022-08-05 11:13:18,267] multiqc                                            [DEBUG  ]  No samples found: methylQA
[2022-08-05 11:13:18,277] multiqc.modules.mosdepth.mosdepth                  [DEBUG  ]  include_contigs: []
[2022-08-05 11:13:18,277] multiqc.modules.mosdepth.mosdepth                  [DEBUG  ]  exclude_contigs: []
[2022-08-05 11:13:18,277] multiqc                                            [DEBUG  ]  No samples found: mosdepth
[2022-08-05 11:13:18,281] multiqc                                            [DEBUG  ]  No samples found: phantompeakqualtools
[2022-08-05 11:13:18,285] multiqc                                            [DEBUG  ]  No samples found: qualimap
[2022-08-05 11:13:18,291] multiqc                                            [DEBUG  ]  No samples found: preseq
[2022-08-05 11:13:18,297] multiqc                                            [DEBUG  ]  No samples found: quast
[2022-08-05 11:13:18,302] multiqc                                            [DEBUG  ]  No samples found: qorts
[2022-08-05 11:13:18,307] multiqc                                            [DEBUG  ]  No samples found: rna_seqc
[2022-08-05 11:13:18,312] multiqc                                            [DEBUG  ]  No samples found: rockhopper
[2022-08-05 11:13:18,317] multiqc                                            [DEBUG  ]  No samples found: rsem
[2022-08-05 11:13:18,332] multiqc                                            [DEBUG  ]  No samples found: rseqc
[2022-08-05 11:13:18,566] multiqc                                            [DEBUG  ]  No samples found: busco
[2022-08-05 11:13:18,572] multiqc                                            [DEBUG  ]  No samples found: bustools
[2022-08-05 11:13:18,577] multiqc                                            [DEBUG  ]  No samples found: goleft_indexcov
[2022-08-05 11:13:18,583] multiqc                                            [DEBUG  ]  No samples found: gffcompare
[2022-08-05 11:13:18,587] multiqc                                            [DEBUG  ]  No samples found: disambiguate
[2022-08-05 11:13:18,593] multiqc                                            [DEBUG  ]  No samples found: supernova
[2022-08-05 11:13:18,609] multiqc                                            [DEBUG  ]  No samples found: deeptools
[2022-08-05 11:13:18,614] multiqc                                            [DEBUG  ]  No samples found: sargasso
[2022-08-05 11:13:18,619] multiqc                                            [DEBUG  ]  No samples found: verifybamid
[2022-08-05 11:13:18,624] multiqc                                            [DEBUG  ]  No samples found: mirtrace
[2022-08-05 11:13:18,629] multiqc                                            [DEBUG  ]  No samples found: happy
[2022-08-05 11:13:18,634] multiqc                                            [DEBUG  ]  No samples found: mirtop
[2022-08-05 11:13:18,639] multiqc                                            [DEBUG  ]  No samples found: sambamba
[2022-08-05 11:13:18,647] multiqc                                            [DEBUG  ]  No samples found: homer
[2022-08-05 11:13:18,652] multiqc                                            [DEBUG  ]  No samples found: hops
[2022-08-05 11:13:18,657] multiqc                                            [DEBUG  ]  No samples found: macs2
[2022-08-05 11:13:18,661] multiqc                                            [DEBUG  ]  No samples found: theta2
[2022-08-05 11:13:18,666] multiqc                                            [DEBUG  ]  No samples found: snpeff
[2022-08-05 11:13:18,674] multiqc                                            [DEBUG  ]  No samples found: gatk
[2022-08-05 11:13:18,679] multiqc                                            [DEBUG  ]  No samples found: htseq
[2022-08-05 11:13:18,685] multiqc                                            [DEBUG  ]  No samples found: bcftools
[2022-08-05 11:13:18,689] multiqc                                            [DEBUG  ]  No samples found: featureCounts
[2022-08-05 11:13:18,697] multiqc                                            [DEBUG  ]  No samples found: fgbio
[2022-08-05 11:13:18,715] multiqc                                            [DEBUG  ]  No samples found: dragen
[2022-08-05 11:13:18,720] multiqc                                            [DEBUG  ]  No samples found: dedup
[2022-08-05 11:13:18,725] multiqc                                            [DEBUG  ]  No samples found: damageprofiler
[2022-08-05 11:13:18,768] multiqc                                            [DEBUG  ]  No samples found: biobambam2
[2022-08-05 11:13:18,774] multiqc                                            [DEBUG  ]  No samples found: jcvi
[2022-08-05 11:13:18,779] multiqc                                            [DEBUG  ]  No samples found: mtnucratio
[2022-08-05 11:13:18,781] multiqc                                            [DEBUG  ]  No samples found: picard
[2022-08-05 11:13:18,787] multiqc                                            [DEBUG  ]  No samples found: vep
[2022-08-05 11:13:18,797] multiqc                                            [DEBUG  ]  No samples found: sentieon
[2022-08-05 11:13:18,802] multiqc                                            [DEBUG  ]  No samples found: prokka
[2022-08-05 11:13:18,809] multiqc                                            [DEBUG  ]  No samples found: qc3C
[2022-08-05 11:13:18,815] multiqc                                            [DEBUG  ]  No samples found: nanostat
[2022-08-05 11:13:18,820] multiqc                                            [DEBUG  ]  No samples found: samblaster
[2022-08-05 11:13:18,830] multiqc                                            [DEBUG  ]  No samples found: samtools
[2022-08-05 11:13:18,835] multiqc                                            [DEBUG  ]  No samples found: sexdeterrmine
[2022-08-05 11:13:18,840] multiqc                                            [DEBUG  ]  No samples found: eigenstratdatabasetools
[2022-08-05 11:13:18,846] multiqc                                            [DEBUG  ]  No samples found: bamtools
[2022-08-05 11:13:18,851] multiqc                                            [DEBUG  ]  No samples found: jellyfish
[2022-08-05 11:13:18,859] multiqc                                            [DEBUG  ]  No samples found: vcftools
[2022-08-05 11:13:18,865] multiqc                                            [DEBUG  ]  No samples found: longranger
[2022-08-05 11:13:18,871] multiqc                                            [DEBUG  ]  No samples found: stacks
[2022-08-05 11:13:18,876] multiqc                                            [DEBUG  ]  No samples found: varscan2
[2022-08-05 11:13:19,114] multiqc                                            [DEBUG  ]  No samples found: snippy
[2022-08-05 11:13:19,148] multiqc                                            [DEBUG  ]  No samples found: bbmap
[2022-08-05 11:13:19,155] multiqc                                            [DEBUG  ]  No samples found: bismark
[2022-08-05 11:13:19,166] multiqc                                            [DEBUG  ]  No samples found: biscuit
[2022-08-05 11:13:19,171] multiqc                                            [DEBUG  ]  No samples found: hicexplorer
[2022-08-05 11:13:19,177] multiqc                                            [DEBUG  ]  No samples found: hicup
[2022-08-05 11:13:19,183] multiqc                                            [DEBUG  ]  No samples found: hicpro
[2022-08-05 11:13:19,187] multiqc                                            [DEBUG  ]  No samples found: salmon
[2022-08-05 11:13:19,194] multiqc                                            [DEBUG  ]  No samples found: kallisto
[2022-08-05 11:13:19,202] multiqc                                            [DEBUG  ]  No samples found: slamdunk
[2022-08-05 11:13:19,207] multiqc                                            [DEBUG  ]  No samples found: star
[2022-08-05 11:13:19,213] multiqc                                            [DEBUG  ]  No samples found: hisat2
[2022-08-05 11:13:19,218] multiqc                                            [DEBUG  ]  No samples found: tophat
[2022-08-05 11:13:19,223] multiqc                                            [DEBUG  ]  No samples found: bowtie2
[2022-08-05 11:13:19,228] multiqc                                            [DEBUG  ]  No samples found: bowtie1
[2022-08-05 11:13:19,234] multiqc                                            [DEBUG  ]  No samples found: snpsplit
[2022-08-05 11:13:19,239] multiqc                                            [DEBUG  ]  No samples found: odgi
[2022-08-05 11:13:19,247] multiqc                                            [DEBUG  ]  No samples found: pangolin
[2022-08-05 11:13:19,252] multiqc                                            [DEBUG  ]  No samples found: kat
[2022-08-05 11:13:19,258] multiqc                                            [DEBUG  ]  No samples found: leehom
[2022-08-05 11:13:19,263] multiqc                                            [DEBUG  ]  No samples found: adapterRemoval
[2022-08-05 11:13:19,268] multiqc                                            [DEBUG  ]  No samples found: clipandmerge
[2022-08-05 11:13:19,275] multiqc                                            [DEBUG  ]  No samples found: cutadapt
[2022-08-05 11:13:19,283] multiqc                                            [DEBUG  ]  No samples found: flexbar
[2022-08-05 11:13:19,291] multiqc                                            [DEBUG  ]  No samples found: kaiju
[2022-08-05 11:13:19,297] multiqc                                            [DEBUG  ]  No samples found: kraken
[2022-08-05 11:13:19,303] multiqc                                            [DEBUG  ]  No samples found: malt
[2022-08-05 11:13:19,308] multiqc                                            [DEBUG  ]  No samples found: trimmomatic
[2022-08-05 11:13:19,313] multiqc                                            [DEBUG  ]  No samples found: sickle
[2022-08-05 11:13:19,318] multiqc                                            [DEBUG  ]  No samples found: skewer
[2022-08-05 11:13:19,323] multiqc                                            [DEBUG  ]  No samples found: sortmerna
[2022-08-05 11:13:19,327] multiqc                                            [DEBUG  ]  No samples found: biobloomtools
[2022-08-05 11:13:19,333] multiqc                                            [DEBUG  ]  No samples found: fastq_screen
[2022-08-05 11:13:19,338] multiqc                                            [DEBUG  ]  No samples found: afterqc
[2022-08-05 11:13:19,344] multiqc                                            [DEBUG  ]  No samples found: fastp
[2022-08-05 11:13:19,506] multiqc.modules.fastqc.fastqc                      [INFO   ]  Found 4 reports
[2022-08-05 11:13:19,507] multiqc.modules.fastqc.fastqc                      [WARNING]  Sample had zero reads: '9486_HCWFWBCXX-1_R1R2u'
[2022-08-05 11:13:19,576] multiqc                                            [DEBUG  ]  No samples found: pychopper
[2022-08-05 11:13:19,582] multiqc                                            [DEBUG  ]  No samples found: pycoqc
[2022-08-05 11:13:19,819] multiqc                                            [DEBUG  ]  No samples found: minionqc
[2022-08-05 11:13:19,824] multiqc                                            [DEBUG  ]  No samples found: multivcfanalyzer
[2022-08-05 11:13:19,830] multiqc                                            [DEBUG  ]  No samples found: clusterflow
[2022-08-05 11:13:19,836] multiqc                                            [DEBUG  ]  No samples found: bcl2fastq
[2022-08-05 11:13:19,843] multiqc                                            [DEBUG  ]  No samples found: bclconvert
[2022-08-05 11:13:19,849] multiqc                                            [DEBUG  ]  No samples found: interop
[2022-08-05 11:13:19,854] multiqc                                            [DEBUG  ]  No samples found: ivar
[2022-08-05 11:13:19,860] multiqc                                            [DEBUG  ]  No samples found: flash
[2022-08-05 11:13:19,864] multiqc                                            [DEBUG  ]  No samples found: seqyclean
[2022-08-05 11:13:19,870] multiqc                                            [DEBUG  ]  No samples found: optitype
[2022-08-05 11:13:19,875] multiqc                                            [INFO   ]  Compressing plot data
[2022-08-05 11:13:23,193] multiqc                                            [INFO   ]  Report      : 9486_MGSD_CSIRO.qc.stats/multiqc_report.html
[2022-08-05 11:13:23,194] multiqc                                            [INFO   ]  Data        : 9486_MGSD_CSIRO.qc.stats/multiqc_data
[2022-08-05 11:13:23,194] multiqc                                            [DEBUG  ]  Moving data file from '/tmp/smi9a9.8585932/tmpqnz8n_rv/multiqc_data' to '9486_MGSD_CSIRO.qc.stats/multiqc_data'
[2022-08-05 11:13:23,415] multiqc                                            [INFO   ]  MultiQC complete
