[2022-08-05 11:10:37,257] multiqc                                            [DEBUG  ]  This is MultiQC v1.11
[2022-08-05 11:10:37,257] multiqc                                            [DEBUG  ]  No MultiQC config found: /apps/multiqc/1.11/lib/python3.9/site-packages/multiqc_config.yaml
[2022-08-05 11:10:37,257] multiqc                                            [DEBUG  ]  No MultiQC config found: /home/smi9a9/.multiqc_config.yaml
[2022-08-05 11:10:37,399] multiqc                                            [DEBUG  ]  No MultiQC config found: multiqc_config.yaml
[2022-08-05 11:10:37,399] multiqc                                            [DEBUG  ]  Command used: /apps/multiqc/1.11/bin/multiqc ./401548_HL7J5DSX3-1_merged_fastqc.html ./401548_HL7J5DSX3-1_merged_fastqc.zip ./401548_HL7J5DSX3-1_merged.fastq.gz ./401548_HL7J5DSX3-1_R1p_fastqc.html ./401548_HL7J5DSX3-1_R1p_fastqc.zip ./401548_HL7J5DSX3-1_R1p.fastq.gz ./401548_HL7J5DSX3-1_R1R2u_fastqc.html ./401548_HL7J5DSX3-1_R1R2u_fastqc.zip ./401548_HL7J5DSX3-1_R1R2u.fastq.gz ./401548_HL7J5DSX3-1_R2p_fastqc.html ./401548_HL7J5DSX3-1_R2p_fastqc.zip ./401548_HL7J5DSX3-1_R2p.fastq.gz ./401548_QCreads.md5 -o 401548_MGSD_CSIRO.qc.stats
[2022-08-05 11:10:37,402] multiqc                                            [DEBUG  ]  Could not connect to multiqc.info for version check: <urlopen error [Errno 111] Connection refused>
[2022-08-05 11:10:37,402] multiqc                                            [DEBUG  ]  Command     : /apps/multiqc/1.11/bin/multiqc ./401548_HL7J5DSX3-1_merged_fastqc.html ./401548_HL7J5DSX3-1_merged_fastqc.zip ./401548_HL7J5DSX3-1_merged.fastq.gz ./401548_HL7J5DSX3-1_R1p_fastqc.html ./401548_HL7J5DSX3-1_R1p_fastqc.zip ./401548_HL7J5DSX3-1_R1p.fastq.gz ./401548_HL7J5DSX3-1_R1R2u_fastqc.html ./401548_HL7J5DSX3-1_R1R2u_fastqc.zip ./401548_HL7J5DSX3-1_R1R2u.fastq.gz ./401548_HL7J5DSX3-1_R2p_fastqc.html ./401548_HL7J5DSX3-1_R2p_fastqc.zip ./401548_HL7J5DSX3-1_R2p.fastq.gz ./401548_QCreads.md5 -o 401548_MGSD_CSIRO.qc.stats
[2022-08-05 11:10:37,402] multiqc                                            [DEBUG  ]  Working dir : /datasets/work/oa-amd/work/amd/Metagenome_QC_reads
[2022-08-05 11:10:37,402] multiqc                                            [DEBUG  ]  Template    : default
[2022-08-05 11:10:37,402] multiqc                                            [DEBUG  ]  Running Python 3.9.4 (default, Apr 25 2021, 16:13:27)  [GCC 10.3.0]
[2022-08-05 11:10:37,403] multiqc                                            [DEBUG  ]  Analysing modules: custom_content, ccs, ngsderive, purple, conpair, lima, peddy, somalier, methylQA, mosdepth, phantompeakqualtools, qualimap, preseq, quast, qorts, rna_seqc, rockhopper, rsem, rseqc, busco, bustools, goleft_indexcov, gffcompare, disambiguate, supernova, deeptools, sargasso, verifybamid, mirtrace, happy, mirtop, sambamba, homer, hops, macs2, theta2, snpeff, gatk, htseq, bcftools, featureCounts, fgbio, dragen, dedup, damageprofiler, biobambam2, jcvi, mtnucratio, picard, vep, sentieon, prokka, qc3C, nanostat, samblaster, samtools, sexdeterrmine, eigenstratdatabasetools, bamtools, jellyfish, vcftools, longranger, stacks, varscan2, snippy, bbmap, bismark, biscuit, hicexplorer, hicup, hicpro, salmon, kallisto, slamdunk, star, hisat2, tophat, bowtie2, bowtie1, snpsplit, odgi, pangolin, kat, leehom, adapterRemoval, clipandmerge, cutadapt, flexbar, kaiju, kraken, malt, trimmomatic, sickle, skewer, sortmerna, biobloomtools, fastq_screen, afterqc, fastp, fastqc, pychopper, pycoqc, minionqc, multivcfanalyzer, clusterflow, bcl2fastq, bclconvert, interop, ivar, flash, seqyclean, optitype
[2022-08-05 11:10:37,403] multiqc                                            [DEBUG  ]  Using temporary directory for creating report: /tmp/smi9a9.8585375/tmpk63yyi8b
[2022-08-05 11:10:37,694] multiqc                                            [INFO   ]  Search path : /datasets/work/oa-amd/work/amd/Metagenome_QC_reads/401548_HL7J5DSX3-1_merged_fastqc.html
[2022-08-05 11:10:37,695] multiqc                                            [INFO   ]  Search path : /datasets/work/oa-amd/work/amd/Metagenome_QC_reads/401548_HL7J5DSX3-1_merged_fastqc.zip
[2022-08-05 11:10:37,695] multiqc                                            [INFO   ]  Search path : /datasets/work/oa-amd/work/amd/Metagenome_QC_reads/401548_HL7J5DSX3-1_merged.fastq.gz
[2022-08-05 11:10:37,695] multiqc                                            [INFO   ]  Search path : /datasets/work/oa-amd/work/amd/Metagenome_QC_reads/401548_HL7J5DSX3-1_R1p_fastqc.html
[2022-08-05 11:10:37,695] multiqc                                            [INFO   ]  Search path : /datasets/work/oa-amd/work/amd/Metagenome_QC_reads/401548_HL7J5DSX3-1_R1p_fastqc.zip
[2022-08-05 11:10:37,695] multiqc                                            [INFO   ]  Search path : /datasets/work/oa-amd/work/amd/Metagenome_QC_reads/401548_HL7J5DSX3-1_R1p.fastq.gz
[2022-08-05 11:10:37,695] multiqc                                            [INFO   ]  Search path : /datasets/work/oa-amd/work/amd/Metagenome_QC_reads/401548_HL7J5DSX3-1_R1R2u_fastqc.html
[2022-08-05 11:10:37,695] multiqc                                            [INFO   ]  Search path : /datasets/work/oa-amd/work/amd/Metagenome_QC_reads/401548_HL7J5DSX3-1_R1R2u_fastqc.zip
[2022-08-05 11:10:37,695] multiqc                                            [INFO   ]  Search path : /datasets/work/oa-amd/work/amd/Metagenome_QC_reads/401548_HL7J5DSX3-1_R1R2u.fastq.gz
[2022-08-05 11:10:37,695] multiqc                                            [INFO   ]  Search path : /datasets/work/oa-amd/work/amd/Metagenome_QC_reads/401548_HL7J5DSX3-1_R2p_fastqc.html
[2022-08-05 11:10:37,695] multiqc                                            [INFO   ]  Search path : /datasets/work/oa-amd/work/amd/Metagenome_QC_reads/401548_HL7J5DSX3-1_R2p_fastqc.zip
[2022-08-05 11:10:37,695] multiqc                                            [INFO   ]  Search path : /datasets/work/oa-amd/work/amd/Metagenome_QC_reads/401548_HL7J5DSX3-1_R2p.fastq.gz
[2022-08-05 11:10:37,695] multiqc                                            [INFO   ]  Search path : /datasets/work/oa-amd/work/amd/Metagenome_QC_reads/401548_QCreads.md5
[2022-08-05 11:10:37,760] multiqc                                            [DEBUG  ]  File ignored by ccs/v4 because it exceeded search pattern filesize limit: 401548_HL7J5DSX3-1_merged_fastqc.html
[2022-08-05 11:10:38,040] multiqc                                            [DEBUG  ]  File ignored by hicexplorer because it exceeded search pattern filesize limit: 401548_HL7J5DSX3-1_merged_fastqc.html
[2022-08-05 11:10:38,041] multiqc                                            [DEBUG  ]  File ignored by nanostat because it exceeded search pattern filesize limit: 401548_HL7J5DSX3-1_merged_fastqc.html
[2022-08-05 11:10:38,041] multiqc                                            [DEBUG  ]  File ignored by lima/summary because it exceeded search pattern filesize limit: 401548_HL7J5DSX3-1_merged_fastqc.html
[2022-08-05 11:10:38,398] multiqc                                            [DEBUG  ]  File ignored by vep/vep_txt because it exceeded search pattern filesize limit: 401548_HL7J5DSX3-1_merged_fastqc.html
[2022-08-05 11:10:38,399] multiqc                                            [DEBUG  ]  File ignored by longranger/invocation because it exceeded search pattern filesize limit: 401548_HL7J5DSX3-1_merged_fastqc.html
[2022-08-05 11:10:38,399] multiqc                                            [DEBUG  ]  File ignored by rockhopper because it exceeded search pattern filesize limit: 401548_HL7J5DSX3-1_merged_fastqc.html
[2022-08-05 11:10:38,399] multiqc                                            [DEBUG  ]  File ignored by rseqc/bam_stat because it exceeded search pattern filesize limit: 401548_HL7J5DSX3-1_merged_fastqc.html
[2022-08-05 11:10:38,399] multiqc                                            [DEBUG  ]  File ignored by rseqc/junction_annotation because it exceeded search pattern filesize limit: 401548_HL7J5DSX3-1_merged_fastqc.html
[2022-08-05 11:10:38,399] multiqc                                            [DEBUG  ]  File ignored by rseqc/read_distribution because it exceeded search pattern filesize limit: 401548_HL7J5DSX3-1_merged_fastqc.html
[2022-08-05 11:10:38,399] multiqc                                            [DEBUG  ]  File ignored by rseqc/infer_experiment because it exceeded search pattern filesize limit: 401548_HL7J5DSX3-1_merged_fastqc.html
[2022-08-05 11:10:38,768] multiqc                                            [DEBUG  ]  Ignoring file as matched an ignore pattern: 401548_HL7J5DSX3-1_merged.fastq.gz
[2022-08-05 11:10:38,799] multiqc                                            [DEBUG  ]  File ignored by ccs/v4 because it exceeded search pattern filesize limit: 401548_HL7J5DSX3-1_R1p_fastqc.html
[2022-08-05 11:10:39,278] multiqc                                            [DEBUG  ]  File ignored by hicexplorer because it exceeded search pattern filesize limit: 401548_HL7J5DSX3-1_R1p_fastqc.html
[2022-08-05 11:10:39,279] multiqc                                            [DEBUG  ]  File ignored by nanostat because it exceeded search pattern filesize limit: 401548_HL7J5DSX3-1_R1p_fastqc.html
[2022-08-05 11:10:39,279] multiqc                                            [DEBUG  ]  File ignored by lima/summary because it exceeded search pattern filesize limit: 401548_HL7J5DSX3-1_R1p_fastqc.html
[2022-08-05 11:10:39,296] multiqc                                            [DEBUG  ]  File ignored by vep/vep_txt because it exceeded search pattern filesize limit: 401548_HL7J5DSX3-1_R1p_fastqc.html
[2022-08-05 11:10:39,296] multiqc                                            [DEBUG  ]  File ignored by longranger/invocation because it exceeded search pattern filesize limit: 401548_HL7J5DSX3-1_R1p_fastqc.html
[2022-08-05 11:10:39,297] multiqc                                            [DEBUG  ]  File ignored by rockhopper because it exceeded search pattern filesize limit: 401548_HL7J5DSX3-1_R1p_fastqc.html
[2022-08-05 11:10:39,297] multiqc                                            [DEBUG  ]  File ignored by rseqc/bam_stat because it exceeded search pattern filesize limit: 401548_HL7J5DSX3-1_R1p_fastqc.html
[2022-08-05 11:10:39,297] multiqc                                            [DEBUG  ]  File ignored by rseqc/junction_annotation because it exceeded search pattern filesize limit: 401548_HL7J5DSX3-1_R1p_fastqc.html
[2022-08-05 11:10:39,297] multiqc                                            [DEBUG  ]  File ignored by rseqc/read_distribution because it exceeded search pattern filesize limit: 401548_HL7J5DSX3-1_R1p_fastqc.html
[2022-08-05 11:10:39,297] multiqc                                            [DEBUG  ]  File ignored by rseqc/infer_experiment because it exceeded search pattern filesize limit: 401548_HL7J5DSX3-1_R1p_fastqc.html
[2022-08-05 11:10:39,875] multiqc                                            [DEBUG  ]  Ignoring file as matched an ignore pattern: 401548_HL7J5DSX3-1_R1p.fastq.gz
[2022-08-05 11:10:40,276] multiqc                                            [DEBUG  ]  File ignored by ccs/v4 because it exceeded search pattern filesize limit: 401548_HL7J5DSX3-1_R1R2u_fastqc.html
[2022-08-05 11:10:40,286] multiqc                                            [DEBUG  ]  File ignored by hicexplorer because it exceeded search pattern filesize limit: 401548_HL7J5DSX3-1_R1R2u_fastqc.html
[2022-08-05 11:10:40,287] multiqc                                            [DEBUG  ]  File ignored by nanostat because it exceeded search pattern filesize limit: 401548_HL7J5DSX3-1_R1R2u_fastqc.html
[2022-08-05 11:10:40,287] multiqc                                            [DEBUG  ]  File ignored by lima/summary because it exceeded search pattern filesize limit: 401548_HL7J5DSX3-1_R1R2u_fastqc.html
[2022-08-05 11:10:40,303] multiqc                                            [DEBUG  ]  File ignored by vep/vep_txt because it exceeded search pattern filesize limit: 401548_HL7J5DSX3-1_R1R2u_fastqc.html
[2022-08-05 11:10:40,303] multiqc                                            [DEBUG  ]  File ignored by longranger/invocation because it exceeded search pattern filesize limit: 401548_HL7J5DSX3-1_R1R2u_fastqc.html
[2022-08-05 11:10:40,303] multiqc                                            [DEBUG  ]  File ignored by rockhopper because it exceeded search pattern filesize limit: 401548_HL7J5DSX3-1_R1R2u_fastqc.html
[2022-08-05 11:10:40,303] multiqc                                            [DEBUG  ]  File ignored by rseqc/bam_stat because it exceeded search pattern filesize limit: 401548_HL7J5DSX3-1_R1R2u_fastqc.html
[2022-08-05 11:10:40,303] multiqc                                            [DEBUG  ]  File ignored by rseqc/junction_annotation because it exceeded search pattern filesize limit: 401548_HL7J5DSX3-1_R1R2u_fastqc.html
[2022-08-05 11:10:40,303] multiqc                                            [DEBUG  ]  File ignored by rseqc/read_distribution because it exceeded search pattern filesize limit: 401548_HL7J5DSX3-1_R1R2u_fastqc.html
[2022-08-05 11:10:40,303] multiqc                                            [DEBUG  ]  File ignored by rseqc/infer_experiment because it exceeded search pattern filesize limit: 401548_HL7J5DSX3-1_R1R2u_fastqc.html
[2022-08-05 11:10:40,458] multiqc                                            [DEBUG  ]  Ignoring file as matched an ignore pattern: 401548_HL7J5DSX3-1_R1R2u.fastq.gz
[2022-08-05 11:10:40,776] multiqc                                            [DEBUG  ]  File ignored by ccs/v4 because it exceeded search pattern filesize limit: 401548_HL7J5DSX3-1_R2p_fastqc.html
[2022-08-05 11:10:40,786] multiqc                                            [DEBUG  ]  File ignored by hicexplorer because it exceeded search pattern filesize limit: 401548_HL7J5DSX3-1_R2p_fastqc.html
[2022-08-05 11:10:40,787] multiqc                                            [DEBUG  ]  File ignored by nanostat because it exceeded search pattern filesize limit: 401548_HL7J5DSX3-1_R2p_fastqc.html
[2022-08-05 11:10:40,787] multiqc                                            [DEBUG  ]  File ignored by lima/summary because it exceeded search pattern filesize limit: 401548_HL7J5DSX3-1_R2p_fastqc.html
[2022-08-05 11:10:40,802] multiqc                                            [DEBUG  ]  File ignored by vep/vep_txt because it exceeded search pattern filesize limit: 401548_HL7J5DSX3-1_R2p_fastqc.html
[2022-08-05 11:10:40,802] multiqc                                            [DEBUG  ]  File ignored by longranger/invocation because it exceeded search pattern filesize limit: 401548_HL7J5DSX3-1_R2p_fastqc.html
[2022-08-05 11:10:40,802] multiqc                                            [DEBUG  ]  File ignored by rockhopper because it exceeded search pattern filesize limit: 401548_HL7J5DSX3-1_R2p_fastqc.html
[2022-08-05 11:10:40,802] multiqc                                            [DEBUG  ]  File ignored by rseqc/bam_stat because it exceeded search pattern filesize limit: 401548_HL7J5DSX3-1_R2p_fastqc.html
[2022-08-05 11:10:40,802] multiqc                                            [DEBUG  ]  File ignored by rseqc/junction_annotation because it exceeded search pattern filesize limit: 401548_HL7J5DSX3-1_R2p_fastqc.html
[2022-08-05 11:10:40,802] multiqc                                            [DEBUG  ]  File ignored by rseqc/read_distribution because it exceeded search pattern filesize limit: 401548_HL7J5DSX3-1_R2p_fastqc.html
[2022-08-05 11:10:40,802] multiqc                                            [DEBUG  ]  File ignored by rseqc/infer_experiment because it exceeded search pattern filesize limit: 401548_HL7J5DSX3-1_R2p_fastqc.html
[2022-08-05 11:10:41,340] multiqc                                            [DEBUG  ]  Ignoring file as matched an ignore pattern: 401548_HL7J5DSX3-1_R2p.fastq.gz
[2022-08-05 11:10:41,341] multiqc                                            [DEBUG  ]  Ignoring file as matched an ignore pattern: 401548_QCreads.md5
[2022-08-05 11:10:43,278] multiqc.plots.bargraph                             [DEBUG  ]  Using matplotlib version 3.3.4
[2022-08-05 11:10:43,283] multiqc.plots.linegraph                            [DEBUG  ]  Using matplotlib version 3.3.4
[2022-08-05 11:10:43,286] multiqc                                            [DEBUG  ]  No samples found: custom_content
[2022-08-05 11:10:43,521] multiqc                                            [DEBUG  ]  No samples found: ccs
[2022-08-05 11:10:43,762] multiqc                                            [DEBUG  ]  No samples found: ngsderive
[2022-08-05 11:10:43,768] multiqc                                            [DEBUG  ]  No samples found: purple
[2022-08-05 11:10:43,773] multiqc                                            [DEBUG  ]  No samples found: conpair
[2022-08-05 11:10:43,779] multiqc                                            [DEBUG  ]  No samples found: lima
[2022-08-05 11:10:43,787] multiqc                                            [DEBUG  ]  No samples found: peddy
[2022-08-05 11:10:43,798] multiqc                                            [DEBUG  ]  No samples found: somalier
[2022-08-05 11:10:43,806] multiqc                                            [DEBUG  ]  No samples found: methylQA
[2022-08-05 11:10:43,819] multiqc.modules.mosdepth.mosdepth                  [DEBUG  ]  include_contigs: []
[2022-08-05 11:10:43,819] multiqc.modules.mosdepth.mosdepth                  [DEBUG  ]  exclude_contigs: []
[2022-08-05 11:10:43,819] multiqc                                            [DEBUG  ]  No samples found: mosdepth
[2022-08-05 11:10:43,824] multiqc                                            [DEBUG  ]  No samples found: phantompeakqualtools
[2022-08-05 11:10:43,829] multiqc                                            [DEBUG  ]  No samples found: qualimap
[2022-08-05 11:10:43,841] multiqc                                            [DEBUG  ]  No samples found: preseq
[2022-08-05 11:10:44,312] multiqc                                            [DEBUG  ]  No samples found: quast
[2022-08-05 11:10:44,319] multiqc                                            [DEBUG  ]  No samples found: qorts
[2022-08-05 11:10:44,325] multiqc                                            [DEBUG  ]  No samples found: rna_seqc
[2022-08-05 11:10:44,330] multiqc                                            [DEBUG  ]  No samples found: rockhopper
[2022-08-05 11:10:44,335] multiqc                                            [DEBUG  ]  No samples found: rsem
[2022-08-05 11:10:44,352] multiqc                                            [DEBUG  ]  No samples found: rseqc
[2022-08-05 11:10:44,356] multiqc                                            [DEBUG  ]  No samples found: busco
[2022-08-05 11:10:44,362] multiqc                                            [DEBUG  ]  No samples found: bustools
[2022-08-05 11:10:44,367] multiqc                                            [DEBUG  ]  No samples found: goleft_indexcov
[2022-08-05 11:10:44,372] multiqc                                            [DEBUG  ]  No samples found: gffcompare
[2022-08-05 11:10:44,377] multiqc                                            [DEBUG  ]  No samples found: disambiguate
[2022-08-05 11:10:44,383] multiqc                                            [DEBUG  ]  No samples found: supernova
[2022-08-05 11:10:44,401] multiqc                                            [DEBUG  ]  No samples found: deeptools
[2022-08-05 11:10:44,406] multiqc                                            [DEBUG  ]  No samples found: sargasso
[2022-08-05 11:10:44,411] multiqc                                            [DEBUG  ]  No samples found: verifybamid
[2022-08-05 11:10:44,416] multiqc                                            [DEBUG  ]  No samples found: mirtrace
[2022-08-05 11:10:44,421] multiqc                                            [DEBUG  ]  No samples found: happy
[2022-08-05 11:10:44,426] multiqc                                            [DEBUG  ]  No samples found: mirtop
[2022-08-05 11:10:44,431] multiqc                                            [DEBUG  ]  No samples found: sambamba
[2022-08-05 11:10:44,440] multiqc                                            [DEBUG  ]  No samples found: homer
[2022-08-05 11:10:44,445] multiqc                                            [DEBUG  ]  No samples found: hops
[2022-08-05 11:10:44,449] multiqc                                            [DEBUG  ]  No samples found: macs2
[2022-08-05 11:10:44,453] multiqc                                            [DEBUG  ]  No samples found: theta2
[2022-08-05 11:10:44,458] multiqc                                            [DEBUG  ]  No samples found: snpeff
[2022-08-05 11:10:44,466] multiqc                                            [DEBUG  ]  No samples found: gatk
[2022-08-05 11:10:44,471] multiqc                                            [DEBUG  ]  No samples found: htseq
[2022-08-05 11:10:44,477] multiqc                                            [DEBUG  ]  No samples found: bcftools
[2022-08-05 11:10:44,482] multiqc                                            [DEBUG  ]  No samples found: featureCounts
[2022-08-05 11:10:44,488] multiqc                                            [DEBUG  ]  No samples found: fgbio
[2022-08-05 11:10:44,507] multiqc                                            [DEBUG  ]  No samples found: dragen
[2022-08-05 11:10:44,512] multiqc                                            [DEBUG  ]  No samples found: dedup
[2022-08-05 11:10:44,520] multiqc                                            [DEBUG  ]  No samples found: damageprofiler
[2022-08-05 11:10:44,801] multiqc                                            [DEBUG  ]  No samples found: biobambam2
[2022-08-05 11:10:44,807] multiqc                                            [DEBUG  ]  No samples found: jcvi
[2022-08-05 11:10:44,815] multiqc                                            [DEBUG  ]  No samples found: mtnucratio
[2022-08-05 11:10:44,817] multiqc                                            [DEBUG  ]  No samples found: picard
[2022-08-05 11:10:44,823] multiqc                                            [DEBUG  ]  No samples found: vep
[2022-08-05 11:10:44,833] multiqc                                            [DEBUG  ]  No samples found: sentieon
[2022-08-05 11:10:44,838] multiqc                                            [DEBUG  ]  No samples found: prokka
[2022-08-05 11:10:45,076] multiqc                                            [DEBUG  ]  No samples found: qc3C
[2022-08-05 11:10:45,083] multiqc                                            [DEBUG  ]  No samples found: nanostat
[2022-08-05 11:10:45,087] multiqc                                            [DEBUG  ]  No samples found: samblaster
[2022-08-05 11:10:45,098] multiqc                                            [DEBUG  ]  No samples found: samtools
[2022-08-05 11:10:45,102] multiqc                                            [DEBUG  ]  No samples found: sexdeterrmine
[2022-08-05 11:10:45,107] multiqc                                            [DEBUG  ]  No samples found: eigenstratdatabasetools
[2022-08-05 11:10:45,113] multiqc                                            [DEBUG  ]  No samples found: bamtools
[2022-08-05 11:10:45,117] multiqc                                            [DEBUG  ]  No samples found: jellyfish
[2022-08-05 11:10:45,588] multiqc                                            [DEBUG  ]  No samples found: vcftools
[2022-08-05 11:10:45,593] multiqc                                            [DEBUG  ]  No samples found: longranger
[2022-08-05 11:10:45,598] multiqc                                            [DEBUG  ]  No samples found: stacks
[2022-08-05 11:10:45,602] multiqc                                            [DEBUG  ]  No samples found: varscan2
[2022-08-05 11:10:45,607] multiqc                                            [DEBUG  ]  No samples found: snippy
[2022-08-05 11:10:45,625] multiqc                                            [DEBUG  ]  No samples found: bbmap
[2022-08-05 11:10:45,631] multiqc                                            [DEBUG  ]  No samples found: bismark
[2022-08-05 11:10:45,639] multiqc                                            [DEBUG  ]  No samples found: biscuit
[2022-08-05 11:10:45,644] multiqc                                            [DEBUG  ]  No samples found: hicexplorer
[2022-08-05 11:10:45,880] multiqc                                            [DEBUG  ]  No samples found: hicup
[2022-08-05 11:10:45,886] multiqc                                            [DEBUG  ]  No samples found: hicpro
[2022-08-05 11:10:45,891] multiqc                                            [DEBUG  ]  No samples found: salmon
[2022-08-05 11:10:45,896] multiqc                                            [DEBUG  ]  No samples found: kallisto
[2022-08-05 11:10:45,902] multiqc                                            [DEBUG  ]  No samples found: slamdunk
[2022-08-05 11:10:45,907] multiqc                                            [DEBUG  ]  No samples found: star
[2022-08-05 11:10:45,912] multiqc                                            [DEBUG  ]  No samples found: hisat2
[2022-08-05 11:10:45,917] multiqc                                            [DEBUG  ]  No samples found: tophat
[2022-08-05 11:10:45,922] multiqc                                            [DEBUG  ]  No samples found: bowtie2
[2022-08-05 11:10:45,927] multiqc                                            [DEBUG  ]  No samples found: bowtie1
[2022-08-05 11:10:45,932] multiqc                                            [DEBUG  ]  No samples found: snpsplit
[2022-08-05 11:10:45,938] multiqc                                            [DEBUG  ]  No samples found: odgi
[2022-08-05 11:10:45,943] multiqc                                            [DEBUG  ]  No samples found: pangolin
[2022-08-05 11:10:45,947] multiqc                                            [DEBUG  ]  No samples found: kat
[2022-08-05 11:10:46,182] multiqc                                            [DEBUG  ]  No samples found: leehom
[2022-08-05 11:10:46,188] multiqc                                            [DEBUG  ]  No samples found: adapterRemoval
[2022-08-05 11:10:46,195] multiqc                                            [DEBUG  ]  No samples found: clipandmerge
[2022-08-05 11:10:46,200] multiqc                                            [DEBUG  ]  No samples found: cutadapt
[2022-08-05 11:10:46,205] multiqc                                            [DEBUG  ]  No samples found: flexbar
[2022-08-05 11:10:46,211] multiqc                                            [DEBUG  ]  No samples found: kaiju
[2022-08-05 11:10:46,217] multiqc                                            [DEBUG  ]  No samples found: kraken
[2022-08-05 11:10:46,222] multiqc                                            [DEBUG  ]  No samples found: malt
[2022-08-05 11:10:46,227] multiqc                                            [DEBUG  ]  No samples found: trimmomatic
[2022-08-05 11:10:46,231] multiqc                                            [DEBUG  ]  No samples found: sickle
[2022-08-05 11:10:46,236] multiqc                                            [DEBUG  ]  No samples found: skewer
[2022-08-05 11:10:46,241] multiqc                                            [DEBUG  ]  No samples found: sortmerna
[2022-08-05 11:10:46,246] multiqc                                            [DEBUG  ]  No samples found: biobloomtools
[2022-08-05 11:10:46,251] multiqc                                            [DEBUG  ]  No samples found: fastq_screen
[2022-08-05 11:10:46,256] multiqc                                            [DEBUG  ]  No samples found: afterqc
[2022-08-05 11:10:46,262] multiqc                                            [DEBUG  ]  No samples found: fastp
[2022-08-05 11:10:47,002] multiqc.modules.fastqc.fastqc                      [INFO   ]  Found 4 reports
[2022-08-05 11:10:47,051] multiqc                                            [DEBUG  ]  No samples found: pychopper
[2022-08-05 11:10:47,056] multiqc                                            [DEBUG  ]  No samples found: pycoqc
[2022-08-05 11:10:47,061] multiqc                                            [DEBUG  ]  No samples found: minionqc
[2022-08-05 11:10:47,066] multiqc                                            [DEBUG  ]  No samples found: multivcfanalyzer
[2022-08-05 11:10:47,071] multiqc                                            [DEBUG  ]  No samples found: clusterflow
[2022-08-05 11:10:47,077] multiqc                                            [DEBUG  ]  No samples found: bcl2fastq
[2022-08-05 11:10:47,084] multiqc                                            [DEBUG  ]  No samples found: bclconvert
[2022-08-05 11:10:47,090] multiqc                                            [DEBUG  ]  No samples found: interop
[2022-08-05 11:10:47,094] multiqc                                            [DEBUG  ]  No samples found: ivar
[2022-08-05 11:10:47,100] multiqc                                            [DEBUG  ]  No samples found: flash
[2022-08-05 11:10:47,105] multiqc                                            [DEBUG  ]  No samples found: seqyclean
[2022-08-05 11:10:47,111] multiqc                                            [DEBUG  ]  No samples found: optitype
[2022-08-05 11:10:47,115] multiqc                                            [INFO   ]  Compressing plot data
[2022-08-05 11:10:47,516] multiqc                                            [INFO   ]  Report      : 401548_MGSD_CSIRO.qc.stats/multiqc_report.html
[2022-08-05 11:10:47,517] multiqc                                            [INFO   ]  Data        : 401548_MGSD_CSIRO.qc.stats/multiqc_data
[2022-08-05 11:10:47,517] multiqc                                            [DEBUG  ]  Moving data file from '/tmp/smi9a9.8585375/tmpk63yyi8b/multiqc_data' to '401548_MGSD_CSIRO.qc.stats/multiqc_data'
[2022-08-05 11:10:48,156] multiqc                                            [INFO   ]  MultiQC complete
