[2022-08-05 11:14:03,774] multiqc                                            [DEBUG  ]  This is MultiQC v1.11
[2022-08-05 11:14:03,774] multiqc                                            [DEBUG  ]  No MultiQC config found: /apps/multiqc/1.11/lib/python3.9/site-packages/multiqc_config.yaml
[2022-08-05 11:14:03,774] multiqc                                            [DEBUG  ]  No MultiQC config found: /home/smi9a9/.multiqc_config.yaml
[2022-08-05 11:14:09,493] multiqc                                            [DEBUG  ]  No MultiQC config found: multiqc_config.yaml
[2022-08-05 11:14:09,493] multiqc                                            [DEBUG  ]  Command used: /apps/multiqc/1.11/bin/multiqc ./12880_HCWFYBCXX-2_merged_fastqc.html ./12880_HCWFYBCXX-2_merged_fastqc.zip ./12880_HCWFYBCXX-2_merged.fastq.gz ./12880_HCWFYBCXX-2_R1p_fastqc.html ./12880_HCWFYBCXX-2_R1p_fastqc.zip ./12880_HCWFYBCXX-2_R1p.fastq.gz ./12880_HCWFYBCXX-2_R1R2u_fastqc.html ./12880_HCWFYBCXX-2_R1R2u_fastqc.zip ./12880_HCWFYBCXX-2_R1R2u.fastq.gz ./12880_HCWFYBCXX-2_R2p_fastqc.html ./12880_HCWFYBCXX-2_R2p_fastqc.zip ./12880_HCWFYBCXX-2_R2p.fastq.gz ./12880_QCreads.md5 -o 12880_MGSD_CSIRO.qc.stats
[2022-08-05 11:14:09,496] multiqc                                            [DEBUG  ]  Could not connect to multiqc.info for version check: <urlopen error [Errno 111] Connection refused>
[2022-08-05 11:14:09,496] multiqc                                            [DEBUG  ]  Command     : /apps/multiqc/1.11/bin/multiqc ./12880_HCWFYBCXX-2_merged_fastqc.html ./12880_HCWFYBCXX-2_merged_fastqc.zip ./12880_HCWFYBCXX-2_merged.fastq.gz ./12880_HCWFYBCXX-2_R1p_fastqc.html ./12880_HCWFYBCXX-2_R1p_fastqc.zip ./12880_HCWFYBCXX-2_R1p.fastq.gz ./12880_HCWFYBCXX-2_R1R2u_fastqc.html ./12880_HCWFYBCXX-2_R1R2u_fastqc.zip ./12880_HCWFYBCXX-2_R1R2u.fastq.gz ./12880_HCWFYBCXX-2_R2p_fastqc.html ./12880_HCWFYBCXX-2_R2p_fastqc.zip ./12880_HCWFYBCXX-2_R2p.fastq.gz ./12880_QCreads.md5 -o 12880_MGSD_CSIRO.qc.stats
[2022-08-05 11:14:09,496] multiqc                                            [DEBUG  ]  Working dir : /datasets/work/oa-amd/work/amd/Metagenome_QC_reads
[2022-08-05 11:14:09,496] multiqc                                            [DEBUG  ]  Template    : default
[2022-08-05 11:14:09,496] multiqc                                            [DEBUG  ]  Running Python 3.9.4 (default, Apr 25 2021, 16:13:27)  [GCC 10.3.0]
[2022-08-05 11:14:09,497] multiqc                                            [DEBUG  ]  Analysing modules: custom_content, ccs, ngsderive, purple, conpair, lima, peddy, somalier, methylQA, mosdepth, phantompeakqualtools, qualimap, preseq, quast, qorts, rna_seqc, rockhopper, rsem, rseqc, busco, bustools, goleft_indexcov, gffcompare, disambiguate, supernova, deeptools, sargasso, verifybamid, mirtrace, happy, mirtop, sambamba, homer, hops, macs2, theta2, snpeff, gatk, htseq, bcftools, featureCounts, fgbio, dragen, dedup, damageprofiler, biobambam2, jcvi, mtnucratio, picard, vep, sentieon, prokka, qc3C, nanostat, samblaster, samtools, sexdeterrmine, eigenstratdatabasetools, bamtools, jellyfish, vcftools, longranger, stacks, varscan2, snippy, bbmap, bismark, biscuit, hicexplorer, hicup, hicpro, salmon, kallisto, slamdunk, star, hisat2, tophat, bowtie2, bowtie1, snpsplit, odgi, pangolin, kat, leehom, adapterRemoval, clipandmerge, cutadapt, flexbar, kaiju, kraken, malt, trimmomatic, sickle, skewer, sortmerna, biobloomtools, fastq_screen, afterqc, fastp, fastqc, pychopper, pycoqc, minionqc, multivcfanalyzer, clusterflow, bcl2fastq, bclconvert, interop, ivar, flash, seqyclean, optitype
[2022-08-05 11:14:09,497] multiqc                                            [DEBUG  ]  Using temporary directory for creating report: /tmp/smi9a9.8586151/tmph6jeh5rj
[2022-08-05 11:14:09,558] multiqc                                            [INFO   ]  Search path : /datasets/work/oa-amd/work/amd/Metagenome_QC_reads/12880_HCWFYBCXX-2_merged_fastqc.html
[2022-08-05 11:14:09,558] multiqc                                            [INFO   ]  Search path : /datasets/work/oa-amd/work/amd/Metagenome_QC_reads/12880_HCWFYBCXX-2_merged_fastqc.zip
[2022-08-05 11:14:09,558] multiqc                                            [INFO   ]  Search path : /datasets/work/oa-amd/work/amd/Metagenome_QC_reads/12880_HCWFYBCXX-2_merged.fastq.gz
[2022-08-05 11:14:09,558] multiqc                                            [INFO   ]  Search path : /datasets/work/oa-amd/work/amd/Metagenome_QC_reads/12880_HCWFYBCXX-2_R1p_fastqc.html
[2022-08-05 11:14:09,558] multiqc                                            [INFO   ]  Search path : /datasets/work/oa-amd/work/amd/Metagenome_QC_reads/12880_HCWFYBCXX-2_R1p_fastqc.zip
[2022-08-05 11:14:09,558] multiqc                                            [INFO   ]  Search path : /datasets/work/oa-amd/work/amd/Metagenome_QC_reads/12880_HCWFYBCXX-2_R1p.fastq.gz
[2022-08-05 11:14:09,558] multiqc                                            [INFO   ]  Search path : /datasets/work/oa-amd/work/amd/Metagenome_QC_reads/12880_HCWFYBCXX-2_R1R2u_fastqc.html
[2022-08-05 11:14:09,558] multiqc                                            [INFO   ]  Search path : /datasets/work/oa-amd/work/amd/Metagenome_QC_reads/12880_HCWFYBCXX-2_R1R2u_fastqc.zip
[2022-08-05 11:14:09,558] multiqc                                            [INFO   ]  Search path : /datasets/work/oa-amd/work/amd/Metagenome_QC_reads/12880_HCWFYBCXX-2_R1R2u.fastq.gz
[2022-08-05 11:14:09,558] multiqc                                            [INFO   ]  Search path : /datasets/work/oa-amd/work/amd/Metagenome_QC_reads/12880_HCWFYBCXX-2_R2p_fastqc.html
[2022-08-05 11:14:09,558] multiqc                                            [INFO   ]  Search path : /datasets/work/oa-amd/work/amd/Metagenome_QC_reads/12880_HCWFYBCXX-2_R2p_fastqc.zip
[2022-08-05 11:14:09,559] multiqc                                            [INFO   ]  Search path : /datasets/work/oa-amd/work/amd/Metagenome_QC_reads/12880_HCWFYBCXX-2_R2p.fastq.gz
[2022-08-05 11:14:09,559] multiqc                                            [INFO   ]  Search path : /datasets/work/oa-amd/work/amd/Metagenome_QC_reads/12880_QCreads.md5
[2022-08-05 11:14:10,579] multiqc                                            [DEBUG  ]  File ignored by ccs/v4 because it exceeded search pattern filesize limit: 12880_HCWFYBCXX-2_merged_fastqc.html
[2022-08-05 11:14:10,592] multiqc                                            [DEBUG  ]  File ignored by hicexplorer because it exceeded search pattern filesize limit: 12880_HCWFYBCXX-2_merged_fastqc.html
[2022-08-05 11:14:10,594] multiqc                                            [DEBUG  ]  File ignored by nanostat because it exceeded search pattern filesize limit: 12880_HCWFYBCXX-2_merged_fastqc.html
[2022-08-05 11:14:10,594] multiqc                                            [DEBUG  ]  File ignored by lima/summary because it exceeded search pattern filesize limit: 12880_HCWFYBCXX-2_merged_fastqc.html
[2022-08-05 11:14:10,618] multiqc                                            [DEBUG  ]  File ignored by vep/vep_txt because it exceeded search pattern filesize limit: 12880_HCWFYBCXX-2_merged_fastqc.html
[2022-08-05 11:14:10,618] multiqc                                            [DEBUG  ]  File ignored by longranger/invocation because it exceeded search pattern filesize limit: 12880_HCWFYBCXX-2_merged_fastqc.html
[2022-08-05 11:14:10,618] multiqc                                            [DEBUG  ]  File ignored by rockhopper because it exceeded search pattern filesize limit: 12880_HCWFYBCXX-2_merged_fastqc.html
[2022-08-05 11:14:10,618] multiqc                                            [DEBUG  ]  File ignored by rseqc/bam_stat because it exceeded search pattern filesize limit: 12880_HCWFYBCXX-2_merged_fastqc.html
[2022-08-05 11:14:10,619] multiqc                                            [DEBUG  ]  File ignored by rseqc/junction_annotation because it exceeded search pattern filesize limit: 12880_HCWFYBCXX-2_merged_fastqc.html
[2022-08-05 11:14:10,619] multiqc                                            [DEBUG  ]  File ignored by rseqc/read_distribution because it exceeded search pattern filesize limit: 12880_HCWFYBCXX-2_merged_fastqc.html
[2022-08-05 11:14:10,619] multiqc                                            [DEBUG  ]  File ignored by rseqc/infer_experiment because it exceeded search pattern filesize limit: 12880_HCWFYBCXX-2_merged_fastqc.html
[2022-08-05 11:14:11,098] multiqc                                            [DEBUG  ]  Ignoring file as matched an ignore pattern: 12880_HCWFYBCXX-2_merged.fastq.gz
[2022-08-05 11:14:11,766] multiqc                                            [DEBUG  ]  File ignored by ccs/v4 because it exceeded search pattern filesize limit: 12880_HCWFYBCXX-2_R1p_fastqc.html
[2022-08-05 11:14:11,799] multiqc                                            [DEBUG  ]  File ignored by hicexplorer because it exceeded search pattern filesize limit: 12880_HCWFYBCXX-2_R1p_fastqc.html
[2022-08-05 11:14:11,800] multiqc                                            [DEBUG  ]  File ignored by nanostat because it exceeded search pattern filesize limit: 12880_HCWFYBCXX-2_R1p_fastqc.html
[2022-08-05 11:14:11,800] multiqc                                            [DEBUG  ]  File ignored by lima/summary because it exceeded search pattern filesize limit: 12880_HCWFYBCXX-2_R1p_fastqc.html
[2022-08-05 11:14:12,508] multiqc                                            [DEBUG  ]  File ignored by vep/vep_txt because it exceeded search pattern filesize limit: 12880_HCWFYBCXX-2_R1p_fastqc.html
[2022-08-05 11:14:12,509] multiqc                                            [DEBUG  ]  File ignored by longranger/invocation because it exceeded search pattern filesize limit: 12880_HCWFYBCXX-2_R1p_fastqc.html
[2022-08-05 11:14:12,509] multiqc                                            [DEBUG  ]  File ignored by rockhopper because it exceeded search pattern filesize limit: 12880_HCWFYBCXX-2_R1p_fastqc.html
[2022-08-05 11:14:12,509] multiqc                                            [DEBUG  ]  File ignored by rseqc/bam_stat because it exceeded search pattern filesize limit: 12880_HCWFYBCXX-2_R1p_fastqc.html
[2022-08-05 11:14:12,509] multiqc                                            [DEBUG  ]  File ignored by rseqc/junction_annotation because it exceeded search pattern filesize limit: 12880_HCWFYBCXX-2_R1p_fastqc.html
[2022-08-05 11:14:12,509] multiqc                                            [DEBUG  ]  File ignored by rseqc/read_distribution because it exceeded search pattern filesize limit: 12880_HCWFYBCXX-2_R1p_fastqc.html
[2022-08-05 11:14:12,509] multiqc                                            [DEBUG  ]  File ignored by rseqc/infer_experiment because it exceeded search pattern filesize limit: 12880_HCWFYBCXX-2_R1p_fastqc.html
[2022-08-05 11:14:12,793] multiqc                                            [DEBUG  ]  Ignoring file as matched an ignore pattern: 12880_HCWFYBCXX-2_R1p.fastq.gz
[2022-08-05 11:14:12,821] multiqc                                            [DEBUG  ]  File ignored by ccs/v4 because it exceeded search pattern filesize limit: 12880_HCWFYBCXX-2_R1R2u_fastqc.html
[2022-08-05 11:14:13,765] multiqc                                            [DEBUG  ]  File ignored by hicexplorer because it exceeded search pattern filesize limit: 12880_HCWFYBCXX-2_R1R2u_fastqc.html
[2022-08-05 11:14:13,767] multiqc                                            [DEBUG  ]  File ignored by nanostat because it exceeded search pattern filesize limit: 12880_HCWFYBCXX-2_R1R2u_fastqc.html
[2022-08-05 11:14:13,767] multiqc                                            [DEBUG  ]  File ignored by lima/summary because it exceeded search pattern filesize limit: 12880_HCWFYBCXX-2_R1R2u_fastqc.html
[2022-08-05 11:14:13,822] multiqc                                            [DEBUG  ]  File ignored by vep/vep_txt because it exceeded search pattern filesize limit: 12880_HCWFYBCXX-2_R1R2u_fastqc.html
[2022-08-05 11:14:13,822] multiqc                                            [DEBUG  ]  File ignored by longranger/invocation because it exceeded search pattern filesize limit: 12880_HCWFYBCXX-2_R1R2u_fastqc.html
[2022-08-05 11:14:14,030] multiqc                                            [DEBUG  ]  Ignoring file as matched an ignore pattern: 12880_HCWFYBCXX-2_R1R2u.fastq.gz
[2022-08-05 11:14:14,173] multiqc                                            [DEBUG  ]  File ignored by ccs/v4 because it exceeded search pattern filesize limit: 12880_HCWFYBCXX-2_R2p_fastqc.html
[2022-08-05 11:14:14,186] multiqc                                            [DEBUG  ]  File ignored by hicexplorer because it exceeded search pattern filesize limit: 12880_HCWFYBCXX-2_R2p_fastqc.html
[2022-08-05 11:14:14,188] multiqc                                            [DEBUG  ]  File ignored by nanostat because it exceeded search pattern filesize limit: 12880_HCWFYBCXX-2_R2p_fastqc.html
[2022-08-05 11:14:14,188] multiqc                                            [DEBUG  ]  File ignored by lima/summary because it exceeded search pattern filesize limit: 12880_HCWFYBCXX-2_R2p_fastqc.html
[2022-08-05 11:14:14,786] multiqc                                            [DEBUG  ]  File ignored by vep/vep_txt because it exceeded search pattern filesize limit: 12880_HCWFYBCXX-2_R2p_fastqc.html
[2022-08-05 11:14:14,786] multiqc                                            [DEBUG  ]  File ignored by longranger/invocation because it exceeded search pattern filesize limit: 12880_HCWFYBCXX-2_R2p_fastqc.html
[2022-08-05 11:14:14,786] multiqc                                            [DEBUG  ]  File ignored by rockhopper because it exceeded search pattern filesize limit: 12880_HCWFYBCXX-2_R2p_fastqc.html
[2022-08-05 11:14:14,786] multiqc                                            [DEBUG  ]  File ignored by rseqc/bam_stat because it exceeded search pattern filesize limit: 12880_HCWFYBCXX-2_R2p_fastqc.html
[2022-08-05 11:14:14,786] multiqc                                            [DEBUG  ]  File ignored by rseqc/junction_annotation because it exceeded search pattern filesize limit: 12880_HCWFYBCXX-2_R2p_fastqc.html
[2022-08-05 11:14:14,786] multiqc                                            [DEBUG  ]  File ignored by rseqc/read_distribution because it exceeded search pattern filesize limit: 12880_HCWFYBCXX-2_R2p_fastqc.html
[2022-08-05 11:14:14,786] multiqc                                            [DEBUG  ]  File ignored by rseqc/infer_experiment because it exceeded search pattern filesize limit: 12880_HCWFYBCXX-2_R2p_fastqc.html
[2022-08-05 11:14:15,179] multiqc                                            [DEBUG  ]  Ignoring file as matched an ignore pattern: 12880_HCWFYBCXX-2_R2p.fastq.gz
[2022-08-05 11:14:15,182] multiqc                                            [DEBUG  ]  Ignoring file as matched an ignore pattern: 12880_QCreads.md5
[2022-08-05 11:14:18,068] multiqc.plots.bargraph                             [DEBUG  ]  Using matplotlib version 3.3.4
[2022-08-05 11:14:18,072] multiqc.plots.linegraph                            [DEBUG  ]  Using matplotlib version 3.3.4
[2022-08-05 11:14:18,075] multiqc                                            [DEBUG  ]  No samples found: custom_content
[2022-08-05 11:14:18,080] multiqc                                            [DEBUG  ]  No samples found: ccs
[2022-08-05 11:14:18,086] multiqc                                            [DEBUG  ]  No samples found: ngsderive
[2022-08-05 11:14:18,090] multiqc                                            [DEBUG  ]  No samples found: purple
[2022-08-05 11:14:18,095] multiqc                                            [DEBUG  ]  No samples found: conpair
[2022-08-05 11:14:18,100] multiqc                                            [DEBUG  ]  No samples found: lima
[2022-08-05 11:14:18,106] multiqc                                            [DEBUG  ]  No samples found: peddy
[2022-08-05 11:14:18,113] multiqc                                            [DEBUG  ]  No samples found: somalier
[2022-08-05 11:14:18,117] multiqc                                            [DEBUG  ]  No samples found: methylQA
[2022-08-05 11:14:18,128] multiqc.modules.mosdepth.mosdepth                  [DEBUG  ]  include_contigs: []
[2022-08-05 11:14:18,129] multiqc.modules.mosdepth.mosdepth                  [DEBUG  ]  exclude_contigs: []
[2022-08-05 11:14:18,129] multiqc                                            [DEBUG  ]  No samples found: mosdepth
[2022-08-05 11:14:18,133] multiqc                                            [DEBUG  ]  No samples found: phantompeakqualtools
[2022-08-05 11:14:18,137] multiqc                                            [DEBUG  ]  No samples found: qualimap
[2022-08-05 11:14:18,142] multiqc                                            [DEBUG  ]  No samples found: preseq
[2022-08-05 11:14:18,148] multiqc                                            [DEBUG  ]  No samples found: quast
[2022-08-05 11:14:18,153] multiqc                                            [DEBUG  ]  No samples found: qorts
[2022-08-05 11:14:18,159] multiqc                                            [DEBUG  ]  No samples found: rna_seqc
[2022-08-05 11:14:18,163] multiqc                                            [DEBUG  ]  No samples found: rockhopper
[2022-08-05 11:14:18,168] multiqc                                            [DEBUG  ]  No samples found: rsem
[2022-08-05 11:14:18,185] multiqc                                            [DEBUG  ]  No samples found: rseqc
[2022-08-05 11:14:18,190] multiqc                                            [DEBUG  ]  No samples found: busco
[2022-08-05 11:14:18,195] multiqc                                            [DEBUG  ]  No samples found: bustools
[2022-08-05 11:14:18,200] multiqc                                            [DEBUG  ]  No samples found: goleft_indexcov
[2022-08-05 11:14:18,205] multiqc                                            [DEBUG  ]  No samples found: gffcompare
[2022-08-05 11:14:18,210] multiqc                                            [DEBUG  ]  No samples found: disambiguate
[2022-08-05 11:14:18,217] multiqc                                            [DEBUG  ]  No samples found: supernova
[2022-08-05 11:14:18,233] multiqc                                            [DEBUG  ]  No samples found: deeptools
[2022-08-05 11:14:18,238] multiqc                                            [DEBUG  ]  No samples found: sargasso
[2022-08-05 11:14:18,244] multiqc                                            [DEBUG  ]  No samples found: verifybamid
[2022-08-05 11:14:18,249] multiqc                                            [DEBUG  ]  No samples found: mirtrace
[2022-08-05 11:14:18,254] multiqc                                            [DEBUG  ]  No samples found: happy
[2022-08-05 11:14:18,259] multiqc                                            [DEBUG  ]  No samples found: mirtop
[2022-08-05 11:14:18,265] multiqc                                            [DEBUG  ]  No samples found: sambamba
[2022-08-05 11:14:18,274] multiqc                                            [DEBUG  ]  No samples found: homer
[2022-08-05 11:14:18,278] multiqc                                            [DEBUG  ]  No samples found: hops
[2022-08-05 11:14:18,283] multiqc                                            [DEBUG  ]  No samples found: macs2
[2022-08-05 11:14:18,288] multiqc                                            [DEBUG  ]  No samples found: theta2
[2022-08-05 11:14:18,293] multiqc                                            [DEBUG  ]  No samples found: snpeff
[2022-08-05 11:14:18,301] multiqc                                            [DEBUG  ]  No samples found: gatk
[2022-08-05 11:14:18,306] multiqc                                            [DEBUG  ]  No samples found: htseq
[2022-08-05 11:14:18,312] multiqc                                            [DEBUG  ]  No samples found: bcftools
[2022-08-05 11:14:18,317] multiqc                                            [DEBUG  ]  No samples found: featureCounts
[2022-08-05 11:14:18,324] multiqc                                            [DEBUG  ]  No samples found: fgbio
[2022-08-05 11:14:18,343] multiqc                                            [DEBUG  ]  No samples found: dragen
[2022-08-05 11:14:18,348] multiqc                                            [DEBUG  ]  No samples found: dedup
[2022-08-05 11:14:18,353] multiqc                                            [DEBUG  ]  No samples found: damageprofiler
[2022-08-05 11:14:18,392] multiqc                                            [DEBUG  ]  No samples found: biobambam2
[2022-08-05 11:14:18,398] multiqc                                            [DEBUG  ]  No samples found: jcvi
[2022-08-05 11:14:18,403] multiqc                                            [DEBUG  ]  No samples found: mtnucratio
[2022-08-05 11:14:18,405] multiqc                                            [DEBUG  ]  No samples found: picard
[2022-08-05 11:14:18,411] multiqc                                            [DEBUG  ]  No samples found: vep
[2022-08-05 11:14:18,419] multiqc                                            [DEBUG  ]  No samples found: sentieon
[2022-08-05 11:14:18,425] multiqc                                            [DEBUG  ]  No samples found: prokka
[2022-08-05 11:14:18,432] multiqc                                            [DEBUG  ]  No samples found: qc3C
[2022-08-05 11:14:18,438] multiqc                                            [DEBUG  ]  No samples found: nanostat
[2022-08-05 11:14:18,442] multiqc                                            [DEBUG  ]  No samples found: samblaster
[2022-08-05 11:14:18,453] multiqc                                            [DEBUG  ]  No samples found: samtools
[2022-08-05 11:14:18,458] multiqc                                            [DEBUG  ]  No samples found: sexdeterrmine
[2022-08-05 11:14:18,462] multiqc                                            [DEBUG  ]  No samples found: eigenstratdatabasetools
[2022-08-05 11:14:18,468] multiqc                                            [DEBUG  ]  No samples found: bamtools
[2022-08-05 11:14:18,473] multiqc                                            [DEBUG  ]  No samples found: jellyfish
[2022-08-05 11:14:18,483] multiqc                                            [DEBUG  ]  No samples found: vcftools
[2022-08-05 11:14:18,489] multiqc                                            [DEBUG  ]  No samples found: longranger
[2022-08-05 11:14:18,494] multiqc                                            [DEBUG  ]  No samples found: stacks
[2022-08-05 11:14:18,499] multiqc                                            [DEBUG  ]  No samples found: varscan2
[2022-08-05 11:14:18,504] multiqc                                            [DEBUG  ]  No samples found: snippy
[2022-08-05 11:14:18,752] multiqc                                            [DEBUG  ]  No samples found: bbmap
[2022-08-05 11:14:18,759] multiqc                                            [DEBUG  ]  No samples found: bismark
[2022-08-05 11:14:18,767] multiqc                                            [DEBUG  ]  No samples found: biscuit
[2022-08-05 11:14:18,773] multiqc                                            [DEBUG  ]  No samples found: hicexplorer
[2022-08-05 11:14:18,778] multiqc                                            [DEBUG  ]  No samples found: hicup
[2022-08-05 11:14:18,783] multiqc                                            [DEBUG  ]  No samples found: hicpro
[2022-08-05 11:14:18,788] multiqc                                            [DEBUG  ]  No samples found: salmon
[2022-08-05 11:14:18,792] multiqc                                            [DEBUG  ]  No samples found: kallisto
[2022-08-05 11:14:18,799] multiqc                                            [DEBUG  ]  No samples found: slamdunk
[2022-08-05 11:14:18,805] multiqc                                            [DEBUG  ]  No samples found: star
[2022-08-05 11:14:18,809] multiqc                                            [DEBUG  ]  No samples found: hisat2
[2022-08-05 11:14:18,815] multiqc                                            [DEBUG  ]  No samples found: tophat
[2022-08-05 11:14:18,820] multiqc                                            [DEBUG  ]  No samples found: bowtie2
[2022-08-05 11:14:18,824] multiqc                                            [DEBUG  ]  No samples found: bowtie1
[2022-08-05 11:14:18,830] multiqc                                            [DEBUG  ]  No samples found: snpsplit
[2022-08-05 11:14:18,835] multiqc                                            [DEBUG  ]  No samples found: odgi
[2022-08-05 11:14:18,840] multiqc                                            [DEBUG  ]  No samples found: pangolin
[2022-08-05 11:14:18,844] multiqc                                            [DEBUG  ]  No samples found: kat
[2022-08-05 11:14:18,849] multiqc                                            [DEBUG  ]  No samples found: leehom
[2022-08-05 11:14:18,855] multiqc                                            [DEBUG  ]  No samples found: adapterRemoval
[2022-08-05 11:14:18,859] multiqc                                            [DEBUG  ]  No samples found: clipandmerge
[2022-08-05 11:14:18,864] multiqc                                            [DEBUG  ]  No samples found: cutadapt
[2022-08-05 11:14:18,869] multiqc                                            [DEBUG  ]  No samples found: flexbar
[2022-08-05 11:14:18,875] multiqc                                            [DEBUG  ]  No samples found: kaiju
[2022-08-05 11:14:18,881] multiqc                                            [DEBUG  ]  No samples found: kraken
[2022-08-05 11:14:18,885] multiqc                                            [DEBUG  ]  No samples found: malt
[2022-08-05 11:14:18,891] multiqc                                            [DEBUG  ]  No samples found: trimmomatic
[2022-08-05 11:14:18,895] multiqc                                            [DEBUG  ]  No samples found: sickle
[2022-08-05 11:14:18,900] multiqc                                            [DEBUG  ]  No samples found: skewer
[2022-08-05 11:14:18,905] multiqc                                            [DEBUG  ]  No samples found: sortmerna
[2022-08-05 11:14:18,909] multiqc                                            [DEBUG  ]  No samples found: biobloomtools
[2022-08-05 11:14:18,915] multiqc                                            [DEBUG  ]  No samples found: fastq_screen
[2022-08-05 11:14:18,919] multiqc                                            [DEBUG  ]  No samples found: afterqc
[2022-08-05 11:14:18,925] multiqc                                            [DEBUG  ]  No samples found: fastp
[2022-08-05 11:14:19,488] multiqc.modules.fastqc.fastqc                      [INFO   ]  Found 4 reports
[2022-08-05 11:14:19,488] multiqc.modules.fastqc.fastqc                      [WARNING]  Sample had zero reads: '12880_HCWFYBCXX-2_R1R2u'
[2022-08-05 11:14:19,557] multiqc                                            [DEBUG  ]  No samples found: pychopper
[2022-08-05 11:14:19,565] multiqc                                            [DEBUG  ]  No samples found: pycoqc
[2022-08-05 11:14:19,571] multiqc                                            [DEBUG  ]  No samples found: minionqc
[2022-08-05 11:14:19,576] multiqc                                            [DEBUG  ]  No samples found: multivcfanalyzer
[2022-08-05 11:14:19,582] multiqc                                            [DEBUG  ]  No samples found: clusterflow
[2022-08-05 11:14:19,609] multiqc                                            [DEBUG  ]  No samples found: bcl2fastq
[2022-08-05 11:14:19,616] multiqc                                            [DEBUG  ]  No samples found: bclconvert
[2022-08-05 11:14:19,623] multiqc                                            [DEBUG  ]  No samples found: interop
[2022-08-05 11:14:19,628] multiqc                                            [DEBUG  ]  No samples found: ivar
[2022-08-05 11:14:19,634] multiqc                                            [DEBUG  ]  No samples found: flash
[2022-08-05 11:14:19,639] multiqc                                            [DEBUG  ]  No samples found: seqyclean
[2022-08-05 11:14:19,645] multiqc                                            [DEBUG  ]  No samples found: optitype
[2022-08-05 11:14:19,649] multiqc                                            [INFO   ]  Compressing plot data
[2022-08-05 11:14:33,322] multiqc                                            [INFO   ]  Report      : 12880_MGSD_CSIRO.qc.stats/multiqc_report.html
[2022-08-05 11:14:33,322] multiqc                                            [INFO   ]  Data        : 12880_MGSD_CSIRO.qc.stats/multiqc_data
[2022-08-05 11:14:33,322] multiqc                                            [DEBUG  ]  Moving data file from '/tmp/smi9a9.8586151/tmph6jeh5rj/multiqc_data' to '12880_MGSD_CSIRO.qc.stats/multiqc_data'
[2022-08-05 11:14:34,253] multiqc                                            [INFO   ]  MultiQC complete
