[2022-08-05 11:09:30,183] multiqc                                            [DEBUG  ]  This is MultiQC v1.11
[2022-08-05 11:09:30,183] multiqc                                            [DEBUG  ]  No MultiQC config found: /apps/multiqc/1.11/lib/python3.9/site-packages/multiqc_config.yaml
[2022-08-05 11:09:30,183] multiqc                                            [DEBUG  ]  No MultiQC config found: /home/smi9a9/.multiqc_config.yaml
[2022-08-05 11:09:30,185] multiqc                                            [DEBUG  ]  No MultiQC config found: multiqc_config.yaml
[2022-08-05 11:09:30,185] multiqc                                            [DEBUG  ]  Command used: /apps/multiqc/1.11/bin/multiqc ./401664_HL7J5DSX3-1_merged_fastqc.html ./401664_HL7J5DSX3-1_merged_fastqc.zip ./401664_HL7J5DSX3-1_merged.fastq.gz ./401664_HL7J5DSX3-1_R1p_fastqc.html ./401664_HL7J5DSX3-1_R1p_fastqc.zip ./401664_HL7J5DSX3-1_R1p.fastq.gz ./401664_HL7J5DSX3-1_R1R2u_fastqc.html ./401664_HL7J5DSX3-1_R1R2u_fastqc.zip ./401664_HL7J5DSX3-1_R1R2u.fastq.gz ./401664_HL7J5DSX3-1_R2p_fastqc.html ./401664_HL7J5DSX3-1_R2p_fastqc.zip ./401664_HL7J5DSX3-1_R2p.fastq.gz ./401664_QCreads.md5 -o 401664_MGSD_CSIRO.qc.stats
[2022-08-05 11:09:30,187] multiqc                                            [DEBUG  ]  Could not connect to multiqc.info for version check: <urlopen error [Errno 111] Connection refused>
[2022-08-05 11:09:30,187] multiqc                                            [DEBUG  ]  Command     : /apps/multiqc/1.11/bin/multiqc ./401664_HL7J5DSX3-1_merged_fastqc.html ./401664_HL7J5DSX3-1_merged_fastqc.zip ./401664_HL7J5DSX3-1_merged.fastq.gz ./401664_HL7J5DSX3-1_R1p_fastqc.html ./401664_HL7J5DSX3-1_R1p_fastqc.zip ./401664_HL7J5DSX3-1_R1p.fastq.gz ./401664_HL7J5DSX3-1_R1R2u_fastqc.html ./401664_HL7J5DSX3-1_R1R2u_fastqc.zip ./401664_HL7J5DSX3-1_R1R2u.fastq.gz ./401664_HL7J5DSX3-1_R2p_fastqc.html ./401664_HL7J5DSX3-1_R2p_fastqc.zip ./401664_HL7J5DSX3-1_R2p.fastq.gz ./401664_QCreads.md5 -o 401664_MGSD_CSIRO.qc.stats
[2022-08-05 11:09:30,187] multiqc                                            [DEBUG  ]  Working dir : /datasets/work/oa-amd/work/amd/Metagenome_QC_reads
[2022-08-05 11:09:30,187] multiqc                                            [DEBUG  ]  Template    : default
[2022-08-05 11:09:30,187] multiqc                                            [DEBUG  ]  Running Python 3.9.4 (default, Apr 25 2021, 16:13:27)  [GCC 10.3.0]
[2022-08-05 11:09:30,187] multiqc                                            [DEBUG  ]  Analysing modules: custom_content, ccs, ngsderive, purple, conpair, lima, peddy, somalier, methylQA, mosdepth, phantompeakqualtools, qualimap, preseq, quast, qorts, rna_seqc, rockhopper, rsem, rseqc, busco, bustools, goleft_indexcov, gffcompare, disambiguate, supernova, deeptools, sargasso, verifybamid, mirtrace, happy, mirtop, sambamba, homer, hops, macs2, theta2, snpeff, gatk, htseq, bcftools, featureCounts, fgbio, dragen, dedup, damageprofiler, biobambam2, jcvi, mtnucratio, picard, vep, sentieon, prokka, qc3C, nanostat, samblaster, samtools, sexdeterrmine, eigenstratdatabasetools, bamtools, jellyfish, vcftools, longranger, stacks, varscan2, snippy, bbmap, bismark, biscuit, hicexplorer, hicup, hicpro, salmon, kallisto, slamdunk, star, hisat2, tophat, bowtie2, bowtie1, snpsplit, odgi, pangolin, kat, leehom, adapterRemoval, clipandmerge, cutadapt, flexbar, kaiju, kraken, malt, trimmomatic, sickle, skewer, sortmerna, biobloomtools, fastq_screen, afterqc, fastp, fastqc, pychopper, pycoqc, minionqc, multivcfanalyzer, clusterflow, bcl2fastq, bclconvert, interop, ivar, flash, seqyclean, optitype
[2022-08-05 11:09:30,187] multiqc                                            [DEBUG  ]  Using temporary directory for creating report: /tmp/smi9a9.8585218/tmp0dk6xiv1
[2022-08-05 11:09:30,256] multiqc                                            [INFO   ]  Search path : /datasets/work/oa-amd/work/amd/Metagenome_QC_reads/401664_HL7J5DSX3-1_merged_fastqc.html
[2022-08-05 11:09:30,256] multiqc                                            [INFO   ]  Search path : /datasets/work/oa-amd/work/amd/Metagenome_QC_reads/401664_HL7J5DSX3-1_merged_fastqc.zip
[2022-08-05 11:09:30,256] multiqc                                            [INFO   ]  Search path : /datasets/work/oa-amd/work/amd/Metagenome_QC_reads/401664_HL7J5DSX3-1_merged.fastq.gz
[2022-08-05 11:09:30,256] multiqc                                            [INFO   ]  Search path : /datasets/work/oa-amd/work/amd/Metagenome_QC_reads/401664_HL7J5DSX3-1_R1p_fastqc.html
[2022-08-05 11:09:30,256] multiqc                                            [INFO   ]  Search path : /datasets/work/oa-amd/work/amd/Metagenome_QC_reads/401664_HL7J5DSX3-1_R1p_fastqc.zip
[2022-08-05 11:09:30,256] multiqc                                            [INFO   ]  Search path : /datasets/work/oa-amd/work/amd/Metagenome_QC_reads/401664_HL7J5DSX3-1_R1p.fastq.gz
[2022-08-05 11:09:30,256] multiqc                                            [INFO   ]  Search path : /datasets/work/oa-amd/work/amd/Metagenome_QC_reads/401664_HL7J5DSX3-1_R1R2u_fastqc.html
[2022-08-05 11:09:30,256] multiqc                                            [INFO   ]  Search path : /datasets/work/oa-amd/work/amd/Metagenome_QC_reads/401664_HL7J5DSX3-1_R1R2u_fastqc.zip
[2022-08-05 11:09:30,257] multiqc                                            [INFO   ]  Search path : /datasets/work/oa-amd/work/amd/Metagenome_QC_reads/401664_HL7J5DSX3-1_R1R2u.fastq.gz
[2022-08-05 11:09:30,257] multiqc                                            [INFO   ]  Search path : /datasets/work/oa-amd/work/amd/Metagenome_QC_reads/401664_HL7J5DSX3-1_R2p_fastqc.html
[2022-08-05 11:09:30,257] multiqc                                            [INFO   ]  Search path : /datasets/work/oa-amd/work/amd/Metagenome_QC_reads/401664_HL7J5DSX3-1_R2p_fastqc.zip
[2022-08-05 11:09:30,257] multiqc                                            [INFO   ]  Search path : /datasets/work/oa-amd/work/amd/Metagenome_QC_reads/401664_HL7J5DSX3-1_R2p.fastq.gz
[2022-08-05 11:09:30,257] multiqc                                            [INFO   ]  Search path : /datasets/work/oa-amd/work/amd/Metagenome_QC_reads/401664_QCreads.md5
[2022-08-05 11:09:31,337] multiqc                                            [DEBUG  ]  File ignored by ccs/v4 because it exceeded search pattern filesize limit: 401664_HL7J5DSX3-1_merged_fastqc.html
[2022-08-05 11:09:31,395] multiqc                                            [DEBUG  ]  File ignored by hicexplorer because it exceeded search pattern filesize limit: 401664_HL7J5DSX3-1_merged_fastqc.html
[2022-08-05 11:09:31,396] multiqc                                            [DEBUG  ]  File ignored by nanostat because it exceeded search pattern filesize limit: 401664_HL7J5DSX3-1_merged_fastqc.html
[2022-08-05 11:09:31,396] multiqc                                            [DEBUG  ]  File ignored by lima/summary because it exceeded search pattern filesize limit: 401664_HL7J5DSX3-1_merged_fastqc.html
[2022-08-05 11:09:31,412] multiqc                                            [DEBUG  ]  File ignored by vep/vep_txt because it exceeded search pattern filesize limit: 401664_HL7J5DSX3-1_merged_fastqc.html
[2022-08-05 11:09:31,412] multiqc                                            [DEBUG  ]  File ignored by longranger/invocation because it exceeded search pattern filesize limit: 401664_HL7J5DSX3-1_merged_fastqc.html
[2022-08-05 11:09:31,412] multiqc                                            [DEBUG  ]  File ignored by rockhopper because it exceeded search pattern filesize limit: 401664_HL7J5DSX3-1_merged_fastqc.html
[2022-08-05 11:09:31,412] multiqc                                            [DEBUG  ]  File ignored by rseqc/bam_stat because it exceeded search pattern filesize limit: 401664_HL7J5DSX3-1_merged_fastqc.html
[2022-08-05 11:09:31,412] multiqc                                            [DEBUG  ]  File ignored by rseqc/junction_annotation because it exceeded search pattern filesize limit: 401664_HL7J5DSX3-1_merged_fastqc.html
[2022-08-05 11:09:31,412] multiqc                                            [DEBUG  ]  File ignored by rseqc/read_distribution because it exceeded search pattern filesize limit: 401664_HL7J5DSX3-1_merged_fastqc.html
[2022-08-05 11:09:31,412] multiqc                                            [DEBUG  ]  File ignored by rseqc/infer_experiment because it exceeded search pattern filesize limit: 401664_HL7J5DSX3-1_merged_fastqc.html
[2022-08-05 11:09:31,510] multiqc                                            [DEBUG  ]  Ignoring file as matched an ignore pattern: 401664_HL7J5DSX3-1_merged.fastq.gz
[2022-08-05 11:09:31,677] multiqc                                            [DEBUG  ]  File ignored by ccs/v4 because it exceeded search pattern filesize limit: 401664_HL7J5DSX3-1_R1p_fastqc.html
[2022-08-05 11:09:31,685] multiqc                                            [DEBUG  ]  File ignored by hicexplorer because it exceeded search pattern filesize limit: 401664_HL7J5DSX3-1_R1p_fastqc.html
[2022-08-05 11:09:31,685] multiqc                                            [DEBUG  ]  File ignored by nanostat because it exceeded search pattern filesize limit: 401664_HL7J5DSX3-1_R1p_fastqc.html
[2022-08-05 11:09:31,685] multiqc                                            [DEBUG  ]  File ignored by lima/summary because it exceeded search pattern filesize limit: 401664_HL7J5DSX3-1_R1p_fastqc.html
[2022-08-05 11:09:31,698] multiqc                                            [DEBUG  ]  File ignored by vep/vep_txt because it exceeded search pattern filesize limit: 401664_HL7J5DSX3-1_R1p_fastqc.html
[2022-08-05 11:09:31,698] multiqc                                            [DEBUG  ]  File ignored by longranger/invocation because it exceeded search pattern filesize limit: 401664_HL7J5DSX3-1_R1p_fastqc.html
[2022-08-05 11:09:31,698] multiqc                                            [DEBUG  ]  File ignored by rockhopper because it exceeded search pattern filesize limit: 401664_HL7J5DSX3-1_R1p_fastqc.html
[2022-08-05 11:09:31,698] multiqc                                            [DEBUG  ]  File ignored by rseqc/bam_stat because it exceeded search pattern filesize limit: 401664_HL7J5DSX3-1_R1p_fastqc.html
[2022-08-05 11:09:31,698] multiqc                                            [DEBUG  ]  File ignored by rseqc/junction_annotation because it exceeded search pattern filesize limit: 401664_HL7J5DSX3-1_R1p_fastqc.html
[2022-08-05 11:09:31,698] multiqc                                            [DEBUG  ]  File ignored by rseqc/read_distribution because it exceeded search pattern filesize limit: 401664_HL7J5DSX3-1_R1p_fastqc.html
[2022-08-05 11:09:31,698] multiqc                                            [DEBUG  ]  File ignored by rseqc/infer_experiment because it exceeded search pattern filesize limit: 401664_HL7J5DSX3-1_R1p_fastqc.html
[2022-08-05 11:09:31,772] multiqc                                            [DEBUG  ]  Ignoring file as matched an ignore pattern: 401664_HL7J5DSX3-1_R1p.fastq.gz
[2022-08-05 11:09:31,904] multiqc                                            [DEBUG  ]  File ignored by ccs/v4 because it exceeded search pattern filesize limit: 401664_HL7J5DSX3-1_R1R2u_fastqc.html
[2022-08-05 11:09:31,908] multiqc                                            [DEBUG  ]  File ignored by hicexplorer because it exceeded search pattern filesize limit: 401664_HL7J5DSX3-1_R1R2u_fastqc.html
[2022-08-05 11:09:31,909] multiqc                                            [DEBUG  ]  File ignored by nanostat because it exceeded search pattern filesize limit: 401664_HL7J5DSX3-1_R1R2u_fastqc.html
[2022-08-05 11:09:31,909] multiqc                                            [DEBUG  ]  File ignored by lima/summary because it exceeded search pattern filesize limit: 401664_HL7J5DSX3-1_R1R2u_fastqc.html
[2022-08-05 11:09:31,916] multiqc                                            [DEBUG  ]  File ignored by vep/vep_txt because it exceeded search pattern filesize limit: 401664_HL7J5DSX3-1_R1R2u_fastqc.html
[2022-08-05 11:09:31,916] multiqc                                            [DEBUG  ]  File ignored by longranger/invocation because it exceeded search pattern filesize limit: 401664_HL7J5DSX3-1_R1R2u_fastqc.html
[2022-08-05 11:09:31,916] multiqc                                            [DEBUG  ]  File ignored by rockhopper because it exceeded search pattern filesize limit: 401664_HL7J5DSX3-1_R1R2u_fastqc.html
[2022-08-05 11:09:31,916] multiqc                                            [DEBUG  ]  File ignored by rseqc/bam_stat because it exceeded search pattern filesize limit: 401664_HL7J5DSX3-1_R1R2u_fastqc.html
[2022-08-05 11:09:31,916] multiqc                                            [DEBUG  ]  File ignored by rseqc/junction_annotation because it exceeded search pattern filesize limit: 401664_HL7J5DSX3-1_R1R2u_fastqc.html
[2022-08-05 11:09:31,917] multiqc                                            [DEBUG  ]  File ignored by rseqc/read_distribution because it exceeded search pattern filesize limit: 401664_HL7J5DSX3-1_R1R2u_fastqc.html
[2022-08-05 11:09:31,917] multiqc                                            [DEBUG  ]  File ignored by rseqc/infer_experiment because it exceeded search pattern filesize limit: 401664_HL7J5DSX3-1_R1R2u_fastqc.html
[2022-08-05 11:09:31,982] multiqc                                            [DEBUG  ]  Ignoring file as matched an ignore pattern: 401664_HL7J5DSX3-1_R1R2u.fastq.gz
[2022-08-05 11:09:32,114] multiqc                                            [DEBUG  ]  File ignored by ccs/v4 because it exceeded search pattern filesize limit: 401664_HL7J5DSX3-1_R2p_fastqc.html
[2022-08-05 11:09:32,122] multiqc                                            [DEBUG  ]  File ignored by hicexplorer because it exceeded search pattern filesize limit: 401664_HL7J5DSX3-1_R2p_fastqc.html
[2022-08-05 11:09:32,123] multiqc                                            [DEBUG  ]  File ignored by nanostat because it exceeded search pattern filesize limit: 401664_HL7J5DSX3-1_R2p_fastqc.html
[2022-08-05 11:09:32,123] multiqc                                            [DEBUG  ]  File ignored by lima/summary because it exceeded search pattern filesize limit: 401664_HL7J5DSX3-1_R2p_fastqc.html
[2022-08-05 11:09:32,138] multiqc                                            [DEBUG  ]  File ignored by vep/vep_txt because it exceeded search pattern filesize limit: 401664_HL7J5DSX3-1_R2p_fastqc.html
[2022-08-05 11:09:32,138] multiqc                                            [DEBUG  ]  File ignored by longranger/invocation because it exceeded search pattern filesize limit: 401664_HL7J5DSX3-1_R2p_fastqc.html
[2022-08-05 11:09:32,138] multiqc                                            [DEBUG  ]  File ignored by rockhopper because it exceeded search pattern filesize limit: 401664_HL7J5DSX3-1_R2p_fastqc.html
[2022-08-05 11:09:32,138] multiqc                                            [DEBUG  ]  File ignored by rseqc/bam_stat because it exceeded search pattern filesize limit: 401664_HL7J5DSX3-1_R2p_fastqc.html
[2022-08-05 11:09:32,138] multiqc                                            [DEBUG  ]  File ignored by rseqc/junction_annotation because it exceeded search pattern filesize limit: 401664_HL7J5DSX3-1_R2p_fastqc.html
[2022-08-05 11:09:32,138] multiqc                                            [DEBUG  ]  File ignored by rseqc/read_distribution because it exceeded search pattern filesize limit: 401664_HL7J5DSX3-1_R2p_fastqc.html
[2022-08-05 11:09:32,138] multiqc                                            [DEBUG  ]  File ignored by rseqc/infer_experiment because it exceeded search pattern filesize limit: 401664_HL7J5DSX3-1_R2p_fastqc.html
[2022-08-05 11:09:32,210] multiqc                                            [DEBUG  ]  Ignoring file as matched an ignore pattern: 401664_HL7J5DSX3-1_R2p.fastq.gz
[2022-08-05 11:09:32,210] multiqc                                            [DEBUG  ]  Ignoring file as matched an ignore pattern: 401664_QCreads.md5
[2022-08-05 11:09:33,443] multiqc.plots.bargraph                             [DEBUG  ]  Using matplotlib version 3.3.4
[2022-08-05 11:09:33,448] multiqc.plots.linegraph                            [DEBUG  ]  Using matplotlib version 3.3.4
[2022-08-05 11:09:33,452] multiqc                                            [DEBUG  ]  No samples found: custom_content
[2022-08-05 11:09:33,461] multiqc                                            [DEBUG  ]  No samples found: ccs
[2022-08-05 11:09:33,469] multiqc                                            [DEBUG  ]  No samples found: ngsderive
[2022-08-05 11:09:33,475] multiqc                                            [DEBUG  ]  No samples found: purple
[2022-08-05 11:09:33,506] multiqc                                            [DEBUG  ]  No samples found: conpair
[2022-08-05 11:09:33,513] multiqc                                            [DEBUG  ]  No samples found: lima
[2022-08-05 11:09:33,519] multiqc                                            [DEBUG  ]  No samples found: peddy
[2022-08-05 11:09:33,525] multiqc                                            [DEBUG  ]  No samples found: somalier
[2022-08-05 11:09:33,530] multiqc                                            [DEBUG  ]  No samples found: methylQA
[2022-08-05 11:09:33,542] multiqc.modules.mosdepth.mosdepth                  [DEBUG  ]  include_contigs: []
[2022-08-05 11:09:33,542] multiqc.modules.mosdepth.mosdepth                  [DEBUG  ]  exclude_contigs: []
[2022-08-05 11:09:33,542] multiqc                                            [DEBUG  ]  No samples found: mosdepth
[2022-08-05 11:09:33,547] multiqc                                            [DEBUG  ]  No samples found: phantompeakqualtools
[2022-08-05 11:09:33,551] multiqc                                            [DEBUG  ]  No samples found: qualimap
[2022-08-05 11:09:33,557] multiqc                                            [DEBUG  ]  No samples found: preseq
[2022-08-05 11:09:33,565] multiqc                                            [DEBUG  ]  No samples found: quast
[2022-08-05 11:09:33,569] multiqc                                            [DEBUG  ]  No samples found: qorts
[2022-08-05 11:09:33,575] multiqc                                            [DEBUG  ]  No samples found: rna_seqc
[2022-08-05 11:09:33,580] multiqc                                            [DEBUG  ]  No samples found: rockhopper
[2022-08-05 11:09:33,585] multiqc                                            [DEBUG  ]  No samples found: rsem
[2022-08-05 11:09:33,619] multiqc                                            [DEBUG  ]  No samples found: rseqc
[2022-08-05 11:09:33,624] multiqc                                            [DEBUG  ]  No samples found: busco
[2022-08-05 11:09:33,632] multiqc                                            [DEBUG  ]  No samples found: bustools
[2022-08-05 11:09:33,638] multiqc                                            [DEBUG  ]  No samples found: goleft_indexcov
[2022-08-05 11:09:33,647] multiqc                                            [DEBUG  ]  No samples found: gffcompare
[2022-08-05 11:09:33,651] multiqc                                            [DEBUG  ]  No samples found: disambiguate
[2022-08-05 11:09:33,658] multiqc                                            [DEBUG  ]  No samples found: supernova
[2022-08-05 11:09:33,678] multiqc                                            [DEBUG  ]  No samples found: deeptools
[2022-08-05 11:09:33,912] multiqc                                            [DEBUG  ]  No samples found: sargasso
[2022-08-05 11:09:33,918] multiqc                                            [DEBUG  ]  No samples found: verifybamid
[2022-08-05 11:09:33,923] multiqc                                            [DEBUG  ]  No samples found: mirtrace
[2022-08-05 11:09:33,928] multiqc                                            [DEBUG  ]  No samples found: happy
[2022-08-05 11:09:33,933] multiqc                                            [DEBUG  ]  No samples found: mirtop
[2022-08-05 11:09:33,940] multiqc                                            [DEBUG  ]  No samples found: sambamba
[2022-08-05 11:09:33,949] multiqc                                            [DEBUG  ]  No samples found: homer
[2022-08-05 11:09:33,955] multiqc                                            [DEBUG  ]  No samples found: hops
[2022-08-05 11:09:33,959] multiqc                                            [DEBUG  ]  No samples found: macs2
[2022-08-05 11:09:33,963] multiqc                                            [DEBUG  ]  No samples found: theta2
[2022-08-05 11:09:33,969] multiqc                                            [DEBUG  ]  No samples found: snpeff
[2022-08-05 11:09:33,979] multiqc                                            [DEBUG  ]  No samples found: gatk
[2022-08-05 11:09:33,983] multiqc                                            [DEBUG  ]  No samples found: htseq
[2022-08-05 11:09:33,990] multiqc                                            [DEBUG  ]  No samples found: bcftools
[2022-08-05 11:09:33,994] multiqc                                            [DEBUG  ]  No samples found: featureCounts
[2022-08-05 11:09:34,001] multiqc                                            [DEBUG  ]  No samples found: fgbio
[2022-08-05 11:09:34,021] multiqc                                            [DEBUG  ]  No samples found: dragen
[2022-08-05 11:09:34,026] multiqc                                            [DEBUG  ]  No samples found: dedup
[2022-08-05 11:09:34,032] multiqc                                            [DEBUG  ]  No samples found: damageprofiler
[2022-08-05 11:09:34,534] multiqc                                            [DEBUG  ]  No samples found: biobambam2
[2022-08-05 11:09:34,539] multiqc                                            [DEBUG  ]  No samples found: jcvi
[2022-08-05 11:09:34,543] multiqc                                            [DEBUG  ]  No samples found: mtnucratio
[2022-08-05 11:09:34,545] multiqc                                            [DEBUG  ]  No samples found: picard
[2022-08-05 11:09:34,550] multiqc                                            [DEBUG  ]  No samples found: vep
[2022-08-05 11:09:34,559] multiqc                                            [DEBUG  ]  No samples found: sentieon
[2022-08-05 11:09:34,563] multiqc                                            [DEBUG  ]  No samples found: prokka
[2022-08-05 11:09:34,570] multiqc                                            [DEBUG  ]  No samples found: qc3C
[2022-08-05 11:09:34,576] multiqc                                            [DEBUG  ]  No samples found: nanostat
[2022-08-05 11:09:34,580] multiqc                                            [DEBUG  ]  No samples found: samblaster
[2022-08-05 11:09:34,590] multiqc                                            [DEBUG  ]  No samples found: samtools
[2022-08-05 11:09:34,595] multiqc                                            [DEBUG  ]  No samples found: sexdeterrmine
[2022-08-05 11:09:34,599] multiqc                                            [DEBUG  ]  No samples found: eigenstratdatabasetools
[2022-08-05 11:09:34,604] multiqc                                            [DEBUG  ]  No samples found: bamtools
[2022-08-05 11:09:34,608] multiqc                                            [DEBUG  ]  No samples found: jellyfish
[2022-08-05 11:09:34,846] multiqc                                            [DEBUG  ]  No samples found: vcftools
[2022-08-05 11:09:34,852] multiqc                                            [DEBUG  ]  No samples found: longranger
[2022-08-05 11:09:34,856] multiqc                                            [DEBUG  ]  No samples found: stacks
[2022-08-05 11:09:34,861] multiqc                                            [DEBUG  ]  No samples found: varscan2
[2022-08-05 11:09:34,866] multiqc                                            [DEBUG  ]  No samples found: snippy
[2022-08-05 11:09:35,115] multiqc                                            [DEBUG  ]  No samples found: bbmap
[2022-08-05 11:09:35,352] multiqc                                            [DEBUG  ]  No samples found: bismark
[2022-08-05 11:09:35,361] multiqc                                            [DEBUG  ]  No samples found: biscuit
[2022-08-05 11:09:35,367] multiqc                                            [DEBUG  ]  No samples found: hicexplorer
[2022-08-05 11:09:35,373] multiqc                                            [DEBUG  ]  No samples found: hicup
[2022-08-05 11:09:35,379] multiqc                                            [DEBUG  ]  No samples found: hicpro
[2022-08-05 11:09:35,383] multiqc                                            [DEBUG  ]  No samples found: salmon
[2022-08-05 11:09:35,388] multiqc                                            [DEBUG  ]  No samples found: kallisto
[2022-08-05 11:09:35,395] multiqc                                            [DEBUG  ]  No samples found: slamdunk
[2022-08-05 11:09:35,402] multiqc                                            [DEBUG  ]  No samples found: star
[2022-08-05 11:09:35,406] multiqc                                            [DEBUG  ]  No samples found: hisat2
[2022-08-05 11:09:35,411] multiqc                                            [DEBUG  ]  No samples found: tophat
[2022-08-05 11:09:35,417] multiqc                                            [DEBUG  ]  No samples found: bowtie2
[2022-08-05 11:09:35,422] multiqc                                            [DEBUG  ]  No samples found: bowtie1
[2022-08-05 11:09:35,428] multiqc                                            [DEBUG  ]  No samples found: snpsplit
[2022-08-05 11:09:35,434] multiqc                                            [DEBUG  ]  No samples found: odgi
[2022-08-05 11:09:35,439] multiqc                                            [DEBUG  ]  No samples found: pangolin
[2022-08-05 11:09:35,443] multiqc                                            [DEBUG  ]  No samples found: kat
[2022-08-05 11:09:35,449] multiqc                                            [DEBUG  ]  No samples found: leehom
[2022-08-05 11:09:35,457] multiqc                                            [DEBUG  ]  No samples found: adapterRemoval
[2022-08-05 11:09:35,463] multiqc                                            [DEBUG  ]  No samples found: clipandmerge
[2022-08-05 11:09:35,469] multiqc                                            [DEBUG  ]  No samples found: cutadapt
[2022-08-05 11:09:35,475] multiqc                                            [DEBUG  ]  No samples found: flexbar
[2022-08-05 11:09:35,481] multiqc                                            [DEBUG  ]  No samples found: kaiju
[2022-08-05 11:09:35,487] multiqc                                            [DEBUG  ]  No samples found: kraken
[2022-08-05 11:09:35,492] multiqc                                            [DEBUG  ]  No samples found: malt
[2022-08-05 11:09:35,727] multiqc                                            [DEBUG  ]  No samples found: trimmomatic
[2022-08-05 11:09:35,733] multiqc                                            [DEBUG  ]  No samples found: sickle
[2022-08-05 11:09:35,738] multiqc                                            [DEBUG  ]  No samples found: skewer
[2022-08-05 11:09:35,743] multiqc                                            [DEBUG  ]  No samples found: sortmerna
[2022-08-05 11:09:35,748] multiqc                                            [DEBUG  ]  No samples found: biobloomtools
[2022-08-05 11:09:35,755] multiqc                                            [DEBUG  ]  No samples found: fastq_screen
[2022-08-05 11:09:35,760] multiqc                                            [DEBUG  ]  No samples found: afterqc
[2022-08-05 11:09:35,766] multiqc                                            [DEBUG  ]  No samples found: fastp
[2022-08-05 11:09:38,586] multiqc.modules.fastqc.fastqc                      [INFO   ]  Found 4 reports
[2022-08-05 11:09:38,637] multiqc                                            [DEBUG  ]  No samples found: pychopper
[2022-08-05 11:09:38,645] multiqc                                            [DEBUG  ]  No samples found: pycoqc
[2022-08-05 11:09:38,654] multiqc                                            [DEBUG  ]  No samples found: minionqc
[2022-08-05 11:09:38,662] multiqc                                            [DEBUG  ]  No samples found: multivcfanalyzer
[2022-08-05 11:09:38,669] multiqc                                            [DEBUG  ]  No samples found: clusterflow
[2022-08-05 11:09:38,678] multiqc                                            [DEBUG  ]  No samples found: bcl2fastq
[2022-08-05 11:09:38,686] multiqc                                            [DEBUG  ]  No samples found: bclconvert
[2022-08-05 11:09:38,694] multiqc                                            [DEBUG  ]  No samples found: interop
[2022-08-05 11:09:38,700] multiqc                                            [DEBUG  ]  No samples found: ivar
[2022-08-05 11:09:38,707] multiqc                                            [DEBUG  ]  No samples found: flash
[2022-08-05 11:09:38,714] multiqc                                            [DEBUG  ]  No samples found: seqyclean
[2022-08-05 11:09:38,719] multiqc                                            [DEBUG  ]  No samples found: optitype
[2022-08-05 11:09:38,723] multiqc                                            [INFO   ]  Compressing plot data
[2022-08-05 11:09:39,393] multiqc                                            [INFO   ]  Report      : 401664_MGSD_CSIRO.qc.stats/multiqc_report.html
[2022-08-05 11:09:39,393] multiqc                                            [INFO   ]  Data        : 401664_MGSD_CSIRO.qc.stats/multiqc_data
[2022-08-05 11:09:39,393] multiqc                                            [DEBUG  ]  Moving data file from '/tmp/smi9a9.8585218/tmp0dk6xiv1/multiqc_data' to '401664_MGSD_CSIRO.qc.stats/multiqc_data'
[2022-08-05 11:09:40,218] multiqc                                            [INFO   ]  MultiQC complete
