[2022-08-05 11:07:56,896] multiqc                                            [DEBUG  ]  This is MultiQC v1.11
[2022-08-05 11:07:56,896] multiqc                                            [DEBUG  ]  No MultiQC config found: /apps/multiqc/1.11/lib/python3.9/site-packages/multiqc_config.yaml
[2022-08-05 11:07:56,897] multiqc                                            [DEBUG  ]  No MultiQC config found: /home/smi9a9/.multiqc_config.yaml
[2022-08-05 11:07:58,824] multiqc                                            [DEBUG  ]  No MultiQC config found: multiqc_config.yaml
[2022-08-05 11:07:58,825] multiqc                                            [DEBUG  ]  Command used: /apps/multiqc/1.11/bin/multiqc ./138538_HG7NLDSX2-4_merged_fastqc.html ./138538_HG7NLDSX2-4_merged_fastqc.zip ./138538_HG7NLDSX2-4_merged.fastq.gz ./138538_HG7NLDSX2-4_R1p_fastqc.html ./138538_HG7NLDSX2-4_R1p_fastqc.zip ./138538_HG7NLDSX2-4_R1p.fastq.gz ./138538_HG7NLDSX2-4_R1R2u_fastqc.html ./138538_HG7NLDSX2-4_R1R2u_fastqc.zip ./138538_HG7NLDSX2-4_R1R2u.fastq.gz ./138538_HG7NLDSX2-4_R2p_fastqc.html ./138538_HG7NLDSX2-4_R2p_fastqc.zip ./138538_HG7NLDSX2-4_R2p.fastq.gz ./138538_QCreads.md5 -o 138538_MGSD_CSIRO.qc.stats
[2022-08-05 11:07:58,827] multiqc                                            [DEBUG  ]  Could not connect to multiqc.info for version check: <urlopen error [Errno 111] Connection refused>
[2022-08-05 11:07:58,827] multiqc                                            [DEBUG  ]  Command     : /apps/multiqc/1.11/bin/multiqc ./138538_HG7NLDSX2-4_merged_fastqc.html ./138538_HG7NLDSX2-4_merged_fastqc.zip ./138538_HG7NLDSX2-4_merged.fastq.gz ./138538_HG7NLDSX2-4_R1p_fastqc.html ./138538_HG7NLDSX2-4_R1p_fastqc.zip ./138538_HG7NLDSX2-4_R1p.fastq.gz ./138538_HG7NLDSX2-4_R1R2u_fastqc.html ./138538_HG7NLDSX2-4_R1R2u_fastqc.zip ./138538_HG7NLDSX2-4_R1R2u.fastq.gz ./138538_HG7NLDSX2-4_R2p_fastqc.html ./138538_HG7NLDSX2-4_R2p_fastqc.zip ./138538_HG7NLDSX2-4_R2p.fastq.gz ./138538_QCreads.md5 -o 138538_MGSD_CSIRO.qc.stats
[2022-08-05 11:07:58,827] multiqc                                            [DEBUG  ]  Working dir : /datasets/work/oa-amd/work/amd/Metagenome_QC_reads
[2022-08-05 11:07:58,827] multiqc                                            [DEBUG  ]  Template    : default
[2022-08-05 11:07:58,827] multiqc                                            [DEBUG  ]  Running Python 3.9.4 (default, Apr 25 2021, 16:13:27)  [GCC 10.3.0]
[2022-08-05 11:07:58,828] multiqc                                            [DEBUG  ]  Analysing modules: custom_content, ccs, ngsderive, purple, conpair, lima, peddy, somalier, methylQA, mosdepth, phantompeakqualtools, qualimap, preseq, quast, qorts, rna_seqc, rockhopper, rsem, rseqc, busco, bustools, goleft_indexcov, gffcompare, disambiguate, supernova, deeptools, sargasso, verifybamid, mirtrace, happy, mirtop, sambamba, homer, hops, macs2, theta2, snpeff, gatk, htseq, bcftools, featureCounts, fgbio, dragen, dedup, damageprofiler, biobambam2, jcvi, mtnucratio, picard, vep, sentieon, prokka, qc3C, nanostat, samblaster, samtools, sexdeterrmine, eigenstratdatabasetools, bamtools, jellyfish, vcftools, longranger, stacks, varscan2, snippy, bbmap, bismark, biscuit, hicexplorer, hicup, hicpro, salmon, kallisto, slamdunk, star, hisat2, tophat, bowtie2, bowtie1, snpsplit, odgi, pangolin, kat, leehom, adapterRemoval, clipandmerge, cutadapt, flexbar, kaiju, kraken, malt, trimmomatic, sickle, skewer, sortmerna, biobloomtools, fastq_screen, afterqc, fastp, fastqc, pychopper, pycoqc, minionqc, multivcfanalyzer, clusterflow, bcl2fastq, bclconvert, interop, ivar, flash, seqyclean, optitype
[2022-08-05 11:07:58,828] multiqc                                            [DEBUG  ]  Using temporary directory for creating report: /tmp/smi9a9.8584617/tmp7hl68wxf
[2022-08-05 11:07:59,262] multiqc                                            [INFO   ]  Search path : /datasets/work/oa-amd/work/amd/Metagenome_QC_reads/138538_HG7NLDSX2-4_merged_fastqc.html
[2022-08-05 11:07:59,263] multiqc                                            [INFO   ]  Search path : /datasets/work/oa-amd/work/amd/Metagenome_QC_reads/138538_HG7NLDSX2-4_merged_fastqc.zip
[2022-08-05 11:07:59,263] multiqc                                            [INFO   ]  Search path : /datasets/work/oa-amd/work/amd/Metagenome_QC_reads/138538_HG7NLDSX2-4_merged.fastq.gz
[2022-08-05 11:07:59,263] multiqc                                            [INFO   ]  Search path : /datasets/work/oa-amd/work/amd/Metagenome_QC_reads/138538_HG7NLDSX2-4_R1p_fastqc.html
[2022-08-05 11:07:59,263] multiqc                                            [INFO   ]  Search path : /datasets/work/oa-amd/work/amd/Metagenome_QC_reads/138538_HG7NLDSX2-4_R1p_fastqc.zip
[2022-08-05 11:07:59,263] multiqc                                            [INFO   ]  Search path : /datasets/work/oa-amd/work/amd/Metagenome_QC_reads/138538_HG7NLDSX2-4_R1p.fastq.gz
[2022-08-05 11:07:59,263] multiqc                                            [INFO   ]  Search path : /datasets/work/oa-amd/work/amd/Metagenome_QC_reads/138538_HG7NLDSX2-4_R1R2u_fastqc.html
[2022-08-05 11:07:59,263] multiqc                                            [INFO   ]  Search path : /datasets/work/oa-amd/work/amd/Metagenome_QC_reads/138538_HG7NLDSX2-4_R1R2u_fastqc.zip
[2022-08-05 11:07:59,263] multiqc                                            [INFO   ]  Search path : /datasets/work/oa-amd/work/amd/Metagenome_QC_reads/138538_HG7NLDSX2-4_R1R2u.fastq.gz
[2022-08-05 11:07:59,263] multiqc                                            [INFO   ]  Search path : /datasets/work/oa-amd/work/amd/Metagenome_QC_reads/138538_HG7NLDSX2-4_R2p_fastqc.html
[2022-08-05 11:07:59,263] multiqc                                            [INFO   ]  Search path : /datasets/work/oa-amd/work/amd/Metagenome_QC_reads/138538_HG7NLDSX2-4_R2p_fastqc.zip
[2022-08-05 11:07:59,263] multiqc                                            [INFO   ]  Search path : /datasets/work/oa-amd/work/amd/Metagenome_QC_reads/138538_HG7NLDSX2-4_R2p.fastq.gz
[2022-08-05 11:07:59,263] multiqc                                            [INFO   ]  Search path : /datasets/work/oa-amd/work/amd/Metagenome_QC_reads/138538_QCreads.md5
[2022-08-05 11:08:00,085] multiqc                                            [DEBUG  ]  File ignored by ccs/v4 because it exceeded search pattern filesize limit: 138538_HG7NLDSX2-4_merged_fastqc.html
[2022-08-05 11:08:00,099] multiqc                                            [DEBUG  ]  File ignored by hicexplorer because it exceeded search pattern filesize limit: 138538_HG7NLDSX2-4_merged_fastqc.html
[2022-08-05 11:08:00,100] multiqc                                            [DEBUG  ]  File ignored by nanostat because it exceeded search pattern filesize limit: 138538_HG7NLDSX2-4_merged_fastqc.html
[2022-08-05 11:08:00,100] multiqc                                            [DEBUG  ]  File ignored by lima/summary because it exceeded search pattern filesize limit: 138538_HG7NLDSX2-4_merged_fastqc.html
[2022-08-05 11:08:00,143] multiqc                                            [DEBUG  ]  File ignored by vep/vep_txt because it exceeded search pattern filesize limit: 138538_HG7NLDSX2-4_merged_fastqc.html
[2022-08-05 11:08:00,143] multiqc                                            [DEBUG  ]  File ignored by longranger/invocation because it exceeded search pattern filesize limit: 138538_HG7NLDSX2-4_merged_fastqc.html
[2022-08-05 11:08:00,144] multiqc                                            [DEBUG  ]  File ignored by rockhopper because it exceeded search pattern filesize limit: 138538_HG7NLDSX2-4_merged_fastqc.html
[2022-08-05 11:08:00,144] multiqc                                            [DEBUG  ]  File ignored by rseqc/bam_stat because it exceeded search pattern filesize limit: 138538_HG7NLDSX2-4_merged_fastqc.html
[2022-08-05 11:08:00,144] multiqc                                            [DEBUG  ]  File ignored by rseqc/junction_annotation because it exceeded search pattern filesize limit: 138538_HG7NLDSX2-4_merged_fastqc.html
[2022-08-05 11:08:00,144] multiqc                                            [DEBUG  ]  File ignored by rseqc/read_distribution because it exceeded search pattern filesize limit: 138538_HG7NLDSX2-4_merged_fastqc.html
[2022-08-05 11:08:00,144] multiqc                                            [DEBUG  ]  File ignored by rseqc/infer_experiment because it exceeded search pattern filesize limit: 138538_HG7NLDSX2-4_merged_fastqc.html
[2022-08-05 11:08:00,505] multiqc                                            [DEBUG  ]  Ignoring file as matched an ignore pattern: 138538_HG7NLDSX2-4_merged.fastq.gz
[2022-08-05 11:08:00,893] multiqc                                            [DEBUG  ]  File ignored by ccs/v4 because it exceeded search pattern filesize limit: 138538_HG7NLDSX2-4_R1p_fastqc.html
[2022-08-05 11:08:00,906] multiqc                                            [DEBUG  ]  File ignored by hicexplorer because it exceeded search pattern filesize limit: 138538_HG7NLDSX2-4_R1p_fastqc.html
[2022-08-05 11:08:00,907] multiqc                                            [DEBUG  ]  File ignored by nanostat because it exceeded search pattern filesize limit: 138538_HG7NLDSX2-4_R1p_fastqc.html
[2022-08-05 11:08:00,907] multiqc                                            [DEBUG  ]  File ignored by lima/summary because it exceeded search pattern filesize limit: 138538_HG7NLDSX2-4_R1p_fastqc.html
[2022-08-05 11:08:00,943] multiqc                                            [DEBUG  ]  File ignored by vep/vep_txt because it exceeded search pattern filesize limit: 138538_HG7NLDSX2-4_R1p_fastqc.html
[2022-08-05 11:08:00,943] multiqc                                            [DEBUG  ]  File ignored by longranger/invocation because it exceeded search pattern filesize limit: 138538_HG7NLDSX2-4_R1p_fastqc.html
[2022-08-05 11:08:00,943] multiqc                                            [DEBUG  ]  File ignored by rockhopper because it exceeded search pattern filesize limit: 138538_HG7NLDSX2-4_R1p_fastqc.html
[2022-08-05 11:08:00,943] multiqc                                            [DEBUG  ]  File ignored by rseqc/bam_stat because it exceeded search pattern filesize limit: 138538_HG7NLDSX2-4_R1p_fastqc.html
[2022-08-05 11:08:00,943] multiqc                                            [DEBUG  ]  File ignored by rseqc/junction_annotation because it exceeded search pattern filesize limit: 138538_HG7NLDSX2-4_R1p_fastqc.html
[2022-08-05 11:08:00,943] multiqc                                            [DEBUG  ]  File ignored by rseqc/read_distribution because it exceeded search pattern filesize limit: 138538_HG7NLDSX2-4_R1p_fastqc.html
[2022-08-05 11:08:00,943] multiqc                                            [DEBUG  ]  File ignored by rseqc/infer_experiment because it exceeded search pattern filesize limit: 138538_HG7NLDSX2-4_R1p_fastqc.html
[2022-08-05 11:08:01,025] multiqc                                            [DEBUG  ]  Ignoring file as matched an ignore pattern: 138538_HG7NLDSX2-4_R1p.fastq.gz
[2022-08-05 11:08:01,122] multiqc                                            [DEBUG  ]  File ignored by ccs/v4 because it exceeded search pattern filesize limit: 138538_HG7NLDSX2-4_R1R2u_fastqc.html
[2022-08-05 11:08:01,131] multiqc                                            [DEBUG  ]  File ignored by hicexplorer because it exceeded search pattern filesize limit: 138538_HG7NLDSX2-4_R1R2u_fastqc.html
[2022-08-05 11:08:01,132] multiqc                                            [DEBUG  ]  File ignored by nanostat because it exceeded search pattern filesize limit: 138538_HG7NLDSX2-4_R1R2u_fastqc.html
[2022-08-05 11:08:01,132] multiqc                                            [DEBUG  ]  File ignored by lima/summary because it exceeded search pattern filesize limit: 138538_HG7NLDSX2-4_R1R2u_fastqc.html
[2022-08-05 11:08:01,171] multiqc                                            [DEBUG  ]  File ignored by vep/vep_txt because it exceeded search pattern filesize limit: 138538_HG7NLDSX2-4_R1R2u_fastqc.html
[2022-08-05 11:08:01,171] multiqc                                            [DEBUG  ]  File ignored by longranger/invocation because it exceeded search pattern filesize limit: 138538_HG7NLDSX2-4_R1R2u_fastqc.html
[2022-08-05 11:08:01,171] multiqc                                            [DEBUG  ]  File ignored by rockhopper because it exceeded search pattern filesize limit: 138538_HG7NLDSX2-4_R1R2u_fastqc.html
[2022-08-05 11:08:01,171] multiqc                                            [DEBUG  ]  File ignored by rseqc/bam_stat because it exceeded search pattern filesize limit: 138538_HG7NLDSX2-4_R1R2u_fastqc.html
[2022-08-05 11:08:01,171] multiqc                                            [DEBUG  ]  File ignored by rseqc/junction_annotation because it exceeded search pattern filesize limit: 138538_HG7NLDSX2-4_R1R2u_fastqc.html
[2022-08-05 11:08:01,171] multiqc                                            [DEBUG  ]  File ignored by rseqc/read_distribution because it exceeded search pattern filesize limit: 138538_HG7NLDSX2-4_R1R2u_fastqc.html
[2022-08-05 11:08:01,171] multiqc                                            [DEBUG  ]  File ignored by rseqc/infer_experiment because it exceeded search pattern filesize limit: 138538_HG7NLDSX2-4_R1R2u_fastqc.html
[2022-08-05 11:08:01,276] multiqc                                            [DEBUG  ]  Ignoring file as matched an ignore pattern: 138538_HG7NLDSX2-4_R1R2u.fastq.gz
[2022-08-05 11:08:01,336] multiqc                                            [DEBUG  ]  File ignored by ccs/v4 because it exceeded search pattern filesize limit: 138538_HG7NLDSX2-4_R2p_fastqc.html
[2022-08-05 11:08:01,345] multiqc                                            [DEBUG  ]  File ignored by hicexplorer because it exceeded search pattern filesize limit: 138538_HG7NLDSX2-4_R2p_fastqc.html
[2022-08-05 11:08:01,346] multiqc                                            [DEBUG  ]  File ignored by nanostat because it exceeded search pattern filesize limit: 138538_HG7NLDSX2-4_R2p_fastqc.html
[2022-08-05 11:08:01,346] multiqc                                            [DEBUG  ]  File ignored by lima/summary because it exceeded search pattern filesize limit: 138538_HG7NLDSX2-4_R2p_fastqc.html
[2022-08-05 11:08:01,365] multiqc                                            [DEBUG  ]  File ignored by vep/vep_txt because it exceeded search pattern filesize limit: 138538_HG7NLDSX2-4_R2p_fastqc.html
[2022-08-05 11:08:01,365] multiqc                                            [DEBUG  ]  File ignored by longranger/invocation because it exceeded search pattern filesize limit: 138538_HG7NLDSX2-4_R2p_fastqc.html
[2022-08-05 11:08:01,365] multiqc                                            [DEBUG  ]  File ignored by rockhopper because it exceeded search pattern filesize limit: 138538_HG7NLDSX2-4_R2p_fastqc.html
[2022-08-05 11:08:01,365] multiqc                                            [DEBUG  ]  File ignored by rseqc/bam_stat because it exceeded search pattern filesize limit: 138538_HG7NLDSX2-4_R2p_fastqc.html
[2022-08-05 11:08:01,366] multiqc                                            [DEBUG  ]  File ignored by rseqc/junction_annotation because it exceeded search pattern filesize limit: 138538_HG7NLDSX2-4_R2p_fastqc.html
[2022-08-05 11:08:01,366] multiqc                                            [DEBUG  ]  File ignored by rseqc/read_distribution because it exceeded search pattern filesize limit: 138538_HG7NLDSX2-4_R2p_fastqc.html
[2022-08-05 11:08:01,366] multiqc                                            [DEBUG  ]  File ignored by rseqc/infer_experiment because it exceeded search pattern filesize limit: 138538_HG7NLDSX2-4_R2p_fastqc.html
[2022-08-05 11:08:01,646] multiqc                                            [DEBUG  ]  Ignoring file as matched an ignore pattern: 138538_HG7NLDSX2-4_R2p.fastq.gz
[2022-08-05 11:08:01,652] multiqc                                            [DEBUG  ]  Ignoring file as matched an ignore pattern: 138538_QCreads.md5
[2022-08-05 11:08:03,582] multiqc.plots.bargraph                             [DEBUG  ]  Using matplotlib version 3.3.4
[2022-08-05 11:08:03,587] multiqc.plots.linegraph                            [DEBUG  ]  Using matplotlib version 3.3.4
[2022-08-05 11:08:03,590] multiqc                                            [DEBUG  ]  No samples found: custom_content
[2022-08-05 11:08:03,595] multiqc                                            [DEBUG  ]  No samples found: ccs
[2022-08-05 11:08:03,601] multiqc                                            [DEBUG  ]  No samples found: ngsderive
[2022-08-05 11:08:03,606] multiqc                                            [DEBUG  ]  No samples found: purple
[2022-08-05 11:08:03,610] multiqc                                            [DEBUG  ]  No samples found: conpair
[2022-08-05 11:08:03,614] multiqc                                            [DEBUG  ]  No samples found: lima
[2022-08-05 11:08:03,619] multiqc                                            [DEBUG  ]  No samples found: peddy
[2022-08-05 11:08:03,625] multiqc                                            [DEBUG  ]  No samples found: somalier
[2022-08-05 11:08:03,630] multiqc                                            [DEBUG  ]  No samples found: methylQA
[2022-08-05 11:08:03,640] multiqc.modules.mosdepth.mosdepth                  [DEBUG  ]  include_contigs: []
[2022-08-05 11:08:03,640] multiqc.modules.mosdepth.mosdepth                  [DEBUG  ]  exclude_contigs: []
[2022-08-05 11:08:03,640] multiqc                                            [DEBUG  ]  No samples found: mosdepth
[2022-08-05 11:08:03,644] multiqc                                            [DEBUG  ]  No samples found: phantompeakqualtools
[2022-08-05 11:08:03,648] multiqc                                            [DEBUG  ]  No samples found: qualimap
[2022-08-05 11:08:03,654] multiqc                                            [DEBUG  ]  No samples found: preseq
[2022-08-05 11:08:03,659] multiqc                                            [DEBUG  ]  No samples found: quast
[2022-08-05 11:08:03,894] multiqc                                            [DEBUG  ]  No samples found: qorts
[2022-08-05 11:08:03,899] multiqc                                            [DEBUG  ]  No samples found: rna_seqc
[2022-08-05 11:08:03,903] multiqc                                            [DEBUG  ]  No samples found: rockhopper
[2022-08-05 11:08:03,907] multiqc                                            [DEBUG  ]  No samples found: rsem
[2022-08-05 11:08:04,153] multiqc                                            [DEBUG  ]  No samples found: rseqc
[2022-08-05 11:08:04,158] multiqc                                            [DEBUG  ]  No samples found: busco
[2022-08-05 11:08:04,162] multiqc                                            [DEBUG  ]  No samples found: bustools
[2022-08-05 11:08:04,167] multiqc                                            [DEBUG  ]  No samples found: goleft_indexcov
[2022-08-05 11:08:04,172] multiqc                                            [DEBUG  ]  No samples found: gffcompare
[2022-08-05 11:08:04,176] multiqc                                            [DEBUG  ]  No samples found: disambiguate
[2022-08-05 11:08:04,183] multiqc                                            [DEBUG  ]  No samples found: supernova
[2022-08-05 11:08:04,430] multiqc                                            [DEBUG  ]  No samples found: deeptools
[2022-08-05 11:08:04,434] multiqc                                            [DEBUG  ]  No samples found: sargasso
[2022-08-05 11:08:04,439] multiqc                                            [DEBUG  ]  No samples found: verifybamid
[2022-08-05 11:08:04,675] multiqc                                            [DEBUG  ]  No samples found: mirtrace
[2022-08-05 11:08:04,680] multiqc                                            [DEBUG  ]  No samples found: happy
[2022-08-05 11:08:04,684] multiqc                                            [DEBUG  ]  No samples found: mirtop
[2022-08-05 11:08:04,689] multiqc                                            [DEBUG  ]  No samples found: sambamba
[2022-08-05 11:08:04,697] multiqc                                            [DEBUG  ]  No samples found: homer
[2022-08-05 11:08:04,701] multiqc                                            [DEBUG  ]  No samples found: hops
[2022-08-05 11:08:04,705] multiqc                                            [DEBUG  ]  No samples found: macs2
[2022-08-05 11:08:04,709] multiqc                                            [DEBUG  ]  No samples found: theta2
[2022-08-05 11:08:04,714] multiqc                                            [DEBUG  ]  No samples found: snpeff
[2022-08-05 11:08:04,722] multiqc                                            [DEBUG  ]  No samples found: gatk
[2022-08-05 11:08:04,726] multiqc                                            [DEBUG  ]  No samples found: htseq
[2022-08-05 11:08:04,733] multiqc                                            [DEBUG  ]  No samples found: bcftools
[2022-08-05 11:08:04,737] multiqc                                            [DEBUG  ]  No samples found: featureCounts
[2022-08-05 11:08:05,204] multiqc                                            [DEBUG  ]  No samples found: fgbio
[2022-08-05 11:08:05,452] multiqc                                            [DEBUG  ]  No samples found: dragen
[2022-08-05 11:08:05,456] multiqc                                            [DEBUG  ]  No samples found: dedup
[2022-08-05 11:08:05,692] multiqc                                            [DEBUG  ]  No samples found: damageprofiler
[2022-08-05 11:08:05,729] multiqc                                            [DEBUG  ]  No samples found: biobambam2
[2022-08-05 11:08:05,734] multiqc                                            [DEBUG  ]  No samples found: jcvi
[2022-08-05 11:08:05,970] multiqc                                            [DEBUG  ]  No samples found: mtnucratio
[2022-08-05 11:08:05,972] multiqc                                            [DEBUG  ]  No samples found: picard
[2022-08-05 11:08:05,977] multiqc                                            [DEBUG  ]  No samples found: vep
[2022-08-05 11:08:05,984] multiqc                                            [DEBUG  ]  No samples found: sentieon
[2022-08-05 11:08:06,219] multiqc                                            [DEBUG  ]  No samples found: prokka
[2022-08-05 11:08:06,457] multiqc                                            [DEBUG  ]  No samples found: qc3C
[2022-08-05 11:08:06,462] multiqc                                            [DEBUG  ]  No samples found: nanostat
[2022-08-05 11:08:06,466] multiqc                                            [DEBUG  ]  No samples found: samblaster
[2022-08-05 11:08:06,475] multiqc                                            [DEBUG  ]  No samples found: samtools
[2022-08-05 11:08:06,480] multiqc                                            [DEBUG  ]  No samples found: sexdeterrmine
[2022-08-05 11:08:06,484] multiqc                                            [DEBUG  ]  No samples found: eigenstratdatabasetools
[2022-08-05 11:08:06,489] multiqc                                            [DEBUG  ]  No samples found: bamtools
[2022-08-05 11:08:06,492] multiqc                                            [DEBUG  ]  No samples found: jellyfish
[2022-08-05 11:08:06,500] multiqc                                            [DEBUG  ]  No samples found: vcftools
[2022-08-05 11:08:06,505] multiqc                                            [DEBUG  ]  No samples found: longranger
[2022-08-05 11:08:06,510] multiqc                                            [DEBUG  ]  No samples found: stacks
[2022-08-05 11:08:06,514] multiqc                                            [DEBUG  ]  No samples found: varscan2
[2022-08-05 11:08:06,519] multiqc                                            [DEBUG  ]  No samples found: snippy
[2022-08-05 11:08:06,766] multiqc                                            [DEBUG  ]  No samples found: bbmap
[2022-08-05 11:08:06,772] multiqc                                            [DEBUG  ]  No samples found: bismark
[2022-08-05 11:08:06,779] multiqc                                            [DEBUG  ]  No samples found: biscuit
[2022-08-05 11:08:06,784] multiqc                                            [DEBUG  ]  No samples found: hicexplorer
[2022-08-05 11:08:06,789] multiqc                                            [DEBUG  ]  No samples found: hicup
[2022-08-05 11:08:06,794] multiqc                                            [DEBUG  ]  No samples found: hicpro
[2022-08-05 11:08:06,798] multiqc                                            [DEBUG  ]  No samples found: salmon
[2022-08-05 11:08:06,803] multiqc                                            [DEBUG  ]  No samples found: kallisto
[2022-08-05 11:08:06,809] multiqc                                            [DEBUG  ]  No samples found: slamdunk
[2022-08-05 11:08:06,814] multiqc                                            [DEBUG  ]  No samples found: star
[2022-08-05 11:08:06,819] multiqc                                            [DEBUG  ]  No samples found: hisat2
[2022-08-05 11:08:06,823] multiqc                                            [DEBUG  ]  No samples found: tophat
[2022-08-05 11:08:06,827] multiqc                                            [DEBUG  ]  No samples found: bowtie2
[2022-08-05 11:08:06,832] multiqc                                            [DEBUG  ]  No samples found: bowtie1
[2022-08-05 11:08:06,836] multiqc                                            [DEBUG  ]  No samples found: snpsplit
[2022-08-05 11:08:06,841] multiqc                                            [DEBUG  ]  No samples found: odgi
[2022-08-05 11:08:06,845] multiqc                                            [DEBUG  ]  No samples found: pangolin
[2022-08-05 11:08:06,850] multiqc                                            [DEBUG  ]  No samples found: kat
[2022-08-05 11:08:06,854] multiqc                                            [DEBUG  ]  No samples found: leehom
[2022-08-05 11:08:06,858] multiqc                                            [DEBUG  ]  No samples found: adapterRemoval
[2022-08-05 11:08:06,862] multiqc                                            [DEBUG  ]  No samples found: clipandmerge
[2022-08-05 11:08:06,867] multiqc                                            [DEBUG  ]  No samples found: cutadapt
[2022-08-05 11:08:06,871] multiqc                                            [DEBUG  ]  No samples found: flexbar
[2022-08-05 11:08:06,876] multiqc                                            [DEBUG  ]  No samples found: kaiju
[2022-08-05 11:08:06,881] multiqc                                            [DEBUG  ]  No samples found: kraken
[2022-08-05 11:08:06,886] multiqc                                            [DEBUG  ]  No samples found: malt
[2022-08-05 11:08:07,120] multiqc                                            [DEBUG  ]  No samples found: trimmomatic
[2022-08-05 11:08:07,124] multiqc                                            [DEBUG  ]  No samples found: sickle
[2022-08-05 11:08:07,128] multiqc                                            [DEBUG  ]  No samples found: skewer
[2022-08-05 11:08:07,132] multiqc                                            [DEBUG  ]  No samples found: sortmerna
[2022-08-05 11:08:07,136] multiqc                                            [DEBUG  ]  No samples found: biobloomtools
[2022-08-05 11:08:07,372] multiqc                                            [DEBUG  ]  No samples found: fastq_screen
[2022-08-05 11:08:07,376] multiqc                                            [DEBUG  ]  No samples found: afterqc
[2022-08-05 11:08:07,381] multiqc                                            [DEBUG  ]  No samples found: fastp
[2022-08-05 11:08:08,149] multiqc.modules.fastqc.fastqc                      [INFO   ]  Found 4 reports
[2022-08-05 11:08:08,211] multiqc                                            [DEBUG  ]  No samples found: pychopper
[2022-08-05 11:08:08,216] multiqc                                            [DEBUG  ]  No samples found: pycoqc
[2022-08-05 11:08:08,221] multiqc                                            [DEBUG  ]  No samples found: minionqc
[2022-08-05 11:08:08,225] multiqc                                            [DEBUG  ]  No samples found: multivcfanalyzer
[2022-08-05 11:08:08,231] multiqc                                            [DEBUG  ]  No samples found: clusterflow
[2022-08-05 11:08:08,237] multiqc                                            [DEBUG  ]  No samples found: bcl2fastq
[2022-08-05 11:08:08,244] multiqc                                            [DEBUG  ]  No samples found: bclconvert
[2022-08-05 11:08:08,250] multiqc                                            [DEBUG  ]  No samples found: interop
[2022-08-05 11:08:08,254] multiqc                                            [DEBUG  ]  No samples found: ivar
[2022-08-05 11:08:08,259] multiqc                                            [DEBUG  ]  No samples found: flash
[2022-08-05 11:08:08,495] multiqc                                            [DEBUG  ]  No samples found: seqyclean
[2022-08-05 11:08:08,500] multiqc                                            [DEBUG  ]  No samples found: optitype
[2022-08-05 11:08:08,504] multiqc                                            [INFO   ]  Compressing plot data
[2022-08-05 11:08:09,107] multiqc                                            [INFO   ]  Report      : 138538_MGSD_CSIRO.qc.stats/multiqc_report.html
[2022-08-05 11:08:09,107] multiqc                                            [INFO   ]  Data        : 138538_MGSD_CSIRO.qc.stats/multiqc_data
[2022-08-05 11:08:09,107] multiqc                                            [DEBUG  ]  Moving data file from '/tmp/smi9a9.8584617/tmp7hl68wxf/multiqc_data' to '138538_MGSD_CSIRO.qc.stats/multiqc_data'
[2022-08-05 11:08:09,709] multiqc                                            [INFO   ]  MultiQC complete
