[2022-08-05 11:12:51,515] multiqc                                            [DEBUG  ]  This is MultiQC v1.11
[2022-08-05 11:12:51,515] multiqc                                            [DEBUG  ]  No MultiQC config found: /apps/multiqc/1.11/lib/python3.9/site-packages/multiqc_config.yaml
[2022-08-05 11:12:51,515] multiqc                                            [DEBUG  ]  No MultiQC config found: /home/smi9a9/.multiqc_config.yaml
[2022-08-05 11:12:56,055] multiqc                                            [DEBUG  ]  No MultiQC config found: multiqc_config.yaml
[2022-08-05 11:12:56,055] multiqc                                            [DEBUG  ]  Command used: /apps/multiqc/1.11/bin/multiqc ./401628_HL7J5DSX3-1_merged_fastqc.html ./401628_HL7J5DSX3-1_merged_fastqc.zip ./401628_HL7J5DSX3-1_merged.fastq.gz ./401628_HL7J5DSX3-1_R1p_fastqc.html ./401628_HL7J5DSX3-1_R1p_fastqc.zip ./401628_HL7J5DSX3-1_R1p.fastq.gz ./401628_HL7J5DSX3-1_R1R2u_fastqc.html ./401628_HL7J5DSX3-1_R1R2u_fastqc.zip ./401628_HL7J5DSX3-1_R1R2u.fastq.gz ./401628_HL7J5DSX3-1_R2p_fastqc.html ./401628_HL7J5DSX3-1_R2p_fastqc.zip ./401628_HL7J5DSX3-1_R2p.fastq.gz ./401628_QCreads.md5 -o 401628_MGSD_CSIRO.qc.stats
[2022-08-05 11:12:56,058] multiqc                                            [DEBUG  ]  Could not connect to multiqc.info for version check: <urlopen error [Errno 111] Connection refused>
[2022-08-05 11:12:56,058] multiqc                                            [DEBUG  ]  Command     : /apps/multiqc/1.11/bin/multiqc ./401628_HL7J5DSX3-1_merged_fastqc.html ./401628_HL7J5DSX3-1_merged_fastqc.zip ./401628_HL7J5DSX3-1_merged.fastq.gz ./401628_HL7J5DSX3-1_R1p_fastqc.html ./401628_HL7J5DSX3-1_R1p_fastqc.zip ./401628_HL7J5DSX3-1_R1p.fastq.gz ./401628_HL7J5DSX3-1_R1R2u_fastqc.html ./401628_HL7J5DSX3-1_R1R2u_fastqc.zip ./401628_HL7J5DSX3-1_R1R2u.fastq.gz ./401628_HL7J5DSX3-1_R2p_fastqc.html ./401628_HL7J5DSX3-1_R2p_fastqc.zip ./401628_HL7J5DSX3-1_R2p.fastq.gz ./401628_QCreads.md5 -o 401628_MGSD_CSIRO.qc.stats
[2022-08-05 11:12:56,058] multiqc                                            [DEBUG  ]  Working dir : /datasets/work/oa-amd/work/amd/Metagenome_QC_reads
[2022-08-05 11:12:56,058] multiqc                                            [DEBUG  ]  Template    : default
[2022-08-05 11:12:56,058] multiqc                                            [DEBUG  ]  Running Python 3.9.4 (default, Apr 25 2021, 16:13:27)  [GCC 10.3.0]
[2022-08-05 11:12:56,058] multiqc                                            [DEBUG  ]  Analysing modules: custom_content, ccs, ngsderive, purple, conpair, lima, peddy, somalier, methylQA, mosdepth, phantompeakqualtools, qualimap, preseq, quast, qorts, rna_seqc, rockhopper, rsem, rseqc, busco, bustools, goleft_indexcov, gffcompare, disambiguate, supernova, deeptools, sargasso, verifybamid, mirtrace, happy, mirtop, sambamba, homer, hops, macs2, theta2, snpeff, gatk, htseq, bcftools, featureCounts, fgbio, dragen, dedup, damageprofiler, biobambam2, jcvi, mtnucratio, picard, vep, sentieon, prokka, qc3C, nanostat, samblaster, samtools, sexdeterrmine, eigenstratdatabasetools, bamtools, jellyfish, vcftools, longranger, stacks, varscan2, snippy, bbmap, bismark, biscuit, hicexplorer, hicup, hicpro, salmon, kallisto, slamdunk, star, hisat2, tophat, bowtie2, bowtie1, snpsplit, odgi, pangolin, kat, leehom, adapterRemoval, clipandmerge, cutadapt, flexbar, kaiju, kraken, malt, trimmomatic, sickle, skewer, sortmerna, biobloomtools, fastq_screen, afterqc, fastp, fastqc, pychopper, pycoqc, minionqc, multivcfanalyzer, clusterflow, bcl2fastq, bclconvert, interop, ivar, flash, seqyclean, optitype
[2022-08-05 11:12:56,058] multiqc                                            [DEBUG  ]  Using temporary directory for creating report: /tmp/smi9a9.8585929/tmpmtsdd_sy
[2022-08-05 11:12:56,122] multiqc                                            [INFO   ]  Search path : /datasets/work/oa-amd/work/amd/Metagenome_QC_reads/401628_HL7J5DSX3-1_merged_fastqc.html
[2022-08-05 11:12:56,122] multiqc                                            [INFO   ]  Search path : /datasets/work/oa-amd/work/amd/Metagenome_QC_reads/401628_HL7J5DSX3-1_merged_fastqc.zip
[2022-08-05 11:12:56,122] multiqc                                            [INFO   ]  Search path : /datasets/work/oa-amd/work/amd/Metagenome_QC_reads/401628_HL7J5DSX3-1_merged.fastq.gz
[2022-08-05 11:12:56,122] multiqc                                            [INFO   ]  Search path : /datasets/work/oa-amd/work/amd/Metagenome_QC_reads/401628_HL7J5DSX3-1_R1p_fastqc.html
[2022-08-05 11:12:56,122] multiqc                                            [INFO   ]  Search path : /datasets/work/oa-amd/work/amd/Metagenome_QC_reads/401628_HL7J5DSX3-1_R1p_fastqc.zip
[2022-08-05 11:12:56,122] multiqc                                            [INFO   ]  Search path : /datasets/work/oa-amd/work/amd/Metagenome_QC_reads/401628_HL7J5DSX3-1_R1p.fastq.gz
[2022-08-05 11:12:56,122] multiqc                                            [INFO   ]  Search path : /datasets/work/oa-amd/work/amd/Metagenome_QC_reads/401628_HL7J5DSX3-1_R1R2u_fastqc.html
[2022-08-05 11:12:56,122] multiqc                                            [INFO   ]  Search path : /datasets/work/oa-amd/work/amd/Metagenome_QC_reads/401628_HL7J5DSX3-1_R1R2u_fastqc.zip
[2022-08-05 11:12:56,122] multiqc                                            [INFO   ]  Search path : /datasets/work/oa-amd/work/amd/Metagenome_QC_reads/401628_HL7J5DSX3-1_R1R2u.fastq.gz
[2022-08-05 11:12:56,122] multiqc                                            [INFO   ]  Search path : /datasets/work/oa-amd/work/amd/Metagenome_QC_reads/401628_HL7J5DSX3-1_R2p_fastqc.html
[2022-08-05 11:12:56,122] multiqc                                            [INFO   ]  Search path : /datasets/work/oa-amd/work/amd/Metagenome_QC_reads/401628_HL7J5DSX3-1_R2p_fastqc.zip
[2022-08-05 11:12:56,122] multiqc                                            [INFO   ]  Search path : /datasets/work/oa-amd/work/amd/Metagenome_QC_reads/401628_HL7J5DSX3-1_R2p.fastq.gz
[2022-08-05 11:12:56,122] multiqc                                            [INFO   ]  Search path : /datasets/work/oa-amd/work/amd/Metagenome_QC_reads/401628_QCreads.md5
[2022-08-05 11:12:56,341] multiqc                                            [DEBUG  ]  File ignored by ccs/v4 because it exceeded search pattern filesize limit: 401628_HL7J5DSX3-1_merged_fastqc.html
[2022-08-05 11:12:56,381] multiqc                                            [DEBUG  ]  File ignored by hicexplorer because it exceeded search pattern filesize limit: 401628_HL7J5DSX3-1_merged_fastqc.html
[2022-08-05 11:12:56,391] multiqc                                            [DEBUG  ]  File ignored by nanostat because it exceeded search pattern filesize limit: 401628_HL7J5DSX3-1_merged_fastqc.html
[2022-08-05 11:12:56,391] multiqc                                            [DEBUG  ]  File ignored by lima/summary because it exceeded search pattern filesize limit: 401628_HL7J5DSX3-1_merged_fastqc.html
[2022-08-05 11:12:56,436] multiqc                                            [DEBUG  ]  File ignored by vep/vep_txt because it exceeded search pattern filesize limit: 401628_HL7J5DSX3-1_merged_fastqc.html
[2022-08-05 11:12:56,436] multiqc                                            [DEBUG  ]  File ignored by longranger/invocation because it exceeded search pattern filesize limit: 401628_HL7J5DSX3-1_merged_fastqc.html
[2022-08-05 11:12:56,436] multiqc                                            [DEBUG  ]  File ignored by rockhopper because it exceeded search pattern filesize limit: 401628_HL7J5DSX3-1_merged_fastqc.html
[2022-08-05 11:12:56,437] multiqc                                            [DEBUG  ]  File ignored by rseqc/bam_stat because it exceeded search pattern filesize limit: 401628_HL7J5DSX3-1_merged_fastqc.html
[2022-08-05 11:12:56,437] multiqc                                            [DEBUG  ]  File ignored by rseqc/junction_annotation because it exceeded search pattern filesize limit: 401628_HL7J5DSX3-1_merged_fastqc.html
[2022-08-05 11:12:56,437] multiqc                                            [DEBUG  ]  File ignored by rseqc/read_distribution because it exceeded search pattern filesize limit: 401628_HL7J5DSX3-1_merged_fastqc.html
[2022-08-05 11:12:56,437] multiqc                                            [DEBUG  ]  File ignored by rseqc/infer_experiment because it exceeded search pattern filesize limit: 401628_HL7J5DSX3-1_merged_fastqc.html
[2022-08-05 11:12:56,627] multiqc                                            [DEBUG  ]  Ignoring file as matched an ignore pattern: 401628_HL7J5DSX3-1_merged.fastq.gz
[2022-08-05 11:12:56,679] multiqc                                            [DEBUG  ]  File ignored by ccs/v4 because it exceeded search pattern filesize limit: 401628_HL7J5DSX3-1_R1p_fastqc.html
[2022-08-05 11:12:56,690] multiqc                                            [DEBUG  ]  File ignored by hicexplorer because it exceeded search pattern filesize limit: 401628_HL7J5DSX3-1_R1p_fastqc.html
[2022-08-05 11:12:56,692] multiqc                                            [DEBUG  ]  File ignored by nanostat because it exceeded search pattern filesize limit: 401628_HL7J5DSX3-1_R1p_fastqc.html
[2022-08-05 11:12:56,692] multiqc                                            [DEBUG  ]  File ignored by lima/summary because it exceeded search pattern filesize limit: 401628_HL7J5DSX3-1_R1p_fastqc.html
[2022-08-05 11:12:56,717] multiqc                                            [DEBUG  ]  File ignored by vep/vep_txt because it exceeded search pattern filesize limit: 401628_HL7J5DSX3-1_R1p_fastqc.html
[2022-08-05 11:12:56,717] multiqc                                            [DEBUG  ]  File ignored by longranger/invocation because it exceeded search pattern filesize limit: 401628_HL7J5DSX3-1_R1p_fastqc.html
[2022-08-05 11:12:56,717] multiqc                                            [DEBUG  ]  File ignored by rockhopper because it exceeded search pattern filesize limit: 401628_HL7J5DSX3-1_R1p_fastqc.html
[2022-08-05 11:12:56,717] multiqc                                            [DEBUG  ]  File ignored by rseqc/bam_stat because it exceeded search pattern filesize limit: 401628_HL7J5DSX3-1_R1p_fastqc.html
[2022-08-05 11:12:56,717] multiqc                                            [DEBUG  ]  File ignored by rseqc/junction_annotation because it exceeded search pattern filesize limit: 401628_HL7J5DSX3-1_R1p_fastqc.html
[2022-08-05 11:12:56,717] multiqc                                            [DEBUG  ]  File ignored by rseqc/read_distribution because it exceeded search pattern filesize limit: 401628_HL7J5DSX3-1_R1p_fastqc.html
[2022-08-05 11:12:56,717] multiqc                                            [DEBUG  ]  File ignored by rseqc/infer_experiment because it exceeded search pattern filesize limit: 401628_HL7J5DSX3-1_R1p_fastqc.html
[2022-08-05 11:12:56,814] multiqc                                            [DEBUG  ]  Ignoring file as matched an ignore pattern: 401628_HL7J5DSX3-1_R1p.fastq.gz
[2022-08-05 11:12:56,870] multiqc                                            [DEBUG  ]  File ignored by ccs/v4 because it exceeded search pattern filesize limit: 401628_HL7J5DSX3-1_R1R2u_fastqc.html
[2022-08-05 11:12:56,882] multiqc                                            [DEBUG  ]  File ignored by hicexplorer because it exceeded search pattern filesize limit: 401628_HL7J5DSX3-1_R1R2u_fastqc.html
[2022-08-05 11:12:56,884] multiqc                                            [DEBUG  ]  File ignored by nanostat because it exceeded search pattern filesize limit: 401628_HL7J5DSX3-1_R1R2u_fastqc.html
[2022-08-05 11:12:56,884] multiqc                                            [DEBUG  ]  File ignored by lima/summary because it exceeded search pattern filesize limit: 401628_HL7J5DSX3-1_R1R2u_fastqc.html
[2022-08-05 11:12:56,907] multiqc                                            [DEBUG  ]  File ignored by vep/vep_txt because it exceeded search pattern filesize limit: 401628_HL7J5DSX3-1_R1R2u_fastqc.html
[2022-08-05 11:12:56,907] multiqc                                            [DEBUG  ]  File ignored by longranger/invocation because it exceeded search pattern filesize limit: 401628_HL7J5DSX3-1_R1R2u_fastqc.html
[2022-08-05 11:12:56,907] multiqc                                            [DEBUG  ]  File ignored by rockhopper because it exceeded search pattern filesize limit: 401628_HL7J5DSX3-1_R1R2u_fastqc.html
[2022-08-05 11:12:56,907] multiqc                                            [DEBUG  ]  File ignored by rseqc/bam_stat because it exceeded search pattern filesize limit: 401628_HL7J5DSX3-1_R1R2u_fastqc.html
[2022-08-05 11:12:56,907] multiqc                                            [DEBUG  ]  File ignored by rseqc/junction_annotation because it exceeded search pattern filesize limit: 401628_HL7J5DSX3-1_R1R2u_fastqc.html
[2022-08-05 11:12:56,907] multiqc                                            [DEBUG  ]  File ignored by rseqc/read_distribution because it exceeded search pattern filesize limit: 401628_HL7J5DSX3-1_R1R2u_fastqc.html
[2022-08-05 11:12:56,907] multiqc                                            [DEBUG  ]  File ignored by rseqc/infer_experiment because it exceeded search pattern filesize limit: 401628_HL7J5DSX3-1_R1R2u_fastqc.html
[2022-08-05 11:12:56,994] multiqc                                            [DEBUG  ]  Ignoring file as matched an ignore pattern: 401628_HL7J5DSX3-1_R1R2u.fastq.gz
[2022-08-05 11:12:57,088] multiqc                                            [DEBUG  ]  File ignored by ccs/v4 because it exceeded search pattern filesize limit: 401628_HL7J5DSX3-1_R2p_fastqc.html
[2022-08-05 11:12:57,101] multiqc                                            [DEBUG  ]  File ignored by hicexplorer because it exceeded search pattern filesize limit: 401628_HL7J5DSX3-1_R2p_fastqc.html
[2022-08-05 11:12:57,102] multiqc                                            [DEBUG  ]  File ignored by nanostat because it exceeded search pattern filesize limit: 401628_HL7J5DSX3-1_R2p_fastqc.html
[2022-08-05 11:12:57,102] multiqc                                            [DEBUG  ]  File ignored by lima/summary because it exceeded search pattern filesize limit: 401628_HL7J5DSX3-1_R2p_fastqc.html
[2022-08-05 11:12:57,123] multiqc                                            [DEBUG  ]  File ignored by vep/vep_txt because it exceeded search pattern filesize limit: 401628_HL7J5DSX3-1_R2p_fastqc.html
[2022-08-05 11:12:57,123] multiqc                                            [DEBUG  ]  File ignored by longranger/invocation because it exceeded search pattern filesize limit: 401628_HL7J5DSX3-1_R2p_fastqc.html
[2022-08-05 11:12:57,123] multiqc                                            [DEBUG  ]  File ignored by rockhopper because it exceeded search pattern filesize limit: 401628_HL7J5DSX3-1_R2p_fastqc.html
[2022-08-05 11:12:57,124] multiqc                                            [DEBUG  ]  File ignored by rseqc/bam_stat because it exceeded search pattern filesize limit: 401628_HL7J5DSX3-1_R2p_fastqc.html
[2022-08-05 11:12:57,124] multiqc                                            [DEBUG  ]  File ignored by rseqc/junction_annotation because it exceeded search pattern filesize limit: 401628_HL7J5DSX3-1_R2p_fastqc.html
[2022-08-05 11:12:57,124] multiqc                                            [DEBUG  ]  File ignored by rseqc/read_distribution because it exceeded search pattern filesize limit: 401628_HL7J5DSX3-1_R2p_fastqc.html
[2022-08-05 11:12:57,124] multiqc                                            [DEBUG  ]  File ignored by rseqc/infer_experiment because it exceeded search pattern filesize limit: 401628_HL7J5DSX3-1_R2p_fastqc.html
[2022-08-05 11:12:57,613] multiqc                                            [DEBUG  ]  Ignoring file as matched an ignore pattern: 401628_HL7J5DSX3-1_R2p.fastq.gz
[2022-08-05 11:12:57,742] multiqc                                            [DEBUG  ]  Ignoring file as matched an ignore pattern: 401628_QCreads.md5
[2022-08-05 11:13:06,812] multiqc.plots.bargraph                             [DEBUG  ]  Using matplotlib version 3.3.4
[2022-08-05 11:13:06,816] multiqc.plots.linegraph                            [DEBUG  ]  Using matplotlib version 3.3.4
[2022-08-05 11:13:06,819] multiqc                                            [DEBUG  ]  No samples found: custom_content
[2022-08-05 11:13:06,824] multiqc                                            [DEBUG  ]  No samples found: ccs
[2022-08-05 11:13:06,829] multiqc                                            [DEBUG  ]  No samples found: ngsderive
[2022-08-05 11:13:06,833] multiqc                                            [DEBUG  ]  No samples found: purple
[2022-08-05 11:13:06,837] multiqc                                            [DEBUG  ]  No samples found: conpair
[2022-08-05 11:13:06,842] multiqc                                            [DEBUG  ]  No samples found: lima
[2022-08-05 11:13:06,847] multiqc                                            [DEBUG  ]  No samples found: peddy
[2022-08-05 11:13:06,854] multiqc                                            [DEBUG  ]  No samples found: somalier
[2022-08-05 11:13:06,858] multiqc                                            [DEBUG  ]  No samples found: methylQA
[2022-08-05 11:13:06,867] multiqc.modules.mosdepth.mosdepth                  [DEBUG  ]  include_contigs: []
[2022-08-05 11:13:06,867] multiqc.modules.mosdepth.mosdepth                  [DEBUG  ]  exclude_contigs: []
[2022-08-05 11:13:06,867] multiqc                                            [DEBUG  ]  No samples found: mosdepth
[2022-08-05 11:13:06,871] multiqc                                            [DEBUG  ]  No samples found: phantompeakqualtools
[2022-08-05 11:13:06,875] multiqc                                            [DEBUG  ]  No samples found: qualimap
[2022-08-05 11:13:06,880] multiqc                                            [DEBUG  ]  No samples found: preseq
[2022-08-05 11:13:06,885] multiqc                                            [DEBUG  ]  No samples found: quast
[2022-08-05 11:13:06,889] multiqc                                            [DEBUG  ]  No samples found: qorts
[2022-08-05 11:13:06,894] multiqc                                            [DEBUG  ]  No samples found: rna_seqc
[2022-08-05 11:13:06,899] multiqc                                            [DEBUG  ]  No samples found: rockhopper
[2022-08-05 11:13:06,903] multiqc                                            [DEBUG  ]  No samples found: rsem
[2022-08-05 11:13:06,917] multiqc                                            [DEBUG  ]  No samples found: rseqc
[2022-08-05 11:13:06,921] multiqc                                            [DEBUG  ]  No samples found: busco
[2022-08-05 11:13:06,926] multiqc                                            [DEBUG  ]  No samples found: bustools
[2022-08-05 11:13:06,931] multiqc                                            [DEBUG  ]  No samples found: goleft_indexcov
[2022-08-05 11:13:06,936] multiqc                                            [DEBUG  ]  No samples found: gffcompare
[2022-08-05 11:13:06,940] multiqc                                            [DEBUG  ]  No samples found: disambiguate
[2022-08-05 11:13:06,945] multiqc                                            [DEBUG  ]  No samples found: supernova
[2022-08-05 11:13:06,960] multiqc                                            [DEBUG  ]  No samples found: deeptools
[2022-08-05 11:13:06,965] multiqc                                            [DEBUG  ]  No samples found: sargasso
[2022-08-05 11:13:06,969] multiqc                                            [DEBUG  ]  No samples found: verifybamid
[2022-08-05 11:13:07,205] multiqc                                            [DEBUG  ]  No samples found: mirtrace
[2022-08-05 11:13:07,209] multiqc                                            [DEBUG  ]  No samples found: happy
[2022-08-05 11:13:07,213] multiqc                                            [DEBUG  ]  No samples found: mirtop
[2022-08-05 11:13:07,218] multiqc                                            [DEBUG  ]  No samples found: sambamba
[2022-08-05 11:13:07,227] multiqc                                            [DEBUG  ]  No samples found: homer
[2022-08-05 11:13:07,231] multiqc                                            [DEBUG  ]  No samples found: hops
[2022-08-05 11:13:07,235] multiqc                                            [DEBUG  ]  No samples found: macs2
[2022-08-05 11:13:07,239] multiqc                                            [DEBUG  ]  No samples found: theta2
[2022-08-05 11:13:07,243] multiqc                                            [DEBUG  ]  No samples found: snpeff
[2022-08-05 11:13:07,251] multiqc                                            [DEBUG  ]  No samples found: gatk
[2022-08-05 11:13:07,255] multiqc                                            [DEBUG  ]  No samples found: htseq
[2022-08-05 11:13:07,261] multiqc                                            [DEBUG  ]  No samples found: bcftools
[2022-08-05 11:13:07,264] multiqc                                            [DEBUG  ]  No samples found: featureCounts
[2022-08-05 11:13:07,271] multiqc                                            [DEBUG  ]  No samples found: fgbio
[2022-08-05 11:13:07,286] multiqc                                            [DEBUG  ]  No samples found: dragen
[2022-08-05 11:13:07,290] multiqc                                            [DEBUG  ]  No samples found: dedup
[2022-08-05 11:13:07,294] multiqc                                            [DEBUG  ]  No samples found: damageprofiler
[2022-08-05 11:13:07,328] multiqc                                            [DEBUG  ]  No samples found: biobambam2
[2022-08-05 11:13:07,333] multiqc                                            [DEBUG  ]  No samples found: jcvi
[2022-08-05 11:13:07,337] multiqc                                            [DEBUG  ]  No samples found: mtnucratio
[2022-08-05 11:13:07,339] multiqc                                            [DEBUG  ]  No samples found: picard
[2022-08-05 11:13:07,344] multiqc                                            [DEBUG  ]  No samples found: vep
[2022-08-05 11:13:07,351] multiqc                                            [DEBUG  ]  No samples found: sentieon
[2022-08-05 11:13:07,355] multiqc                                            [DEBUG  ]  No samples found: prokka
[2022-08-05 11:13:07,362] multiqc                                            [DEBUG  ]  No samples found: qc3C
[2022-08-05 11:13:07,368] multiqc                                            [DEBUG  ]  No samples found: nanostat
[2022-08-05 11:13:07,371] multiqc                                            [DEBUG  ]  No samples found: samblaster
[2022-08-05 11:13:07,381] multiqc                                            [DEBUG  ]  No samples found: samtools
[2022-08-05 11:13:07,385] multiqc                                            [DEBUG  ]  No samples found: sexdeterrmine
[2022-08-05 11:13:07,389] multiqc                                            [DEBUG  ]  No samples found: eigenstratdatabasetools
[2022-08-05 11:13:07,394] multiqc                                            [DEBUG  ]  No samples found: bamtools
[2022-08-05 11:13:07,398] multiqc                                            [DEBUG  ]  No samples found: jellyfish
[2022-08-05 11:13:07,405] multiqc                                            [DEBUG  ]  No samples found: vcftools
[2022-08-05 11:13:07,410] multiqc                                            [DEBUG  ]  No samples found: longranger
[2022-08-05 11:13:07,415] multiqc                                            [DEBUG  ]  No samples found: stacks
[2022-08-05 11:13:07,419] multiqc                                            [DEBUG  ]  No samples found: varscan2
[2022-08-05 11:13:07,423] multiqc                                            [DEBUG  ]  No samples found: snippy
[2022-08-05 11:13:07,672] multiqc                                            [DEBUG  ]  No samples found: bbmap
[2022-08-05 11:13:07,677] multiqc                                            [DEBUG  ]  No samples found: bismark
[2022-08-05 11:13:07,686] multiqc                                            [DEBUG  ]  No samples found: biscuit
[2022-08-05 11:13:07,690] multiqc                                            [DEBUG  ]  No samples found: hicexplorer
[2022-08-05 11:13:07,695] multiqc                                            [DEBUG  ]  No samples found: hicup
[2022-08-05 11:13:07,700] multiqc                                            [DEBUG  ]  No samples found: hicpro
[2022-08-05 11:13:07,704] multiqc                                            [DEBUG  ]  No samples found: salmon
[2022-08-05 11:13:07,708] multiqc                                            [DEBUG  ]  No samples found: kallisto
[2022-08-05 11:13:07,714] multiqc                                            [DEBUG  ]  No samples found: slamdunk
[2022-08-05 11:13:07,718] multiqc                                            [DEBUG  ]  No samples found: star
[2022-08-05 11:13:07,722] multiqc                                            [DEBUG  ]  No samples found: hisat2
[2022-08-05 11:13:07,726] multiqc                                            [DEBUG  ]  No samples found: tophat
[2022-08-05 11:13:07,731] multiqc                                            [DEBUG  ]  No samples found: bowtie2
[2022-08-05 11:13:07,735] multiqc                                            [DEBUG  ]  No samples found: bowtie1
[2022-08-05 11:13:07,740] multiqc                                            [DEBUG  ]  No samples found: snpsplit
[2022-08-05 11:13:07,744] multiqc                                            [DEBUG  ]  No samples found: odgi
[2022-08-05 11:13:07,749] multiqc                                            [DEBUG  ]  No samples found: pangolin
[2022-08-05 11:13:07,753] multiqc                                            [DEBUG  ]  No samples found: kat
[2022-08-05 11:13:07,757] multiqc                                            [DEBUG  ]  No samples found: leehom
[2022-08-05 11:13:07,762] multiqc                                            [DEBUG  ]  No samples found: adapterRemoval
[2022-08-05 11:13:07,767] multiqc                                            [DEBUG  ]  No samples found: clipandmerge
[2022-08-05 11:13:07,772] multiqc                                            [DEBUG  ]  No samples found: cutadapt
[2022-08-05 11:13:07,775] multiqc                                            [DEBUG  ]  No samples found: flexbar
[2022-08-05 11:13:07,780] multiqc                                            [DEBUG  ]  No samples found: kaiju
[2022-08-05 11:13:07,785] multiqc                                            [DEBUG  ]  No samples found: kraken
[2022-08-05 11:13:07,789] multiqc                                            [DEBUG  ]  No samples found: malt
[2022-08-05 11:13:07,793] multiqc                                            [DEBUG  ]  No samples found: trimmomatic
[2022-08-05 11:13:07,797] multiqc                                            [DEBUG  ]  No samples found: sickle
[2022-08-05 11:13:07,801] multiqc                                            [DEBUG  ]  No samples found: skewer
[2022-08-05 11:13:07,805] multiqc                                            [DEBUG  ]  No samples found: sortmerna
[2022-08-05 11:13:07,809] multiqc                                            [DEBUG  ]  No samples found: biobloomtools
[2022-08-05 11:13:07,814] multiqc                                            [DEBUG  ]  No samples found: fastq_screen
[2022-08-05 11:13:07,818] multiqc                                            [DEBUG  ]  No samples found: afterqc
[2022-08-05 11:13:07,824] multiqc                                            [DEBUG  ]  No samples found: fastp
[2022-08-05 11:13:08,791] multiqc.modules.fastqc.fastqc                      [INFO   ]  Found 4 reports
[2022-08-05 11:13:08,841] multiqc                                            [DEBUG  ]  No samples found: pychopper
[2022-08-05 11:13:08,915] multiqc                                            [DEBUG  ]  No samples found: pycoqc
[2022-08-05 11:13:08,920] multiqc                                            [DEBUG  ]  No samples found: minionqc
[2022-08-05 11:13:08,925] multiqc                                            [DEBUG  ]  No samples found: multivcfanalyzer
[2022-08-05 11:13:08,930] multiqc                                            [DEBUG  ]  No samples found: clusterflow
[2022-08-05 11:13:08,937] multiqc                                            [DEBUG  ]  No samples found: bcl2fastq
[2022-08-05 11:13:08,946] multiqc                                            [DEBUG  ]  No samples found: bclconvert
[2022-08-05 11:13:08,982] multiqc                                            [DEBUG  ]  No samples found: interop
[2022-08-05 11:13:08,987] multiqc                                            [DEBUG  ]  No samples found: ivar
[2022-08-05 11:13:08,992] multiqc                                            [DEBUG  ]  No samples found: flash
[2022-08-05 11:13:08,996] multiqc                                            [DEBUG  ]  No samples found: seqyclean
[2022-08-05 11:13:09,002] multiqc                                            [DEBUG  ]  No samples found: optitype
[2022-08-05 11:13:09,007] multiqc                                            [INFO   ]  Compressing plot data
[2022-08-05 11:13:23,042] multiqc                                            [INFO   ]  Report      : 401628_MGSD_CSIRO.qc.stats/multiqc_report.html
[2022-08-05 11:13:23,043] multiqc                                            [INFO   ]  Data        : 401628_MGSD_CSIRO.qc.stats/multiqc_data
[2022-08-05 11:13:23,043] multiqc                                            [DEBUG  ]  Moving data file from '/tmp/smi9a9.8585929/tmpmtsdd_sy/multiqc_data' to '401628_MGSD_CSIRO.qc.stats/multiqc_data'
[2022-08-05 11:13:23,172] multiqc                                            [INFO   ]  MultiQC complete
