[2022-08-05 11:06:07,203] multiqc                                            [DEBUG  ]  This is MultiQC v1.11
[2022-08-05 11:06:07,203] multiqc                                            [DEBUG  ]  No MultiQC config found: /apps/multiqc/1.11/lib/python3.9/site-packages/multiqc_config.yaml
[2022-08-05 11:06:07,203] multiqc                                            [DEBUG  ]  No MultiQC config found: /home/smi9a9/.multiqc_config.yaml
[2022-08-05 11:06:07,205] multiqc                                            [DEBUG  ]  No MultiQC config found: multiqc_config.yaml
[2022-08-05 11:06:07,205] multiqc                                            [DEBUG  ]  Command used: /apps/multiqc/1.11/bin/multiqc ./401582_HL7J5DSX3-1_merged_fastqc.html ./401582_HL7J5DSX3-1_merged_fastqc.zip ./401582_HL7J5DSX3-1_merged.fastq.gz ./401582_HL7J5DSX3-1_R1p_fastqc.html ./401582_HL7J5DSX3-1_R1p_fastqc.zip ./401582_HL7J5DSX3-1_R1p.fastq.gz ./401582_HL7J5DSX3-1_R1R2u_fastqc.html ./401582_HL7J5DSX3-1_R1R2u_fastqc.zip ./401582_HL7J5DSX3-1_R1R2u.fastq.gz ./401582_HL7J5DSX3-1_R2p_fastqc.html ./401582_HL7J5DSX3-1_R2p_fastqc.zip ./401582_HL7J5DSX3-1_R2p.fastq.gz ./401582_QCreads.md5 -o 401582_MGSD_CSIRO.qc.stats
[2022-08-05 11:06:07,207] multiqc                                            [DEBUG  ]  Could not connect to multiqc.info for version check: <urlopen error [Errno 111] Connection refused>
[2022-08-05 11:06:07,207] multiqc                                            [DEBUG  ]  Command     : /apps/multiqc/1.11/bin/multiqc ./401582_HL7J5DSX3-1_merged_fastqc.html ./401582_HL7J5DSX3-1_merged_fastqc.zip ./401582_HL7J5DSX3-1_merged.fastq.gz ./401582_HL7J5DSX3-1_R1p_fastqc.html ./401582_HL7J5DSX3-1_R1p_fastqc.zip ./401582_HL7J5DSX3-1_R1p.fastq.gz ./401582_HL7J5DSX3-1_R1R2u_fastqc.html ./401582_HL7J5DSX3-1_R1R2u_fastqc.zip ./401582_HL7J5DSX3-1_R1R2u.fastq.gz ./401582_HL7J5DSX3-1_R2p_fastqc.html ./401582_HL7J5DSX3-1_R2p_fastqc.zip ./401582_HL7J5DSX3-1_R2p.fastq.gz ./401582_QCreads.md5 -o 401582_MGSD_CSIRO.qc.stats
[2022-08-05 11:06:07,207] multiqc                                            [DEBUG  ]  Working dir : /datasets/work/oa-amd/work/amd/Metagenome_QC_reads
[2022-08-05 11:06:07,207] multiqc                                            [DEBUG  ]  Template    : default
[2022-08-05 11:06:07,207] multiqc                                            [DEBUG  ]  Running Python 3.9.4 (default, Apr 25 2021, 16:13:27)  [GCC 10.3.0]
[2022-08-05 11:06:07,208] multiqc                                            [DEBUG  ]  Analysing modules: custom_content, ccs, ngsderive, purple, conpair, lima, peddy, somalier, methylQA, mosdepth, phantompeakqualtools, qualimap, preseq, quast, qorts, rna_seqc, rockhopper, rsem, rseqc, busco, bustools, goleft_indexcov, gffcompare, disambiguate, supernova, deeptools, sargasso, verifybamid, mirtrace, happy, mirtop, sambamba, homer, hops, macs2, theta2, snpeff, gatk, htseq, bcftools, featureCounts, fgbio, dragen, dedup, damageprofiler, biobambam2, jcvi, mtnucratio, picard, vep, sentieon, prokka, qc3C, nanostat, samblaster, samtools, sexdeterrmine, eigenstratdatabasetools, bamtools, jellyfish, vcftools, longranger, stacks, varscan2, snippy, bbmap, bismark, biscuit, hicexplorer, hicup, hicpro, salmon, kallisto, slamdunk, star, hisat2, tophat, bowtie2, bowtie1, snpsplit, odgi, pangolin, kat, leehom, adapterRemoval, clipandmerge, cutadapt, flexbar, kaiju, kraken, malt, trimmomatic, sickle, skewer, sortmerna, biobloomtools, fastq_screen, afterqc, fastp, fastqc, pychopper, pycoqc, minionqc, multivcfanalyzer, clusterflow, bcl2fastq, bclconvert, interop, ivar, flash, seqyclean, optitype
[2022-08-05 11:06:07,208] multiqc                                            [DEBUG  ]  Using temporary directory for creating report: /tmp/smi9a9.8584837/tmp06f486fc
[2022-08-05 11:06:07,271] multiqc                                            [INFO   ]  Search path : /datasets/work/oa-amd/work/amd/Metagenome_QC_reads/401582_HL7J5DSX3-1_merged_fastqc.html
[2022-08-05 11:06:07,271] multiqc                                            [INFO   ]  Search path : /datasets/work/oa-amd/work/amd/Metagenome_QC_reads/401582_HL7J5DSX3-1_merged_fastqc.zip
[2022-08-05 11:06:07,272] multiqc                                            [INFO   ]  Search path : /datasets/work/oa-amd/work/amd/Metagenome_QC_reads/401582_HL7J5DSX3-1_merged.fastq.gz
[2022-08-05 11:06:07,272] multiqc                                            [INFO   ]  Search path : /datasets/work/oa-amd/work/amd/Metagenome_QC_reads/401582_HL7J5DSX3-1_R1p_fastqc.html
[2022-08-05 11:06:07,272] multiqc                                            [INFO   ]  Search path : /datasets/work/oa-amd/work/amd/Metagenome_QC_reads/401582_HL7J5DSX3-1_R1p_fastqc.zip
[2022-08-05 11:06:07,272] multiqc                                            [INFO   ]  Search path : /datasets/work/oa-amd/work/amd/Metagenome_QC_reads/401582_HL7J5DSX3-1_R1p.fastq.gz
[2022-08-05 11:06:07,272] multiqc                                            [INFO   ]  Search path : /datasets/work/oa-amd/work/amd/Metagenome_QC_reads/401582_HL7J5DSX3-1_R1R2u_fastqc.html
[2022-08-05 11:06:07,272] multiqc                                            [INFO   ]  Search path : /datasets/work/oa-amd/work/amd/Metagenome_QC_reads/401582_HL7J5DSX3-1_R1R2u_fastqc.zip
[2022-08-05 11:06:07,272] multiqc                                            [INFO   ]  Search path : /datasets/work/oa-amd/work/amd/Metagenome_QC_reads/401582_HL7J5DSX3-1_R1R2u.fastq.gz
[2022-08-05 11:06:07,272] multiqc                                            [INFO   ]  Search path : /datasets/work/oa-amd/work/amd/Metagenome_QC_reads/401582_HL7J5DSX3-1_R2p_fastqc.html
[2022-08-05 11:06:07,272] multiqc                                            [INFO   ]  Search path : /datasets/work/oa-amd/work/amd/Metagenome_QC_reads/401582_HL7J5DSX3-1_R2p_fastqc.zip
[2022-08-05 11:06:07,272] multiqc                                            [INFO   ]  Search path : /datasets/work/oa-amd/work/amd/Metagenome_QC_reads/401582_HL7J5DSX3-1_R2p.fastq.gz
[2022-08-05 11:06:07,272] multiqc                                            [INFO   ]  Search path : /datasets/work/oa-amd/work/amd/Metagenome_QC_reads/401582_QCreads.md5
[2022-08-05 11:06:07,958] multiqc                                            [DEBUG  ]  File ignored by ccs/v4 because it exceeded search pattern filesize limit: 401582_HL7J5DSX3-1_merged_fastqc.html
[2022-08-05 11:06:07,972] multiqc                                            [DEBUG  ]  File ignored by hicexplorer because it exceeded search pattern filesize limit: 401582_HL7J5DSX3-1_merged_fastqc.html
[2022-08-05 11:06:07,973] multiqc                                            [DEBUG  ]  File ignored by nanostat because it exceeded search pattern filesize limit: 401582_HL7J5DSX3-1_merged_fastqc.html
[2022-08-05 11:06:07,973] multiqc                                            [DEBUG  ]  File ignored by lima/summary because it exceeded search pattern filesize limit: 401582_HL7J5DSX3-1_merged_fastqc.html
[2022-08-05 11:06:07,991] multiqc                                            [DEBUG  ]  File ignored by vep/vep_txt because it exceeded search pattern filesize limit: 401582_HL7J5DSX3-1_merged_fastqc.html
[2022-08-05 11:06:07,991] multiqc                                            [DEBUG  ]  File ignored by longranger/invocation because it exceeded search pattern filesize limit: 401582_HL7J5DSX3-1_merged_fastqc.html
[2022-08-05 11:06:07,991] multiqc                                            [DEBUG  ]  File ignored by rockhopper because it exceeded search pattern filesize limit: 401582_HL7J5DSX3-1_merged_fastqc.html
[2022-08-05 11:06:07,991] multiqc                                            [DEBUG  ]  File ignored by rseqc/bam_stat because it exceeded search pattern filesize limit: 401582_HL7J5DSX3-1_merged_fastqc.html
[2022-08-05 11:06:07,991] multiqc                                            [DEBUG  ]  File ignored by rseqc/junction_annotation because it exceeded search pattern filesize limit: 401582_HL7J5DSX3-1_merged_fastqc.html
[2022-08-05 11:06:07,991] multiqc                                            [DEBUG  ]  File ignored by rseqc/read_distribution because it exceeded search pattern filesize limit: 401582_HL7J5DSX3-1_merged_fastqc.html
[2022-08-05 11:06:07,991] multiqc                                            [DEBUG  ]  File ignored by rseqc/infer_experiment because it exceeded search pattern filesize limit: 401582_HL7J5DSX3-1_merged_fastqc.html
[2022-08-05 11:06:08,112] multiqc                                            [DEBUG  ]  Ignoring file as matched an ignore pattern: 401582_HL7J5DSX3-1_merged.fastq.gz
[2022-08-05 11:06:08,138] multiqc                                            [DEBUG  ]  File ignored by ccs/v4 because it exceeded search pattern filesize limit: 401582_HL7J5DSX3-1_R1p_fastqc.html
[2022-08-05 11:06:08,145] multiqc                                            [DEBUG  ]  File ignored by hicexplorer because it exceeded search pattern filesize limit: 401582_HL7J5DSX3-1_R1p_fastqc.html
[2022-08-05 11:06:08,145] multiqc                                            [DEBUG  ]  File ignored by nanostat because it exceeded search pattern filesize limit: 401582_HL7J5DSX3-1_R1p_fastqc.html
[2022-08-05 11:06:08,145] multiqc                                            [DEBUG  ]  File ignored by lima/summary because it exceeded search pattern filesize limit: 401582_HL7J5DSX3-1_R1p_fastqc.html
[2022-08-05 11:06:08,156] multiqc                                            [DEBUG  ]  File ignored by vep/vep_txt because it exceeded search pattern filesize limit: 401582_HL7J5DSX3-1_R1p_fastqc.html
[2022-08-05 11:06:08,156] multiqc                                            [DEBUG  ]  File ignored by longranger/invocation because it exceeded search pattern filesize limit: 401582_HL7J5DSX3-1_R1p_fastqc.html
[2022-08-05 11:06:08,156] multiqc                                            [DEBUG  ]  File ignored by rockhopper because it exceeded search pattern filesize limit: 401582_HL7J5DSX3-1_R1p_fastqc.html
[2022-08-05 11:06:08,156] multiqc                                            [DEBUG  ]  File ignored by rseqc/bam_stat because it exceeded search pattern filesize limit: 401582_HL7J5DSX3-1_R1p_fastqc.html
[2022-08-05 11:06:08,156] multiqc                                            [DEBUG  ]  File ignored by rseqc/junction_annotation because it exceeded search pattern filesize limit: 401582_HL7J5DSX3-1_R1p_fastqc.html
[2022-08-05 11:06:08,156] multiqc                                            [DEBUG  ]  File ignored by rseqc/read_distribution because it exceeded search pattern filesize limit: 401582_HL7J5DSX3-1_R1p_fastqc.html
[2022-08-05 11:06:08,156] multiqc                                            [DEBUG  ]  File ignored by rseqc/infer_experiment because it exceeded search pattern filesize limit: 401582_HL7J5DSX3-1_R1p_fastqc.html
[2022-08-05 11:06:08,469] multiqc                                            [DEBUG  ]  Ignoring file as matched an ignore pattern: 401582_HL7J5DSX3-1_R1p.fastq.gz
[2022-08-05 11:06:08,776] multiqc                                            [DEBUG  ]  File ignored by ccs/v4 because it exceeded search pattern filesize limit: 401582_HL7J5DSX3-1_R1R2u_fastqc.html
[2022-08-05 11:06:08,788] multiqc                                            [DEBUG  ]  File ignored by hicexplorer because it exceeded search pattern filesize limit: 401582_HL7J5DSX3-1_R1R2u_fastqc.html
[2022-08-05 11:06:08,789] multiqc                                            [DEBUG  ]  File ignored by nanostat because it exceeded search pattern filesize limit: 401582_HL7J5DSX3-1_R1R2u_fastqc.html
[2022-08-05 11:06:08,789] multiqc                                            [DEBUG  ]  File ignored by lima/summary because it exceeded search pattern filesize limit: 401582_HL7J5DSX3-1_R1R2u_fastqc.html
[2022-08-05 11:06:08,817] multiqc                                            [DEBUG  ]  File ignored by vep/vep_txt because it exceeded search pattern filesize limit: 401582_HL7J5DSX3-1_R1R2u_fastqc.html
[2022-08-05 11:06:08,817] multiqc                                            [DEBUG  ]  File ignored by longranger/invocation because it exceeded search pattern filesize limit: 401582_HL7J5DSX3-1_R1R2u_fastqc.html
[2022-08-05 11:06:08,817] multiqc                                            [DEBUG  ]  File ignored by rockhopper because it exceeded search pattern filesize limit: 401582_HL7J5DSX3-1_R1R2u_fastqc.html
[2022-08-05 11:06:08,817] multiqc                                            [DEBUG  ]  File ignored by rseqc/bam_stat because it exceeded search pattern filesize limit: 401582_HL7J5DSX3-1_R1R2u_fastqc.html
[2022-08-05 11:06:08,817] multiqc                                            [DEBUG  ]  File ignored by rseqc/junction_annotation because it exceeded search pattern filesize limit: 401582_HL7J5DSX3-1_R1R2u_fastqc.html
[2022-08-05 11:06:08,817] multiqc                                            [DEBUG  ]  File ignored by rseqc/read_distribution because it exceeded search pattern filesize limit: 401582_HL7J5DSX3-1_R1R2u_fastqc.html
[2022-08-05 11:06:08,817] multiqc                                            [DEBUG  ]  File ignored by rseqc/infer_experiment because it exceeded search pattern filesize limit: 401582_HL7J5DSX3-1_R1R2u_fastqc.html
[2022-08-05 11:06:08,933] multiqc                                            [DEBUG  ]  Ignoring file as matched an ignore pattern: 401582_HL7J5DSX3-1_R1R2u.fastq.gz
[2022-08-05 11:06:09,106] multiqc                                            [DEBUG  ]  File ignored by ccs/v4 because it exceeded search pattern filesize limit: 401582_HL7J5DSX3-1_R2p_fastqc.html
[2022-08-05 11:06:09,347] multiqc                                            [DEBUG  ]  File ignored by hicexplorer because it exceeded search pattern filesize limit: 401582_HL7J5DSX3-1_R2p_fastqc.html
[2022-08-05 11:06:09,352] multiqc                                            [DEBUG  ]  File ignored by nanostat because it exceeded search pattern filesize limit: 401582_HL7J5DSX3-1_R2p_fastqc.html
[2022-08-05 11:06:09,352] multiqc                                            [DEBUG  ]  File ignored by lima/summary because it exceeded search pattern filesize limit: 401582_HL7J5DSX3-1_R2p_fastqc.html
[2022-08-05 11:06:09,371] multiqc                                            [DEBUG  ]  File ignored by vep/vep_txt because it exceeded search pattern filesize limit: 401582_HL7J5DSX3-1_R2p_fastqc.html
[2022-08-05 11:06:09,371] multiqc                                            [DEBUG  ]  File ignored by longranger/invocation because it exceeded search pattern filesize limit: 401582_HL7J5DSX3-1_R2p_fastqc.html
[2022-08-05 11:06:09,371] multiqc                                            [DEBUG  ]  File ignored by rockhopper because it exceeded search pattern filesize limit: 401582_HL7J5DSX3-1_R2p_fastqc.html
[2022-08-05 11:06:09,371] multiqc                                            [DEBUG  ]  File ignored by rseqc/bam_stat because it exceeded search pattern filesize limit: 401582_HL7J5DSX3-1_R2p_fastqc.html
[2022-08-05 11:06:09,371] multiqc                                            [DEBUG  ]  File ignored by rseqc/junction_annotation because it exceeded search pattern filesize limit: 401582_HL7J5DSX3-1_R2p_fastqc.html
[2022-08-05 11:06:09,371] multiqc                                            [DEBUG  ]  File ignored by rseqc/read_distribution because it exceeded search pattern filesize limit: 401582_HL7J5DSX3-1_R2p_fastqc.html
[2022-08-05 11:06:09,371] multiqc                                            [DEBUG  ]  File ignored by rseqc/infer_experiment because it exceeded search pattern filesize limit: 401582_HL7J5DSX3-1_R2p_fastqc.html
[2022-08-05 11:06:09,458] multiqc                                            [DEBUG  ]  Ignoring file as matched an ignore pattern: 401582_HL7J5DSX3-1_R2p.fastq.gz
[2022-08-05 11:06:09,459] multiqc                                            [DEBUG  ]  Ignoring file as matched an ignore pattern: 401582_QCreads.md5
[2022-08-05 11:06:11,356] multiqc.plots.bargraph                             [DEBUG  ]  Using matplotlib version 3.3.4
[2022-08-05 11:06:11,360] multiqc.plots.linegraph                            [DEBUG  ]  Using matplotlib version 3.3.4
[2022-08-05 11:06:11,362] multiqc                                            [DEBUG  ]  No samples found: custom_content
[2022-08-05 11:06:11,367] multiqc                                            [DEBUG  ]  No samples found: ccs
[2022-08-05 11:06:11,372] multiqc                                            [DEBUG  ]  No samples found: ngsderive
[2022-08-05 11:06:11,376] multiqc                                            [DEBUG  ]  No samples found: purple
[2022-08-05 11:06:11,380] multiqc                                            [DEBUG  ]  No samples found: conpair
[2022-08-05 11:06:11,385] multiqc                                            [DEBUG  ]  No samples found: lima
[2022-08-05 11:06:11,390] multiqc                                            [DEBUG  ]  No samples found: peddy
[2022-08-05 11:06:11,396] multiqc                                            [DEBUG  ]  No samples found: somalier
[2022-08-05 11:06:11,400] multiqc                                            [DEBUG  ]  No samples found: methylQA
[2022-08-05 11:06:11,409] multiqc.modules.mosdepth.mosdepth                  [DEBUG  ]  include_contigs: []
[2022-08-05 11:06:11,410] multiqc.modules.mosdepth.mosdepth                  [DEBUG  ]  exclude_contigs: []
[2022-08-05 11:06:11,410] multiqc                                            [DEBUG  ]  No samples found: mosdepth
[2022-08-05 11:06:11,413] multiqc                                            [DEBUG  ]  No samples found: phantompeakqualtools
[2022-08-05 11:06:11,417] multiqc                                            [DEBUG  ]  No samples found: qualimap
[2022-08-05 11:06:11,422] multiqc                                            [DEBUG  ]  No samples found: preseq
[2022-08-05 11:06:11,427] multiqc                                            [DEBUG  ]  No samples found: quast
[2022-08-05 11:06:11,432] multiqc                                            [DEBUG  ]  No samples found: qorts
[2022-08-05 11:06:11,436] multiqc                                            [DEBUG  ]  No samples found: rna_seqc
[2022-08-05 11:06:11,441] multiqc                                            [DEBUG  ]  No samples found: rockhopper
[2022-08-05 11:06:11,448] multiqc                                            [DEBUG  ]  No samples found: rsem
[2022-08-05 11:06:11,467] multiqc                                            [DEBUG  ]  No samples found: rseqc
[2022-08-05 11:06:11,471] multiqc                                            [DEBUG  ]  No samples found: busco
[2022-08-05 11:06:11,476] multiqc                                            [DEBUG  ]  No samples found: bustools
[2022-08-05 11:06:11,480] multiqc                                            [DEBUG  ]  No samples found: goleft_indexcov
[2022-08-05 11:06:11,485] multiqc                                            [DEBUG  ]  No samples found: gffcompare
[2022-08-05 11:06:11,489] multiqc                                            [DEBUG  ]  No samples found: disambiguate
[2022-08-05 11:06:11,495] multiqc                                            [DEBUG  ]  No samples found: supernova
[2022-08-05 11:06:11,510] multiqc                                            [DEBUG  ]  No samples found: deeptools
[2022-08-05 11:06:11,514] multiqc                                            [DEBUG  ]  No samples found: sargasso
[2022-08-05 11:06:11,518] multiqc                                            [DEBUG  ]  No samples found: verifybamid
[2022-08-05 11:06:11,524] multiqc                                            [DEBUG  ]  No samples found: mirtrace
[2022-08-05 11:06:11,528] multiqc                                            [DEBUG  ]  No samples found: happy
[2022-08-05 11:06:11,532] multiqc                                            [DEBUG  ]  No samples found: mirtop
[2022-08-05 11:06:11,537] multiqc                                            [DEBUG  ]  No samples found: sambamba
[2022-08-05 11:06:11,545] multiqc                                            [DEBUG  ]  No samples found: homer
[2022-08-05 11:06:11,549] multiqc                                            [DEBUG  ]  No samples found: hops
[2022-08-05 11:06:11,553] multiqc                                            [DEBUG  ]  No samples found: macs2
[2022-08-05 11:06:11,557] multiqc                                            [DEBUG  ]  No samples found: theta2
[2022-08-05 11:06:11,562] multiqc                                            [DEBUG  ]  No samples found: snpeff
[2022-08-05 11:06:11,569] multiqc                                            [DEBUG  ]  No samples found: gatk
[2022-08-05 11:06:11,573] multiqc                                            [DEBUG  ]  No samples found: htseq
[2022-08-05 11:06:11,578] multiqc                                            [DEBUG  ]  No samples found: bcftools
[2022-08-05 11:06:11,583] multiqc                                            [DEBUG  ]  No samples found: featureCounts
[2022-08-05 11:06:11,590] multiqc                                            [DEBUG  ]  No samples found: fgbio
[2022-08-05 11:06:11,605] multiqc                                            [DEBUG  ]  No samples found: dragen
[2022-08-05 11:06:11,609] multiqc                                            [DEBUG  ]  No samples found: dedup
[2022-08-05 11:06:11,614] multiqc                                            [DEBUG  ]  No samples found: damageprofiler
[2022-08-05 11:06:11,648] multiqc                                            [DEBUG  ]  No samples found: biobambam2
[2022-08-05 11:06:11,653] multiqc                                            [DEBUG  ]  No samples found: jcvi
[2022-08-05 11:06:11,657] multiqc                                            [DEBUG  ]  No samples found: mtnucratio
[2022-08-05 11:06:11,659] multiqc                                            [DEBUG  ]  No samples found: picard
[2022-08-05 11:06:11,664] multiqc                                            [DEBUG  ]  No samples found: vep
[2022-08-05 11:06:11,672] multiqc                                            [DEBUG  ]  No samples found: sentieon
[2022-08-05 11:06:11,676] multiqc                                            [DEBUG  ]  No samples found: prokka
[2022-08-05 11:06:11,683] multiqc                                            [DEBUG  ]  No samples found: qc3C
[2022-08-05 11:06:11,688] multiqc                                            [DEBUG  ]  No samples found: nanostat
[2022-08-05 11:06:11,693] multiqc                                            [DEBUG  ]  No samples found: samblaster
[2022-08-05 11:06:12,163] multiqc                                            [DEBUG  ]  No samples found: samtools
[2022-08-05 11:06:12,168] multiqc                                            [DEBUG  ]  No samples found: sexdeterrmine
[2022-08-05 11:06:12,172] multiqc                                            [DEBUG  ]  No samples found: eigenstratdatabasetools
[2022-08-05 11:06:12,176] multiqc                                            [DEBUG  ]  No samples found: bamtools
[2022-08-05 11:06:12,180] multiqc                                            [DEBUG  ]  No samples found: jellyfish
[2022-08-05 11:06:12,187] multiqc                                            [DEBUG  ]  No samples found: vcftools
[2022-08-05 11:06:12,193] multiqc                                            [DEBUG  ]  No samples found: longranger
[2022-08-05 11:06:12,197] multiqc                                            [DEBUG  ]  No samples found: stacks
[2022-08-05 11:06:12,201] multiqc                                            [DEBUG  ]  No samples found: varscan2
[2022-08-05 11:06:12,206] multiqc                                            [DEBUG  ]  No samples found: snippy
[2022-08-05 11:06:12,683] multiqc                                            [DEBUG  ]  No samples found: bbmap
[2022-08-05 11:06:12,689] multiqc                                            [DEBUG  ]  No samples found: bismark
[2022-08-05 11:06:12,698] multiqc                                            [DEBUG  ]  No samples found: biscuit
[2022-08-05 11:06:12,702] multiqc                                            [DEBUG  ]  No samples found: hicexplorer
[2022-08-05 11:06:12,707] multiqc                                            [DEBUG  ]  No samples found: hicup
[2022-08-05 11:06:12,712] multiqc                                            [DEBUG  ]  No samples found: hicpro
[2022-08-05 11:06:12,716] multiqc                                            [DEBUG  ]  No samples found: salmon
[2022-08-05 11:06:12,720] multiqc                                            [DEBUG  ]  No samples found: kallisto
[2022-08-05 11:06:12,726] multiqc                                            [DEBUG  ]  No samples found: slamdunk
[2022-08-05 11:06:12,731] multiqc                                            [DEBUG  ]  No samples found: star
[2022-08-05 11:06:12,736] multiqc                                            [DEBUG  ]  No samples found: hisat2
[2022-08-05 11:06:12,742] multiqc                                            [DEBUG  ]  No samples found: tophat
[2022-08-05 11:06:12,747] multiqc                                            [DEBUG  ]  No samples found: bowtie2
[2022-08-05 11:06:12,982] multiqc                                            [DEBUG  ]  No samples found: bowtie1
[2022-08-05 11:06:12,986] multiqc                                            [DEBUG  ]  No samples found: snpsplit
[2022-08-05 11:06:12,996] multiqc                                            [DEBUG  ]  No samples found: odgi
[2022-08-05 11:06:13,001] multiqc                                            [DEBUG  ]  No samples found: pangolin
[2022-08-05 11:06:13,005] multiqc                                            [DEBUG  ]  No samples found: kat
[2022-08-05 11:06:13,009] multiqc                                            [DEBUG  ]  No samples found: leehom
[2022-08-05 11:06:13,014] multiqc                                            [DEBUG  ]  No samples found: adapterRemoval
[2022-08-05 11:06:13,018] multiqc                                            [DEBUG  ]  No samples found: clipandmerge
[2022-08-05 11:06:13,024] multiqc                                            [DEBUG  ]  No samples found: cutadapt
[2022-08-05 11:06:13,260] multiqc                                            [DEBUG  ]  No samples found: flexbar
[2022-08-05 11:06:13,265] multiqc                                            [DEBUG  ]  No samples found: kaiju
[2022-08-05 11:06:13,271] multiqc                                            [DEBUG  ]  No samples found: kraken
[2022-08-05 11:06:13,275] multiqc                                            [DEBUG  ]  No samples found: malt
[2022-08-05 11:06:13,280] multiqc                                            [DEBUG  ]  No samples found: trimmomatic
[2022-08-05 11:06:13,284] multiqc                                            [DEBUG  ]  No samples found: sickle
[2022-08-05 11:06:13,289] multiqc                                            [DEBUG  ]  No samples found: skewer
[2022-08-05 11:06:13,294] multiqc                                            [DEBUG  ]  No samples found: sortmerna
[2022-08-05 11:06:13,300] multiqc                                            [DEBUG  ]  No samples found: biobloomtools
[2022-08-05 11:06:13,305] multiqc                                            [DEBUG  ]  No samples found: fastq_screen
[2022-08-05 11:06:13,309] multiqc                                            [DEBUG  ]  No samples found: afterqc
[2022-08-05 11:06:13,315] multiqc                                            [DEBUG  ]  No samples found: fastp
[2022-08-05 11:06:14,072] multiqc.modules.fastqc.fastqc                      [INFO   ]  Found 4 reports
[2022-08-05 11:06:14,120] multiqc                                            [DEBUG  ]  No samples found: pychopper
[2022-08-05 11:06:14,126] multiqc                                            [DEBUG  ]  No samples found: pycoqc
[2022-08-05 11:06:14,131] multiqc                                            [DEBUG  ]  No samples found: minionqc
[2022-08-05 11:06:14,136] multiqc                                            [DEBUG  ]  No samples found: multivcfanalyzer
[2022-08-05 11:06:14,142] multiqc                                            [DEBUG  ]  No samples found: clusterflow
[2022-08-05 11:06:14,149] multiqc                                            [DEBUG  ]  No samples found: bcl2fastq
[2022-08-05 11:06:14,156] multiqc                                            [DEBUG  ]  No samples found: bclconvert
[2022-08-05 11:06:14,161] multiqc                                            [DEBUG  ]  No samples found: interop
[2022-08-05 11:06:14,165] multiqc                                            [DEBUG  ]  No samples found: ivar
[2022-08-05 11:06:14,170] multiqc                                            [DEBUG  ]  No samples found: flash
[2022-08-05 11:06:14,175] multiqc                                            [DEBUG  ]  No samples found: seqyclean
[2022-08-05 11:06:14,179] multiqc                                            [DEBUG  ]  No samples found: optitype
[2022-08-05 11:06:14,183] multiqc                                            [INFO   ]  Compressing plot data
[2022-08-05 11:06:14,251] multiqc                                            [INFO   ]  Report      : 401582_MGSD_CSIRO.qc.stats/multiqc_report.html
[2022-08-05 11:06:14,251] multiqc                                            [INFO   ]  Data        : 401582_MGSD_CSIRO.qc.stats/multiqc_data
[2022-08-05 11:06:14,251] multiqc                                            [DEBUG  ]  Moving data file from '/tmp/smi9a9.8584837/tmp06f486fc/multiqc_data' to '401582_MGSD_CSIRO.qc.stats/multiqc_data'
[2022-08-05 11:06:15,294] multiqc                                            [INFO   ]  MultiQC complete
