[2022-08-05 11:05:07,145] multiqc                                            [DEBUG  ]  This is MultiQC v1.11
[2022-08-05 11:05:07,145] multiqc                                            [DEBUG  ]  No MultiQC config found: /apps/multiqc/1.11/lib/python3.9/site-packages/multiqc_config.yaml
[2022-08-05 11:05:07,145] multiqc                                            [DEBUG  ]  No MultiQC config found: /home/smi9a9/.multiqc_config.yaml
[2022-08-05 11:05:07,146] multiqc                                            [DEBUG  ]  No MultiQC config found: multiqc_config.yaml
[2022-08-05 11:05:07,146] multiqc                                            [DEBUG  ]  Command used: /apps/multiqc/1.11/bin/multiqc ./12446_H3NJ2BCXX-2_merged_fastqc.html ./12446_H3NJ2BCXX-2_merged_fastqc.zip ./12446_H3NJ2BCXX-2_merged.fastq.gz ./12446_H3NJ2BCXX-2_R1p_fastqc.html ./12446_H3NJ2BCXX-2_R1p_fastqc.zip ./12446_H3NJ2BCXX-2_R1p.fastq.gz ./12446_H3NJ2BCXX-2_R1R2u_fastqc.html ./12446_H3NJ2BCXX-2_R1R2u_fastqc.zip ./12446_H3NJ2BCXX-2_R1R2u.fastq.gz ./12446_H3NJ2BCXX-2_R2p_fastqc.html ./12446_H3NJ2BCXX-2_R2p_fastqc.zip ./12446_H3NJ2BCXX-2_R2p.fastq.gz ./12446_QCreads.md5 -o 12446_MGSD_CSIRO.qc.stats
[2022-08-05 11:05:07,148] multiqc                                            [DEBUG  ]  Could not connect to multiqc.info for version check: <urlopen error [Errno 111] Connection refused>
[2022-08-05 11:05:07,148] multiqc                                            [DEBUG  ]  Command     : /apps/multiqc/1.11/bin/multiqc ./12446_H3NJ2BCXX-2_merged_fastqc.html ./12446_H3NJ2BCXX-2_merged_fastqc.zip ./12446_H3NJ2BCXX-2_merged.fastq.gz ./12446_H3NJ2BCXX-2_R1p_fastqc.html ./12446_H3NJ2BCXX-2_R1p_fastqc.zip ./12446_H3NJ2BCXX-2_R1p.fastq.gz ./12446_H3NJ2BCXX-2_R1R2u_fastqc.html ./12446_H3NJ2BCXX-2_R1R2u_fastqc.zip ./12446_H3NJ2BCXX-2_R1R2u.fastq.gz ./12446_H3NJ2BCXX-2_R2p_fastqc.html ./12446_H3NJ2BCXX-2_R2p_fastqc.zip ./12446_H3NJ2BCXX-2_R2p.fastq.gz ./12446_QCreads.md5 -o 12446_MGSD_CSIRO.qc.stats
[2022-08-05 11:05:07,148] multiqc                                            [DEBUG  ]  Working dir : /datasets/work/oa-amd/work/amd/Metagenome_QC_reads
[2022-08-05 11:05:07,148] multiqc                                            [DEBUG  ]  Template    : default
[2022-08-05 11:05:07,148] multiqc                                            [DEBUG  ]  Running Python 3.9.4 (default, Apr 25 2021, 16:13:27)  [GCC 10.3.0]
[2022-08-05 11:05:07,148] multiqc                                            [DEBUG  ]  Analysing modules: custom_content, ccs, ngsderive, purple, conpair, lima, peddy, somalier, methylQA, mosdepth, phantompeakqualtools, qualimap, preseq, quast, qorts, rna_seqc, rockhopper, rsem, rseqc, busco, bustools, goleft_indexcov, gffcompare, disambiguate, supernova, deeptools, sargasso, verifybamid, mirtrace, happy, mirtop, sambamba, homer, hops, macs2, theta2, snpeff, gatk, htseq, bcftools, featureCounts, fgbio, dragen, dedup, damageprofiler, biobambam2, jcvi, mtnucratio, picard, vep, sentieon, prokka, qc3C, nanostat, samblaster, samtools, sexdeterrmine, eigenstratdatabasetools, bamtools, jellyfish, vcftools, longranger, stacks, varscan2, snippy, bbmap, bismark, biscuit, hicexplorer, hicup, hicpro, salmon, kallisto, slamdunk, star, hisat2, tophat, bowtie2, bowtie1, snpsplit, odgi, pangolin, kat, leehom, adapterRemoval, clipandmerge, cutadapt, flexbar, kaiju, kraken, malt, trimmomatic, sickle, skewer, sortmerna, biobloomtools, fastq_screen, afterqc, fastp, fastqc, pychopper, pycoqc, minionqc, multivcfanalyzer, clusterflow, bcl2fastq, bclconvert, interop, ivar, flash, seqyclean, optitype
[2022-08-05 11:05:07,148] multiqc                                            [DEBUG  ]  Using temporary directory for creating report: /tmp/smi9a9.8585181/tmpvgtul8au
[2022-08-05 11:05:07,211] multiqc                                            [INFO   ]  Search path : /datasets/work/oa-amd/work/amd/Metagenome_QC_reads/12446_H3NJ2BCXX-2_merged_fastqc.html
[2022-08-05 11:05:07,211] multiqc                                            [INFO   ]  Search path : /datasets/work/oa-amd/work/amd/Metagenome_QC_reads/12446_H3NJ2BCXX-2_merged_fastqc.zip
[2022-08-05 11:05:07,211] multiqc                                            [INFO   ]  Search path : /datasets/work/oa-amd/work/amd/Metagenome_QC_reads/12446_H3NJ2BCXX-2_merged.fastq.gz
[2022-08-05 11:05:07,211] multiqc                                            [INFO   ]  Search path : /datasets/work/oa-amd/work/amd/Metagenome_QC_reads/12446_H3NJ2BCXX-2_R1p_fastqc.html
[2022-08-05 11:05:07,211] multiqc                                            [INFO   ]  Search path : /datasets/work/oa-amd/work/amd/Metagenome_QC_reads/12446_H3NJ2BCXX-2_R1p_fastqc.zip
[2022-08-05 11:05:07,211] multiqc                                            [INFO   ]  Search path : /datasets/work/oa-amd/work/amd/Metagenome_QC_reads/12446_H3NJ2BCXX-2_R1p.fastq.gz
[2022-08-05 11:05:07,211] multiqc                                            [INFO   ]  Search path : /datasets/work/oa-amd/work/amd/Metagenome_QC_reads/12446_H3NJ2BCXX-2_R1R2u_fastqc.html
[2022-08-05 11:05:07,211] multiqc                                            [INFO   ]  Search path : /datasets/work/oa-amd/work/amd/Metagenome_QC_reads/12446_H3NJ2BCXX-2_R1R2u_fastqc.zip
[2022-08-05 11:05:07,211] multiqc                                            [INFO   ]  Search path : /datasets/work/oa-amd/work/amd/Metagenome_QC_reads/12446_H3NJ2BCXX-2_R1R2u.fastq.gz
[2022-08-05 11:05:07,211] multiqc                                            [INFO   ]  Search path : /datasets/work/oa-amd/work/amd/Metagenome_QC_reads/12446_H3NJ2BCXX-2_R2p_fastqc.html
[2022-08-05 11:05:07,211] multiqc                                            [INFO   ]  Search path : /datasets/work/oa-amd/work/amd/Metagenome_QC_reads/12446_H3NJ2BCXX-2_R2p_fastqc.zip
[2022-08-05 11:05:07,211] multiqc                                            [INFO   ]  Search path : /datasets/work/oa-amd/work/amd/Metagenome_QC_reads/12446_H3NJ2BCXX-2_R2p.fastq.gz
[2022-08-05 11:05:07,211] multiqc                                            [INFO   ]  Search path : /datasets/work/oa-amd/work/amd/Metagenome_QC_reads/12446_QCreads.md5
[2022-08-05 11:05:07,309] multiqc                                            [DEBUG  ]  File ignored by ccs/v4 because it exceeded search pattern filesize limit: 12446_H3NJ2BCXX-2_merged_fastqc.html
[2022-08-05 11:05:07,315] multiqc                                            [DEBUG  ]  File ignored by hicexplorer because it exceeded search pattern filesize limit: 12446_H3NJ2BCXX-2_merged_fastqc.html
[2022-08-05 11:05:07,316] multiqc                                            [DEBUG  ]  File ignored by nanostat because it exceeded search pattern filesize limit: 12446_H3NJ2BCXX-2_merged_fastqc.html
[2022-08-05 11:05:07,316] multiqc                                            [DEBUG  ]  File ignored by lima/summary because it exceeded search pattern filesize limit: 12446_H3NJ2BCXX-2_merged_fastqc.html
[2022-08-05 11:05:07,558] multiqc                                            [DEBUG  ]  File ignored by vep/vep_txt because it exceeded search pattern filesize limit: 12446_H3NJ2BCXX-2_merged_fastqc.html
[2022-08-05 11:05:07,558] multiqc                                            [DEBUG  ]  File ignored by longranger/invocation because it exceeded search pattern filesize limit: 12446_H3NJ2BCXX-2_merged_fastqc.html
[2022-08-05 11:05:07,558] multiqc                                            [DEBUG  ]  File ignored by rockhopper because it exceeded search pattern filesize limit: 12446_H3NJ2BCXX-2_merged_fastqc.html
[2022-08-05 11:05:07,558] multiqc                                            [DEBUG  ]  File ignored by rseqc/bam_stat because it exceeded search pattern filesize limit: 12446_H3NJ2BCXX-2_merged_fastqc.html
[2022-08-05 11:05:07,558] multiqc                                            [DEBUG  ]  File ignored by rseqc/junction_annotation because it exceeded search pattern filesize limit: 12446_H3NJ2BCXX-2_merged_fastqc.html
[2022-08-05 11:05:07,558] multiqc                                            [DEBUG  ]  File ignored by rseqc/read_distribution because it exceeded search pattern filesize limit: 12446_H3NJ2BCXX-2_merged_fastqc.html
[2022-08-05 11:05:07,559] multiqc                                            [DEBUG  ]  File ignored by rseqc/infer_experiment because it exceeded search pattern filesize limit: 12446_H3NJ2BCXX-2_merged_fastqc.html
[2022-08-05 11:05:07,634] multiqc                                            [DEBUG  ]  Ignoring file as matched an ignore pattern: 12446_H3NJ2BCXX-2_merged.fastq.gz
[2022-08-05 11:05:07,958] multiqc                                            [DEBUG  ]  File ignored by ccs/v4 because it exceeded search pattern filesize limit: 12446_H3NJ2BCXX-2_R1p_fastqc.html
[2022-08-05 11:05:07,969] multiqc                                            [DEBUG  ]  File ignored by hicexplorer because it exceeded search pattern filesize limit: 12446_H3NJ2BCXX-2_R1p_fastqc.html
[2022-08-05 11:05:07,970] multiqc                                            [DEBUG  ]  File ignored by nanostat because it exceeded search pattern filesize limit: 12446_H3NJ2BCXX-2_R1p_fastqc.html
[2022-08-05 11:05:07,970] multiqc                                            [DEBUG  ]  File ignored by lima/summary because it exceeded search pattern filesize limit: 12446_H3NJ2BCXX-2_R1p_fastqc.html
[2022-08-05 11:05:07,992] multiqc                                            [DEBUG  ]  File ignored by vep/vep_txt because it exceeded search pattern filesize limit: 12446_H3NJ2BCXX-2_R1p_fastqc.html
[2022-08-05 11:05:07,992] multiqc                                            [DEBUG  ]  File ignored by longranger/invocation because it exceeded search pattern filesize limit: 12446_H3NJ2BCXX-2_R1p_fastqc.html
[2022-08-05 11:05:07,992] multiqc                                            [DEBUG  ]  File ignored by rockhopper because it exceeded search pattern filesize limit: 12446_H3NJ2BCXX-2_R1p_fastqc.html
[2022-08-05 11:05:07,992] multiqc                                            [DEBUG  ]  File ignored by rseqc/bam_stat because it exceeded search pattern filesize limit: 12446_H3NJ2BCXX-2_R1p_fastqc.html
[2022-08-05 11:05:07,992] multiqc                                            [DEBUG  ]  File ignored by rseqc/junction_annotation because it exceeded search pattern filesize limit: 12446_H3NJ2BCXX-2_R1p_fastqc.html
[2022-08-05 11:05:07,992] multiqc                                            [DEBUG  ]  File ignored by rseqc/read_distribution because it exceeded search pattern filesize limit: 12446_H3NJ2BCXX-2_R1p_fastqc.html
[2022-08-05 11:05:07,992] multiqc                                            [DEBUG  ]  File ignored by rseqc/infer_experiment because it exceeded search pattern filesize limit: 12446_H3NJ2BCXX-2_R1p_fastqc.html
[2022-08-05 11:05:08,088] multiqc                                            [DEBUG  ]  Ignoring file as matched an ignore pattern: 12446_H3NJ2BCXX-2_R1p.fastq.gz
[2022-08-05 11:05:08,212] multiqc                                            [DEBUG  ]  File ignored by ccs/v4 because it exceeded search pattern filesize limit: 12446_H3NJ2BCXX-2_R1R2u_fastqc.html
[2022-08-05 11:05:08,224] multiqc                                            [DEBUG  ]  File ignored by hicexplorer because it exceeded search pattern filesize limit: 12446_H3NJ2BCXX-2_R1R2u_fastqc.html
[2022-08-05 11:05:08,226] multiqc                                            [DEBUG  ]  File ignored by nanostat because it exceeded search pattern filesize limit: 12446_H3NJ2BCXX-2_R1R2u_fastqc.html
[2022-08-05 11:05:08,226] multiqc                                            [DEBUG  ]  File ignored by lima/summary because it exceeded search pattern filesize limit: 12446_H3NJ2BCXX-2_R1R2u_fastqc.html
[2022-08-05 11:05:08,242] multiqc                                            [DEBUG  ]  File ignored by vep/vep_txt because it exceeded search pattern filesize limit: 12446_H3NJ2BCXX-2_R1R2u_fastqc.html
[2022-08-05 11:05:08,242] multiqc                                            [DEBUG  ]  File ignored by longranger/invocation because it exceeded search pattern filesize limit: 12446_H3NJ2BCXX-2_R1R2u_fastqc.html
[2022-08-05 11:05:08,242] multiqc                                            [DEBUG  ]  File ignored by rockhopper because it exceeded search pattern filesize limit: 12446_H3NJ2BCXX-2_R1R2u_fastqc.html
[2022-08-05 11:05:08,242] multiqc                                            [DEBUG  ]  File ignored by rseqc/bam_stat because it exceeded search pattern filesize limit: 12446_H3NJ2BCXX-2_R1R2u_fastqc.html
[2022-08-05 11:05:08,242] multiqc                                            [DEBUG  ]  File ignored by rseqc/junction_annotation because it exceeded search pattern filesize limit: 12446_H3NJ2BCXX-2_R1R2u_fastqc.html
[2022-08-05 11:05:08,242] multiqc                                            [DEBUG  ]  File ignored by rseqc/read_distribution because it exceeded search pattern filesize limit: 12446_H3NJ2BCXX-2_R1R2u_fastqc.html
[2022-08-05 11:05:08,242] multiqc                                            [DEBUG  ]  File ignored by rseqc/infer_experiment because it exceeded search pattern filesize limit: 12446_H3NJ2BCXX-2_R1R2u_fastqc.html
[2022-08-05 11:05:08,325] multiqc                                            [DEBUG  ]  Ignoring file as matched an ignore pattern: 12446_H3NJ2BCXX-2_R1R2u.fastq.gz
[2022-08-05 11:05:08,834] multiqc                                            [DEBUG  ]  File ignored by ccs/v4 because it exceeded search pattern filesize limit: 12446_H3NJ2BCXX-2_R2p_fastqc.html
[2022-08-05 11:05:08,845] multiqc                                            [DEBUG  ]  File ignored by hicexplorer because it exceeded search pattern filesize limit: 12446_H3NJ2BCXX-2_R2p_fastqc.html
[2022-08-05 11:05:08,846] multiqc                                            [DEBUG  ]  File ignored by nanostat because it exceeded search pattern filesize limit: 12446_H3NJ2BCXX-2_R2p_fastqc.html
[2022-08-05 11:05:08,846] multiqc                                            [DEBUG  ]  File ignored by lima/summary because it exceeded search pattern filesize limit: 12446_H3NJ2BCXX-2_R2p_fastqc.html
[2022-08-05 11:05:08,862] multiqc                                            [DEBUG  ]  File ignored by vep/vep_txt because it exceeded search pattern filesize limit: 12446_H3NJ2BCXX-2_R2p_fastqc.html
[2022-08-05 11:05:08,862] multiqc                                            [DEBUG  ]  File ignored by longranger/invocation because it exceeded search pattern filesize limit: 12446_H3NJ2BCXX-2_R2p_fastqc.html
[2022-08-05 11:05:08,863] multiqc                                            [DEBUG  ]  File ignored by rockhopper because it exceeded search pattern filesize limit: 12446_H3NJ2BCXX-2_R2p_fastqc.html
[2022-08-05 11:05:08,863] multiqc                                            [DEBUG  ]  File ignored by rseqc/bam_stat because it exceeded search pattern filesize limit: 12446_H3NJ2BCXX-2_R2p_fastqc.html
[2022-08-05 11:05:08,863] multiqc                                            [DEBUG  ]  File ignored by rseqc/junction_annotation because it exceeded search pattern filesize limit: 12446_H3NJ2BCXX-2_R2p_fastqc.html
[2022-08-05 11:05:08,863] multiqc                                            [DEBUG  ]  File ignored by rseqc/read_distribution because it exceeded search pattern filesize limit: 12446_H3NJ2BCXX-2_R2p_fastqc.html
[2022-08-05 11:05:08,863] multiqc                                            [DEBUG  ]  File ignored by rseqc/infer_experiment because it exceeded search pattern filesize limit: 12446_H3NJ2BCXX-2_R2p_fastqc.html
[2022-08-05 11:05:08,962] multiqc                                            [DEBUG  ]  Ignoring file as matched an ignore pattern: 12446_H3NJ2BCXX-2_R2p.fastq.gz
[2022-08-05 11:05:08,962] multiqc                                            [DEBUG  ]  Ignoring file as matched an ignore pattern: 12446_QCreads.md5
[2022-08-05 11:05:10,869] multiqc.plots.bargraph                             [DEBUG  ]  Using matplotlib version 3.3.4
[2022-08-05 11:05:10,874] multiqc.plots.linegraph                            [DEBUG  ]  Using matplotlib version 3.3.4
[2022-08-05 11:05:10,876] multiqc                                            [DEBUG  ]  No samples found: custom_content
[2022-08-05 11:05:10,882] multiqc                                            [DEBUG  ]  No samples found: ccs
[2022-08-05 11:05:10,888] multiqc                                            [DEBUG  ]  No samples found: ngsderive
[2022-08-05 11:05:10,893] multiqc                                            [DEBUG  ]  No samples found: purple
[2022-08-05 11:05:10,898] multiqc                                            [DEBUG  ]  No samples found: conpair
[2022-08-05 11:05:10,903] multiqc                                            [DEBUG  ]  No samples found: lima
[2022-08-05 11:05:11,139] multiqc                                            [DEBUG  ]  No samples found: peddy
[2022-08-05 11:05:11,146] multiqc                                            [DEBUG  ]  No samples found: somalier
[2022-08-05 11:05:11,151] multiqc                                            [DEBUG  ]  No samples found: methylQA
[2022-08-05 11:05:11,162] multiqc.modules.mosdepth.mosdepth                  [DEBUG  ]  include_contigs: []
[2022-08-05 11:05:11,163] multiqc.modules.mosdepth.mosdepth                  [DEBUG  ]  exclude_contigs: []
[2022-08-05 11:05:11,163] multiqc                                            [DEBUG  ]  No samples found: mosdepth
[2022-08-05 11:05:11,167] multiqc                                            [DEBUG  ]  No samples found: phantompeakqualtools
[2022-08-05 11:05:11,171] multiqc                                            [DEBUG  ]  No samples found: qualimap
[2022-08-05 11:05:11,408] multiqc                                            [DEBUG  ]  No samples found: preseq
[2022-08-05 11:05:11,414] multiqc                                            [DEBUG  ]  No samples found: quast
[2022-08-05 11:05:11,419] multiqc                                            [DEBUG  ]  No samples found: qorts
[2022-08-05 11:05:11,425] multiqc                                            [DEBUG  ]  No samples found: rna_seqc
[2022-08-05 11:05:11,430] multiqc                                            [DEBUG  ]  No samples found: rockhopper
[2022-08-05 11:05:11,435] multiqc                                            [DEBUG  ]  No samples found: rsem
[2022-08-05 11:05:11,914] multiqc                                            [DEBUG  ]  No samples found: rseqc
[2022-08-05 11:05:11,919] multiqc                                            [DEBUG  ]  No samples found: busco
[2022-08-05 11:05:11,924] multiqc                                            [DEBUG  ]  No samples found: bustools
[2022-08-05 11:05:12,160] multiqc                                            [DEBUG  ]  No samples found: goleft_indexcov
[2022-08-05 11:05:12,165] multiqc                                            [DEBUG  ]  No samples found: gffcompare
[2022-08-05 11:05:12,402] multiqc                                            [DEBUG  ]  No samples found: disambiguate
[2022-08-05 11:05:12,409] multiqc                                            [DEBUG  ]  No samples found: supernova
[2022-08-05 11:05:12,657] multiqc                                            [DEBUG  ]  No samples found: deeptools
[2022-08-05 11:05:12,893] multiqc                                            [DEBUG  ]  No samples found: sargasso
[2022-08-05 11:05:12,900] multiqc                                            [DEBUG  ]  No samples found: verifybamid
[2022-08-05 11:05:12,907] multiqc                                            [DEBUG  ]  No samples found: mirtrace
[2022-08-05 11:05:12,912] multiqc                                            [DEBUG  ]  No samples found: happy
[2022-08-05 11:05:12,917] multiqc                                            [DEBUG  ]  No samples found: mirtop
[2022-08-05 11:05:12,923] multiqc                                            [DEBUG  ]  No samples found: sambamba
[2022-08-05 11:05:12,934] multiqc                                            [DEBUG  ]  No samples found: homer
[2022-08-05 11:05:12,939] multiqc                                            [DEBUG  ]  No samples found: hops
[2022-08-05 11:05:12,945] multiqc                                            [DEBUG  ]  No samples found: macs2
[2022-08-05 11:05:12,952] multiqc                                            [DEBUG  ]  No samples found: theta2
[2022-08-05 11:05:12,957] multiqc                                            [DEBUG  ]  No samples found: snpeff
[2022-08-05 11:05:12,966] multiqc                                            [DEBUG  ]  No samples found: gatk
[2022-08-05 11:05:12,972] multiqc                                            [DEBUG  ]  No samples found: htseq
[2022-08-05 11:05:12,979] multiqc                                            [DEBUG  ]  No samples found: bcftools
[2022-08-05 11:05:12,985] multiqc                                            [DEBUG  ]  No samples found: featureCounts
[2022-08-05 11:05:12,992] multiqc                                            [DEBUG  ]  No samples found: fgbio
[2022-08-05 11:05:13,019] multiqc                                            [DEBUG  ]  No samples found: dragen
[2022-08-05 11:05:13,026] multiqc                                            [DEBUG  ]  No samples found: dedup
[2022-08-05 11:05:13,032] multiqc                                            [DEBUG  ]  No samples found: damageprofiler
[2022-08-05 11:05:13,076] multiqc                                            [DEBUG  ]  No samples found: biobambam2
[2022-08-05 11:05:13,083] multiqc                                            [DEBUG  ]  No samples found: jcvi
[2022-08-05 11:05:13,089] multiqc                                            [DEBUG  ]  No samples found: mtnucratio
[2022-08-05 11:05:13,091] multiqc                                            [DEBUG  ]  No samples found: picard
[2022-08-05 11:05:13,097] multiqc                                            [DEBUG  ]  No samples found: vep
[2022-08-05 11:05:13,106] multiqc                                            [DEBUG  ]  No samples found: sentieon
[2022-08-05 11:05:13,112] multiqc                                            [DEBUG  ]  No samples found: prokka
[2022-08-05 11:05:13,121] multiqc                                            [DEBUG  ]  No samples found: qc3C
[2022-08-05 11:05:13,129] multiqc                                            [DEBUG  ]  No samples found: nanostat
[2022-08-05 11:05:13,134] multiqc                                            [DEBUG  ]  No samples found: samblaster
[2022-08-05 11:05:13,146] multiqc                                            [DEBUG  ]  No samples found: samtools
[2022-08-05 11:05:13,152] multiqc                                            [DEBUG  ]  No samples found: sexdeterrmine
[2022-08-05 11:05:13,157] multiqc                                            [DEBUG  ]  No samples found: eigenstratdatabasetools
[2022-08-05 11:05:13,163] multiqc                                            [DEBUG  ]  No samples found: bamtools
[2022-08-05 11:05:13,169] multiqc                                            [DEBUG  ]  No samples found: jellyfish
[2022-08-05 11:05:13,181] multiqc                                            [DEBUG  ]  No samples found: vcftools
[2022-08-05 11:05:13,187] multiqc                                            [DEBUG  ]  No samples found: longranger
[2022-08-05 11:05:13,193] multiqc                                            [DEBUG  ]  No samples found: stacks
[2022-08-05 11:05:13,199] multiqc                                            [DEBUG  ]  No samples found: varscan2
[2022-08-05 11:05:13,205] multiqc                                            [DEBUG  ]  No samples found: snippy
[2022-08-05 11:05:13,228] multiqc                                            [DEBUG  ]  No samples found: bbmap
[2022-08-05 11:05:13,234] multiqc                                            [DEBUG  ]  No samples found: bismark
[2022-08-05 11:05:13,246] multiqc                                            [DEBUG  ]  No samples found: biscuit
[2022-08-05 11:05:13,252] multiqc                                            [DEBUG  ]  No samples found: hicexplorer
[2022-08-05 11:05:13,257] multiqc                                            [DEBUG  ]  No samples found: hicup
[2022-08-05 11:05:13,263] multiqc                                            [DEBUG  ]  No samples found: hicpro
[2022-08-05 11:05:13,269] multiqc                                            [DEBUG  ]  No samples found: salmon
[2022-08-05 11:05:13,274] multiqc                                            [DEBUG  ]  No samples found: kallisto
[2022-08-05 11:05:13,281] multiqc                                            [DEBUG  ]  No samples found: slamdunk
[2022-08-05 11:05:13,287] multiqc                                            [DEBUG  ]  No samples found: star
[2022-08-05 11:05:13,292] multiqc                                            [DEBUG  ]  No samples found: hisat2
[2022-08-05 11:05:13,297] multiqc                                            [DEBUG  ]  No samples found: tophat
[2022-08-05 11:05:13,302] multiqc                                            [DEBUG  ]  No samples found: bowtie2
[2022-08-05 11:05:13,307] multiqc                                            [DEBUG  ]  No samples found: bowtie1
[2022-08-05 11:05:13,313] multiqc                                            [DEBUG  ]  No samples found: snpsplit
[2022-08-05 11:05:13,318] multiqc                                            [DEBUG  ]  No samples found: odgi
[2022-08-05 11:05:13,324] multiqc                                            [DEBUG  ]  No samples found: pangolin
[2022-08-05 11:05:13,328] multiqc                                            [DEBUG  ]  No samples found: kat
[2022-08-05 11:05:13,333] multiqc                                            [DEBUG  ]  No samples found: leehom
[2022-08-05 11:05:13,339] multiqc                                            [DEBUG  ]  No samples found: adapterRemoval
[2022-08-05 11:05:13,343] multiqc                                            [DEBUG  ]  No samples found: clipandmerge
[2022-08-05 11:05:13,579] multiqc                                            [DEBUG  ]  No samples found: cutadapt
[2022-08-05 11:05:13,814] multiqc                                            [DEBUG  ]  No samples found: flexbar
[2022-08-05 11:05:13,820] multiqc                                            [DEBUG  ]  No samples found: kaiju
[2022-08-05 11:05:13,827] multiqc                                            [DEBUG  ]  No samples found: kraken
[2022-08-05 11:05:13,833] multiqc                                            [DEBUG  ]  No samples found: malt
[2022-08-05 11:05:13,838] multiqc                                            [DEBUG  ]  No samples found: trimmomatic
[2022-08-05 11:05:13,844] multiqc                                            [DEBUG  ]  No samples found: sickle
[2022-08-05 11:05:13,849] multiqc                                            [DEBUG  ]  No samples found: skewer
[2022-08-05 11:05:13,855] multiqc                                            [DEBUG  ]  No samples found: sortmerna
[2022-08-05 11:05:14,090] multiqc                                            [DEBUG  ]  No samples found: biobloomtools
[2022-08-05 11:05:14,096] multiqc                                            [DEBUG  ]  No samples found: fastq_screen
[2022-08-05 11:05:14,101] multiqc                                            [DEBUG  ]  No samples found: afterqc
[2022-08-05 11:05:14,107] multiqc                                            [DEBUG  ]  No samples found: fastp
[2022-08-05 11:05:14,599] multiqc.modules.fastqc.fastqc                      [INFO   ]  Found 4 reports
[2022-08-05 11:05:14,681] multiqc                                            [DEBUG  ]  No samples found: pychopper
[2022-08-05 11:05:14,686] multiqc                                            [DEBUG  ]  No samples found: pycoqc
[2022-08-05 11:05:14,691] multiqc                                            [DEBUG  ]  No samples found: minionqc
[2022-08-05 11:05:14,696] multiqc                                            [DEBUG  ]  No samples found: multivcfanalyzer
[2022-08-05 11:05:14,702] multiqc                                            [DEBUG  ]  No samples found: clusterflow
[2022-08-05 11:05:14,709] multiqc                                            [DEBUG  ]  No samples found: bcl2fastq
[2022-08-05 11:05:14,716] multiqc                                            [DEBUG  ]  No samples found: bclconvert
[2022-08-05 11:05:14,722] multiqc                                            [DEBUG  ]  No samples found: interop
[2022-08-05 11:05:14,727] multiqc                                            [DEBUG  ]  No samples found: ivar
[2022-08-05 11:05:14,733] multiqc                                            [DEBUG  ]  No samples found: flash
[2022-08-05 11:05:14,737] multiqc                                            [DEBUG  ]  No samples found: seqyclean
[2022-08-05 11:05:14,742] multiqc                                            [DEBUG  ]  No samples found: optitype
[2022-08-05 11:05:14,746] multiqc                                            [INFO   ]  Compressing plot data
[2022-08-05 11:05:14,798] multiqc                                            [INFO   ]  Report      : 12446_MGSD_CSIRO.qc.stats/multiqc_report.html
[2022-08-05 11:05:14,798] multiqc                                            [INFO   ]  Data        : 12446_MGSD_CSIRO.qc.stats/multiqc_data
[2022-08-05 11:05:14,799] multiqc                                            [DEBUG  ]  Moving data file from '/tmp/smi9a9.8585181/tmpvgtul8au/multiqc_data' to '12446_MGSD_CSIRO.qc.stats/multiqc_data'
[2022-08-05 11:05:15,597] multiqc                                            [INFO   ]  MultiQC complete
