[2022-08-05 11:03:06,043] multiqc                                            [DEBUG  ]  This is MultiQC v1.11
[2022-08-05 11:03:06,043] multiqc                                            [DEBUG  ]  No MultiQC config found: /apps/multiqc/1.11/lib/python3.9/site-packages/multiqc_config.yaml
[2022-08-05 11:03:06,043] multiqc                                            [DEBUG  ]  No MultiQC config found: /home/smi9a9/.multiqc_config.yaml
[2022-08-05 11:03:06,045] multiqc                                            [DEBUG  ]  No MultiQC config found: multiqc_config.yaml
[2022-08-05 11:03:06,045] multiqc                                            [DEBUG  ]  Command used: /apps/multiqc/1.11/bin/multiqc ./12438_combined_merged_fastqc.html ./12438_combined_merged_fastqc.zip ./12438_combined_merged.fastq.gz ./12438_combined_R1p_fastqc.html ./12438_combined_R1p_fastqc.zip ./12438_combined_R1p.fastq.gz ./12438_combined_R1R2u_fastqc.html ./12438_combined_R1R2u_fastqc.zip ./12438_combined_R1R2u.fastq.gz ./12438_combined_R2p_fastqc.html ./12438_combined_R2p_fastqc.zip ./12438_combined_R2p.fastq.gz ./12438_QCreads.md5 -o 12438_MGSD_CSIRO.qc.stats
[2022-08-05 11:03:06,047] multiqc                                            [DEBUG  ]  Could not connect to multiqc.info for version check: <urlopen error [Errno 111] Connection refused>
[2022-08-05 11:03:06,047] multiqc                                            [DEBUG  ]  Command     : /apps/multiqc/1.11/bin/multiqc ./12438_combined_merged_fastqc.html ./12438_combined_merged_fastqc.zip ./12438_combined_merged.fastq.gz ./12438_combined_R1p_fastqc.html ./12438_combined_R1p_fastqc.zip ./12438_combined_R1p.fastq.gz ./12438_combined_R1R2u_fastqc.html ./12438_combined_R1R2u_fastqc.zip ./12438_combined_R1R2u.fastq.gz ./12438_combined_R2p_fastqc.html ./12438_combined_R2p_fastqc.zip ./12438_combined_R2p.fastq.gz ./12438_QCreads.md5 -o 12438_MGSD_CSIRO.qc.stats
[2022-08-05 11:03:06,047] multiqc                                            [DEBUG  ]  Working dir : /datasets/work/oa-amd/work/amd/Metagenome_QC_reads
[2022-08-05 11:03:06,047] multiqc                                            [DEBUG  ]  Template    : default
[2022-08-05 11:03:06,047] multiqc                                            [DEBUG  ]  Running Python 3.9.4 (default, Apr 25 2021, 16:13:27)  [GCC 10.3.0]
[2022-08-05 11:03:06,047] multiqc                                            [DEBUG  ]  Analysing modules: custom_content, ccs, ngsderive, purple, conpair, lima, peddy, somalier, methylQA, mosdepth, phantompeakqualtools, qualimap, preseq, quast, qorts, rna_seqc, rockhopper, rsem, rseqc, busco, bustools, goleft_indexcov, gffcompare, disambiguate, supernova, deeptools, sargasso, verifybamid, mirtrace, happy, mirtop, sambamba, homer, hops, macs2, theta2, snpeff, gatk, htseq, bcftools, featureCounts, fgbio, dragen, dedup, damageprofiler, biobambam2, jcvi, mtnucratio, picard, vep, sentieon, prokka, qc3C, nanostat, samblaster, samtools, sexdeterrmine, eigenstratdatabasetools, bamtools, jellyfish, vcftools, longranger, stacks, varscan2, snippy, bbmap, bismark, biscuit, hicexplorer, hicup, hicpro, salmon, kallisto, slamdunk, star, hisat2, tophat, bowtie2, bowtie1, snpsplit, odgi, pangolin, kat, leehom, adapterRemoval, clipandmerge, cutadapt, flexbar, kaiju, kraken, malt, trimmomatic, sickle, skewer, sortmerna, biobloomtools, fastq_screen, afterqc, fastp, fastqc, pychopper, pycoqc, minionqc, multivcfanalyzer, clusterflow, bcl2fastq, bclconvert, interop, ivar, flash, seqyclean, optitype
[2022-08-05 11:03:06,048] multiqc                                            [DEBUG  ]  Using temporary directory for creating report: /tmp/smi9a9.8584916/tmp2j3vut_9
[2022-08-05 11:03:06,339] multiqc                                            [INFO   ]  Search path : /datasets/work/oa-amd/work/amd/Metagenome_QC_reads/12438_combined_merged_fastqc.html
[2022-08-05 11:03:06,339] multiqc                                            [INFO   ]  Search path : /datasets/work/oa-amd/work/amd/Metagenome_QC_reads/12438_combined_merged_fastqc.zip
[2022-08-05 11:03:06,339] multiqc                                            [INFO   ]  Search path : /datasets/work/oa-amd/work/amd/Metagenome_QC_reads/12438_combined_merged.fastq.gz
[2022-08-05 11:03:06,339] multiqc                                            [INFO   ]  Search path : /datasets/work/oa-amd/work/amd/Metagenome_QC_reads/12438_combined_R1p_fastqc.html
[2022-08-05 11:03:06,339] multiqc                                            [INFO   ]  Search path : /datasets/work/oa-amd/work/amd/Metagenome_QC_reads/12438_combined_R1p_fastqc.zip
[2022-08-05 11:03:06,339] multiqc                                            [INFO   ]  Search path : /datasets/work/oa-amd/work/amd/Metagenome_QC_reads/12438_combined_R1p.fastq.gz
[2022-08-05 11:03:06,339] multiqc                                            [INFO   ]  Search path : /datasets/work/oa-amd/work/amd/Metagenome_QC_reads/12438_combined_R1R2u_fastqc.html
[2022-08-05 11:03:06,339] multiqc                                            [INFO   ]  Search path : /datasets/work/oa-amd/work/amd/Metagenome_QC_reads/12438_combined_R1R2u_fastqc.zip
[2022-08-05 11:03:06,339] multiqc                                            [INFO   ]  Search path : /datasets/work/oa-amd/work/amd/Metagenome_QC_reads/12438_combined_R1R2u.fastq.gz
[2022-08-05 11:03:06,339] multiqc                                            [INFO   ]  Search path : /datasets/work/oa-amd/work/amd/Metagenome_QC_reads/12438_combined_R2p_fastqc.html
[2022-08-05 11:03:06,339] multiqc                                            [INFO   ]  Search path : /datasets/work/oa-amd/work/amd/Metagenome_QC_reads/12438_combined_R2p_fastqc.zip
[2022-08-05 11:03:06,339] multiqc                                            [INFO   ]  Search path : /datasets/work/oa-amd/work/amd/Metagenome_QC_reads/12438_combined_R2p.fastq.gz
[2022-08-05 11:03:06,339] multiqc                                            [INFO   ]  Search path : /datasets/work/oa-amd/work/amd/Metagenome_QC_reads/12438_QCreads.md5
[2022-08-05 11:03:06,444] multiqc                                            [DEBUG  ]  File ignored by ccs/v4 because it exceeded search pattern filesize limit: 12438_combined_merged_fastqc.html
[2022-08-05 11:03:06,455] multiqc                                            [DEBUG  ]  File ignored by hicexplorer because it exceeded search pattern filesize limit: 12438_combined_merged_fastqc.html
[2022-08-05 11:03:06,455] multiqc                                            [DEBUG  ]  File ignored by nanostat because it exceeded search pattern filesize limit: 12438_combined_merged_fastqc.html
[2022-08-05 11:03:06,455] multiqc                                            [DEBUG  ]  File ignored by lima/summary because it exceeded search pattern filesize limit: 12438_combined_merged_fastqc.html
[2022-08-05 11:03:06,470] multiqc                                            [DEBUG  ]  File ignored by vep/vep_txt because it exceeded search pattern filesize limit: 12438_combined_merged_fastqc.html
[2022-08-05 11:03:06,470] multiqc                                            [DEBUG  ]  File ignored by longranger/invocation because it exceeded search pattern filesize limit: 12438_combined_merged_fastqc.html
[2022-08-05 11:03:06,470] multiqc                                            [DEBUG  ]  File ignored by rockhopper because it exceeded search pattern filesize limit: 12438_combined_merged_fastqc.html
[2022-08-05 11:03:06,470] multiqc                                            [DEBUG  ]  File ignored by rseqc/bam_stat because it exceeded search pattern filesize limit: 12438_combined_merged_fastqc.html
[2022-08-05 11:03:06,470] multiqc                                            [DEBUG  ]  File ignored by rseqc/junction_annotation because it exceeded search pattern filesize limit: 12438_combined_merged_fastqc.html
[2022-08-05 11:03:06,470] multiqc                                            [DEBUG  ]  File ignored by rseqc/read_distribution because it exceeded search pattern filesize limit: 12438_combined_merged_fastqc.html
[2022-08-05 11:03:06,470] multiqc                                            [DEBUG  ]  File ignored by rseqc/infer_experiment because it exceeded search pattern filesize limit: 12438_combined_merged_fastqc.html
[2022-08-05 11:03:06,817] multiqc                                            [DEBUG  ]  Ignoring file as matched an ignore pattern: 12438_combined_merged.fastq.gz
[2022-08-05 11:03:07,618] multiqc                                            [DEBUG  ]  File ignored by ccs/v4 because it exceeded search pattern filesize limit: 12438_combined_R1p_fastqc.html
[2022-08-05 11:03:07,628] multiqc                                            [DEBUG  ]  File ignored by hicexplorer because it exceeded search pattern filesize limit: 12438_combined_R1p_fastqc.html
[2022-08-05 11:03:07,629] multiqc                                            [DEBUG  ]  File ignored by nanostat because it exceeded search pattern filesize limit: 12438_combined_R1p_fastqc.html
[2022-08-05 11:03:07,629] multiqc                                            [DEBUG  ]  File ignored by lima/summary because it exceeded search pattern filesize limit: 12438_combined_R1p_fastqc.html
[2022-08-05 11:03:07,644] multiqc                                            [DEBUG  ]  File ignored by vep/vep_txt because it exceeded search pattern filesize limit: 12438_combined_R1p_fastqc.html
[2022-08-05 11:03:07,644] multiqc                                            [DEBUG  ]  File ignored by longranger/invocation because it exceeded search pattern filesize limit: 12438_combined_R1p_fastqc.html
[2022-08-05 11:03:07,644] multiqc                                            [DEBUG  ]  File ignored by rockhopper because it exceeded search pattern filesize limit: 12438_combined_R1p_fastqc.html
[2022-08-05 11:03:07,644] multiqc                                            [DEBUG  ]  File ignored by rseqc/bam_stat because it exceeded search pattern filesize limit: 12438_combined_R1p_fastqc.html
[2022-08-05 11:03:07,644] multiqc                                            [DEBUG  ]  File ignored by rseqc/junction_annotation because it exceeded search pattern filesize limit: 12438_combined_R1p_fastqc.html
[2022-08-05 11:03:07,644] multiqc                                            [DEBUG  ]  File ignored by rseqc/read_distribution because it exceeded search pattern filesize limit: 12438_combined_R1p_fastqc.html
[2022-08-05 11:03:07,644] multiqc                                            [DEBUG  ]  File ignored by rseqc/infer_experiment because it exceeded search pattern filesize limit: 12438_combined_R1p_fastqc.html
[2022-08-05 11:03:07,725] multiqc                                            [DEBUG  ]  Ignoring file as matched an ignore pattern: 12438_combined_R1p.fastq.gz
[2022-08-05 11:03:07,804] multiqc                                            [DEBUG  ]  File ignored by ccs/v4 because it exceeded search pattern filesize limit: 12438_combined_R1R2u_fastqc.html
[2022-08-05 11:03:07,817] multiqc                                            [DEBUG  ]  File ignored by hicexplorer because it exceeded search pattern filesize limit: 12438_combined_R1R2u_fastqc.html
[2022-08-05 11:03:07,818] multiqc                                            [DEBUG  ]  File ignored by nanostat because it exceeded search pattern filesize limit: 12438_combined_R1R2u_fastqc.html
[2022-08-05 11:03:07,818] multiqc                                            [DEBUG  ]  File ignored by lima/summary because it exceeded search pattern filesize limit: 12438_combined_R1R2u_fastqc.html
[2022-08-05 11:03:07,844] multiqc                                            [DEBUG  ]  File ignored by vep/vep_txt because it exceeded search pattern filesize limit: 12438_combined_R1R2u_fastqc.html
[2022-08-05 11:03:07,844] multiqc                                            [DEBUG  ]  File ignored by longranger/invocation because it exceeded search pattern filesize limit: 12438_combined_R1R2u_fastqc.html
[2022-08-05 11:03:07,844] multiqc                                            [DEBUG  ]  File ignored by rockhopper because it exceeded search pattern filesize limit: 12438_combined_R1R2u_fastqc.html
[2022-08-05 11:03:07,844] multiqc                                            [DEBUG  ]  File ignored by rseqc/bam_stat because it exceeded search pattern filesize limit: 12438_combined_R1R2u_fastqc.html
[2022-08-05 11:03:07,844] multiqc                                            [DEBUG  ]  File ignored by rseqc/junction_annotation because it exceeded search pattern filesize limit: 12438_combined_R1R2u_fastqc.html
[2022-08-05 11:03:07,844] multiqc                                            [DEBUG  ]  File ignored by rseqc/read_distribution because it exceeded search pattern filesize limit: 12438_combined_R1R2u_fastqc.html
[2022-08-05 11:03:07,844] multiqc                                            [DEBUG  ]  File ignored by rseqc/infer_experiment because it exceeded search pattern filesize limit: 12438_combined_R1R2u_fastqc.html
[2022-08-05 11:03:08,194] multiqc                                            [DEBUG  ]  Ignoring file as matched an ignore pattern: 12438_combined_R1R2u.fastq.gz
[2022-08-05 11:03:09,074] multiqc                                            [DEBUG  ]  File ignored by ccs/v4 because it exceeded search pattern filesize limit: 12438_combined_R2p_fastqc.html
[2022-08-05 11:03:09,086] multiqc                                            [DEBUG  ]  File ignored by hicexplorer because it exceeded search pattern filesize limit: 12438_combined_R2p_fastqc.html
[2022-08-05 11:03:09,089] multiqc                                            [DEBUG  ]  File ignored by nanostat because it exceeded search pattern filesize limit: 12438_combined_R2p_fastqc.html
[2022-08-05 11:03:09,089] multiqc                                            [DEBUG  ]  File ignored by lima/summary because it exceeded search pattern filesize limit: 12438_combined_R2p_fastqc.html
[2022-08-05 11:03:09,801] multiqc                                            [DEBUG  ]  File ignored by vep/vep_txt because it exceeded search pattern filesize limit: 12438_combined_R2p_fastqc.html
[2022-08-05 11:03:09,801] multiqc                                            [DEBUG  ]  File ignored by longranger/invocation because it exceeded search pattern filesize limit: 12438_combined_R2p_fastqc.html
[2022-08-05 11:03:09,801] multiqc                                            [DEBUG  ]  File ignored by rockhopper because it exceeded search pattern filesize limit: 12438_combined_R2p_fastqc.html
[2022-08-05 11:03:09,801] multiqc                                            [DEBUG  ]  File ignored by rseqc/bam_stat because it exceeded search pattern filesize limit: 12438_combined_R2p_fastqc.html
[2022-08-05 11:03:09,801] multiqc                                            [DEBUG  ]  File ignored by rseqc/junction_annotation because it exceeded search pattern filesize limit: 12438_combined_R2p_fastqc.html
[2022-08-05 11:03:09,801] multiqc                                            [DEBUG  ]  File ignored by rseqc/read_distribution because it exceeded search pattern filesize limit: 12438_combined_R2p_fastqc.html
[2022-08-05 11:03:09,801] multiqc                                            [DEBUG  ]  File ignored by rseqc/infer_experiment because it exceeded search pattern filesize limit: 12438_combined_R2p_fastqc.html
[2022-08-05 11:03:10,148] multiqc                                            [DEBUG  ]  Ignoring file as matched an ignore pattern: 12438_combined_R2p.fastq.gz
[2022-08-05 11:03:10,148] multiqc                                            [DEBUG  ]  Ignoring file as matched an ignore pattern: 12438_QCreads.md5
[2022-08-05 11:03:11,377] multiqc.plots.bargraph                             [DEBUG  ]  Using matplotlib version 3.3.4
[2022-08-05 11:03:11,381] multiqc.plots.linegraph                            [DEBUG  ]  Using matplotlib version 3.3.4
[2022-08-05 11:03:11,383] multiqc                                            [DEBUG  ]  No samples found: custom_content
[2022-08-05 11:03:11,388] multiqc                                            [DEBUG  ]  No samples found: ccs
[2022-08-05 11:03:11,393] multiqc                                            [DEBUG  ]  No samples found: ngsderive
[2022-08-05 11:03:11,397] multiqc                                            [DEBUG  ]  No samples found: purple
[2022-08-05 11:03:11,401] multiqc                                            [DEBUG  ]  No samples found: conpair
[2022-08-05 11:03:11,406] multiqc                                            [DEBUG  ]  No samples found: lima
[2022-08-05 11:03:11,411] multiqc                                            [DEBUG  ]  No samples found: peddy
[2022-08-05 11:03:11,417] multiqc                                            [DEBUG  ]  No samples found: somalier
[2022-08-05 11:03:11,421] multiqc                                            [DEBUG  ]  No samples found: methylQA
[2022-08-05 11:03:11,430] multiqc.modules.mosdepth.mosdepth                  [DEBUG  ]  include_contigs: []
[2022-08-05 11:03:11,430] multiqc.modules.mosdepth.mosdepth                  [DEBUG  ]  exclude_contigs: []
[2022-08-05 11:03:11,430] multiqc                                            [DEBUG  ]  No samples found: mosdepth
[2022-08-05 11:03:11,434] multiqc                                            [DEBUG  ]  No samples found: phantompeakqualtools
[2022-08-05 11:03:11,437] multiqc                                            [DEBUG  ]  No samples found: qualimap
[2022-08-05 11:03:11,443] multiqc                                            [DEBUG  ]  No samples found: preseq
[2022-08-05 11:03:11,448] multiqc                                            [DEBUG  ]  No samples found: quast
[2022-08-05 11:03:11,452] multiqc                                            [DEBUG  ]  No samples found: qorts
[2022-08-05 11:03:11,457] multiqc                                            [DEBUG  ]  No samples found: rna_seqc
[2022-08-05 11:03:11,462] multiqc                                            [DEBUG  ]  No samples found: rockhopper
[2022-08-05 11:03:11,466] multiqc                                            [DEBUG  ]  No samples found: rsem
[2022-08-05 11:03:11,480] multiqc                                            [DEBUG  ]  No samples found: rseqc
[2022-08-05 11:03:11,485] multiqc                                            [DEBUG  ]  No samples found: busco
[2022-08-05 11:03:11,489] multiqc                                            [DEBUG  ]  No samples found: bustools
[2022-08-05 11:03:11,493] multiqc                                            [DEBUG  ]  No samples found: goleft_indexcov
[2022-08-05 11:03:11,498] multiqc                                            [DEBUG  ]  No samples found: gffcompare
[2022-08-05 11:03:11,502] multiqc                                            [DEBUG  ]  No samples found: disambiguate
[2022-08-05 11:03:11,507] multiqc                                            [DEBUG  ]  No samples found: supernova
[2022-08-05 11:03:11,525] multiqc                                            [DEBUG  ]  No samples found: deeptools
[2022-08-05 11:03:11,529] multiqc                                            [DEBUG  ]  No samples found: sargasso
[2022-08-05 11:03:11,533] multiqc                                            [DEBUG  ]  No samples found: verifybamid
[2022-08-05 11:03:11,538] multiqc                                            [DEBUG  ]  No samples found: mirtrace
[2022-08-05 11:03:11,543] multiqc                                            [DEBUG  ]  No samples found: happy
[2022-08-05 11:03:11,548] multiqc                                            [DEBUG  ]  No samples found: mirtop
[2022-08-05 11:03:11,552] multiqc                                            [DEBUG  ]  No samples found: sambamba
[2022-08-05 11:03:11,560] multiqc                                            [DEBUG  ]  No samples found: homer
[2022-08-05 11:03:11,564] multiqc                                            [DEBUG  ]  No samples found: hops
[2022-08-05 11:03:11,568] multiqc                                            [DEBUG  ]  No samples found: macs2
[2022-08-05 11:03:11,572] multiqc                                            [DEBUG  ]  No samples found: theta2
[2022-08-05 11:03:11,577] multiqc                                            [DEBUG  ]  No samples found: snpeff
[2022-08-05 11:03:11,814] multiqc                                            [DEBUG  ]  No samples found: gatk
[2022-08-05 11:03:11,819] multiqc                                            [DEBUG  ]  No samples found: htseq
[2022-08-05 11:03:11,824] multiqc                                            [DEBUG  ]  No samples found: bcftools
[2022-08-05 11:03:11,828] multiqc                                            [DEBUG  ]  No samples found: featureCounts
[2022-08-05 11:03:11,834] multiqc                                            [DEBUG  ]  No samples found: fgbio
[2022-08-05 11:03:11,849] multiqc                                            [DEBUG  ]  No samples found: dragen
[2022-08-05 11:03:11,853] multiqc                                            [DEBUG  ]  No samples found: dedup
[2022-08-05 11:03:11,857] multiqc                                            [DEBUG  ]  No samples found: damageprofiler
[2022-08-05 11:03:11,894] multiqc                                            [DEBUG  ]  No samples found: biobambam2
[2022-08-05 11:03:11,898] multiqc                                            [DEBUG  ]  No samples found: jcvi
[2022-08-05 11:03:11,902] multiqc                                            [DEBUG  ]  No samples found: mtnucratio
[2022-08-05 11:03:11,904] multiqc                                            [DEBUG  ]  No samples found: picard
[2022-08-05 11:03:11,911] multiqc                                            [DEBUG  ]  No samples found: vep
[2022-08-05 11:03:11,918] multiqc                                            [DEBUG  ]  No samples found: sentieon
[2022-08-05 11:03:11,923] multiqc                                            [DEBUG  ]  No samples found: prokka
[2022-08-05 11:03:11,930] multiqc                                            [DEBUG  ]  No samples found: qc3C
[2022-08-05 11:03:12,165] multiqc                                            [DEBUG  ]  No samples found: nanostat
[2022-08-05 11:03:12,169] multiqc                                            [DEBUG  ]  No samples found: samblaster
[2022-08-05 11:03:12,409] multiqc                                            [DEBUG  ]  No samples found: samtools
[2022-08-05 11:03:12,413] multiqc                                            [DEBUG  ]  No samples found: sexdeterrmine
[2022-08-05 11:03:12,417] multiqc                                            [DEBUG  ]  No samples found: eigenstratdatabasetools
[2022-08-05 11:03:12,422] multiqc                                            [DEBUG  ]  No samples found: bamtools
[2022-08-05 11:03:12,426] multiqc                                            [DEBUG  ]  No samples found: jellyfish
[2022-08-05 11:03:12,664] multiqc                                            [DEBUG  ]  No samples found: vcftools
[2022-08-05 11:03:12,670] multiqc                                            [DEBUG  ]  No samples found: longranger
[2022-08-05 11:03:12,676] multiqc                                            [DEBUG  ]  No samples found: stacks
[2022-08-05 11:03:12,681] multiqc                                            [DEBUG  ]  No samples found: varscan2
[2022-08-05 11:03:12,686] multiqc                                            [DEBUG  ]  No samples found: snippy
[2022-08-05 11:03:12,708] multiqc                                            [DEBUG  ]  No samples found: bbmap
[2022-08-05 11:03:12,714] multiqc                                            [DEBUG  ]  No samples found: bismark
[2022-08-05 11:03:12,722] multiqc                                            [DEBUG  ]  No samples found: biscuit
[2022-08-05 11:03:12,727] multiqc                                            [DEBUG  ]  No samples found: hicexplorer
[2022-08-05 11:03:12,732] multiqc                                            [DEBUG  ]  No samples found: hicup
[2022-08-05 11:03:12,738] multiqc                                            [DEBUG  ]  No samples found: hicpro
[2022-08-05 11:03:12,743] multiqc                                            [DEBUG  ]  No samples found: salmon
[2022-08-05 11:03:12,747] multiqc                                            [DEBUG  ]  No samples found: kallisto
[2022-08-05 11:03:12,758] multiqc                                            [DEBUG  ]  No samples found: slamdunk
[2022-08-05 11:03:12,764] multiqc                                            [DEBUG  ]  No samples found: star
[2022-08-05 11:03:12,768] multiqc                                            [DEBUG  ]  No samples found: hisat2
[2022-08-05 11:03:12,772] multiqc                                            [DEBUG  ]  No samples found: tophat
[2022-08-05 11:03:12,778] multiqc                                            [DEBUG  ]  No samples found: bowtie2
[2022-08-05 11:03:12,782] multiqc                                            [DEBUG  ]  No samples found: bowtie1
[2022-08-05 11:03:12,787] multiqc                                            [DEBUG  ]  No samples found: snpsplit
[2022-08-05 11:03:12,798] multiqc                                            [DEBUG  ]  No samples found: odgi
[2022-08-05 11:03:12,804] multiqc                                            [DEBUG  ]  No samples found: pangolin
[2022-08-05 11:03:12,809] multiqc                                            [DEBUG  ]  No samples found: kat
[2022-08-05 11:03:12,813] multiqc                                            [DEBUG  ]  No samples found: leehom
[2022-08-05 11:03:12,818] multiqc                                            [DEBUG  ]  No samples found: adapterRemoval
[2022-08-05 11:03:12,823] multiqc                                            [DEBUG  ]  No samples found: clipandmerge
[2022-08-05 11:03:12,828] multiqc                                            [DEBUG  ]  No samples found: cutadapt
[2022-08-05 11:03:12,833] multiqc                                            [DEBUG  ]  No samples found: flexbar
[2022-08-05 11:03:12,839] multiqc                                            [DEBUG  ]  No samples found: kaiju
[2022-08-05 11:03:12,845] multiqc                                            [DEBUG  ]  No samples found: kraken
[2022-08-05 11:03:12,850] multiqc                                            [DEBUG  ]  No samples found: malt
[2022-08-05 11:03:12,858] multiqc                                            [DEBUG  ]  No samples found: trimmomatic
[2022-08-05 11:03:12,865] multiqc                                            [DEBUG  ]  No samples found: sickle
[2022-08-05 11:03:12,871] multiqc                                            [DEBUG  ]  No samples found: skewer
[2022-08-05 11:03:12,875] multiqc                                            [DEBUG  ]  No samples found: sortmerna
[2022-08-05 11:03:12,880] multiqc                                            [DEBUG  ]  No samples found: biobloomtools
[2022-08-05 11:03:12,885] multiqc                                            [DEBUG  ]  No samples found: fastq_screen
[2022-08-05 11:03:12,889] multiqc                                            [DEBUG  ]  No samples found: afterqc
[2022-08-05 11:03:12,895] multiqc                                            [DEBUG  ]  No samples found: fastp
[2022-08-05 11:03:13,201] multiqc.modules.fastqc.fastqc                      [INFO   ]  Found 4 reports
[2022-08-05 11:03:13,248] multiqc                                            [DEBUG  ]  No samples found: pychopper
[2022-08-05 11:03:13,254] multiqc                                            [DEBUG  ]  No samples found: pycoqc
[2022-08-05 11:03:13,259] multiqc                                            [DEBUG  ]  No samples found: minionqc
[2022-08-05 11:03:13,264] multiqc                                            [DEBUG  ]  No samples found: multivcfanalyzer
[2022-08-05 11:03:13,269] multiqc                                            [DEBUG  ]  No samples found: clusterflow
[2022-08-05 11:03:13,276] multiqc                                            [DEBUG  ]  No samples found: bcl2fastq
[2022-08-05 11:03:13,283] multiqc                                            [DEBUG  ]  No samples found: bclconvert
[2022-08-05 11:03:13,288] multiqc                                            [DEBUG  ]  No samples found: interop
[2022-08-05 11:03:13,293] multiqc                                            [DEBUG  ]  No samples found: ivar
[2022-08-05 11:03:13,298] multiqc                                            [DEBUG  ]  No samples found: flash
[2022-08-05 11:03:13,302] multiqc                                            [DEBUG  ]  No samples found: seqyclean
[2022-08-05 11:03:13,306] multiqc                                            [DEBUG  ]  No samples found: optitype
[2022-08-05 11:03:13,311] multiqc                                            [INFO   ]  Compressing plot data
[2022-08-05 11:03:13,358] multiqc                                            [INFO   ]  Report      : 12438_MGSD_CSIRO.qc.stats/multiqc_report.html
[2022-08-05 11:03:13,358] multiqc                                            [INFO   ]  Data        : 12438_MGSD_CSIRO.qc.stats/multiqc_data
[2022-08-05 11:03:13,358] multiqc                                            [DEBUG  ]  Moving data file from '/tmp/smi9a9.8584916/tmp2j3vut_9/multiqc_data' to '12438_MGSD_CSIRO.qc.stats/multiqc_data'
[2022-08-05 11:03:13,937] multiqc                                            [INFO   ]  MultiQC complete
