[2022-08-05 11:07:13,626] multiqc                                            [DEBUG  ]  This is MultiQC v1.11
[2022-08-05 11:07:13,627] multiqc                                            [DEBUG  ]  No MultiQC config found: /apps/multiqc/1.11/lib/python3.9/site-packages/multiqc_config.yaml
[2022-08-05 11:07:13,627] multiqc                                            [DEBUG  ]  No MultiQC config found: /home/smi9a9/.multiqc_config.yaml
[2022-08-05 11:07:13,627] multiqc                                            [DEBUG  ]  No MultiQC config found: multiqc_config.yaml
[2022-08-05 11:07:13,627] multiqc                                            [DEBUG  ]  Command used: /apps/multiqc/1.11/bin/multiqc ./10716_HFLF3BCXX-1_merged_fastqc.html ./10716_HFLF3BCXX-1_merged_fastqc.zip ./10716_HFLF3BCXX-1_merged.fastq.gz ./10716_HFLF3BCXX-1_R1p_fastqc.html ./10716_HFLF3BCXX-1_R1p_fastqc.zip ./10716_HFLF3BCXX-1_R1p.fastq.gz ./10716_HFLF3BCXX-1_R1R2u_fastqc.html ./10716_HFLF3BCXX-1_R1R2u_fastqc.zip ./10716_HFLF3BCXX-1_R1R2u.fastq.gz ./10716_HFLF3BCXX-1_R2p_fastqc.html ./10716_HFLF3BCXX-1_R2p_fastqc.zip ./10716_HFLF3BCXX-1_R2p.fastq.gz ./10716_QCreads.md5 -o 10716_MGSD_CSIRO.qc.stats
[2022-08-05 11:07:13,633] multiqc                                            [DEBUG  ]  Could not connect to multiqc.info for version check: <urlopen error [Errno 111] Connection refused>
[2022-08-05 11:07:13,633] multiqc                                            [DEBUG  ]  Command     : /apps/multiqc/1.11/bin/multiqc ./10716_HFLF3BCXX-1_merged_fastqc.html ./10716_HFLF3BCXX-1_merged_fastqc.zip ./10716_HFLF3BCXX-1_merged.fastq.gz ./10716_HFLF3BCXX-1_R1p_fastqc.html ./10716_HFLF3BCXX-1_R1p_fastqc.zip ./10716_HFLF3BCXX-1_R1p.fastq.gz ./10716_HFLF3BCXX-1_R1R2u_fastqc.html ./10716_HFLF3BCXX-1_R1R2u_fastqc.zip ./10716_HFLF3BCXX-1_R1R2u.fastq.gz ./10716_HFLF3BCXX-1_R2p_fastqc.html ./10716_HFLF3BCXX-1_R2p_fastqc.zip ./10716_HFLF3BCXX-1_R2p.fastq.gz ./10716_QCreads.md5 -o 10716_MGSD_CSIRO.qc.stats
[2022-08-05 11:07:13,633] multiqc                                            [DEBUG  ]  Working dir : /datasets/work/oa-amd/work/amd/Metagenome_QC_reads
[2022-08-05 11:07:13,633] multiqc                                            [DEBUG  ]  Template    : default
[2022-08-05 11:07:13,633] multiqc                                            [DEBUG  ]  Running Python 3.9.4 (default, Apr 25 2021, 16:13:27)  [GCC 10.3.0]
[2022-08-05 11:07:13,633] multiqc                                            [DEBUG  ]  Analysing modules: custom_content, ccs, ngsderive, purple, conpair, lima, peddy, somalier, methylQA, mosdepth, phantompeakqualtools, qualimap, preseq, quast, qorts, rna_seqc, rockhopper, rsem, rseqc, busco, bustools, goleft_indexcov, gffcompare, disambiguate, supernova, deeptools, sargasso, verifybamid, mirtrace, happy, mirtop, sambamba, homer, hops, macs2, theta2, snpeff, gatk, htseq, bcftools, featureCounts, fgbio, dragen, dedup, damageprofiler, biobambam2, jcvi, mtnucratio, picard, vep, sentieon, prokka, qc3C, nanostat, samblaster, samtools, sexdeterrmine, eigenstratdatabasetools, bamtools, jellyfish, vcftools, longranger, stacks, varscan2, snippy, bbmap, bismark, biscuit, hicexplorer, hicup, hicpro, salmon, kallisto, slamdunk, star, hisat2, tophat, bowtie2, bowtie1, snpsplit, odgi, pangolin, kat, leehom, adapterRemoval, clipandmerge, cutadapt, flexbar, kaiju, kraken, malt, trimmomatic, sickle, skewer, sortmerna, biobloomtools, fastq_screen, afterqc, fastp, fastqc, pychopper, pycoqc, minionqc, multivcfanalyzer, clusterflow, bcl2fastq, bclconvert, interop, ivar, flash, seqyclean, optitype
[2022-08-05 11:07:13,633] multiqc                                            [DEBUG  ]  Using temporary directory for creating report: /tmp/smi9a9.8584894/tmpkaolst2c
[2022-08-05 11:07:13,712] multiqc                                            [INFO   ]  Search path : /datasets/work/oa-amd/work/amd/Metagenome_QC_reads/10716_HFLF3BCXX-1_merged_fastqc.html
[2022-08-05 11:07:13,712] multiqc                                            [INFO   ]  Search path : /datasets/work/oa-amd/work/amd/Metagenome_QC_reads/10716_HFLF3BCXX-1_merged_fastqc.zip
[2022-08-05 11:07:13,712] multiqc                                            [INFO   ]  Search path : /datasets/work/oa-amd/work/amd/Metagenome_QC_reads/10716_HFLF3BCXX-1_merged.fastq.gz
[2022-08-05 11:07:13,712] multiqc                                            [INFO   ]  Search path : /datasets/work/oa-amd/work/amd/Metagenome_QC_reads/10716_HFLF3BCXX-1_R1p_fastqc.html
[2022-08-05 11:07:13,712] multiqc                                            [INFO   ]  Search path : /datasets/work/oa-amd/work/amd/Metagenome_QC_reads/10716_HFLF3BCXX-1_R1p_fastqc.zip
[2022-08-05 11:07:13,712] multiqc                                            [INFO   ]  Search path : /datasets/work/oa-amd/work/amd/Metagenome_QC_reads/10716_HFLF3BCXX-1_R1p.fastq.gz
[2022-08-05 11:07:13,712] multiqc                                            [INFO   ]  Search path : /datasets/work/oa-amd/work/amd/Metagenome_QC_reads/10716_HFLF3BCXX-1_R1R2u_fastqc.html
[2022-08-05 11:07:13,712] multiqc                                            [INFO   ]  Search path : /datasets/work/oa-amd/work/amd/Metagenome_QC_reads/10716_HFLF3BCXX-1_R1R2u_fastqc.zip
[2022-08-05 11:07:13,712] multiqc                                            [INFO   ]  Search path : /datasets/work/oa-amd/work/amd/Metagenome_QC_reads/10716_HFLF3BCXX-1_R1R2u.fastq.gz
[2022-08-05 11:07:13,712] multiqc                                            [INFO   ]  Search path : /datasets/work/oa-amd/work/amd/Metagenome_QC_reads/10716_HFLF3BCXX-1_R2p_fastqc.html
[2022-08-05 11:07:13,712] multiqc                                            [INFO   ]  Search path : /datasets/work/oa-amd/work/amd/Metagenome_QC_reads/10716_HFLF3BCXX-1_R2p_fastqc.zip
[2022-08-05 11:07:13,712] multiqc                                            [INFO   ]  Search path : /datasets/work/oa-amd/work/amd/Metagenome_QC_reads/10716_HFLF3BCXX-1_R2p.fastq.gz
[2022-08-05 11:07:13,712] multiqc                                            [INFO   ]  Search path : /datasets/work/oa-amd/work/amd/Metagenome_QC_reads/10716_QCreads.md5
[2022-08-05 11:07:13,990] multiqc                                            [DEBUG  ]  File ignored by ccs/v4 because it exceeded search pattern filesize limit: 10716_HFLF3BCXX-1_merged_fastqc.html
[2022-08-05 11:07:13,998] multiqc                                            [DEBUG  ]  File ignored by hicexplorer because it exceeded search pattern filesize limit: 10716_HFLF3BCXX-1_merged_fastqc.html
[2022-08-05 11:07:13,999] multiqc                                            [DEBUG  ]  File ignored by nanostat because it exceeded search pattern filesize limit: 10716_HFLF3BCXX-1_merged_fastqc.html
[2022-08-05 11:07:13,999] multiqc                                            [DEBUG  ]  File ignored by lima/summary because it exceeded search pattern filesize limit: 10716_HFLF3BCXX-1_merged_fastqc.html
[2022-08-05 11:07:14,016] multiqc                                            [DEBUG  ]  File ignored by vep/vep_txt because it exceeded search pattern filesize limit: 10716_HFLF3BCXX-1_merged_fastqc.html
[2022-08-05 11:07:14,016] multiqc                                            [DEBUG  ]  File ignored by longranger/invocation because it exceeded search pattern filesize limit: 10716_HFLF3BCXX-1_merged_fastqc.html
[2022-08-05 11:07:14,016] multiqc                                            [DEBUG  ]  File ignored by rockhopper because it exceeded search pattern filesize limit: 10716_HFLF3BCXX-1_merged_fastqc.html
[2022-08-05 11:07:14,016] multiqc                                            [DEBUG  ]  File ignored by rseqc/bam_stat because it exceeded search pattern filesize limit: 10716_HFLF3BCXX-1_merged_fastqc.html
[2022-08-05 11:07:14,016] multiqc                                            [DEBUG  ]  File ignored by rseqc/junction_annotation because it exceeded search pattern filesize limit: 10716_HFLF3BCXX-1_merged_fastqc.html
[2022-08-05 11:07:14,016] multiqc                                            [DEBUG  ]  File ignored by rseqc/read_distribution because it exceeded search pattern filesize limit: 10716_HFLF3BCXX-1_merged_fastqc.html
[2022-08-05 11:07:14,017] multiqc                                            [DEBUG  ]  File ignored by rseqc/infer_experiment because it exceeded search pattern filesize limit: 10716_HFLF3BCXX-1_merged_fastqc.html
[2022-08-05 11:07:14,202] multiqc                                            [DEBUG  ]  Ignoring file as matched an ignore pattern: 10716_HFLF3BCXX-1_merged.fastq.gz
[2022-08-05 11:07:14,243] multiqc                                            [DEBUG  ]  File ignored by ccs/v4 because it exceeded search pattern filesize limit: 10716_HFLF3BCXX-1_R1p_fastqc.html
[2022-08-05 11:07:14,248] multiqc                                            [DEBUG  ]  File ignored by hicexplorer because it exceeded search pattern filesize limit: 10716_HFLF3BCXX-1_R1p_fastqc.html
[2022-08-05 11:07:14,249] multiqc                                            [DEBUG  ]  File ignored by nanostat because it exceeded search pattern filesize limit: 10716_HFLF3BCXX-1_R1p_fastqc.html
[2022-08-05 11:07:14,249] multiqc                                            [DEBUG  ]  File ignored by lima/summary because it exceeded search pattern filesize limit: 10716_HFLF3BCXX-1_R1p_fastqc.html
[2022-08-05 11:07:14,401] multiqc                                            [DEBUG  ]  File ignored by vep/vep_txt because it exceeded search pattern filesize limit: 10716_HFLF3BCXX-1_R1p_fastqc.html
[2022-08-05 11:07:14,401] multiqc                                            [DEBUG  ]  File ignored by longranger/invocation because it exceeded search pattern filesize limit: 10716_HFLF3BCXX-1_R1p_fastqc.html
[2022-08-05 11:07:14,401] multiqc                                            [DEBUG  ]  File ignored by rockhopper because it exceeded search pattern filesize limit: 10716_HFLF3BCXX-1_R1p_fastqc.html
[2022-08-05 11:07:14,401] multiqc                                            [DEBUG  ]  File ignored by rseqc/bam_stat because it exceeded search pattern filesize limit: 10716_HFLF3BCXX-1_R1p_fastqc.html
[2022-08-05 11:07:14,401] multiqc                                            [DEBUG  ]  File ignored by rseqc/junction_annotation because it exceeded search pattern filesize limit: 10716_HFLF3BCXX-1_R1p_fastqc.html
[2022-08-05 11:07:14,401] multiqc                                            [DEBUG  ]  File ignored by rseqc/read_distribution because it exceeded search pattern filesize limit: 10716_HFLF3BCXX-1_R1p_fastqc.html
[2022-08-05 11:07:14,401] multiqc                                            [DEBUG  ]  File ignored by rseqc/infer_experiment because it exceeded search pattern filesize limit: 10716_HFLF3BCXX-1_R1p_fastqc.html
[2022-08-05 11:07:15,392] multiqc                                            [DEBUG  ]  Ignoring file as matched an ignore pattern: 10716_HFLF3BCXX-1_R1p.fastq.gz
[2022-08-05 11:07:15,408] multiqc                                            [DEBUG  ]  File ignored by ccs/v4 because it exceeded search pattern filesize limit: 10716_HFLF3BCXX-1_R1R2u_fastqc.html
[2022-08-05 11:07:15,415] multiqc                                            [DEBUG  ]  File ignored by hicexplorer because it exceeded search pattern filesize limit: 10716_HFLF3BCXX-1_R1R2u_fastqc.html
[2022-08-05 11:07:15,416] multiqc                                            [DEBUG  ]  File ignored by nanostat because it exceeded search pattern filesize limit: 10716_HFLF3BCXX-1_R1R2u_fastqc.html
[2022-08-05 11:07:15,417] multiqc                                            [DEBUG  ]  File ignored by lima/summary because it exceeded search pattern filesize limit: 10716_HFLF3BCXX-1_R1R2u_fastqc.html
[2022-08-05 11:07:15,433] multiqc                                            [DEBUG  ]  File ignored by vep/vep_txt because it exceeded search pattern filesize limit: 10716_HFLF3BCXX-1_R1R2u_fastqc.html
[2022-08-05 11:07:15,433] multiqc                                            [DEBUG  ]  File ignored by longranger/invocation because it exceeded search pattern filesize limit: 10716_HFLF3BCXX-1_R1R2u_fastqc.html
[2022-08-05 11:07:15,433] multiqc                                            [DEBUG  ]  File ignored by rockhopper because it exceeded search pattern filesize limit: 10716_HFLF3BCXX-1_R1R2u_fastqc.html
[2022-08-05 11:07:15,433] multiqc                                            [DEBUG  ]  File ignored by rseqc/bam_stat because it exceeded search pattern filesize limit: 10716_HFLF3BCXX-1_R1R2u_fastqc.html
[2022-08-05 11:07:15,433] multiqc                                            [DEBUG  ]  File ignored by rseqc/junction_annotation because it exceeded search pattern filesize limit: 10716_HFLF3BCXX-1_R1R2u_fastqc.html
[2022-08-05 11:07:15,433] multiqc                                            [DEBUG  ]  File ignored by rseqc/read_distribution because it exceeded search pattern filesize limit: 10716_HFLF3BCXX-1_R1R2u_fastqc.html
[2022-08-05 11:07:15,433] multiqc                                            [DEBUG  ]  File ignored by rseqc/infer_experiment because it exceeded search pattern filesize limit: 10716_HFLF3BCXX-1_R1R2u_fastqc.html
[2022-08-05 11:07:15,564] multiqc                                            [DEBUG  ]  Ignoring file as matched an ignore pattern: 10716_HFLF3BCXX-1_R1R2u.fastq.gz
[2022-08-05 11:07:15,616] multiqc                                            [DEBUG  ]  File ignored by ccs/v4 because it exceeded search pattern filesize limit: 10716_HFLF3BCXX-1_R2p_fastqc.html
[2022-08-05 11:07:15,628] multiqc                                            [DEBUG  ]  File ignored by hicexplorer because it exceeded search pattern filesize limit: 10716_HFLF3BCXX-1_R2p_fastqc.html
[2022-08-05 11:07:15,630] multiqc                                            [DEBUG  ]  File ignored by nanostat because it exceeded search pattern filesize limit: 10716_HFLF3BCXX-1_R2p_fastqc.html
[2022-08-05 11:07:15,630] multiqc                                            [DEBUG  ]  File ignored by lima/summary because it exceeded search pattern filesize limit: 10716_HFLF3BCXX-1_R2p_fastqc.html
[2022-08-05 11:07:15,878] multiqc                                            [DEBUG  ]  File ignored by vep/vep_txt because it exceeded search pattern filesize limit: 10716_HFLF3BCXX-1_R2p_fastqc.html
[2022-08-05 11:07:15,878] multiqc                                            [DEBUG  ]  File ignored by longranger/invocation because it exceeded search pattern filesize limit: 10716_HFLF3BCXX-1_R2p_fastqc.html
[2022-08-05 11:07:15,878] multiqc                                            [DEBUG  ]  File ignored by rockhopper because it exceeded search pattern filesize limit: 10716_HFLF3BCXX-1_R2p_fastqc.html
[2022-08-05 11:07:15,878] multiqc                                            [DEBUG  ]  File ignored by rseqc/bam_stat because it exceeded search pattern filesize limit: 10716_HFLF3BCXX-1_R2p_fastqc.html
[2022-08-05 11:07:15,878] multiqc                                            [DEBUG  ]  File ignored by rseqc/junction_annotation because it exceeded search pattern filesize limit: 10716_HFLF3BCXX-1_R2p_fastqc.html
[2022-08-05 11:07:15,878] multiqc                                            [DEBUG  ]  File ignored by rseqc/read_distribution because it exceeded search pattern filesize limit: 10716_HFLF3BCXX-1_R2p_fastqc.html
[2022-08-05 11:07:15,879] multiqc                                            [DEBUG  ]  File ignored by rseqc/infer_experiment because it exceeded search pattern filesize limit: 10716_HFLF3BCXX-1_R2p_fastqc.html
[2022-08-05 11:07:15,980] multiqc                                            [DEBUG  ]  Ignoring file as matched an ignore pattern: 10716_HFLF3BCXX-1_R2p.fastq.gz
[2022-08-05 11:07:15,980] multiqc                                            [DEBUG  ]  Ignoring file as matched an ignore pattern: 10716_QCreads.md5
[2022-08-05 11:07:19,465] multiqc.plots.bargraph                             [DEBUG  ]  Using matplotlib version 3.3.4
[2022-08-05 11:07:19,738] multiqc.plots.linegraph                            [DEBUG  ]  Using matplotlib version 3.3.4
[2022-08-05 11:07:19,741] multiqc                                            [DEBUG  ]  No samples found: custom_content
[2022-08-05 11:07:19,746] multiqc                                            [DEBUG  ]  No samples found: ccs
[2022-08-05 11:07:19,751] multiqc                                            [DEBUG  ]  No samples found: ngsderive
[2022-08-05 11:07:19,985] multiqc                                            [DEBUG  ]  No samples found: purple
[2022-08-05 11:07:19,989] multiqc                                            [DEBUG  ]  No samples found: conpair
[2022-08-05 11:07:19,994] multiqc                                            [DEBUG  ]  No samples found: lima
[2022-08-05 11:07:19,999] multiqc                                            [DEBUG  ]  No samples found: peddy
[2022-08-05 11:07:20,005] multiqc                                            [DEBUG  ]  No samples found: somalier
[2022-08-05 11:07:20,010] multiqc                                            [DEBUG  ]  No samples found: methylQA
[2022-08-05 11:07:20,020] multiqc.modules.mosdepth.mosdepth                  [DEBUG  ]  include_contigs: []
[2022-08-05 11:07:20,020] multiqc.modules.mosdepth.mosdepth                  [DEBUG  ]  exclude_contigs: []
[2022-08-05 11:07:20,020] multiqc                                            [DEBUG  ]  No samples found: mosdepth
[2022-08-05 11:07:20,024] multiqc                                            [DEBUG  ]  No samples found: phantompeakqualtools
[2022-08-05 11:07:20,027] multiqc                                            [DEBUG  ]  No samples found: qualimap
[2022-08-05 11:07:20,253] multiqc                                            [DEBUG  ]  No samples found: preseq
[2022-08-05 11:07:20,261] multiqc                                            [DEBUG  ]  No samples found: quast
[2022-08-05 11:07:20,269] multiqc                                            [DEBUG  ]  No samples found: qorts
[2022-08-05 11:07:20,276] multiqc                                            [DEBUG  ]  No samples found: rna_seqc
[2022-08-05 11:07:20,283] multiqc                                            [DEBUG  ]  No samples found: rockhopper
[2022-08-05 11:07:20,750] multiqc                                            [DEBUG  ]  No samples found: rsem
[2022-08-05 11:07:21,048] multiqc                                            [DEBUG  ]  No samples found: rseqc
[2022-08-05 11:07:21,533] multiqc                                            [DEBUG  ]  No samples found: busco
[2022-08-05 11:07:21,780] multiqc                                            [DEBUG  ]  No samples found: bustools
[2022-08-05 11:07:21,784] multiqc                                            [DEBUG  ]  No samples found: goleft_indexcov
[2022-08-05 11:07:21,789] multiqc                                            [DEBUG  ]  No samples found: gffcompare
[2022-08-05 11:07:21,793] multiqc                                            [DEBUG  ]  No samples found: disambiguate
[2022-08-05 11:07:21,798] multiqc                                            [DEBUG  ]  No samples found: supernova
[2022-08-05 11:07:21,814] multiqc                                            [DEBUG  ]  No samples found: deeptools
[2022-08-05 11:07:22,048] multiqc                                            [DEBUG  ]  No samples found: sargasso
[2022-08-05 11:07:22,283] multiqc                                            [DEBUG  ]  No samples found: verifybamid
[2022-08-05 11:07:22,288] multiqc                                            [DEBUG  ]  No samples found: mirtrace
[2022-08-05 11:07:22,293] multiqc                                            [DEBUG  ]  No samples found: happy
[2022-08-05 11:07:22,297] multiqc                                            [DEBUG  ]  No samples found: mirtop
[2022-08-05 11:07:22,302] multiqc                                            [DEBUG  ]  No samples found: sambamba
[2022-08-05 11:07:22,309] multiqc                                            [DEBUG  ]  No samples found: homer
[2022-08-05 11:07:22,315] multiqc                                            [DEBUG  ]  No samples found: hops
[2022-08-05 11:07:22,322] multiqc                                            [DEBUG  ]  No samples found: macs2
[2022-08-05 11:07:22,329] multiqc                                            [DEBUG  ]  No samples found: theta2
[2022-08-05 11:07:22,336] multiqc                                            [DEBUG  ]  No samples found: snpeff
[2022-08-05 11:07:22,347] multiqc                                            [DEBUG  ]  No samples found: gatk
[2022-08-05 11:07:22,354] multiqc                                            [DEBUG  ]  No samples found: htseq
[2022-08-05 11:07:22,363] multiqc                                            [DEBUG  ]  No samples found: bcftools
[2022-08-05 11:07:22,369] multiqc                                            [DEBUG  ]  No samples found: featureCounts
[2022-08-05 11:07:22,379] multiqc                                            [DEBUG  ]  No samples found: fgbio
[2022-08-05 11:07:22,861] multiqc                                            [DEBUG  ]  No samples found: dragen
[2022-08-05 11:07:23,184] multiqc                                            [DEBUG  ]  No samples found: dedup
[2022-08-05 11:07:23,422] multiqc                                            [DEBUG  ]  No samples found: damageprofiler
[2022-08-05 11:07:23,728] multiqc                                            [DEBUG  ]  No samples found: biobambam2
[2022-08-05 11:07:23,737] multiqc                                            [DEBUG  ]  No samples found: jcvi
[2022-08-05 11:07:23,746] multiqc                                            [DEBUG  ]  No samples found: mtnucratio
[2022-08-05 11:07:23,748] multiqc                                            [DEBUG  ]  No samples found: picard
[2022-08-05 11:07:23,756] multiqc                                            [DEBUG  ]  No samples found: vep
[2022-08-05 11:07:23,770] multiqc                                            [DEBUG  ]  No samples found: sentieon
[2022-08-05 11:07:23,776] multiqc                                            [DEBUG  ]  No samples found: prokka
[2022-08-05 11:07:23,786] multiqc                                            [DEBUG  ]  No samples found: qc3C
[2022-08-05 11:07:24,070] multiqc                                            [DEBUG  ]  No samples found: nanostat
[2022-08-05 11:07:24,078] multiqc                                            [DEBUG  ]  No samples found: samblaster
[2022-08-05 11:07:24,554] multiqc                                            [DEBUG  ]  No samples found: samtools
[2022-08-05 11:07:24,791] multiqc                                            [DEBUG  ]  No samples found: sexdeterrmine
[2022-08-05 11:07:24,798] multiqc                                            [DEBUG  ]  No samples found: eigenstratdatabasetools
[2022-08-05 11:07:24,808] multiqc                                            [DEBUG  ]  No samples found: bamtools
[2022-08-05 11:07:25,045] multiqc                                            [DEBUG  ]  No samples found: jellyfish
[2022-08-05 11:07:25,060] multiqc                                            [DEBUG  ]  No samples found: vcftools
[2022-08-05 11:07:25,296] multiqc                                            [DEBUG  ]  No samples found: longranger
[2022-08-05 11:07:25,300] multiqc                                            [DEBUG  ]  No samples found: stacks
[2022-08-05 11:07:25,305] multiqc                                            [DEBUG  ]  No samples found: varscan2
[2022-08-05 11:07:25,309] multiqc                                            [DEBUG  ]  No samples found: snippy
[2022-08-05 11:07:25,351] multiqc                                            [DEBUG  ]  No samples found: bbmap
[2022-08-05 11:07:25,360] multiqc                                            [DEBUG  ]  No samples found: bismark
[2022-08-05 11:07:25,371] multiqc                                            [DEBUG  ]  No samples found: biscuit
[2022-08-05 11:07:25,377] multiqc                                            [DEBUG  ]  No samples found: hicexplorer
[2022-08-05 11:07:25,385] multiqc                                            [DEBUG  ]  No samples found: hicup
[2022-08-05 11:07:25,392] multiqc                                            [DEBUG  ]  No samples found: hicpro
[2022-08-05 11:07:25,399] multiqc                                            [DEBUG  ]  No samples found: salmon
[2022-08-05 11:07:25,405] multiqc                                            [DEBUG  ]  No samples found: kallisto
[2022-08-05 11:07:25,414] multiqc                                            [DEBUG  ]  No samples found: slamdunk
[2022-08-05 11:07:25,421] multiqc                                            [DEBUG  ]  No samples found: star
[2022-08-05 11:07:25,889] multiqc                                            [DEBUG  ]  No samples found: hisat2
[2022-08-05 11:07:26,126] multiqc                                            [DEBUG  ]  No samples found: tophat
[2022-08-05 11:07:26,360] multiqc                                            [DEBUG  ]  No samples found: bowtie2
[2022-08-05 11:07:26,364] multiqc                                            [DEBUG  ]  No samples found: bowtie1
[2022-08-05 11:07:26,368] multiqc                                            [DEBUG  ]  No samples found: snpsplit
[2022-08-05 11:07:26,373] multiqc                                            [DEBUG  ]  No samples found: odgi
[2022-08-05 11:07:26,377] multiqc                                            [DEBUG  ]  No samples found: pangolin
[2022-08-05 11:07:26,381] multiqc                                            [DEBUG  ]  No samples found: kat
[2022-08-05 11:07:26,385] multiqc                                            [DEBUG  ]  No samples found: leehom
[2022-08-05 11:07:26,389] multiqc                                            [DEBUG  ]  No samples found: adapterRemoval
[2022-08-05 11:07:26,393] multiqc                                            [DEBUG  ]  No samples found: clipandmerge
[2022-08-05 11:07:26,401] multiqc                                            [DEBUG  ]  No samples found: cutadapt
[2022-08-05 11:07:26,408] multiqc                                            [DEBUG  ]  No samples found: flexbar
[2022-08-05 11:07:26,415] multiqc                                            [DEBUG  ]  No samples found: kaiju
[2022-08-05 11:07:26,423] multiqc                                            [DEBUG  ]  No samples found: kraken
[2022-08-05 11:07:26,429] multiqc                                            [DEBUG  ]  No samples found: malt
[2022-08-05 11:07:26,436] multiqc                                            [DEBUG  ]  No samples found: trimmomatic
[2022-08-05 11:07:26,442] multiqc                                            [DEBUG  ]  No samples found: sickle
[2022-08-05 11:07:26,449] multiqc                                            [DEBUG  ]  No samples found: skewer
[2022-08-05 11:07:26,734] multiqc                                            [DEBUG  ]  No samples found: sortmerna
[2022-08-05 11:07:26,741] multiqc                                            [DEBUG  ]  No samples found: biobloomtools
[2022-08-05 11:07:26,981] multiqc                                            [DEBUG  ]  No samples found: fastq_screen
[2022-08-05 11:07:27,227] multiqc                                            [DEBUG  ]  No samples found: afterqc
[2022-08-05 11:07:27,739] multiqc                                            [DEBUG  ]  No samples found: fastp
[2022-08-05 11:07:28,282] multiqc.modules.fastqc.fastqc                      [INFO   ]  Found 4 reports
[2022-08-05 11:07:28,362] multiqc                                            [DEBUG  ]  No samples found: pychopper
[2022-08-05 11:07:28,369] multiqc                                            [DEBUG  ]  No samples found: pycoqc
[2022-08-05 11:07:28,374] multiqc                                            [DEBUG  ]  No samples found: minionqc
[2022-08-05 11:07:28,381] multiqc                                            [DEBUG  ]  No samples found: multivcfanalyzer
[2022-08-05 11:07:28,390] multiqc                                            [DEBUG  ]  No samples found: clusterflow
[2022-08-05 11:07:28,400] multiqc                                            [DEBUG  ]  No samples found: bcl2fastq
[2022-08-05 11:07:28,411] multiqc                                            [DEBUG  ]  No samples found: bclconvert
[2022-08-05 11:07:28,423] multiqc                                            [DEBUG  ]  No samples found: interop
[2022-08-05 11:07:28,434] multiqc                                            [DEBUG  ]  No samples found: ivar
[2022-08-05 11:07:28,442] multiqc                                            [DEBUG  ]  No samples found: flash
[2022-08-05 11:07:28,450] multiqc                                            [DEBUG  ]  No samples found: seqyclean
[2022-08-05 11:07:28,457] multiqc                                            [DEBUG  ]  No samples found: optitype
[2022-08-05 11:07:28,462] multiqc                                            [INFO   ]  Compressing plot data
[2022-08-05 11:07:29,258] multiqc                                            [INFO   ]  Report      : 10716_MGSD_CSIRO.qc.stats/multiqc_report.html
[2022-08-05 11:07:29,258] multiqc                                            [INFO   ]  Data        : 10716_MGSD_CSIRO.qc.stats/multiqc_data
[2022-08-05 11:07:29,258] multiqc                                            [DEBUG  ]  Moving data file from '/tmp/smi9a9.8584894/tmpkaolst2c/multiqc_data' to '10716_MGSD_CSIRO.qc.stats/multiqc_data'
[2022-08-05 11:07:29,803] multiqc                                            [INFO   ]  MultiQC complete
