[2022-08-05 11:12:07,997] multiqc                                            [DEBUG  ]  This is MultiQC v1.11
[2022-08-05 11:12:07,998] multiqc                                            [DEBUG  ]  No MultiQC config found: /apps/multiqc/1.11/lib/python3.9/site-packages/multiqc_config.yaml
[2022-08-05 11:12:07,998] multiqc                                            [DEBUG  ]  No MultiQC config found: /home/smi9a9/.multiqc_config.yaml
[2022-08-05 11:12:18,503] multiqc                                            [DEBUG  ]  No MultiQC config found: multiqc_config.yaml
[2022-08-05 11:12:18,504] multiqc                                            [DEBUG  ]  Command used: /apps/multiqc/1.11/bin/multiqc ./401616_HL7J5DSX3-1_merged_fastqc.html ./401616_HL7J5DSX3-1_merged_fastqc.zip ./401616_HL7J5DSX3-1_merged.fastq.gz ./401616_HL7J5DSX3-1_R1p_fastqc.html ./401616_HL7J5DSX3-1_R1p_fastqc.zip ./401616_HL7J5DSX3-1_R1p.fastq.gz ./401616_HL7J5DSX3-1_R1R2u_fastqc.html ./401616_HL7J5DSX3-1_R1R2u_fastqc.zip ./401616_HL7J5DSX3-1_R1R2u.fastq.gz ./401616_HL7J5DSX3-1_R2p_fastqc.html ./401616_HL7J5DSX3-1_R2p_fastqc.zip ./401616_HL7J5DSX3-1_R2p.fastq.gz ./401616_QCreads.md5 -o 401616_MGSD_CSIRO.qc.stats
[2022-08-05 11:12:18,506] multiqc                                            [DEBUG  ]  Could not connect to multiqc.info for version check: <urlopen error [Errno 111] Connection refused>
[2022-08-05 11:12:18,506] multiqc                                            [DEBUG  ]  Command     : /apps/multiqc/1.11/bin/multiqc ./401616_HL7J5DSX3-1_merged_fastqc.html ./401616_HL7J5DSX3-1_merged_fastqc.zip ./401616_HL7J5DSX3-1_merged.fastq.gz ./401616_HL7J5DSX3-1_R1p_fastqc.html ./401616_HL7J5DSX3-1_R1p_fastqc.zip ./401616_HL7J5DSX3-1_R1p.fastq.gz ./401616_HL7J5DSX3-1_R1R2u_fastqc.html ./401616_HL7J5DSX3-1_R1R2u_fastqc.zip ./401616_HL7J5DSX3-1_R1R2u.fastq.gz ./401616_HL7J5DSX3-1_R2p_fastqc.html ./401616_HL7J5DSX3-1_R2p_fastqc.zip ./401616_HL7J5DSX3-1_R2p.fastq.gz ./401616_QCreads.md5 -o 401616_MGSD_CSIRO.qc.stats
[2022-08-05 11:12:18,506] multiqc                                            [DEBUG  ]  Working dir : /datasets/work/oa-amd/work/amd/Metagenome_QC_reads
[2022-08-05 11:12:18,506] multiqc                                            [DEBUG  ]  Template    : default
[2022-08-05 11:12:18,506] multiqc                                            [DEBUG  ]  Running Python 3.9.4 (default, Apr 25 2021, 16:13:27)  [GCC 10.3.0]
[2022-08-05 11:12:18,506] multiqc                                            [DEBUG  ]  Analysing modules: custom_content, ccs, ngsderive, purple, conpair, lima, peddy, somalier, methylQA, mosdepth, phantompeakqualtools, qualimap, preseq, quast, qorts, rna_seqc, rockhopper, rsem, rseqc, busco, bustools, goleft_indexcov, gffcompare, disambiguate, supernova, deeptools, sargasso, verifybamid, mirtrace, happy, mirtop, sambamba, homer, hops, macs2, theta2, snpeff, gatk, htseq, bcftools, featureCounts, fgbio, dragen, dedup, damageprofiler, biobambam2, jcvi, mtnucratio, picard, vep, sentieon, prokka, qc3C, nanostat, samblaster, samtools, sexdeterrmine, eigenstratdatabasetools, bamtools, jellyfish, vcftools, longranger, stacks, varscan2, snippy, bbmap, bismark, biscuit, hicexplorer, hicup, hicpro, salmon, kallisto, slamdunk, star, hisat2, tophat, bowtie2, bowtie1, snpsplit, odgi, pangolin, kat, leehom, adapterRemoval, clipandmerge, cutadapt, flexbar, kaiju, kraken, malt, trimmomatic, sickle, skewer, sortmerna, biobloomtools, fastq_screen, afterqc, fastp, fastqc, pychopper, pycoqc, minionqc, multivcfanalyzer, clusterflow, bcl2fastq, bclconvert, interop, ivar, flash, seqyclean, optitype
[2022-08-05 11:12:18,506] multiqc                                            [DEBUG  ]  Using temporary directory for creating report: /tmp/smi9a9.8585745/tmprxnk02eo
[2022-08-05 11:12:18,568] multiqc                                            [INFO   ]  Search path : /datasets/work/oa-amd/work/amd/Metagenome_QC_reads/401616_HL7J5DSX3-1_merged_fastqc.html
[2022-08-05 11:12:18,568] multiqc                                            [INFO   ]  Search path : /datasets/work/oa-amd/work/amd/Metagenome_QC_reads/401616_HL7J5DSX3-1_merged_fastqc.zip
[2022-08-05 11:12:18,569] multiqc                                            [INFO   ]  Search path : /datasets/work/oa-amd/work/amd/Metagenome_QC_reads/401616_HL7J5DSX3-1_merged.fastq.gz
[2022-08-05 11:12:18,569] multiqc                                            [INFO   ]  Search path : /datasets/work/oa-amd/work/amd/Metagenome_QC_reads/401616_HL7J5DSX3-1_R1p_fastqc.html
[2022-08-05 11:12:18,569] multiqc                                            [INFO   ]  Search path : /datasets/work/oa-amd/work/amd/Metagenome_QC_reads/401616_HL7J5DSX3-1_R1p_fastqc.zip
[2022-08-05 11:12:18,569] multiqc                                            [INFO   ]  Search path : /datasets/work/oa-amd/work/amd/Metagenome_QC_reads/401616_HL7J5DSX3-1_R1p.fastq.gz
[2022-08-05 11:12:18,569] multiqc                                            [INFO   ]  Search path : /datasets/work/oa-amd/work/amd/Metagenome_QC_reads/401616_HL7J5DSX3-1_R1R2u_fastqc.html
[2022-08-05 11:12:18,569] multiqc                                            [INFO   ]  Search path : /datasets/work/oa-amd/work/amd/Metagenome_QC_reads/401616_HL7J5DSX3-1_R1R2u_fastqc.zip
[2022-08-05 11:12:18,569] multiqc                                            [INFO   ]  Search path : /datasets/work/oa-amd/work/amd/Metagenome_QC_reads/401616_HL7J5DSX3-1_R1R2u.fastq.gz
[2022-08-05 11:12:18,569] multiqc                                            [INFO   ]  Search path : /datasets/work/oa-amd/work/amd/Metagenome_QC_reads/401616_HL7J5DSX3-1_R2p_fastqc.html
[2022-08-05 11:12:18,569] multiqc                                            [INFO   ]  Search path : /datasets/work/oa-amd/work/amd/Metagenome_QC_reads/401616_HL7J5DSX3-1_R2p_fastqc.zip
[2022-08-05 11:12:18,569] multiqc                                            [INFO   ]  Search path : /datasets/work/oa-amd/work/amd/Metagenome_QC_reads/401616_HL7J5DSX3-1_R2p.fastq.gz
[2022-08-05 11:12:18,569] multiqc                                            [INFO   ]  Search path : /datasets/work/oa-amd/work/amd/Metagenome_QC_reads/401616_QCreads.md5
[2022-08-05 11:12:19,087] multiqc                                            [DEBUG  ]  File ignored by ccs/v4 because it exceeded search pattern filesize limit: 401616_HL7J5DSX3-1_merged_fastqc.html
[2022-08-05 11:12:19,099] multiqc                                            [DEBUG  ]  File ignored by hicexplorer because it exceeded search pattern filesize limit: 401616_HL7J5DSX3-1_merged_fastqc.html
[2022-08-05 11:12:19,101] multiqc                                            [DEBUG  ]  File ignored by nanostat because it exceeded search pattern filesize limit: 401616_HL7J5DSX3-1_merged_fastqc.html
[2022-08-05 11:12:19,101] multiqc                                            [DEBUG  ]  File ignored by lima/summary because it exceeded search pattern filesize limit: 401616_HL7J5DSX3-1_merged_fastqc.html
[2022-08-05 11:12:19,125] multiqc                                            [DEBUG  ]  File ignored by vep/vep_txt because it exceeded search pattern filesize limit: 401616_HL7J5DSX3-1_merged_fastqc.html
[2022-08-05 11:12:19,125] multiqc                                            [DEBUG  ]  File ignored by longranger/invocation because it exceeded search pattern filesize limit: 401616_HL7J5DSX3-1_merged_fastqc.html
[2022-08-05 11:12:19,125] multiqc                                            [DEBUG  ]  File ignored by rockhopper because it exceeded search pattern filesize limit: 401616_HL7J5DSX3-1_merged_fastqc.html
[2022-08-05 11:12:19,125] multiqc                                            [DEBUG  ]  File ignored by rseqc/bam_stat because it exceeded search pattern filesize limit: 401616_HL7J5DSX3-1_merged_fastqc.html
[2022-08-05 11:12:19,125] multiqc                                            [DEBUG  ]  File ignored by rseqc/junction_annotation because it exceeded search pattern filesize limit: 401616_HL7J5DSX3-1_merged_fastqc.html
[2022-08-05 11:12:19,125] multiqc                                            [DEBUG  ]  File ignored by rseqc/read_distribution because it exceeded search pattern filesize limit: 401616_HL7J5DSX3-1_merged_fastqc.html
[2022-08-05 11:12:19,125] multiqc                                            [DEBUG  ]  File ignored by rseqc/infer_experiment because it exceeded search pattern filesize limit: 401616_HL7J5DSX3-1_merged_fastqc.html
[2022-08-05 11:12:21,032] multiqc                                            [DEBUG  ]  Ignoring file as matched an ignore pattern: 401616_HL7J5DSX3-1_merged.fastq.gz
[2022-08-05 11:12:21,746] multiqc                                            [DEBUG  ]  File ignored by ccs/v4 because it exceeded search pattern filesize limit: 401616_HL7J5DSX3-1_R1p_fastqc.html
[2022-08-05 11:12:21,764] multiqc                                            [DEBUG  ]  File ignored by hicexplorer because it exceeded search pattern filesize limit: 401616_HL7J5DSX3-1_R1p_fastqc.html
[2022-08-05 11:12:21,765] multiqc                                            [DEBUG  ]  File ignored by nanostat because it exceeded search pattern filesize limit: 401616_HL7J5DSX3-1_R1p_fastqc.html
[2022-08-05 11:12:21,765] multiqc                                            [DEBUG  ]  File ignored by lima/summary because it exceeded search pattern filesize limit: 401616_HL7J5DSX3-1_R1p_fastqc.html
[2022-08-05 11:12:21,792] multiqc                                            [DEBUG  ]  File ignored by vep/vep_txt because it exceeded search pattern filesize limit: 401616_HL7J5DSX3-1_R1p_fastqc.html
[2022-08-05 11:12:21,792] multiqc                                            [DEBUG  ]  File ignored by longranger/invocation because it exceeded search pattern filesize limit: 401616_HL7J5DSX3-1_R1p_fastqc.html
[2022-08-05 11:12:21,792] multiqc                                            [DEBUG  ]  File ignored by rockhopper because it exceeded search pattern filesize limit: 401616_HL7J5DSX3-1_R1p_fastqc.html
[2022-08-05 11:12:21,792] multiqc                                            [DEBUG  ]  File ignored by rseqc/bam_stat because it exceeded search pattern filesize limit: 401616_HL7J5DSX3-1_R1p_fastqc.html
[2022-08-05 11:12:21,792] multiqc                                            [DEBUG  ]  File ignored by rseqc/junction_annotation because it exceeded search pattern filesize limit: 401616_HL7J5DSX3-1_R1p_fastqc.html
[2022-08-05 11:12:21,792] multiqc                                            [DEBUG  ]  File ignored by rseqc/read_distribution because it exceeded search pattern filesize limit: 401616_HL7J5DSX3-1_R1p_fastqc.html
[2022-08-05 11:12:21,792] multiqc                                            [DEBUG  ]  File ignored by rseqc/infer_experiment because it exceeded search pattern filesize limit: 401616_HL7J5DSX3-1_R1p_fastqc.html
[2022-08-05 11:12:22,259] multiqc                                            [DEBUG  ]  Ignoring file as matched an ignore pattern: 401616_HL7J5DSX3-1_R1p.fastq.gz
[2022-08-05 11:12:22,975] multiqc                                            [DEBUG  ]  File ignored by ccs/v4 because it exceeded search pattern filesize limit: 401616_HL7J5DSX3-1_R1R2u_fastqc.html
[2022-08-05 11:12:22,984] multiqc                                            [DEBUG  ]  File ignored by hicexplorer because it exceeded search pattern filesize limit: 401616_HL7J5DSX3-1_R1R2u_fastqc.html
[2022-08-05 11:12:22,985] multiqc                                            [DEBUG  ]  File ignored by nanostat because it exceeded search pattern filesize limit: 401616_HL7J5DSX3-1_R1R2u_fastqc.html
[2022-08-05 11:12:22,985] multiqc                                            [DEBUG  ]  File ignored by lima/summary because it exceeded search pattern filesize limit: 401616_HL7J5DSX3-1_R1R2u_fastqc.html
[2022-08-05 11:12:23,009] multiqc                                            [DEBUG  ]  File ignored by vep/vep_txt because it exceeded search pattern filesize limit: 401616_HL7J5DSX3-1_R1R2u_fastqc.html
[2022-08-05 11:12:23,009] multiqc                                            [DEBUG  ]  File ignored by longranger/invocation because it exceeded search pattern filesize limit: 401616_HL7J5DSX3-1_R1R2u_fastqc.html
[2022-08-05 11:12:23,009] multiqc                                            [DEBUG  ]  File ignored by rockhopper because it exceeded search pattern filesize limit: 401616_HL7J5DSX3-1_R1R2u_fastqc.html
[2022-08-05 11:12:23,009] multiqc                                            [DEBUG  ]  File ignored by rseqc/bam_stat because it exceeded search pattern filesize limit: 401616_HL7J5DSX3-1_R1R2u_fastqc.html
[2022-08-05 11:12:23,009] multiqc                                            [DEBUG  ]  File ignored by rseqc/junction_annotation because it exceeded search pattern filesize limit: 401616_HL7J5DSX3-1_R1R2u_fastqc.html
[2022-08-05 11:12:23,009] multiqc                                            [DEBUG  ]  File ignored by rseqc/read_distribution because it exceeded search pattern filesize limit: 401616_HL7J5DSX3-1_R1R2u_fastqc.html
[2022-08-05 11:12:23,009] multiqc                                            [DEBUG  ]  File ignored by rseqc/infer_experiment because it exceeded search pattern filesize limit: 401616_HL7J5DSX3-1_R1R2u_fastqc.html
[2022-08-05 11:12:23,107] multiqc                                            [DEBUG  ]  Ignoring file as matched an ignore pattern: 401616_HL7J5DSX3-1_R1R2u.fastq.gz
[2022-08-05 11:12:23,145] multiqc                                            [DEBUG  ]  File ignored by ccs/v4 because it exceeded search pattern filesize limit: 401616_HL7J5DSX3-1_R2p_fastqc.html
[2022-08-05 11:12:23,156] multiqc                                            [DEBUG  ]  File ignored by hicexplorer because it exceeded search pattern filesize limit: 401616_HL7J5DSX3-1_R2p_fastqc.html
[2022-08-05 11:12:23,157] multiqc                                            [DEBUG  ]  File ignored by nanostat because it exceeded search pattern filesize limit: 401616_HL7J5DSX3-1_R2p_fastqc.html
[2022-08-05 11:12:23,157] multiqc                                            [DEBUG  ]  File ignored by lima/summary because it exceeded search pattern filesize limit: 401616_HL7J5DSX3-1_R2p_fastqc.html
[2022-08-05 11:12:23,177] multiqc                                            [DEBUG  ]  File ignored by vep/vep_txt because it exceeded search pattern filesize limit: 401616_HL7J5DSX3-1_R2p_fastqc.html
[2022-08-05 11:12:23,177] multiqc                                            [DEBUG  ]  File ignored by longranger/invocation because it exceeded search pattern filesize limit: 401616_HL7J5DSX3-1_R2p_fastqc.html
[2022-08-05 11:12:23,177] multiqc                                            [DEBUG  ]  File ignored by rockhopper because it exceeded search pattern filesize limit: 401616_HL7J5DSX3-1_R2p_fastqc.html
[2022-08-05 11:12:23,177] multiqc                                            [DEBUG  ]  File ignored by rseqc/bam_stat because it exceeded search pattern filesize limit: 401616_HL7J5DSX3-1_R2p_fastqc.html
[2022-08-05 11:12:23,177] multiqc                                            [DEBUG  ]  File ignored by rseqc/junction_annotation because it exceeded search pattern filesize limit: 401616_HL7J5DSX3-1_R2p_fastqc.html
[2022-08-05 11:12:23,177] multiqc                                            [DEBUG  ]  File ignored by rseqc/read_distribution because it exceeded search pattern filesize limit: 401616_HL7J5DSX3-1_R2p_fastqc.html
[2022-08-05 11:12:23,177] multiqc                                            [DEBUG  ]  File ignored by rseqc/infer_experiment because it exceeded search pattern filesize limit: 401616_HL7J5DSX3-1_R2p_fastqc.html
[2022-08-05 11:12:23,386] multiqc                                            [DEBUG  ]  Ignoring file as matched an ignore pattern: 401616_HL7J5DSX3-1_R2p.fastq.gz
[2022-08-05 11:12:23,506] multiqc                                            [DEBUG  ]  Ignoring file as matched an ignore pattern: 401616_QCreads.md5
[2022-08-05 11:12:27,490] multiqc.plots.bargraph                             [DEBUG  ]  Using matplotlib version 3.3.4
[2022-08-05 11:12:27,494] multiqc.plots.linegraph                            [DEBUG  ]  Using matplotlib version 3.3.4
[2022-08-05 11:12:27,496] multiqc                                            [DEBUG  ]  No samples found: custom_content
[2022-08-05 11:12:27,501] multiqc                                            [DEBUG  ]  No samples found: ccs
[2022-08-05 11:12:27,506] multiqc                                            [DEBUG  ]  No samples found: ngsderive
[2022-08-05 11:12:27,510] multiqc                                            [DEBUG  ]  No samples found: purple
[2022-08-05 11:12:27,514] multiqc                                            [DEBUG  ]  No samples found: conpair
[2022-08-05 11:12:27,519] multiqc                                            [DEBUG  ]  No samples found: lima
[2022-08-05 11:12:27,523] multiqc                                            [DEBUG  ]  No samples found: peddy
[2022-08-05 11:12:27,529] multiqc                                            [DEBUG  ]  No samples found: somalier
[2022-08-05 11:12:27,533] multiqc                                            [DEBUG  ]  No samples found: methylQA
[2022-08-05 11:12:27,542] multiqc.modules.mosdepth.mosdepth                  [DEBUG  ]  include_contigs: []
[2022-08-05 11:12:27,542] multiqc.modules.mosdepth.mosdepth                  [DEBUG  ]  exclude_contigs: []
[2022-08-05 11:12:27,542] multiqc                                            [DEBUG  ]  No samples found: mosdepth
[2022-08-05 11:12:27,606] multiqc                                            [DEBUG  ]  No samples found: phantompeakqualtools
[2022-08-05 11:12:27,609] multiqc                                            [DEBUG  ]  No samples found: qualimap
[2022-08-05 11:12:27,614] multiqc                                            [DEBUG  ]  No samples found: preseq
[2022-08-05 11:12:27,620] multiqc                                            [DEBUG  ]  No samples found: quast
[2022-08-05 11:12:27,624] multiqc                                            [DEBUG  ]  No samples found: qorts
[2022-08-05 11:12:27,629] multiqc                                            [DEBUG  ]  No samples found: rna_seqc
[2022-08-05 11:12:27,633] multiqc                                            [DEBUG  ]  No samples found: rockhopper
[2022-08-05 11:12:27,638] multiqc                                            [DEBUG  ]  No samples found: rsem
[2022-08-05 11:12:27,658] multiqc                                            [DEBUG  ]  No samples found: rseqc
[2022-08-05 11:12:27,662] multiqc                                            [DEBUG  ]  No samples found: busco
[2022-08-05 11:12:27,666] multiqc                                            [DEBUG  ]  No samples found: bustools
[2022-08-05 11:12:27,670] multiqc                                            [DEBUG  ]  No samples found: goleft_indexcov
[2022-08-05 11:12:27,740] multiqc                                            [DEBUG  ]  No samples found: gffcompare
[2022-08-05 11:12:27,744] multiqc                                            [DEBUG  ]  No samples found: disambiguate
[2022-08-05 11:12:27,863] multiqc                                            [DEBUG  ]  No samples found: supernova
[2022-08-05 11:12:27,896] multiqc                                            [DEBUG  ]  No samples found: deeptools
[2022-08-05 11:12:27,900] multiqc                                            [DEBUG  ]  No samples found: sargasso
[2022-08-05 11:12:27,904] multiqc                                            [DEBUG  ]  No samples found: verifybamid
[2022-08-05 11:12:27,909] multiqc                                            [DEBUG  ]  No samples found: mirtrace
[2022-08-05 11:12:27,914] multiqc                                            [DEBUG  ]  No samples found: happy
[2022-08-05 11:12:27,924] multiqc                                            [DEBUG  ]  No samples found: mirtop
[2022-08-05 11:12:27,928] multiqc                                            [DEBUG  ]  No samples found: sambamba
[2022-08-05 11:12:27,936] multiqc                                            [DEBUG  ]  No samples found: homer
[2022-08-05 11:12:27,940] multiqc                                            [DEBUG  ]  No samples found: hops
[2022-08-05 11:12:27,943] multiqc                                            [DEBUG  ]  No samples found: macs2
[2022-08-05 11:12:27,947] multiqc                                            [DEBUG  ]  No samples found: theta2
[2022-08-05 11:12:27,952] multiqc                                            [DEBUG  ]  No samples found: snpeff
[2022-08-05 11:12:27,959] multiqc                                            [DEBUG  ]  No samples found: gatk
[2022-08-05 11:12:27,963] multiqc                                            [DEBUG  ]  No samples found: htseq
[2022-08-05 11:12:27,968] multiqc                                            [DEBUG  ]  No samples found: bcftools
[2022-08-05 11:12:27,972] multiqc                                            [DEBUG  ]  No samples found: featureCounts
[2022-08-05 11:12:27,978] multiqc                                            [DEBUG  ]  No samples found: fgbio
[2022-08-05 11:12:27,995] multiqc                                            [DEBUG  ]  No samples found: dragen
[2022-08-05 11:12:27,998] multiqc                                            [DEBUG  ]  No samples found: dedup
[2022-08-05 11:12:28,003] multiqc                                            [DEBUG  ]  No samples found: damageprofiler
[2022-08-05 11:12:28,268] multiqc                                            [DEBUG  ]  No samples found: biobambam2
[2022-08-05 11:12:28,273] multiqc                                            [DEBUG  ]  No samples found: jcvi
[2022-08-05 11:12:28,277] multiqc                                            [DEBUG  ]  No samples found: mtnucratio
[2022-08-05 11:12:28,279] multiqc                                            [DEBUG  ]  No samples found: picard
[2022-08-05 11:12:28,284] multiqc                                            [DEBUG  ]  No samples found: vep
[2022-08-05 11:12:28,292] multiqc                                            [DEBUG  ]  No samples found: sentieon
[2022-08-05 11:12:28,296] multiqc                                            [DEBUG  ]  No samples found: prokka
[2022-08-05 11:12:28,303] multiqc                                            [DEBUG  ]  No samples found: qc3C
[2022-08-05 11:12:28,307] multiqc                                            [DEBUG  ]  No samples found: nanostat
[2022-08-05 11:12:28,311] multiqc                                            [DEBUG  ]  No samples found: samblaster
[2022-08-05 11:12:28,321] multiqc                                            [DEBUG  ]  No samples found: samtools
[2022-08-05 11:12:28,326] multiqc                                            [DEBUG  ]  No samples found: sexdeterrmine
[2022-08-05 11:12:28,330] multiqc                                            [DEBUG  ]  No samples found: eigenstratdatabasetools
[2022-08-05 11:12:28,335] multiqc                                            [DEBUG  ]  No samples found: bamtools
[2022-08-05 11:12:28,339] multiqc                                            [DEBUG  ]  No samples found: jellyfish
[2022-08-05 11:12:28,345] multiqc                                            [DEBUG  ]  No samples found: vcftools
[2022-08-05 11:12:28,350] multiqc                                            [DEBUG  ]  No samples found: longranger
[2022-08-05 11:12:28,355] multiqc                                            [DEBUG  ]  No samples found: stacks
[2022-08-05 11:12:28,359] multiqc                                            [DEBUG  ]  No samples found: varscan2
[2022-08-05 11:12:28,364] multiqc                                            [DEBUG  ]  No samples found: snippy
[2022-08-05 11:12:28,383] multiqc                                            [DEBUG  ]  No samples found: bbmap
[2022-08-05 11:12:28,389] multiqc                                            [DEBUG  ]  No samples found: bismark
[2022-08-05 11:12:28,397] multiqc                                            [DEBUG  ]  No samples found: biscuit
[2022-08-05 11:12:28,401] multiqc                                            [DEBUG  ]  No samples found: hicexplorer
[2022-08-05 11:12:28,406] multiqc                                            [DEBUG  ]  No samples found: hicup
[2022-08-05 11:12:28,411] multiqc                                            [DEBUG  ]  No samples found: hicpro
[2022-08-05 11:12:28,414] multiqc                                            [DEBUG  ]  No samples found: salmon
[2022-08-05 11:12:28,418] multiqc                                            [DEBUG  ]  No samples found: kallisto
[2022-08-05 11:12:28,424] multiqc                                            [DEBUG  ]  No samples found: slamdunk
[2022-08-05 11:12:28,429] multiqc                                            [DEBUG  ]  No samples found: star
[2022-08-05 11:12:28,433] multiqc                                            [DEBUG  ]  No samples found: hisat2
[2022-08-05 11:12:28,437] multiqc                                            [DEBUG  ]  No samples found: tophat
[2022-08-05 11:12:28,441] multiqc                                            [DEBUG  ]  No samples found: bowtie2
[2022-08-05 11:12:28,446] multiqc                                            [DEBUG  ]  No samples found: bowtie1
[2022-08-05 11:12:28,451] multiqc                                            [DEBUG  ]  No samples found: snpsplit
[2022-08-05 11:12:28,457] multiqc                                            [DEBUG  ]  No samples found: odgi
[2022-08-05 11:12:28,462] multiqc                                            [DEBUG  ]  No samples found: pangolin
[2022-08-05 11:12:28,467] multiqc                                            [DEBUG  ]  No samples found: kat
[2022-08-05 11:12:28,470] multiqc                                            [DEBUG  ]  No samples found: leehom
[2022-08-05 11:12:28,476] multiqc                                            [DEBUG  ]  No samples found: adapterRemoval
[2022-08-05 11:12:28,481] multiqc                                            [DEBUG  ]  No samples found: clipandmerge
[2022-08-05 11:12:28,486] multiqc                                            [DEBUG  ]  No samples found: cutadapt
[2022-08-05 11:12:28,490] multiqc                                            [DEBUG  ]  No samples found: flexbar
[2022-08-05 11:12:28,494] multiqc                                            [DEBUG  ]  No samples found: kaiju
[2022-08-05 11:12:28,499] multiqc                                            [DEBUG  ]  No samples found: kraken
[2022-08-05 11:12:28,504] multiqc                                            [DEBUG  ]  No samples found: malt
[2022-08-05 11:12:28,508] multiqc                                            [DEBUG  ]  No samples found: trimmomatic
[2022-08-05 11:12:28,511] multiqc                                            [DEBUG  ]  No samples found: sickle
[2022-08-05 11:12:28,516] multiqc                                            [DEBUG  ]  No samples found: skewer
[2022-08-05 11:12:28,520] multiqc                                            [DEBUG  ]  No samples found: sortmerna
[2022-08-05 11:12:28,524] multiqc                                            [DEBUG  ]  No samples found: biobloomtools
[2022-08-05 11:12:28,529] multiqc                                            [DEBUG  ]  No samples found: fastq_screen
[2022-08-05 11:12:28,533] multiqc                                            [DEBUG  ]  No samples found: afterqc
[2022-08-05 11:12:28,538] multiqc                                            [DEBUG  ]  No samples found: fastp
[2022-08-05 11:12:29,403] multiqc.modules.fastqc.fastqc                      [INFO   ]  Found 4 reports
[2022-08-05 11:12:29,451] multiqc                                            [DEBUG  ]  No samples found: pychopper
[2022-08-05 11:12:29,456] multiqc                                            [DEBUG  ]  No samples found: pycoqc
[2022-08-05 11:12:29,461] multiqc                                            [DEBUG  ]  No samples found: minionqc
[2022-08-05 11:12:29,466] multiqc                                            [DEBUG  ]  No samples found: multivcfanalyzer
[2022-08-05 11:12:29,471] multiqc                                            [DEBUG  ]  No samples found: clusterflow
[2022-08-05 11:12:29,477] multiqc                                            [DEBUG  ]  No samples found: bcl2fastq
[2022-08-05 11:12:29,484] multiqc                                            [DEBUG  ]  No samples found: bclconvert
[2022-08-05 11:12:29,490] multiqc                                            [DEBUG  ]  No samples found: interop
[2022-08-05 11:12:29,495] multiqc                                            [DEBUG  ]  No samples found: ivar
[2022-08-05 11:12:29,499] multiqc                                            [DEBUG  ]  No samples found: flash
[2022-08-05 11:12:29,504] multiqc                                            [DEBUG  ]  No samples found: seqyclean
[2022-08-05 11:12:29,507] multiqc                                            [DEBUG  ]  No samples found: optitype
[2022-08-05 11:12:29,512] multiqc                                            [INFO   ]  Compressing plot data
[2022-08-05 11:12:46,398] multiqc                                            [INFO   ]  Report      : 401616_MGSD_CSIRO.qc.stats/multiqc_report.html
[2022-08-05 11:12:46,398] multiqc                                            [INFO   ]  Data        : 401616_MGSD_CSIRO.qc.stats/multiqc_data
[2022-08-05 11:12:46,398] multiqc                                            [DEBUG  ]  Moving data file from '/tmp/smi9a9.8585745/tmprxnk02eo/multiqc_data' to '401616_MGSD_CSIRO.qc.stats/multiqc_data'
[2022-08-05 11:12:47,612] multiqc                                            [INFO   ]  MultiQC complete
