[2022-08-05 11:10:35,118] multiqc                                            [DEBUG  ]  This is MultiQC v1.11
[2022-08-05 11:10:35,118] multiqc                                            [DEBUG  ]  No MultiQC config found: /apps/multiqc/1.11/lib/python3.9/site-packages/multiqc_config.yaml
[2022-08-05 11:10:35,118] multiqc                                            [DEBUG  ]  No MultiQC config found: /home/smi9a9/.multiqc_config.yaml
[2022-08-05 11:10:41,132] multiqc                                            [DEBUG  ]  No MultiQC config found: multiqc_config.yaml
[2022-08-05 11:10:41,133] multiqc                                            [DEBUG  ]  Command used: /apps/multiqc/1.11/bin/multiqc ./7888_H3VCKBCXX-1_merged_fastqc.html ./7888_H3VCKBCXX-1_merged_fastqc.zip ./7888_H3VCKBCXX-1_merged.fastq.gz ./7888_H3VCKBCXX-1_R1p_fastqc.html ./7888_H3VCKBCXX-1_R1p_fastqc.zip ./7888_H3VCKBCXX-1_R1p.fastq.gz ./7888_H3VCKBCXX-1_R1R2u_fastqc.html ./7888_H3VCKBCXX-1_R1R2u_fastqc.zip ./7888_H3VCKBCXX-1_R1R2u.fastq.gz ./7888_H3VCKBCXX-1_R2p_fastqc.html ./7888_H3VCKBCXX-1_R2p_fastqc.zip ./7888_H3VCKBCXX-1_R2p.fastq.gz ./7888_QCreads.md5 -o 7888_MGSD_CSIRO.qc.stats
[2022-08-05 11:10:41,135] multiqc                                            [DEBUG  ]  Could not connect to multiqc.info for version check: <urlopen error [Errno 111] Connection refused>
[2022-08-05 11:10:41,135] multiqc                                            [DEBUG  ]  Command     : /apps/multiqc/1.11/bin/multiqc ./7888_H3VCKBCXX-1_merged_fastqc.html ./7888_H3VCKBCXX-1_merged_fastqc.zip ./7888_H3VCKBCXX-1_merged.fastq.gz ./7888_H3VCKBCXX-1_R1p_fastqc.html ./7888_H3VCKBCXX-1_R1p_fastqc.zip ./7888_H3VCKBCXX-1_R1p.fastq.gz ./7888_H3VCKBCXX-1_R1R2u_fastqc.html ./7888_H3VCKBCXX-1_R1R2u_fastqc.zip ./7888_H3VCKBCXX-1_R1R2u.fastq.gz ./7888_H3VCKBCXX-1_R2p_fastqc.html ./7888_H3VCKBCXX-1_R2p_fastqc.zip ./7888_H3VCKBCXX-1_R2p.fastq.gz ./7888_QCreads.md5 -o 7888_MGSD_CSIRO.qc.stats
[2022-08-05 11:10:41,135] multiqc                                            [DEBUG  ]  Working dir : /datasets/work/oa-amd/work/amd/Metagenome_QC_reads
[2022-08-05 11:10:41,135] multiqc                                            [DEBUG  ]  Template    : default
[2022-08-05 11:10:41,135] multiqc                                            [DEBUG  ]  Running Python 3.9.4 (default, Apr 25 2021, 16:13:27)  [GCC 10.3.0]
[2022-08-05 11:10:41,136] multiqc                                            [DEBUG  ]  Analysing modules: custom_content, ccs, ngsderive, purple, conpair, lima, peddy, somalier, methylQA, mosdepth, phantompeakqualtools, qualimap, preseq, quast, qorts, rna_seqc, rockhopper, rsem, rseqc, busco, bustools, goleft_indexcov, gffcompare, disambiguate, supernova, deeptools, sargasso, verifybamid, mirtrace, happy, mirtop, sambamba, homer, hops, macs2, theta2, snpeff, gatk, htseq, bcftools, featureCounts, fgbio, dragen, dedup, damageprofiler, biobambam2, jcvi, mtnucratio, picard, vep, sentieon, prokka, qc3C, nanostat, samblaster, samtools, sexdeterrmine, eigenstratdatabasetools, bamtools, jellyfish, vcftools, longranger, stacks, varscan2, snippy, bbmap, bismark, biscuit, hicexplorer, hicup, hicpro, salmon, kallisto, slamdunk, star, hisat2, tophat, bowtie2, bowtie1, snpsplit, odgi, pangolin, kat, leehom, adapterRemoval, clipandmerge, cutadapt, flexbar, kaiju, kraken, malt, trimmomatic, sickle, skewer, sortmerna, biobloomtools, fastq_screen, afterqc, fastp, fastqc, pychopper, pycoqc, minionqc, multivcfanalyzer, clusterflow, bcl2fastq, bclconvert, interop, ivar, flash, seqyclean, optitype
[2022-08-05 11:10:41,136] multiqc                                            [DEBUG  ]  Using temporary directory for creating report: /tmp/smi9a9.8585397/tmpyv8gty2k
[2022-08-05 11:10:41,433] multiqc                                            [INFO   ]  Search path : /datasets/work/oa-amd/work/amd/Metagenome_QC_reads/7888_H3VCKBCXX-1_merged_fastqc.html
[2022-08-05 11:10:41,433] multiqc                                            [INFO   ]  Search path : /datasets/work/oa-amd/work/amd/Metagenome_QC_reads/7888_H3VCKBCXX-1_merged_fastqc.zip
[2022-08-05 11:10:41,433] multiqc                                            [INFO   ]  Search path : /datasets/work/oa-amd/work/amd/Metagenome_QC_reads/7888_H3VCKBCXX-1_merged.fastq.gz
[2022-08-05 11:10:41,433] multiqc                                            [INFO   ]  Search path : /datasets/work/oa-amd/work/amd/Metagenome_QC_reads/7888_H3VCKBCXX-1_R1p_fastqc.html
[2022-08-05 11:10:41,433] multiqc                                            [INFO   ]  Search path : /datasets/work/oa-amd/work/amd/Metagenome_QC_reads/7888_H3VCKBCXX-1_R1p_fastqc.zip
[2022-08-05 11:10:41,433] multiqc                                            [INFO   ]  Search path : /datasets/work/oa-amd/work/amd/Metagenome_QC_reads/7888_H3VCKBCXX-1_R1p.fastq.gz
[2022-08-05 11:10:41,433] multiqc                                            [INFO   ]  Search path : /datasets/work/oa-amd/work/amd/Metagenome_QC_reads/7888_H3VCKBCXX-1_R1R2u_fastqc.html
[2022-08-05 11:10:41,433] multiqc                                            [INFO   ]  Search path : /datasets/work/oa-amd/work/amd/Metagenome_QC_reads/7888_H3VCKBCXX-1_R1R2u_fastqc.zip
[2022-08-05 11:10:41,433] multiqc                                            [INFO   ]  Search path : /datasets/work/oa-amd/work/amd/Metagenome_QC_reads/7888_H3VCKBCXX-1_R1R2u.fastq.gz
[2022-08-05 11:10:41,433] multiqc                                            [INFO   ]  Search path : /datasets/work/oa-amd/work/amd/Metagenome_QC_reads/7888_H3VCKBCXX-1_R2p_fastqc.html
[2022-08-05 11:10:41,433] multiqc                                            [INFO   ]  Search path : /datasets/work/oa-amd/work/amd/Metagenome_QC_reads/7888_H3VCKBCXX-1_R2p_fastqc.zip
[2022-08-05 11:10:41,433] multiqc                                            [INFO   ]  Search path : /datasets/work/oa-amd/work/amd/Metagenome_QC_reads/7888_H3VCKBCXX-1_R2p.fastq.gz
[2022-08-05 11:10:41,433] multiqc                                            [INFO   ]  Search path : /datasets/work/oa-amd/work/amd/Metagenome_QC_reads/7888_QCreads.md5
[2022-08-05 11:10:42,362] multiqc                                            [DEBUG  ]  File ignored by ccs/v4 because it exceeded search pattern filesize limit: 7888_H3VCKBCXX-1_merged_fastqc.html
[2022-08-05 11:10:42,370] multiqc                                            [DEBUG  ]  File ignored by hicexplorer because it exceeded search pattern filesize limit: 7888_H3VCKBCXX-1_merged_fastqc.html
[2022-08-05 11:10:42,371] multiqc                                            [DEBUG  ]  File ignored by nanostat because it exceeded search pattern filesize limit: 7888_H3VCKBCXX-1_merged_fastqc.html
[2022-08-05 11:10:42,371] multiqc                                            [DEBUG  ]  File ignored by lima/summary because it exceeded search pattern filesize limit: 7888_H3VCKBCXX-1_merged_fastqc.html
[2022-08-05 11:10:43,065] multiqc                                            [DEBUG  ]  File ignored by vep/vep_txt because it exceeded search pattern filesize limit: 7888_H3VCKBCXX-1_merged_fastqc.html
[2022-08-05 11:10:43,066] multiqc                                            [DEBUG  ]  File ignored by longranger/invocation because it exceeded search pattern filesize limit: 7888_H3VCKBCXX-1_merged_fastqc.html
[2022-08-05 11:10:43,066] multiqc                                            [DEBUG  ]  File ignored by rockhopper because it exceeded search pattern filesize limit: 7888_H3VCKBCXX-1_merged_fastqc.html
[2022-08-05 11:10:43,066] multiqc                                            [DEBUG  ]  File ignored by rseqc/bam_stat because it exceeded search pattern filesize limit: 7888_H3VCKBCXX-1_merged_fastqc.html
[2022-08-05 11:10:43,066] multiqc                                            [DEBUG  ]  File ignored by rseqc/junction_annotation because it exceeded search pattern filesize limit: 7888_H3VCKBCXX-1_merged_fastqc.html
[2022-08-05 11:10:43,066] multiqc                                            [DEBUG  ]  File ignored by rseqc/read_distribution because it exceeded search pattern filesize limit: 7888_H3VCKBCXX-1_merged_fastqc.html
[2022-08-05 11:10:43,066] multiqc                                            [DEBUG  ]  File ignored by rseqc/infer_experiment because it exceeded search pattern filesize limit: 7888_H3VCKBCXX-1_merged_fastqc.html
[2022-08-05 11:10:43,634] multiqc                                            [DEBUG  ]  Ignoring file as matched an ignore pattern: 7888_H3VCKBCXX-1_merged.fastq.gz
[2022-08-05 11:10:43,691] multiqc                                            [DEBUG  ]  File ignored by ccs/v4 because it exceeded search pattern filesize limit: 7888_H3VCKBCXX-1_R1p_fastqc.html
[2022-08-05 11:10:43,704] multiqc                                            [DEBUG  ]  File ignored by hicexplorer because it exceeded search pattern filesize limit: 7888_H3VCKBCXX-1_R1p_fastqc.html
[2022-08-05 11:10:43,705] multiqc                                            [DEBUG  ]  File ignored by nanostat because it exceeded search pattern filesize limit: 7888_H3VCKBCXX-1_R1p_fastqc.html
[2022-08-05 11:10:43,705] multiqc                                            [DEBUG  ]  File ignored by lima/summary because it exceeded search pattern filesize limit: 7888_H3VCKBCXX-1_R1p_fastqc.html
[2022-08-05 11:10:43,713] multiqc                                            [DEBUG  ]  File ignored by vep/vep_txt because it exceeded search pattern filesize limit: 7888_H3VCKBCXX-1_R1p_fastqc.html
[2022-08-05 11:10:43,713] multiqc                                            [DEBUG  ]  File ignored by longranger/invocation because it exceeded search pattern filesize limit: 7888_H3VCKBCXX-1_R1p_fastqc.html
[2022-08-05 11:10:43,713] multiqc                                            [DEBUG  ]  File ignored by rockhopper because it exceeded search pattern filesize limit: 7888_H3VCKBCXX-1_R1p_fastqc.html
[2022-08-05 11:10:43,713] multiqc                                            [DEBUG  ]  File ignored by rseqc/bam_stat because it exceeded search pattern filesize limit: 7888_H3VCKBCXX-1_R1p_fastqc.html
[2022-08-05 11:10:43,713] multiqc                                            [DEBUG  ]  File ignored by rseqc/junction_annotation because it exceeded search pattern filesize limit: 7888_H3VCKBCXX-1_R1p_fastqc.html
[2022-08-05 11:10:43,713] multiqc                                            [DEBUG  ]  File ignored by rseqc/read_distribution because it exceeded search pattern filesize limit: 7888_H3VCKBCXX-1_R1p_fastqc.html
[2022-08-05 11:10:43,713] multiqc                                            [DEBUG  ]  File ignored by rseqc/infer_experiment because it exceeded search pattern filesize limit: 7888_H3VCKBCXX-1_R1p_fastqc.html
[2022-08-05 11:10:43,888] multiqc                                            [DEBUG  ]  Ignoring file as matched an ignore pattern: 7888_H3VCKBCXX-1_R1p.fastq.gz
[2022-08-05 11:10:44,278] multiqc                                            [DEBUG  ]  File ignored by ccs/v4 because it exceeded search pattern filesize limit: 7888_H3VCKBCXX-1_R1R2u_fastqc.html
[2022-08-05 11:10:44,287] multiqc                                            [DEBUG  ]  File ignored by hicexplorer because it exceeded search pattern filesize limit: 7888_H3VCKBCXX-1_R1R2u_fastqc.html
[2022-08-05 11:10:44,288] multiqc                                            [DEBUG  ]  File ignored by nanostat because it exceeded search pattern filesize limit: 7888_H3VCKBCXX-1_R1R2u_fastqc.html
[2022-08-05 11:10:44,288] multiqc                                            [DEBUG  ]  File ignored by lima/summary because it exceeded search pattern filesize limit: 7888_H3VCKBCXX-1_R1R2u_fastqc.html
[2022-08-05 11:10:44,871] multiqc                                            [DEBUG  ]  File ignored by vep/vep_txt because it exceeded search pattern filesize limit: 7888_H3VCKBCXX-1_R1R2u_fastqc.html
[2022-08-05 11:10:44,871] multiqc                                            [DEBUG  ]  File ignored by longranger/invocation because it exceeded search pattern filesize limit: 7888_H3VCKBCXX-1_R1R2u_fastqc.html
[2022-08-05 11:10:44,871] multiqc                                            [DEBUG  ]  File ignored by rockhopper because it exceeded search pattern filesize limit: 7888_H3VCKBCXX-1_R1R2u_fastqc.html
[2022-08-05 11:10:44,871] multiqc                                            [DEBUG  ]  File ignored by rseqc/bam_stat because it exceeded search pattern filesize limit: 7888_H3VCKBCXX-1_R1R2u_fastqc.html
[2022-08-05 11:10:44,871] multiqc                                            [DEBUG  ]  File ignored by rseqc/junction_annotation because it exceeded search pattern filesize limit: 7888_H3VCKBCXX-1_R1R2u_fastqc.html
[2022-08-05 11:10:44,871] multiqc                                            [DEBUG  ]  File ignored by rseqc/read_distribution because it exceeded search pattern filesize limit: 7888_H3VCKBCXX-1_R1R2u_fastqc.html
[2022-08-05 11:10:44,871] multiqc                                            [DEBUG  ]  File ignored by rseqc/infer_experiment because it exceeded search pattern filesize limit: 7888_H3VCKBCXX-1_R1R2u_fastqc.html
[2022-08-05 11:10:45,245] multiqc                                            [DEBUG  ]  Ignoring file as matched an ignore pattern: 7888_H3VCKBCXX-1_R1R2u.fastq.gz
[2022-08-05 11:10:45,418] multiqc                                            [DEBUG  ]  File ignored by ccs/v4 because it exceeded search pattern filesize limit: 7888_H3VCKBCXX-1_R2p_fastqc.html
[2022-08-05 11:10:45,424] multiqc                                            [DEBUG  ]  File ignored by hicexplorer because it exceeded search pattern filesize limit: 7888_H3VCKBCXX-1_R2p_fastqc.html
[2022-08-05 11:10:45,425] multiqc                                            [DEBUG  ]  File ignored by nanostat because it exceeded search pattern filesize limit: 7888_H3VCKBCXX-1_R2p_fastqc.html
[2022-08-05 11:10:45,425] multiqc                                            [DEBUG  ]  File ignored by lima/summary because it exceeded search pattern filesize limit: 7888_H3VCKBCXX-1_R2p_fastqc.html
[2022-08-05 11:10:45,439] multiqc                                            [DEBUG  ]  File ignored by vep/vep_txt because it exceeded search pattern filesize limit: 7888_H3VCKBCXX-1_R2p_fastqc.html
[2022-08-05 11:10:45,439] multiqc                                            [DEBUG  ]  File ignored by longranger/invocation because it exceeded search pattern filesize limit: 7888_H3VCKBCXX-1_R2p_fastqc.html
[2022-08-05 11:10:45,439] multiqc                                            [DEBUG  ]  File ignored by rockhopper because it exceeded search pattern filesize limit: 7888_H3VCKBCXX-1_R2p_fastqc.html
[2022-08-05 11:10:45,439] multiqc                                            [DEBUG  ]  File ignored by rseqc/bam_stat because it exceeded search pattern filesize limit: 7888_H3VCKBCXX-1_R2p_fastqc.html
[2022-08-05 11:10:45,439] multiqc                                            [DEBUG  ]  File ignored by rseqc/junction_annotation because it exceeded search pattern filesize limit: 7888_H3VCKBCXX-1_R2p_fastqc.html
[2022-08-05 11:10:45,439] multiqc                                            [DEBUG  ]  File ignored by rseqc/read_distribution because it exceeded search pattern filesize limit: 7888_H3VCKBCXX-1_R2p_fastqc.html
[2022-08-05 11:10:45,439] multiqc                                            [DEBUG  ]  File ignored by rseqc/infer_experiment because it exceeded search pattern filesize limit: 7888_H3VCKBCXX-1_R2p_fastqc.html
[2022-08-05 11:10:45,562] multiqc                                            [DEBUG  ]  Ignoring file as matched an ignore pattern: 7888_H3VCKBCXX-1_R2p.fastq.gz
[2022-08-05 11:10:45,563] multiqc                                            [DEBUG  ]  Ignoring file as matched an ignore pattern: 7888_QCreads.md5
[2022-08-05 11:10:48,347] multiqc.plots.bargraph                             [DEBUG  ]  Using matplotlib version 3.3.4
[2022-08-05 11:10:48,351] multiqc.plots.linegraph                            [DEBUG  ]  Using matplotlib version 3.3.4
[2022-08-05 11:10:48,354] multiqc                                            [DEBUG  ]  No samples found: custom_content
[2022-08-05 11:10:48,359] multiqc                                            [DEBUG  ]  No samples found: ccs
[2022-08-05 11:10:48,616] multiqc                                            [DEBUG  ]  No samples found: ngsderive
[2022-08-05 11:10:48,621] multiqc                                            [DEBUG  ]  No samples found: purple
[2022-08-05 11:10:48,629] multiqc                                            [DEBUG  ]  No samples found: conpair
[2022-08-05 11:10:48,644] multiqc                                            [DEBUG  ]  No samples found: lima
[2022-08-05 11:10:48,650] multiqc                                            [DEBUG  ]  No samples found: peddy
[2022-08-05 11:10:48,658] multiqc                                            [DEBUG  ]  No samples found: somalier
[2022-08-05 11:10:48,663] multiqc                                            [DEBUG  ]  No samples found: methylQA
[2022-08-05 11:10:48,675] multiqc.modules.mosdepth.mosdepth                  [DEBUG  ]  include_contigs: []
[2022-08-05 11:10:48,675] multiqc.modules.mosdepth.mosdepth                  [DEBUG  ]  exclude_contigs: []
[2022-08-05 11:10:48,675] multiqc                                            [DEBUG  ]  No samples found: mosdepth
[2022-08-05 11:10:48,680] multiqc                                            [DEBUG  ]  No samples found: phantompeakqualtools
[2022-08-05 11:10:48,684] multiqc                                            [DEBUG  ]  No samples found: qualimap
[2022-08-05 11:10:48,920] multiqc                                            [DEBUG  ]  No samples found: preseq
[2022-08-05 11:10:48,926] multiqc                                            [DEBUG  ]  No samples found: quast
[2022-08-05 11:10:48,931] multiqc                                            [DEBUG  ]  No samples found: qorts
[2022-08-05 11:10:48,941] multiqc                                            [DEBUG  ]  No samples found: rna_seqc
[2022-08-05 11:10:48,947] multiqc                                            [DEBUG  ]  No samples found: rockhopper
[2022-08-05 11:10:48,952] multiqc                                            [DEBUG  ]  No samples found: rsem
[2022-08-05 11:10:48,970] multiqc                                            [DEBUG  ]  No samples found: rseqc
[2022-08-05 11:10:48,974] multiqc                                            [DEBUG  ]  No samples found: busco
[2022-08-05 11:10:49,212] multiqc                                            [DEBUG  ]  No samples found: bustools
[2022-08-05 11:10:49,217] multiqc                                            [DEBUG  ]  No samples found: goleft_indexcov
[2022-08-05 11:10:49,222] multiqc                                            [DEBUG  ]  No samples found: gffcompare
[2022-08-05 11:10:49,227] multiqc                                            [DEBUG  ]  No samples found: disambiguate
[2022-08-05 11:10:49,233] multiqc                                            [DEBUG  ]  No samples found: supernova
[2022-08-05 11:10:49,251] multiqc                                            [DEBUG  ]  No samples found: deeptools
[2022-08-05 11:10:49,255] multiqc                                            [DEBUG  ]  No samples found: sargasso
[2022-08-05 11:10:49,261] multiqc                                            [DEBUG  ]  No samples found: verifybamid
[2022-08-05 11:10:49,266] multiqc                                            [DEBUG  ]  No samples found: mirtrace
[2022-08-05 11:10:49,271] multiqc                                            [DEBUG  ]  No samples found: happy
[2022-08-05 11:10:49,278] multiqc                                            [DEBUG  ]  No samples found: mirtop
[2022-08-05 11:10:49,291] multiqc                                            [DEBUG  ]  No samples found: sambamba
[2022-08-05 11:10:49,536] multiqc                                            [DEBUG  ]  No samples found: homer
[2022-08-05 11:10:49,776] multiqc                                            [DEBUG  ]  No samples found: hops
[2022-08-05 11:10:49,781] multiqc                                            [DEBUG  ]  No samples found: macs2
[2022-08-05 11:10:49,785] multiqc                                            [DEBUG  ]  No samples found: theta2
[2022-08-05 11:10:50,020] multiqc                                            [DEBUG  ]  No samples found: snpeff
[2022-08-05 11:10:50,031] multiqc                                            [DEBUG  ]  No samples found: gatk
[2022-08-05 11:10:50,035] multiqc                                            [DEBUG  ]  No samples found: htseq
[2022-08-05 11:10:50,042] multiqc                                            [DEBUG  ]  No samples found: bcftools
[2022-08-05 11:10:50,278] multiqc                                            [DEBUG  ]  No samples found: featureCounts
[2022-08-05 11:10:50,296] multiqc                                            [DEBUG  ]  No samples found: fgbio
[2022-08-05 11:10:50,320] multiqc                                            [DEBUG  ]  No samples found: dragen
[2022-08-05 11:10:50,324] multiqc                                            [DEBUG  ]  No samples found: dedup
[2022-08-05 11:10:50,329] multiqc                                            [DEBUG  ]  No samples found: damageprofiler
[2022-08-05 11:10:50,370] multiqc                                            [DEBUG  ]  No samples found: biobambam2
[2022-08-05 11:10:50,376] multiqc                                            [DEBUG  ]  No samples found: jcvi
[2022-08-05 11:10:50,380] multiqc                                            [DEBUG  ]  No samples found: mtnucratio
[2022-08-05 11:10:50,382] multiqc                                            [DEBUG  ]  No samples found: picard
[2022-08-05 11:10:50,388] multiqc                                            [DEBUG  ]  No samples found: vep
[2022-08-05 11:10:50,396] multiqc                                            [DEBUG  ]  No samples found: sentieon
[2022-08-05 11:10:50,401] multiqc                                            [DEBUG  ]  No samples found: prokka
[2022-08-05 11:10:50,408] multiqc                                            [DEBUG  ]  No samples found: qc3C
[2022-08-05 11:10:50,413] multiqc                                            [DEBUG  ]  No samples found: nanostat
[2022-08-05 11:10:50,417] multiqc                                            [DEBUG  ]  No samples found: samblaster
[2022-08-05 11:10:50,657] multiqc                                            [DEBUG  ]  No samples found: samtools
[2022-08-05 11:10:50,662] multiqc                                            [DEBUG  ]  No samples found: sexdeterrmine
[2022-08-05 11:10:50,667] multiqc                                            [DEBUG  ]  No samples found: eigenstratdatabasetools
[2022-08-05 11:10:50,673] multiqc                                            [DEBUG  ]  No samples found: bamtools
[2022-08-05 11:10:50,678] multiqc                                            [DEBUG  ]  No samples found: jellyfish
[2022-08-05 11:10:50,687] multiqc                                            [DEBUG  ]  No samples found: vcftools
[2022-08-05 11:10:50,693] multiqc                                            [DEBUG  ]  No samples found: longranger
[2022-08-05 11:10:50,699] multiqc                                            [DEBUG  ]  No samples found: stacks
[2022-08-05 11:10:50,704] multiqc                                            [DEBUG  ]  No samples found: varscan2
[2022-08-05 11:10:50,709] multiqc                                            [DEBUG  ]  No samples found: snippy
[2022-08-05 11:10:51,136] multiqc                                            [DEBUG  ]  No samples found: bbmap
[2022-08-05 11:10:51,370] multiqc                                            [DEBUG  ]  No samples found: bismark
[2022-08-05 11:10:51,378] multiqc                                            [DEBUG  ]  No samples found: biscuit
[2022-08-05 11:10:51,383] multiqc                                            [DEBUG  ]  No samples found: hicexplorer
[2022-08-05 11:10:51,388] multiqc                                            [DEBUG  ]  No samples found: hicup
[2022-08-05 11:10:51,625] multiqc                                            [DEBUG  ]  No samples found: hicpro
[2022-08-05 11:10:51,630] multiqc                                            [DEBUG  ]  No samples found: salmon
[2022-08-05 11:10:51,635] multiqc                                            [DEBUG  ]  No samples found: kallisto
[2022-08-05 11:10:51,641] multiqc                                            [DEBUG  ]  No samples found: slamdunk
[2022-08-05 11:10:51,647] multiqc                                            [DEBUG  ]  No samples found: star
[2022-08-05 11:10:51,656] multiqc                                            [DEBUG  ]  No samples found: hisat2
[2022-08-05 11:10:51,662] multiqc                                            [DEBUG  ]  No samples found: tophat
[2022-08-05 11:10:51,669] multiqc                                            [DEBUG  ]  No samples found: bowtie2
[2022-08-05 11:10:51,676] multiqc                                            [DEBUG  ]  No samples found: bowtie1
[2022-08-05 11:10:51,681] multiqc                                            [DEBUG  ]  No samples found: snpsplit
[2022-08-05 11:10:51,687] multiqc                                            [DEBUG  ]  No samples found: odgi
[2022-08-05 11:10:51,691] multiqc                                            [DEBUG  ]  No samples found: pangolin
[2022-08-05 11:10:51,696] multiqc                                            [DEBUG  ]  No samples found: kat
[2022-08-05 11:10:51,700] multiqc                                            [DEBUG  ]  No samples found: leehom
[2022-08-05 11:10:51,705] multiqc                                            [DEBUG  ]  No samples found: adapterRemoval
[2022-08-05 11:10:51,709] multiqc                                            [DEBUG  ]  No samples found: clipandmerge
[2022-08-05 11:10:51,714] multiqc                                            [DEBUG  ]  No samples found: cutadapt
[2022-08-05 11:10:51,949] multiqc                                            [DEBUG  ]  No samples found: flexbar
[2022-08-05 11:10:51,955] multiqc                                            [DEBUG  ]  No samples found: kaiju
[2022-08-05 11:10:51,962] multiqc                                            [DEBUG  ]  No samples found: kraken
[2022-08-05 11:10:51,967] multiqc                                            [DEBUG  ]  No samples found: malt
[2022-08-05 11:10:51,972] multiqc                                            [DEBUG  ]  No samples found: trimmomatic
[2022-08-05 11:10:51,976] multiqc                                            [DEBUG  ]  No samples found: sickle
[2022-08-05 11:10:51,982] multiqc                                            [DEBUG  ]  No samples found: skewer
[2022-08-05 11:10:51,987] multiqc                                            [DEBUG  ]  No samples found: sortmerna
[2022-08-05 11:10:51,991] multiqc                                            [DEBUG  ]  No samples found: biobloomtools
[2022-08-05 11:10:51,997] multiqc                                            [DEBUG  ]  No samples found: fastq_screen
[2022-08-05 11:10:52,002] multiqc                                            [DEBUG  ]  No samples found: afterqc
[2022-08-05 11:10:52,008] multiqc                                            [DEBUG  ]  No samples found: fastp
[2022-08-05 11:10:52,989] multiqc.modules.fastqc.fastqc                      [INFO   ]  Found 4 reports
[2022-08-05 11:10:53,070] multiqc                                            [DEBUG  ]  No samples found: pychopper
[2022-08-05 11:10:53,076] multiqc                                            [DEBUG  ]  No samples found: pycoqc
[2022-08-05 11:10:53,081] multiqc                                            [DEBUG  ]  No samples found: minionqc
[2022-08-05 11:10:53,086] multiqc                                            [DEBUG  ]  No samples found: multivcfanalyzer
[2022-08-05 11:10:53,092] multiqc                                            [DEBUG  ]  No samples found: clusterflow
[2022-08-05 11:10:53,098] multiqc                                            [DEBUG  ]  No samples found: bcl2fastq
[2022-08-05 11:10:53,105] multiqc                                            [DEBUG  ]  No samples found: bclconvert
[2022-08-05 11:10:53,111] multiqc                                            [DEBUG  ]  No samples found: interop
[2022-08-05 11:10:53,119] multiqc                                            [DEBUG  ]  No samples found: ivar
[2022-08-05 11:10:53,358] multiqc                                            [DEBUG  ]  No samples found: flash
[2022-08-05 11:10:53,363] multiqc                                            [DEBUG  ]  No samples found: seqyclean
[2022-08-05 11:10:53,367] multiqc                                            [DEBUG  ]  No samples found: optitype
[2022-08-05 11:10:53,372] multiqc                                            [INFO   ]  Compressing plot data
[2022-08-05 11:10:53,439] multiqc                                            [INFO   ]  Report      : 7888_MGSD_CSIRO.qc.stats/multiqc_report.html
[2022-08-05 11:10:53,440] multiqc                                            [INFO   ]  Data        : 7888_MGSD_CSIRO.qc.stats/multiqc_data
[2022-08-05 11:10:53,440] multiqc                                            [DEBUG  ]  Moving data file from '/tmp/smi9a9.8585397/tmpyv8gty2k/multiqc_data' to '7888_MGSD_CSIRO.qc.stats/multiqc_data'
[2022-08-05 11:10:53,578] multiqc                                            [INFO   ]  MultiQC complete
