[2022-08-05 11:12:24,429] multiqc                                            [DEBUG  ]  This is MultiQC v1.11
[2022-08-05 11:12:24,429] multiqc                                            [DEBUG  ]  No MultiQC config found: /apps/multiqc/1.11/lib/python3.9/site-packages/multiqc_config.yaml
[2022-08-05 11:12:24,429] multiqc                                            [DEBUG  ]  No MultiQC config found: /home/smi9a9/.multiqc_config.yaml
[2022-08-05 11:12:24,431] multiqc                                            [DEBUG  ]  No MultiQC config found: multiqc_config.yaml
[2022-08-05 11:12:24,431] multiqc                                            [DEBUG  ]  Command used: /apps/multiqc/1.11/bin/multiqc ./8144_combined_merged_fastqc.html ./8144_combined_merged_fastqc.zip ./8144_combined_merged.fastq.gz ./8144_combined_R1p_fastqc.html ./8144_combined_R1p_fastqc.zip ./8144_combined_R1p.fastq.gz ./8144_combined_R1R2u_fastqc.html ./8144_combined_R1R2u_fastqc.zip ./8144_combined_R1R2u.fastq.gz ./8144_combined_R2p_fastqc.html ./8144_combined_R2p_fastqc.zip ./8144_combined_R2p.fastq.gz ./8144_QCreads.md5 -o 8144_MGSD_CSIRO.qc.stats
[2022-08-05 11:12:24,433] multiqc                                            [DEBUG  ]  Could not connect to multiqc.info for version check: <urlopen error [Errno 111] Connection refused>
[2022-08-05 11:12:24,433] multiqc                                            [DEBUG  ]  Command     : /apps/multiqc/1.11/bin/multiqc ./8144_combined_merged_fastqc.html ./8144_combined_merged_fastqc.zip ./8144_combined_merged.fastq.gz ./8144_combined_R1p_fastqc.html ./8144_combined_R1p_fastqc.zip ./8144_combined_R1p.fastq.gz ./8144_combined_R1R2u_fastqc.html ./8144_combined_R1R2u_fastqc.zip ./8144_combined_R1R2u.fastq.gz ./8144_combined_R2p_fastqc.html ./8144_combined_R2p_fastqc.zip ./8144_combined_R2p.fastq.gz ./8144_QCreads.md5 -o 8144_MGSD_CSIRO.qc.stats
[2022-08-05 11:12:24,433] multiqc                                            [DEBUG  ]  Working dir : /datasets/work/oa-amd/work/amd/Metagenome_QC_reads
[2022-08-05 11:12:24,433] multiqc                                            [DEBUG  ]  Template    : default
[2022-08-05 11:12:24,433] multiqc                                            [DEBUG  ]  Running Python 3.9.4 (default, Apr 25 2021, 16:13:27)  [GCC 10.3.0]
[2022-08-05 11:12:24,433] multiqc                                            [DEBUG  ]  Analysing modules: custom_content, ccs, ngsderive, purple, conpair, lima, peddy, somalier, methylQA, mosdepth, phantompeakqualtools, qualimap, preseq, quast, qorts, rna_seqc, rockhopper, rsem, rseqc, busco, bustools, goleft_indexcov, gffcompare, disambiguate, supernova, deeptools, sargasso, verifybamid, mirtrace, happy, mirtop, sambamba, homer, hops, macs2, theta2, snpeff, gatk, htseq, bcftools, featureCounts, fgbio, dragen, dedup, damageprofiler, biobambam2, jcvi, mtnucratio, picard, vep, sentieon, prokka, qc3C, nanostat, samblaster, samtools, sexdeterrmine, eigenstratdatabasetools, bamtools, jellyfish, vcftools, longranger, stacks, varscan2, snippy, bbmap, bismark, biscuit, hicexplorer, hicup, hicpro, salmon, kallisto, slamdunk, star, hisat2, tophat, bowtie2, bowtie1, snpsplit, odgi, pangolin, kat, leehom, adapterRemoval, clipandmerge, cutadapt, flexbar, kaiju, kraken, malt, trimmomatic, sickle, skewer, sortmerna, biobloomtools, fastq_screen, afterqc, fastp, fastqc, pychopper, pycoqc, minionqc, multivcfanalyzer, clusterflow, bcl2fastq, bclconvert, interop, ivar, flash, seqyclean, optitype
[2022-08-05 11:12:24,433] multiqc                                            [DEBUG  ]  Using temporary directory for creating report: /tmp/smi9a9.8586001/tmp5v_k7dyi
[2022-08-05 11:12:24,498] multiqc                                            [INFO   ]  Search path : /datasets/work/oa-amd/work/amd/Metagenome_QC_reads/8144_combined_merged_fastqc.html
[2022-08-05 11:12:24,498] multiqc                                            [INFO   ]  Search path : /datasets/work/oa-amd/work/amd/Metagenome_QC_reads/8144_combined_merged_fastqc.zip
[2022-08-05 11:12:24,498] multiqc                                            [INFO   ]  Search path : /datasets/work/oa-amd/work/amd/Metagenome_QC_reads/8144_combined_merged.fastq.gz
[2022-08-05 11:12:24,498] multiqc                                            [INFO   ]  Search path : /datasets/work/oa-amd/work/amd/Metagenome_QC_reads/8144_combined_R1p_fastqc.html
[2022-08-05 11:12:24,498] multiqc                                            [INFO   ]  Search path : /datasets/work/oa-amd/work/amd/Metagenome_QC_reads/8144_combined_R1p_fastqc.zip
[2022-08-05 11:12:24,498] multiqc                                            [INFO   ]  Search path : /datasets/work/oa-amd/work/amd/Metagenome_QC_reads/8144_combined_R1p.fastq.gz
[2022-08-05 11:12:24,498] multiqc                                            [INFO   ]  Search path : /datasets/work/oa-amd/work/amd/Metagenome_QC_reads/8144_combined_R1R2u_fastqc.html
[2022-08-05 11:12:24,498] multiqc                                            [INFO   ]  Search path : /datasets/work/oa-amd/work/amd/Metagenome_QC_reads/8144_combined_R1R2u_fastqc.zip
[2022-08-05 11:12:24,498] multiqc                                            [INFO   ]  Search path : /datasets/work/oa-amd/work/amd/Metagenome_QC_reads/8144_combined_R1R2u.fastq.gz
[2022-08-05 11:12:24,498] multiqc                                            [INFO   ]  Search path : /datasets/work/oa-amd/work/amd/Metagenome_QC_reads/8144_combined_R2p_fastqc.html
[2022-08-05 11:12:24,498] multiqc                                            [INFO   ]  Search path : /datasets/work/oa-amd/work/amd/Metagenome_QC_reads/8144_combined_R2p_fastqc.zip
[2022-08-05 11:12:24,499] multiqc                                            [INFO   ]  Search path : /datasets/work/oa-amd/work/amd/Metagenome_QC_reads/8144_combined_R2p.fastq.gz
[2022-08-05 11:12:24,499] multiqc                                            [INFO   ]  Search path : /datasets/work/oa-amd/work/amd/Metagenome_QC_reads/8144_QCreads.md5
[2022-08-05 11:12:24,643] multiqc                                            [DEBUG  ]  File ignored by ccs/v4 because it exceeded search pattern filesize limit: 8144_combined_merged_fastqc.html
[2022-08-05 11:12:24,658] multiqc                                            [DEBUG  ]  File ignored by hicexplorer because it exceeded search pattern filesize limit: 8144_combined_merged_fastqc.html
[2022-08-05 11:12:24,659] multiqc                                            [DEBUG  ]  File ignored by nanostat because it exceeded search pattern filesize limit: 8144_combined_merged_fastqc.html
[2022-08-05 11:12:24,659] multiqc                                            [DEBUG  ]  File ignored by lima/summary because it exceeded search pattern filesize limit: 8144_combined_merged_fastqc.html
[2022-08-05 11:12:24,695] multiqc                                            [DEBUG  ]  File ignored by vep/vep_txt because it exceeded search pattern filesize limit: 8144_combined_merged_fastqc.html
[2022-08-05 11:12:24,695] multiqc                                            [DEBUG  ]  File ignored by longranger/invocation because it exceeded search pattern filesize limit: 8144_combined_merged_fastqc.html
[2022-08-05 11:12:24,695] multiqc                                            [DEBUG  ]  File ignored by rockhopper because it exceeded search pattern filesize limit: 8144_combined_merged_fastqc.html
[2022-08-05 11:12:24,695] multiqc                                            [DEBUG  ]  File ignored by rseqc/bam_stat because it exceeded search pattern filesize limit: 8144_combined_merged_fastqc.html
[2022-08-05 11:12:24,695] multiqc                                            [DEBUG  ]  File ignored by rseqc/junction_annotation because it exceeded search pattern filesize limit: 8144_combined_merged_fastqc.html
[2022-08-05 11:12:24,695] multiqc                                            [DEBUG  ]  File ignored by rseqc/read_distribution because it exceeded search pattern filesize limit: 8144_combined_merged_fastqc.html
[2022-08-05 11:12:24,695] multiqc                                            [DEBUG  ]  File ignored by rseqc/infer_experiment because it exceeded search pattern filesize limit: 8144_combined_merged_fastqc.html
[2022-08-05 11:12:25,051] multiqc                                            [DEBUG  ]  Ignoring file as matched an ignore pattern: 8144_combined_merged.fastq.gz
[2022-08-05 11:12:25,123] multiqc                                            [DEBUG  ]  File ignored by ccs/v4 because it exceeded search pattern filesize limit: 8144_combined_R1p_fastqc.html
[2022-08-05 11:12:25,366] multiqc                                            [DEBUG  ]  File ignored by hicexplorer because it exceeded search pattern filesize limit: 8144_combined_R1p_fastqc.html
[2022-08-05 11:12:25,367] multiqc                                            [DEBUG  ]  File ignored by nanostat because it exceeded search pattern filesize limit: 8144_combined_R1p_fastqc.html
[2022-08-05 11:12:25,367] multiqc                                            [DEBUG  ]  File ignored by lima/summary because it exceeded search pattern filesize limit: 8144_combined_R1p_fastqc.html
[2022-08-05 11:12:25,437] multiqc                                            [DEBUG  ]  File ignored by vep/vep_txt because it exceeded search pattern filesize limit: 8144_combined_R1p_fastqc.html
[2022-08-05 11:12:25,437] multiqc                                            [DEBUG  ]  File ignored by longranger/invocation because it exceeded search pattern filesize limit: 8144_combined_R1p_fastqc.html
[2022-08-05 11:12:25,437] multiqc                                            [DEBUG  ]  File ignored by rockhopper because it exceeded search pattern filesize limit: 8144_combined_R1p_fastqc.html
[2022-08-05 11:12:25,437] multiqc                                            [DEBUG  ]  File ignored by rseqc/bam_stat because it exceeded search pattern filesize limit: 8144_combined_R1p_fastqc.html
[2022-08-05 11:12:25,437] multiqc                                            [DEBUG  ]  File ignored by rseqc/junction_annotation because it exceeded search pattern filesize limit: 8144_combined_R1p_fastqc.html
[2022-08-05 11:12:25,437] multiqc                                            [DEBUG  ]  File ignored by rseqc/read_distribution because it exceeded search pattern filesize limit: 8144_combined_R1p_fastqc.html
[2022-08-05 11:12:25,437] multiqc                                            [DEBUG  ]  File ignored by rseqc/infer_experiment because it exceeded search pattern filesize limit: 8144_combined_R1p_fastqc.html
[2022-08-05 11:12:25,683] multiqc                                            [DEBUG  ]  Ignoring file as matched an ignore pattern: 8144_combined_R1p.fastq.gz
[2022-08-05 11:12:26,011] multiqc                                            [DEBUG  ]  File ignored by ccs/v4 because it exceeded search pattern filesize limit: 8144_combined_R1R2u_fastqc.html
[2022-08-05 11:12:26,042] multiqc                                            [DEBUG  ]  File ignored by hicexplorer because it exceeded search pattern filesize limit: 8144_combined_R1R2u_fastqc.html
[2022-08-05 11:12:26,045] multiqc                                            [DEBUG  ]  File ignored by nanostat because it exceeded search pattern filesize limit: 8144_combined_R1R2u_fastqc.html
[2022-08-05 11:12:26,046] multiqc                                            [DEBUG  ]  File ignored by lima/summary because it exceeded search pattern filesize limit: 8144_combined_R1R2u_fastqc.html
[2022-08-05 11:12:26,121] multiqc                                            [DEBUG  ]  File ignored by vep/vep_txt because it exceeded search pattern filesize limit: 8144_combined_R1R2u_fastqc.html
[2022-08-05 11:12:26,121] multiqc                                            [DEBUG  ]  File ignored by longranger/invocation because it exceeded search pattern filesize limit: 8144_combined_R1R2u_fastqc.html
[2022-08-05 11:12:26,121] multiqc                                            [DEBUG  ]  File ignored by rockhopper because it exceeded search pattern filesize limit: 8144_combined_R1R2u_fastqc.html
[2022-08-05 11:12:26,121] multiqc                                            [DEBUG  ]  File ignored by rseqc/bam_stat because it exceeded search pattern filesize limit: 8144_combined_R1R2u_fastqc.html
[2022-08-05 11:12:26,121] multiqc                                            [DEBUG  ]  File ignored by rseqc/junction_annotation because it exceeded search pattern filesize limit: 8144_combined_R1R2u_fastqc.html
[2022-08-05 11:12:26,121] multiqc                                            [DEBUG  ]  File ignored by rseqc/read_distribution because it exceeded search pattern filesize limit: 8144_combined_R1R2u_fastqc.html
[2022-08-05 11:12:26,121] multiqc                                            [DEBUG  ]  File ignored by rseqc/infer_experiment because it exceeded search pattern filesize limit: 8144_combined_R1R2u_fastqc.html
[2022-08-05 11:12:26,347] multiqc                                            [DEBUG  ]  Ignoring file as matched an ignore pattern: 8144_combined_R1R2u.fastq.gz
[2022-08-05 11:12:26,455] multiqc                                            [DEBUG  ]  File ignored by ccs/v4 because it exceeded search pattern filesize limit: 8144_combined_R2p_fastqc.html
[2022-08-05 11:12:26,473] multiqc                                            [DEBUG  ]  File ignored by hicexplorer because it exceeded search pattern filesize limit: 8144_combined_R2p_fastqc.html
[2022-08-05 11:12:26,474] multiqc                                            [DEBUG  ]  File ignored by nanostat because it exceeded search pattern filesize limit: 8144_combined_R2p_fastqc.html
[2022-08-05 11:12:26,474] multiqc                                            [DEBUG  ]  File ignored by lima/summary because it exceeded search pattern filesize limit: 8144_combined_R2p_fastqc.html
[2022-08-05 11:12:26,515] multiqc                                            [DEBUG  ]  File ignored by vep/vep_txt because it exceeded search pattern filesize limit: 8144_combined_R2p_fastqc.html
[2022-08-05 11:12:26,516] multiqc                                            [DEBUG  ]  File ignored by longranger/invocation because it exceeded search pattern filesize limit: 8144_combined_R2p_fastqc.html
[2022-08-05 11:12:26,516] multiqc                                            [DEBUG  ]  File ignored by rockhopper because it exceeded search pattern filesize limit: 8144_combined_R2p_fastqc.html
[2022-08-05 11:12:26,516] multiqc                                            [DEBUG  ]  File ignored by rseqc/bam_stat because it exceeded search pattern filesize limit: 8144_combined_R2p_fastqc.html
[2022-08-05 11:12:26,516] multiqc                                            [DEBUG  ]  File ignored by rseqc/junction_annotation because it exceeded search pattern filesize limit: 8144_combined_R2p_fastqc.html
[2022-08-05 11:12:26,516] multiqc                                            [DEBUG  ]  File ignored by rseqc/read_distribution because it exceeded search pattern filesize limit: 8144_combined_R2p_fastqc.html
[2022-08-05 11:12:26,516] multiqc                                            [DEBUG  ]  File ignored by rseqc/infer_experiment because it exceeded search pattern filesize limit: 8144_combined_R2p_fastqc.html
[2022-08-05 11:12:26,963] multiqc                                            [DEBUG  ]  Ignoring file as matched an ignore pattern: 8144_combined_R2p.fastq.gz
[2022-08-05 11:12:27,133] multiqc                                            [DEBUG  ]  Ignoring file as matched an ignore pattern: 8144_QCreads.md5
[2022-08-05 11:12:27,459] multiqc.plots.bargraph                             [DEBUG  ]  Using matplotlib version 3.3.4
[2022-08-05 11:12:27,463] multiqc.plots.linegraph                            [DEBUG  ]  Using matplotlib version 3.3.4
[2022-08-05 11:12:27,465] multiqc                                            [DEBUG  ]  No samples found: custom_content
[2022-08-05 11:12:27,470] multiqc                                            [DEBUG  ]  No samples found: ccs
[2022-08-05 11:12:27,475] multiqc                                            [DEBUG  ]  No samples found: ngsderive
[2022-08-05 11:12:27,480] multiqc                                            [DEBUG  ]  No samples found: purple
[2022-08-05 11:12:27,484] multiqc                                            [DEBUG  ]  No samples found: conpair
[2022-08-05 11:12:27,488] multiqc                                            [DEBUG  ]  No samples found: lima
[2022-08-05 11:12:27,493] multiqc                                            [DEBUG  ]  No samples found: peddy
[2022-08-05 11:12:27,499] multiqc                                            [DEBUG  ]  No samples found: somalier
[2022-08-05 11:12:27,503] multiqc                                            [DEBUG  ]  No samples found: methylQA
[2022-08-05 11:12:27,512] multiqc.modules.mosdepth.mosdepth                  [DEBUG  ]  include_contigs: []
[2022-08-05 11:12:27,512] multiqc.modules.mosdepth.mosdepth                  [DEBUG  ]  exclude_contigs: []
[2022-08-05 11:12:27,512] multiqc                                            [DEBUG  ]  No samples found: mosdepth
[2022-08-05 11:12:27,516] multiqc                                            [DEBUG  ]  No samples found: phantompeakqualtools
[2022-08-05 11:12:27,519] multiqc                                            [DEBUG  ]  No samples found: qualimap
[2022-08-05 11:12:27,525] multiqc                                            [DEBUG  ]  No samples found: preseq
[2022-08-05 11:12:27,530] multiqc                                            [DEBUG  ]  No samples found: quast
[2022-08-05 11:12:27,535] multiqc                                            [DEBUG  ]  No samples found: qorts
[2022-08-05 11:12:27,540] multiqc                                            [DEBUG  ]  No samples found: rna_seqc
[2022-08-05 11:12:27,545] multiqc                                            [DEBUG  ]  No samples found: rockhopper
[2022-08-05 11:12:27,549] multiqc                                            [DEBUG  ]  No samples found: rsem
[2022-08-05 11:12:27,564] multiqc                                            [DEBUG  ]  No samples found: rseqc
[2022-08-05 11:12:27,568] multiqc                                            [DEBUG  ]  No samples found: busco
[2022-08-05 11:12:27,573] multiqc                                            [DEBUG  ]  No samples found: bustools
[2022-08-05 11:12:27,577] multiqc                                            [DEBUG  ]  No samples found: goleft_indexcov
[2022-08-05 11:12:27,583] multiqc                                            [DEBUG  ]  No samples found: gffcompare
[2022-08-05 11:12:27,587] multiqc                                            [DEBUG  ]  No samples found: disambiguate
[2022-08-05 11:12:27,592] multiqc                                            [DEBUG  ]  No samples found: supernova
[2022-08-05 11:12:27,606] multiqc                                            [DEBUG  ]  No samples found: deeptools
[2022-08-05 11:12:27,610] multiqc                                            [DEBUG  ]  No samples found: sargasso
[2022-08-05 11:12:27,615] multiqc                                            [DEBUG  ]  No samples found: verifybamid
[2022-08-05 11:12:27,620] multiqc                                            [DEBUG  ]  No samples found: mirtrace
[2022-08-05 11:12:27,624] multiqc                                            [DEBUG  ]  No samples found: happy
[2022-08-05 11:12:27,628] multiqc                                            [DEBUG  ]  No samples found: mirtop
[2022-08-05 11:12:27,633] multiqc                                            [DEBUG  ]  No samples found: sambamba
[2022-08-05 11:12:27,642] multiqc                                            [DEBUG  ]  No samples found: homer
[2022-08-05 11:12:27,646] multiqc                                            [DEBUG  ]  No samples found: hops
[2022-08-05 11:12:27,651] multiqc                                            [DEBUG  ]  No samples found: macs2
[2022-08-05 11:12:27,654] multiqc                                            [DEBUG  ]  No samples found: theta2
[2022-08-05 11:12:27,659] multiqc                                            [DEBUG  ]  No samples found: snpeff
[2022-08-05 11:12:27,666] multiqc                                            [DEBUG  ]  No samples found: gatk
[2022-08-05 11:12:27,670] multiqc                                            [DEBUG  ]  No samples found: htseq
[2022-08-05 11:12:27,675] multiqc                                            [DEBUG  ]  No samples found: bcftools
[2022-08-05 11:12:27,680] multiqc                                            [DEBUG  ]  No samples found: featureCounts
[2022-08-05 11:12:27,686] multiqc                                            [DEBUG  ]  No samples found: fgbio
[2022-08-05 11:12:27,701] multiqc                                            [DEBUG  ]  No samples found: dragen
[2022-08-05 11:12:27,706] multiqc                                            [DEBUG  ]  No samples found: dedup
[2022-08-05 11:12:27,710] multiqc                                            [DEBUG  ]  No samples found: damageprofiler
[2022-08-05 11:12:27,743] multiqc                                            [DEBUG  ]  No samples found: biobambam2
[2022-08-05 11:12:27,748] multiqc                                            [DEBUG  ]  No samples found: jcvi
[2022-08-05 11:12:27,751] multiqc                                            [DEBUG  ]  No samples found: mtnucratio
[2022-08-05 11:12:27,754] multiqc                                            [DEBUG  ]  No samples found: picard
[2022-08-05 11:12:27,759] multiqc                                            [DEBUG  ]  No samples found: vep
[2022-08-05 11:12:27,766] multiqc                                            [DEBUG  ]  No samples found: sentieon
[2022-08-05 11:12:27,770] multiqc                                            [DEBUG  ]  No samples found: prokka
[2022-08-05 11:12:27,777] multiqc                                            [DEBUG  ]  No samples found: qc3C
[2022-08-05 11:12:27,782] multiqc                                            [DEBUG  ]  No samples found: nanostat
[2022-08-05 11:12:27,786] multiqc                                            [DEBUG  ]  No samples found: samblaster
[2022-08-05 11:12:27,795] multiqc                                            [DEBUG  ]  No samples found: samtools
[2022-08-05 11:12:27,799] multiqc                                            [DEBUG  ]  No samples found: sexdeterrmine
[2022-08-05 11:12:28,263] multiqc                                            [DEBUG  ]  No samples found: eigenstratdatabasetools
[2022-08-05 11:12:28,269] multiqc                                            [DEBUG  ]  No samples found: bamtools
[2022-08-05 11:12:28,273] multiqc                                            [DEBUG  ]  No samples found: jellyfish
[2022-08-05 11:12:28,280] multiqc                                            [DEBUG  ]  No samples found: vcftools
[2022-08-05 11:12:28,285] multiqc                                            [DEBUG  ]  No samples found: longranger
[2022-08-05 11:12:28,290] multiqc                                            [DEBUG  ]  No samples found: stacks
[2022-08-05 11:12:28,294] multiqc                                            [DEBUG  ]  No samples found: varscan2
[2022-08-05 11:12:28,299] multiqc                                            [DEBUG  ]  No samples found: snippy
[2022-08-05 11:12:28,314] multiqc                                            [DEBUG  ]  No samples found: bbmap
[2022-08-05 11:12:28,320] multiqc                                            [DEBUG  ]  No samples found: bismark
[2022-08-05 11:12:28,328] multiqc                                            [DEBUG  ]  No samples found: biscuit
[2022-08-05 11:12:28,332] multiqc                                            [DEBUG  ]  No samples found: hicexplorer
[2022-08-05 11:12:28,337] multiqc                                            [DEBUG  ]  No samples found: hicup
[2022-08-05 11:12:28,342] multiqc                                            [DEBUG  ]  No samples found: hicpro
[2022-08-05 11:12:28,346] multiqc                                            [DEBUG  ]  No samples found: salmon
[2022-08-05 11:12:28,350] multiqc                                            [DEBUG  ]  No samples found: kallisto
[2022-08-05 11:12:28,356] multiqc                                            [DEBUG  ]  No samples found: slamdunk
[2022-08-05 11:12:28,360] multiqc                                            [DEBUG  ]  No samples found: star
[2022-08-05 11:12:28,365] multiqc                                            [DEBUG  ]  No samples found: hisat2
[2022-08-05 11:12:28,369] multiqc                                            [DEBUG  ]  No samples found: tophat
[2022-08-05 11:12:28,373] multiqc                                            [DEBUG  ]  No samples found: bowtie2
[2022-08-05 11:12:28,378] multiqc                                            [DEBUG  ]  No samples found: bowtie1
[2022-08-05 11:12:28,382] multiqc                                            [DEBUG  ]  No samples found: snpsplit
[2022-08-05 11:12:28,387] multiqc                                            [DEBUG  ]  No samples found: odgi
[2022-08-05 11:12:28,391] multiqc                                            [DEBUG  ]  No samples found: pangolin
[2022-08-05 11:12:28,395] multiqc                                            [DEBUG  ]  No samples found: kat
[2022-08-05 11:12:28,399] multiqc                                            [DEBUG  ]  No samples found: leehom
[2022-08-05 11:12:28,404] multiqc                                            [DEBUG  ]  No samples found: adapterRemoval
[2022-08-05 11:12:28,408] multiqc                                            [DEBUG  ]  No samples found: clipandmerge
[2022-08-05 11:12:28,413] multiqc                                            [DEBUG  ]  No samples found: cutadapt
[2022-08-05 11:12:28,417] multiqc                                            [DEBUG  ]  No samples found: flexbar
[2022-08-05 11:12:28,422] multiqc                                            [DEBUG  ]  No samples found: kaiju
[2022-08-05 11:12:28,427] multiqc                                            [DEBUG  ]  No samples found: kraken
[2022-08-05 11:12:28,431] multiqc                                            [DEBUG  ]  No samples found: malt
[2022-08-05 11:12:28,435] multiqc                                            [DEBUG  ]  No samples found: trimmomatic
[2022-08-05 11:12:28,439] multiqc                                            [DEBUG  ]  No samples found: sickle
[2022-08-05 11:12:28,444] multiqc                                            [DEBUG  ]  No samples found: skewer
[2022-08-05 11:12:28,448] multiqc                                            [DEBUG  ]  No samples found: sortmerna
[2022-08-05 11:12:28,452] multiqc                                            [DEBUG  ]  No samples found: biobloomtools
[2022-08-05 11:12:28,456] multiqc                                            [DEBUG  ]  No samples found: fastq_screen
[2022-08-05 11:12:28,460] multiqc                                            [DEBUG  ]  No samples found: afterqc
[2022-08-05 11:12:28,465] multiqc                                            [DEBUG  ]  No samples found: fastp
[2022-08-05 11:12:29,190] multiqc.modules.fastqc.fastqc                      [INFO   ]  Found 4 reports
[2022-08-05 11:12:29,240] multiqc                                            [DEBUG  ]  No samples found: pychopper
[2022-08-05 11:12:29,245] multiqc                                            [DEBUG  ]  No samples found: pycoqc
[2022-08-05 11:12:29,250] multiqc                                            [DEBUG  ]  No samples found: minionqc
[2022-08-05 11:12:29,254] multiqc                                            [DEBUG  ]  No samples found: multivcfanalyzer
[2022-08-05 11:12:29,260] multiqc                                            [DEBUG  ]  No samples found: clusterflow
[2022-08-05 11:12:29,266] multiqc                                            [DEBUG  ]  No samples found: bcl2fastq
[2022-08-05 11:12:29,273] multiqc                                            [DEBUG  ]  No samples found: bclconvert
[2022-08-05 11:12:29,278] multiqc                                            [DEBUG  ]  No samples found: interop
[2022-08-05 11:12:29,283] multiqc                                            [DEBUG  ]  No samples found: ivar
[2022-08-05 11:12:29,288] multiqc                                            [DEBUG  ]  No samples found: flash
[2022-08-05 11:12:29,292] multiqc                                            [DEBUG  ]  No samples found: seqyclean
[2022-08-05 11:12:29,296] multiqc                                            [DEBUG  ]  No samples found: optitype
[2022-08-05 11:12:29,300] multiqc                                            [INFO   ]  Compressing plot data
[2022-08-05 11:12:29,366] multiqc                                            [INFO   ]  Report      : 8144_MGSD_CSIRO.qc.stats/multiqc_report.html
[2022-08-05 11:12:29,366] multiqc                                            [INFO   ]  Data        : 8144_MGSD_CSIRO.qc.stats/multiqc_data
[2022-08-05 11:12:29,366] multiqc                                            [DEBUG  ]  Moving data file from '/tmp/smi9a9.8586001/tmp5v_k7dyi/multiqc_data' to '8144_MGSD_CSIRO.qc.stats/multiqc_data'
[2022-08-05 11:12:29,642] multiqc                                            [INFO   ]  MultiQC complete
