[2022-08-05 11:07:37,332] multiqc                                            [DEBUG  ]  This is MultiQC v1.11
[2022-08-05 11:07:37,332] multiqc                                            [DEBUG  ]  No MultiQC config found: /apps/multiqc/1.11/lib/python3.9/site-packages/multiqc_config.yaml
[2022-08-05 11:07:37,332] multiqc                                            [DEBUG  ]  No MultiQC config found: /home/smi9a9/.multiqc_config.yaml
[2022-08-05 11:07:37,333] multiqc                                            [DEBUG  ]  No MultiQC config found: multiqc_config.yaml
[2022-08-05 11:07:37,333] multiqc                                            [DEBUG  ]  Command used: /apps/multiqc/1.11/bin/multiqc ./9454_H3NJ2BCXX-2_merged_fastqc.html ./9454_H3NJ2BCXX-2_merged_fastqc.zip ./9454_H3NJ2BCXX-2_merged.fastq.gz ./9454_H3NJ2BCXX-2_R1p_fastqc.html ./9454_H3NJ2BCXX-2_R1p_fastqc.zip ./9454_H3NJ2BCXX-2_R1p.fastq.gz ./9454_H3NJ2BCXX-2_R1R2u_fastqc.html ./9454_H3NJ2BCXX-2_R1R2u_fastqc.zip ./9454_H3NJ2BCXX-2_R1R2u.fastq.gz ./9454_H3NJ2BCXX-2_R2p_fastqc.html ./9454_H3NJ2BCXX-2_R2p_fastqc.zip ./9454_H3NJ2BCXX-2_R2p.fastq.gz ./9454_QCreads.md5 -o 9454_MGSD_CSIRO.qc.stats
[2022-08-05 11:07:37,335] multiqc                                            [DEBUG  ]  Could not connect to multiqc.info for version check: <urlopen error [Errno 111] Connection refused>
[2022-08-05 11:07:37,335] multiqc                                            [DEBUG  ]  Command     : /apps/multiqc/1.11/bin/multiqc ./9454_H3NJ2BCXX-2_merged_fastqc.html ./9454_H3NJ2BCXX-2_merged_fastqc.zip ./9454_H3NJ2BCXX-2_merged.fastq.gz ./9454_H3NJ2BCXX-2_R1p_fastqc.html ./9454_H3NJ2BCXX-2_R1p_fastqc.zip ./9454_H3NJ2BCXX-2_R1p.fastq.gz ./9454_H3NJ2BCXX-2_R1R2u_fastqc.html ./9454_H3NJ2BCXX-2_R1R2u_fastqc.zip ./9454_H3NJ2BCXX-2_R1R2u.fastq.gz ./9454_H3NJ2BCXX-2_R2p_fastqc.html ./9454_H3NJ2BCXX-2_R2p_fastqc.zip ./9454_H3NJ2BCXX-2_R2p.fastq.gz ./9454_QCreads.md5 -o 9454_MGSD_CSIRO.qc.stats
[2022-08-05 11:07:37,335] multiqc                                            [DEBUG  ]  Working dir : /datasets/work/oa-amd/work/amd/Metagenome_QC_reads
[2022-08-05 11:07:37,335] multiqc                                            [DEBUG  ]  Template    : default
[2022-08-05 11:07:37,335] multiqc                                            [DEBUG  ]  Running Python 3.9.4 (default, Apr 25 2021, 16:13:27)  [GCC 10.3.0]
[2022-08-05 11:07:37,335] multiqc                                            [DEBUG  ]  Analysing modules: custom_content, ccs, ngsderive, purple, conpair, lima, peddy, somalier, methylQA, mosdepth, phantompeakqualtools, qualimap, preseq, quast, qorts, rna_seqc, rockhopper, rsem, rseqc, busco, bustools, goleft_indexcov, gffcompare, disambiguate, supernova, deeptools, sargasso, verifybamid, mirtrace, happy, mirtop, sambamba, homer, hops, macs2, theta2, snpeff, gatk, htseq, bcftools, featureCounts, fgbio, dragen, dedup, damageprofiler, biobambam2, jcvi, mtnucratio, picard, vep, sentieon, prokka, qc3C, nanostat, samblaster, samtools, sexdeterrmine, eigenstratdatabasetools, bamtools, jellyfish, vcftools, longranger, stacks, varscan2, snippy, bbmap, bismark, biscuit, hicexplorer, hicup, hicpro, salmon, kallisto, slamdunk, star, hisat2, tophat, bowtie2, bowtie1, snpsplit, odgi, pangolin, kat, leehom, adapterRemoval, clipandmerge, cutadapt, flexbar, kaiju, kraken, malt, trimmomatic, sickle, skewer, sortmerna, biobloomtools, fastq_screen, afterqc, fastp, fastqc, pychopper, pycoqc, minionqc, multivcfanalyzer, clusterflow, bcl2fastq, bclconvert, interop, ivar, flash, seqyclean, optitype
[2022-08-05 11:07:37,335] multiqc                                            [DEBUG  ]  Using temporary directory for creating report: /tmp/smi9a9.8585372/tmp_o584syd
[2022-08-05 11:07:37,397] multiqc                                            [INFO   ]  Search path : /datasets/work/oa-amd/work/amd/Metagenome_QC_reads/9454_H3NJ2BCXX-2_merged_fastqc.html
[2022-08-05 11:07:37,397] multiqc                                            [INFO   ]  Search path : /datasets/work/oa-amd/work/amd/Metagenome_QC_reads/9454_H3NJ2BCXX-2_merged_fastqc.zip
[2022-08-05 11:07:37,397] multiqc                                            [INFO   ]  Search path : /datasets/work/oa-amd/work/amd/Metagenome_QC_reads/9454_H3NJ2BCXX-2_merged.fastq.gz
[2022-08-05 11:07:37,397] multiqc                                            [INFO   ]  Search path : /datasets/work/oa-amd/work/amd/Metagenome_QC_reads/9454_H3NJ2BCXX-2_R1p_fastqc.html
[2022-08-05 11:07:37,397] multiqc                                            [INFO   ]  Search path : /datasets/work/oa-amd/work/amd/Metagenome_QC_reads/9454_H3NJ2BCXX-2_R1p_fastqc.zip
[2022-08-05 11:07:37,397] multiqc                                            [INFO   ]  Search path : /datasets/work/oa-amd/work/amd/Metagenome_QC_reads/9454_H3NJ2BCXX-2_R1p.fastq.gz
[2022-08-05 11:07:37,397] multiqc                                            [INFO   ]  Search path : /datasets/work/oa-amd/work/amd/Metagenome_QC_reads/9454_H3NJ2BCXX-2_R1R2u_fastqc.html
[2022-08-05 11:07:37,397] multiqc                                            [INFO   ]  Search path : /datasets/work/oa-amd/work/amd/Metagenome_QC_reads/9454_H3NJ2BCXX-2_R1R2u_fastqc.zip
[2022-08-05 11:07:37,397] multiqc                                            [INFO   ]  Search path : /datasets/work/oa-amd/work/amd/Metagenome_QC_reads/9454_H3NJ2BCXX-2_R1R2u.fastq.gz
[2022-08-05 11:07:37,397] multiqc                                            [INFO   ]  Search path : /datasets/work/oa-amd/work/amd/Metagenome_QC_reads/9454_H3NJ2BCXX-2_R2p_fastqc.html
[2022-08-05 11:07:37,397] multiqc                                            [INFO   ]  Search path : /datasets/work/oa-amd/work/amd/Metagenome_QC_reads/9454_H3NJ2BCXX-2_R2p_fastqc.zip
[2022-08-05 11:07:37,397] multiqc                                            [INFO   ]  Search path : /datasets/work/oa-amd/work/amd/Metagenome_QC_reads/9454_H3NJ2BCXX-2_R2p.fastq.gz
[2022-08-05 11:07:37,398] multiqc                                            [INFO   ]  Search path : /datasets/work/oa-amd/work/amd/Metagenome_QC_reads/9454_QCreads.md5
[2022-08-05 11:07:37,524] multiqc                                            [DEBUG  ]  File ignored by ccs/v4 because it exceeded search pattern filesize limit: 9454_H3NJ2BCXX-2_merged_fastqc.html
[2022-08-05 11:07:37,532] multiqc                                            [DEBUG  ]  File ignored by hicexplorer because it exceeded search pattern filesize limit: 9454_H3NJ2BCXX-2_merged_fastqc.html
[2022-08-05 11:07:37,533] multiqc                                            [DEBUG  ]  File ignored by nanostat because it exceeded search pattern filesize limit: 9454_H3NJ2BCXX-2_merged_fastqc.html
[2022-08-05 11:07:37,533] multiqc                                            [DEBUG  ]  File ignored by lima/summary because it exceeded search pattern filesize limit: 9454_H3NJ2BCXX-2_merged_fastqc.html
[2022-08-05 11:07:37,551] multiqc                                            [DEBUG  ]  File ignored by vep/vep_txt because it exceeded search pattern filesize limit: 9454_H3NJ2BCXX-2_merged_fastqc.html
[2022-08-05 11:07:37,551] multiqc                                            [DEBUG  ]  File ignored by longranger/invocation because it exceeded search pattern filesize limit: 9454_H3NJ2BCXX-2_merged_fastqc.html
[2022-08-05 11:07:37,551] multiqc                                            [DEBUG  ]  File ignored by rockhopper because it exceeded search pattern filesize limit: 9454_H3NJ2BCXX-2_merged_fastqc.html
[2022-08-05 11:07:37,551] multiqc                                            [DEBUG  ]  File ignored by rseqc/bam_stat because it exceeded search pattern filesize limit: 9454_H3NJ2BCXX-2_merged_fastqc.html
[2022-08-05 11:07:37,551] multiqc                                            [DEBUG  ]  File ignored by rseqc/junction_annotation because it exceeded search pattern filesize limit: 9454_H3NJ2BCXX-2_merged_fastqc.html
[2022-08-05 11:07:37,551] multiqc                                            [DEBUG  ]  File ignored by rseqc/read_distribution because it exceeded search pattern filesize limit: 9454_H3NJ2BCXX-2_merged_fastqc.html
[2022-08-05 11:07:37,551] multiqc                                            [DEBUG  ]  File ignored by rseqc/infer_experiment because it exceeded search pattern filesize limit: 9454_H3NJ2BCXX-2_merged_fastqc.html
[2022-08-05 11:07:38,869] multiqc                                            [DEBUG  ]  Ignoring file as matched an ignore pattern: 9454_H3NJ2BCXX-2_merged.fastq.gz
[2022-08-05 11:07:39,475] multiqc                                            [DEBUG  ]  File ignored by ccs/v4 because it exceeded search pattern filesize limit: 9454_H3NJ2BCXX-2_R1p_fastqc.html
[2022-08-05 11:07:39,480] multiqc                                            [DEBUG  ]  File ignored by hicexplorer because it exceeded search pattern filesize limit: 9454_H3NJ2BCXX-2_R1p_fastqc.html
[2022-08-05 11:07:39,480] multiqc                                            [DEBUG  ]  File ignored by nanostat because it exceeded search pattern filesize limit: 9454_H3NJ2BCXX-2_R1p_fastqc.html
[2022-08-05 11:07:39,480] multiqc                                            [DEBUG  ]  File ignored by lima/summary because it exceeded search pattern filesize limit: 9454_H3NJ2BCXX-2_R1p_fastqc.html
[2022-08-05 11:07:39,489] multiqc                                            [DEBUG  ]  File ignored by vep/vep_txt because it exceeded search pattern filesize limit: 9454_H3NJ2BCXX-2_R1p_fastqc.html
[2022-08-05 11:07:39,489] multiqc                                            [DEBUG  ]  File ignored by longranger/invocation because it exceeded search pattern filesize limit: 9454_H3NJ2BCXX-2_R1p_fastqc.html
[2022-08-05 11:07:39,489] multiqc                                            [DEBUG  ]  File ignored by rockhopper because it exceeded search pattern filesize limit: 9454_H3NJ2BCXX-2_R1p_fastqc.html
[2022-08-05 11:07:39,489] multiqc                                            [DEBUG  ]  File ignored by rseqc/bam_stat because it exceeded search pattern filesize limit: 9454_H3NJ2BCXX-2_R1p_fastqc.html
[2022-08-05 11:07:39,489] multiqc                                            [DEBUG  ]  File ignored by rseqc/junction_annotation because it exceeded search pattern filesize limit: 9454_H3NJ2BCXX-2_R1p_fastqc.html
[2022-08-05 11:07:39,489] multiqc                                            [DEBUG  ]  File ignored by rseqc/read_distribution because it exceeded search pattern filesize limit: 9454_H3NJ2BCXX-2_R1p_fastqc.html
[2022-08-05 11:07:39,489] multiqc                                            [DEBUG  ]  File ignored by rseqc/infer_experiment because it exceeded search pattern filesize limit: 9454_H3NJ2BCXX-2_R1p_fastqc.html
[2022-08-05 11:07:39,565] multiqc                                            [DEBUG  ]  Ignoring file as matched an ignore pattern: 9454_H3NJ2BCXX-2_R1p.fastq.gz
[2022-08-05 11:07:39,839] multiqc                                            [DEBUG  ]  File ignored by ccs/v4 because it exceeded search pattern filesize limit: 9454_H3NJ2BCXX-2_R1R2u_fastqc.html
[2022-08-05 11:07:39,878] multiqc                                            [DEBUG  ]  File ignored by hicexplorer because it exceeded search pattern filesize limit: 9454_H3NJ2BCXX-2_R1R2u_fastqc.html
[2022-08-05 11:07:39,879] multiqc                                            [DEBUG  ]  File ignored by nanostat because it exceeded search pattern filesize limit: 9454_H3NJ2BCXX-2_R1R2u_fastqc.html
[2022-08-05 11:07:39,879] multiqc                                            [DEBUG  ]  File ignored by lima/summary because it exceeded search pattern filesize limit: 9454_H3NJ2BCXX-2_R1R2u_fastqc.html
[2022-08-05 11:07:39,889] multiqc                                            [DEBUG  ]  File ignored by vep/vep_txt because it exceeded search pattern filesize limit: 9454_H3NJ2BCXX-2_R1R2u_fastqc.html
[2022-08-05 11:07:39,889] multiqc                                            [DEBUG  ]  File ignored by longranger/invocation because it exceeded search pattern filesize limit: 9454_H3NJ2BCXX-2_R1R2u_fastqc.html
[2022-08-05 11:07:39,889] multiqc                                            [DEBUG  ]  File ignored by rockhopper because it exceeded search pattern filesize limit: 9454_H3NJ2BCXX-2_R1R2u_fastqc.html
[2022-08-05 11:07:39,889] multiqc                                            [DEBUG  ]  File ignored by rseqc/bam_stat because it exceeded search pattern filesize limit: 9454_H3NJ2BCXX-2_R1R2u_fastqc.html
[2022-08-05 11:07:39,889] multiqc                                            [DEBUG  ]  File ignored by rseqc/junction_annotation because it exceeded search pattern filesize limit: 9454_H3NJ2BCXX-2_R1R2u_fastqc.html
[2022-08-05 11:07:39,889] multiqc                                            [DEBUG  ]  File ignored by rseqc/read_distribution because it exceeded search pattern filesize limit: 9454_H3NJ2BCXX-2_R1R2u_fastqc.html
[2022-08-05 11:07:39,889] multiqc                                            [DEBUG  ]  File ignored by rseqc/infer_experiment because it exceeded search pattern filesize limit: 9454_H3NJ2BCXX-2_R1R2u_fastqc.html
[2022-08-05 11:07:39,958] multiqc                                            [DEBUG  ]  Ignoring file as matched an ignore pattern: 9454_H3NJ2BCXX-2_R1R2u.fastq.gz
[2022-08-05 11:07:40,703] multiqc                                            [DEBUG  ]  File ignored by ccs/v4 because it exceeded search pattern filesize limit: 9454_H3NJ2BCXX-2_R2p_fastqc.html
[2022-08-05 11:07:40,711] multiqc                                            [DEBUG  ]  File ignored by hicexplorer because it exceeded search pattern filesize limit: 9454_H3NJ2BCXX-2_R2p_fastqc.html
[2022-08-05 11:07:40,712] multiqc                                            [DEBUG  ]  File ignored by nanostat because it exceeded search pattern filesize limit: 9454_H3NJ2BCXX-2_R2p_fastqc.html
[2022-08-05 11:07:40,712] multiqc                                            [DEBUG  ]  File ignored by lima/summary because it exceeded search pattern filesize limit: 9454_H3NJ2BCXX-2_R2p_fastqc.html
[2022-08-05 11:07:40,961] multiqc                                            [DEBUG  ]  File ignored by vep/vep_txt because it exceeded search pattern filesize limit: 9454_H3NJ2BCXX-2_R2p_fastqc.html
[2022-08-05 11:07:40,961] multiqc                                            [DEBUG  ]  File ignored by longranger/invocation because it exceeded search pattern filesize limit: 9454_H3NJ2BCXX-2_R2p_fastqc.html
[2022-08-05 11:07:40,961] multiqc                                            [DEBUG  ]  File ignored by rockhopper because it exceeded search pattern filesize limit: 9454_H3NJ2BCXX-2_R2p_fastqc.html
[2022-08-05 11:07:40,961] multiqc                                            [DEBUG  ]  File ignored by rseqc/bam_stat because it exceeded search pattern filesize limit: 9454_H3NJ2BCXX-2_R2p_fastqc.html
[2022-08-05 11:07:40,962] multiqc                                            [DEBUG  ]  File ignored by rseqc/junction_annotation because it exceeded search pattern filesize limit: 9454_H3NJ2BCXX-2_R2p_fastqc.html
[2022-08-05 11:07:40,962] multiqc                                            [DEBUG  ]  File ignored by rseqc/read_distribution because it exceeded search pattern filesize limit: 9454_H3NJ2BCXX-2_R2p_fastqc.html
[2022-08-05 11:07:40,962] multiqc                                            [DEBUG  ]  File ignored by rseqc/infer_experiment because it exceeded search pattern filesize limit: 9454_H3NJ2BCXX-2_R2p_fastqc.html
[2022-08-05 11:07:41,347] multiqc                                            [DEBUG  ]  Ignoring file as matched an ignore pattern: 9454_H3NJ2BCXX-2_R2p.fastq.gz
[2022-08-05 11:07:41,347] multiqc                                            [DEBUG  ]  Ignoring file as matched an ignore pattern: 9454_QCreads.md5
[2022-08-05 11:07:44,476] multiqc.plots.bargraph                             [DEBUG  ]  Using matplotlib version 3.3.4
[2022-08-05 11:07:44,480] multiqc.plots.linegraph                            [DEBUG  ]  Using matplotlib version 3.3.4
[2022-08-05 11:07:44,713] multiqc                                            [DEBUG  ]  No samples found: custom_content
[2022-08-05 11:07:44,718] multiqc                                            [DEBUG  ]  No samples found: ccs
[2022-08-05 11:07:44,724] multiqc                                            [DEBUG  ]  No samples found: ngsderive
[2022-08-05 11:07:44,730] multiqc                                            [DEBUG  ]  No samples found: purple
[2022-08-05 11:07:44,734] multiqc                                            [DEBUG  ]  No samples found: conpair
[2022-08-05 11:07:44,739] multiqc                                            [DEBUG  ]  No samples found: lima
[2022-08-05 11:07:44,975] multiqc                                            [DEBUG  ]  No samples found: peddy
[2022-08-05 11:07:44,982] multiqc                                            [DEBUG  ]  No samples found: somalier
[2022-08-05 11:07:44,986] multiqc                                            [DEBUG  ]  No samples found: methylQA
[2022-08-05 11:07:44,997] multiqc.modules.mosdepth.mosdepth                  [DEBUG  ]  include_contigs: []
[2022-08-05 11:07:44,997] multiqc.modules.mosdepth.mosdepth                  [DEBUG  ]  exclude_contigs: []
[2022-08-05 11:07:44,997] multiqc                                            [DEBUG  ]  No samples found: mosdepth
[2022-08-05 11:07:45,001] multiqc                                            [DEBUG  ]  No samples found: phantompeakqualtools
[2022-08-05 11:07:45,005] multiqc                                            [DEBUG  ]  No samples found: qualimap
[2022-08-05 11:07:45,011] multiqc                                            [DEBUG  ]  No samples found: preseq
[2022-08-05 11:07:45,016] multiqc                                            [DEBUG  ]  No samples found: quast
[2022-08-05 11:07:45,021] multiqc                                            [DEBUG  ]  No samples found: qorts
[2022-08-05 11:07:45,257] multiqc                                            [DEBUG  ]  No samples found: rna_seqc
[2022-08-05 11:07:45,261] multiqc                                            [DEBUG  ]  No samples found: rockhopper
[2022-08-05 11:07:45,266] multiqc                                            [DEBUG  ]  No samples found: rsem
[2022-08-05 11:07:45,744] multiqc                                            [DEBUG  ]  No samples found: rseqc
[2022-08-05 11:07:45,749] multiqc                                            [DEBUG  ]  No samples found: busco
[2022-08-05 11:07:45,754] multiqc                                            [DEBUG  ]  No samples found: bustools
[2022-08-05 11:07:45,759] multiqc                                            [DEBUG  ]  No samples found: goleft_indexcov
[2022-08-05 11:07:45,764] multiqc                                            [DEBUG  ]  No samples found: gffcompare
[2022-08-05 11:07:45,769] multiqc                                            [DEBUG  ]  No samples found: disambiguate
[2022-08-05 11:07:46,004] multiqc                                            [DEBUG  ]  No samples found: supernova
[2022-08-05 11:07:46,253] multiqc                                            [DEBUG  ]  No samples found: deeptools
[2022-08-05 11:07:46,258] multiqc                                            [DEBUG  ]  No samples found: sargasso
[2022-08-05 11:07:46,262] multiqc                                            [DEBUG  ]  No samples found: verifybamid
[2022-08-05 11:07:46,268] multiqc                                            [DEBUG  ]  No samples found: mirtrace
[2022-08-05 11:07:46,272] multiqc                                            [DEBUG  ]  No samples found: happy
[2022-08-05 11:07:46,277] multiqc                                            [DEBUG  ]  No samples found: mirtop
[2022-08-05 11:07:46,283] multiqc                                            [DEBUG  ]  No samples found: sambamba
[2022-08-05 11:07:46,291] multiqc                                            [DEBUG  ]  No samples found: homer
[2022-08-05 11:07:46,295] multiqc                                            [DEBUG  ]  No samples found: hops
[2022-08-05 11:07:46,531] multiqc                                            [DEBUG  ]  No samples found: macs2
[2022-08-05 11:07:46,535] multiqc                                            [DEBUG  ]  No samples found: theta2
[2022-08-05 11:07:46,541] multiqc                                            [DEBUG  ]  No samples found: snpeff
[2022-08-05 11:07:46,549] multiqc                                            [DEBUG  ]  No samples found: gatk
[2022-08-05 11:07:46,554] multiqc                                            [DEBUG  ]  No samples found: htseq
[2022-08-05 11:07:46,791] multiqc                                            [DEBUG  ]  No samples found: bcftools
[2022-08-05 11:07:46,795] multiqc                                            [DEBUG  ]  No samples found: featureCounts
[2022-08-05 11:07:46,802] multiqc                                            [DEBUG  ]  No samples found: fgbio
[2022-08-05 11:07:46,820] multiqc                                            [DEBUG  ]  No samples found: dragen
[2022-08-05 11:07:46,824] multiqc                                            [DEBUG  ]  No samples found: dedup
[2022-08-05 11:07:46,829] multiqc                                            [DEBUG  ]  No samples found: damageprofiler
[2022-08-05 11:07:47,331] multiqc                                            [DEBUG  ]  No samples found: biobambam2
[2022-08-05 11:07:47,336] multiqc                                            [DEBUG  ]  No samples found: jcvi
[2022-08-05 11:07:47,340] multiqc                                            [DEBUG  ]  No samples found: mtnucratio
[2022-08-05 11:07:47,342] multiqc                                            [DEBUG  ]  No samples found: picard
[2022-08-05 11:07:47,348] multiqc                                            [DEBUG  ]  No samples found: vep
[2022-08-05 11:07:47,356] multiqc                                            [DEBUG  ]  No samples found: sentieon
[2022-08-05 11:07:47,361] multiqc                                            [DEBUG  ]  No samples found: prokka
[2022-08-05 11:07:47,368] multiqc                                            [DEBUG  ]  No samples found: qc3C
[2022-08-05 11:07:47,373] multiqc                                            [DEBUG  ]  No samples found: nanostat
[2022-08-05 11:07:47,839] multiqc                                            [DEBUG  ]  No samples found: samblaster
[2022-08-05 11:07:47,850] multiqc                                            [DEBUG  ]  No samples found: samtools
[2022-08-05 11:07:48,085] multiqc                                            [DEBUG  ]  No samples found: sexdeterrmine
[2022-08-05 11:07:48,089] multiqc                                            [DEBUG  ]  No samples found: eigenstratdatabasetools
[2022-08-05 11:07:48,095] multiqc                                            [DEBUG  ]  No samples found: bamtools
[2022-08-05 11:07:48,100] multiqc                                            [DEBUG  ]  No samples found: jellyfish
[2022-08-05 11:07:48,122] multiqc                                            [DEBUG  ]  No samples found: vcftools
[2022-08-05 11:07:48,129] multiqc                                            [DEBUG  ]  No samples found: longranger
[2022-08-05 11:07:48,136] multiqc                                            [DEBUG  ]  No samples found: stacks
[2022-08-05 11:07:48,372] multiqc                                            [DEBUG  ]  No samples found: varscan2
[2022-08-05 11:07:48,377] multiqc                                            [DEBUG  ]  No samples found: snippy
[2022-08-05 11:07:49,093] multiqc                                            [DEBUG  ]  No samples found: bbmap
[2022-08-05 11:07:49,100] multiqc                                            [DEBUG  ]  No samples found: bismark
[2022-08-05 11:07:49,109] multiqc                                            [DEBUG  ]  No samples found: biscuit
[2022-08-05 11:07:49,114] multiqc                                            [DEBUG  ]  No samples found: hicexplorer
[2022-08-05 11:07:49,121] multiqc                                            [DEBUG  ]  No samples found: hicup
[2022-08-05 11:07:49,126] multiqc                                            [DEBUG  ]  No samples found: hicpro
[2022-08-05 11:07:49,132] multiqc                                            [DEBUG  ]  No samples found: salmon
[2022-08-05 11:07:49,137] multiqc                                            [DEBUG  ]  No samples found: kallisto
[2022-08-05 11:07:49,145] multiqc                                            [DEBUG  ]  No samples found: slamdunk
[2022-08-05 11:07:49,150] multiqc                                            [DEBUG  ]  No samples found: star
[2022-08-05 11:07:49,156] multiqc                                            [DEBUG  ]  No samples found: hisat2
[2022-08-05 11:07:49,161] multiqc                                            [DEBUG  ]  No samples found: tophat
[2022-08-05 11:07:49,166] multiqc                                            [DEBUG  ]  No samples found: bowtie2
[2022-08-05 11:07:49,171] multiqc                                            [DEBUG  ]  No samples found: bowtie1
[2022-08-05 11:07:49,176] multiqc                                            [DEBUG  ]  No samples found: snpsplit
[2022-08-05 11:07:49,182] multiqc                                            [DEBUG  ]  No samples found: odgi
[2022-08-05 11:07:49,187] multiqc                                            [DEBUG  ]  No samples found: pangolin
[2022-08-05 11:07:49,192] multiqc                                            [DEBUG  ]  No samples found: kat
[2022-08-05 11:07:49,197] multiqc                                            [DEBUG  ]  No samples found: leehom
[2022-08-05 11:07:49,202] multiqc                                            [DEBUG  ]  No samples found: adapterRemoval
[2022-08-05 11:07:49,207] multiqc                                            [DEBUG  ]  No samples found: clipandmerge
[2022-08-05 11:07:49,212] multiqc                                            [DEBUG  ]  No samples found: cutadapt
[2022-08-05 11:07:49,217] multiqc                                            [DEBUG  ]  No samples found: flexbar
[2022-08-05 11:07:49,223] multiqc                                            [DEBUG  ]  No samples found: kaiju
[2022-08-05 11:07:49,228] multiqc                                            [DEBUG  ]  No samples found: kraken
[2022-08-05 11:07:49,233] multiqc                                            [DEBUG  ]  No samples found: malt
[2022-08-05 11:07:49,238] multiqc                                            [DEBUG  ]  No samples found: trimmomatic
[2022-08-05 11:07:49,243] multiqc                                            [DEBUG  ]  No samples found: sickle
[2022-08-05 11:07:49,247] multiqc                                            [DEBUG  ]  No samples found: skewer
[2022-08-05 11:07:49,251] multiqc                                            [DEBUG  ]  No samples found: sortmerna
[2022-08-05 11:07:49,256] multiqc                                            [DEBUG  ]  No samples found: biobloomtools
[2022-08-05 11:07:49,261] multiqc                                            [DEBUG  ]  No samples found: fastq_screen
[2022-08-05 11:07:49,266] multiqc                                            [DEBUG  ]  No samples found: afterqc
[2022-08-05 11:07:49,273] multiqc                                            [DEBUG  ]  No samples found: fastp
[2022-08-05 11:07:50,402] multiqc.modules.fastqc.fastqc                      [INFO   ]  Found 4 reports
[2022-08-05 11:07:50,482] multiqc                                            [DEBUG  ]  No samples found: pychopper
[2022-08-05 11:07:50,487] multiqc                                            [DEBUG  ]  No samples found: pycoqc
[2022-08-05 11:07:50,492] multiqc                                            [DEBUG  ]  No samples found: minionqc
[2022-08-05 11:07:50,496] multiqc                                            [DEBUG  ]  No samples found: multivcfanalyzer
[2022-08-05 11:07:50,501] multiqc                                            [DEBUG  ]  No samples found: clusterflow
[2022-08-05 11:07:50,507] multiqc                                            [DEBUG  ]  No samples found: bcl2fastq
[2022-08-05 11:07:50,514] multiqc                                            [DEBUG  ]  No samples found: bclconvert
[2022-08-05 11:07:50,519] multiqc                                            [DEBUG  ]  No samples found: interop
[2022-08-05 11:07:50,524] multiqc                                            [DEBUG  ]  No samples found: ivar
[2022-08-05 11:07:50,529] multiqc                                            [DEBUG  ]  No samples found: flash
[2022-08-05 11:07:50,533] multiqc                                            [DEBUG  ]  No samples found: seqyclean
[2022-08-05 11:07:50,768] multiqc                                            [DEBUG  ]  No samples found: optitype
[2022-08-05 11:07:50,772] multiqc                                            [INFO   ]  Compressing plot data
[2022-08-05 11:07:51,957] multiqc                                            [INFO   ]  Report      : 9454_MGSD_CSIRO.qc.stats/multiqc_report.html
[2022-08-05 11:07:51,957] multiqc                                            [INFO   ]  Data        : 9454_MGSD_CSIRO.qc.stats/multiqc_data
[2022-08-05 11:07:51,957] multiqc                                            [DEBUG  ]  Moving data file from '/tmp/smi9a9.8585372/tmp_o584syd/multiqc_data' to '9454_MGSD_CSIRO.qc.stats/multiqc_data'
[2022-08-05 11:07:52,889] multiqc                                            [INFO   ]  MultiQC complete
