[2022-08-05 11:09:05,046] multiqc                                            [DEBUG  ]  This is MultiQC v1.11
[2022-08-05 11:09:05,046] multiqc                                            [DEBUG  ]  No MultiQC config found: /apps/multiqc/1.11/lib/python3.9/site-packages/multiqc_config.yaml
[2022-08-05 11:09:05,046] multiqc                                            [DEBUG  ]  No MultiQC config found: /home/smi9a9/.multiqc_config.yaml
[2022-08-05 11:09:05,049] multiqc                                            [DEBUG  ]  No MultiQC config found: multiqc_config.yaml
[2022-08-05 11:09:05,049] multiqc                                            [DEBUG  ]  Command used: /apps/multiqc/1.11/bin/multiqc ./401673_HL7J5DSX3-1_merged_fastqc.html ./401673_HL7J5DSX3-1_merged_fastqc.zip ./401673_HL7J5DSX3-1_merged.fastq.gz ./401673_HL7J5DSX3-1_R1p_fastqc.html ./401673_HL7J5DSX3-1_R1p_fastqc.zip ./401673_HL7J5DSX3-1_R1p.fastq.gz ./401673_HL7J5DSX3-1_R1R2u_fastqc.html ./401673_HL7J5DSX3-1_R1R2u_fastqc.zip ./401673_HL7J5DSX3-1_R1R2u.fastq.gz ./401673_HL7J5DSX3-1_R2p_fastqc.html ./401673_HL7J5DSX3-1_R2p_fastqc.zip ./401673_HL7J5DSX3-1_R2p.fastq.gz ./401673_QCreads.md5 -o 401673_MGSD_CSIRO.qc.stats
[2022-08-05 11:09:05,051] multiqc                                            [DEBUG  ]  Could not connect to multiqc.info for version check: <urlopen error [Errno 111] Connection refused>
[2022-08-05 11:09:05,051] multiqc                                            [DEBUG  ]  Command     : /apps/multiqc/1.11/bin/multiqc ./401673_HL7J5DSX3-1_merged_fastqc.html ./401673_HL7J5DSX3-1_merged_fastqc.zip ./401673_HL7J5DSX3-1_merged.fastq.gz ./401673_HL7J5DSX3-1_R1p_fastqc.html ./401673_HL7J5DSX3-1_R1p_fastqc.zip ./401673_HL7J5DSX3-1_R1p.fastq.gz ./401673_HL7J5DSX3-1_R1R2u_fastqc.html ./401673_HL7J5DSX3-1_R1R2u_fastqc.zip ./401673_HL7J5DSX3-1_R1R2u.fastq.gz ./401673_HL7J5DSX3-1_R2p_fastqc.html ./401673_HL7J5DSX3-1_R2p_fastqc.zip ./401673_HL7J5DSX3-1_R2p.fastq.gz ./401673_QCreads.md5 -o 401673_MGSD_CSIRO.qc.stats
[2022-08-05 11:09:05,051] multiqc                                            [DEBUG  ]  Working dir : /datasets/work/oa-amd/work/amd/Metagenome_QC_reads
[2022-08-05 11:09:05,051] multiqc                                            [DEBUG  ]  Template    : default
[2022-08-05 11:09:05,051] multiqc                                            [DEBUG  ]  Running Python 3.9.4 (default, Apr 25 2021, 16:13:27)  [GCC 10.3.0]
[2022-08-05 11:09:05,052] multiqc                                            [DEBUG  ]  Analysing modules: custom_content, ccs, ngsderive, purple, conpair, lima, peddy, somalier, methylQA, mosdepth, phantompeakqualtools, qualimap, preseq, quast, qorts, rna_seqc, rockhopper, rsem, rseqc, busco, bustools, goleft_indexcov, gffcompare, disambiguate, supernova, deeptools, sargasso, verifybamid, mirtrace, happy, mirtop, sambamba, homer, hops, macs2, theta2, snpeff, gatk, htseq, bcftools, featureCounts, fgbio, dragen, dedup, damageprofiler, biobambam2, jcvi, mtnucratio, picard, vep, sentieon, prokka, qc3C, nanostat, samblaster, samtools, sexdeterrmine, eigenstratdatabasetools, bamtools, jellyfish, vcftools, longranger, stacks, varscan2, snippy, bbmap, bismark, biscuit, hicexplorer, hicup, hicpro, salmon, kallisto, slamdunk, star, hisat2, tophat, bowtie2, bowtie1, snpsplit, odgi, pangolin, kat, leehom, adapterRemoval, clipandmerge, cutadapt, flexbar, kaiju, kraken, malt, trimmomatic, sickle, skewer, sortmerna, biobloomtools, fastq_screen, afterqc, fastp, fastqc, pychopper, pycoqc, minionqc, multivcfanalyzer, clusterflow, bcl2fastq, bclconvert, interop, ivar, flash, seqyclean, optitype
[2022-08-05 11:09:05,052] multiqc                                            [DEBUG  ]  Using temporary directory for creating report: /tmp/smi9a9.8584611/tmpapmmxby1
[2022-08-05 11:09:05,805] multiqc                                            [INFO   ]  Search path : /datasets/work/oa-amd/work/amd/Metagenome_QC_reads/401673_HL7J5DSX3-1_merged_fastqc.html
[2022-08-05 11:09:05,805] multiqc                                            [INFO   ]  Search path : /datasets/work/oa-amd/work/amd/Metagenome_QC_reads/401673_HL7J5DSX3-1_merged_fastqc.zip
[2022-08-05 11:09:05,805] multiqc                                            [INFO   ]  Search path : /datasets/work/oa-amd/work/amd/Metagenome_QC_reads/401673_HL7J5DSX3-1_merged.fastq.gz
[2022-08-05 11:09:05,805] multiqc                                            [INFO   ]  Search path : /datasets/work/oa-amd/work/amd/Metagenome_QC_reads/401673_HL7J5DSX3-1_R1p_fastqc.html
[2022-08-05 11:09:05,805] multiqc                                            [INFO   ]  Search path : /datasets/work/oa-amd/work/amd/Metagenome_QC_reads/401673_HL7J5DSX3-1_R1p_fastqc.zip
[2022-08-05 11:09:05,805] multiqc                                            [INFO   ]  Search path : /datasets/work/oa-amd/work/amd/Metagenome_QC_reads/401673_HL7J5DSX3-1_R1p.fastq.gz
[2022-08-05 11:09:05,805] multiqc                                            [INFO   ]  Search path : /datasets/work/oa-amd/work/amd/Metagenome_QC_reads/401673_HL7J5DSX3-1_R1R2u_fastqc.html
[2022-08-05 11:09:05,805] multiqc                                            [INFO   ]  Search path : /datasets/work/oa-amd/work/amd/Metagenome_QC_reads/401673_HL7J5DSX3-1_R1R2u_fastqc.zip
[2022-08-05 11:09:05,805] multiqc                                            [INFO   ]  Search path : /datasets/work/oa-amd/work/amd/Metagenome_QC_reads/401673_HL7J5DSX3-1_R1R2u.fastq.gz
[2022-08-05 11:09:05,805] multiqc                                            [INFO   ]  Search path : /datasets/work/oa-amd/work/amd/Metagenome_QC_reads/401673_HL7J5DSX3-1_R2p_fastqc.html
[2022-08-05 11:09:05,805] multiqc                                            [INFO   ]  Search path : /datasets/work/oa-amd/work/amd/Metagenome_QC_reads/401673_HL7J5DSX3-1_R2p_fastqc.zip
[2022-08-05 11:09:05,805] multiqc                                            [INFO   ]  Search path : /datasets/work/oa-amd/work/amd/Metagenome_QC_reads/401673_HL7J5DSX3-1_R2p.fastq.gz
[2022-08-05 11:09:05,805] multiqc                                            [INFO   ]  Search path : /datasets/work/oa-amd/work/amd/Metagenome_QC_reads/401673_QCreads.md5
[2022-08-05 11:09:06,605] multiqc                                            [DEBUG  ]  File ignored by ccs/v4 because it exceeded search pattern filesize limit: 401673_HL7J5DSX3-1_merged_fastqc.html
[2022-08-05 11:09:06,615] multiqc                                            [DEBUG  ]  File ignored by hicexplorer because it exceeded search pattern filesize limit: 401673_HL7J5DSX3-1_merged_fastqc.html
[2022-08-05 11:09:06,616] multiqc                                            [DEBUG  ]  File ignored by nanostat because it exceeded search pattern filesize limit: 401673_HL7J5DSX3-1_merged_fastqc.html
[2022-08-05 11:09:06,616] multiqc                                            [DEBUG  ]  File ignored by lima/summary because it exceeded search pattern filesize limit: 401673_HL7J5DSX3-1_merged_fastqc.html
[2022-08-05 11:09:06,637] multiqc                                            [DEBUG  ]  File ignored by vep/vep_txt because it exceeded search pattern filesize limit: 401673_HL7J5DSX3-1_merged_fastqc.html
[2022-08-05 11:09:06,637] multiqc                                            [DEBUG  ]  File ignored by longranger/invocation because it exceeded search pattern filesize limit: 401673_HL7J5DSX3-1_merged_fastqc.html
[2022-08-05 11:09:06,637] multiqc                                            [DEBUG  ]  File ignored by rockhopper because it exceeded search pattern filesize limit: 401673_HL7J5DSX3-1_merged_fastqc.html
[2022-08-05 11:09:06,637] multiqc                                            [DEBUG  ]  File ignored by rseqc/bam_stat because it exceeded search pattern filesize limit: 401673_HL7J5DSX3-1_merged_fastqc.html
[2022-08-05 11:09:06,637] multiqc                                            [DEBUG  ]  File ignored by rseqc/junction_annotation because it exceeded search pattern filesize limit: 401673_HL7J5DSX3-1_merged_fastqc.html
[2022-08-05 11:09:06,637] multiqc                                            [DEBUG  ]  File ignored by rseqc/read_distribution because it exceeded search pattern filesize limit: 401673_HL7J5DSX3-1_merged_fastqc.html
[2022-08-05 11:09:06,637] multiqc                                            [DEBUG  ]  File ignored by rseqc/infer_experiment because it exceeded search pattern filesize limit: 401673_HL7J5DSX3-1_merged_fastqc.html
[2022-08-05 11:09:06,826] multiqc                                            [DEBUG  ]  Ignoring file as matched an ignore pattern: 401673_HL7J5DSX3-1_merged.fastq.gz
[2022-08-05 11:09:07,508] multiqc                                            [DEBUG  ]  File ignored by ccs/v4 because it exceeded search pattern filesize limit: 401673_HL7J5DSX3-1_R1p_fastqc.html
[2022-08-05 11:09:07,524] multiqc                                            [DEBUG  ]  File ignored by hicexplorer because it exceeded search pattern filesize limit: 401673_HL7J5DSX3-1_R1p_fastqc.html
[2022-08-05 11:09:07,528] multiqc                                            [DEBUG  ]  File ignored by nanostat because it exceeded search pattern filesize limit: 401673_HL7J5DSX3-1_R1p_fastqc.html
[2022-08-05 11:09:07,528] multiqc                                            [DEBUG  ]  File ignored by lima/summary because it exceeded search pattern filesize limit: 401673_HL7J5DSX3-1_R1p_fastqc.html
[2022-08-05 11:09:07,548] multiqc                                            [DEBUG  ]  File ignored by vep/vep_txt because it exceeded search pattern filesize limit: 401673_HL7J5DSX3-1_R1p_fastqc.html
[2022-08-05 11:09:07,548] multiqc                                            [DEBUG  ]  File ignored by longranger/invocation because it exceeded search pattern filesize limit: 401673_HL7J5DSX3-1_R1p_fastqc.html
[2022-08-05 11:09:07,549] multiqc                                            [DEBUG  ]  File ignored by rockhopper because it exceeded search pattern filesize limit: 401673_HL7J5DSX3-1_R1p_fastqc.html
[2022-08-05 11:09:07,549] multiqc                                            [DEBUG  ]  File ignored by rseqc/bam_stat because it exceeded search pattern filesize limit: 401673_HL7J5DSX3-1_R1p_fastqc.html
[2022-08-05 11:09:07,549] multiqc                                            [DEBUG  ]  File ignored by rseqc/junction_annotation because it exceeded search pattern filesize limit: 401673_HL7J5DSX3-1_R1p_fastqc.html
[2022-08-05 11:09:07,549] multiqc                                            [DEBUG  ]  File ignored by rseqc/read_distribution because it exceeded search pattern filesize limit: 401673_HL7J5DSX3-1_R1p_fastqc.html
[2022-08-05 11:09:07,549] multiqc                                            [DEBUG  ]  File ignored by rseqc/infer_experiment because it exceeded search pattern filesize limit: 401673_HL7J5DSX3-1_R1p_fastqc.html
[2022-08-05 11:09:07,688] multiqc                                            [DEBUG  ]  Ignoring file as matched an ignore pattern: 401673_HL7J5DSX3-1_R1p.fastq.gz
[2022-08-05 11:09:08,331] multiqc                                            [DEBUG  ]  File ignored by ccs/v4 because it exceeded search pattern filesize limit: 401673_HL7J5DSX3-1_R1R2u_fastqc.html
[2022-08-05 11:09:08,354] multiqc                                            [DEBUG  ]  File ignored by hicexplorer because it exceeded search pattern filesize limit: 401673_HL7J5DSX3-1_R1R2u_fastqc.html
[2022-08-05 11:09:08,355] multiqc                                            [DEBUG  ]  File ignored by nanostat because it exceeded search pattern filesize limit: 401673_HL7J5DSX3-1_R1R2u_fastqc.html
[2022-08-05 11:09:08,355] multiqc                                            [DEBUG  ]  File ignored by lima/summary because it exceeded search pattern filesize limit: 401673_HL7J5DSX3-1_R1R2u_fastqc.html
[2022-08-05 11:09:08,448] multiqc                                            [DEBUG  ]  File ignored by vep/vep_txt because it exceeded search pattern filesize limit: 401673_HL7J5DSX3-1_R1R2u_fastqc.html
[2022-08-05 11:09:08,448] multiqc                                            [DEBUG  ]  File ignored by longranger/invocation because it exceeded search pattern filesize limit: 401673_HL7J5DSX3-1_R1R2u_fastqc.html
[2022-08-05 11:09:08,448] multiqc                                            [DEBUG  ]  File ignored by rockhopper because it exceeded search pattern filesize limit: 401673_HL7J5DSX3-1_R1R2u_fastqc.html
[2022-08-05 11:09:08,448] multiqc                                            [DEBUG  ]  File ignored by rseqc/bam_stat because it exceeded search pattern filesize limit: 401673_HL7J5DSX3-1_R1R2u_fastqc.html
[2022-08-05 11:09:08,448] multiqc                                            [DEBUG  ]  File ignored by rseqc/junction_annotation because it exceeded search pattern filesize limit: 401673_HL7J5DSX3-1_R1R2u_fastqc.html
[2022-08-05 11:09:08,448] multiqc                                            [DEBUG  ]  File ignored by rseqc/read_distribution because it exceeded search pattern filesize limit: 401673_HL7J5DSX3-1_R1R2u_fastqc.html
[2022-08-05 11:09:08,448] multiqc                                            [DEBUG  ]  File ignored by rseqc/infer_experiment because it exceeded search pattern filesize limit: 401673_HL7J5DSX3-1_R1R2u_fastqc.html
[2022-08-05 11:09:09,629] multiqc                                            [DEBUG  ]  Ignoring file as matched an ignore pattern: 401673_HL7J5DSX3-1_R1R2u.fastq.gz
[2022-08-05 11:09:09,699] multiqc                                            [DEBUG  ]  File ignored by ccs/v4 because it exceeded search pattern filesize limit: 401673_HL7J5DSX3-1_R2p_fastqc.html
[2022-08-05 11:09:09,707] multiqc                                            [DEBUG  ]  File ignored by hicexplorer because it exceeded search pattern filesize limit: 401673_HL7J5DSX3-1_R2p_fastqc.html
[2022-08-05 11:09:09,708] multiqc                                            [DEBUG  ]  File ignored by nanostat because it exceeded search pattern filesize limit: 401673_HL7J5DSX3-1_R2p_fastqc.html
[2022-08-05 11:09:09,708] multiqc                                            [DEBUG  ]  File ignored by lima/summary because it exceeded search pattern filesize limit: 401673_HL7J5DSX3-1_R2p_fastqc.html
[2022-08-05 11:09:09,726] multiqc                                            [DEBUG  ]  File ignored by vep/vep_txt because it exceeded search pattern filesize limit: 401673_HL7J5DSX3-1_R2p_fastqc.html
[2022-08-05 11:09:09,726] multiqc                                            [DEBUG  ]  File ignored by longranger/invocation because it exceeded search pattern filesize limit: 401673_HL7J5DSX3-1_R2p_fastqc.html
[2022-08-05 11:09:09,726] multiqc                                            [DEBUG  ]  File ignored by rockhopper because it exceeded search pattern filesize limit: 401673_HL7J5DSX3-1_R2p_fastqc.html
[2022-08-05 11:09:09,726] multiqc                                            [DEBUG  ]  File ignored by rseqc/bam_stat because it exceeded search pattern filesize limit: 401673_HL7J5DSX3-1_R2p_fastqc.html
[2022-08-05 11:09:09,726] multiqc                                            [DEBUG  ]  File ignored by rseqc/junction_annotation because it exceeded search pattern filesize limit: 401673_HL7J5DSX3-1_R2p_fastqc.html
[2022-08-05 11:09:09,726] multiqc                                            [DEBUG  ]  File ignored by rseqc/read_distribution because it exceeded search pattern filesize limit: 401673_HL7J5DSX3-1_R2p_fastqc.html
[2022-08-05 11:09:09,726] multiqc                                            [DEBUG  ]  File ignored by rseqc/infer_experiment because it exceeded search pattern filesize limit: 401673_HL7J5DSX3-1_R2p_fastqc.html
[2022-08-05 11:09:11,095] multiqc                                            [DEBUG  ]  Ignoring file as matched an ignore pattern: 401673_HL7J5DSX3-1_R2p.fastq.gz
[2022-08-05 11:09:11,095] multiqc                                            [DEBUG  ]  Ignoring file as matched an ignore pattern: 401673_QCreads.md5
[2022-08-05 11:09:13,464] multiqc.plots.bargraph                             [DEBUG  ]  Using matplotlib version 3.3.4
[2022-08-05 11:09:13,469] multiqc.plots.linegraph                            [DEBUG  ]  Using matplotlib version 3.3.4
[2022-08-05 11:09:13,472] multiqc                                            [DEBUG  ]  No samples found: custom_content
[2022-08-05 11:09:13,478] multiqc                                            [DEBUG  ]  No samples found: ccs
[2022-08-05 11:09:13,485] multiqc                                            [DEBUG  ]  No samples found: ngsderive
[2022-08-05 11:09:13,490] multiqc                                            [DEBUG  ]  No samples found: purple
[2022-08-05 11:09:13,496] multiqc                                            [DEBUG  ]  No samples found: conpair
[2022-08-05 11:09:13,501] multiqc                                            [DEBUG  ]  No samples found: lima
[2022-08-05 11:09:13,507] multiqc                                            [DEBUG  ]  No samples found: peddy
[2022-08-05 11:09:13,513] multiqc                                            [DEBUG  ]  No samples found: somalier
[2022-08-05 11:09:13,519] multiqc                                            [DEBUG  ]  No samples found: methylQA
[2022-08-05 11:09:13,536] multiqc.modules.mosdepth.mosdepth                  [DEBUG  ]  include_contigs: []
[2022-08-05 11:09:13,536] multiqc.modules.mosdepth.mosdepth                  [DEBUG  ]  exclude_contigs: []
[2022-08-05 11:09:13,536] multiqc                                            [DEBUG  ]  No samples found: mosdepth
[2022-08-05 11:09:13,542] multiqc                                            [DEBUG  ]  No samples found: phantompeakqualtools
[2022-08-05 11:09:13,546] multiqc                                            [DEBUG  ]  No samples found: qualimap
[2022-08-05 11:09:13,554] multiqc                                            [DEBUG  ]  No samples found: preseq
[2022-08-05 11:09:13,562] multiqc                                            [DEBUG  ]  No samples found: quast
[2022-08-05 11:09:13,570] multiqc                                            [DEBUG  ]  No samples found: qorts
[2022-08-05 11:09:13,578] multiqc                                            [DEBUG  ]  No samples found: rna_seqc
[2022-08-05 11:09:13,583] multiqc                                            [DEBUG  ]  No samples found: rockhopper
[2022-08-05 11:09:13,588] multiqc                                            [DEBUG  ]  No samples found: rsem
[2022-08-05 11:09:13,838] multiqc                                            [DEBUG  ]  No samples found: rseqc
[2022-08-05 11:09:13,843] multiqc                                            [DEBUG  ]  No samples found: busco
[2022-08-05 11:09:14,079] multiqc                                            [DEBUG  ]  No samples found: bustools
[2022-08-05 11:09:14,084] multiqc                                            [DEBUG  ]  No samples found: goleft_indexcov
[2022-08-05 11:09:14,089] multiqc                                            [DEBUG  ]  No samples found: gffcompare
[2022-08-05 11:09:14,324] multiqc                                            [DEBUG  ]  No samples found: disambiguate
[2022-08-05 11:09:14,331] multiqc                                            [DEBUG  ]  No samples found: supernova
[2022-08-05 11:09:14,349] multiqc                                            [DEBUG  ]  No samples found: deeptools
[2022-08-05 11:09:14,354] multiqc                                            [DEBUG  ]  No samples found: sargasso
[2022-08-05 11:09:14,360] multiqc                                            [DEBUG  ]  No samples found: verifybamid
[2022-08-05 11:09:14,366] multiqc                                            [DEBUG  ]  No samples found: mirtrace
[2022-08-05 11:09:14,860] multiqc                                            [DEBUG  ]  No samples found: happy
[2022-08-05 11:09:14,865] multiqc                                            [DEBUG  ]  No samples found: mirtop
[2022-08-05 11:09:15,101] multiqc                                            [DEBUG  ]  No samples found: sambamba
[2022-08-05 11:09:15,109] multiqc                                            [DEBUG  ]  No samples found: homer
[2022-08-05 11:09:15,113] multiqc                                            [DEBUG  ]  No samples found: hops
[2022-08-05 11:09:15,118] multiqc                                            [DEBUG  ]  No samples found: macs2
[2022-08-05 11:09:15,122] multiqc                                            [DEBUG  ]  No samples found: theta2
[2022-08-05 11:09:15,357] multiqc                                            [DEBUG  ]  No samples found: snpeff
[2022-08-05 11:09:15,365] multiqc                                            [DEBUG  ]  No samples found: gatk
[2022-08-05 11:09:15,369] multiqc                                            [DEBUG  ]  No samples found: htseq
[2022-08-05 11:09:15,605] multiqc                                            [DEBUG  ]  No samples found: bcftools
[2022-08-05 11:09:15,610] multiqc                                            [DEBUG  ]  No samples found: featureCounts
[2022-08-05 11:09:15,617] multiqc                                            [DEBUG  ]  No samples found: fgbio
[2022-08-05 11:09:15,633] multiqc                                            [DEBUG  ]  No samples found: dragen
[2022-08-05 11:09:15,637] multiqc                                            [DEBUG  ]  No samples found: dedup
[2022-08-05 11:09:15,643] multiqc                                            [DEBUG  ]  No samples found: damageprofiler
[2022-08-05 11:09:16,142] multiqc                                            [DEBUG  ]  No samples found: biobambam2
[2022-08-05 11:09:16,148] multiqc                                            [DEBUG  ]  No samples found: jcvi
[2022-08-05 11:09:16,152] multiqc                                            [DEBUG  ]  No samples found: mtnucratio
[2022-08-05 11:09:16,154] multiqc                                            [DEBUG  ]  No samples found: picard
[2022-08-05 11:09:16,160] multiqc                                            [DEBUG  ]  No samples found: vep
[2022-08-05 11:09:16,168] multiqc                                            [DEBUG  ]  No samples found: sentieon
[2022-08-05 11:09:16,173] multiqc                                            [DEBUG  ]  No samples found: prokka
[2022-08-05 11:09:16,181] multiqc                                            [DEBUG  ]  No samples found: qc3C
[2022-08-05 11:09:16,415] multiqc                                            [DEBUG  ]  No samples found: nanostat
[2022-08-05 11:09:16,650] multiqc                                            [DEBUG  ]  No samples found: samblaster
[2022-08-05 11:09:16,660] multiqc                                            [DEBUG  ]  No samples found: samtools
[2022-08-05 11:09:16,664] multiqc                                            [DEBUG  ]  No samples found: sexdeterrmine
[2022-08-05 11:09:16,669] multiqc                                            [DEBUG  ]  No samples found: eigenstratdatabasetools
[2022-08-05 11:09:16,674] multiqc                                            [DEBUG  ]  No samples found: bamtools
[2022-08-05 11:09:16,678] multiqc                                            [DEBUG  ]  No samples found: jellyfish
[2022-08-05 11:09:16,686] multiqc                                            [DEBUG  ]  No samples found: vcftools
[2022-08-05 11:09:16,691] multiqc                                            [DEBUG  ]  No samples found: longranger
[2022-08-05 11:09:16,696] multiqc                                            [DEBUG  ]  No samples found: stacks
[2022-08-05 11:09:16,931] multiqc                                            [DEBUG  ]  No samples found: varscan2
[2022-08-05 11:09:16,936] multiqc                                            [DEBUG  ]  No samples found: snippy
[2022-08-05 11:09:17,675] multiqc                                            [DEBUG  ]  No samples found: bbmap
[2022-08-05 11:09:17,681] multiqc                                            [DEBUG  ]  No samples found: bismark
[2022-08-05 11:09:17,690] multiqc                                            [DEBUG  ]  No samples found: biscuit
[2022-08-05 11:09:17,695] multiqc                                            [DEBUG  ]  No samples found: hicexplorer
[2022-08-05 11:09:17,700] multiqc                                            [DEBUG  ]  No samples found: hicup
[2022-08-05 11:09:17,705] multiqc                                            [DEBUG  ]  No samples found: hicpro
[2022-08-05 11:09:17,709] multiqc                                            [DEBUG  ]  No samples found: salmon
[2022-08-05 11:09:17,713] multiqc                                            [DEBUG  ]  No samples found: kallisto
[2022-08-05 11:09:17,720] multiqc                                            [DEBUG  ]  No samples found: slamdunk
[2022-08-05 11:09:17,725] multiqc                                            [DEBUG  ]  No samples found: star
[2022-08-05 11:09:17,729] multiqc                                            [DEBUG  ]  No samples found: hisat2
[2022-08-05 11:09:17,734] multiqc                                            [DEBUG  ]  No samples found: tophat
[2022-08-05 11:09:17,738] multiqc                                            [DEBUG  ]  No samples found: bowtie2
[2022-08-05 11:09:17,743] multiqc                                            [DEBUG  ]  No samples found: bowtie1
[2022-08-05 11:09:17,748] multiqc                                            [DEBUG  ]  No samples found: snpsplit
[2022-08-05 11:09:17,753] multiqc                                            [DEBUG  ]  No samples found: odgi
[2022-08-05 11:09:17,758] multiqc                                            [DEBUG  ]  No samples found: pangolin
[2022-08-05 11:09:17,992] multiqc                                            [DEBUG  ]  No samples found: kat
[2022-08-05 11:09:17,996] multiqc                                            [DEBUG  ]  No samples found: leehom
[2022-08-05 11:09:18,002] multiqc                                            [DEBUG  ]  No samples found: adapterRemoval
[2022-08-05 11:09:18,006] multiqc                                            [DEBUG  ]  No samples found: clipandmerge
[2022-08-05 11:09:18,011] multiqc                                            [DEBUG  ]  No samples found: cutadapt
[2022-08-05 11:09:18,016] multiqc                                            [DEBUG  ]  No samples found: flexbar
[2022-08-05 11:09:18,021] multiqc                                            [DEBUG  ]  No samples found: kaiju
[2022-08-05 11:09:18,027] multiqc                                            [DEBUG  ]  No samples found: kraken
[2022-08-05 11:09:18,031] multiqc                                            [DEBUG  ]  No samples found: malt
[2022-08-05 11:09:18,035] multiqc                                            [DEBUG  ]  No samples found: trimmomatic
[2022-08-05 11:09:18,040] multiqc                                            [DEBUG  ]  No samples found: sickle
[2022-08-05 11:09:18,044] multiqc                                            [DEBUG  ]  No samples found: skewer
[2022-08-05 11:09:18,049] multiqc                                            [DEBUG  ]  No samples found: sortmerna
[2022-08-05 11:09:18,053] multiqc                                            [DEBUG  ]  No samples found: biobloomtools
[2022-08-05 11:09:18,059] multiqc                                            [DEBUG  ]  No samples found: fastq_screen
[2022-08-05 11:09:18,063] multiqc                                            [DEBUG  ]  No samples found: afterqc
[2022-08-05 11:09:18,069] multiqc                                            [DEBUG  ]  No samples found: fastp
[2022-08-05 11:09:20,577] multiqc.modules.fastqc.fastqc                      [INFO   ]  Found 4 reports
[2022-08-05 11:09:20,626] multiqc                                            [DEBUG  ]  No samples found: pychopper
[2022-08-05 11:09:20,631] multiqc                                            [DEBUG  ]  No samples found: pycoqc
[2022-08-05 11:09:20,637] multiqc                                            [DEBUG  ]  No samples found: minionqc
[2022-08-05 11:09:20,642] multiqc                                            [DEBUG  ]  No samples found: multivcfanalyzer
[2022-08-05 11:09:20,648] multiqc                                            [DEBUG  ]  No samples found: clusterflow
[2022-08-05 11:09:20,654] multiqc                                            [DEBUG  ]  No samples found: bcl2fastq
[2022-08-05 11:09:20,661] multiqc                                            [DEBUG  ]  No samples found: bclconvert
[2022-08-05 11:09:20,667] multiqc                                            [DEBUG  ]  No samples found: interop
[2022-08-05 11:09:20,671] multiqc                                            [DEBUG  ]  No samples found: ivar
[2022-08-05 11:09:20,676] multiqc                                            [DEBUG  ]  No samples found: flash
[2022-08-05 11:09:20,681] multiqc                                            [DEBUG  ]  No samples found: seqyclean
[2022-08-05 11:09:20,685] multiqc                                            [DEBUG  ]  No samples found: optitype
[2022-08-05 11:09:20,690] multiqc                                            [INFO   ]  Compressing plot data
[2022-08-05 11:09:24,315] multiqc                                            [INFO   ]  Report      : 401673_MGSD_CSIRO.qc.stats/multiqc_report.html
[2022-08-05 11:09:24,315] multiqc                                            [INFO   ]  Data        : 401673_MGSD_CSIRO.qc.stats/multiqc_data
[2022-08-05 11:09:24,315] multiqc                                            [DEBUG  ]  Moving data file from '/tmp/smi9a9.8584611/tmpapmmxby1/multiqc_data' to '401673_MGSD_CSIRO.qc.stats/multiqc_data'
[2022-08-05 11:09:26,769] multiqc                                            [INFO   ]  MultiQC complete
