[2022-08-05 11:08:42,464] multiqc                                            [DEBUG  ]  This is MultiQC v1.11
[2022-08-05 11:08:42,464] multiqc                                            [DEBUG  ]  No MultiQC config found: /apps/multiqc/1.11/lib/python3.9/site-packages/multiqc_config.yaml
[2022-08-05 11:08:42,464] multiqc                                            [DEBUG  ]  No MultiQC config found: /home/smi9a9/.multiqc_config.yaml
[2022-08-05 11:08:44,151] multiqc                                            [DEBUG  ]  No MultiQC config found: multiqc_config.yaml
[2022-08-05 11:08:44,151] multiqc                                            [DEBUG  ]  Command used: /apps/multiqc/1.11/bin/multiqc ./401580_HL7J5DSX3-1_merged_fastqc.html ./401580_HL7J5DSX3-1_merged_fastqc.zip ./401580_HL7J5DSX3-1_merged.fastq.gz ./401580_HL7J5DSX3-1_R1p_fastqc.html ./401580_HL7J5DSX3-1_R1p_fastqc.zip ./401580_HL7J5DSX3-1_R1p.fastq.gz ./401580_HL7J5DSX3-1_R1R2u_fastqc.html ./401580_HL7J5DSX3-1_R1R2u_fastqc.zip ./401580_HL7J5DSX3-1_R1R2u.fastq.gz ./401580_HL7J5DSX3-1_R2p_fastqc.html ./401580_HL7J5DSX3-1_R2p_fastqc.zip ./401580_HL7J5DSX3-1_R2p.fastq.gz ./401580_QCreads.md5 -o 401580_MGSD_CSIRO.qc.stats
[2022-08-05 11:08:44,157] multiqc                                            [DEBUG  ]  Could not connect to multiqc.info for version check: <urlopen error [Errno 111] Connection refused>
[2022-08-05 11:08:44,157] multiqc                                            [DEBUG  ]  Command     : /apps/multiqc/1.11/bin/multiqc ./401580_HL7J5DSX3-1_merged_fastqc.html ./401580_HL7J5DSX3-1_merged_fastqc.zip ./401580_HL7J5DSX3-1_merged.fastq.gz ./401580_HL7J5DSX3-1_R1p_fastqc.html ./401580_HL7J5DSX3-1_R1p_fastqc.zip ./401580_HL7J5DSX3-1_R1p.fastq.gz ./401580_HL7J5DSX3-1_R1R2u_fastqc.html ./401580_HL7J5DSX3-1_R1R2u_fastqc.zip ./401580_HL7J5DSX3-1_R1R2u.fastq.gz ./401580_HL7J5DSX3-1_R2p_fastqc.html ./401580_HL7J5DSX3-1_R2p_fastqc.zip ./401580_HL7J5DSX3-1_R2p.fastq.gz ./401580_QCreads.md5 -o 401580_MGSD_CSIRO.qc.stats
[2022-08-05 11:08:44,157] multiqc                                            [DEBUG  ]  Working dir : /datasets/work/oa-amd/work/amd/Metagenome_QC_reads
[2022-08-05 11:08:44,157] multiqc                                            [DEBUG  ]  Template    : default
[2022-08-05 11:08:44,157] multiqc                                            [DEBUG  ]  Running Python 3.9.4 (default, Apr 25 2021, 16:13:27)  [GCC 10.3.0]
[2022-08-05 11:08:44,157] multiqc                                            [DEBUG  ]  Analysing modules: custom_content, ccs, ngsderive, purple, conpair, lima, peddy, somalier, methylQA, mosdepth, phantompeakqualtools, qualimap, preseq, quast, qorts, rna_seqc, rockhopper, rsem, rseqc, busco, bustools, goleft_indexcov, gffcompare, disambiguate, supernova, deeptools, sargasso, verifybamid, mirtrace, happy, mirtop, sambamba, homer, hops, macs2, theta2, snpeff, gatk, htseq, bcftools, featureCounts, fgbio, dragen, dedup, damageprofiler, biobambam2, jcvi, mtnucratio, picard, vep, sentieon, prokka, qc3C, nanostat, samblaster, samtools, sexdeterrmine, eigenstratdatabasetools, bamtools, jellyfish, vcftools, longranger, stacks, varscan2, snippy, bbmap, bismark, biscuit, hicexplorer, hicup, hicpro, salmon, kallisto, slamdunk, star, hisat2, tophat, bowtie2, bowtie1, snpsplit, odgi, pangolin, kat, leehom, adapterRemoval, clipandmerge, cutadapt, flexbar, kaiju, kraken, malt, trimmomatic, sickle, skewer, sortmerna, biobloomtools, fastq_screen, afterqc, fastp, fastqc, pychopper, pycoqc, minionqc, multivcfanalyzer, clusterflow, bcl2fastq, bclconvert, interop, ivar, flash, seqyclean, optitype
[2022-08-05 11:08:44,157] multiqc                                            [DEBUG  ]  Using temporary directory for creating report: /tmp/smi9a9.8585403/tmp3eu0auch
[2022-08-05 11:08:44,221] multiqc                                            [INFO   ]  Search path : /datasets/work/oa-amd/work/amd/Metagenome_QC_reads/401580_HL7J5DSX3-1_merged_fastqc.html
[2022-08-05 11:08:44,221] multiqc                                            [INFO   ]  Search path : /datasets/work/oa-amd/work/amd/Metagenome_QC_reads/401580_HL7J5DSX3-1_merged_fastqc.zip
[2022-08-05 11:08:44,221] multiqc                                            [INFO   ]  Search path : /datasets/work/oa-amd/work/amd/Metagenome_QC_reads/401580_HL7J5DSX3-1_merged.fastq.gz
[2022-08-05 11:08:44,221] multiqc                                            [INFO   ]  Search path : /datasets/work/oa-amd/work/amd/Metagenome_QC_reads/401580_HL7J5DSX3-1_R1p_fastqc.html
[2022-08-05 11:08:44,221] multiqc                                            [INFO   ]  Search path : /datasets/work/oa-amd/work/amd/Metagenome_QC_reads/401580_HL7J5DSX3-1_R1p_fastqc.zip
[2022-08-05 11:08:44,221] multiqc                                            [INFO   ]  Search path : /datasets/work/oa-amd/work/amd/Metagenome_QC_reads/401580_HL7J5DSX3-1_R1p.fastq.gz
[2022-08-05 11:08:44,221] multiqc                                            [INFO   ]  Search path : /datasets/work/oa-amd/work/amd/Metagenome_QC_reads/401580_HL7J5DSX3-1_R1R2u_fastqc.html
[2022-08-05 11:08:44,221] multiqc                                            [INFO   ]  Search path : /datasets/work/oa-amd/work/amd/Metagenome_QC_reads/401580_HL7J5DSX3-1_R1R2u_fastqc.zip
[2022-08-05 11:08:44,221] multiqc                                            [INFO   ]  Search path : /datasets/work/oa-amd/work/amd/Metagenome_QC_reads/401580_HL7J5DSX3-1_R1R2u.fastq.gz
[2022-08-05 11:08:44,221] multiqc                                            [INFO   ]  Search path : /datasets/work/oa-amd/work/amd/Metagenome_QC_reads/401580_HL7J5DSX3-1_R2p_fastqc.html
[2022-08-05 11:08:44,221] multiqc                                            [INFO   ]  Search path : /datasets/work/oa-amd/work/amd/Metagenome_QC_reads/401580_HL7J5DSX3-1_R2p_fastqc.zip
[2022-08-05 11:08:44,221] multiqc                                            [INFO   ]  Search path : /datasets/work/oa-amd/work/amd/Metagenome_QC_reads/401580_HL7J5DSX3-1_R2p.fastq.gz
[2022-08-05 11:08:44,221] multiqc                                            [INFO   ]  Search path : /datasets/work/oa-amd/work/amd/Metagenome_QC_reads/401580_QCreads.md5
[2022-08-05 11:08:44,593] multiqc                                            [DEBUG  ]  File ignored by ccs/v4 because it exceeded search pattern filesize limit: 401580_HL7J5DSX3-1_merged_fastqc.html
[2022-08-05 11:08:44,608] multiqc                                            [DEBUG  ]  File ignored by hicexplorer because it exceeded search pattern filesize limit: 401580_HL7J5DSX3-1_merged_fastqc.html
[2022-08-05 11:08:44,609] multiqc                                            [DEBUG  ]  File ignored by nanostat because it exceeded search pattern filesize limit: 401580_HL7J5DSX3-1_merged_fastqc.html
[2022-08-05 11:08:44,609] multiqc                                            [DEBUG  ]  File ignored by lima/summary because it exceeded search pattern filesize limit: 401580_HL7J5DSX3-1_merged_fastqc.html
[2022-08-05 11:08:44,629] multiqc                                            [DEBUG  ]  File ignored by vep/vep_txt because it exceeded search pattern filesize limit: 401580_HL7J5DSX3-1_merged_fastqc.html
[2022-08-05 11:08:44,629] multiqc                                            [DEBUG  ]  File ignored by longranger/invocation because it exceeded search pattern filesize limit: 401580_HL7J5DSX3-1_merged_fastqc.html
[2022-08-05 11:08:44,629] multiqc                                            [DEBUG  ]  File ignored by rockhopper because it exceeded search pattern filesize limit: 401580_HL7J5DSX3-1_merged_fastqc.html
[2022-08-05 11:08:44,629] multiqc                                            [DEBUG  ]  File ignored by rseqc/bam_stat because it exceeded search pattern filesize limit: 401580_HL7J5DSX3-1_merged_fastqc.html
[2022-08-05 11:08:44,629] multiqc                                            [DEBUG  ]  File ignored by rseqc/junction_annotation because it exceeded search pattern filesize limit: 401580_HL7J5DSX3-1_merged_fastqc.html
[2022-08-05 11:08:44,629] multiqc                                            [DEBUG  ]  File ignored by rseqc/read_distribution because it exceeded search pattern filesize limit: 401580_HL7J5DSX3-1_merged_fastqc.html
[2022-08-05 11:08:44,629] multiqc                                            [DEBUG  ]  File ignored by rseqc/infer_experiment because it exceeded search pattern filesize limit: 401580_HL7J5DSX3-1_merged_fastqc.html
[2022-08-05 11:08:45,225] multiqc                                            [DEBUG  ]  Ignoring file as matched an ignore pattern: 401580_HL7J5DSX3-1_merged.fastq.gz
[2022-08-05 11:08:45,363] multiqc                                            [DEBUG  ]  File ignored by ccs/v4 because it exceeded search pattern filesize limit: 401580_HL7J5DSX3-1_R1p_fastqc.html
[2022-08-05 11:08:45,505] multiqc                                            [DEBUG  ]  File ignored by hicexplorer because it exceeded search pattern filesize limit: 401580_HL7J5DSX3-1_R1p_fastqc.html
[2022-08-05 11:08:45,506] multiqc                                            [DEBUG  ]  File ignored by nanostat because it exceeded search pattern filesize limit: 401580_HL7J5DSX3-1_R1p_fastqc.html
[2022-08-05 11:08:45,506] multiqc                                            [DEBUG  ]  File ignored by lima/summary because it exceeded search pattern filesize limit: 401580_HL7J5DSX3-1_R1p_fastqc.html
[2022-08-05 11:08:45,576] multiqc                                            [DEBUG  ]  File ignored by vep/vep_txt because it exceeded search pattern filesize limit: 401580_HL7J5DSX3-1_R1p_fastqc.html
[2022-08-05 11:08:45,576] multiqc                                            [DEBUG  ]  File ignored by longranger/invocation because it exceeded search pattern filesize limit: 401580_HL7J5DSX3-1_R1p_fastqc.html
[2022-08-05 11:08:45,576] multiqc                                            [DEBUG  ]  File ignored by rockhopper because it exceeded search pattern filesize limit: 401580_HL7J5DSX3-1_R1p_fastqc.html
[2022-08-05 11:08:45,577] multiqc                                            [DEBUG  ]  File ignored by rseqc/bam_stat because it exceeded search pattern filesize limit: 401580_HL7J5DSX3-1_R1p_fastqc.html
[2022-08-05 11:08:45,577] multiqc                                            [DEBUG  ]  File ignored by rseqc/junction_annotation because it exceeded search pattern filesize limit: 401580_HL7J5DSX3-1_R1p_fastqc.html
[2022-08-05 11:08:45,577] multiqc                                            [DEBUG  ]  File ignored by rseqc/read_distribution because it exceeded search pattern filesize limit: 401580_HL7J5DSX3-1_R1p_fastqc.html
[2022-08-05 11:08:45,577] multiqc                                            [DEBUG  ]  File ignored by rseqc/infer_experiment because it exceeded search pattern filesize limit: 401580_HL7J5DSX3-1_R1p_fastqc.html
[2022-08-05 11:08:45,690] multiqc                                            [DEBUG  ]  Ignoring file as matched an ignore pattern: 401580_HL7J5DSX3-1_R1p.fastq.gz
[2022-08-05 11:08:45,993] multiqc                                            [DEBUG  ]  File ignored by ccs/v4 because it exceeded search pattern filesize limit: 401580_HL7J5DSX3-1_R1R2u_fastqc.html
[2022-08-05 11:08:46,014] multiqc                                            [DEBUG  ]  File ignored by hicexplorer because it exceeded search pattern filesize limit: 401580_HL7J5DSX3-1_R1R2u_fastqc.html
[2022-08-05 11:08:46,015] multiqc                                            [DEBUG  ]  File ignored by nanostat because it exceeded search pattern filesize limit: 401580_HL7J5DSX3-1_R1R2u_fastqc.html
[2022-08-05 11:08:46,015] multiqc                                            [DEBUG  ]  File ignored by lima/summary because it exceeded search pattern filesize limit: 401580_HL7J5DSX3-1_R1R2u_fastqc.html
[2022-08-05 11:08:46,294] multiqc                                            [DEBUG  ]  File ignored by vep/vep_txt because it exceeded search pattern filesize limit: 401580_HL7J5DSX3-1_R1R2u_fastqc.html
[2022-08-05 11:08:46,294] multiqc                                            [DEBUG  ]  File ignored by longranger/invocation because it exceeded search pattern filesize limit: 401580_HL7J5DSX3-1_R1R2u_fastqc.html
[2022-08-05 11:08:46,294] multiqc                                            [DEBUG  ]  File ignored by rockhopper because it exceeded search pattern filesize limit: 401580_HL7J5DSX3-1_R1R2u_fastqc.html
[2022-08-05 11:08:46,294] multiqc                                            [DEBUG  ]  File ignored by rseqc/bam_stat because it exceeded search pattern filesize limit: 401580_HL7J5DSX3-1_R1R2u_fastqc.html
[2022-08-05 11:08:46,294] multiqc                                            [DEBUG  ]  File ignored by rseqc/junction_annotation because it exceeded search pattern filesize limit: 401580_HL7J5DSX3-1_R1R2u_fastqc.html
[2022-08-05 11:08:46,294] multiqc                                            [DEBUG  ]  File ignored by rseqc/read_distribution because it exceeded search pattern filesize limit: 401580_HL7J5DSX3-1_R1R2u_fastqc.html
[2022-08-05 11:08:46,294] multiqc                                            [DEBUG  ]  File ignored by rseqc/infer_experiment because it exceeded search pattern filesize limit: 401580_HL7J5DSX3-1_R1R2u_fastqc.html
[2022-08-05 11:08:46,639] multiqc                                            [DEBUG  ]  Ignoring file as matched an ignore pattern: 401580_HL7J5DSX3-1_R1R2u.fastq.gz
[2022-08-05 11:08:46,981] multiqc                                            [DEBUG  ]  File ignored by ccs/v4 because it exceeded search pattern filesize limit: 401580_HL7J5DSX3-1_R2p_fastqc.html
[2022-08-05 11:08:46,986] multiqc                                            [DEBUG  ]  File ignored by hicexplorer because it exceeded search pattern filesize limit: 401580_HL7J5DSX3-1_R2p_fastqc.html
[2022-08-05 11:08:46,987] multiqc                                            [DEBUG  ]  File ignored by nanostat because it exceeded search pattern filesize limit: 401580_HL7J5DSX3-1_R2p_fastqc.html
[2022-08-05 11:08:46,987] multiqc                                            [DEBUG  ]  File ignored by lima/summary because it exceeded search pattern filesize limit: 401580_HL7J5DSX3-1_R2p_fastqc.html
[2022-08-05 11:08:46,998] multiqc                                            [DEBUG  ]  File ignored by vep/vep_txt because it exceeded search pattern filesize limit: 401580_HL7J5DSX3-1_R2p_fastqc.html
[2022-08-05 11:08:46,998] multiqc                                            [DEBUG  ]  File ignored by longranger/invocation because it exceeded search pattern filesize limit: 401580_HL7J5DSX3-1_R2p_fastqc.html
[2022-08-05 11:08:46,999] multiqc                                            [DEBUG  ]  File ignored by rockhopper because it exceeded search pattern filesize limit: 401580_HL7J5DSX3-1_R2p_fastqc.html
[2022-08-05 11:08:46,999] multiqc                                            [DEBUG  ]  File ignored by rseqc/bam_stat because it exceeded search pattern filesize limit: 401580_HL7J5DSX3-1_R2p_fastqc.html
[2022-08-05 11:08:46,999] multiqc                                            [DEBUG  ]  File ignored by rseqc/junction_annotation because it exceeded search pattern filesize limit: 401580_HL7J5DSX3-1_R2p_fastqc.html
[2022-08-05 11:08:46,999] multiqc                                            [DEBUG  ]  File ignored by rseqc/read_distribution because it exceeded search pattern filesize limit: 401580_HL7J5DSX3-1_R2p_fastqc.html
[2022-08-05 11:08:46,999] multiqc                                            [DEBUG  ]  File ignored by rseqc/infer_experiment because it exceeded search pattern filesize limit: 401580_HL7J5DSX3-1_R2p_fastqc.html
[2022-08-05 11:08:47,331] multiqc                                            [DEBUG  ]  Ignoring file as matched an ignore pattern: 401580_HL7J5DSX3-1_R2p.fastq.gz
[2022-08-05 11:08:47,331] multiqc                                            [DEBUG  ]  Ignoring file as matched an ignore pattern: 401580_QCreads.md5
[2022-08-05 11:08:50,993] multiqc.plots.bargraph                             [DEBUG  ]  Using matplotlib version 3.3.4
[2022-08-05 11:08:50,997] multiqc.plots.linegraph                            [DEBUG  ]  Using matplotlib version 3.3.4
[2022-08-05 11:08:51,000] multiqc                                            [DEBUG  ]  No samples found: custom_content
[2022-08-05 11:08:51,006] multiqc                                            [DEBUG  ]  No samples found: ccs
[2022-08-05 11:08:51,012] multiqc                                            [DEBUG  ]  No samples found: ngsderive
[2022-08-05 11:08:51,017] multiqc                                            [DEBUG  ]  No samples found: purple
[2022-08-05 11:08:51,022] multiqc                                            [DEBUG  ]  No samples found: conpair
[2022-08-05 11:08:51,027] multiqc                                            [DEBUG  ]  No samples found: lima
[2022-08-05 11:08:51,033] multiqc                                            [DEBUG  ]  No samples found: peddy
[2022-08-05 11:08:51,040] multiqc                                            [DEBUG  ]  No samples found: somalier
[2022-08-05 11:08:51,045] multiqc                                            [DEBUG  ]  No samples found: methylQA
[2022-08-05 11:08:51,055] multiqc.modules.mosdepth.mosdepth                  [DEBUG  ]  include_contigs: []
[2022-08-05 11:08:51,055] multiqc.modules.mosdepth.mosdepth                  [DEBUG  ]  exclude_contigs: []
[2022-08-05 11:08:51,055] multiqc                                            [DEBUG  ]  No samples found: mosdepth
[2022-08-05 11:08:51,060] multiqc                                            [DEBUG  ]  No samples found: phantompeakqualtools
[2022-08-05 11:08:51,063] multiqc                                            [DEBUG  ]  No samples found: qualimap
[2022-08-05 11:08:51,069] multiqc                                            [DEBUG  ]  No samples found: preseq
[2022-08-05 11:08:51,074] multiqc                                            [DEBUG  ]  No samples found: quast
[2022-08-05 11:08:51,080] multiqc                                            [DEBUG  ]  No samples found: qorts
[2022-08-05 11:08:51,085] multiqc                                            [DEBUG  ]  No samples found: rna_seqc
[2022-08-05 11:08:51,090] multiqc                                            [DEBUG  ]  No samples found: rockhopper
[2022-08-05 11:08:51,094] multiqc                                            [DEBUG  ]  No samples found: rsem
[2022-08-05 11:08:51,340] multiqc                                            [DEBUG  ]  No samples found: rseqc
[2022-08-05 11:08:51,344] multiqc                                            [DEBUG  ]  No samples found: busco
[2022-08-05 11:08:51,350] multiqc                                            [DEBUG  ]  No samples found: bustools
[2022-08-05 11:08:51,355] multiqc                                            [DEBUG  ]  No samples found: goleft_indexcov
[2022-08-05 11:08:51,360] multiqc                                            [DEBUG  ]  No samples found: gffcompare
[2022-08-05 11:08:51,365] multiqc                                            [DEBUG  ]  No samples found: disambiguate
[2022-08-05 11:08:51,371] multiqc                                            [DEBUG  ]  No samples found: supernova
[2022-08-05 11:08:51,389] multiqc                                            [DEBUG  ]  No samples found: deeptools
[2022-08-05 11:08:51,394] multiqc                                            [DEBUG  ]  No samples found: sargasso
[2022-08-05 11:08:51,629] multiqc                                            [DEBUG  ]  No samples found: verifybamid
[2022-08-05 11:08:51,634] multiqc                                            [DEBUG  ]  No samples found: mirtrace
[2022-08-05 11:08:51,870] multiqc                                            [DEBUG  ]  No samples found: happy
[2022-08-05 11:08:51,875] multiqc                                            [DEBUG  ]  No samples found: mirtop
[2022-08-05 11:08:51,880] multiqc                                            [DEBUG  ]  No samples found: sambamba
[2022-08-05 11:08:51,889] multiqc                                            [DEBUG  ]  No samples found: homer
[2022-08-05 11:08:51,894] multiqc                                            [DEBUG  ]  No samples found: hops
[2022-08-05 11:08:51,898] multiqc                                            [DEBUG  ]  No samples found: macs2
[2022-08-05 11:08:51,903] multiqc                                            [DEBUG  ]  No samples found: theta2
[2022-08-05 11:08:51,908] multiqc                                            [DEBUG  ]  No samples found: snpeff
[2022-08-05 11:08:51,916] multiqc                                            [DEBUG  ]  No samples found: gatk
[2022-08-05 11:08:51,920] multiqc                                            [DEBUG  ]  No samples found: htseq
[2022-08-05 11:08:51,927] multiqc                                            [DEBUG  ]  No samples found: bcftools
[2022-08-05 11:08:51,931] multiqc                                            [DEBUG  ]  No samples found: featureCounts
[2022-08-05 11:08:51,938] multiqc                                            [DEBUG  ]  No samples found: fgbio
[2022-08-05 11:08:51,955] multiqc                                            [DEBUG  ]  No samples found: dragen
[2022-08-05 11:08:51,960] multiqc                                            [DEBUG  ]  No samples found: dedup
[2022-08-05 11:08:51,965] multiqc                                            [DEBUG  ]  No samples found: damageprofiler
[2022-08-05 11:08:52,004] multiqc                                            [DEBUG  ]  No samples found: biobambam2
[2022-08-05 11:08:52,010] multiqc                                            [DEBUG  ]  No samples found: jcvi
[2022-08-05 11:08:52,015] multiqc                                            [DEBUG  ]  No samples found: mtnucratio
[2022-08-05 11:08:52,017] multiqc                                            [DEBUG  ]  No samples found: picard
[2022-08-05 11:08:52,022] multiqc                                            [DEBUG  ]  No samples found: vep
[2022-08-05 11:08:52,031] multiqc                                            [DEBUG  ]  No samples found: sentieon
[2022-08-05 11:08:52,035] multiqc                                            [DEBUG  ]  No samples found: prokka
[2022-08-05 11:08:52,042] multiqc                                            [DEBUG  ]  No samples found: qc3C
[2022-08-05 11:08:52,047] multiqc                                            [DEBUG  ]  No samples found: nanostat
[2022-08-05 11:08:52,051] multiqc                                            [DEBUG  ]  No samples found: samblaster
[2022-08-05 11:08:52,292] multiqc                                            [DEBUG  ]  No samples found: samtools
[2022-08-05 11:08:52,297] multiqc                                            [DEBUG  ]  No samples found: sexdeterrmine
[2022-08-05 11:08:52,301] multiqc                                            [DEBUG  ]  No samples found: eigenstratdatabasetools
[2022-08-05 11:08:52,307] multiqc                                            [DEBUG  ]  No samples found: bamtools
[2022-08-05 11:08:52,311] multiqc                                            [DEBUG  ]  No samples found: jellyfish
[2022-08-05 11:08:52,319] multiqc                                            [DEBUG  ]  No samples found: vcftools
[2022-08-05 11:08:52,325] multiqc                                            [DEBUG  ]  No samples found: longranger
[2022-08-05 11:08:52,330] multiqc                                            [DEBUG  ]  No samples found: stacks
[2022-08-05 11:08:52,335] multiqc                                            [DEBUG  ]  No samples found: varscan2
[2022-08-05 11:08:52,340] multiqc                                            [DEBUG  ]  No samples found: snippy
[2022-08-05 11:08:52,360] multiqc                                            [DEBUG  ]  No samples found: bbmap
[2022-08-05 11:08:52,366] multiqc                                            [DEBUG  ]  No samples found: bismark
[2022-08-05 11:08:52,374] multiqc                                            [DEBUG  ]  No samples found: biscuit
[2022-08-05 11:08:52,380] multiqc                                            [DEBUG  ]  No samples found: hicexplorer
[2022-08-05 11:08:52,615] multiqc                                            [DEBUG  ]  No samples found: hicup
[2022-08-05 11:08:52,621] multiqc                                            [DEBUG  ]  No samples found: hicpro
[2022-08-05 11:08:52,625] multiqc                                            [DEBUG  ]  No samples found: salmon
[2022-08-05 11:08:52,860] multiqc                                            [DEBUG  ]  No samples found: kallisto
[2022-08-05 11:08:52,867] multiqc                                            [DEBUG  ]  No samples found: slamdunk
[2022-08-05 11:08:52,872] multiqc                                            [DEBUG  ]  No samples found: star
[2022-08-05 11:08:52,876] multiqc                                            [DEBUG  ]  No samples found: hisat2
[2022-08-05 11:08:52,881] multiqc                                            [DEBUG  ]  No samples found: tophat
[2022-08-05 11:08:52,886] multiqc                                            [DEBUG  ]  No samples found: bowtie2
[2022-08-05 11:08:52,891] multiqc                                            [DEBUG  ]  No samples found: bowtie1
[2022-08-05 11:08:52,895] multiqc                                            [DEBUG  ]  No samples found: snpsplit
[2022-08-05 11:08:52,901] multiqc                                            [DEBUG  ]  No samples found: odgi
[2022-08-05 11:08:52,905] multiqc                                            [DEBUG  ]  No samples found: pangolin
[2022-08-05 11:08:52,909] multiqc                                            [DEBUG  ]  No samples found: kat
[2022-08-05 11:08:52,913] multiqc                                            [DEBUG  ]  No samples found: leehom
[2022-08-05 11:08:52,918] multiqc                                            [DEBUG  ]  No samples found: adapterRemoval
[2022-08-05 11:08:52,923] multiqc                                            [DEBUG  ]  No samples found: clipandmerge
[2022-08-05 11:08:52,929] multiqc                                            [DEBUG  ]  No samples found: cutadapt
[2022-08-05 11:08:53,163] multiqc                                            [DEBUG  ]  No samples found: flexbar
[2022-08-05 11:08:53,169] multiqc                                            [DEBUG  ]  No samples found: kaiju
[2022-08-05 11:08:53,175] multiqc                                            [DEBUG  ]  No samples found: kraken
[2022-08-05 11:08:53,179] multiqc                                            [DEBUG  ]  No samples found: malt
[2022-08-05 11:08:53,184] multiqc                                            [DEBUG  ]  No samples found: trimmomatic
[2022-08-05 11:08:53,189] multiqc                                            [DEBUG  ]  No samples found: sickle
[2022-08-05 11:08:53,193] multiqc                                            [DEBUG  ]  No samples found: skewer
[2022-08-05 11:08:53,198] multiqc                                            [DEBUG  ]  No samples found: sortmerna
[2022-08-05 11:08:53,202] multiqc                                            [DEBUG  ]  No samples found: biobloomtools
[2022-08-05 11:08:53,207] multiqc                                            [DEBUG  ]  No samples found: fastq_screen
[2022-08-05 11:08:53,212] multiqc                                            [DEBUG  ]  No samples found: afterqc
[2022-08-05 11:08:53,219] multiqc                                            [DEBUG  ]  No samples found: fastp
[2022-08-05 11:08:55,002] multiqc.modules.fastqc.fastqc                      [INFO   ]  Found 4 reports
[2022-08-05 11:08:55,051] multiqc                                            [DEBUG  ]  No samples found: pychopper
[2022-08-05 11:08:55,056] multiqc                                            [DEBUG  ]  No samples found: pycoqc
[2022-08-05 11:08:55,061] multiqc                                            [DEBUG  ]  No samples found: minionqc
[2022-08-05 11:08:55,066] multiqc                                            [DEBUG  ]  No samples found: multivcfanalyzer
[2022-08-05 11:08:55,072] multiqc                                            [DEBUG  ]  No samples found: clusterflow
[2022-08-05 11:08:55,078] multiqc                                            [DEBUG  ]  No samples found: bcl2fastq
[2022-08-05 11:08:55,085] multiqc                                            [DEBUG  ]  No samples found: bclconvert
[2022-08-05 11:08:55,091] multiqc                                            [DEBUG  ]  No samples found: interop
[2022-08-05 11:08:55,095] multiqc                                            [DEBUG  ]  No samples found: ivar
[2022-08-05 11:08:55,100] multiqc                                            [DEBUG  ]  No samples found: flash
[2022-08-05 11:08:55,105] multiqc                                            [DEBUG  ]  No samples found: seqyclean
[2022-08-05 11:08:55,109] multiqc                                            [DEBUG  ]  No samples found: optitype
[2022-08-05 11:08:55,114] multiqc                                            [INFO   ]  Compressing plot data
[2022-08-05 11:08:56,732] multiqc                                            [INFO   ]  Report      : 401580_MGSD_CSIRO.qc.stats/multiqc_report.html
[2022-08-05 11:08:56,732] multiqc                                            [INFO   ]  Data        : 401580_MGSD_CSIRO.qc.stats/multiqc_data
[2022-08-05 11:08:56,732] multiqc                                            [DEBUG  ]  Moving data file from '/tmp/smi9a9.8585403/tmp3eu0auch/multiqc_data' to '401580_MGSD_CSIRO.qc.stats/multiqc_data'
[2022-08-05 11:08:57,064] multiqc                                            [INFO   ]  MultiQC complete
