[2022-08-05 11:14:37,373] multiqc                                            [DEBUG  ]  This is MultiQC v1.11
[2022-08-05 11:14:37,373] multiqc                                            [DEBUG  ]  No MultiQC config found: /apps/multiqc/1.11/lib/python3.9/site-packages/multiqc_config.yaml
[2022-08-05 11:14:37,373] multiqc                                            [DEBUG  ]  No MultiQC config found: /home/smi9a9/.multiqc_config.yaml
[2022-08-05 11:14:37,381] multiqc                                            [DEBUG  ]  No MultiQC config found: multiqc_config.yaml
[2022-08-05 11:14:37,381] multiqc                                            [DEBUG  ]  Command used: /apps/multiqc/1.11/bin/multiqc ./12884_combined_merged_fastqc.html ./12884_combined_merged_fastqc.zip ./12884_combined_merged.fastq.gz ./12884_combined_R1p_fastqc.html ./12884_combined_R1p_fastqc.zip ./12884_combined_R1p.fastq.gz ./12884_combined_R1R2u_fastqc.html ./12884_combined_R1R2u_fastqc.zip ./12884_combined_R1R2u.fastq.gz ./12884_combined_R2p_fastqc.html ./12884_combined_R2p_fastqc.zip ./12884_combined_R2p.fastq.gz ./12884_QCreads.md5 -o 12884_MGSD_CSIRO.qc.stats
[2022-08-05 11:14:37,384] multiqc                                            [DEBUG  ]  Could not connect to multiqc.info for version check: <urlopen error [Errno 111] Connection refused>
[2022-08-05 11:14:37,384] multiqc                                            [DEBUG  ]  Command     : /apps/multiqc/1.11/bin/multiqc ./12884_combined_merged_fastqc.html ./12884_combined_merged_fastqc.zip ./12884_combined_merged.fastq.gz ./12884_combined_R1p_fastqc.html ./12884_combined_R1p_fastqc.zip ./12884_combined_R1p.fastq.gz ./12884_combined_R1R2u_fastqc.html ./12884_combined_R1R2u_fastqc.zip ./12884_combined_R1R2u.fastq.gz ./12884_combined_R2p_fastqc.html ./12884_combined_R2p_fastqc.zip ./12884_combined_R2p.fastq.gz ./12884_QCreads.md5 -o 12884_MGSD_CSIRO.qc.stats
[2022-08-05 11:14:37,384] multiqc                                            [DEBUG  ]  Working dir : /datasets/work/oa-amd/work/amd/Metagenome_QC_reads
[2022-08-05 11:14:37,384] multiqc                                            [DEBUG  ]  Template    : default
[2022-08-05 11:14:37,384] multiqc                                            [DEBUG  ]  Running Python 3.9.4 (default, Apr 25 2021, 16:13:27)  [GCC 10.3.0]
[2022-08-05 11:14:37,384] multiqc                                            [DEBUG  ]  Analysing modules: custom_content, ccs, ngsderive, purple, conpair, lima, peddy, somalier, methylQA, mosdepth, phantompeakqualtools, qualimap, preseq, quast, qorts, rna_seqc, rockhopper, rsem, rseqc, busco, bustools, goleft_indexcov, gffcompare, disambiguate, supernova, deeptools, sargasso, verifybamid, mirtrace, happy, mirtop, sambamba, homer, hops, macs2, theta2, snpeff, gatk, htseq, bcftools, featureCounts, fgbio, dragen, dedup, damageprofiler, biobambam2, jcvi, mtnucratio, picard, vep, sentieon, prokka, qc3C, nanostat, samblaster, samtools, sexdeterrmine, eigenstratdatabasetools, bamtools, jellyfish, vcftools, longranger, stacks, varscan2, snippy, bbmap, bismark, biscuit, hicexplorer, hicup, hicpro, salmon, kallisto, slamdunk, star, hisat2, tophat, bowtie2, bowtie1, snpsplit, odgi, pangolin, kat, leehom, adapterRemoval, clipandmerge, cutadapt, flexbar, kaiju, kraken, malt, trimmomatic, sickle, skewer, sortmerna, biobloomtools, fastq_screen, afterqc, fastp, fastqc, pychopper, pycoqc, minionqc, multivcfanalyzer, clusterflow, bcl2fastq, bclconvert, interop, ivar, flash, seqyclean, optitype
[2022-08-05 11:14:37,384] multiqc                                            [DEBUG  ]  Using temporary directory for creating report: /tmp/smi9a9.8586065/tmpmion6y59
[2022-08-05 11:14:37,446] multiqc                                            [INFO   ]  Search path : /datasets/work/oa-amd/work/amd/Metagenome_QC_reads/12884_combined_merged_fastqc.html
[2022-08-05 11:14:37,446] multiqc                                            [INFO   ]  Search path : /datasets/work/oa-amd/work/amd/Metagenome_QC_reads/12884_combined_merged_fastqc.zip
[2022-08-05 11:14:37,446] multiqc                                            [INFO   ]  Search path : /datasets/work/oa-amd/work/amd/Metagenome_QC_reads/12884_combined_merged.fastq.gz
[2022-08-05 11:14:37,446] multiqc                                            [INFO   ]  Search path : /datasets/work/oa-amd/work/amd/Metagenome_QC_reads/12884_combined_R1p_fastqc.html
[2022-08-05 11:14:37,446] multiqc                                            [INFO   ]  Search path : /datasets/work/oa-amd/work/amd/Metagenome_QC_reads/12884_combined_R1p_fastqc.zip
[2022-08-05 11:14:37,446] multiqc                                            [INFO   ]  Search path : /datasets/work/oa-amd/work/amd/Metagenome_QC_reads/12884_combined_R1p.fastq.gz
[2022-08-05 11:14:37,446] multiqc                                            [INFO   ]  Search path : /datasets/work/oa-amd/work/amd/Metagenome_QC_reads/12884_combined_R1R2u_fastqc.html
[2022-08-05 11:14:37,446] multiqc                                            [INFO   ]  Search path : /datasets/work/oa-amd/work/amd/Metagenome_QC_reads/12884_combined_R1R2u_fastqc.zip
[2022-08-05 11:14:37,446] multiqc                                            [INFO   ]  Search path : /datasets/work/oa-amd/work/amd/Metagenome_QC_reads/12884_combined_R1R2u.fastq.gz
[2022-08-05 11:14:37,446] multiqc                                            [INFO   ]  Search path : /datasets/work/oa-amd/work/amd/Metagenome_QC_reads/12884_combined_R2p_fastqc.html
[2022-08-05 11:14:37,446] multiqc                                            [INFO   ]  Search path : /datasets/work/oa-amd/work/amd/Metagenome_QC_reads/12884_combined_R2p_fastqc.zip
[2022-08-05 11:14:37,446] multiqc                                            [INFO   ]  Search path : /datasets/work/oa-amd/work/amd/Metagenome_QC_reads/12884_combined_R2p.fastq.gz
[2022-08-05 11:14:37,446] multiqc                                            [INFO   ]  Search path : /datasets/work/oa-amd/work/amd/Metagenome_QC_reads/12884_QCreads.md5
[2022-08-05 11:14:37,588] multiqc                                            [DEBUG  ]  File ignored by ccs/v4 because it exceeded search pattern filesize limit: 12884_combined_merged_fastqc.html
[2022-08-05 11:14:37,598] multiqc                                            [DEBUG  ]  File ignored by hicexplorer because it exceeded search pattern filesize limit: 12884_combined_merged_fastqc.html
[2022-08-05 11:14:37,598] multiqc                                            [DEBUG  ]  File ignored by nanostat because it exceeded search pattern filesize limit: 12884_combined_merged_fastqc.html
[2022-08-05 11:14:37,599] multiqc                                            [DEBUG  ]  File ignored by lima/summary because it exceeded search pattern filesize limit: 12884_combined_merged_fastqc.html
[2022-08-05 11:14:37,619] multiqc                                            [DEBUG  ]  File ignored by vep/vep_txt because it exceeded search pattern filesize limit: 12884_combined_merged_fastqc.html
[2022-08-05 11:14:37,620] multiqc                                            [DEBUG  ]  File ignored by longranger/invocation because it exceeded search pattern filesize limit: 12884_combined_merged_fastqc.html
[2022-08-05 11:14:37,620] multiqc                                            [DEBUG  ]  File ignored by rockhopper because it exceeded search pattern filesize limit: 12884_combined_merged_fastqc.html
[2022-08-05 11:14:37,620] multiqc                                            [DEBUG  ]  File ignored by rseqc/bam_stat because it exceeded search pattern filesize limit: 12884_combined_merged_fastqc.html
[2022-08-05 11:14:37,620] multiqc                                            [DEBUG  ]  File ignored by rseqc/junction_annotation because it exceeded search pattern filesize limit: 12884_combined_merged_fastqc.html
[2022-08-05 11:14:37,620] multiqc                                            [DEBUG  ]  File ignored by rseqc/read_distribution because it exceeded search pattern filesize limit: 12884_combined_merged_fastqc.html
[2022-08-05 11:14:37,620] multiqc                                            [DEBUG  ]  File ignored by rseqc/infer_experiment because it exceeded search pattern filesize limit: 12884_combined_merged_fastqc.html
[2022-08-05 11:14:38,223] multiqc                                            [DEBUG  ]  Ignoring file as matched an ignore pattern: 12884_combined_merged.fastq.gz
[2022-08-05 11:14:38,337] multiqc                                            [DEBUG  ]  File ignored by ccs/v4 because it exceeded search pattern filesize limit: 12884_combined_R1p_fastqc.html
[2022-08-05 11:14:38,580] multiqc                                            [DEBUG  ]  File ignored by hicexplorer because it exceeded search pattern filesize limit: 12884_combined_R1p_fastqc.html
[2022-08-05 11:14:38,582] multiqc                                            [DEBUG  ]  File ignored by nanostat because it exceeded search pattern filesize limit: 12884_combined_R1p_fastqc.html
[2022-08-05 11:14:38,582] multiqc                                            [DEBUG  ]  File ignored by lima/summary because it exceeded search pattern filesize limit: 12884_combined_R1p_fastqc.html
[2022-08-05 11:14:38,617] multiqc                                            [DEBUG  ]  File ignored by vep/vep_txt because it exceeded search pattern filesize limit: 12884_combined_R1p_fastqc.html
[2022-08-05 11:14:38,618] multiqc                                            [DEBUG  ]  File ignored by longranger/invocation because it exceeded search pattern filesize limit: 12884_combined_R1p_fastqc.html
[2022-08-05 11:14:38,618] multiqc                                            [DEBUG  ]  File ignored by rockhopper because it exceeded search pattern filesize limit: 12884_combined_R1p_fastqc.html
[2022-08-05 11:14:38,618] multiqc                                            [DEBUG  ]  File ignored by rseqc/bam_stat because it exceeded search pattern filesize limit: 12884_combined_R1p_fastqc.html
[2022-08-05 11:14:38,618] multiqc                                            [DEBUG  ]  File ignored by rseqc/junction_annotation because it exceeded search pattern filesize limit: 12884_combined_R1p_fastqc.html
[2022-08-05 11:14:38,618] multiqc                                            [DEBUG  ]  File ignored by rseqc/read_distribution because it exceeded search pattern filesize limit: 12884_combined_R1p_fastqc.html
[2022-08-05 11:14:38,618] multiqc                                            [DEBUG  ]  File ignored by rseqc/infer_experiment because it exceeded search pattern filesize limit: 12884_combined_R1p_fastqc.html
[2022-08-05 11:14:38,766] multiqc                                            [DEBUG  ]  Ignoring file as matched an ignore pattern: 12884_combined_R1p.fastq.gz
[2022-08-05 11:14:38,901] multiqc                                            [DEBUG  ]  File ignored by ccs/v4 because it exceeded search pattern filesize limit: 12884_combined_R1R2u_fastqc.html
[2022-08-05 11:14:38,915] multiqc                                            [DEBUG  ]  File ignored by hicexplorer because it exceeded search pattern filesize limit: 12884_combined_R1R2u_fastqc.html
[2022-08-05 11:14:38,917] multiqc                                            [DEBUG  ]  File ignored by nanostat because it exceeded search pattern filesize limit: 12884_combined_R1R2u_fastqc.html
[2022-08-05 11:14:38,917] multiqc                                            [DEBUG  ]  File ignored by lima/summary because it exceeded search pattern filesize limit: 12884_combined_R1R2u_fastqc.html
[2022-08-05 11:14:39,187] multiqc                                            [DEBUG  ]  File ignored by vep/vep_txt because it exceeded search pattern filesize limit: 12884_combined_R1R2u_fastqc.html
[2022-08-05 11:14:39,187] multiqc                                            [DEBUG  ]  File ignored by longranger/invocation because it exceeded search pattern filesize limit: 12884_combined_R1R2u_fastqc.html
[2022-08-05 11:14:39,187] multiqc                                            [DEBUG  ]  File ignored by rockhopper because it exceeded search pattern filesize limit: 12884_combined_R1R2u_fastqc.html
[2022-08-05 11:14:39,187] multiqc                                            [DEBUG  ]  File ignored by rseqc/bam_stat because it exceeded search pattern filesize limit: 12884_combined_R1R2u_fastqc.html
[2022-08-05 11:14:39,187] multiqc                                            [DEBUG  ]  File ignored by rseqc/junction_annotation because it exceeded search pattern filesize limit: 12884_combined_R1R2u_fastqc.html
[2022-08-05 11:14:39,187] multiqc                                            [DEBUG  ]  File ignored by rseqc/read_distribution because it exceeded search pattern filesize limit: 12884_combined_R1R2u_fastqc.html
[2022-08-05 11:14:39,188] multiqc                                            [DEBUG  ]  File ignored by rseqc/infer_experiment because it exceeded search pattern filesize limit: 12884_combined_R1R2u_fastqc.html
[2022-08-05 11:14:39,348] multiqc                                            [DEBUG  ]  Ignoring file as matched an ignore pattern: 12884_combined_R1R2u.fastq.gz
[2022-08-05 11:14:39,452] multiqc                                            [DEBUG  ]  File ignored by ccs/v4 because it exceeded search pattern filesize limit: 12884_combined_R2p_fastqc.html
[2022-08-05 11:14:39,498] multiqc                                            [DEBUG  ]  File ignored by hicexplorer because it exceeded search pattern filesize limit: 12884_combined_R2p_fastqc.html
[2022-08-05 11:14:39,501] multiqc                                            [DEBUG  ]  File ignored by nanostat because it exceeded search pattern filesize limit: 12884_combined_R2p_fastqc.html
[2022-08-05 11:14:39,501] multiqc                                            [DEBUG  ]  File ignored by lima/summary because it exceeded search pattern filesize limit: 12884_combined_R2p_fastqc.html
[2022-08-05 11:14:39,663] multiqc                                            [DEBUG  ]  File ignored by vep/vep_txt because it exceeded search pattern filesize limit: 12884_combined_R2p_fastqc.html
[2022-08-05 11:14:39,663] multiqc                                            [DEBUG  ]  File ignored by longranger/invocation because it exceeded search pattern filesize limit: 12884_combined_R2p_fastqc.html
[2022-08-05 11:14:39,663] multiqc                                            [DEBUG  ]  File ignored by rockhopper because it exceeded search pattern filesize limit: 12884_combined_R2p_fastqc.html
[2022-08-05 11:14:39,663] multiqc                                            [DEBUG  ]  File ignored by rseqc/bam_stat because it exceeded search pattern filesize limit: 12884_combined_R2p_fastqc.html
[2022-08-05 11:14:39,663] multiqc                                            [DEBUG  ]  File ignored by rseqc/junction_annotation because it exceeded search pattern filesize limit: 12884_combined_R2p_fastqc.html
[2022-08-05 11:14:39,663] multiqc                                            [DEBUG  ]  File ignored by rseqc/read_distribution because it exceeded search pattern filesize limit: 12884_combined_R2p_fastqc.html
[2022-08-05 11:14:39,663] multiqc                                            [DEBUG  ]  File ignored by rseqc/infer_experiment because it exceeded search pattern filesize limit: 12884_combined_R2p_fastqc.html
[2022-08-05 11:14:39,855] multiqc                                            [DEBUG  ]  Ignoring file as matched an ignore pattern: 12884_combined_R2p.fastq.gz
[2022-08-05 11:14:39,855] multiqc                                            [DEBUG  ]  Ignoring file as matched an ignore pattern: 12884_QCreads.md5
[2022-08-05 11:14:40,175] multiqc.plots.bargraph                             [DEBUG  ]  Using matplotlib version 3.3.4
[2022-08-05 11:14:40,179] multiqc.plots.linegraph                            [DEBUG  ]  Using matplotlib version 3.3.4
[2022-08-05 11:14:40,183] multiqc                                            [DEBUG  ]  No samples found: custom_content
[2022-08-05 11:14:40,189] multiqc                                            [DEBUG  ]  No samples found: ccs
[2022-08-05 11:14:40,194] multiqc                                            [DEBUG  ]  No samples found: ngsderive
[2022-08-05 11:14:40,200] multiqc                                            [DEBUG  ]  No samples found: purple
[2022-08-05 11:14:40,204] multiqc                                            [DEBUG  ]  No samples found: conpair
[2022-08-05 11:14:40,210] multiqc                                            [DEBUG  ]  No samples found: lima
[2022-08-05 11:14:40,215] multiqc                                            [DEBUG  ]  No samples found: peddy
[2022-08-05 11:14:40,222] multiqc                                            [DEBUG  ]  No samples found: somalier
[2022-08-05 11:14:40,227] multiqc                                            [DEBUG  ]  No samples found: methylQA
[2022-08-05 11:14:40,237] multiqc.modules.mosdepth.mosdepth                  [DEBUG  ]  include_contigs: []
[2022-08-05 11:14:40,237] multiqc.modules.mosdepth.mosdepth                  [DEBUG  ]  exclude_contigs: []
[2022-08-05 11:14:40,237] multiqc                                            [DEBUG  ]  No samples found: mosdepth
[2022-08-05 11:14:40,242] multiqc                                            [DEBUG  ]  No samples found: phantompeakqualtools
[2022-08-05 11:14:40,245] multiqc                                            [DEBUG  ]  No samples found: qualimap
[2022-08-05 11:14:40,251] multiqc                                            [DEBUG  ]  No samples found: preseq
[2022-08-05 11:14:40,257] multiqc                                            [DEBUG  ]  No samples found: quast
[2022-08-05 11:14:40,262] multiqc                                            [DEBUG  ]  No samples found: qorts
[2022-08-05 11:14:40,268] multiqc                                            [DEBUG  ]  No samples found: rna_seqc
[2022-08-05 11:14:40,274] multiqc                                            [DEBUG  ]  No samples found: rockhopper
[2022-08-05 11:14:40,279] multiqc                                            [DEBUG  ]  No samples found: rsem
[2022-08-05 11:14:40,296] multiqc                                            [DEBUG  ]  No samples found: rseqc
[2022-08-05 11:14:40,301] multiqc                                            [DEBUG  ]  No samples found: busco
[2022-08-05 11:14:40,306] multiqc                                            [DEBUG  ]  No samples found: bustools
[2022-08-05 11:14:40,312] multiqc                                            [DEBUG  ]  No samples found: goleft_indexcov
[2022-08-05 11:14:40,317] multiqc                                            [DEBUG  ]  No samples found: gffcompare
[2022-08-05 11:14:40,321] multiqc                                            [DEBUG  ]  No samples found: disambiguate
[2022-08-05 11:14:40,328] multiqc                                            [DEBUG  ]  No samples found: supernova
[2022-08-05 11:14:40,346] multiqc                                            [DEBUG  ]  No samples found: deeptools
[2022-08-05 11:14:40,351] multiqc                                            [DEBUG  ]  No samples found: sargasso
[2022-08-05 11:14:40,358] multiqc                                            [DEBUG  ]  No samples found: verifybamid
[2022-08-05 11:14:40,364] multiqc                                            [DEBUG  ]  No samples found: mirtrace
[2022-08-05 11:14:40,370] multiqc                                            [DEBUG  ]  No samples found: happy
[2022-08-05 11:14:40,375] multiqc                                            [DEBUG  ]  No samples found: mirtop
[2022-08-05 11:14:40,381] multiqc                                            [DEBUG  ]  No samples found: sambamba
[2022-08-05 11:14:40,390] multiqc                                            [DEBUG  ]  No samples found: homer
[2022-08-05 11:14:40,394] multiqc                                            [DEBUG  ]  No samples found: hops
[2022-08-05 11:14:40,399] multiqc                                            [DEBUG  ]  No samples found: macs2
[2022-08-05 11:14:40,404] multiqc                                            [DEBUG  ]  No samples found: theta2
[2022-08-05 11:14:40,409] multiqc                                            [DEBUG  ]  No samples found: snpeff
[2022-08-05 11:14:40,488] multiqc                                            [DEBUG  ]  No samples found: gatk
[2022-08-05 11:14:40,492] multiqc                                            [DEBUG  ]  No samples found: htseq
[2022-08-05 11:14:40,498] multiqc                                            [DEBUG  ]  No samples found: bcftools
[2022-08-05 11:14:40,503] multiqc                                            [DEBUG  ]  No samples found: featureCounts
[2022-08-05 11:14:40,510] multiqc                                            [DEBUG  ]  No samples found: fgbio
[2022-08-05 11:14:40,526] multiqc                                            [DEBUG  ]  No samples found: dragen
[2022-08-05 11:14:40,531] multiqc                                            [DEBUG  ]  No samples found: dedup
[2022-08-05 11:14:40,536] multiqc                                            [DEBUG  ]  No samples found: damageprofiler
[2022-08-05 11:14:40,802] multiqc                                            [DEBUG  ]  No samples found: biobambam2
[2022-08-05 11:14:40,808] multiqc                                            [DEBUG  ]  No samples found: jcvi
[2022-08-05 11:14:40,813] multiqc                                            [DEBUG  ]  No samples found: mtnucratio
[2022-08-05 11:14:40,815] multiqc                                            [DEBUG  ]  No samples found: picard
[2022-08-05 11:14:40,820] multiqc                                            [DEBUG  ]  No samples found: vep
[2022-08-05 11:14:40,828] multiqc                                            [DEBUG  ]  No samples found: sentieon
[2022-08-05 11:14:40,833] multiqc                                            [DEBUG  ]  No samples found: prokka
[2022-08-05 11:14:40,841] multiqc                                            [DEBUG  ]  No samples found: qc3C
[2022-08-05 11:14:40,846] multiqc                                            [DEBUG  ]  No samples found: nanostat
[2022-08-05 11:14:40,851] multiqc                                            [DEBUG  ]  No samples found: samblaster
[2022-08-05 11:14:40,860] multiqc                                            [DEBUG  ]  No samples found: samtools
[2022-08-05 11:14:40,865] multiqc                                            [DEBUG  ]  No samples found: sexdeterrmine
[2022-08-05 11:14:40,869] multiqc                                            [DEBUG  ]  No samples found: eigenstratdatabasetools
[2022-08-05 11:14:40,874] multiqc                                            [DEBUG  ]  No samples found: bamtools
[2022-08-05 11:14:40,878] multiqc                                            [DEBUG  ]  No samples found: jellyfish
[2022-08-05 11:14:40,886] multiqc                                            [DEBUG  ]  No samples found: vcftools
[2022-08-05 11:14:40,892] multiqc                                            [DEBUG  ]  No samples found: longranger
[2022-08-05 11:14:40,897] multiqc                                            [DEBUG  ]  No samples found: stacks
[2022-08-05 11:14:40,902] multiqc                                            [DEBUG  ]  No samples found: varscan2
[2022-08-05 11:14:40,906] multiqc                                            [DEBUG  ]  No samples found: snippy
[2022-08-05 11:14:40,924] multiqc                                            [DEBUG  ]  No samples found: bbmap
[2022-08-05 11:14:40,930] multiqc                                            [DEBUG  ]  No samples found: bismark
[2022-08-05 11:14:40,941] multiqc                                            [DEBUG  ]  No samples found: biscuit
[2022-08-05 11:14:40,946] multiqc                                            [DEBUG  ]  No samples found: hicexplorer
[2022-08-05 11:14:40,951] multiqc                                            [DEBUG  ]  No samples found: hicup
[2022-08-05 11:14:40,956] multiqc                                            [DEBUG  ]  No samples found: hicpro
[2022-08-05 11:14:40,961] multiqc                                            [DEBUG  ]  No samples found: salmon
[2022-08-05 11:14:40,966] multiqc                                            [DEBUG  ]  No samples found: kallisto
[2022-08-05 11:14:40,973] multiqc                                            [DEBUG  ]  No samples found: slamdunk
[2022-08-05 11:14:40,978] multiqc                                            [DEBUG  ]  No samples found: star
[2022-08-05 11:14:40,983] multiqc                                            [DEBUG  ]  No samples found: hisat2
[2022-08-05 11:14:40,988] multiqc                                            [DEBUG  ]  No samples found: tophat
[2022-08-05 11:14:40,992] multiqc                                            [DEBUG  ]  No samples found: bowtie2
[2022-08-05 11:14:40,997] multiqc                                            [DEBUG  ]  No samples found: bowtie1
[2022-08-05 11:14:41,002] multiqc                                            [DEBUG  ]  No samples found: snpsplit
[2022-08-05 11:14:41,007] multiqc                                            [DEBUG  ]  No samples found: odgi
[2022-08-05 11:14:41,011] multiqc                                            [DEBUG  ]  No samples found: pangolin
[2022-08-05 11:14:41,015] multiqc                                            [DEBUG  ]  No samples found: kat
[2022-08-05 11:14:41,024] multiqc                                            [DEBUG  ]  No samples found: leehom
[2022-08-05 11:14:41,032] multiqc                                            [DEBUG  ]  No samples found: adapterRemoval
[2022-08-05 11:14:41,037] multiqc                                            [DEBUG  ]  No samples found: clipandmerge
[2022-08-05 11:14:41,042] multiqc                                            [DEBUG  ]  No samples found: cutadapt
[2022-08-05 11:14:41,047] multiqc                                            [DEBUG  ]  No samples found: flexbar
[2022-08-05 11:14:41,052] multiqc                                            [DEBUG  ]  No samples found: kaiju
[2022-08-05 11:14:41,058] multiqc                                            [DEBUG  ]  No samples found: kraken
[2022-08-05 11:14:41,063] multiqc                                            [DEBUG  ]  No samples found: malt
[2022-08-05 11:14:41,068] multiqc                                            [DEBUG  ]  No samples found: trimmomatic
[2022-08-05 11:14:41,072] multiqc                                            [DEBUG  ]  No samples found: sickle
[2022-08-05 11:14:41,077] multiqc                                            [DEBUG  ]  No samples found: skewer
[2022-08-05 11:14:41,081] multiqc                                            [DEBUG  ]  No samples found: sortmerna
[2022-08-05 11:14:41,086] multiqc                                            [DEBUG  ]  No samples found: biobloomtools
[2022-08-05 11:14:41,092] multiqc                                            [DEBUG  ]  No samples found: fastq_screen
[2022-08-05 11:14:41,096] multiqc                                            [DEBUG  ]  No samples found: afterqc
[2022-08-05 11:14:41,102] multiqc                                            [DEBUG  ]  No samples found: fastp
[2022-08-05 11:14:41,338] multiqc.modules.fastqc.fastqc                      [INFO   ]  Found 4 reports
[2022-08-05 11:14:41,425] multiqc                                            [DEBUG  ]  No samples found: pychopper
[2022-08-05 11:14:41,430] multiqc                                            [DEBUG  ]  No samples found: pycoqc
[2022-08-05 11:14:41,435] multiqc                                            [DEBUG  ]  No samples found: minionqc
[2022-08-05 11:14:41,441] multiqc                                            [DEBUG  ]  No samples found: multivcfanalyzer
[2022-08-05 11:14:41,446] multiqc                                            [DEBUG  ]  No samples found: clusterflow
[2022-08-05 11:14:41,452] multiqc                                            [DEBUG  ]  No samples found: bcl2fastq
[2022-08-05 11:14:41,460] multiqc                                            [DEBUG  ]  No samples found: bclconvert
[2022-08-05 11:14:41,466] multiqc                                            [DEBUG  ]  No samples found: interop
[2022-08-05 11:14:41,471] multiqc                                            [DEBUG  ]  No samples found: ivar
[2022-08-05 11:14:41,476] multiqc                                            [DEBUG  ]  No samples found: flash
[2022-08-05 11:14:41,480] multiqc                                            [DEBUG  ]  No samples found: seqyclean
[2022-08-05 11:14:41,485] multiqc                                            [DEBUG  ]  No samples found: optitype
[2022-08-05 11:14:41,490] multiqc                                            [INFO   ]  Compressing plot data
[2022-08-05 11:14:41,707] multiqc                                            [INFO   ]  Report      : 12884_MGSD_CSIRO.qc.stats/multiqc_report.html
[2022-08-05 11:14:41,707] multiqc                                            [INFO   ]  Data        : 12884_MGSD_CSIRO.qc.stats/multiqc_data
[2022-08-05 11:14:41,707] multiqc                                            [DEBUG  ]  Moving data file from '/tmp/smi9a9.8586065/tmpmion6y59/multiqc_data' to '12884_MGSD_CSIRO.qc.stats/multiqc_data'
[2022-08-05 11:14:42,722] multiqc                                            [INFO   ]  MultiQC complete
