[2022-08-05 11:12:31,211] multiqc                                            [DEBUG  ]  This is MultiQC v1.11
[2022-08-05 11:12:31,211] multiqc                                            [DEBUG  ]  No MultiQC config found: /apps/multiqc/1.11/lib/python3.9/site-packages/multiqc_config.yaml
[2022-08-05 11:12:31,211] multiqc                                            [DEBUG  ]  No MultiQC config found: /home/smi9a9/.multiqc_config.yaml
[2022-08-05 11:12:44,024] multiqc                                            [DEBUG  ]  No MultiQC config found: multiqc_config.yaml
[2022-08-05 11:12:44,025] multiqc                                            [DEBUG  ]  Command used: /apps/multiqc/1.11/bin/multiqc ./19459_combined_merged_fastqc.html ./19459_combined_merged_fastqc.zip ./19459_combined_merged.fastq.gz ./19459_combined_R1p_fastqc.html ./19459_combined_R1p_fastqc.zip ./19459_combined_R1p.fastq.gz ./19459_combined_R1R2u_fastqc.html ./19459_combined_R1R2u_fastqc.zip ./19459_combined_R1R2u.fastq.gz ./19459_combined_R2p_fastqc.html ./19459_combined_R2p_fastqc.zip ./19459_combined_R2p.fastq.gz ./19459_QCreads.md5 -o 19459_MGSD_CSIRO.qc.stats
[2022-08-05 11:12:44,028] multiqc                                            [DEBUG  ]  Could not connect to multiqc.info for version check: <urlopen error [Errno 111] Connection refused>
[2022-08-05 11:12:44,028] multiqc                                            [DEBUG  ]  Command     : /apps/multiqc/1.11/bin/multiqc ./19459_combined_merged_fastqc.html ./19459_combined_merged_fastqc.zip ./19459_combined_merged.fastq.gz ./19459_combined_R1p_fastqc.html ./19459_combined_R1p_fastqc.zip ./19459_combined_R1p.fastq.gz ./19459_combined_R1R2u_fastqc.html ./19459_combined_R1R2u_fastqc.zip ./19459_combined_R1R2u.fastq.gz ./19459_combined_R2p_fastqc.html ./19459_combined_R2p_fastqc.zip ./19459_combined_R2p.fastq.gz ./19459_QCreads.md5 -o 19459_MGSD_CSIRO.qc.stats
[2022-08-05 11:12:44,028] multiqc                                            [DEBUG  ]  Working dir : /datasets/work/oa-amd/work/amd/Metagenome_QC_reads
[2022-08-05 11:12:44,028] multiqc                                            [DEBUG  ]  Template    : default
[2022-08-05 11:12:44,028] multiqc                                            [DEBUG  ]  Running Python 3.9.4 (default, Apr 25 2021, 16:13:27)  [GCC 10.3.0]
[2022-08-05 11:12:44,028] multiqc                                            [DEBUG  ]  Analysing modules: custom_content, ccs, ngsderive, purple, conpair, lima, peddy, somalier, methylQA, mosdepth, phantompeakqualtools, qualimap, preseq, quast, qorts, rna_seqc, rockhopper, rsem, rseqc, busco, bustools, goleft_indexcov, gffcompare, disambiguate, supernova, deeptools, sargasso, verifybamid, mirtrace, happy, mirtop, sambamba, homer, hops, macs2, theta2, snpeff, gatk, htseq, bcftools, featureCounts, fgbio, dragen, dedup, damageprofiler, biobambam2, jcvi, mtnucratio, picard, vep, sentieon, prokka, qc3C, nanostat, samblaster, samtools, sexdeterrmine, eigenstratdatabasetools, bamtools, jellyfish, vcftools, longranger, stacks, varscan2, snippy, bbmap, bismark, biscuit, hicexplorer, hicup, hicpro, salmon, kallisto, slamdunk, star, hisat2, tophat, bowtie2, bowtie1, snpsplit, odgi, pangolin, kat, leehom, adapterRemoval, clipandmerge, cutadapt, flexbar, kaiju, kraken, malt, trimmomatic, sickle, skewer, sortmerna, biobloomtools, fastq_screen, afterqc, fastp, fastqc, pychopper, pycoqc, minionqc, multivcfanalyzer, clusterflow, bcl2fastq, bclconvert, interop, ivar, flash, seqyclean, optitype
[2022-08-05 11:12:44,028] multiqc                                            [DEBUG  ]  Using temporary directory for creating report: /tmp/smi9a9.8586070/tmp8h2q5eh_
[2022-08-05 11:12:44,123] multiqc                                            [INFO   ]  Search path : /datasets/work/oa-amd/work/amd/Metagenome_QC_reads/19459_combined_merged_fastqc.html
[2022-08-05 11:12:44,123] multiqc                                            [INFO   ]  Search path : /datasets/work/oa-amd/work/amd/Metagenome_QC_reads/19459_combined_merged_fastqc.zip
[2022-08-05 11:12:44,123] multiqc                                            [INFO   ]  Search path : /datasets/work/oa-amd/work/amd/Metagenome_QC_reads/19459_combined_merged.fastq.gz
[2022-08-05 11:12:44,123] multiqc                                            [INFO   ]  Search path : /datasets/work/oa-amd/work/amd/Metagenome_QC_reads/19459_combined_R1p_fastqc.html
[2022-08-05 11:12:44,123] multiqc                                            [INFO   ]  Search path : /datasets/work/oa-amd/work/amd/Metagenome_QC_reads/19459_combined_R1p_fastqc.zip
[2022-08-05 11:12:44,123] multiqc                                            [INFO   ]  Search path : /datasets/work/oa-amd/work/amd/Metagenome_QC_reads/19459_combined_R1p.fastq.gz
[2022-08-05 11:12:44,123] multiqc                                            [INFO   ]  Search path : /datasets/work/oa-amd/work/amd/Metagenome_QC_reads/19459_combined_R1R2u_fastqc.html
[2022-08-05 11:12:44,123] multiqc                                            [INFO   ]  Search path : /datasets/work/oa-amd/work/amd/Metagenome_QC_reads/19459_combined_R1R2u_fastqc.zip
[2022-08-05 11:12:44,123] multiqc                                            [INFO   ]  Search path : /datasets/work/oa-amd/work/amd/Metagenome_QC_reads/19459_combined_R1R2u.fastq.gz
[2022-08-05 11:12:44,123] multiqc                                            [INFO   ]  Search path : /datasets/work/oa-amd/work/amd/Metagenome_QC_reads/19459_combined_R2p_fastqc.html
[2022-08-05 11:12:44,123] multiqc                                            [INFO   ]  Search path : /datasets/work/oa-amd/work/amd/Metagenome_QC_reads/19459_combined_R2p_fastqc.zip
[2022-08-05 11:12:44,124] multiqc                                            [INFO   ]  Search path : /datasets/work/oa-amd/work/amd/Metagenome_QC_reads/19459_combined_R2p.fastq.gz
[2022-08-05 11:12:44,124] multiqc                                            [INFO   ]  Search path : /datasets/work/oa-amd/work/amd/Metagenome_QC_reads/19459_QCreads.md5
[2022-08-05 11:12:47,091] multiqc                                            [DEBUG  ]  File ignored by ccs/v4 because it exceeded search pattern filesize limit: 19459_combined_merged_fastqc.html
[2022-08-05 11:12:47,775] multiqc                                            [DEBUG  ]  File ignored by hicexplorer because it exceeded search pattern filesize limit: 19459_combined_merged_fastqc.html
[2022-08-05 11:12:47,776] multiqc                                            [DEBUG  ]  File ignored by nanostat because it exceeded search pattern filesize limit: 19459_combined_merged_fastqc.html
[2022-08-05 11:12:47,776] multiqc                                            [DEBUG  ]  File ignored by lima/summary because it exceeded search pattern filesize limit: 19459_combined_merged_fastqc.html
[2022-08-05 11:12:47,795] multiqc                                            [DEBUG  ]  File ignored by vep/vep_txt because it exceeded search pattern filesize limit: 19459_combined_merged_fastqc.html
[2022-08-05 11:12:47,795] multiqc                                            [DEBUG  ]  File ignored by longranger/invocation because it exceeded search pattern filesize limit: 19459_combined_merged_fastqc.html
[2022-08-05 11:12:47,795] multiqc                                            [DEBUG  ]  File ignored by rockhopper because it exceeded search pattern filesize limit: 19459_combined_merged_fastqc.html
[2022-08-05 11:12:47,795] multiqc                                            [DEBUG  ]  File ignored by rseqc/bam_stat because it exceeded search pattern filesize limit: 19459_combined_merged_fastqc.html
[2022-08-05 11:12:47,795] multiqc                                            [DEBUG  ]  File ignored by rseqc/junction_annotation because it exceeded search pattern filesize limit: 19459_combined_merged_fastqc.html
[2022-08-05 11:12:47,795] multiqc                                            [DEBUG  ]  File ignored by rseqc/read_distribution because it exceeded search pattern filesize limit: 19459_combined_merged_fastqc.html
[2022-08-05 11:12:47,795] multiqc                                            [DEBUG  ]  File ignored by rseqc/infer_experiment because it exceeded search pattern filesize limit: 19459_combined_merged_fastqc.html
[2022-08-05 11:12:49,335] multiqc                                            [DEBUG  ]  Ignoring file as matched an ignore pattern: 19459_combined_merged.fastq.gz
[2022-08-05 11:12:49,373] multiqc                                            [DEBUG  ]  File ignored by ccs/v4 because it exceeded search pattern filesize limit: 19459_combined_R1p_fastqc.html
[2022-08-05 11:12:49,384] multiqc                                            [DEBUG  ]  File ignored by hicexplorer because it exceeded search pattern filesize limit: 19459_combined_R1p_fastqc.html
[2022-08-05 11:12:49,384] multiqc                                            [DEBUG  ]  File ignored by nanostat because it exceeded search pattern filesize limit: 19459_combined_R1p_fastqc.html
[2022-08-05 11:12:49,384] multiqc                                            [DEBUG  ]  File ignored by lima/summary because it exceeded search pattern filesize limit: 19459_combined_R1p_fastqc.html
[2022-08-05 11:12:49,399] multiqc                                            [DEBUG  ]  File ignored by vep/vep_txt because it exceeded search pattern filesize limit: 19459_combined_R1p_fastqc.html
[2022-08-05 11:12:49,399] multiqc                                            [DEBUG  ]  File ignored by longranger/invocation because it exceeded search pattern filesize limit: 19459_combined_R1p_fastqc.html
[2022-08-05 11:12:49,399] multiqc                                            [DEBUG  ]  File ignored by rockhopper because it exceeded search pattern filesize limit: 19459_combined_R1p_fastqc.html
[2022-08-05 11:12:49,399] multiqc                                            [DEBUG  ]  File ignored by rseqc/bam_stat because it exceeded search pattern filesize limit: 19459_combined_R1p_fastqc.html
[2022-08-05 11:12:49,399] multiqc                                            [DEBUG  ]  File ignored by rseqc/junction_annotation because it exceeded search pattern filesize limit: 19459_combined_R1p_fastqc.html
[2022-08-05 11:12:49,399] multiqc                                            [DEBUG  ]  File ignored by rseqc/read_distribution because it exceeded search pattern filesize limit: 19459_combined_R1p_fastqc.html
[2022-08-05 11:12:49,399] multiqc                                            [DEBUG  ]  File ignored by rseqc/infer_experiment because it exceeded search pattern filesize limit: 19459_combined_R1p_fastqc.html
[2022-08-05 11:12:50,071] multiqc                                            [DEBUG  ]  Ignoring file as matched an ignore pattern: 19459_combined_R1p.fastq.gz
[2022-08-05 11:12:50,151] multiqc                                            [DEBUG  ]  File ignored by ccs/v4 because it exceeded search pattern filesize limit: 19459_combined_R1R2u_fastqc.html
[2022-08-05 11:12:50,160] multiqc                                            [DEBUG  ]  File ignored by hicexplorer because it exceeded search pattern filesize limit: 19459_combined_R1R2u_fastqc.html
[2022-08-05 11:12:50,161] multiqc                                            [DEBUG  ]  File ignored by nanostat because it exceeded search pattern filesize limit: 19459_combined_R1R2u_fastqc.html
[2022-08-05 11:12:50,161] multiqc                                            [DEBUG  ]  File ignored by lima/summary because it exceeded search pattern filesize limit: 19459_combined_R1R2u_fastqc.html
[2022-08-05 11:12:50,185] multiqc                                            [DEBUG  ]  File ignored by vep/vep_txt because it exceeded search pattern filesize limit: 19459_combined_R1R2u_fastqc.html
[2022-08-05 11:12:50,185] multiqc                                            [DEBUG  ]  File ignored by longranger/invocation because it exceeded search pattern filesize limit: 19459_combined_R1R2u_fastqc.html
[2022-08-05 11:12:50,185] multiqc                                            [DEBUG  ]  File ignored by rockhopper because it exceeded search pattern filesize limit: 19459_combined_R1R2u_fastqc.html
[2022-08-05 11:12:50,185] multiqc                                            [DEBUG  ]  File ignored by rseqc/bam_stat because it exceeded search pattern filesize limit: 19459_combined_R1R2u_fastqc.html
[2022-08-05 11:12:50,185] multiqc                                            [DEBUG  ]  File ignored by rseqc/junction_annotation because it exceeded search pattern filesize limit: 19459_combined_R1R2u_fastqc.html
[2022-08-05 11:12:50,185] multiqc                                            [DEBUG  ]  File ignored by rseqc/read_distribution because it exceeded search pattern filesize limit: 19459_combined_R1R2u_fastqc.html
[2022-08-05 11:12:50,185] multiqc                                            [DEBUG  ]  File ignored by rseqc/infer_experiment because it exceeded search pattern filesize limit: 19459_combined_R1R2u_fastqc.html
[2022-08-05 11:12:50,286] multiqc                                            [DEBUG  ]  Ignoring file as matched an ignore pattern: 19459_combined_R1R2u.fastq.gz
[2022-08-05 11:12:50,570] multiqc                                            [DEBUG  ]  File ignored by ccs/v4 because it exceeded search pattern filesize limit: 19459_combined_R2p_fastqc.html
[2022-08-05 11:12:50,579] multiqc                                            [DEBUG  ]  File ignored by hicexplorer because it exceeded search pattern filesize limit: 19459_combined_R2p_fastqc.html
[2022-08-05 11:12:50,580] multiqc                                            [DEBUG  ]  File ignored by nanostat because it exceeded search pattern filesize limit: 19459_combined_R2p_fastqc.html
[2022-08-05 11:12:50,580] multiqc                                            [DEBUG  ]  File ignored by lima/summary because it exceeded search pattern filesize limit: 19459_combined_R2p_fastqc.html
[2022-08-05 11:12:50,596] multiqc                                            [DEBUG  ]  File ignored by vep/vep_txt because it exceeded search pattern filesize limit: 19459_combined_R2p_fastqc.html
[2022-08-05 11:12:50,596] multiqc                                            [DEBUG  ]  File ignored by longranger/invocation because it exceeded search pattern filesize limit: 19459_combined_R2p_fastqc.html
[2022-08-05 11:12:50,596] multiqc                                            [DEBUG  ]  File ignored by rockhopper because it exceeded search pattern filesize limit: 19459_combined_R2p_fastqc.html
[2022-08-05 11:12:50,596] multiqc                                            [DEBUG  ]  File ignored by rseqc/bam_stat because it exceeded search pattern filesize limit: 19459_combined_R2p_fastqc.html
[2022-08-05 11:12:50,596] multiqc                                            [DEBUG  ]  File ignored by rseqc/junction_annotation because it exceeded search pattern filesize limit: 19459_combined_R2p_fastqc.html
[2022-08-05 11:12:50,596] multiqc                                            [DEBUG  ]  File ignored by rseqc/read_distribution because it exceeded search pattern filesize limit: 19459_combined_R2p_fastqc.html
[2022-08-05 11:12:50,596] multiqc                                            [DEBUG  ]  File ignored by rseqc/infer_experiment because it exceeded search pattern filesize limit: 19459_combined_R2p_fastqc.html
[2022-08-05 11:12:50,677] multiqc                                            [DEBUG  ]  Ignoring file as matched an ignore pattern: 19459_combined_R2p.fastq.gz
[2022-08-05 11:12:50,694] multiqc                                            [DEBUG  ]  Ignoring file as matched an ignore pattern: 19459_QCreads.md5
[2022-08-05 11:12:52,745] multiqc.plots.bargraph                             [DEBUG  ]  Using matplotlib version 3.3.4
[2022-08-05 11:12:52,979] multiqc.plots.linegraph                            [DEBUG  ]  Using matplotlib version 3.3.4
[2022-08-05 11:12:52,983] multiqc                                            [DEBUG  ]  No samples found: custom_content
[2022-08-05 11:12:52,988] multiqc                                            [DEBUG  ]  No samples found: ccs
[2022-08-05 11:12:52,996] multiqc                                            [DEBUG  ]  No samples found: ngsderive
[2022-08-05 11:12:53,001] multiqc                                            [DEBUG  ]  No samples found: purple
[2022-08-05 11:12:53,005] multiqc                                            [DEBUG  ]  No samples found: conpair
[2022-08-05 11:12:53,010] multiqc                                            [DEBUG  ]  No samples found: lima
[2022-08-05 11:12:53,016] multiqc                                            [DEBUG  ]  No samples found: peddy
[2022-08-05 11:12:53,024] multiqc                                            [DEBUG  ]  No samples found: somalier
[2022-08-05 11:12:53,030] multiqc                                            [DEBUG  ]  No samples found: methylQA
[2022-08-05 11:12:53,040] multiqc.modules.mosdepth.mosdepth                  [DEBUG  ]  include_contigs: []
[2022-08-05 11:12:53,040] multiqc.modules.mosdepth.mosdepth                  [DEBUG  ]  exclude_contigs: []
[2022-08-05 11:12:53,040] multiqc                                            [DEBUG  ]  No samples found: mosdepth
[2022-08-05 11:12:53,045] multiqc                                            [DEBUG  ]  No samples found: phantompeakqualtools
[2022-08-05 11:12:53,048] multiqc                                            [DEBUG  ]  No samples found: qualimap
[2022-08-05 11:12:53,054] multiqc                                            [DEBUG  ]  No samples found: preseq
[2022-08-05 11:12:53,059] multiqc                                            [DEBUG  ]  No samples found: quast
[2022-08-05 11:12:53,065] multiqc                                            [DEBUG  ]  No samples found: qorts
[2022-08-05 11:12:53,070] multiqc                                            [DEBUG  ]  No samples found: rna_seqc
[2022-08-05 11:12:53,075] multiqc                                            [DEBUG  ]  No samples found: rockhopper
[2022-08-05 11:12:53,081] multiqc                                            [DEBUG  ]  No samples found: rsem
[2022-08-05 11:12:53,100] multiqc                                            [DEBUG  ]  No samples found: rseqc
[2022-08-05 11:12:53,104] multiqc                                            [DEBUG  ]  No samples found: busco
[2022-08-05 11:12:53,109] multiqc                                            [DEBUG  ]  No samples found: bustools
[2022-08-05 11:12:53,114] multiqc                                            [DEBUG  ]  No samples found: goleft_indexcov
[2022-08-05 11:12:53,120] multiqc                                            [DEBUG  ]  No samples found: gffcompare
[2022-08-05 11:12:53,124] multiqc                                            [DEBUG  ]  No samples found: disambiguate
[2022-08-05 11:12:53,361] multiqc                                            [DEBUG  ]  No samples found: supernova
[2022-08-05 11:12:53,380] multiqc                                            [DEBUG  ]  No samples found: deeptools
[2022-08-05 11:12:53,384] multiqc                                            [DEBUG  ]  No samples found: sargasso
[2022-08-05 11:12:53,390] multiqc                                            [DEBUG  ]  No samples found: verifybamid
[2022-08-05 11:12:53,396] multiqc                                            [DEBUG  ]  No samples found: mirtrace
[2022-08-05 11:12:53,401] multiqc                                            [DEBUG  ]  No samples found: happy
[2022-08-05 11:12:53,406] multiqc                                            [DEBUG  ]  No samples found: mirtop
[2022-08-05 11:12:53,412] multiqc                                            [DEBUG  ]  No samples found: sambamba
[2022-08-05 11:12:53,420] multiqc                                            [DEBUG  ]  No samples found: homer
[2022-08-05 11:12:53,425] multiqc                                            [DEBUG  ]  No samples found: hops
[2022-08-05 11:12:53,430] multiqc                                            [DEBUG  ]  No samples found: macs2
[2022-08-05 11:12:53,665] multiqc                                            [DEBUG  ]  No samples found: theta2
[2022-08-05 11:12:53,671] multiqc                                            [DEBUG  ]  No samples found: snpeff
[2022-08-05 11:12:53,680] multiqc                                            [DEBUG  ]  No samples found: gatk
[2022-08-05 11:12:53,915] multiqc                                            [DEBUG  ]  No samples found: htseq
[2022-08-05 11:12:53,923] multiqc                                            [DEBUG  ]  No samples found: bcftools
[2022-08-05 11:12:53,930] multiqc                                            [DEBUG  ]  No samples found: featureCounts
[2022-08-05 11:12:53,939] multiqc                                            [DEBUG  ]  No samples found: fgbio
[2022-08-05 11:12:53,960] multiqc                                            [DEBUG  ]  No samples found: dragen
[2022-08-05 11:12:53,966] multiqc                                            [DEBUG  ]  No samples found: dedup
[2022-08-05 11:12:53,972] multiqc                                            [DEBUG  ]  No samples found: damageprofiler
[2022-08-05 11:12:54,250] multiqc                                            [DEBUG  ]  No samples found: biobambam2
[2022-08-05 11:12:54,258] multiqc                                            [DEBUG  ]  No samples found: jcvi
[2022-08-05 11:12:54,263] multiqc                                            [DEBUG  ]  No samples found: mtnucratio
[2022-08-05 11:12:54,265] multiqc                                            [DEBUG  ]  No samples found: picard
[2022-08-05 11:12:54,276] multiqc                                            [DEBUG  ]  No samples found: vep
[2022-08-05 11:12:54,293] multiqc                                            [DEBUG  ]  No samples found: sentieon
[2022-08-05 11:12:54,300] multiqc                                            [DEBUG  ]  No samples found: prokka
[2022-08-05 11:12:54,313] multiqc                                            [DEBUG  ]  No samples found: qc3C
[2022-08-05 11:12:54,320] multiqc                                            [DEBUG  ]  No samples found: nanostat
[2022-08-05 11:12:54,325] multiqc                                            [DEBUG  ]  No samples found: samblaster
[2022-08-05 11:12:54,337] multiqc                                            [DEBUG  ]  No samples found: samtools
[2022-08-05 11:12:54,343] multiqc                                            [DEBUG  ]  No samples found: sexdeterrmine
[2022-08-05 11:12:54,350] multiqc                                            [DEBUG  ]  No samples found: eigenstratdatabasetools
[2022-08-05 11:12:54,357] multiqc                                            [DEBUG  ]  No samples found: bamtools
[2022-08-05 11:12:54,365] multiqc                                            [DEBUG  ]  No samples found: jellyfish
[2022-08-05 11:12:54,378] multiqc                                            [DEBUG  ]  No samples found: vcftools
[2022-08-05 11:12:54,384] multiqc                                            [DEBUG  ]  No samples found: longranger
[2022-08-05 11:12:54,393] multiqc                                            [DEBUG  ]  No samples found: stacks
[2022-08-05 11:12:54,400] multiqc                                            [DEBUG  ]  No samples found: varscan2
[2022-08-05 11:12:54,406] multiqc                                            [DEBUG  ]  No samples found: snippy
[2022-08-05 11:12:54,429] multiqc                                            [DEBUG  ]  No samples found: bbmap
[2022-08-05 11:12:54,436] multiqc                                            [DEBUG  ]  No samples found: bismark
[2022-08-05 11:12:54,446] multiqc                                            [DEBUG  ]  No samples found: biscuit
[2022-08-05 11:12:54,452] multiqc                                            [DEBUG  ]  No samples found: hicexplorer
[2022-08-05 11:12:54,459] multiqc                                            [DEBUG  ]  No samples found: hicup
[2022-08-05 11:12:54,466] multiqc                                            [DEBUG  ]  No samples found: hicpro
[2022-08-05 11:12:54,471] multiqc                                            [DEBUG  ]  No samples found: salmon
[2022-08-05 11:12:54,477] multiqc                                            [DEBUG  ]  No samples found: kallisto
[2022-08-05 11:12:54,484] multiqc                                            [DEBUG  ]  No samples found: slamdunk
[2022-08-05 11:12:54,490] multiqc                                            [DEBUG  ]  No samples found: star
[2022-08-05 11:12:54,495] multiqc                                            [DEBUG  ]  No samples found: hisat2
[2022-08-05 11:12:54,501] multiqc                                            [DEBUG  ]  No samples found: tophat
[2022-08-05 11:12:54,506] multiqc                                            [DEBUG  ]  No samples found: bowtie2
[2022-08-05 11:12:54,512] multiqc                                            [DEBUG  ]  No samples found: bowtie1
[2022-08-05 11:12:54,517] multiqc                                            [DEBUG  ]  No samples found: snpsplit
[2022-08-05 11:12:54,523] multiqc                                            [DEBUG  ]  No samples found: odgi
[2022-08-05 11:12:54,528] multiqc                                            [DEBUG  ]  No samples found: pangolin
[2022-08-05 11:12:54,533] multiqc                                            [DEBUG  ]  No samples found: kat
[2022-08-05 11:12:54,538] multiqc                                            [DEBUG  ]  No samples found: leehom
[2022-08-05 11:12:54,544] multiqc                                            [DEBUG  ]  No samples found: adapterRemoval
[2022-08-05 11:12:54,549] multiqc                                            [DEBUG  ]  No samples found: clipandmerge
[2022-08-05 11:12:54,555] multiqc                                            [DEBUG  ]  No samples found: cutadapt
[2022-08-05 11:12:54,559] multiqc                                            [DEBUG  ]  No samples found: flexbar
[2022-08-05 11:12:54,565] multiqc                                            [DEBUG  ]  No samples found: kaiju
[2022-08-05 11:12:54,571] multiqc                                            [DEBUG  ]  No samples found: kraken
[2022-08-05 11:12:54,576] multiqc                                            [DEBUG  ]  No samples found: malt
[2022-08-05 11:12:54,581] multiqc                                            [DEBUG  ]  No samples found: trimmomatic
[2022-08-05 11:12:54,815] multiqc                                            [DEBUG  ]  No samples found: sickle
[2022-08-05 11:12:54,821] multiqc                                            [DEBUG  ]  No samples found: skewer
[2022-08-05 11:12:54,830] multiqc                                            [DEBUG  ]  No samples found: sortmerna
[2022-08-05 11:12:55,066] multiqc                                            [DEBUG  ]  No samples found: biobloomtools
[2022-08-05 11:12:55,073] multiqc                                            [DEBUG  ]  No samples found: fastq_screen
[2022-08-05 11:12:55,078] multiqc                                            [DEBUG  ]  No samples found: afterqc
[2022-08-05 11:12:55,084] multiqc                                            [DEBUG  ]  No samples found: fastp
[2022-08-05 11:12:55,847] multiqc.modules.fastqc.fastqc                      [INFO   ]  Found 4 reports
[2022-08-05 11:12:55,895] multiqc                                            [DEBUG  ]  No samples found: pychopper
[2022-08-05 11:12:55,900] multiqc                                            [DEBUG  ]  No samples found: pycoqc
[2022-08-05 11:12:55,905] multiqc                                            [DEBUG  ]  No samples found: minionqc
[2022-08-05 11:12:55,910] multiqc                                            [DEBUG  ]  No samples found: multivcfanalyzer
[2022-08-05 11:12:55,916] multiqc                                            [DEBUG  ]  No samples found: clusterflow
[2022-08-05 11:12:55,923] multiqc                                            [DEBUG  ]  No samples found: bcl2fastq
[2022-08-05 11:12:55,931] multiqc                                            [DEBUG  ]  No samples found: bclconvert
[2022-08-05 11:12:55,937] multiqc                                            [DEBUG  ]  No samples found: interop
[2022-08-05 11:12:55,942] multiqc                                            [DEBUG  ]  No samples found: ivar
[2022-08-05 11:12:55,948] multiqc                                            [DEBUG  ]  No samples found: flash
[2022-08-05 11:12:55,953] multiqc                                            [DEBUG  ]  No samples found: seqyclean
[2022-08-05 11:12:55,957] multiqc                                            [DEBUG  ]  No samples found: optitype
[2022-08-05 11:12:55,961] multiqc                                            [INFO   ]  Compressing plot data
[2022-08-05 11:13:13,814] multiqc                                            [INFO   ]  Report      : 19459_MGSD_CSIRO.qc.stats/multiqc_report.html
[2022-08-05 11:13:13,814] multiqc                                            [INFO   ]  Data        : 19459_MGSD_CSIRO.qc.stats/multiqc_data
[2022-08-05 11:13:13,814] multiqc                                            [DEBUG  ]  Moving data file from '/tmp/smi9a9.8586070/tmp8h2q5eh_/multiqc_data' to '19459_MGSD_CSIRO.qc.stats/multiqc_data'
[2022-08-05 11:13:14,054] multiqc                                            [INFO   ]  MultiQC complete
