[2022-08-05 11:06:36,769] multiqc                                            [DEBUG  ]  This is MultiQC v1.11
[2022-08-05 11:06:36,769] multiqc                                            [DEBUG  ]  No MultiQC config found: /apps/multiqc/1.11/lib/python3.9/site-packages/multiqc_config.yaml
[2022-08-05 11:06:36,769] multiqc                                            [DEBUG  ]  No MultiQC config found: /home/smi9a9/.multiqc_config.yaml
[2022-08-05 11:06:40,075] multiqc                                            [DEBUG  ]  No MultiQC config found: multiqc_config.yaml
[2022-08-05 11:06:40,075] multiqc                                            [DEBUG  ]  Command used: /apps/multiqc/1.11/bin/multiqc ./14181_combined_merged_fastqc.html ./14181_combined_merged_fastqc.zip ./14181_combined_merged.fastq.gz ./14181_combined_R1p_fastqc.html ./14181_combined_R1p_fastqc.zip ./14181_combined_R1p.fastq.gz ./14181_combined_R1R2u_fastqc.html ./14181_combined_R1R2u_fastqc.zip ./14181_combined_R1R2u.fastq.gz ./14181_combined_R2p_fastqc.html ./14181_combined_R2p_fastqc.zip ./14181_combined_R2p.fastq.gz ./14181_QCreads.md5 -o 14181_MGSD_CSIRO.qc.stats
[2022-08-05 11:06:40,079] multiqc                                            [DEBUG  ]  Could not connect to multiqc.info for version check: <urlopen error [Errno 111] Connection refused>
[2022-08-05 11:06:40,079] multiqc                                            [DEBUG  ]  Command     : /apps/multiqc/1.11/bin/multiqc ./14181_combined_merged_fastqc.html ./14181_combined_merged_fastqc.zip ./14181_combined_merged.fastq.gz ./14181_combined_R1p_fastqc.html ./14181_combined_R1p_fastqc.zip ./14181_combined_R1p.fastq.gz ./14181_combined_R1R2u_fastqc.html ./14181_combined_R1R2u_fastqc.zip ./14181_combined_R1R2u.fastq.gz ./14181_combined_R2p_fastqc.html ./14181_combined_R2p_fastqc.zip ./14181_combined_R2p.fastq.gz ./14181_QCreads.md5 -o 14181_MGSD_CSIRO.qc.stats
[2022-08-05 11:06:40,079] multiqc                                            [DEBUG  ]  Working dir : /datasets/work/oa-amd/work/amd/Metagenome_QC_reads
[2022-08-05 11:06:40,079] multiqc                                            [DEBUG  ]  Template    : default
[2022-08-05 11:06:40,080] multiqc                                            [DEBUG  ]  Running Python 3.9.4 (default, Apr 25 2021, 16:13:27)  [GCC 10.3.0]
[2022-08-05 11:06:40,080] multiqc                                            [DEBUG  ]  Analysing modules: custom_content, ccs, ngsderive, purple, conpair, lima, peddy, somalier, methylQA, mosdepth, phantompeakqualtools, qualimap, preseq, quast, qorts, rna_seqc, rockhopper, rsem, rseqc, busco, bustools, goleft_indexcov, gffcompare, disambiguate, supernova, deeptools, sargasso, verifybamid, mirtrace, happy, mirtop, sambamba, homer, hops, macs2, theta2, snpeff, gatk, htseq, bcftools, featureCounts, fgbio, dragen, dedup, damageprofiler, biobambam2, jcvi, mtnucratio, picard, vep, sentieon, prokka, qc3C, nanostat, samblaster, samtools, sexdeterrmine, eigenstratdatabasetools, bamtools, jellyfish, vcftools, longranger, stacks, varscan2, snippy, bbmap, bismark, biscuit, hicexplorer, hicup, hicpro, salmon, kallisto, slamdunk, star, hisat2, tophat, bowtie2, bowtie1, snpsplit, odgi, pangolin, kat, leehom, adapterRemoval, clipandmerge, cutadapt, flexbar, kaiju, kraken, malt, trimmomatic, sickle, skewer, sortmerna, biobloomtools, fastq_screen, afterqc, fastp, fastqc, pychopper, pycoqc, minionqc, multivcfanalyzer, clusterflow, bcl2fastq, bclconvert, interop, ivar, flash, seqyclean, optitype
[2022-08-05 11:06:40,080] multiqc                                            [DEBUG  ]  Using temporary directory for creating report: /tmp/smi9a9.8585612/tmpwbvcxjto
[2022-08-05 11:06:40,145] multiqc                                            [INFO   ]  Search path : /datasets/work/oa-amd/work/amd/Metagenome_QC_reads/14181_combined_merged_fastqc.html
[2022-08-05 11:06:40,145] multiqc                                            [INFO   ]  Search path : /datasets/work/oa-amd/work/amd/Metagenome_QC_reads/14181_combined_merged_fastqc.zip
[2022-08-05 11:06:40,146] multiqc                                            [INFO   ]  Search path : /datasets/work/oa-amd/work/amd/Metagenome_QC_reads/14181_combined_merged.fastq.gz
[2022-08-05 11:06:40,146] multiqc                                            [INFO   ]  Search path : /datasets/work/oa-amd/work/amd/Metagenome_QC_reads/14181_combined_R1p_fastqc.html
[2022-08-05 11:06:40,146] multiqc                                            [INFO   ]  Search path : /datasets/work/oa-amd/work/amd/Metagenome_QC_reads/14181_combined_R1p_fastqc.zip
[2022-08-05 11:06:40,146] multiqc                                            [INFO   ]  Search path : /datasets/work/oa-amd/work/amd/Metagenome_QC_reads/14181_combined_R1p.fastq.gz
[2022-08-05 11:06:40,146] multiqc                                            [INFO   ]  Search path : /datasets/work/oa-amd/work/amd/Metagenome_QC_reads/14181_combined_R1R2u_fastqc.html
[2022-08-05 11:06:40,146] multiqc                                            [INFO   ]  Search path : /datasets/work/oa-amd/work/amd/Metagenome_QC_reads/14181_combined_R1R2u_fastqc.zip
[2022-08-05 11:06:40,146] multiqc                                            [INFO   ]  Search path : /datasets/work/oa-amd/work/amd/Metagenome_QC_reads/14181_combined_R1R2u.fastq.gz
[2022-08-05 11:06:40,146] multiqc                                            [INFO   ]  Search path : /datasets/work/oa-amd/work/amd/Metagenome_QC_reads/14181_combined_R2p_fastqc.html
[2022-08-05 11:06:40,146] multiqc                                            [INFO   ]  Search path : /datasets/work/oa-amd/work/amd/Metagenome_QC_reads/14181_combined_R2p_fastqc.zip
[2022-08-05 11:06:40,146] multiqc                                            [INFO   ]  Search path : /datasets/work/oa-amd/work/amd/Metagenome_QC_reads/14181_combined_R2p.fastq.gz
[2022-08-05 11:06:40,146] multiqc                                            [INFO   ]  Search path : /datasets/work/oa-amd/work/amd/Metagenome_QC_reads/14181_QCreads.md5
[2022-08-05 11:06:40,590] multiqc                                            [DEBUG  ]  File ignored by ccs/v4 because it exceeded search pattern filesize limit: 14181_combined_merged_fastqc.html
[2022-08-05 11:06:40,839] multiqc                                            [DEBUG  ]  File ignored by hicexplorer because it exceeded search pattern filesize limit: 14181_combined_merged_fastqc.html
[2022-08-05 11:06:40,840] multiqc                                            [DEBUG  ]  File ignored by nanostat because it exceeded search pattern filesize limit: 14181_combined_merged_fastqc.html
[2022-08-05 11:06:40,840] multiqc                                            [DEBUG  ]  File ignored by lima/summary because it exceeded search pattern filesize limit: 14181_combined_merged_fastqc.html
[2022-08-05 11:06:40,857] multiqc                                            [DEBUG  ]  File ignored by vep/vep_txt because it exceeded search pattern filesize limit: 14181_combined_merged_fastqc.html
[2022-08-05 11:06:40,857] multiqc                                            [DEBUG  ]  File ignored by longranger/invocation because it exceeded search pattern filesize limit: 14181_combined_merged_fastqc.html
[2022-08-05 11:06:40,857] multiqc                                            [DEBUG  ]  File ignored by rockhopper because it exceeded search pattern filesize limit: 14181_combined_merged_fastqc.html
[2022-08-05 11:06:40,857] multiqc                                            [DEBUG  ]  File ignored by rseqc/bam_stat because it exceeded search pattern filesize limit: 14181_combined_merged_fastqc.html
[2022-08-05 11:06:40,857] multiqc                                            [DEBUG  ]  File ignored by rseqc/junction_annotation because it exceeded search pattern filesize limit: 14181_combined_merged_fastqc.html
[2022-08-05 11:06:40,857] multiqc                                            [DEBUG  ]  File ignored by rseqc/read_distribution because it exceeded search pattern filesize limit: 14181_combined_merged_fastqc.html
[2022-08-05 11:06:40,857] multiqc                                            [DEBUG  ]  File ignored by rseqc/infer_experiment because it exceeded search pattern filesize limit: 14181_combined_merged_fastqc.html
[2022-08-05 11:06:41,009] multiqc                                            [DEBUG  ]  Ignoring file as matched an ignore pattern: 14181_combined_merged.fastq.gz
[2022-08-05 11:06:41,476] multiqc                                            [DEBUG  ]  File ignored by ccs/v4 because it exceeded search pattern filesize limit: 14181_combined_R1p_fastqc.html
[2022-08-05 11:06:41,486] multiqc                                            [DEBUG  ]  File ignored by hicexplorer because it exceeded search pattern filesize limit: 14181_combined_R1p_fastqc.html
[2022-08-05 11:06:41,487] multiqc                                            [DEBUG  ]  File ignored by nanostat because it exceeded search pattern filesize limit: 14181_combined_R1p_fastqc.html
[2022-08-05 11:06:41,487] multiqc                                            [DEBUG  ]  File ignored by lima/summary because it exceeded search pattern filesize limit: 14181_combined_R1p_fastqc.html
[2022-08-05 11:06:41,507] multiqc                                            [DEBUG  ]  File ignored by vep/vep_txt because it exceeded search pattern filesize limit: 14181_combined_R1p_fastqc.html
[2022-08-05 11:06:41,507] multiqc                                            [DEBUG  ]  File ignored by longranger/invocation because it exceeded search pattern filesize limit: 14181_combined_R1p_fastqc.html
[2022-08-05 11:06:41,507] multiqc                                            [DEBUG  ]  File ignored by rockhopper because it exceeded search pattern filesize limit: 14181_combined_R1p_fastqc.html
[2022-08-05 11:06:41,507] multiqc                                            [DEBUG  ]  File ignored by rseqc/bam_stat because it exceeded search pattern filesize limit: 14181_combined_R1p_fastqc.html
[2022-08-05 11:06:41,507] multiqc                                            [DEBUG  ]  File ignored by rseqc/junction_annotation because it exceeded search pattern filesize limit: 14181_combined_R1p_fastqc.html
[2022-08-05 11:06:41,507] multiqc                                            [DEBUG  ]  File ignored by rseqc/read_distribution because it exceeded search pattern filesize limit: 14181_combined_R1p_fastqc.html
[2022-08-05 11:06:41,507] multiqc                                            [DEBUG  ]  File ignored by rseqc/infer_experiment because it exceeded search pattern filesize limit: 14181_combined_R1p_fastqc.html
[2022-08-05 11:06:42,347] multiqc                                            [DEBUG  ]  Ignoring file as matched an ignore pattern: 14181_combined_R1p.fastq.gz
[2022-08-05 11:06:42,453] multiqc                                            [DEBUG  ]  File ignored by ccs/v4 because it exceeded search pattern filesize limit: 14181_combined_R1R2u_fastqc.html
[2022-08-05 11:06:42,462] multiqc                                            [DEBUG  ]  File ignored by hicexplorer because it exceeded search pattern filesize limit: 14181_combined_R1R2u_fastqc.html
[2022-08-05 11:06:42,463] multiqc                                            [DEBUG  ]  File ignored by nanostat because it exceeded search pattern filesize limit: 14181_combined_R1R2u_fastqc.html
[2022-08-05 11:06:42,463] multiqc                                            [DEBUG  ]  File ignored by lima/summary because it exceeded search pattern filesize limit: 14181_combined_R1R2u_fastqc.html
[2022-08-05 11:06:42,484] multiqc                                            [DEBUG  ]  File ignored by vep/vep_txt because it exceeded search pattern filesize limit: 14181_combined_R1R2u_fastqc.html
[2022-08-05 11:06:42,484] multiqc                                            [DEBUG  ]  File ignored by longranger/invocation because it exceeded search pattern filesize limit: 14181_combined_R1R2u_fastqc.html
[2022-08-05 11:06:42,484] multiqc                                            [DEBUG  ]  File ignored by rockhopper because it exceeded search pattern filesize limit: 14181_combined_R1R2u_fastqc.html
[2022-08-05 11:06:42,484] multiqc                                            [DEBUG  ]  File ignored by rseqc/bam_stat because it exceeded search pattern filesize limit: 14181_combined_R1R2u_fastqc.html
[2022-08-05 11:06:42,484] multiqc                                            [DEBUG  ]  File ignored by rseqc/junction_annotation because it exceeded search pattern filesize limit: 14181_combined_R1R2u_fastqc.html
[2022-08-05 11:06:42,484] multiqc                                            [DEBUG  ]  File ignored by rseqc/read_distribution because it exceeded search pattern filesize limit: 14181_combined_R1R2u_fastqc.html
[2022-08-05 11:06:42,484] multiqc                                            [DEBUG  ]  File ignored by rseqc/infer_experiment because it exceeded search pattern filesize limit: 14181_combined_R1R2u_fastqc.html
[2022-08-05 11:06:43,092] multiqc                                            [DEBUG  ]  Ignoring file as matched an ignore pattern: 14181_combined_R1R2u.fastq.gz
[2022-08-05 11:06:44,346] multiqc                                            [DEBUG  ]  File ignored by ccs/v4 because it exceeded search pattern filesize limit: 14181_combined_R2p_fastqc.html
[2022-08-05 11:06:44,355] multiqc                                            [DEBUG  ]  File ignored by hicexplorer because it exceeded search pattern filesize limit: 14181_combined_R2p_fastqc.html
[2022-08-05 11:06:44,356] multiqc                                            [DEBUG  ]  File ignored by nanostat because it exceeded search pattern filesize limit: 14181_combined_R2p_fastqc.html
[2022-08-05 11:06:44,356] multiqc                                            [DEBUG  ]  File ignored by lima/summary because it exceeded search pattern filesize limit: 14181_combined_R2p_fastqc.html
[2022-08-05 11:06:44,376] multiqc                                            [DEBUG  ]  File ignored by vep/vep_txt because it exceeded search pattern filesize limit: 14181_combined_R2p_fastqc.html
[2022-08-05 11:06:44,376] multiqc                                            [DEBUG  ]  File ignored by longranger/invocation because it exceeded search pattern filesize limit: 14181_combined_R2p_fastqc.html
[2022-08-05 11:06:44,376] multiqc                                            [DEBUG  ]  File ignored by rockhopper because it exceeded search pattern filesize limit: 14181_combined_R2p_fastqc.html
[2022-08-05 11:06:44,376] multiqc                                            [DEBUG  ]  File ignored by rseqc/bam_stat because it exceeded search pattern filesize limit: 14181_combined_R2p_fastqc.html
[2022-08-05 11:06:44,376] multiqc                                            [DEBUG  ]  File ignored by rseqc/junction_annotation because it exceeded search pattern filesize limit: 14181_combined_R2p_fastqc.html
[2022-08-05 11:06:44,376] multiqc                                            [DEBUG  ]  File ignored by rseqc/read_distribution because it exceeded search pattern filesize limit: 14181_combined_R2p_fastqc.html
[2022-08-05 11:06:44,376] multiqc                                            [DEBUG  ]  File ignored by rseqc/infer_experiment because it exceeded search pattern filesize limit: 14181_combined_R2p_fastqc.html
[2022-08-05 11:06:44,465] multiqc                                            [DEBUG  ]  Ignoring file as matched an ignore pattern: 14181_combined_R2p.fastq.gz
[2022-08-05 11:06:44,470] multiqc                                            [DEBUG  ]  Ignoring file as matched an ignore pattern: 14181_QCreads.md5
[2022-08-05 11:06:45,828] multiqc.plots.bargraph                             [DEBUG  ]  Using matplotlib version 3.3.4
[2022-08-05 11:06:45,832] multiqc.plots.linegraph                            [DEBUG  ]  Using matplotlib version 3.3.4
[2022-08-05 11:06:45,835] multiqc                                            [DEBUG  ]  No samples found: custom_content
[2022-08-05 11:06:45,840] multiqc                                            [DEBUG  ]  No samples found: ccs
[2022-08-05 11:06:45,845] multiqc                                            [DEBUG  ]  No samples found: ngsderive
[2022-08-05 11:06:45,850] multiqc                                            [DEBUG  ]  No samples found: purple
[2022-08-05 11:06:45,854] multiqc                                            [DEBUG  ]  No samples found: conpair
[2022-08-05 11:06:45,859] multiqc                                            [DEBUG  ]  No samples found: lima
[2022-08-05 11:06:45,864] multiqc                                            [DEBUG  ]  No samples found: peddy
[2022-08-05 11:06:45,871] multiqc                                            [DEBUG  ]  No samples found: somalier
[2022-08-05 11:06:45,876] multiqc                                            [DEBUG  ]  No samples found: methylQA
[2022-08-05 11:06:45,886] multiqc.modules.mosdepth.mosdepth                  [DEBUG  ]  include_contigs: []
[2022-08-05 11:06:45,886] multiqc.modules.mosdepth.mosdepth                  [DEBUG  ]  exclude_contigs: []
[2022-08-05 11:06:45,886] multiqc                                            [DEBUG  ]  No samples found: mosdepth
[2022-08-05 11:06:45,890] multiqc                                            [DEBUG  ]  No samples found: phantompeakqualtools
[2022-08-05 11:06:45,894] multiqc                                            [DEBUG  ]  No samples found: qualimap
[2022-08-05 11:06:45,900] multiqc                                            [DEBUG  ]  No samples found: preseq
[2022-08-05 11:06:45,905] multiqc                                            [DEBUG  ]  No samples found: quast
[2022-08-05 11:06:45,911] multiqc                                            [DEBUG  ]  No samples found: qorts
[2022-08-05 11:06:45,916] multiqc                                            [DEBUG  ]  No samples found: rna_seqc
[2022-08-05 11:06:45,922] multiqc                                            [DEBUG  ]  No samples found: rockhopper
[2022-08-05 11:06:45,927] multiqc                                            [DEBUG  ]  No samples found: rsem
[2022-08-05 11:06:46,172] multiqc                                            [DEBUG  ]  No samples found: rseqc
[2022-08-05 11:06:46,176] multiqc                                            [DEBUG  ]  No samples found: busco
[2022-08-05 11:06:46,180] multiqc                                            [DEBUG  ]  No samples found: bustools
[2022-08-05 11:06:46,185] multiqc                                            [DEBUG  ]  No samples found: goleft_indexcov
[2022-08-05 11:06:46,190] multiqc                                            [DEBUG  ]  No samples found: gffcompare
[2022-08-05 11:06:46,195] multiqc                                            [DEBUG  ]  No samples found: disambiguate
[2022-08-05 11:06:46,201] multiqc                                            [DEBUG  ]  No samples found: supernova
[2022-08-05 11:06:46,218] multiqc                                            [DEBUG  ]  No samples found: deeptools
[2022-08-05 11:06:46,223] multiqc                                            [DEBUG  ]  No samples found: sargasso
[2022-08-05 11:06:46,227] multiqc                                            [DEBUG  ]  No samples found: verifybamid
[2022-08-05 11:06:46,233] multiqc                                            [DEBUG  ]  No samples found: mirtrace
[2022-08-05 11:06:46,597] multiqc                                            [DEBUG  ]  No samples found: happy
[2022-08-05 11:06:46,604] multiqc                                            [DEBUG  ]  No samples found: mirtop
[2022-08-05 11:06:46,609] multiqc                                            [DEBUG  ]  No samples found: sambamba
[2022-08-05 11:06:46,617] multiqc                                            [DEBUG  ]  No samples found: homer
[2022-08-05 11:06:46,621] multiqc                                            [DEBUG  ]  No samples found: hops
[2022-08-05 11:06:46,626] multiqc                                            [DEBUG  ]  No samples found: macs2
[2022-08-05 11:06:46,630] multiqc                                            [DEBUG  ]  No samples found: theta2
[2022-08-05 11:06:46,636] multiqc                                            [DEBUG  ]  No samples found: snpeff
[2022-08-05 11:06:46,644] multiqc                                            [DEBUG  ]  No samples found: gatk
[2022-08-05 11:06:46,654] multiqc                                            [DEBUG  ]  No samples found: htseq
[2022-08-05 11:06:46,660] multiqc                                            [DEBUG  ]  No samples found: bcftools
[2022-08-05 11:06:46,665] multiqc                                            [DEBUG  ]  No samples found: featureCounts
[2022-08-05 11:06:46,671] multiqc                                            [DEBUG  ]  No samples found: fgbio
[2022-08-05 11:06:47,151] multiqc                                            [DEBUG  ]  No samples found: dragen
[2022-08-05 11:06:47,156] multiqc                                            [DEBUG  ]  No samples found: dedup
[2022-08-05 11:06:47,162] multiqc                                            [DEBUG  ]  No samples found: damageprofiler
[2022-08-05 11:06:47,433] multiqc                                            [DEBUG  ]  No samples found: biobambam2
[2022-08-05 11:06:47,439] multiqc                                            [DEBUG  ]  No samples found: jcvi
[2022-08-05 11:06:47,444] multiqc                                            [DEBUG  ]  No samples found: mtnucratio
[2022-08-05 11:06:47,446] multiqc                                            [DEBUG  ]  No samples found: picard
[2022-08-05 11:06:47,452] multiqc                                            [DEBUG  ]  No samples found: vep
[2022-08-05 11:06:47,692] multiqc                                            [DEBUG  ]  No samples found: sentieon
[2022-08-05 11:06:47,927] multiqc                                            [DEBUG  ]  No samples found: prokka
[2022-08-05 11:06:48,166] multiqc                                            [DEBUG  ]  No samples found: qc3C
[2022-08-05 11:06:48,171] multiqc                                            [DEBUG  ]  No samples found: nanostat
[2022-08-05 11:06:48,176] multiqc                                            [DEBUG  ]  No samples found: samblaster
[2022-08-05 11:06:48,189] multiqc                                            [DEBUG  ]  No samples found: samtools
[2022-08-05 11:06:48,197] multiqc                                            [DEBUG  ]  No samples found: sexdeterrmine
[2022-08-05 11:06:48,219] multiqc                                            [DEBUG  ]  No samples found: eigenstratdatabasetools
[2022-08-05 11:06:48,225] multiqc                                            [DEBUG  ]  No samples found: bamtools
[2022-08-05 11:06:48,232] multiqc                                            [DEBUG  ]  No samples found: jellyfish
[2022-08-05 11:06:48,244] multiqc                                            [DEBUG  ]  No samples found: vcftools
[2022-08-05 11:06:48,250] multiqc                                            [DEBUG  ]  No samples found: longranger
[2022-08-05 11:06:48,258] multiqc                                            [DEBUG  ]  No samples found: stacks
[2022-08-05 11:06:48,265] multiqc                                            [DEBUG  ]  No samples found: varscan2
[2022-08-05 11:06:48,272] multiqc                                            [DEBUG  ]  No samples found: snippy
[2022-08-05 11:06:48,292] multiqc                                            [DEBUG  ]  No samples found: bbmap
[2022-08-05 11:06:48,298] multiqc                                            [DEBUG  ]  No samples found: bismark
[2022-08-05 11:06:48,307] multiqc                                            [DEBUG  ]  No samples found: biscuit
[2022-08-05 11:06:48,313] multiqc                                            [DEBUG  ]  No samples found: hicexplorer
[2022-08-05 11:06:48,549] multiqc                                            [DEBUG  ]  No samples found: hicup
[2022-08-05 11:06:48,555] multiqc                                            [DEBUG  ]  No samples found: hicpro
[2022-08-05 11:06:48,560] multiqc                                            [DEBUG  ]  No samples found: salmon
[2022-08-05 11:06:48,564] multiqc                                            [DEBUG  ]  No samples found: kallisto
[2022-08-05 11:06:48,571] multiqc                                            [DEBUG  ]  No samples found: slamdunk
[2022-08-05 11:06:48,577] multiqc                                            [DEBUG  ]  No samples found: star
[2022-08-05 11:06:48,582] multiqc                                            [DEBUG  ]  No samples found: hisat2
[2022-08-05 11:06:48,587] multiqc                                            [DEBUG  ]  No samples found: tophat
[2022-08-05 11:06:48,592] multiqc                                            [DEBUG  ]  No samples found: bowtie2
[2022-08-05 11:06:48,597] multiqc                                            [DEBUG  ]  No samples found: bowtie1
[2022-08-05 11:06:48,602] multiqc                                            [DEBUG  ]  No samples found: snpsplit
[2022-08-05 11:06:48,608] multiqc                                            [DEBUG  ]  No samples found: odgi
[2022-08-05 11:06:48,613] multiqc                                            [DEBUG  ]  No samples found: pangolin
[2022-08-05 11:06:48,617] multiqc                                            [DEBUG  ]  No samples found: kat
[2022-08-05 11:06:48,622] multiqc                                            [DEBUG  ]  No samples found: leehom
[2022-08-05 11:06:48,627] multiqc                                            [DEBUG  ]  No samples found: adapterRemoval
[2022-08-05 11:06:48,631] multiqc                                            [DEBUG  ]  No samples found: clipandmerge
[2022-08-05 11:06:48,637] multiqc                                            [DEBUG  ]  No samples found: cutadapt
[2022-08-05 11:06:48,641] multiqc                                            [DEBUG  ]  No samples found: flexbar
[2022-08-05 11:06:48,877] multiqc                                            [DEBUG  ]  No samples found: kaiju
[2022-08-05 11:06:48,883] multiqc                                            [DEBUG  ]  No samples found: kraken
[2022-08-05 11:06:49,118] multiqc                                            [DEBUG  ]  No samples found: malt
[2022-08-05 11:06:49,353] multiqc                                            [DEBUG  ]  No samples found: trimmomatic
[2022-08-05 11:06:49,357] multiqc                                            [DEBUG  ]  No samples found: sickle
[2022-08-05 11:06:49,361] multiqc                                            [DEBUG  ]  No samples found: skewer
[2022-08-05 11:06:49,366] multiqc                                            [DEBUG  ]  No samples found: sortmerna
[2022-08-05 11:06:49,370] multiqc                                            [DEBUG  ]  No samples found: biobloomtools
[2022-08-05 11:06:49,375] multiqc                                            [DEBUG  ]  No samples found: fastq_screen
[2022-08-05 11:06:49,379] multiqc                                            [DEBUG  ]  No samples found: afterqc
[2022-08-05 11:06:49,385] multiqc                                            [DEBUG  ]  No samples found: fastp
[2022-08-05 11:06:51,334] multiqc.modules.fastqc.fastqc                      [INFO   ]  Found 4 reports
[2022-08-05 11:06:51,390] multiqc                                            [DEBUG  ]  No samples found: pychopper
[2022-08-05 11:06:51,395] multiqc                                            [DEBUG  ]  No samples found: pycoqc
[2022-08-05 11:06:51,400] multiqc                                            [DEBUG  ]  No samples found: minionqc
[2022-08-05 11:06:51,405] multiqc                                            [DEBUG  ]  No samples found: multivcfanalyzer
[2022-08-05 11:06:51,411] multiqc                                            [DEBUG  ]  No samples found: clusterflow
[2022-08-05 11:06:51,648] multiqc                                            [DEBUG  ]  No samples found: bcl2fastq
[2022-08-05 11:06:51,656] multiqc                                            [DEBUG  ]  No samples found: bclconvert
[2022-08-05 11:06:51,662] multiqc                                            [DEBUG  ]  No samples found: interop
[2022-08-05 11:06:51,667] multiqc                                            [DEBUG  ]  No samples found: ivar
[2022-08-05 11:06:51,672] multiqc                                            [DEBUG  ]  No samples found: flash
[2022-08-05 11:06:51,906] multiqc                                            [DEBUG  ]  No samples found: seqyclean
[2022-08-05 11:06:51,911] multiqc                                            [DEBUG  ]  No samples found: optitype
[2022-08-05 11:06:51,916] multiqc                                            [INFO   ]  Compressing plot data
[2022-08-05 11:06:52,192] multiqc                                            [INFO   ]  Report      : 14181_MGSD_CSIRO.qc.stats/multiqc_report.html
[2022-08-05 11:06:52,192] multiqc                                            [INFO   ]  Data        : 14181_MGSD_CSIRO.qc.stats/multiqc_data
[2022-08-05 11:06:52,192] multiqc                                            [DEBUG  ]  Moving data file from '/tmp/smi9a9.8585612/tmpwbvcxjto/multiqc_data' to '14181_MGSD_CSIRO.qc.stats/multiqc_data'
[2022-08-05 11:06:52,682] multiqc                                            [INFO   ]  MultiQC complete
