[2022-08-05 11:11:48,341] multiqc                                            [DEBUG  ]  This is MultiQC v1.11
[2022-08-05 11:11:48,341] multiqc                                            [DEBUG  ]  No MultiQC config found: /apps/multiqc/1.11/lib/python3.9/site-packages/multiqc_config.yaml
[2022-08-05 11:11:48,341] multiqc                                            [DEBUG  ]  No MultiQC config found: /home/smi9a9/.multiqc_config.yaml
[2022-08-05 11:11:48,345] multiqc                                            [DEBUG  ]  No MultiQC config found: multiqc_config.yaml
[2022-08-05 11:11:48,345] multiqc                                            [DEBUG  ]  Command used: /apps/multiqc/1.11/bin/multiqc ./15865_combined_merged_fastqc.html ./15865_combined_merged_fastqc.zip ./15865_combined_merged.fastq.gz ./15865_combined_R1p_fastqc.html ./15865_combined_R1p_fastqc.zip ./15865_combined_R1p.fastq.gz ./15865_combined_R1R2u_fastqc.html ./15865_combined_R1R2u_fastqc.zip ./15865_combined_R1R2u.fastq.gz ./15865_combined_R2p_fastqc.html ./15865_combined_R2p_fastqc.zip ./15865_combined_R2p.fastq.gz ./15865_QCreads.md5 -o 15865_MGSD_CSIRO.qc.stats
[2022-08-05 11:11:48,347] multiqc                                            [DEBUG  ]  Could not connect to multiqc.info for version check: <urlopen error [Errno 111] Connection refused>
[2022-08-05 11:11:48,347] multiqc                                            [DEBUG  ]  Command     : /apps/multiqc/1.11/bin/multiqc ./15865_combined_merged_fastqc.html ./15865_combined_merged_fastqc.zip ./15865_combined_merged.fastq.gz ./15865_combined_R1p_fastqc.html ./15865_combined_R1p_fastqc.zip ./15865_combined_R1p.fastq.gz ./15865_combined_R1R2u_fastqc.html ./15865_combined_R1R2u_fastqc.zip ./15865_combined_R1R2u.fastq.gz ./15865_combined_R2p_fastqc.html ./15865_combined_R2p_fastqc.zip ./15865_combined_R2p.fastq.gz ./15865_QCreads.md5 -o 15865_MGSD_CSIRO.qc.stats
[2022-08-05 11:11:48,347] multiqc                                            [DEBUG  ]  Working dir : /datasets/work/oa-amd/work/amd/Metagenome_QC_reads
[2022-08-05 11:11:48,347] multiqc                                            [DEBUG  ]  Template    : default
[2022-08-05 11:11:48,347] multiqc                                            [DEBUG  ]  Running Python 3.9.4 (default, Apr 25 2021, 16:13:27)  [GCC 10.3.0]
[2022-08-05 11:11:48,348] multiqc                                            [DEBUG  ]  Analysing modules: custom_content, ccs, ngsderive, purple, conpair, lima, peddy, somalier, methylQA, mosdepth, phantompeakqualtools, qualimap, preseq, quast, qorts, rna_seqc, rockhopper, rsem, rseqc, busco, bustools, goleft_indexcov, gffcompare, disambiguate, supernova, deeptools, sargasso, verifybamid, mirtrace, happy, mirtop, sambamba, homer, hops, macs2, theta2, snpeff, gatk, htseq, bcftools, featureCounts, fgbio, dragen, dedup, damageprofiler, biobambam2, jcvi, mtnucratio, picard, vep, sentieon, prokka, qc3C, nanostat, samblaster, samtools, sexdeterrmine, eigenstratdatabasetools, bamtools, jellyfish, vcftools, longranger, stacks, varscan2, snippy, bbmap, bismark, biscuit, hicexplorer, hicup, hicpro, salmon, kallisto, slamdunk, star, hisat2, tophat, bowtie2, bowtie1, snpsplit, odgi, pangolin, kat, leehom, adapterRemoval, clipandmerge, cutadapt, flexbar, kaiju, kraken, malt, trimmomatic, sickle, skewer, sortmerna, biobloomtools, fastq_screen, afterqc, fastp, fastqc, pychopper, pycoqc, minionqc, multivcfanalyzer, clusterflow, bcl2fastq, bclconvert, interop, ivar, flash, seqyclean, optitype
[2022-08-05 11:11:48,348] multiqc                                            [DEBUG  ]  Using temporary directory for creating report: /tmp/smi9a9.8586182/tmpy16kkho7
[2022-08-05 11:11:48,409] multiqc                                            [INFO   ]  Search path : /datasets/work/oa-amd/work/amd/Metagenome_QC_reads/15865_combined_merged_fastqc.html
[2022-08-05 11:11:48,409] multiqc                                            [INFO   ]  Search path : /datasets/work/oa-amd/work/amd/Metagenome_QC_reads/15865_combined_merged_fastqc.zip
[2022-08-05 11:11:48,409] multiqc                                            [INFO   ]  Search path : /datasets/work/oa-amd/work/amd/Metagenome_QC_reads/15865_combined_merged.fastq.gz
[2022-08-05 11:11:48,409] multiqc                                            [INFO   ]  Search path : /datasets/work/oa-amd/work/amd/Metagenome_QC_reads/15865_combined_R1p_fastqc.html
[2022-08-05 11:11:48,409] multiqc                                            [INFO   ]  Search path : /datasets/work/oa-amd/work/amd/Metagenome_QC_reads/15865_combined_R1p_fastqc.zip
[2022-08-05 11:11:48,409] multiqc                                            [INFO   ]  Search path : /datasets/work/oa-amd/work/amd/Metagenome_QC_reads/15865_combined_R1p.fastq.gz
[2022-08-05 11:11:48,409] multiqc                                            [INFO   ]  Search path : /datasets/work/oa-amd/work/amd/Metagenome_QC_reads/15865_combined_R1R2u_fastqc.html
[2022-08-05 11:11:48,409] multiqc                                            [INFO   ]  Search path : /datasets/work/oa-amd/work/amd/Metagenome_QC_reads/15865_combined_R1R2u_fastqc.zip
[2022-08-05 11:11:48,409] multiqc                                            [INFO   ]  Search path : /datasets/work/oa-amd/work/amd/Metagenome_QC_reads/15865_combined_R1R2u.fastq.gz
[2022-08-05 11:11:48,409] multiqc                                            [INFO   ]  Search path : /datasets/work/oa-amd/work/amd/Metagenome_QC_reads/15865_combined_R2p_fastqc.html
[2022-08-05 11:11:48,409] multiqc                                            [INFO   ]  Search path : /datasets/work/oa-amd/work/amd/Metagenome_QC_reads/15865_combined_R2p_fastqc.zip
[2022-08-05 11:11:48,409] multiqc                                            [INFO   ]  Search path : /datasets/work/oa-amd/work/amd/Metagenome_QC_reads/15865_combined_R2p.fastq.gz
[2022-08-05 11:11:48,409] multiqc                                            [INFO   ]  Search path : /datasets/work/oa-amd/work/amd/Metagenome_QC_reads/15865_QCreads.md5
[2022-08-05 11:11:48,700] multiqc                                            [DEBUG  ]  File ignored by ccs/v4 because it exceeded search pattern filesize limit: 15865_combined_merged_fastqc.html
[2022-08-05 11:11:48,708] multiqc                                            [DEBUG  ]  File ignored by hicexplorer because it exceeded search pattern filesize limit: 15865_combined_merged_fastqc.html
[2022-08-05 11:11:48,708] multiqc                                            [DEBUG  ]  File ignored by nanostat because it exceeded search pattern filesize limit: 15865_combined_merged_fastqc.html
[2022-08-05 11:11:48,709] multiqc                                            [DEBUG  ]  File ignored by lima/summary because it exceeded search pattern filesize limit: 15865_combined_merged_fastqc.html
[2022-08-05 11:11:48,724] multiqc                                            [DEBUG  ]  File ignored by vep/vep_txt because it exceeded search pattern filesize limit: 15865_combined_merged_fastqc.html
[2022-08-05 11:11:48,724] multiqc                                            [DEBUG  ]  File ignored by longranger/invocation because it exceeded search pattern filesize limit: 15865_combined_merged_fastqc.html
[2022-08-05 11:11:48,724] multiqc                                            [DEBUG  ]  File ignored by rockhopper because it exceeded search pattern filesize limit: 15865_combined_merged_fastqc.html
[2022-08-05 11:11:48,724] multiqc                                            [DEBUG  ]  File ignored by rseqc/bam_stat because it exceeded search pattern filesize limit: 15865_combined_merged_fastqc.html
[2022-08-05 11:11:48,724] multiqc                                            [DEBUG  ]  File ignored by rseqc/junction_annotation because it exceeded search pattern filesize limit: 15865_combined_merged_fastqc.html
[2022-08-05 11:11:48,724] multiqc                                            [DEBUG  ]  File ignored by rseqc/read_distribution because it exceeded search pattern filesize limit: 15865_combined_merged_fastqc.html
[2022-08-05 11:11:48,724] multiqc                                            [DEBUG  ]  File ignored by rseqc/infer_experiment because it exceeded search pattern filesize limit: 15865_combined_merged_fastqc.html
[2022-08-05 11:11:48,901] multiqc                                            [DEBUG  ]  Ignoring file as matched an ignore pattern: 15865_combined_merged.fastq.gz
[2022-08-05 11:11:49,046] multiqc                                            [DEBUG  ]  File ignored by ccs/v4 because it exceeded search pattern filesize limit: 15865_combined_R1p_fastqc.html
[2022-08-05 11:11:49,054] multiqc                                            [DEBUG  ]  File ignored by hicexplorer because it exceeded search pattern filesize limit: 15865_combined_R1p_fastqc.html
[2022-08-05 11:11:49,055] multiqc                                            [DEBUG  ]  File ignored by nanostat because it exceeded search pattern filesize limit: 15865_combined_R1p_fastqc.html
[2022-08-05 11:11:49,055] multiqc                                            [DEBUG  ]  File ignored by lima/summary because it exceeded search pattern filesize limit: 15865_combined_R1p_fastqc.html
[2022-08-05 11:11:49,072] multiqc                                            [DEBUG  ]  File ignored by vep/vep_txt because it exceeded search pattern filesize limit: 15865_combined_R1p_fastqc.html
[2022-08-05 11:11:49,072] multiqc                                            [DEBUG  ]  File ignored by longranger/invocation because it exceeded search pattern filesize limit: 15865_combined_R1p_fastqc.html
[2022-08-05 11:11:49,072] multiqc                                            [DEBUG  ]  File ignored by rockhopper because it exceeded search pattern filesize limit: 15865_combined_R1p_fastqc.html
[2022-08-05 11:11:49,072] multiqc                                            [DEBUG  ]  File ignored by rseqc/bam_stat because it exceeded search pattern filesize limit: 15865_combined_R1p_fastqc.html
[2022-08-05 11:11:49,072] multiqc                                            [DEBUG  ]  File ignored by rseqc/junction_annotation because it exceeded search pattern filesize limit: 15865_combined_R1p_fastqc.html
[2022-08-05 11:11:49,072] multiqc                                            [DEBUG  ]  File ignored by rseqc/read_distribution because it exceeded search pattern filesize limit: 15865_combined_R1p_fastqc.html
[2022-08-05 11:11:49,072] multiqc                                            [DEBUG  ]  File ignored by rseqc/infer_experiment because it exceeded search pattern filesize limit: 15865_combined_R1p_fastqc.html
[2022-08-05 11:11:49,271] multiqc                                            [DEBUG  ]  Ignoring file as matched an ignore pattern: 15865_combined_R1p.fastq.gz
[2022-08-05 11:11:49,320] multiqc                                            [DEBUG  ]  File ignored by ccs/v4 because it exceeded search pattern filesize limit: 15865_combined_R1R2u_fastqc.html
[2022-08-05 11:11:49,329] multiqc                                            [DEBUG  ]  File ignored by hicexplorer because it exceeded search pattern filesize limit: 15865_combined_R1R2u_fastqc.html
[2022-08-05 11:11:49,330] multiqc                                            [DEBUG  ]  File ignored by nanostat because it exceeded search pattern filesize limit: 15865_combined_R1R2u_fastqc.html
[2022-08-05 11:11:49,330] multiqc                                            [DEBUG  ]  File ignored by lima/summary because it exceeded search pattern filesize limit: 15865_combined_R1R2u_fastqc.html
[2022-08-05 11:11:49,576] multiqc                                            [DEBUG  ]  File ignored by vep/vep_txt because it exceeded search pattern filesize limit: 15865_combined_R1R2u_fastqc.html
[2022-08-05 11:11:49,576] multiqc                                            [DEBUG  ]  File ignored by longranger/invocation because it exceeded search pattern filesize limit: 15865_combined_R1R2u_fastqc.html
[2022-08-05 11:11:49,576] multiqc                                            [DEBUG  ]  File ignored by rockhopper because it exceeded search pattern filesize limit: 15865_combined_R1R2u_fastqc.html
[2022-08-05 11:11:49,576] multiqc                                            [DEBUG  ]  File ignored by rseqc/bam_stat because it exceeded search pattern filesize limit: 15865_combined_R1R2u_fastqc.html
[2022-08-05 11:11:49,576] multiqc                                            [DEBUG  ]  File ignored by rseqc/junction_annotation because it exceeded search pattern filesize limit: 15865_combined_R1R2u_fastqc.html
[2022-08-05 11:11:49,576] multiqc                                            [DEBUG  ]  File ignored by rseqc/read_distribution because it exceeded search pattern filesize limit: 15865_combined_R1R2u_fastqc.html
[2022-08-05 11:11:49,576] multiqc                                            [DEBUG  ]  File ignored by rseqc/infer_experiment because it exceeded search pattern filesize limit: 15865_combined_R1R2u_fastqc.html
[2022-08-05 11:11:49,695] multiqc                                            [DEBUG  ]  Ignoring file as matched an ignore pattern: 15865_combined_R1R2u.fastq.gz
[2022-08-05 11:11:49,876] multiqc                                            [DEBUG  ]  File ignored by ccs/v4 because it exceeded search pattern filesize limit: 15865_combined_R2p_fastqc.html
[2022-08-05 11:11:49,884] multiqc                                            [DEBUG  ]  File ignored by hicexplorer because it exceeded search pattern filesize limit: 15865_combined_R2p_fastqc.html
[2022-08-05 11:11:49,885] multiqc                                            [DEBUG  ]  File ignored by nanostat because it exceeded search pattern filesize limit: 15865_combined_R2p_fastqc.html
[2022-08-05 11:11:49,885] multiqc                                            [DEBUG  ]  File ignored by lima/summary because it exceeded search pattern filesize limit: 15865_combined_R2p_fastqc.html
[2022-08-05 11:11:49,896] multiqc                                            [DEBUG  ]  File ignored by vep/vep_txt because it exceeded search pattern filesize limit: 15865_combined_R2p_fastqc.html
[2022-08-05 11:11:49,896] multiqc                                            [DEBUG  ]  File ignored by longranger/invocation because it exceeded search pattern filesize limit: 15865_combined_R2p_fastqc.html
[2022-08-05 11:11:49,896] multiqc                                            [DEBUG  ]  File ignored by rockhopper because it exceeded search pattern filesize limit: 15865_combined_R2p_fastqc.html
[2022-08-05 11:11:49,896] multiqc                                            [DEBUG  ]  File ignored by rseqc/bam_stat because it exceeded search pattern filesize limit: 15865_combined_R2p_fastqc.html
[2022-08-05 11:11:49,896] multiqc                                            [DEBUG  ]  File ignored by rseqc/junction_annotation because it exceeded search pattern filesize limit: 15865_combined_R2p_fastqc.html
[2022-08-05 11:11:49,896] multiqc                                            [DEBUG  ]  File ignored by rseqc/read_distribution because it exceeded search pattern filesize limit: 15865_combined_R2p_fastqc.html
[2022-08-05 11:11:49,896] multiqc                                            [DEBUG  ]  File ignored by rseqc/infer_experiment because it exceeded search pattern filesize limit: 15865_combined_R2p_fastqc.html
[2022-08-05 11:11:50,389] multiqc                                            [DEBUG  ]  Ignoring file as matched an ignore pattern: 15865_combined_R2p.fastq.gz
[2022-08-05 11:11:50,430] multiqc                                            [DEBUG  ]  Ignoring file as matched an ignore pattern: 15865_QCreads.md5
[2022-08-05 11:11:51,696] multiqc.plots.bargraph                             [DEBUG  ]  Using matplotlib version 3.3.4
[2022-08-05 11:11:51,701] multiqc.plots.linegraph                            [DEBUG  ]  Using matplotlib version 3.3.4
[2022-08-05 11:11:51,704] multiqc                                            [DEBUG  ]  No samples found: custom_content
[2022-08-05 11:11:51,713] multiqc                                            [DEBUG  ]  No samples found: ccs
[2022-08-05 11:11:51,720] multiqc                                            [DEBUG  ]  No samples found: ngsderive
[2022-08-05 11:11:51,725] multiqc                                            [DEBUG  ]  No samples found: purple
[2022-08-05 11:11:51,729] multiqc                                            [DEBUG  ]  No samples found: conpair
[2022-08-05 11:11:51,736] multiqc                                            [DEBUG  ]  No samples found: lima
[2022-08-05 11:11:51,741] multiqc                                            [DEBUG  ]  No samples found: peddy
[2022-08-05 11:11:51,747] multiqc                                            [DEBUG  ]  No samples found: somalier
[2022-08-05 11:11:51,754] multiqc                                            [DEBUG  ]  No samples found: methylQA
[2022-08-05 11:11:51,997] multiqc.modules.mosdepth.mosdepth                  [DEBUG  ]  include_contigs: []
[2022-08-05 11:11:51,997] multiqc.modules.mosdepth.mosdepth                  [DEBUG  ]  exclude_contigs: []
[2022-08-05 11:11:51,997] multiqc                                            [DEBUG  ]  No samples found: mosdepth
[2022-08-05 11:11:52,000] multiqc                                            [DEBUG  ]  No samples found: phantompeakqualtools
[2022-08-05 11:11:52,004] multiqc                                            [DEBUG  ]  No samples found: qualimap
[2022-08-05 11:11:52,009] multiqc                                            [DEBUG  ]  No samples found: preseq
[2022-08-05 11:11:52,015] multiqc                                            [DEBUG  ]  No samples found: quast
[2022-08-05 11:11:52,019] multiqc                                            [DEBUG  ]  No samples found: qorts
[2022-08-05 11:11:52,024] multiqc                                            [DEBUG  ]  No samples found: rna_seqc
[2022-08-05 11:11:52,028] multiqc                                            [DEBUG  ]  No samples found: rockhopper
[2022-08-05 11:11:52,033] multiqc                                            [DEBUG  ]  No samples found: rsem
[2022-08-05 11:11:52,048] multiqc                                            [DEBUG  ]  No samples found: rseqc
[2022-08-05 11:11:52,052] multiqc                                            [DEBUG  ]  No samples found: busco
[2022-08-05 11:11:52,056] multiqc                                            [DEBUG  ]  No samples found: bustools
[2022-08-05 11:11:52,060] multiqc                                            [DEBUG  ]  No samples found: goleft_indexcov
[2022-08-05 11:11:52,065] multiqc                                            [DEBUG  ]  No samples found: gffcompare
[2022-08-05 11:11:52,069] multiqc                                            [DEBUG  ]  No samples found: disambiguate
[2022-08-05 11:11:52,074] multiqc                                            [DEBUG  ]  No samples found: supernova
[2022-08-05 11:11:52,097] multiqc                                            [DEBUG  ]  No samples found: deeptools
[2022-08-05 11:11:52,105] multiqc                                            [DEBUG  ]  No samples found: sargasso
[2022-08-05 11:11:52,111] multiqc                                            [DEBUG  ]  No samples found: verifybamid
[2022-08-05 11:11:52,120] multiqc                                            [DEBUG  ]  No samples found: mirtrace
[2022-08-05 11:11:52,126] multiqc                                            [DEBUG  ]  No samples found: happy
[2022-08-05 11:11:52,130] multiqc                                            [DEBUG  ]  No samples found: mirtop
[2022-08-05 11:11:52,135] multiqc                                            [DEBUG  ]  No samples found: sambamba
[2022-08-05 11:11:52,143] multiqc                                            [DEBUG  ]  No samples found: homer
[2022-08-05 11:11:52,147] multiqc                                            [DEBUG  ]  No samples found: hops
[2022-08-05 11:11:52,151] multiqc                                            [DEBUG  ]  No samples found: macs2
[2022-08-05 11:11:52,156] multiqc                                            [DEBUG  ]  No samples found: theta2
[2022-08-05 11:11:52,161] multiqc                                            [DEBUG  ]  No samples found: snpeff
[2022-08-05 11:11:52,169] multiqc                                            [DEBUG  ]  No samples found: gatk
[2022-08-05 11:11:52,173] multiqc                                            [DEBUG  ]  No samples found: htseq
[2022-08-05 11:11:52,179] multiqc                                            [DEBUG  ]  No samples found: bcftools
[2022-08-05 11:11:52,185] multiqc                                            [DEBUG  ]  No samples found: featureCounts
[2022-08-05 11:11:52,191] multiqc                                            [DEBUG  ]  No samples found: fgbio
[2022-08-05 11:11:52,208] multiqc                                            [DEBUG  ]  No samples found: dragen
[2022-08-05 11:11:52,213] multiqc                                            [DEBUG  ]  No samples found: dedup
[2022-08-05 11:11:52,218] multiqc                                            [DEBUG  ]  No samples found: damageprofiler
[2022-08-05 11:11:52,487] multiqc                                            [DEBUG  ]  No samples found: biobambam2
[2022-08-05 11:11:52,493] multiqc                                            [DEBUG  ]  No samples found: jcvi
[2022-08-05 11:11:52,497] multiqc                                            [DEBUG  ]  No samples found: mtnucratio
[2022-08-05 11:11:52,499] multiqc                                            [DEBUG  ]  No samples found: picard
[2022-08-05 11:11:52,505] multiqc                                            [DEBUG  ]  No samples found: vep
[2022-08-05 11:11:52,748] multiqc                                            [DEBUG  ]  No samples found: sentieon
[2022-08-05 11:11:52,760] multiqc                                            [DEBUG  ]  No samples found: prokka
[2022-08-05 11:11:52,998] multiqc                                            [DEBUG  ]  No samples found: qc3C
[2022-08-05 11:11:53,008] multiqc                                            [DEBUG  ]  No samples found: nanostat
[2022-08-05 11:11:53,024] multiqc                                            [DEBUG  ]  No samples found: samblaster
[2022-08-05 11:11:53,049] multiqc                                            [DEBUG  ]  No samples found: samtools
[2022-08-05 11:11:53,054] multiqc                                            [DEBUG  ]  No samples found: sexdeterrmine
[2022-08-05 11:11:53,060] multiqc                                            [DEBUG  ]  No samples found: eigenstratdatabasetools
[2022-08-05 11:11:53,070] multiqc                                            [DEBUG  ]  No samples found: bamtools
[2022-08-05 11:11:53,080] multiqc                                            [DEBUG  ]  No samples found: jellyfish
[2022-08-05 11:11:53,092] multiqc                                            [DEBUG  ]  No samples found: vcftools
[2022-08-05 11:11:53,100] multiqc                                            [DEBUG  ]  No samples found: longranger
[2022-08-05 11:11:53,105] multiqc                                            [DEBUG  ]  No samples found: stacks
[2022-08-05 11:11:53,111] multiqc                                            [DEBUG  ]  No samples found: varscan2
[2022-08-05 11:11:53,117] multiqc                                            [DEBUG  ]  No samples found: snippy
[2022-08-05 11:11:53,140] multiqc                                            [DEBUG  ]  No samples found: bbmap
[2022-08-05 11:11:53,146] multiqc                                            [DEBUG  ]  No samples found: bismark
[2022-08-05 11:11:53,154] multiqc                                            [DEBUG  ]  No samples found: biscuit
[2022-08-05 11:11:53,159] multiqc                                            [DEBUG  ]  No samples found: hicexplorer
[2022-08-05 11:11:53,163] multiqc                                            [DEBUG  ]  No samples found: hicup
[2022-08-05 11:11:53,168] multiqc                                            [DEBUG  ]  No samples found: hicpro
[2022-08-05 11:11:53,172] multiqc                                            [DEBUG  ]  No samples found: salmon
[2022-08-05 11:11:53,176] multiqc                                            [DEBUG  ]  No samples found: kallisto
[2022-08-05 11:11:53,182] multiqc                                            [DEBUG  ]  No samples found: slamdunk
[2022-08-05 11:11:53,186] multiqc                                            [DEBUG  ]  No samples found: star
[2022-08-05 11:11:53,191] multiqc                                            [DEBUG  ]  No samples found: hisat2
[2022-08-05 11:11:53,194] multiqc                                            [DEBUG  ]  No samples found: tophat
[2022-08-05 11:11:53,199] multiqc                                            [DEBUG  ]  No samples found: bowtie2
[2022-08-05 11:11:53,203] multiqc                                            [DEBUG  ]  No samples found: bowtie1
[2022-08-05 11:11:53,208] multiqc                                            [DEBUG  ]  No samples found: snpsplit
[2022-08-05 11:11:53,213] multiqc                                            [DEBUG  ]  No samples found: odgi
[2022-08-05 11:11:53,451] multiqc                                            [DEBUG  ]  No samples found: pangolin
[2022-08-05 11:11:53,468] multiqc                                            [DEBUG  ]  No samples found: kat
[2022-08-05 11:11:53,487] multiqc                                            [DEBUG  ]  No samples found: leehom
[2022-08-05 11:11:53,504] multiqc                                            [DEBUG  ]  No samples found: adapterRemoval
[2022-08-05 11:11:53,520] multiqc                                            [DEBUG  ]  No samples found: clipandmerge
[2022-08-05 11:11:53,542] multiqc                                            [DEBUG  ]  No samples found: cutadapt
[2022-08-05 11:11:53,564] multiqc                                            [DEBUG  ]  No samples found: flexbar
[2022-08-05 11:11:53,580] multiqc                                            [DEBUG  ]  No samples found: kaiju
[2022-08-05 11:11:53,592] multiqc                                            [DEBUG  ]  No samples found: kraken
[2022-08-05 11:11:53,603] multiqc                                            [DEBUG  ]  No samples found: malt
[2022-08-05 11:11:53,612] multiqc                                            [DEBUG  ]  No samples found: trimmomatic
[2022-08-05 11:11:53,626] multiqc                                            [DEBUG  ]  No samples found: sickle
[2022-08-05 11:11:53,634] multiqc                                            [DEBUG  ]  No samples found: skewer
[2022-08-05 11:11:53,643] multiqc                                            [DEBUG  ]  No samples found: sortmerna
[2022-08-05 11:11:53,653] multiqc                                            [DEBUG  ]  No samples found: biobloomtools
[2022-08-05 11:11:53,662] multiqc                                            [DEBUG  ]  No samples found: fastq_screen
[2022-08-05 11:11:53,671] multiqc                                            [DEBUG  ]  No samples found: afterqc
[2022-08-05 11:11:53,681] multiqc                                            [DEBUG  ]  No samples found: fastp
[2022-08-05 11:11:54,146] multiqc.modules.fastqc.fastqc                      [INFO   ]  Found 4 reports
[2022-08-05 11:11:54,193] multiqc                                            [DEBUG  ]  No samples found: pychopper
[2022-08-05 11:11:54,446] multiqc                                            [DEBUG  ]  No samples found: pycoqc
[2022-08-05 11:11:54,453] multiqc                                            [DEBUG  ]  No samples found: minionqc
[2022-08-05 11:11:54,459] multiqc                                            [DEBUG  ]  No samples found: multivcfanalyzer
[2022-08-05 11:11:54,465] multiqc                                            [DEBUG  ]  No samples found: clusterflow
[2022-08-05 11:11:54,471] multiqc                                            [DEBUG  ]  No samples found: bcl2fastq
[2022-08-05 11:11:54,478] multiqc                                            [DEBUG  ]  No samples found: bclconvert
[2022-08-05 11:11:54,484] multiqc                                            [DEBUG  ]  No samples found: interop
[2022-08-05 11:11:54,491] multiqc                                            [DEBUG  ]  No samples found: ivar
[2022-08-05 11:11:54,496] multiqc                                            [DEBUG  ]  No samples found: flash
[2022-08-05 11:11:54,505] multiqc                                            [DEBUG  ]  No samples found: seqyclean
[2022-08-05 11:11:54,513] multiqc                                            [DEBUG  ]  No samples found: optitype
[2022-08-05 11:11:54,518] multiqc                                            [INFO   ]  Compressing plot data
[2022-08-05 11:11:54,758] multiqc                                            [INFO   ]  Report      : 15865_MGSD_CSIRO.qc.stats/multiqc_report.html
[2022-08-05 11:11:54,758] multiqc                                            [INFO   ]  Data        : 15865_MGSD_CSIRO.qc.stats/multiqc_data
[2022-08-05 11:11:54,758] multiqc                                            [DEBUG  ]  Moving data file from '/tmp/smi9a9.8586182/tmpy16kkho7/multiqc_data' to '15865_MGSD_CSIRO.qc.stats/multiqc_data'
[2022-08-05 11:11:55,249] multiqc                                            [INFO   ]  MultiQC complete
