[2022-08-05 11:07:43,651] multiqc                                            [DEBUG  ]  This is MultiQC v1.11
[2022-08-05 11:07:43,652] multiqc                                            [DEBUG  ]  No MultiQC config found: /apps/multiqc/1.11/lib/python3.9/site-packages/multiqc_config.yaml
[2022-08-05 11:07:43,652] multiqc                                            [DEBUG  ]  No MultiQC config found: /home/smi9a9/.multiqc_config.yaml
[2022-08-05 11:07:43,652] multiqc                                            [DEBUG  ]  No MultiQC config found: multiqc_config.yaml
[2022-08-05 11:07:43,652] multiqc                                            [DEBUG  ]  Command used: /apps/multiqc/1.11/bin/multiqc ./19487_combined_merged_fastqc.html ./19487_combined_merged_fastqc.zip ./19487_combined_merged.fastq.gz ./19487_combined_R1p_fastqc.html ./19487_combined_R1p_fastqc.zip ./19487_combined_R1p.fastq.gz ./19487_combined_R1R2u_fastqc.html ./19487_combined_R1R2u_fastqc.zip ./19487_combined_R1R2u.fastq.gz ./19487_combined_R2p_fastqc.html ./19487_combined_R2p_fastqc.zip ./19487_combined_R2p.fastq.gz ./19487_QCreads.md5 -o 19487_MGSD_CSIRO.qc.stats
[2022-08-05 11:07:43,659] multiqc                                            [DEBUG  ]  Could not connect to multiqc.info for version check: <urlopen error [Errno 111] Connection refused>
[2022-08-05 11:07:43,659] multiqc                                            [DEBUG  ]  Command     : /apps/multiqc/1.11/bin/multiqc ./19487_combined_merged_fastqc.html ./19487_combined_merged_fastqc.zip ./19487_combined_merged.fastq.gz ./19487_combined_R1p_fastqc.html ./19487_combined_R1p_fastqc.zip ./19487_combined_R1p.fastq.gz ./19487_combined_R1R2u_fastqc.html ./19487_combined_R1R2u_fastqc.zip ./19487_combined_R1R2u.fastq.gz ./19487_combined_R2p_fastqc.html ./19487_combined_R2p_fastqc.zip ./19487_combined_R2p.fastq.gz ./19487_QCreads.md5 -o 19487_MGSD_CSIRO.qc.stats
[2022-08-05 11:07:43,659] multiqc                                            [DEBUG  ]  Working dir : /datasets/work/oa-amd/work/amd/Metagenome_QC_reads
[2022-08-05 11:07:43,659] multiqc                                            [DEBUG  ]  Template    : default
[2022-08-05 11:07:43,659] multiqc                                            [DEBUG  ]  Running Python 3.9.4 (default, Apr 25 2021, 16:13:27)  [GCC 10.3.0]
[2022-08-05 11:07:43,659] multiqc                                            [DEBUG  ]  Analysing modules: custom_content, ccs, ngsderive, purple, conpair, lima, peddy, somalier, methylQA, mosdepth, phantompeakqualtools, qualimap, preseq, quast, qorts, rna_seqc, rockhopper, rsem, rseqc, busco, bustools, goleft_indexcov, gffcompare, disambiguate, supernova, deeptools, sargasso, verifybamid, mirtrace, happy, mirtop, sambamba, homer, hops, macs2, theta2, snpeff, gatk, htseq, bcftools, featureCounts, fgbio, dragen, dedup, damageprofiler, biobambam2, jcvi, mtnucratio, picard, vep, sentieon, prokka, qc3C, nanostat, samblaster, samtools, sexdeterrmine, eigenstratdatabasetools, bamtools, jellyfish, vcftools, longranger, stacks, varscan2, snippy, bbmap, bismark, biscuit, hicexplorer, hicup, hicpro, salmon, kallisto, slamdunk, star, hisat2, tophat, bowtie2, bowtie1, snpsplit, odgi, pangolin, kat, leehom, adapterRemoval, clipandmerge, cutadapt, flexbar, kaiju, kraken, malt, trimmomatic, sickle, skewer, sortmerna, biobloomtools, fastq_screen, afterqc, fastp, fastqc, pychopper, pycoqc, minionqc, multivcfanalyzer, clusterflow, bcl2fastq, bclconvert, interop, ivar, flash, seqyclean, optitype
[2022-08-05 11:07:43,660] multiqc                                            [DEBUG  ]  Using temporary directory for creating report: /tmp/smi9a9.8585404/tmp0gu1cnci
[2022-08-05 11:07:44,017] multiqc                                            [INFO   ]  Search path : /datasets/work/oa-amd/work/amd/Metagenome_QC_reads/19487_combined_merged_fastqc.html
[2022-08-05 11:07:44,017] multiqc                                            [INFO   ]  Search path : /datasets/work/oa-amd/work/amd/Metagenome_QC_reads/19487_combined_merged_fastqc.zip
[2022-08-05 11:07:44,017] multiqc                                            [INFO   ]  Search path : /datasets/work/oa-amd/work/amd/Metagenome_QC_reads/19487_combined_merged.fastq.gz
[2022-08-05 11:07:44,017] multiqc                                            [INFO   ]  Search path : /datasets/work/oa-amd/work/amd/Metagenome_QC_reads/19487_combined_R1p_fastqc.html
[2022-08-05 11:07:44,017] multiqc                                            [INFO   ]  Search path : /datasets/work/oa-amd/work/amd/Metagenome_QC_reads/19487_combined_R1p_fastqc.zip
[2022-08-05 11:07:44,017] multiqc                                            [INFO   ]  Search path : /datasets/work/oa-amd/work/amd/Metagenome_QC_reads/19487_combined_R1p.fastq.gz
[2022-08-05 11:07:44,017] multiqc                                            [INFO   ]  Search path : /datasets/work/oa-amd/work/amd/Metagenome_QC_reads/19487_combined_R1R2u_fastqc.html
[2022-08-05 11:07:44,017] multiqc                                            [INFO   ]  Search path : /datasets/work/oa-amd/work/amd/Metagenome_QC_reads/19487_combined_R1R2u_fastqc.zip
[2022-08-05 11:07:44,017] multiqc                                            [INFO   ]  Search path : /datasets/work/oa-amd/work/amd/Metagenome_QC_reads/19487_combined_R1R2u.fastq.gz
[2022-08-05 11:07:44,017] multiqc                                            [INFO   ]  Search path : /datasets/work/oa-amd/work/amd/Metagenome_QC_reads/19487_combined_R2p_fastqc.html
[2022-08-05 11:07:44,017] multiqc                                            [INFO   ]  Search path : /datasets/work/oa-amd/work/amd/Metagenome_QC_reads/19487_combined_R2p_fastqc.zip
[2022-08-05 11:07:44,017] multiqc                                            [INFO   ]  Search path : /datasets/work/oa-amd/work/amd/Metagenome_QC_reads/19487_combined_R2p.fastq.gz
[2022-08-05 11:07:44,017] multiqc                                            [INFO   ]  Search path : /datasets/work/oa-amd/work/amd/Metagenome_QC_reads/19487_QCreads.md5
[2022-08-05 11:07:44,932] multiqc                                            [DEBUG  ]  File ignored by ccs/v4 because it exceeded search pattern filesize limit: 19487_combined_merged_fastqc.html
[2022-08-05 11:07:44,941] multiqc                                            [DEBUG  ]  File ignored by hicexplorer because it exceeded search pattern filesize limit: 19487_combined_merged_fastqc.html
[2022-08-05 11:07:44,942] multiqc                                            [DEBUG  ]  File ignored by nanostat because it exceeded search pattern filesize limit: 19487_combined_merged_fastqc.html
[2022-08-05 11:07:44,942] multiqc                                            [DEBUG  ]  File ignored by lima/summary because it exceeded search pattern filesize limit: 19487_combined_merged_fastqc.html
[2022-08-05 11:07:44,953] multiqc                                            [DEBUG  ]  File ignored by vep/vep_txt because it exceeded search pattern filesize limit: 19487_combined_merged_fastqc.html
[2022-08-05 11:07:44,953] multiqc                                            [DEBUG  ]  File ignored by longranger/invocation because it exceeded search pattern filesize limit: 19487_combined_merged_fastqc.html
[2022-08-05 11:07:44,953] multiqc                                            [DEBUG  ]  File ignored by rockhopper because it exceeded search pattern filesize limit: 19487_combined_merged_fastqc.html
[2022-08-05 11:07:44,953] multiqc                                            [DEBUG  ]  File ignored by rseqc/bam_stat because it exceeded search pattern filesize limit: 19487_combined_merged_fastqc.html
[2022-08-05 11:07:44,953] multiqc                                            [DEBUG  ]  File ignored by rseqc/junction_annotation because it exceeded search pattern filesize limit: 19487_combined_merged_fastqc.html
[2022-08-05 11:07:44,953] multiqc                                            [DEBUG  ]  File ignored by rseqc/read_distribution because it exceeded search pattern filesize limit: 19487_combined_merged_fastqc.html
[2022-08-05 11:07:44,953] multiqc                                            [DEBUG  ]  File ignored by rseqc/infer_experiment because it exceeded search pattern filesize limit: 19487_combined_merged_fastqc.html
[2022-08-05 11:07:45,556] multiqc                                            [DEBUG  ]  Ignoring file as matched an ignore pattern: 19487_combined_merged.fastq.gz
[2022-08-05 11:07:45,598] multiqc                                            [DEBUG  ]  File ignored by ccs/v4 because it exceeded search pattern filesize limit: 19487_combined_R1p_fastqc.html
[2022-08-05 11:07:46,673] multiqc                                            [DEBUG  ]  File ignored by hicexplorer because it exceeded search pattern filesize limit: 19487_combined_R1p_fastqc.html
[2022-08-05 11:07:46,673] multiqc                                            [DEBUG  ]  File ignored by nanostat because it exceeded search pattern filesize limit: 19487_combined_R1p_fastqc.html
[2022-08-05 11:07:46,673] multiqc                                            [DEBUG  ]  File ignored by lima/summary because it exceeded search pattern filesize limit: 19487_combined_R1p_fastqc.html
[2022-08-05 11:07:46,692] multiqc                                            [DEBUG  ]  File ignored by vep/vep_txt because it exceeded search pattern filesize limit: 19487_combined_R1p_fastqc.html
[2022-08-05 11:07:46,692] multiqc                                            [DEBUG  ]  File ignored by longranger/invocation because it exceeded search pattern filesize limit: 19487_combined_R1p_fastqc.html
[2022-08-05 11:07:46,692] multiqc                                            [DEBUG  ]  File ignored by rockhopper because it exceeded search pattern filesize limit: 19487_combined_R1p_fastqc.html
[2022-08-05 11:07:46,692] multiqc                                            [DEBUG  ]  File ignored by rseqc/bam_stat because it exceeded search pattern filesize limit: 19487_combined_R1p_fastqc.html
[2022-08-05 11:07:46,692] multiqc                                            [DEBUG  ]  File ignored by rseqc/junction_annotation because it exceeded search pattern filesize limit: 19487_combined_R1p_fastqc.html
[2022-08-05 11:07:46,692] multiqc                                            [DEBUG  ]  File ignored by rseqc/read_distribution because it exceeded search pattern filesize limit: 19487_combined_R1p_fastqc.html
[2022-08-05 11:07:46,692] multiqc                                            [DEBUG  ]  File ignored by rseqc/infer_experiment because it exceeded search pattern filesize limit: 19487_combined_R1p_fastqc.html
[2022-08-05 11:07:46,756] multiqc                                            [DEBUG  ]  Ignoring file as matched an ignore pattern: 19487_combined_R1p.fastq.gz
[2022-08-05 11:07:47,340] multiqc                                            [DEBUG  ]  File ignored by ccs/v4 because it exceeded search pattern filesize limit: 19487_combined_R1R2u_fastqc.html
[2022-08-05 11:07:47,347] multiqc                                            [DEBUG  ]  File ignored by hicexplorer because it exceeded search pattern filesize limit: 19487_combined_R1R2u_fastqc.html
[2022-08-05 11:07:47,348] multiqc                                            [DEBUG  ]  File ignored by nanostat because it exceeded search pattern filesize limit: 19487_combined_R1R2u_fastqc.html
[2022-08-05 11:07:47,348] multiqc                                            [DEBUG  ]  File ignored by lima/summary because it exceeded search pattern filesize limit: 19487_combined_R1R2u_fastqc.html
[2022-08-05 11:07:47,362] multiqc                                            [DEBUG  ]  File ignored by vep/vep_txt because it exceeded search pattern filesize limit: 19487_combined_R1R2u_fastqc.html
[2022-08-05 11:07:47,362] multiqc                                            [DEBUG  ]  File ignored by longranger/invocation because it exceeded search pattern filesize limit: 19487_combined_R1R2u_fastqc.html
[2022-08-05 11:07:47,362] multiqc                                            [DEBUG  ]  File ignored by rockhopper because it exceeded search pattern filesize limit: 19487_combined_R1R2u_fastqc.html
[2022-08-05 11:07:47,362] multiqc                                            [DEBUG  ]  File ignored by rseqc/bam_stat because it exceeded search pattern filesize limit: 19487_combined_R1R2u_fastqc.html
[2022-08-05 11:07:47,362] multiqc                                            [DEBUG  ]  File ignored by rseqc/junction_annotation because it exceeded search pattern filesize limit: 19487_combined_R1R2u_fastqc.html
[2022-08-05 11:07:47,362] multiqc                                            [DEBUG  ]  File ignored by rseqc/read_distribution because it exceeded search pattern filesize limit: 19487_combined_R1R2u_fastqc.html
[2022-08-05 11:07:47,362] multiqc                                            [DEBUG  ]  File ignored by rseqc/infer_experiment because it exceeded search pattern filesize limit: 19487_combined_R1R2u_fastqc.html
[2022-08-05 11:07:47,676] multiqc                                            [DEBUG  ]  Ignoring file as matched an ignore pattern: 19487_combined_R1R2u.fastq.gz
[2022-08-05 11:07:48,569] multiqc                                            [DEBUG  ]  File ignored by ccs/v4 because it exceeded search pattern filesize limit: 19487_combined_R2p_fastqc.html
[2022-08-05 11:07:48,613] multiqc                                            [DEBUG  ]  File ignored by hicexplorer because it exceeded search pattern filesize limit: 19487_combined_R2p_fastqc.html
[2022-08-05 11:07:48,614] multiqc                                            [DEBUG  ]  File ignored by nanostat because it exceeded search pattern filesize limit: 19487_combined_R2p_fastqc.html
[2022-08-05 11:07:48,614] multiqc                                            [DEBUG  ]  File ignored by lima/summary because it exceeded search pattern filesize limit: 19487_combined_R2p_fastqc.html
[2022-08-05 11:07:48,723] multiqc                                            [DEBUG  ]  File ignored by vep/vep_txt because it exceeded search pattern filesize limit: 19487_combined_R2p_fastqc.html
[2022-08-05 11:07:48,723] multiqc                                            [DEBUG  ]  File ignored by longranger/invocation because it exceeded search pattern filesize limit: 19487_combined_R2p_fastqc.html
[2022-08-05 11:07:48,723] multiqc                                            [DEBUG  ]  File ignored by rockhopper because it exceeded search pattern filesize limit: 19487_combined_R2p_fastqc.html
[2022-08-05 11:07:48,723] multiqc                                            [DEBUG  ]  File ignored by rseqc/bam_stat because it exceeded search pattern filesize limit: 19487_combined_R2p_fastqc.html
[2022-08-05 11:07:48,723] multiqc                                            [DEBUG  ]  File ignored by rseqc/junction_annotation because it exceeded search pattern filesize limit: 19487_combined_R2p_fastqc.html
[2022-08-05 11:07:48,723] multiqc                                            [DEBUG  ]  File ignored by rseqc/read_distribution because it exceeded search pattern filesize limit: 19487_combined_R2p_fastqc.html
[2022-08-05 11:07:48,723] multiqc                                            [DEBUG  ]  File ignored by rseqc/infer_experiment because it exceeded search pattern filesize limit: 19487_combined_R2p_fastqc.html
[2022-08-05 11:07:48,833] multiqc                                            [DEBUG  ]  Ignoring file as matched an ignore pattern: 19487_combined_R2p.fastq.gz
[2022-08-05 11:07:48,834] multiqc                                            [DEBUG  ]  Ignoring file as matched an ignore pattern: 19487_QCreads.md5
[2022-08-05 11:07:51,491] multiqc.plots.bargraph                             [DEBUG  ]  Using matplotlib version 3.3.4
[2022-08-05 11:07:51,497] multiqc.plots.linegraph                            [DEBUG  ]  Using matplotlib version 3.3.4
[2022-08-05 11:07:51,502] multiqc                                            [DEBUG  ]  No samples found: custom_content
[2022-08-05 11:07:51,741] multiqc                                            [DEBUG  ]  No samples found: ccs
[2022-08-05 11:07:51,750] multiqc                                            [DEBUG  ]  No samples found: ngsderive
[2022-08-05 11:07:52,219] multiqc                                            [DEBUG  ]  No samples found: purple
[2022-08-05 11:07:52,225] multiqc                                            [DEBUG  ]  No samples found: conpair
[2022-08-05 11:07:52,508] multiqc                                            [DEBUG  ]  No samples found: lima
[2022-08-05 11:07:52,517] multiqc                                            [DEBUG  ]  No samples found: peddy
[2022-08-05 11:07:52,759] multiqc                                            [DEBUG  ]  No samples found: somalier
[2022-08-05 11:07:52,766] multiqc                                            [DEBUG  ]  No samples found: methylQA
[2022-08-05 11:07:52,783] multiqc.modules.mosdepth.mosdepth                  [DEBUG  ]  include_contigs: []
[2022-08-05 11:07:52,783] multiqc.modules.mosdepth.mosdepth                  [DEBUG  ]  exclude_contigs: []
[2022-08-05 11:07:52,783] multiqc                                            [DEBUG  ]  No samples found: mosdepth
[2022-08-05 11:07:52,790] multiqc                                            [DEBUG  ]  No samples found: phantompeakqualtools
[2022-08-05 11:07:52,794] multiqc                                            [DEBUG  ]  No samples found: qualimap
[2022-08-05 11:07:52,803] multiqc                                            [DEBUG  ]  No samples found: preseq
[2022-08-05 11:07:53,089] multiqc                                            [DEBUG  ]  No samples found: quast
[2022-08-05 11:07:53,098] multiqc                                            [DEBUG  ]  No samples found: qorts
[2022-08-05 11:07:53,109] multiqc                                            [DEBUG  ]  No samples found: rna_seqc
[2022-08-05 11:07:53,350] multiqc                                            [DEBUG  ]  No samples found: rockhopper
[2022-08-05 11:07:53,360] multiqc                                            [DEBUG  ]  No samples found: rsem
[2022-08-05 11:07:53,399] multiqc                                            [DEBUG  ]  No samples found: rseqc
[2022-08-05 11:07:53,407] multiqc                                            [DEBUG  ]  No samples found: busco
[2022-08-05 11:07:53,415] multiqc                                            [DEBUG  ]  No samples found: bustools
[2022-08-05 11:07:53,440] multiqc                                            [DEBUG  ]  No samples found: goleft_indexcov
[2022-08-05 11:07:53,448] multiqc                                            [DEBUG  ]  No samples found: gffcompare
[2022-08-05 11:07:53,456] multiqc                                            [DEBUG  ]  No samples found: disambiguate
[2022-08-05 11:07:53,466] multiqc                                            [DEBUG  ]  No samples found: supernova
[2022-08-05 11:07:53,503] multiqc                                            [DEBUG  ]  No samples found: deeptools
[2022-08-05 11:07:53,848] multiqc                                            [DEBUG  ]  No samples found: sargasso
[2022-08-05 11:07:53,859] multiqc                                            [DEBUG  ]  No samples found: verifybamid
[2022-08-05 11:07:53,869] multiqc                                            [DEBUG  ]  No samples found: mirtrace
[2022-08-05 11:07:53,879] multiqc                                            [DEBUG  ]  No samples found: happy
[2022-08-05 11:07:53,888] multiqc                                            [DEBUG  ]  No samples found: mirtop
[2022-08-05 11:07:53,897] multiqc                                            [DEBUG  ]  No samples found: sambamba
[2022-08-05 11:07:53,912] multiqc                                            [DEBUG  ]  No samples found: homer
[2022-08-05 11:07:53,920] multiqc                                            [DEBUG  ]  No samples found: hops
[2022-08-05 11:07:53,927] multiqc                                            [DEBUG  ]  No samples found: macs2
[2022-08-05 11:07:53,934] multiqc                                            [DEBUG  ]  No samples found: theta2
[2022-08-05 11:07:53,941] multiqc                                            [DEBUG  ]  No samples found: snpeff
[2022-08-05 11:07:53,955] multiqc                                            [DEBUG  ]  No samples found: gatk
[2022-08-05 11:07:53,961] multiqc                                            [DEBUG  ]  No samples found: htseq
[2022-08-05 11:07:53,971] multiqc                                            [DEBUG  ]  No samples found: bcftools
[2022-08-05 11:07:53,978] multiqc                                            [DEBUG  ]  No samples found: featureCounts
[2022-08-05 11:07:53,990] multiqc                                            [DEBUG  ]  No samples found: fgbio
[2022-08-05 11:07:54,019] multiqc                                            [DEBUG  ]  No samples found: dragen
[2022-08-05 11:07:54,026] multiqc                                            [DEBUG  ]  No samples found: dedup
[2022-08-05 11:07:54,494] multiqc                                            [DEBUG  ]  No samples found: damageprofiler
[2022-08-05 11:07:55,844] multiqc                                            [DEBUG  ]  No samples found: biobambam2
[2022-08-05 11:07:55,853] multiqc                                            [DEBUG  ]  No samples found: jcvi
[2022-08-05 11:07:55,860] multiqc                                            [DEBUG  ]  No samples found: mtnucratio
[2022-08-05 11:07:55,862] multiqc                                            [DEBUG  ]  No samples found: picard
[2022-08-05 11:07:55,870] multiqc                                            [DEBUG  ]  No samples found: vep
[2022-08-05 11:07:55,884] multiqc                                            [DEBUG  ]  No samples found: sentieon
[2022-08-05 11:07:55,892] multiqc                                            [DEBUG  ]  No samples found: prokka
[2022-08-05 11:07:55,903] multiqc                                            [DEBUG  ]  No samples found: qc3C
[2022-08-05 11:07:55,911] multiqc                                            [DEBUG  ]  No samples found: nanostat
[2022-08-05 11:07:55,918] multiqc                                            [DEBUG  ]  No samples found: samblaster
[2022-08-05 11:07:56,167] multiqc                                            [DEBUG  ]  No samples found: samtools
[2022-08-05 11:07:56,637] multiqc                                            [DEBUG  ]  No samples found: sexdeterrmine
[2022-08-05 11:07:56,644] multiqc                                            [DEBUG  ]  No samples found: eigenstratdatabasetools
[2022-08-05 11:07:56,654] multiqc                                            [DEBUG  ]  No samples found: bamtools
[2022-08-05 11:07:56,661] multiqc                                            [DEBUG  ]  No samples found: jellyfish
[2022-08-05 11:07:56,676] multiqc                                            [DEBUG  ]  No samples found: vcftools
[2022-08-05 11:07:56,685] multiqc                                            [DEBUG  ]  No samples found: longranger
[2022-08-05 11:07:56,693] multiqc                                            [DEBUG  ]  No samples found: stacks
[2022-08-05 11:07:56,700] multiqc                                            [DEBUG  ]  No samples found: varscan2
[2022-08-05 11:07:56,708] multiqc                                            [DEBUG  ]  No samples found: snippy
[2022-08-05 11:07:57,265] multiqc                                            [DEBUG  ]  No samples found: bbmap
[2022-08-05 11:07:57,274] multiqc                                            [DEBUG  ]  No samples found: bismark
[2022-08-05 11:07:57,286] multiqc                                            [DEBUG  ]  No samples found: biscuit
[2022-08-05 11:07:57,294] multiqc                                            [DEBUG  ]  No samples found: hicexplorer
[2022-08-05 11:07:57,301] multiqc                                            [DEBUG  ]  No samples found: hicup
[2022-08-05 11:07:57,581] multiqc                                            [DEBUG  ]  No samples found: hicpro
[2022-08-05 11:07:57,588] multiqc                                            [DEBUG  ]  No samples found: salmon
[2022-08-05 11:07:57,595] multiqc                                            [DEBUG  ]  No samples found: kallisto
[2022-08-05 11:07:57,605] multiqc                                            [DEBUG  ]  No samples found: slamdunk
[2022-08-05 11:07:57,613] multiqc                                            [DEBUG  ]  No samples found: star
[2022-08-05 11:07:57,620] multiqc                                            [DEBUG  ]  No samples found: hisat2
[2022-08-05 11:07:57,627] multiqc                                            [DEBUG  ]  No samples found: tophat
[2022-08-05 11:07:57,634] multiqc                                            [DEBUG  ]  No samples found: bowtie2
[2022-08-05 11:07:57,642] multiqc                                            [DEBUG  ]  No samples found: bowtie1
[2022-08-05 11:07:57,649] multiqc                                            [DEBUG  ]  No samples found: snpsplit
[2022-08-05 11:07:57,657] multiqc                                            [DEBUG  ]  No samples found: odgi
[2022-08-05 11:07:57,895] multiqc                                            [DEBUG  ]  No samples found: pangolin
[2022-08-05 11:07:57,902] multiqc                                            [DEBUG  ]  No samples found: kat
[2022-08-05 11:07:58,195] multiqc                                            [DEBUG  ]  No samples found: leehom
[2022-08-05 11:07:58,437] multiqc                                            [DEBUG  ]  No samples found: adapterRemoval
[2022-08-05 11:07:58,446] multiqc                                            [DEBUG  ]  No samples found: clipandmerge
[2022-08-05 11:07:58,455] multiqc                                            [DEBUG  ]  No samples found: cutadapt
[2022-08-05 11:07:58,464] multiqc                                            [DEBUG  ]  No samples found: flexbar
[2022-08-05 11:07:58,477] multiqc                                            [DEBUG  ]  No samples found: kaiju
[2022-08-05 11:07:58,487] multiqc                                            [DEBUG  ]  No samples found: kraken
[2022-08-05 11:07:58,728] multiqc                                            [DEBUG  ]  No samples found: malt
[2022-08-05 11:07:58,737] multiqc                                            [DEBUG  ]  No samples found: trimmomatic
[2022-08-05 11:07:58,746] multiqc                                            [DEBUG  ]  No samples found: sickle
[2022-08-05 11:07:58,754] multiqc                                            [DEBUG  ]  No samples found: skewer
[2022-08-05 11:07:59,268] multiqc                                            [DEBUG  ]  No samples found: sortmerna
[2022-08-05 11:07:59,276] multiqc                                            [DEBUG  ]  No samples found: biobloomtools
[2022-08-05 11:07:59,517] multiqc                                            [DEBUG  ]  No samples found: fastq_screen
[2022-08-05 11:08:00,264] multiqc                                            [DEBUG  ]  No samples found: afterqc
[2022-08-05 11:08:00,273] multiqc                                            [DEBUG  ]  No samples found: fastp
[2022-08-05 11:08:00,874] multiqc.modules.fastqc.fastqc                      [INFO   ]  Found 4 reports
[2022-08-05 11:08:00,929] multiqc                                            [DEBUG  ]  No samples found: pychopper
[2022-08-05 11:08:00,937] multiqc                                            [DEBUG  ]  No samples found: pycoqc
[2022-08-05 11:08:00,945] multiqc                                            [DEBUG  ]  No samples found: minionqc
[2022-08-05 11:08:00,953] multiqc                                            [DEBUG  ]  No samples found: multivcfanalyzer
[2022-08-05 11:08:01,069] multiqc                                            [DEBUG  ]  No samples found: clusterflow
[2022-08-05 11:08:01,078] multiqc                                            [DEBUG  ]  No samples found: bcl2fastq
[2022-08-05 11:08:01,090] multiqc                                            [DEBUG  ]  No samples found: bclconvert
[2022-08-05 11:08:01,098] multiqc                                            [DEBUG  ]  No samples found: interop
[2022-08-05 11:08:01,104] multiqc                                            [DEBUG  ]  No samples found: ivar
[2022-08-05 11:08:01,111] multiqc                                            [DEBUG  ]  No samples found: flash
[2022-08-05 11:08:01,118] multiqc                                            [DEBUG  ]  No samples found: seqyclean
[2022-08-05 11:08:01,124] multiqc                                            [DEBUG  ]  No samples found: optitype
[2022-08-05 11:08:01,129] multiqc                                            [INFO   ]  Compressing plot data
[2022-08-05 11:08:01,194] multiqc                                            [INFO   ]  Report      : 19487_MGSD_CSIRO.qc.stats/multiqc_report.html
[2022-08-05 11:08:01,194] multiqc                                            [INFO   ]  Data        : 19487_MGSD_CSIRO.qc.stats/multiqc_data
[2022-08-05 11:08:01,194] multiqc                                            [DEBUG  ]  Moving data file from '/tmp/smi9a9.8585404/tmp0gu1cnci/multiqc_data' to '19487_MGSD_CSIRO.qc.stats/multiqc_data'
[2022-08-05 11:08:02,266] multiqc                                            [INFO   ]  MultiQC complete
