[2022-08-05 11:12:18,116] multiqc                                            [DEBUG  ]  This is MultiQC v1.11
[2022-08-05 11:12:18,116] multiqc                                            [DEBUG  ]  No MultiQC config found: /apps/multiqc/1.11/lib/python3.9/site-packages/multiqc_config.yaml
[2022-08-05 11:12:18,116] multiqc                                            [DEBUG  ]  No MultiQC config found: /home/smi9a9/.multiqc_config.yaml
[2022-08-05 11:12:21,328] multiqc                                            [DEBUG  ]  No MultiQC config found: multiqc_config.yaml
[2022-08-05 11:12:21,328] multiqc                                            [DEBUG  ]  Command used: /apps/multiqc/1.11/bin/multiqc ./9530_HFLF3BCXX-1_merged_fastqc.html ./9530_HFLF3BCXX-1_merged_fastqc.zip ./9530_HFLF3BCXX-1_merged.fastq.gz ./9530_HFLF3BCXX-1_R1p_fastqc.html ./9530_HFLF3BCXX-1_R1p_fastqc.zip ./9530_HFLF3BCXX-1_R1p.fastq.gz ./9530_HFLF3BCXX-1_R1R2u_fastqc.html ./9530_HFLF3BCXX-1_R1R2u_fastqc.zip ./9530_HFLF3BCXX-1_R1R2u.fastq.gz ./9530_HFLF3BCXX-1_R2p_fastqc.html ./9530_HFLF3BCXX-1_R2p_fastqc.zip ./9530_HFLF3BCXX-1_R2p.fastq.gz ./9530_QCreads.md5 -o 9530_MGSD_CSIRO.qc.stats
[2022-08-05 11:12:21,331] multiqc                                            [DEBUG  ]  Could not connect to multiqc.info for version check: <urlopen error [Errno 111] Connection refused>
[2022-08-05 11:12:21,331] multiqc                                            [DEBUG  ]  Command     : /apps/multiqc/1.11/bin/multiqc ./9530_HFLF3BCXX-1_merged_fastqc.html ./9530_HFLF3BCXX-1_merged_fastqc.zip ./9530_HFLF3BCXX-1_merged.fastq.gz ./9530_HFLF3BCXX-1_R1p_fastqc.html ./9530_HFLF3BCXX-1_R1p_fastqc.zip ./9530_HFLF3BCXX-1_R1p.fastq.gz ./9530_HFLF3BCXX-1_R1R2u_fastqc.html ./9530_HFLF3BCXX-1_R1R2u_fastqc.zip ./9530_HFLF3BCXX-1_R1R2u.fastq.gz ./9530_HFLF3BCXX-1_R2p_fastqc.html ./9530_HFLF3BCXX-1_R2p_fastqc.zip ./9530_HFLF3BCXX-1_R2p.fastq.gz ./9530_QCreads.md5 -o 9530_MGSD_CSIRO.qc.stats
[2022-08-05 11:12:21,331] multiqc                                            [DEBUG  ]  Working dir : /datasets/work/oa-amd/work/amd/Metagenome_QC_reads
[2022-08-05 11:12:21,331] multiqc                                            [DEBUG  ]  Template    : default
[2022-08-05 11:12:21,331] multiqc                                            [DEBUG  ]  Running Python 3.9.4 (default, Apr 25 2021, 16:13:27)  [GCC 10.3.0]
[2022-08-05 11:12:21,331] multiqc                                            [DEBUG  ]  Analysing modules: custom_content, ccs, ngsderive, purple, conpair, lima, peddy, somalier, methylQA, mosdepth, phantompeakqualtools, qualimap, preseq, quast, qorts, rna_seqc, rockhopper, rsem, rseqc, busco, bustools, goleft_indexcov, gffcompare, disambiguate, supernova, deeptools, sargasso, verifybamid, mirtrace, happy, mirtop, sambamba, homer, hops, macs2, theta2, snpeff, gatk, htseq, bcftools, featureCounts, fgbio, dragen, dedup, damageprofiler, biobambam2, jcvi, mtnucratio, picard, vep, sentieon, prokka, qc3C, nanostat, samblaster, samtools, sexdeterrmine, eigenstratdatabasetools, bamtools, jellyfish, vcftools, longranger, stacks, varscan2, snippy, bbmap, bismark, biscuit, hicexplorer, hicup, hicpro, salmon, kallisto, slamdunk, star, hisat2, tophat, bowtie2, bowtie1, snpsplit, odgi, pangolin, kat, leehom, adapterRemoval, clipandmerge, cutadapt, flexbar, kaiju, kraken, malt, trimmomatic, sickle, skewer, sortmerna, biobloomtools, fastq_screen, afterqc, fastp, fastqc, pychopper, pycoqc, minionqc, multivcfanalyzer, clusterflow, bcl2fastq, bclconvert, interop, ivar, flash, seqyclean, optitype
[2022-08-05 11:12:21,331] multiqc                                            [DEBUG  ]  Using temporary directory for creating report: /tmp/smi9a9.8585957/tmpjw28ocyb
[2022-08-05 11:12:21,398] multiqc                                            [INFO   ]  Search path : /datasets/work/oa-amd/work/amd/Metagenome_QC_reads/9530_HFLF3BCXX-1_merged_fastqc.html
[2022-08-05 11:12:21,399] multiqc                                            [INFO   ]  Search path : /datasets/work/oa-amd/work/amd/Metagenome_QC_reads/9530_HFLF3BCXX-1_merged_fastqc.zip
[2022-08-05 11:12:21,399] multiqc                                            [INFO   ]  Search path : /datasets/work/oa-amd/work/amd/Metagenome_QC_reads/9530_HFLF3BCXX-1_merged.fastq.gz
[2022-08-05 11:12:21,399] multiqc                                            [INFO   ]  Search path : /datasets/work/oa-amd/work/amd/Metagenome_QC_reads/9530_HFLF3BCXX-1_R1p_fastqc.html
[2022-08-05 11:12:21,399] multiqc                                            [INFO   ]  Search path : /datasets/work/oa-amd/work/amd/Metagenome_QC_reads/9530_HFLF3BCXX-1_R1p_fastqc.zip
[2022-08-05 11:12:21,399] multiqc                                            [INFO   ]  Search path : /datasets/work/oa-amd/work/amd/Metagenome_QC_reads/9530_HFLF3BCXX-1_R1p.fastq.gz
[2022-08-05 11:12:21,399] multiqc                                            [INFO   ]  Search path : /datasets/work/oa-amd/work/amd/Metagenome_QC_reads/9530_HFLF3BCXX-1_R1R2u_fastqc.html
[2022-08-05 11:12:21,399] multiqc                                            [INFO   ]  Search path : /datasets/work/oa-amd/work/amd/Metagenome_QC_reads/9530_HFLF3BCXX-1_R1R2u_fastqc.zip
[2022-08-05 11:12:21,399] multiqc                                            [INFO   ]  Search path : /datasets/work/oa-amd/work/amd/Metagenome_QC_reads/9530_HFLF3BCXX-1_R1R2u.fastq.gz
[2022-08-05 11:12:21,399] multiqc                                            [INFO   ]  Search path : /datasets/work/oa-amd/work/amd/Metagenome_QC_reads/9530_HFLF3BCXX-1_R2p_fastqc.html
[2022-08-05 11:12:21,399] multiqc                                            [INFO   ]  Search path : /datasets/work/oa-amd/work/amd/Metagenome_QC_reads/9530_HFLF3BCXX-1_R2p_fastqc.zip
[2022-08-05 11:12:21,399] multiqc                                            [INFO   ]  Search path : /datasets/work/oa-amd/work/amd/Metagenome_QC_reads/9530_HFLF3BCXX-1_R2p.fastq.gz
[2022-08-05 11:12:21,399] multiqc                                            [INFO   ]  Search path : /datasets/work/oa-amd/work/amd/Metagenome_QC_reads/9530_QCreads.md5
[2022-08-05 11:12:21,769] multiqc                                            [DEBUG  ]  File ignored by ccs/v4 because it exceeded search pattern filesize limit: 9530_HFLF3BCXX-1_merged_fastqc.html
[2022-08-05 11:12:21,807] multiqc                                            [DEBUG  ]  File ignored by hicexplorer because it exceeded search pattern filesize limit: 9530_HFLF3BCXX-1_merged_fastqc.html
[2022-08-05 11:12:21,808] multiqc                                            [DEBUG  ]  File ignored by nanostat because it exceeded search pattern filesize limit: 9530_HFLF3BCXX-1_merged_fastqc.html
[2022-08-05 11:12:21,808] multiqc                                            [DEBUG  ]  File ignored by lima/summary because it exceeded search pattern filesize limit: 9530_HFLF3BCXX-1_merged_fastqc.html
[2022-08-05 11:12:21,817] multiqc                                            [DEBUG  ]  File ignored by vep/vep_txt because it exceeded search pattern filesize limit: 9530_HFLF3BCXX-1_merged_fastqc.html
[2022-08-05 11:12:21,817] multiqc                                            [DEBUG  ]  File ignored by longranger/invocation because it exceeded search pattern filesize limit: 9530_HFLF3BCXX-1_merged_fastqc.html
[2022-08-05 11:12:21,817] multiqc                                            [DEBUG  ]  File ignored by rockhopper because it exceeded search pattern filesize limit: 9530_HFLF3BCXX-1_merged_fastqc.html
[2022-08-05 11:12:21,817] multiqc                                            [DEBUG  ]  File ignored by rseqc/bam_stat because it exceeded search pattern filesize limit: 9530_HFLF3BCXX-1_merged_fastqc.html
[2022-08-05 11:12:21,817] multiqc                                            [DEBUG  ]  File ignored by rseqc/junction_annotation because it exceeded search pattern filesize limit: 9530_HFLF3BCXX-1_merged_fastqc.html
[2022-08-05 11:12:21,817] multiqc                                            [DEBUG  ]  File ignored by rseqc/read_distribution because it exceeded search pattern filesize limit: 9530_HFLF3BCXX-1_merged_fastqc.html
[2022-08-05 11:12:21,817] multiqc                                            [DEBUG  ]  File ignored by rseqc/infer_experiment because it exceeded search pattern filesize limit: 9530_HFLF3BCXX-1_merged_fastqc.html
[2022-08-05 11:12:21,912] multiqc                                            [DEBUG  ]  Ignoring file as matched an ignore pattern: 9530_HFLF3BCXX-1_merged.fastq.gz
[2022-08-05 11:12:22,020] multiqc                                            [DEBUG  ]  File ignored by ccs/v4 because it exceeded search pattern filesize limit: 9530_HFLF3BCXX-1_R1p_fastqc.html
[2022-08-05 11:12:22,027] multiqc                                            [DEBUG  ]  File ignored by hicexplorer because it exceeded search pattern filesize limit: 9530_HFLF3BCXX-1_R1p_fastqc.html
[2022-08-05 11:12:22,028] multiqc                                            [DEBUG  ]  File ignored by nanostat because it exceeded search pattern filesize limit: 9530_HFLF3BCXX-1_R1p_fastqc.html
[2022-08-05 11:12:22,028] multiqc                                            [DEBUG  ]  File ignored by lima/summary because it exceeded search pattern filesize limit: 9530_HFLF3BCXX-1_R1p_fastqc.html
[2022-08-05 11:12:22,046] multiqc                                            [DEBUG  ]  File ignored by vep/vep_txt because it exceeded search pattern filesize limit: 9530_HFLF3BCXX-1_R1p_fastqc.html
[2022-08-05 11:12:22,046] multiqc                                            [DEBUG  ]  File ignored by longranger/invocation because it exceeded search pattern filesize limit: 9530_HFLF3BCXX-1_R1p_fastqc.html
[2022-08-05 11:12:22,046] multiqc                                            [DEBUG  ]  File ignored by rockhopper because it exceeded search pattern filesize limit: 9530_HFLF3BCXX-1_R1p_fastqc.html
[2022-08-05 11:12:22,046] multiqc                                            [DEBUG  ]  File ignored by rseqc/bam_stat because it exceeded search pattern filesize limit: 9530_HFLF3BCXX-1_R1p_fastqc.html
[2022-08-05 11:12:22,046] multiqc                                            [DEBUG  ]  File ignored by rseqc/junction_annotation because it exceeded search pattern filesize limit: 9530_HFLF3BCXX-1_R1p_fastqc.html
[2022-08-05 11:12:22,046] multiqc                                            [DEBUG  ]  File ignored by rseqc/read_distribution because it exceeded search pattern filesize limit: 9530_HFLF3BCXX-1_R1p_fastqc.html
[2022-08-05 11:12:22,046] multiqc                                            [DEBUG  ]  File ignored by rseqc/infer_experiment because it exceeded search pattern filesize limit: 9530_HFLF3BCXX-1_R1p_fastqc.html
[2022-08-05 11:12:22,552] multiqc                                            [DEBUG  ]  Ignoring file as matched an ignore pattern: 9530_HFLF3BCXX-1_R1p.fastq.gz
[2022-08-05 11:12:22,684] multiqc                                            [DEBUG  ]  File ignored by ccs/v4 because it exceeded search pattern filesize limit: 9530_HFLF3BCXX-1_R1R2u_fastqc.html
[2022-08-05 11:12:22,699] multiqc                                            [DEBUG  ]  File ignored by hicexplorer because it exceeded search pattern filesize limit: 9530_HFLF3BCXX-1_R1R2u_fastqc.html
[2022-08-05 11:12:22,700] multiqc                                            [DEBUG  ]  File ignored by nanostat because it exceeded search pattern filesize limit: 9530_HFLF3BCXX-1_R1R2u_fastqc.html
[2022-08-05 11:12:22,701] multiqc                                            [DEBUG  ]  File ignored by lima/summary because it exceeded search pattern filesize limit: 9530_HFLF3BCXX-1_R1R2u_fastqc.html
[2022-08-05 11:12:22,722] multiqc                                            [DEBUG  ]  File ignored by vep/vep_txt because it exceeded search pattern filesize limit: 9530_HFLF3BCXX-1_R1R2u_fastqc.html
[2022-08-05 11:12:22,722] multiqc                                            [DEBUG  ]  File ignored by longranger/invocation because it exceeded search pattern filesize limit: 9530_HFLF3BCXX-1_R1R2u_fastqc.html
[2022-08-05 11:12:22,722] multiqc                                            [DEBUG  ]  File ignored by rockhopper because it exceeded search pattern filesize limit: 9530_HFLF3BCXX-1_R1R2u_fastqc.html
[2022-08-05 11:12:22,722] multiqc                                            [DEBUG  ]  File ignored by rseqc/bam_stat because it exceeded search pattern filesize limit: 9530_HFLF3BCXX-1_R1R2u_fastqc.html
[2022-08-05 11:12:22,722] multiqc                                            [DEBUG  ]  File ignored by rseqc/junction_annotation because it exceeded search pattern filesize limit: 9530_HFLF3BCXX-1_R1R2u_fastqc.html
[2022-08-05 11:12:22,722] multiqc                                            [DEBUG  ]  File ignored by rseqc/read_distribution because it exceeded search pattern filesize limit: 9530_HFLF3BCXX-1_R1R2u_fastqc.html
[2022-08-05 11:12:22,722] multiqc                                            [DEBUG  ]  File ignored by rseqc/infer_experiment because it exceeded search pattern filesize limit: 9530_HFLF3BCXX-1_R1R2u_fastqc.html
[2022-08-05 11:12:22,857] multiqc                                            [DEBUG  ]  Ignoring file as matched an ignore pattern: 9530_HFLF3BCXX-1_R1R2u.fastq.gz
[2022-08-05 11:12:22,906] multiqc                                            [DEBUG  ]  File ignored by ccs/v4 because it exceeded search pattern filesize limit: 9530_HFLF3BCXX-1_R2p_fastqc.html
[2022-08-05 11:12:22,915] multiqc                                            [DEBUG  ]  File ignored by hicexplorer because it exceeded search pattern filesize limit: 9530_HFLF3BCXX-1_R2p_fastqc.html
[2022-08-05 11:12:22,916] multiqc                                            [DEBUG  ]  File ignored by nanostat because it exceeded search pattern filesize limit: 9530_HFLF3BCXX-1_R2p_fastqc.html
[2022-08-05 11:12:22,916] multiqc                                            [DEBUG  ]  File ignored by lima/summary because it exceeded search pattern filesize limit: 9530_HFLF3BCXX-1_R2p_fastqc.html
[2022-08-05 11:12:22,932] multiqc                                            [DEBUG  ]  File ignored by vep/vep_txt because it exceeded search pattern filesize limit: 9530_HFLF3BCXX-1_R2p_fastqc.html
[2022-08-05 11:12:22,932] multiqc                                            [DEBUG  ]  File ignored by longranger/invocation because it exceeded search pattern filesize limit: 9530_HFLF3BCXX-1_R2p_fastqc.html
[2022-08-05 11:12:22,932] multiqc                                            [DEBUG  ]  File ignored by rockhopper because it exceeded search pattern filesize limit: 9530_HFLF3BCXX-1_R2p_fastqc.html
[2022-08-05 11:12:22,932] multiqc                                            [DEBUG  ]  File ignored by rseqc/bam_stat because it exceeded search pattern filesize limit: 9530_HFLF3BCXX-1_R2p_fastqc.html
[2022-08-05 11:12:22,932] multiqc                                            [DEBUG  ]  File ignored by rseqc/junction_annotation because it exceeded search pattern filesize limit: 9530_HFLF3BCXX-1_R2p_fastqc.html
[2022-08-05 11:12:22,932] multiqc                                            [DEBUG  ]  File ignored by rseqc/read_distribution because it exceeded search pattern filesize limit: 9530_HFLF3BCXX-1_R2p_fastqc.html
[2022-08-05 11:12:22,932] multiqc                                            [DEBUG  ]  File ignored by rseqc/infer_experiment because it exceeded search pattern filesize limit: 9530_HFLF3BCXX-1_R2p_fastqc.html
[2022-08-05 11:12:23,219] multiqc                                            [DEBUG  ]  Ignoring file as matched an ignore pattern: 9530_HFLF3BCXX-1_R2p.fastq.gz
[2022-08-05 11:12:23,236] multiqc                                            [DEBUG  ]  Ignoring file as matched an ignore pattern: 9530_QCreads.md5
[2022-08-05 11:12:28,734] multiqc.plots.bargraph                             [DEBUG  ]  Using matplotlib version 3.3.4
[2022-08-05 11:12:28,739] multiqc.plots.linegraph                            [DEBUG  ]  Using matplotlib version 3.3.4
[2022-08-05 11:12:28,745] multiqc                                            [DEBUG  ]  No samples found: custom_content
[2022-08-05 11:12:28,754] multiqc                                            [DEBUG  ]  No samples found: ccs
[2022-08-05 11:12:28,763] multiqc                                            [DEBUG  ]  No samples found: ngsderive
[2022-08-05 11:12:28,821] multiqc                                            [DEBUG  ]  No samples found: purple
[2022-08-05 11:12:28,827] multiqc                                            [DEBUG  ]  No samples found: conpair
[2022-08-05 11:12:28,833] multiqc                                            [DEBUG  ]  No samples found: lima
[2022-08-05 11:12:28,839] multiqc                                            [DEBUG  ]  No samples found: peddy
[2022-08-05 11:12:28,848] multiqc                                            [DEBUG  ]  No samples found: somalier
[2022-08-05 11:12:28,855] multiqc                                            [DEBUG  ]  No samples found: methylQA
[2022-08-05 11:12:28,870] multiqc.modules.mosdepth.mosdepth                  [DEBUG  ]  include_contigs: []
[2022-08-05 11:12:28,870] multiqc.modules.mosdepth.mosdepth                  [DEBUG  ]  exclude_contigs: []
[2022-08-05 11:12:28,870] multiqc                                            [DEBUG  ]  No samples found: mosdepth
[2022-08-05 11:12:28,875] multiqc                                            [DEBUG  ]  No samples found: phantompeakqualtools
[2022-08-05 11:12:28,880] multiqc                                            [DEBUG  ]  No samples found: qualimap
[2022-08-05 11:12:28,888] multiqc                                            [DEBUG  ]  No samples found: preseq
[2022-08-05 11:12:28,910] multiqc                                            [DEBUG  ]  No samples found: quast
[2022-08-05 11:12:28,916] multiqc                                            [DEBUG  ]  No samples found: qorts
[2022-08-05 11:12:28,923] multiqc                                            [DEBUG  ]  No samples found: rna_seqc
[2022-08-05 11:12:28,929] multiqc                                            [DEBUG  ]  No samples found: rockhopper
[2022-08-05 11:12:28,936] multiqc                                            [DEBUG  ]  No samples found: rsem
[2022-08-05 11:12:28,969] multiqc                                            [DEBUG  ]  No samples found: rseqc
[2022-08-05 11:12:28,974] multiqc                                            [DEBUG  ]  No samples found: busco
[2022-08-05 11:12:28,980] multiqc                                            [DEBUG  ]  No samples found: bustools
[2022-08-05 11:12:28,989] multiqc                                            [DEBUG  ]  No samples found: goleft_indexcov
[2022-08-05 11:12:29,006] multiqc                                            [DEBUG  ]  No samples found: gffcompare
[2022-08-05 11:12:29,012] multiqc                                            [DEBUG  ]  No samples found: disambiguate
[2022-08-05 11:12:29,027] multiqc                                            [DEBUG  ]  No samples found: supernova
[2022-08-05 11:12:29,054] multiqc                                            [DEBUG  ]  No samples found: deeptools
[2022-08-05 11:12:29,062] multiqc                                            [DEBUG  ]  No samples found: sargasso
[2022-08-05 11:12:29,073] multiqc                                            [DEBUG  ]  No samples found: verifybamid
[2022-08-05 11:12:29,310] multiqc                                            [DEBUG  ]  No samples found: mirtrace
[2022-08-05 11:12:29,317] multiqc                                            [DEBUG  ]  No samples found: happy
[2022-08-05 11:12:29,323] multiqc                                            [DEBUG  ]  No samples found: mirtop
[2022-08-05 11:12:29,330] multiqc                                            [DEBUG  ]  No samples found: sambamba
[2022-08-05 11:12:29,340] multiqc                                            [DEBUG  ]  No samples found: homer
[2022-08-05 11:12:29,346] multiqc                                            [DEBUG  ]  No samples found: hops
[2022-08-05 11:12:29,351] multiqc                                            [DEBUG  ]  No samples found: macs2
[2022-08-05 11:12:29,357] multiqc                                            [DEBUG  ]  No samples found: theta2
[2022-08-05 11:12:29,362] multiqc                                            [DEBUG  ]  No samples found: snpeff
[2022-08-05 11:12:29,372] multiqc                                            [DEBUG  ]  No samples found: gatk
[2022-08-05 11:12:29,377] multiqc                                            [DEBUG  ]  No samples found: htseq
[2022-08-05 11:12:29,385] multiqc                                            [DEBUG  ]  No samples found: bcftools
[2022-08-05 11:12:29,391] multiqc                                            [DEBUG  ]  No samples found: featureCounts
[2022-08-05 11:12:29,399] multiqc                                            [DEBUG  ]  No samples found: fgbio
[2022-08-05 11:12:29,420] multiqc                                            [DEBUG  ]  No samples found: dragen
[2022-08-05 11:12:29,426] multiqc                                            [DEBUG  ]  No samples found: dedup
[2022-08-05 11:12:29,432] multiqc                                            [DEBUG  ]  No samples found: damageprofiler
[2022-08-05 11:12:29,486] multiqc                                            [DEBUG  ]  No samples found: biobambam2
[2022-08-05 11:12:29,493] multiqc                                            [DEBUG  ]  No samples found: jcvi
[2022-08-05 11:12:29,498] multiqc                                            [DEBUG  ]  No samples found: mtnucratio
[2022-08-05 11:12:29,501] multiqc                                            [DEBUG  ]  No samples found: picard
[2022-08-05 11:12:29,508] multiqc                                            [DEBUG  ]  No samples found: vep
[2022-08-05 11:12:29,519] multiqc                                            [DEBUG  ]  No samples found: sentieon
[2022-08-05 11:12:29,525] multiqc                                            [DEBUG  ]  No samples found: prokka
[2022-08-05 11:12:29,535] multiqc                                            [DEBUG  ]  No samples found: qc3C
[2022-08-05 11:12:29,541] multiqc                                            [DEBUG  ]  No samples found: nanostat
[2022-08-05 11:12:29,548] multiqc                                            [DEBUG  ]  No samples found: samblaster
[2022-08-05 11:12:29,563] multiqc                                            [DEBUG  ]  No samples found: samtools
[2022-08-05 11:12:29,569] multiqc                                            [DEBUG  ]  No samples found: sexdeterrmine
[2022-08-05 11:12:29,575] multiqc                                            [DEBUG  ]  No samples found: eigenstratdatabasetools
[2022-08-05 11:12:29,582] multiqc                                            [DEBUG  ]  No samples found: bamtools
[2022-08-05 11:12:29,588] multiqc                                            [DEBUG  ]  No samples found: jellyfish
[2022-08-05 11:12:29,600] multiqc                                            [DEBUG  ]  No samples found: vcftools
[2022-08-05 11:12:29,608] multiqc                                            [DEBUG  ]  No samples found: longranger
[2022-08-05 11:12:29,614] multiqc                                            [DEBUG  ]  No samples found: stacks
[2022-08-05 11:12:29,621] multiqc                                            [DEBUG  ]  No samples found: varscan2
[2022-08-05 11:12:29,627] multiqc                                            [DEBUG  ]  No samples found: snippy
[2022-08-05 11:12:29,882] multiqc                                            [DEBUG  ]  No samples found: bbmap
[2022-08-05 11:12:29,889] multiqc                                            [DEBUG  ]  No samples found: bismark
[2022-08-05 11:12:30,128] multiqc                                            [DEBUG  ]  No samples found: biscuit
[2022-08-05 11:12:30,135] multiqc                                            [DEBUG  ]  No samples found: hicexplorer
[2022-08-05 11:12:30,141] multiqc                                            [DEBUG  ]  No samples found: hicup
[2022-08-05 11:12:30,147] multiqc                                            [DEBUG  ]  No samples found: hicpro
[2022-08-05 11:12:30,152] multiqc                                            [DEBUG  ]  No samples found: salmon
[2022-08-05 11:12:30,157] multiqc                                            [DEBUG  ]  No samples found: kallisto
[2022-08-05 11:12:30,164] multiqc                                            [DEBUG  ]  No samples found: slamdunk
[2022-08-05 11:12:30,170] multiqc                                            [DEBUG  ]  No samples found: star
[2022-08-05 11:12:30,176] multiqc                                            [DEBUG  ]  No samples found: hisat2
[2022-08-05 11:12:30,411] multiqc                                            [DEBUG  ]  No samples found: tophat
[2022-08-05 11:12:30,416] multiqc                                            [DEBUG  ]  No samples found: bowtie2
[2022-08-05 11:12:30,422] multiqc                                            [DEBUG  ]  No samples found: bowtie1
[2022-08-05 11:12:30,658] multiqc                                            [DEBUG  ]  No samples found: snpsplit
[2022-08-05 11:12:30,666] multiqc                                            [DEBUG  ]  No samples found: odgi
[2022-08-05 11:12:30,672] multiqc                                            [DEBUG  ]  No samples found: pangolin
[2022-08-05 11:12:30,908] multiqc                                            [DEBUG  ]  No samples found: kat
[2022-08-05 11:12:30,914] multiqc                                            [DEBUG  ]  No samples found: leehom
[2022-08-05 11:12:30,922] multiqc                                            [DEBUG  ]  No samples found: adapterRemoval
[2022-08-05 11:12:30,929] multiqc                                            [DEBUG  ]  No samples found: clipandmerge
[2022-08-05 11:12:30,940] multiqc                                            [DEBUG  ]  No samples found: cutadapt
[2022-08-05 11:12:30,946] multiqc                                            [DEBUG  ]  No samples found: flexbar
[2022-08-05 11:12:30,953] multiqc                                            [DEBUG  ]  No samples found: kaiju
[2022-08-05 11:12:30,960] multiqc                                            [DEBUG  ]  No samples found: kraken
[2022-08-05 11:12:30,966] multiqc                                            [DEBUG  ]  No samples found: malt
[2022-08-05 11:12:30,971] multiqc                                            [DEBUG  ]  No samples found: trimmomatic
[2022-08-05 11:12:30,977] multiqc                                            [DEBUG  ]  No samples found: sickle
[2022-08-05 11:12:30,983] multiqc                                            [DEBUG  ]  No samples found: skewer
[2022-08-05 11:12:30,988] multiqc                                            [DEBUG  ]  No samples found: sortmerna
[2022-08-05 11:12:30,993] multiqc                                            [DEBUG  ]  No samples found: biobloomtools
[2022-08-05 11:12:30,999] multiqc                                            [DEBUG  ]  No samples found: fastq_screen
[2022-08-05 11:12:31,004] multiqc                                            [DEBUG  ]  No samples found: afterqc
[2022-08-05 11:12:31,011] multiqc                                            [DEBUG  ]  No samples found: fastp
[2022-08-05 11:12:31,537] multiqc.modules.fastqc.fastqc                      [INFO   ]  Found 4 reports
[2022-08-05 11:12:31,623] multiqc                                            [DEBUG  ]  No samples found: pychopper
[2022-08-05 11:12:31,629] multiqc                                            [DEBUG  ]  No samples found: pycoqc
[2022-08-05 11:12:31,635] multiqc                                            [DEBUG  ]  No samples found: minionqc
[2022-08-05 11:12:31,641] multiqc                                            [DEBUG  ]  No samples found: multivcfanalyzer
[2022-08-05 11:12:31,647] multiqc                                            [DEBUG  ]  No samples found: clusterflow
[2022-08-05 11:12:31,653] multiqc                                            [DEBUG  ]  No samples found: bcl2fastq
[2022-08-05 11:12:31,662] multiqc                                            [DEBUG  ]  No samples found: bclconvert
[2022-08-05 11:12:31,670] multiqc                                            [DEBUG  ]  No samples found: interop
[2022-08-05 11:12:31,675] multiqc                                            [DEBUG  ]  No samples found: ivar
[2022-08-05 11:12:31,681] multiqc                                            [DEBUG  ]  No samples found: flash
[2022-08-05 11:12:31,686] multiqc                                            [DEBUG  ]  No samples found: seqyclean
[2022-08-05 11:12:31,692] multiqc                                            [DEBUG  ]  No samples found: optitype
[2022-08-05 11:12:31,696] multiqc                                            [INFO   ]  Compressing plot data
[2022-08-05 11:12:39,002] multiqc                                            [INFO   ]  Report      : 9530_MGSD_CSIRO.qc.stats/multiqc_report.html
[2022-08-05 11:12:39,003] multiqc                                            [INFO   ]  Data        : 9530_MGSD_CSIRO.qc.stats/multiqc_data
[2022-08-05 11:12:39,003] multiqc                                            [DEBUG  ]  Moving data file from '/tmp/smi9a9.8585957/tmpjw28ocyb/multiqc_data' to '9530_MGSD_CSIRO.qc.stats/multiqc_data'
[2022-08-05 11:12:39,712] multiqc                                            [INFO   ]  MultiQC complete
