[2022-08-05 11:12:50,306] multiqc                                            [DEBUG  ]  This is MultiQC v1.11
[2022-08-05 11:12:50,307] multiqc                                            [DEBUG  ]  No MultiQC config found: /apps/multiqc/1.11/lib/python3.9/site-packages/multiqc_config.yaml
[2022-08-05 11:12:50,307] multiqc                                            [DEBUG  ]  No MultiQC config found: /home/smi9a9/.multiqc_config.yaml
[2022-08-05 11:12:50,307] multiqc                                            [DEBUG  ]  No MultiQC config found: multiqc_config.yaml
[2022-08-05 11:12:50,307] multiqc                                            [DEBUG  ]  Command used: /apps/multiqc/1.11/bin/multiqc ./401622_HL7J5DSX3-1_merged_fastqc.html ./401622_HL7J5DSX3-1_merged_fastqc.zip ./401622_HL7J5DSX3-1_merged.fastq.gz ./401622_HL7J5DSX3-1_R1p_fastqc.html ./401622_HL7J5DSX3-1_R1p_fastqc.zip ./401622_HL7J5DSX3-1_R1p.fastq.gz ./401622_HL7J5DSX3-1_R1R2u_fastqc.html ./401622_HL7J5DSX3-1_R1R2u_fastqc.zip ./401622_HL7J5DSX3-1_R1R2u.fastq.gz ./401622_HL7J5DSX3-1_R2p_fastqc.html ./401622_HL7J5DSX3-1_R2p_fastqc.zip ./401622_HL7J5DSX3-1_R2p.fastq.gz ./401622_QCreads.md5 -o 401622_MGSD_CSIRO.qc.stats
[2022-08-05 11:12:50,309] multiqc                                            [DEBUG  ]  Could not connect to multiqc.info for version check: <urlopen error [Errno 111] Connection refused>
[2022-08-05 11:12:50,309] multiqc                                            [DEBUG  ]  Command     : /apps/multiqc/1.11/bin/multiqc ./401622_HL7J5DSX3-1_merged_fastqc.html ./401622_HL7J5DSX3-1_merged_fastqc.zip ./401622_HL7J5DSX3-1_merged.fastq.gz ./401622_HL7J5DSX3-1_R1p_fastqc.html ./401622_HL7J5DSX3-1_R1p_fastqc.zip ./401622_HL7J5DSX3-1_R1p.fastq.gz ./401622_HL7J5DSX3-1_R1R2u_fastqc.html ./401622_HL7J5DSX3-1_R1R2u_fastqc.zip ./401622_HL7J5DSX3-1_R1R2u.fastq.gz ./401622_HL7J5DSX3-1_R2p_fastqc.html ./401622_HL7J5DSX3-1_R2p_fastqc.zip ./401622_HL7J5DSX3-1_R2p.fastq.gz ./401622_QCreads.md5 -o 401622_MGSD_CSIRO.qc.stats
[2022-08-05 11:12:50,309] multiqc                                            [DEBUG  ]  Working dir : /datasets/work/oa-amd/work/amd/Metagenome_QC_reads
[2022-08-05 11:12:50,309] multiqc                                            [DEBUG  ]  Template    : default
[2022-08-05 11:12:50,309] multiqc                                            [DEBUG  ]  Running Python 3.9.4 (default, Apr 25 2021, 16:13:27)  [GCC 10.3.0]
[2022-08-05 11:12:50,309] multiqc                                            [DEBUG  ]  Analysing modules: custom_content, ccs, ngsderive, purple, conpair, lima, peddy, somalier, methylQA, mosdepth, phantompeakqualtools, qualimap, preseq, quast, qorts, rna_seqc, rockhopper, rsem, rseqc, busco, bustools, goleft_indexcov, gffcompare, disambiguate, supernova, deeptools, sargasso, verifybamid, mirtrace, happy, mirtop, sambamba, homer, hops, macs2, theta2, snpeff, gatk, htseq, bcftools, featureCounts, fgbio, dragen, dedup, damageprofiler, biobambam2, jcvi, mtnucratio, picard, vep, sentieon, prokka, qc3C, nanostat, samblaster, samtools, sexdeterrmine, eigenstratdatabasetools, bamtools, jellyfish, vcftools, longranger, stacks, varscan2, snippy, bbmap, bismark, biscuit, hicexplorer, hicup, hicpro, salmon, kallisto, slamdunk, star, hisat2, tophat, bowtie2, bowtie1, snpsplit, odgi, pangolin, kat, leehom, adapterRemoval, clipandmerge, cutadapt, flexbar, kaiju, kraken, malt, trimmomatic, sickle, skewer, sortmerna, biobloomtools, fastq_screen, afterqc, fastp, fastqc, pychopper, pycoqc, minionqc, multivcfanalyzer, clusterflow, bcl2fastq, bclconvert, interop, ivar, flash, seqyclean, optitype
[2022-08-05 11:12:50,310] multiqc                                            [DEBUG  ]  Using temporary directory for creating report: /tmp/smi9a9.8586163/tmpu06vlddo
[2022-08-05 11:12:50,612] multiqc                                            [INFO   ]  Search path : /datasets/work/oa-amd/work/amd/Metagenome_QC_reads/401622_HL7J5DSX3-1_merged_fastqc.html
[2022-08-05 11:12:50,612] multiqc                                            [INFO   ]  Search path : /datasets/work/oa-amd/work/amd/Metagenome_QC_reads/401622_HL7J5DSX3-1_merged_fastqc.zip
[2022-08-05 11:12:50,612] multiqc                                            [INFO   ]  Search path : /datasets/work/oa-amd/work/amd/Metagenome_QC_reads/401622_HL7J5DSX3-1_merged.fastq.gz
[2022-08-05 11:12:50,612] multiqc                                            [INFO   ]  Search path : /datasets/work/oa-amd/work/amd/Metagenome_QC_reads/401622_HL7J5DSX3-1_R1p_fastqc.html
[2022-08-05 11:12:50,613] multiqc                                            [INFO   ]  Search path : /datasets/work/oa-amd/work/amd/Metagenome_QC_reads/401622_HL7J5DSX3-1_R1p_fastqc.zip
[2022-08-05 11:12:50,613] multiqc                                            [INFO   ]  Search path : /datasets/work/oa-amd/work/amd/Metagenome_QC_reads/401622_HL7J5DSX3-1_R1p.fastq.gz
[2022-08-05 11:12:50,613] multiqc                                            [INFO   ]  Search path : /datasets/work/oa-amd/work/amd/Metagenome_QC_reads/401622_HL7J5DSX3-1_R1R2u_fastqc.html
[2022-08-05 11:12:50,613] multiqc                                            [INFO   ]  Search path : /datasets/work/oa-amd/work/amd/Metagenome_QC_reads/401622_HL7J5DSX3-1_R1R2u_fastqc.zip
[2022-08-05 11:12:50,613] multiqc                                            [INFO   ]  Search path : /datasets/work/oa-amd/work/amd/Metagenome_QC_reads/401622_HL7J5DSX3-1_R1R2u.fastq.gz
[2022-08-05 11:12:50,613] multiqc                                            [INFO   ]  Search path : /datasets/work/oa-amd/work/amd/Metagenome_QC_reads/401622_HL7J5DSX3-1_R2p_fastqc.html
[2022-08-05 11:12:50,613] multiqc                                            [INFO   ]  Search path : /datasets/work/oa-amd/work/amd/Metagenome_QC_reads/401622_HL7J5DSX3-1_R2p_fastqc.zip
[2022-08-05 11:12:50,613] multiqc                                            [INFO   ]  Search path : /datasets/work/oa-amd/work/amd/Metagenome_QC_reads/401622_HL7J5DSX3-1_R2p.fastq.gz
[2022-08-05 11:12:50,613] multiqc                                            [INFO   ]  Search path : /datasets/work/oa-amd/work/amd/Metagenome_QC_reads/401622_QCreads.md5
[2022-08-05 11:12:50,896] multiqc                                            [DEBUG  ]  File ignored by ccs/v4 because it exceeded search pattern filesize limit: 401622_HL7J5DSX3-1_merged_fastqc.html
[2022-08-05 11:12:50,905] multiqc                                            [DEBUG  ]  File ignored by hicexplorer because it exceeded search pattern filesize limit: 401622_HL7J5DSX3-1_merged_fastqc.html
[2022-08-05 11:12:50,905] multiqc                                            [DEBUG  ]  File ignored by nanostat because it exceeded search pattern filesize limit: 401622_HL7J5DSX3-1_merged_fastqc.html
[2022-08-05 11:12:50,905] multiqc                                            [DEBUG  ]  File ignored by lima/summary because it exceeded search pattern filesize limit: 401622_HL7J5DSX3-1_merged_fastqc.html
[2022-08-05 11:12:50,927] multiqc                                            [DEBUG  ]  File ignored by vep/vep_txt because it exceeded search pattern filesize limit: 401622_HL7J5DSX3-1_merged_fastqc.html
[2022-08-05 11:12:50,927] multiqc                                            [DEBUG  ]  File ignored by longranger/invocation because it exceeded search pattern filesize limit: 401622_HL7J5DSX3-1_merged_fastqc.html
[2022-08-05 11:12:50,927] multiqc                                            [DEBUG  ]  File ignored by rockhopper because it exceeded search pattern filesize limit: 401622_HL7J5DSX3-1_merged_fastqc.html
[2022-08-05 11:12:50,927] multiqc                                            [DEBUG  ]  File ignored by rseqc/bam_stat because it exceeded search pattern filesize limit: 401622_HL7J5DSX3-1_merged_fastqc.html
[2022-08-05 11:12:50,927] multiqc                                            [DEBUG  ]  File ignored by rseqc/junction_annotation because it exceeded search pattern filesize limit: 401622_HL7J5DSX3-1_merged_fastqc.html
[2022-08-05 11:12:50,927] multiqc                                            [DEBUG  ]  File ignored by rseqc/read_distribution because it exceeded search pattern filesize limit: 401622_HL7J5DSX3-1_merged_fastqc.html
[2022-08-05 11:12:50,927] multiqc                                            [DEBUG  ]  File ignored by rseqc/infer_experiment because it exceeded search pattern filesize limit: 401622_HL7J5DSX3-1_merged_fastqc.html
[2022-08-05 11:12:51,028] multiqc                                            [DEBUG  ]  Ignoring file as matched an ignore pattern: 401622_HL7J5DSX3-1_merged.fastq.gz
[2022-08-05 11:12:51,085] multiqc                                            [DEBUG  ]  File ignored by ccs/v4 because it exceeded search pattern filesize limit: 401622_HL7J5DSX3-1_R1p_fastqc.html
[2022-08-05 11:12:51,094] multiqc                                            [DEBUG  ]  File ignored by hicexplorer because it exceeded search pattern filesize limit: 401622_HL7J5DSX3-1_R1p_fastqc.html
[2022-08-05 11:12:51,095] multiqc                                            [DEBUG  ]  File ignored by nanostat because it exceeded search pattern filesize limit: 401622_HL7J5DSX3-1_R1p_fastqc.html
[2022-08-05 11:12:51,095] multiqc                                            [DEBUG  ]  File ignored by lima/summary because it exceeded search pattern filesize limit: 401622_HL7J5DSX3-1_R1p_fastqc.html
[2022-08-05 11:12:51,111] multiqc                                            [DEBUG  ]  File ignored by vep/vep_txt because it exceeded search pattern filesize limit: 401622_HL7J5DSX3-1_R1p_fastqc.html
[2022-08-05 11:12:51,111] multiqc                                            [DEBUG  ]  File ignored by longranger/invocation because it exceeded search pattern filesize limit: 401622_HL7J5DSX3-1_R1p_fastqc.html
[2022-08-05 11:12:51,111] multiqc                                            [DEBUG  ]  File ignored by rockhopper because it exceeded search pattern filesize limit: 401622_HL7J5DSX3-1_R1p_fastqc.html
[2022-08-05 11:12:51,111] multiqc                                            [DEBUG  ]  File ignored by rseqc/bam_stat because it exceeded search pattern filesize limit: 401622_HL7J5DSX3-1_R1p_fastqc.html
[2022-08-05 11:12:51,111] multiqc                                            [DEBUG  ]  File ignored by rseqc/junction_annotation because it exceeded search pattern filesize limit: 401622_HL7J5DSX3-1_R1p_fastqc.html
[2022-08-05 11:12:51,111] multiqc                                            [DEBUG  ]  File ignored by rseqc/read_distribution because it exceeded search pattern filesize limit: 401622_HL7J5DSX3-1_R1p_fastqc.html
[2022-08-05 11:12:51,111] multiqc                                            [DEBUG  ]  File ignored by rseqc/infer_experiment because it exceeded search pattern filesize limit: 401622_HL7J5DSX3-1_R1p_fastqc.html
[2022-08-05 11:12:51,185] multiqc                                            [DEBUG  ]  Ignoring file as matched an ignore pattern: 401622_HL7J5DSX3-1_R1p.fastq.gz
[2022-08-05 11:12:51,244] multiqc                                            [DEBUG  ]  File ignored by ccs/v4 because it exceeded search pattern filesize limit: 401622_HL7J5DSX3-1_R1R2u_fastqc.html
[2022-08-05 11:12:51,252] multiqc                                            [DEBUG  ]  File ignored by hicexplorer because it exceeded search pattern filesize limit: 401622_HL7J5DSX3-1_R1R2u_fastqc.html
[2022-08-05 11:12:51,253] multiqc                                            [DEBUG  ]  File ignored by nanostat because it exceeded search pattern filesize limit: 401622_HL7J5DSX3-1_R1R2u_fastqc.html
[2022-08-05 11:12:51,253] multiqc                                            [DEBUG  ]  File ignored by lima/summary because it exceeded search pattern filesize limit: 401622_HL7J5DSX3-1_R1R2u_fastqc.html
[2022-08-05 11:12:51,267] multiqc                                            [DEBUG  ]  File ignored by vep/vep_txt because it exceeded search pattern filesize limit: 401622_HL7J5DSX3-1_R1R2u_fastqc.html
[2022-08-05 11:12:51,267] multiqc                                            [DEBUG  ]  File ignored by longranger/invocation because it exceeded search pattern filesize limit: 401622_HL7J5DSX3-1_R1R2u_fastqc.html
[2022-08-05 11:12:51,267] multiqc                                            [DEBUG  ]  File ignored by rockhopper because it exceeded search pattern filesize limit: 401622_HL7J5DSX3-1_R1R2u_fastqc.html
[2022-08-05 11:12:51,267] multiqc                                            [DEBUG  ]  File ignored by rseqc/bam_stat because it exceeded search pattern filesize limit: 401622_HL7J5DSX3-1_R1R2u_fastqc.html
[2022-08-05 11:12:51,267] multiqc                                            [DEBUG  ]  File ignored by rseqc/junction_annotation because it exceeded search pattern filesize limit: 401622_HL7J5DSX3-1_R1R2u_fastqc.html
[2022-08-05 11:12:51,267] multiqc                                            [DEBUG  ]  File ignored by rseqc/read_distribution because it exceeded search pattern filesize limit: 401622_HL7J5DSX3-1_R1R2u_fastqc.html
[2022-08-05 11:12:51,267] multiqc                                            [DEBUG  ]  File ignored by rseqc/infer_experiment because it exceeded search pattern filesize limit: 401622_HL7J5DSX3-1_R1R2u_fastqc.html
[2022-08-05 11:12:51,577] multiqc                                            [DEBUG  ]  Ignoring file as matched an ignore pattern: 401622_HL7J5DSX3-1_R1R2u.fastq.gz
[2022-08-05 11:12:51,963] multiqc                                            [DEBUG  ]  File ignored by ccs/v4 because it exceeded search pattern filesize limit: 401622_HL7J5DSX3-1_R2p_fastqc.html
[2022-08-05 11:12:51,971] multiqc                                            [DEBUG  ]  File ignored by hicexplorer because it exceeded search pattern filesize limit: 401622_HL7J5DSX3-1_R2p_fastqc.html
[2022-08-05 11:12:51,972] multiqc                                            [DEBUG  ]  File ignored by nanostat because it exceeded search pattern filesize limit: 401622_HL7J5DSX3-1_R2p_fastqc.html
[2022-08-05 11:12:51,972] multiqc                                            [DEBUG  ]  File ignored by lima/summary because it exceeded search pattern filesize limit: 401622_HL7J5DSX3-1_R2p_fastqc.html
[2022-08-05 11:12:51,989] multiqc                                            [DEBUG  ]  File ignored by vep/vep_txt because it exceeded search pattern filesize limit: 401622_HL7J5DSX3-1_R2p_fastqc.html
[2022-08-05 11:12:51,989] multiqc                                            [DEBUG  ]  File ignored by longranger/invocation because it exceeded search pattern filesize limit: 401622_HL7J5DSX3-1_R2p_fastqc.html
[2022-08-05 11:12:51,989] multiqc                                            [DEBUG  ]  File ignored by rockhopper because it exceeded search pattern filesize limit: 401622_HL7J5DSX3-1_R2p_fastqc.html
[2022-08-05 11:12:51,989] multiqc                                            [DEBUG  ]  File ignored by rseqc/bam_stat because it exceeded search pattern filesize limit: 401622_HL7J5DSX3-1_R2p_fastqc.html
[2022-08-05 11:12:51,989] multiqc                                            [DEBUG  ]  File ignored by rseqc/junction_annotation because it exceeded search pattern filesize limit: 401622_HL7J5DSX3-1_R2p_fastqc.html
[2022-08-05 11:12:51,989] multiqc                                            [DEBUG  ]  File ignored by rseqc/read_distribution because it exceeded search pattern filesize limit: 401622_HL7J5DSX3-1_R2p_fastqc.html
[2022-08-05 11:12:51,989] multiqc                                            [DEBUG  ]  File ignored by rseqc/infer_experiment because it exceeded search pattern filesize limit: 401622_HL7J5DSX3-1_R2p_fastqc.html
[2022-08-05 11:12:52,326] multiqc                                            [DEBUG  ]  Ignoring file as matched an ignore pattern: 401622_HL7J5DSX3-1_R2p.fastq.gz
[2022-08-05 11:12:52,449] multiqc                                            [DEBUG  ]  Ignoring file as matched an ignore pattern: 401622_QCreads.md5
[2022-08-05 11:12:53,156] multiqc.plots.bargraph                             [DEBUG  ]  Using matplotlib version 3.3.4
[2022-08-05 11:12:53,160] multiqc.plots.linegraph                            [DEBUG  ]  Using matplotlib version 3.3.4
[2022-08-05 11:12:53,163] multiqc                                            [DEBUG  ]  No samples found: custom_content
[2022-08-05 11:12:53,168] multiqc                                            [DEBUG  ]  No samples found: ccs
[2022-08-05 11:12:53,173] multiqc                                            [DEBUG  ]  No samples found: ngsderive
[2022-08-05 11:12:53,177] multiqc                                            [DEBUG  ]  No samples found: purple
[2022-08-05 11:12:53,182] multiqc                                            [DEBUG  ]  No samples found: conpair
[2022-08-05 11:12:53,186] multiqc                                            [DEBUG  ]  No samples found: lima
[2022-08-05 11:12:53,191] multiqc                                            [DEBUG  ]  No samples found: peddy
[2022-08-05 11:12:53,198] multiqc                                            [DEBUG  ]  No samples found: somalier
[2022-08-05 11:12:53,275] multiqc                                            [DEBUG  ]  No samples found: methylQA
[2022-08-05 11:12:53,284] multiqc.modules.mosdepth.mosdepth                  [DEBUG  ]  include_contigs: []
[2022-08-05 11:12:53,284] multiqc.modules.mosdepth.mosdepth                  [DEBUG  ]  exclude_contigs: []
[2022-08-05 11:12:53,284] multiqc                                            [DEBUG  ]  No samples found: mosdepth
[2022-08-05 11:12:53,289] multiqc                                            [DEBUG  ]  No samples found: phantompeakqualtools
[2022-08-05 11:12:53,292] multiqc                                            [DEBUG  ]  No samples found: qualimap
[2022-08-05 11:12:53,297] multiqc                                            [DEBUG  ]  No samples found: preseq
[2022-08-05 11:12:53,303] multiqc                                            [DEBUG  ]  No samples found: quast
[2022-08-05 11:12:53,308] multiqc                                            [DEBUG  ]  No samples found: qorts
[2022-08-05 11:12:53,313] multiqc                                            [DEBUG  ]  No samples found: rna_seqc
[2022-08-05 11:12:53,317] multiqc                                            [DEBUG  ]  No samples found: rockhopper
[2022-08-05 11:12:53,322] multiqc                                            [DEBUG  ]  No samples found: rsem
[2022-08-05 11:12:53,337] multiqc                                            [DEBUG  ]  No samples found: rseqc
[2022-08-05 11:12:53,341] multiqc                                            [DEBUG  ]  No samples found: busco
[2022-08-05 11:12:53,346] multiqc                                            [DEBUG  ]  No samples found: bustools
[2022-08-05 11:12:53,350] multiqc                                            [DEBUG  ]  No samples found: goleft_indexcov
[2022-08-05 11:12:53,355] multiqc                                            [DEBUG  ]  No samples found: gffcompare
[2022-08-05 11:12:53,359] multiqc                                            [DEBUG  ]  No samples found: disambiguate
[2022-08-05 11:12:53,365] multiqc                                            [DEBUG  ]  No samples found: supernova
[2022-08-05 11:12:53,381] multiqc                                            [DEBUG  ]  No samples found: deeptools
[2022-08-05 11:12:53,385] multiqc                                            [DEBUG  ]  No samples found: sargasso
[2022-08-05 11:12:53,390] multiqc                                            [DEBUG  ]  No samples found: verifybamid
[2022-08-05 11:12:53,395] multiqc                                            [DEBUG  ]  No samples found: mirtrace
[2022-08-05 11:12:53,400] multiqc                                            [DEBUG  ]  No samples found: happy
[2022-08-05 11:12:53,404] multiqc                                            [DEBUG  ]  No samples found: mirtop
[2022-08-05 11:12:53,410] multiqc                                            [DEBUG  ]  No samples found: sambamba
[2022-08-05 11:12:53,418] multiqc                                            [DEBUG  ]  No samples found: homer
[2022-08-05 11:12:53,422] multiqc                                            [DEBUG  ]  No samples found: hops
[2022-08-05 11:12:53,426] multiqc                                            [DEBUG  ]  No samples found: macs2
[2022-08-05 11:12:53,431] multiqc                                            [DEBUG  ]  No samples found: theta2
[2022-08-05 11:12:53,460] multiqc                                            [DEBUG  ]  No samples found: snpeff
[2022-08-05 11:12:53,468] multiqc                                            [DEBUG  ]  No samples found: gatk
[2022-08-05 11:12:53,472] multiqc                                            [DEBUG  ]  No samples found: htseq
[2022-08-05 11:12:53,478] multiqc                                            [DEBUG  ]  No samples found: bcftools
[2022-08-05 11:12:53,482] multiqc                                            [DEBUG  ]  No samples found: featureCounts
[2022-08-05 11:12:53,488] multiqc                                            [DEBUG  ]  No samples found: fgbio
[2022-08-05 11:12:53,503] multiqc                                            [DEBUG  ]  No samples found: dragen
[2022-08-05 11:12:53,507] multiqc                                            [DEBUG  ]  No samples found: dedup
[2022-08-05 11:12:53,512] multiqc                                            [DEBUG  ]  No samples found: damageprofiler
[2022-08-05 11:12:53,548] multiqc                                            [DEBUG  ]  No samples found: biobambam2
[2022-08-05 11:12:53,553] multiqc                                            [DEBUG  ]  No samples found: jcvi
[2022-08-05 11:12:53,557] multiqc                                            [DEBUG  ]  No samples found: mtnucratio
[2022-08-05 11:12:53,559] multiqc                                            [DEBUG  ]  No samples found: picard
[2022-08-05 11:12:53,564] multiqc                                            [DEBUG  ]  No samples found: vep
[2022-08-05 11:12:53,572] multiqc                                            [DEBUG  ]  No samples found: sentieon
[2022-08-05 11:12:53,577] multiqc                                            [DEBUG  ]  No samples found: prokka
[2022-08-05 11:12:53,584] multiqc                                            [DEBUG  ]  No samples found: qc3C
[2022-08-05 11:12:53,589] multiqc                                            [DEBUG  ]  No samples found: nanostat
[2022-08-05 11:12:53,593] multiqc                                            [DEBUG  ]  No samples found: samblaster
[2022-08-05 11:12:53,603] multiqc                                            [DEBUG  ]  No samples found: samtools
[2022-08-05 11:12:53,607] multiqc                                            [DEBUG  ]  No samples found: sexdeterrmine
[2022-08-05 11:12:53,611] multiqc                                            [DEBUG  ]  No samples found: eigenstratdatabasetools
[2022-08-05 11:12:53,617] multiqc                                            [DEBUG  ]  No samples found: bamtools
[2022-08-05 11:12:53,621] multiqc                                            [DEBUG  ]  No samples found: jellyfish
[2022-08-05 11:12:53,628] multiqc                                            [DEBUG  ]  No samples found: vcftools
[2022-08-05 11:12:53,633] multiqc                                            [DEBUG  ]  No samples found: longranger
[2022-08-05 11:12:53,638] multiqc                                            [DEBUG  ]  No samples found: stacks
[2022-08-05 11:12:53,642] multiqc                                            [DEBUG  ]  No samples found: varscan2
[2022-08-05 11:12:53,646] multiqc                                            [DEBUG  ]  No samples found: snippy
[2022-08-05 11:12:53,663] multiqc                                            [DEBUG  ]  No samples found: bbmap
[2022-08-05 11:12:53,668] multiqc                                            [DEBUG  ]  No samples found: bismark
[2022-08-05 11:12:53,676] multiqc                                            [DEBUG  ]  No samples found: biscuit
[2022-08-05 11:12:53,680] multiqc                                            [DEBUG  ]  No samples found: hicexplorer
[2022-08-05 11:12:53,685] multiqc                                            [DEBUG  ]  No samples found: hicup
[2022-08-05 11:12:53,690] multiqc                                            [DEBUG  ]  No samples found: hicpro
[2022-08-05 11:12:53,694] multiqc                                            [DEBUG  ]  No samples found: salmon
[2022-08-05 11:12:53,698] multiqc                                            [DEBUG  ]  No samples found: kallisto
[2022-08-05 11:12:53,704] multiqc                                            [DEBUG  ]  No samples found: slamdunk
[2022-08-05 11:12:53,709] multiqc                                            [DEBUG  ]  No samples found: star
[2022-08-05 11:12:53,713] multiqc                                            [DEBUG  ]  No samples found: hisat2
[2022-08-05 11:12:53,717] multiqc                                            [DEBUG  ]  No samples found: tophat
[2022-08-05 11:12:53,721] multiqc                                            [DEBUG  ]  No samples found: bowtie2
[2022-08-05 11:12:53,725] multiqc                                            [DEBUG  ]  No samples found: bowtie1
[2022-08-05 11:12:53,730] multiqc                                            [DEBUG  ]  No samples found: snpsplit
[2022-08-05 11:12:53,734] multiqc                                            [DEBUG  ]  No samples found: odgi
[2022-08-05 11:12:53,738] multiqc                                            [DEBUG  ]  No samples found: pangolin
[2022-08-05 11:12:53,742] multiqc                                            [DEBUG  ]  No samples found: kat
[2022-08-05 11:12:53,746] multiqc                                            [DEBUG  ]  No samples found: leehom
[2022-08-05 11:12:53,751] multiqc                                            [DEBUG  ]  No samples found: adapterRemoval
[2022-08-05 11:12:53,755] multiqc                                            [DEBUG  ]  No samples found: clipandmerge
[2022-08-05 11:12:53,759] multiqc                                            [DEBUG  ]  No samples found: cutadapt
[2022-08-05 11:12:53,763] multiqc                                            [DEBUG  ]  No samples found: flexbar
[2022-08-05 11:12:53,768] multiqc                                            [DEBUG  ]  No samples found: kaiju
[2022-08-05 11:12:53,774] multiqc                                            [DEBUG  ]  No samples found: kraken
[2022-08-05 11:12:53,778] multiqc                                            [DEBUG  ]  No samples found: malt
[2022-08-05 11:12:53,782] multiqc                                            [DEBUG  ]  No samples found: trimmomatic
[2022-08-05 11:12:53,786] multiqc                                            [DEBUG  ]  No samples found: sickle
[2022-08-05 11:12:53,790] multiqc                                            [DEBUG  ]  No samples found: skewer
[2022-08-05 11:12:53,794] multiqc                                            [DEBUG  ]  No samples found: sortmerna
[2022-08-05 11:12:53,799] multiqc                                            [DEBUG  ]  No samples found: biobloomtools
[2022-08-05 11:12:53,804] multiqc                                            [DEBUG  ]  No samples found: fastq_screen
[2022-08-05 11:12:53,808] multiqc                                            [DEBUG  ]  No samples found: afterqc
[2022-08-05 11:12:53,813] multiqc                                            [DEBUG  ]  No samples found: fastp
[2022-08-05 11:12:54,781] multiqc.modules.fastqc.fastqc                      [INFO   ]  Found 4 reports
[2022-08-05 11:12:54,830] multiqc                                            [DEBUG  ]  No samples found: pychopper
[2022-08-05 11:12:54,835] multiqc                                            [DEBUG  ]  No samples found: pycoqc
[2022-08-05 11:12:54,841] multiqc                                            [DEBUG  ]  No samples found: minionqc
[2022-08-05 11:12:54,848] multiqc                                            [DEBUG  ]  No samples found: multivcfanalyzer
[2022-08-05 11:12:54,853] multiqc                                            [DEBUG  ]  No samples found: clusterflow
[2022-08-05 11:12:54,860] multiqc                                            [DEBUG  ]  No samples found: bcl2fastq
[2022-08-05 11:12:54,867] multiqc                                            [DEBUG  ]  No samples found: bclconvert
[2022-08-05 11:12:54,872] multiqc                                            [DEBUG  ]  No samples found: interop
[2022-08-05 11:12:54,877] multiqc                                            [DEBUG  ]  No samples found: ivar
[2022-08-05 11:12:54,882] multiqc                                            [DEBUG  ]  No samples found: flash
[2022-08-05 11:12:54,886] multiqc                                            [DEBUG  ]  No samples found: seqyclean
[2022-08-05 11:12:54,890] multiqc                                            [DEBUG  ]  No samples found: optitype
[2022-08-05 11:12:54,894] multiqc                                            [INFO   ]  Compressing plot data
[2022-08-05 11:12:55,022] multiqc                                            [INFO   ]  Report      : 401622_MGSD_CSIRO.qc.stats/multiqc_report.html
[2022-08-05 11:12:55,022] multiqc                                            [INFO   ]  Data        : 401622_MGSD_CSIRO.qc.stats/multiqc_data
[2022-08-05 11:12:55,022] multiqc                                            [DEBUG  ]  Moving data file from '/tmp/smi9a9.8586163/tmpu06vlddo/multiqc_data' to '401622_MGSD_CSIRO.qc.stats/multiqc_data'
[2022-08-05 11:12:55,879] multiqc                                            [INFO   ]  MultiQC complete
