[2022-08-05 11:13:29,157] multiqc                                            [DEBUG  ]  This is MultiQC v1.11
[2022-08-05 11:13:29,157] multiqc                                            [DEBUG  ]  No MultiQC config found: /apps/multiqc/1.11/lib/python3.9/site-packages/multiqc_config.yaml
[2022-08-05 11:13:29,157] multiqc                                            [DEBUG  ]  No MultiQC config found: /home/smi9a9/.multiqc_config.yaml
[2022-08-05 11:13:29,162] multiqc                                            [DEBUG  ]  No MultiQC config found: multiqc_config.yaml
[2022-08-05 11:13:29,162] multiqc                                            [DEBUG  ]  Command used: /apps/multiqc/1.11/bin/multiqc ./401586_HL7J5DSX3-1_merged_fastqc.html ./401586_HL7J5DSX3-1_merged_fastqc.zip ./401586_HL7J5DSX3-1_merged.fastq.gz ./401586_HL7J5DSX3-1_R1p_fastqc.html ./401586_HL7J5DSX3-1_R1p_fastqc.zip ./401586_HL7J5DSX3-1_R1p.fastq.gz ./401586_HL7J5DSX3-1_R1R2u_fastqc.html ./401586_HL7J5DSX3-1_R1R2u_fastqc.zip ./401586_HL7J5DSX3-1_R1R2u.fastq.gz ./401586_HL7J5DSX3-1_R2p_fastqc.html ./401586_HL7J5DSX3-1_R2p_fastqc.zip ./401586_HL7J5DSX3-1_R2p.fastq.gz ./401586_QCreads.md5 -o 401586_MGSD_CSIRO.qc.stats
[2022-08-05 11:13:29,165] multiqc                                            [DEBUG  ]  Could not connect to multiqc.info for version check: <urlopen error [Errno 111] Connection refused>
[2022-08-05 11:13:29,165] multiqc                                            [DEBUG  ]  Command     : /apps/multiqc/1.11/bin/multiqc ./401586_HL7J5DSX3-1_merged_fastqc.html ./401586_HL7J5DSX3-1_merged_fastqc.zip ./401586_HL7J5DSX3-1_merged.fastq.gz ./401586_HL7J5DSX3-1_R1p_fastqc.html ./401586_HL7J5DSX3-1_R1p_fastqc.zip ./401586_HL7J5DSX3-1_R1p.fastq.gz ./401586_HL7J5DSX3-1_R1R2u_fastqc.html ./401586_HL7J5DSX3-1_R1R2u_fastqc.zip ./401586_HL7J5DSX3-1_R1R2u.fastq.gz ./401586_HL7J5DSX3-1_R2p_fastqc.html ./401586_HL7J5DSX3-1_R2p_fastqc.zip ./401586_HL7J5DSX3-1_R2p.fastq.gz ./401586_QCreads.md5 -o 401586_MGSD_CSIRO.qc.stats
[2022-08-05 11:13:29,165] multiqc                                            [DEBUG  ]  Working dir : /datasets/work/oa-amd/work/amd/Metagenome_QC_reads
[2022-08-05 11:13:29,165] multiqc                                            [DEBUG  ]  Template    : default
[2022-08-05 11:13:29,165] multiqc                                            [DEBUG  ]  Running Python 3.9.4 (default, Apr 25 2021, 16:13:27)  [GCC 10.3.0]
[2022-08-05 11:13:29,165] multiqc                                            [DEBUG  ]  Analysing modules: custom_content, ccs, ngsderive, purple, conpair, lima, peddy, somalier, methylQA, mosdepth, phantompeakqualtools, qualimap, preseq, quast, qorts, rna_seqc, rockhopper, rsem, rseqc, busco, bustools, goleft_indexcov, gffcompare, disambiguate, supernova, deeptools, sargasso, verifybamid, mirtrace, happy, mirtop, sambamba, homer, hops, macs2, theta2, snpeff, gatk, htseq, bcftools, featureCounts, fgbio, dragen, dedup, damageprofiler, biobambam2, jcvi, mtnucratio, picard, vep, sentieon, prokka, qc3C, nanostat, samblaster, samtools, sexdeterrmine, eigenstratdatabasetools, bamtools, jellyfish, vcftools, longranger, stacks, varscan2, snippy, bbmap, bismark, biscuit, hicexplorer, hicup, hicpro, salmon, kallisto, slamdunk, star, hisat2, tophat, bowtie2, bowtie1, snpsplit, odgi, pangolin, kat, leehom, adapterRemoval, clipandmerge, cutadapt, flexbar, kaiju, kraken, malt, trimmomatic, sickle, skewer, sortmerna, biobloomtools, fastq_screen, afterqc, fastp, fastqc, pychopper, pycoqc, minionqc, multivcfanalyzer, clusterflow, bcl2fastq, bclconvert, interop, ivar, flash, seqyclean, optitype
[2022-08-05 11:13:29,165] multiqc                                            [DEBUG  ]  Using temporary directory for creating report: /tmp/smi9a9.8586046/tmpmhus3zob
[2022-08-05 11:13:29,241] multiqc                                            [INFO   ]  Search path : /datasets/work/oa-amd/work/amd/Metagenome_QC_reads/401586_HL7J5DSX3-1_merged_fastqc.html
[2022-08-05 11:13:29,241] multiqc                                            [INFO   ]  Search path : /datasets/work/oa-amd/work/amd/Metagenome_QC_reads/401586_HL7J5DSX3-1_merged_fastqc.zip
[2022-08-05 11:13:29,241] multiqc                                            [INFO   ]  Search path : /datasets/work/oa-amd/work/amd/Metagenome_QC_reads/401586_HL7J5DSX3-1_merged.fastq.gz
[2022-08-05 11:13:29,241] multiqc                                            [INFO   ]  Search path : /datasets/work/oa-amd/work/amd/Metagenome_QC_reads/401586_HL7J5DSX3-1_R1p_fastqc.html
[2022-08-05 11:13:29,241] multiqc                                            [INFO   ]  Search path : /datasets/work/oa-amd/work/amd/Metagenome_QC_reads/401586_HL7J5DSX3-1_R1p_fastqc.zip
[2022-08-05 11:13:29,241] multiqc                                            [INFO   ]  Search path : /datasets/work/oa-amd/work/amd/Metagenome_QC_reads/401586_HL7J5DSX3-1_R1p.fastq.gz
[2022-08-05 11:13:29,241] multiqc                                            [INFO   ]  Search path : /datasets/work/oa-amd/work/amd/Metagenome_QC_reads/401586_HL7J5DSX3-1_R1R2u_fastqc.html
[2022-08-05 11:13:29,241] multiqc                                            [INFO   ]  Search path : /datasets/work/oa-amd/work/amd/Metagenome_QC_reads/401586_HL7J5DSX3-1_R1R2u_fastqc.zip
[2022-08-05 11:13:29,241] multiqc                                            [INFO   ]  Search path : /datasets/work/oa-amd/work/amd/Metagenome_QC_reads/401586_HL7J5DSX3-1_R1R2u.fastq.gz
[2022-08-05 11:13:29,241] multiqc                                            [INFO   ]  Search path : /datasets/work/oa-amd/work/amd/Metagenome_QC_reads/401586_HL7J5DSX3-1_R2p_fastqc.html
[2022-08-05 11:13:29,242] multiqc                                            [INFO   ]  Search path : /datasets/work/oa-amd/work/amd/Metagenome_QC_reads/401586_HL7J5DSX3-1_R2p_fastqc.zip
[2022-08-05 11:13:29,242] multiqc                                            [INFO   ]  Search path : /datasets/work/oa-amd/work/amd/Metagenome_QC_reads/401586_HL7J5DSX3-1_R2p.fastq.gz
[2022-08-05 11:13:29,242] multiqc                                            [INFO   ]  Search path : /datasets/work/oa-amd/work/amd/Metagenome_QC_reads/401586_QCreads.md5
[2022-08-05 11:13:29,344] multiqc                                            [DEBUG  ]  File ignored by ccs/v4 because it exceeded search pattern filesize limit: 401586_HL7J5DSX3-1_merged_fastqc.html
[2022-08-05 11:13:29,359] multiqc                                            [DEBUG  ]  File ignored by hicexplorer because it exceeded search pattern filesize limit: 401586_HL7J5DSX3-1_merged_fastqc.html
[2022-08-05 11:13:29,360] multiqc                                            [DEBUG  ]  File ignored by nanostat because it exceeded search pattern filesize limit: 401586_HL7J5DSX3-1_merged_fastqc.html
[2022-08-05 11:13:29,360] multiqc                                            [DEBUG  ]  File ignored by lima/summary because it exceeded search pattern filesize limit: 401586_HL7J5DSX3-1_merged_fastqc.html
[2022-08-05 11:13:29,379] multiqc                                            [DEBUG  ]  File ignored by vep/vep_txt because it exceeded search pattern filesize limit: 401586_HL7J5DSX3-1_merged_fastqc.html
[2022-08-05 11:13:29,379] multiqc                                            [DEBUG  ]  File ignored by longranger/invocation because it exceeded search pattern filesize limit: 401586_HL7J5DSX3-1_merged_fastqc.html
[2022-08-05 11:13:29,379] multiqc                                            [DEBUG  ]  File ignored by rockhopper because it exceeded search pattern filesize limit: 401586_HL7J5DSX3-1_merged_fastqc.html
[2022-08-05 11:13:29,379] multiqc                                            [DEBUG  ]  File ignored by rseqc/bam_stat because it exceeded search pattern filesize limit: 401586_HL7J5DSX3-1_merged_fastqc.html
[2022-08-05 11:13:29,379] multiqc                                            [DEBUG  ]  File ignored by rseqc/junction_annotation because it exceeded search pattern filesize limit: 401586_HL7J5DSX3-1_merged_fastqc.html
[2022-08-05 11:13:29,379] multiqc                                            [DEBUG  ]  File ignored by rseqc/read_distribution because it exceeded search pattern filesize limit: 401586_HL7J5DSX3-1_merged_fastqc.html
[2022-08-05 11:13:29,379] multiqc                                            [DEBUG  ]  File ignored by rseqc/infer_experiment because it exceeded search pattern filesize limit: 401586_HL7J5DSX3-1_merged_fastqc.html
[2022-08-05 11:13:29,463] multiqc                                            [DEBUG  ]  Ignoring file as matched an ignore pattern: 401586_HL7J5DSX3-1_merged.fastq.gz
[2022-08-05 11:13:29,500] multiqc                                            [DEBUG  ]  File ignored by ccs/v4 because it exceeded search pattern filesize limit: 401586_HL7J5DSX3-1_R1p_fastqc.html
[2022-08-05 11:13:29,508] multiqc                                            [DEBUG  ]  File ignored by hicexplorer because it exceeded search pattern filesize limit: 401586_HL7J5DSX3-1_R1p_fastqc.html
[2022-08-05 11:13:29,509] multiqc                                            [DEBUG  ]  File ignored by nanostat because it exceeded search pattern filesize limit: 401586_HL7J5DSX3-1_R1p_fastqc.html
[2022-08-05 11:13:29,509] multiqc                                            [DEBUG  ]  File ignored by lima/summary because it exceeded search pattern filesize limit: 401586_HL7J5DSX3-1_R1p_fastqc.html
[2022-08-05 11:13:29,523] multiqc                                            [DEBUG  ]  File ignored by vep/vep_txt because it exceeded search pattern filesize limit: 401586_HL7J5DSX3-1_R1p_fastqc.html
[2022-08-05 11:13:29,523] multiqc                                            [DEBUG  ]  File ignored by longranger/invocation because it exceeded search pattern filesize limit: 401586_HL7J5DSX3-1_R1p_fastqc.html
[2022-08-05 11:13:29,523] multiqc                                            [DEBUG  ]  File ignored by rockhopper because it exceeded search pattern filesize limit: 401586_HL7J5DSX3-1_R1p_fastqc.html
[2022-08-05 11:13:29,523] multiqc                                            [DEBUG  ]  File ignored by rseqc/bam_stat because it exceeded search pattern filesize limit: 401586_HL7J5DSX3-1_R1p_fastqc.html
[2022-08-05 11:13:29,523] multiqc                                            [DEBUG  ]  File ignored by rseqc/junction_annotation because it exceeded search pattern filesize limit: 401586_HL7J5DSX3-1_R1p_fastqc.html
[2022-08-05 11:13:29,523] multiqc                                            [DEBUG  ]  File ignored by rseqc/read_distribution because it exceeded search pattern filesize limit: 401586_HL7J5DSX3-1_R1p_fastqc.html
[2022-08-05 11:13:29,523] multiqc                                            [DEBUG  ]  File ignored by rseqc/infer_experiment because it exceeded search pattern filesize limit: 401586_HL7J5DSX3-1_R1p_fastqc.html
[2022-08-05 11:13:29,598] multiqc                                            [DEBUG  ]  Ignoring file as matched an ignore pattern: 401586_HL7J5DSX3-1_R1p.fastq.gz
[2022-08-05 11:13:29,609] multiqc                                            [DEBUG  ]  File ignored by ccs/v4 because it exceeded search pattern filesize limit: 401586_HL7J5DSX3-1_R1R2u_fastqc.html
[2022-08-05 11:13:29,615] multiqc                                            [DEBUG  ]  File ignored by hicexplorer because it exceeded search pattern filesize limit: 401586_HL7J5DSX3-1_R1R2u_fastqc.html
[2022-08-05 11:13:29,616] multiqc                                            [DEBUG  ]  File ignored by nanostat because it exceeded search pattern filesize limit: 401586_HL7J5DSX3-1_R1R2u_fastqc.html
[2022-08-05 11:13:29,616] multiqc                                            [DEBUG  ]  File ignored by lima/summary because it exceeded search pattern filesize limit: 401586_HL7J5DSX3-1_R1R2u_fastqc.html
[2022-08-05 11:13:29,626] multiqc                                            [DEBUG  ]  File ignored by vep/vep_txt because it exceeded search pattern filesize limit: 401586_HL7J5DSX3-1_R1R2u_fastqc.html
[2022-08-05 11:13:29,626] multiqc                                            [DEBUG  ]  File ignored by longranger/invocation because it exceeded search pattern filesize limit: 401586_HL7J5DSX3-1_R1R2u_fastqc.html
[2022-08-05 11:13:29,626] multiqc                                            [DEBUG  ]  File ignored by rockhopper because it exceeded search pattern filesize limit: 401586_HL7J5DSX3-1_R1R2u_fastqc.html
[2022-08-05 11:13:29,626] multiqc                                            [DEBUG  ]  File ignored by rseqc/bam_stat because it exceeded search pattern filesize limit: 401586_HL7J5DSX3-1_R1R2u_fastqc.html
[2022-08-05 11:13:29,626] multiqc                                            [DEBUG  ]  File ignored by rseqc/junction_annotation because it exceeded search pattern filesize limit: 401586_HL7J5DSX3-1_R1R2u_fastqc.html
[2022-08-05 11:13:29,626] multiqc                                            [DEBUG  ]  File ignored by rseqc/read_distribution because it exceeded search pattern filesize limit: 401586_HL7J5DSX3-1_R1R2u_fastqc.html
[2022-08-05 11:13:29,626] multiqc                                            [DEBUG  ]  File ignored by rseqc/infer_experiment because it exceeded search pattern filesize limit: 401586_HL7J5DSX3-1_R1R2u_fastqc.html
[2022-08-05 11:13:29,703] multiqc                                            [DEBUG  ]  Ignoring file as matched an ignore pattern: 401586_HL7J5DSX3-1_R1R2u.fastq.gz
[2022-08-05 11:13:29,750] multiqc                                            [DEBUG  ]  File ignored by ccs/v4 because it exceeded search pattern filesize limit: 401586_HL7J5DSX3-1_R2p_fastqc.html
[2022-08-05 11:13:29,760] multiqc                                            [DEBUG  ]  File ignored by hicexplorer because it exceeded search pattern filesize limit: 401586_HL7J5DSX3-1_R2p_fastqc.html
[2022-08-05 11:13:29,761] multiqc                                            [DEBUG  ]  File ignored by nanostat because it exceeded search pattern filesize limit: 401586_HL7J5DSX3-1_R2p_fastqc.html
[2022-08-05 11:13:29,761] multiqc                                            [DEBUG  ]  File ignored by lima/summary because it exceeded search pattern filesize limit: 401586_HL7J5DSX3-1_R2p_fastqc.html
[2022-08-05 11:13:29,780] multiqc                                            [DEBUG  ]  File ignored by vep/vep_txt because it exceeded search pattern filesize limit: 401586_HL7J5DSX3-1_R2p_fastqc.html
[2022-08-05 11:13:29,780] multiqc                                            [DEBUG  ]  File ignored by longranger/invocation because it exceeded search pattern filesize limit: 401586_HL7J5DSX3-1_R2p_fastqc.html
[2022-08-05 11:13:29,780] multiqc                                            [DEBUG  ]  File ignored by rockhopper because it exceeded search pattern filesize limit: 401586_HL7J5DSX3-1_R2p_fastqc.html
[2022-08-05 11:13:29,780] multiqc                                            [DEBUG  ]  File ignored by rseqc/bam_stat because it exceeded search pattern filesize limit: 401586_HL7J5DSX3-1_R2p_fastqc.html
[2022-08-05 11:13:29,780] multiqc                                            [DEBUG  ]  File ignored by rseqc/junction_annotation because it exceeded search pattern filesize limit: 401586_HL7J5DSX3-1_R2p_fastqc.html
[2022-08-05 11:13:29,780] multiqc                                            [DEBUG  ]  File ignored by rseqc/read_distribution because it exceeded search pattern filesize limit: 401586_HL7J5DSX3-1_R2p_fastqc.html
[2022-08-05 11:13:29,780] multiqc                                            [DEBUG  ]  File ignored by rseqc/infer_experiment because it exceeded search pattern filesize limit: 401586_HL7J5DSX3-1_R2p_fastqc.html
[2022-08-05 11:13:29,909] multiqc                                            [DEBUG  ]  Ignoring file as matched an ignore pattern: 401586_HL7J5DSX3-1_R2p.fastq.gz
[2022-08-05 11:13:29,909] multiqc                                            [DEBUG  ]  Ignoring file as matched an ignore pattern: 401586_QCreads.md5
[2022-08-05 11:13:30,167] multiqc.plots.bargraph                             [DEBUG  ]  Using matplotlib version 3.3.4
[2022-08-05 11:13:30,171] multiqc.plots.linegraph                            [DEBUG  ]  Using matplotlib version 3.3.4
[2022-08-05 11:13:30,173] multiqc                                            [DEBUG  ]  No samples found: custom_content
[2022-08-05 11:13:30,178] multiqc                                            [DEBUG  ]  No samples found: ccs
[2022-08-05 11:13:30,184] multiqc                                            [DEBUG  ]  No samples found: ngsderive
[2022-08-05 11:13:30,188] multiqc                                            [DEBUG  ]  No samples found: purple
[2022-08-05 11:13:30,192] multiqc                                            [DEBUG  ]  No samples found: conpair
[2022-08-05 11:13:30,197] multiqc                                            [DEBUG  ]  No samples found: lima
[2022-08-05 11:13:30,202] multiqc                                            [DEBUG  ]  No samples found: peddy
[2022-08-05 11:13:30,208] multiqc                                            [DEBUG  ]  No samples found: somalier
[2022-08-05 11:13:30,212] multiqc                                            [DEBUG  ]  No samples found: methylQA
[2022-08-05 11:13:30,222] multiqc.modules.mosdepth.mosdepth                  [DEBUG  ]  include_contigs: []
[2022-08-05 11:13:30,222] multiqc.modules.mosdepth.mosdepth                  [DEBUG  ]  exclude_contigs: []
[2022-08-05 11:13:30,222] multiqc                                            [DEBUG  ]  No samples found: mosdepth
[2022-08-05 11:13:30,226] multiqc                                            [DEBUG  ]  No samples found: phantompeakqualtools
[2022-08-05 11:13:30,230] multiqc                                            [DEBUG  ]  No samples found: qualimap
[2022-08-05 11:13:30,235] multiqc                                            [DEBUG  ]  No samples found: preseq
[2022-08-05 11:13:30,240] multiqc                                            [DEBUG  ]  No samples found: quast
[2022-08-05 11:13:30,245] multiqc                                            [DEBUG  ]  No samples found: qorts
[2022-08-05 11:13:30,250] multiqc                                            [DEBUG  ]  No samples found: rna_seqc
[2022-08-05 11:13:30,254] multiqc                                            [DEBUG  ]  No samples found: rockhopper
[2022-08-05 11:13:30,258] multiqc                                            [DEBUG  ]  No samples found: rsem
[2022-08-05 11:13:30,416] multiqc                                            [DEBUG  ]  No samples found: rseqc
[2022-08-05 11:13:30,420] multiqc                                            [DEBUG  ]  No samples found: busco
[2022-08-05 11:13:30,424] multiqc                                            [DEBUG  ]  No samples found: bustools
[2022-08-05 11:13:30,429] multiqc                                            [DEBUG  ]  No samples found: goleft_indexcov
[2022-08-05 11:13:30,434] multiqc                                            [DEBUG  ]  No samples found: gffcompare
[2022-08-05 11:13:30,438] multiqc                                            [DEBUG  ]  No samples found: disambiguate
[2022-08-05 11:13:30,443] multiqc                                            [DEBUG  ]  No samples found: supernova
[2022-08-05 11:13:30,458] multiqc                                            [DEBUG  ]  No samples found: deeptools
[2022-08-05 11:13:30,462] multiqc                                            [DEBUG  ]  No samples found: sargasso
[2022-08-05 11:13:30,467] multiqc                                            [DEBUG  ]  No samples found: verifybamid
[2022-08-05 11:13:30,473] multiqc                                            [DEBUG  ]  No samples found: mirtrace
[2022-08-05 11:13:30,478] multiqc                                            [DEBUG  ]  No samples found: happy
[2022-08-05 11:13:30,482] multiqc                                            [DEBUG  ]  No samples found: mirtop
[2022-08-05 11:13:30,489] multiqc                                            [DEBUG  ]  No samples found: sambamba
[2022-08-05 11:13:30,513] multiqc                                            [DEBUG  ]  No samples found: homer
[2022-08-05 11:13:30,516] multiqc                                            [DEBUG  ]  No samples found: hops
[2022-08-05 11:13:30,521] multiqc                                            [DEBUG  ]  No samples found: macs2
[2022-08-05 11:13:30,525] multiqc                                            [DEBUG  ]  No samples found: theta2
[2022-08-05 11:13:30,531] multiqc                                            [DEBUG  ]  No samples found: snpeff
[2022-08-05 11:13:30,538] multiqc                                            [DEBUG  ]  No samples found: gatk
[2022-08-05 11:13:30,542] multiqc                                            [DEBUG  ]  No samples found: htseq
[2022-08-05 11:13:30,548] multiqc                                            [DEBUG  ]  No samples found: bcftools
[2022-08-05 11:13:30,553] multiqc                                            [DEBUG  ]  No samples found: featureCounts
[2022-08-05 11:13:30,558] multiqc                                            [DEBUG  ]  No samples found: fgbio
[2022-08-05 11:13:30,575] multiqc                                            [DEBUG  ]  No samples found: dragen
[2022-08-05 11:13:30,579] multiqc                                            [DEBUG  ]  No samples found: dedup
[2022-08-05 11:13:30,584] multiqc                                            [DEBUG  ]  No samples found: damageprofiler
[2022-08-05 11:13:30,622] multiqc                                            [DEBUG  ]  No samples found: biobambam2
[2022-08-05 11:13:30,627] multiqc                                            [DEBUG  ]  No samples found: jcvi
[2022-08-05 11:13:30,631] multiqc                                            [DEBUG  ]  No samples found: mtnucratio
[2022-08-05 11:13:30,633] multiqc                                            [DEBUG  ]  No samples found: picard
[2022-08-05 11:13:30,638] multiqc                                            [DEBUG  ]  No samples found: vep
[2022-08-05 11:13:30,646] multiqc                                            [DEBUG  ]  No samples found: sentieon
[2022-08-05 11:13:30,650] multiqc                                            [DEBUG  ]  No samples found: prokka
[2022-08-05 11:13:30,658] multiqc                                            [DEBUG  ]  No samples found: qc3C
[2022-08-05 11:13:30,663] multiqc                                            [DEBUG  ]  No samples found: nanostat
[2022-08-05 11:13:30,667] multiqc                                            [DEBUG  ]  No samples found: samblaster
[2022-08-05 11:13:30,676] multiqc                                            [DEBUG  ]  No samples found: samtools
[2022-08-05 11:13:30,680] multiqc                                            [DEBUG  ]  No samples found: sexdeterrmine
[2022-08-05 11:13:30,684] multiqc                                            [DEBUG  ]  No samples found: eigenstratdatabasetools
[2022-08-05 11:13:30,689] multiqc                                            [DEBUG  ]  No samples found: bamtools
[2022-08-05 11:13:30,693] multiqc                                            [DEBUG  ]  No samples found: jellyfish
[2022-08-05 11:13:30,701] multiqc                                            [DEBUG  ]  No samples found: vcftools
[2022-08-05 11:13:30,706] multiqc                                            [DEBUG  ]  No samples found: longranger
[2022-08-05 11:13:30,711] multiqc                                            [DEBUG  ]  No samples found: stacks
[2022-08-05 11:13:30,715] multiqc                                            [DEBUG  ]  No samples found: varscan2
[2022-08-05 11:13:30,720] multiqc                                            [DEBUG  ]  No samples found: snippy
[2022-08-05 11:13:30,737] multiqc                                            [DEBUG  ]  No samples found: bbmap
[2022-08-05 11:13:30,743] multiqc                                            [DEBUG  ]  No samples found: bismark
[2022-08-05 11:13:30,751] multiqc                                            [DEBUG  ]  No samples found: biscuit
[2022-08-05 11:13:30,755] multiqc                                            [DEBUG  ]  No samples found: hicexplorer
[2022-08-05 11:13:30,760] multiqc                                            [DEBUG  ]  No samples found: hicup
[2022-08-05 11:13:30,765] multiqc                                            [DEBUG  ]  No samples found: hicpro
[2022-08-05 11:13:30,769] multiqc                                            [DEBUG  ]  No samples found: salmon
[2022-08-05 11:13:30,773] multiqc                                            [DEBUG  ]  No samples found: kallisto
[2022-08-05 11:13:30,780] multiqc                                            [DEBUG  ]  No samples found: slamdunk
[2022-08-05 11:13:30,784] multiqc                                            [DEBUG  ]  No samples found: star
[2022-08-05 11:13:30,788] multiqc                                            [DEBUG  ]  No samples found: hisat2
[2022-08-05 11:13:30,792] multiqc                                            [DEBUG  ]  No samples found: tophat
[2022-08-05 11:13:30,796] multiqc                                            [DEBUG  ]  No samples found: bowtie2
[2022-08-05 11:13:30,800] multiqc                                            [DEBUG  ]  No samples found: bowtie1
[2022-08-05 11:13:30,805] multiqc                                            [DEBUG  ]  No samples found: snpsplit
[2022-08-05 11:13:30,809] multiqc                                            [DEBUG  ]  No samples found: odgi
[2022-08-05 11:13:30,813] multiqc                                            [DEBUG  ]  No samples found: pangolin
[2022-08-05 11:13:30,817] multiqc                                            [DEBUG  ]  No samples found: kat
[2022-08-05 11:13:30,821] multiqc                                            [DEBUG  ]  No samples found: leehom
[2022-08-05 11:13:30,827] multiqc                                            [DEBUG  ]  No samples found: adapterRemoval
[2022-08-05 11:13:30,831] multiqc                                            [DEBUG  ]  No samples found: clipandmerge
[2022-08-05 11:13:30,835] multiqc                                            [DEBUG  ]  No samples found: cutadapt
[2022-08-05 11:13:30,839] multiqc                                            [DEBUG  ]  No samples found: flexbar
[2022-08-05 11:13:30,844] multiqc                                            [DEBUG  ]  No samples found: kaiju
[2022-08-05 11:13:30,849] multiqc                                            [DEBUG  ]  No samples found: kraken
[2022-08-05 11:13:30,853] multiqc                                            [DEBUG  ]  No samples found: malt
[2022-08-05 11:13:30,858] multiqc                                            [DEBUG  ]  No samples found: trimmomatic
[2022-08-05 11:13:30,862] multiqc                                            [DEBUG  ]  No samples found: sickle
[2022-08-05 11:13:30,866] multiqc                                            [DEBUG  ]  No samples found: skewer
[2022-08-05 11:13:30,870] multiqc                                            [DEBUG  ]  No samples found: sortmerna
[2022-08-05 11:13:30,874] multiqc                                            [DEBUG  ]  No samples found: biobloomtools
[2022-08-05 11:13:30,879] multiqc                                            [DEBUG  ]  No samples found: fastq_screen
[2022-08-05 11:13:30,883] multiqc                                            [DEBUG  ]  No samples found: afterqc
[2022-08-05 11:13:30,890] multiqc                                            [DEBUG  ]  No samples found: fastp
[2022-08-05 11:13:31,860] multiqc.modules.fastqc.fastqc                      [INFO   ]  Found 4 reports
[2022-08-05 11:13:31,908] multiqc                                            [DEBUG  ]  No samples found: pychopper
[2022-08-05 11:13:31,915] multiqc                                            [DEBUG  ]  No samples found: pycoqc
[2022-08-05 11:13:31,920] multiqc                                            [DEBUG  ]  No samples found: minionqc
[2022-08-05 11:13:32,016] multiqc                                            [DEBUG  ]  No samples found: multivcfanalyzer
[2022-08-05 11:13:32,021] multiqc                                            [DEBUG  ]  No samples found: clusterflow
[2022-08-05 11:13:32,028] multiqc                                            [DEBUG  ]  No samples found: bcl2fastq
[2022-08-05 11:13:32,034] multiqc                                            [DEBUG  ]  No samples found: bclconvert
[2022-08-05 11:13:32,039] multiqc                                            [DEBUG  ]  No samples found: interop
[2022-08-05 11:13:32,044] multiqc                                            [DEBUG  ]  No samples found: ivar
[2022-08-05 11:13:32,049] multiqc                                            [DEBUG  ]  No samples found: flash
[2022-08-05 11:13:32,053] multiqc                                            [DEBUG  ]  No samples found: seqyclean
[2022-08-05 11:13:32,058] multiqc                                            [DEBUG  ]  No samples found: optitype
[2022-08-05 11:13:32,062] multiqc                                            [INFO   ]  Compressing plot data
[2022-08-05 11:13:32,435] multiqc                                            [INFO   ]  Report      : 401586_MGSD_CSIRO.qc.stats/multiqc_report.html
[2022-08-05 11:13:32,435] multiqc                                            [INFO   ]  Data        : 401586_MGSD_CSIRO.qc.stats/multiqc_data
[2022-08-05 11:13:32,435] multiqc                                            [DEBUG  ]  Moving data file from '/tmp/smi9a9.8586046/tmpmhus3zob/multiqc_data' to '401586_MGSD_CSIRO.qc.stats/multiqc_data'
[2022-08-05 11:13:32,668] multiqc                                            [INFO   ]  MultiQC complete
