[2022-08-05 11:03:16,995] multiqc                                            [DEBUG  ]  This is MultiQC v1.11
[2022-08-05 11:03:16,995] multiqc                                            [DEBUG  ]  No MultiQC config found: /apps/multiqc/1.11/lib/python3.9/site-packages/multiqc_config.yaml
[2022-08-05 11:03:16,995] multiqc                                            [DEBUG  ]  No MultiQC config found: /home/smi9a9/.multiqc_config.yaml
[2022-08-05 11:03:16,996] multiqc                                            [DEBUG  ]  No MultiQC config found: multiqc_config.yaml
[2022-08-05 11:03:16,996] multiqc                                            [DEBUG  ]  Command used: /apps/multiqc/1.11/bin/multiqc ./19469_combined_merged_fastqc.html ./19469_combined_merged_fastqc.zip ./19469_combined_merged.fastq.gz ./19469_combined_R1p_fastqc.html ./19469_combined_R1p_fastqc.zip ./19469_combined_R1p.fastq.gz ./19469_combined_R1R2u_fastqc.html ./19469_combined_R1R2u_fastqc.zip ./19469_combined_R1R2u.fastq.gz ./19469_combined_R2p_fastqc.html ./19469_combined_R2p_fastqc.zip ./19469_combined_R2p.fastq.gz ./19469_QCreads.md5 -o 19469_MGSD_CSIRO.qc.stats
[2022-08-05 11:03:16,998] multiqc                                            [DEBUG  ]  Could not connect to multiqc.info for version check: <urlopen error [Errno 111] Connection refused>
[2022-08-05 11:03:16,998] multiqc                                            [DEBUG  ]  Command     : /apps/multiqc/1.11/bin/multiqc ./19469_combined_merged_fastqc.html ./19469_combined_merged_fastqc.zip ./19469_combined_merged.fastq.gz ./19469_combined_R1p_fastqc.html ./19469_combined_R1p_fastqc.zip ./19469_combined_R1p.fastq.gz ./19469_combined_R1R2u_fastqc.html ./19469_combined_R1R2u_fastqc.zip ./19469_combined_R1R2u.fastq.gz ./19469_combined_R2p_fastqc.html ./19469_combined_R2p_fastqc.zip ./19469_combined_R2p.fastq.gz ./19469_QCreads.md5 -o 19469_MGSD_CSIRO.qc.stats
[2022-08-05 11:03:16,998] multiqc                                            [DEBUG  ]  Working dir : /datasets/work/oa-amd/work/amd/Metagenome_QC_reads
[2022-08-05 11:03:16,998] multiqc                                            [DEBUG  ]  Template    : default
[2022-08-05 11:03:16,998] multiqc                                            [DEBUG  ]  Running Python 3.9.4 (default, Apr 25 2021, 16:13:27)  [GCC 10.3.0]
[2022-08-05 11:03:16,999] multiqc                                            [DEBUG  ]  Analysing modules: custom_content, ccs, ngsderive, purple, conpair, lima, peddy, somalier, methylQA, mosdepth, phantompeakqualtools, qualimap, preseq, quast, qorts, rna_seqc, rockhopper, rsem, rseqc, busco, bustools, goleft_indexcov, gffcompare, disambiguate, supernova, deeptools, sargasso, verifybamid, mirtrace, happy, mirtop, sambamba, homer, hops, macs2, theta2, snpeff, gatk, htseq, bcftools, featureCounts, fgbio, dragen, dedup, damageprofiler, biobambam2, jcvi, mtnucratio, picard, vep, sentieon, prokka, qc3C, nanostat, samblaster, samtools, sexdeterrmine, eigenstratdatabasetools, bamtools, jellyfish, vcftools, longranger, stacks, varscan2, snippy, bbmap, bismark, biscuit, hicexplorer, hicup, hicpro, salmon, kallisto, slamdunk, star, hisat2, tophat, bowtie2, bowtie1, snpsplit, odgi, pangolin, kat, leehom, adapterRemoval, clipandmerge, cutadapt, flexbar, kaiju, kraken, malt, trimmomatic, sickle, skewer, sortmerna, biobloomtools, fastq_screen, afterqc, fastp, fastqc, pychopper, pycoqc, minionqc, multivcfanalyzer, clusterflow, bcl2fastq, bclconvert, interop, ivar, flash, seqyclean, optitype
[2022-08-05 11:03:16,999] multiqc                                            [DEBUG  ]  Using temporary directory for creating report: /tmp/smi9a9.8584915/tmpvese4fcu
[2022-08-05 11:03:17,061] multiqc                                            [INFO   ]  Search path : /datasets/work/oa-amd/work/amd/Metagenome_QC_reads/19469_combined_merged_fastqc.html
[2022-08-05 11:03:17,061] multiqc                                            [INFO   ]  Search path : /datasets/work/oa-amd/work/amd/Metagenome_QC_reads/19469_combined_merged_fastqc.zip
[2022-08-05 11:03:17,062] multiqc                                            [INFO   ]  Search path : /datasets/work/oa-amd/work/amd/Metagenome_QC_reads/19469_combined_merged.fastq.gz
[2022-08-05 11:03:17,062] multiqc                                            [INFO   ]  Search path : /datasets/work/oa-amd/work/amd/Metagenome_QC_reads/19469_combined_R1p_fastqc.html
[2022-08-05 11:03:17,062] multiqc                                            [INFO   ]  Search path : /datasets/work/oa-amd/work/amd/Metagenome_QC_reads/19469_combined_R1p_fastqc.zip
[2022-08-05 11:03:17,062] multiqc                                            [INFO   ]  Search path : /datasets/work/oa-amd/work/amd/Metagenome_QC_reads/19469_combined_R1p.fastq.gz
[2022-08-05 11:03:17,062] multiqc                                            [INFO   ]  Search path : /datasets/work/oa-amd/work/amd/Metagenome_QC_reads/19469_combined_R1R2u_fastqc.html
[2022-08-05 11:03:17,062] multiqc                                            [INFO   ]  Search path : /datasets/work/oa-amd/work/amd/Metagenome_QC_reads/19469_combined_R1R2u_fastqc.zip
[2022-08-05 11:03:17,062] multiqc                                            [INFO   ]  Search path : /datasets/work/oa-amd/work/amd/Metagenome_QC_reads/19469_combined_R1R2u.fastq.gz
[2022-08-05 11:03:17,062] multiqc                                            [INFO   ]  Search path : /datasets/work/oa-amd/work/amd/Metagenome_QC_reads/19469_combined_R2p_fastqc.html
[2022-08-05 11:03:17,062] multiqc                                            [INFO   ]  Search path : /datasets/work/oa-amd/work/amd/Metagenome_QC_reads/19469_combined_R2p_fastqc.zip
[2022-08-05 11:03:17,062] multiqc                                            [INFO   ]  Search path : /datasets/work/oa-amd/work/amd/Metagenome_QC_reads/19469_combined_R2p.fastq.gz
[2022-08-05 11:03:17,062] multiqc                                            [INFO   ]  Search path : /datasets/work/oa-amd/work/amd/Metagenome_QC_reads/19469_QCreads.md5
[2022-08-05 11:03:17,641] multiqc                                            [DEBUG  ]  File ignored by ccs/v4 because it exceeded search pattern filesize limit: 19469_combined_merged_fastqc.html
[2022-08-05 11:03:17,650] multiqc                                            [DEBUG  ]  File ignored by hicexplorer because it exceeded search pattern filesize limit: 19469_combined_merged_fastqc.html
[2022-08-05 11:03:17,651] multiqc                                            [DEBUG  ]  File ignored by nanostat because it exceeded search pattern filesize limit: 19469_combined_merged_fastqc.html
[2022-08-05 11:03:17,651] multiqc                                            [DEBUG  ]  File ignored by lima/summary because it exceeded search pattern filesize limit: 19469_combined_merged_fastqc.html
[2022-08-05 11:03:17,666] multiqc                                            [DEBUG  ]  File ignored by vep/vep_txt because it exceeded search pattern filesize limit: 19469_combined_merged_fastqc.html
[2022-08-05 11:03:17,666] multiqc                                            [DEBUG  ]  File ignored by longranger/invocation because it exceeded search pattern filesize limit: 19469_combined_merged_fastqc.html
[2022-08-05 11:03:17,666] multiqc                                            [DEBUG  ]  File ignored by rockhopper because it exceeded search pattern filesize limit: 19469_combined_merged_fastqc.html
[2022-08-05 11:03:17,666] multiqc                                            [DEBUG  ]  File ignored by rseqc/bam_stat because it exceeded search pattern filesize limit: 19469_combined_merged_fastqc.html
[2022-08-05 11:03:17,666] multiqc                                            [DEBUG  ]  File ignored by rseqc/junction_annotation because it exceeded search pattern filesize limit: 19469_combined_merged_fastqc.html
[2022-08-05 11:03:17,666] multiqc                                            [DEBUG  ]  File ignored by rseqc/read_distribution because it exceeded search pattern filesize limit: 19469_combined_merged_fastqc.html
[2022-08-05 11:03:17,666] multiqc                                            [DEBUG  ]  File ignored by rseqc/infer_experiment because it exceeded search pattern filesize limit: 19469_combined_merged_fastqc.html
[2022-08-05 11:03:17,747] multiqc                                            [DEBUG  ]  Ignoring file as matched an ignore pattern: 19469_combined_merged.fastq.gz
[2022-08-05 11:03:18,417] multiqc                                            [DEBUG  ]  File ignored by ccs/v4 because it exceeded search pattern filesize limit: 19469_combined_R1p_fastqc.html
[2022-08-05 11:03:18,426] multiqc                                            [DEBUG  ]  File ignored by hicexplorer because it exceeded search pattern filesize limit: 19469_combined_R1p_fastqc.html
[2022-08-05 11:03:18,427] multiqc                                            [DEBUG  ]  File ignored by nanostat because it exceeded search pattern filesize limit: 19469_combined_R1p_fastqc.html
[2022-08-05 11:03:18,427] multiqc                                            [DEBUG  ]  File ignored by lima/summary because it exceeded search pattern filesize limit: 19469_combined_R1p_fastqc.html
[2022-08-05 11:03:18,444] multiqc                                            [DEBUG  ]  File ignored by vep/vep_txt because it exceeded search pattern filesize limit: 19469_combined_R1p_fastqc.html
[2022-08-05 11:03:18,444] multiqc                                            [DEBUG  ]  File ignored by longranger/invocation because it exceeded search pattern filesize limit: 19469_combined_R1p_fastqc.html
[2022-08-05 11:03:18,444] multiqc                                            [DEBUG  ]  File ignored by rockhopper because it exceeded search pattern filesize limit: 19469_combined_R1p_fastqc.html
[2022-08-05 11:03:18,444] multiqc                                            [DEBUG  ]  File ignored by rseqc/bam_stat because it exceeded search pattern filesize limit: 19469_combined_R1p_fastqc.html
[2022-08-05 11:03:18,444] multiqc                                            [DEBUG  ]  File ignored by rseqc/junction_annotation because it exceeded search pattern filesize limit: 19469_combined_R1p_fastqc.html
[2022-08-05 11:03:18,444] multiqc                                            [DEBUG  ]  File ignored by rseqc/read_distribution because it exceeded search pattern filesize limit: 19469_combined_R1p_fastqc.html
[2022-08-05 11:03:18,444] multiqc                                            [DEBUG  ]  File ignored by rseqc/infer_experiment because it exceeded search pattern filesize limit: 19469_combined_R1p_fastqc.html
[2022-08-05 11:03:18,514] multiqc                                            [DEBUG  ]  Ignoring file as matched an ignore pattern: 19469_combined_R1p.fastq.gz
[2022-08-05 11:03:19,174] multiqc                                            [DEBUG  ]  File ignored by ccs/v4 because it exceeded search pattern filesize limit: 19469_combined_R1R2u_fastqc.html
[2022-08-05 11:03:19,183] multiqc                                            [DEBUG  ]  File ignored by hicexplorer because it exceeded search pattern filesize limit: 19469_combined_R1R2u_fastqc.html
[2022-08-05 11:03:19,184] multiqc                                            [DEBUG  ]  File ignored by nanostat because it exceeded search pattern filesize limit: 19469_combined_R1R2u_fastqc.html
[2022-08-05 11:03:19,184] multiqc                                            [DEBUG  ]  File ignored by lima/summary because it exceeded search pattern filesize limit: 19469_combined_R1R2u_fastqc.html
[2022-08-05 11:03:19,429] multiqc                                            [DEBUG  ]  File ignored by vep/vep_txt because it exceeded search pattern filesize limit: 19469_combined_R1R2u_fastqc.html
[2022-08-05 11:03:19,429] multiqc                                            [DEBUG  ]  File ignored by longranger/invocation because it exceeded search pattern filesize limit: 19469_combined_R1R2u_fastqc.html
[2022-08-05 11:03:19,429] multiqc                                            [DEBUG  ]  File ignored by rockhopper because it exceeded search pattern filesize limit: 19469_combined_R1R2u_fastqc.html
[2022-08-05 11:03:19,429] multiqc                                            [DEBUG  ]  File ignored by rseqc/bam_stat because it exceeded search pattern filesize limit: 19469_combined_R1R2u_fastqc.html
[2022-08-05 11:03:19,429] multiqc                                            [DEBUG  ]  File ignored by rseqc/junction_annotation because it exceeded search pattern filesize limit: 19469_combined_R1R2u_fastqc.html
[2022-08-05 11:03:19,429] multiqc                                            [DEBUG  ]  File ignored by rseqc/read_distribution because it exceeded search pattern filesize limit: 19469_combined_R1R2u_fastqc.html
[2022-08-05 11:03:19,429] multiqc                                            [DEBUG  ]  File ignored by rseqc/infer_experiment because it exceeded search pattern filesize limit: 19469_combined_R1R2u_fastqc.html
[2022-08-05 11:03:19,732] multiqc                                            [DEBUG  ]  Ignoring file as matched an ignore pattern: 19469_combined_R1R2u.fastq.gz
[2022-08-05 11:03:20,338] multiqc                                            [DEBUG  ]  File ignored by ccs/v4 because it exceeded search pattern filesize limit: 19469_combined_R2p_fastqc.html
[2022-08-05 11:03:20,343] multiqc                                            [DEBUG  ]  File ignored by hicexplorer because it exceeded search pattern filesize limit: 19469_combined_R2p_fastqc.html
[2022-08-05 11:03:20,343] multiqc                                            [DEBUG  ]  File ignored by nanostat because it exceeded search pattern filesize limit: 19469_combined_R2p_fastqc.html
[2022-08-05 11:03:20,343] multiqc                                            [DEBUG  ]  File ignored by lima/summary because it exceeded search pattern filesize limit: 19469_combined_R2p_fastqc.html
[2022-08-05 11:03:20,582] multiqc                                            [DEBUG  ]  File ignored by vep/vep_txt because it exceeded search pattern filesize limit: 19469_combined_R2p_fastqc.html
[2022-08-05 11:03:20,582] multiqc                                            [DEBUG  ]  File ignored by longranger/invocation because it exceeded search pattern filesize limit: 19469_combined_R2p_fastqc.html
[2022-08-05 11:03:20,582] multiqc                                            [DEBUG  ]  File ignored by rockhopper because it exceeded search pattern filesize limit: 19469_combined_R2p_fastqc.html
[2022-08-05 11:03:20,582] multiqc                                            [DEBUG  ]  File ignored by rseqc/bam_stat because it exceeded search pattern filesize limit: 19469_combined_R2p_fastqc.html
[2022-08-05 11:03:20,583] multiqc                                            [DEBUG  ]  File ignored by rseqc/junction_annotation because it exceeded search pattern filesize limit: 19469_combined_R2p_fastqc.html
[2022-08-05 11:03:20,583] multiqc                                            [DEBUG  ]  File ignored by rseqc/read_distribution because it exceeded search pattern filesize limit: 19469_combined_R2p_fastqc.html
[2022-08-05 11:03:20,583] multiqc                                            [DEBUG  ]  File ignored by rseqc/infer_experiment because it exceeded search pattern filesize limit: 19469_combined_R2p_fastqc.html
[2022-08-05 11:03:20,646] multiqc                                            [DEBUG  ]  Ignoring file as matched an ignore pattern: 19469_combined_R2p.fastq.gz
[2022-08-05 11:03:20,647] multiqc                                            [DEBUG  ]  Ignoring file as matched an ignore pattern: 19469_QCreads.md5
[2022-08-05 11:03:21,649] multiqc.plots.bargraph                             [DEBUG  ]  Using matplotlib version 3.3.4
[2022-08-05 11:03:21,653] multiqc.plots.linegraph                            [DEBUG  ]  Using matplotlib version 3.3.4
[2022-08-05 11:03:21,655] multiqc                                            [DEBUG  ]  No samples found: custom_content
[2022-08-05 11:03:21,660] multiqc                                            [DEBUG  ]  No samples found: ccs
[2022-08-05 11:03:21,666] multiqc                                            [DEBUG  ]  No samples found: ngsderive
[2022-08-05 11:03:21,670] multiqc                                            [DEBUG  ]  No samples found: purple
[2022-08-05 11:03:21,675] multiqc                                            [DEBUG  ]  No samples found: conpair
[2022-08-05 11:03:21,681] multiqc                                            [DEBUG  ]  No samples found: lima
[2022-08-05 11:03:21,915] multiqc                                            [DEBUG  ]  No samples found: peddy
[2022-08-05 11:03:21,922] multiqc                                            [DEBUG  ]  No samples found: somalier
[2022-08-05 11:03:21,927] multiqc                                            [DEBUG  ]  No samples found: methylQA
[2022-08-05 11:03:21,937] multiqc.modules.mosdepth.mosdepth                  [DEBUG  ]  include_contigs: []
[2022-08-05 11:03:21,937] multiqc.modules.mosdepth.mosdepth                  [DEBUG  ]  exclude_contigs: []
[2022-08-05 11:03:21,937] multiqc                                            [DEBUG  ]  No samples found: mosdepth
[2022-08-05 11:03:21,941] multiqc                                            [DEBUG  ]  No samples found: phantompeakqualtools
[2022-08-05 11:03:21,945] multiqc                                            [DEBUG  ]  No samples found: qualimap
[2022-08-05 11:03:21,950] multiqc                                            [DEBUG  ]  No samples found: preseq
[2022-08-05 11:03:21,955] multiqc                                            [DEBUG  ]  No samples found: quast
[2022-08-05 11:03:21,960] multiqc                                            [DEBUG  ]  No samples found: qorts
[2022-08-05 11:03:21,965] multiqc                                            [DEBUG  ]  No samples found: rna_seqc
[2022-08-05 11:03:21,970] multiqc                                            [DEBUG  ]  No samples found: rockhopper
[2022-08-05 11:03:21,974] multiqc                                            [DEBUG  ]  No samples found: rsem
[2022-08-05 11:03:21,990] multiqc                                            [DEBUG  ]  No samples found: rseqc
[2022-08-05 11:03:21,994] multiqc                                            [DEBUG  ]  No samples found: busco
[2022-08-05 11:03:21,998] multiqc                                            [DEBUG  ]  No samples found: bustools
[2022-08-05 11:03:22,003] multiqc                                            [DEBUG  ]  No samples found: goleft_indexcov
[2022-08-05 11:03:22,008] multiqc                                            [DEBUG  ]  No samples found: gffcompare
[2022-08-05 11:03:22,013] multiqc                                            [DEBUG  ]  No samples found: disambiguate
[2022-08-05 11:03:22,018] multiqc                                            [DEBUG  ]  No samples found: supernova
[2022-08-05 11:03:22,035] multiqc                                            [DEBUG  ]  No samples found: deeptools
[2022-08-05 11:03:22,039] multiqc                                            [DEBUG  ]  No samples found: sargasso
[2022-08-05 11:03:22,044] multiqc                                            [DEBUG  ]  No samples found: verifybamid
[2022-08-05 11:03:22,049] multiqc                                            [DEBUG  ]  No samples found: mirtrace
[2022-08-05 11:03:22,054] multiqc                                            [DEBUG  ]  No samples found: happy
[2022-08-05 11:03:22,058] multiqc                                            [DEBUG  ]  No samples found: mirtop
[2022-08-05 11:03:22,063] multiqc                                            [DEBUG  ]  No samples found: sambamba
[2022-08-05 11:03:22,072] multiqc                                            [DEBUG  ]  No samples found: homer
[2022-08-05 11:03:22,076] multiqc                                            [DEBUG  ]  No samples found: hops
[2022-08-05 11:03:22,080] multiqc                                            [DEBUG  ]  No samples found: macs2
[2022-08-05 11:03:22,084] multiqc                                            [DEBUG  ]  No samples found: theta2
[2022-08-05 11:03:22,089] multiqc                                            [DEBUG  ]  No samples found: snpeff
[2022-08-05 11:03:22,096] multiqc                                            [DEBUG  ]  No samples found: gatk
[2022-08-05 11:03:22,100] multiqc                                            [DEBUG  ]  No samples found: htseq
[2022-08-05 11:03:22,106] multiqc                                            [DEBUG  ]  No samples found: bcftools
[2022-08-05 11:03:22,110] multiqc                                            [DEBUG  ]  No samples found: featureCounts
[2022-08-05 11:03:22,116] multiqc                                            [DEBUG  ]  No samples found: fgbio
[2022-08-05 11:03:22,133] multiqc                                            [DEBUG  ]  No samples found: dragen
[2022-08-05 11:03:22,367] multiqc                                            [DEBUG  ]  No samples found: dedup
[2022-08-05 11:03:22,372] multiqc                                            [DEBUG  ]  No samples found: damageprofiler
[2022-08-05 11:03:22,405] multiqc                                            [DEBUG  ]  No samples found: biobambam2
[2022-08-05 11:03:22,410] multiqc                                            [DEBUG  ]  No samples found: jcvi
[2022-08-05 11:03:22,646] multiqc                                            [DEBUG  ]  No samples found: mtnucratio
[2022-08-05 11:03:22,648] multiqc                                            [DEBUG  ]  No samples found: picard
[2022-08-05 11:03:22,654] multiqc                                            [DEBUG  ]  No samples found: vep
[2022-08-05 11:03:22,662] multiqc                                            [DEBUG  ]  No samples found: sentieon
[2022-08-05 11:03:22,668] multiqc                                            [DEBUG  ]  No samples found: prokka
[2022-08-05 11:03:22,676] multiqc                                            [DEBUG  ]  No samples found: qc3C
[2022-08-05 11:03:22,913] multiqc                                            [DEBUG  ]  No samples found: nanostat
[2022-08-05 11:03:22,918] multiqc                                            [DEBUG  ]  No samples found: samblaster
[2022-08-05 11:03:22,929] multiqc                                            [DEBUG  ]  No samples found: samtools
[2022-08-05 11:03:23,163] multiqc                                            [DEBUG  ]  No samples found: sexdeterrmine
[2022-08-05 11:03:23,169] multiqc                                            [DEBUG  ]  No samples found: eigenstratdatabasetools
[2022-08-05 11:03:23,180] multiqc                                            [DEBUG  ]  No samples found: bamtools
[2022-08-05 11:03:23,184] multiqc                                            [DEBUG  ]  No samples found: jellyfish
[2022-08-05 11:03:23,423] multiqc                                            [DEBUG  ]  No samples found: vcftools
[2022-08-05 11:03:23,659] multiqc                                            [DEBUG  ]  No samples found: longranger
[2022-08-05 11:03:23,664] multiqc                                            [DEBUG  ]  No samples found: stacks
[2022-08-05 11:03:23,668] multiqc                                            [DEBUG  ]  No samples found: varscan2
[2022-08-05 11:03:23,672] multiqc                                            [DEBUG  ]  No samples found: snippy
[2022-08-05 11:03:23,926] multiqc                                            [DEBUG  ]  No samples found: bbmap
[2022-08-05 11:03:23,933] multiqc                                            [DEBUG  ]  No samples found: bismark
[2022-08-05 11:03:24,200] multiqc                                            [DEBUG  ]  No samples found: biscuit
[2022-08-05 11:03:24,205] multiqc                                            [DEBUG  ]  No samples found: hicexplorer
[2022-08-05 11:03:24,210] multiqc                                            [DEBUG  ]  No samples found: hicup
[2022-08-05 11:03:24,215] multiqc                                            [DEBUG  ]  No samples found: hicpro
[2022-08-05 11:03:24,219] multiqc                                            [DEBUG  ]  No samples found: salmon
[2022-08-05 11:03:24,223] multiqc                                            [DEBUG  ]  No samples found: kallisto
[2022-08-05 11:03:24,229] multiqc                                            [DEBUG  ]  No samples found: slamdunk
[2022-08-05 11:03:24,233] multiqc                                            [DEBUG  ]  No samples found: star
[2022-08-05 11:03:24,238] multiqc                                            [DEBUG  ]  No samples found: hisat2
[2022-08-05 11:03:24,242] multiqc                                            [DEBUG  ]  No samples found: tophat
[2022-08-05 11:03:24,248] multiqc                                            [DEBUG  ]  No samples found: bowtie2
[2022-08-05 11:03:24,253] multiqc                                            [DEBUG  ]  No samples found: bowtie1
[2022-08-05 11:03:24,258] multiqc                                            [DEBUG  ]  No samples found: snpsplit
[2022-08-05 11:03:24,263] multiqc                                            [DEBUG  ]  No samples found: odgi
[2022-08-05 11:03:24,267] multiqc                                            [DEBUG  ]  No samples found: pangolin
[2022-08-05 11:03:24,271] multiqc                                            [DEBUG  ]  No samples found: kat
[2022-08-05 11:03:24,275] multiqc                                            [DEBUG  ]  No samples found: leehom
[2022-08-05 11:03:24,280] multiqc                                            [DEBUG  ]  No samples found: adapterRemoval
[2022-08-05 11:03:24,284] multiqc                                            [DEBUG  ]  No samples found: clipandmerge
[2022-08-05 11:03:24,289] multiqc                                            [DEBUG  ]  No samples found: cutadapt
[2022-08-05 11:03:24,293] multiqc                                            [DEBUG  ]  No samples found: flexbar
[2022-08-05 11:03:24,298] multiqc                                            [DEBUG  ]  No samples found: kaiju
[2022-08-05 11:03:24,304] multiqc                                            [DEBUG  ]  No samples found: kraken
[2022-08-05 11:03:24,308] multiqc                                            [DEBUG  ]  No samples found: malt
[2022-08-05 11:03:24,313] multiqc                                            [DEBUG  ]  No samples found: trimmomatic
[2022-08-05 11:03:24,317] multiqc                                            [DEBUG  ]  No samples found: sickle
[2022-08-05 11:03:24,358] multiqc                                            [DEBUG  ]  No samples found: skewer
[2022-08-05 11:03:24,595] multiqc                                            [DEBUG  ]  No samples found: sortmerna
[2022-08-05 11:03:24,829] multiqc                                            [DEBUG  ]  No samples found: biobloomtools
[2022-08-05 11:03:24,834] multiqc                                            [DEBUG  ]  No samples found: fastq_screen
[2022-08-05 11:03:24,861] multiqc                                            [DEBUG  ]  No samples found: afterqc
[2022-08-05 11:03:24,866] multiqc                                            [DEBUG  ]  No samples found: fastp
[2022-08-05 11:03:25,419] multiqc.modules.fastqc.fastqc                      [INFO   ]  Found 4 reports
[2022-08-05 11:03:25,466] multiqc                                            [DEBUG  ]  No samples found: pychopper
[2022-08-05 11:03:25,700] multiqc                                            [DEBUG  ]  No samples found: pycoqc
[2022-08-05 11:03:25,705] multiqc                                            [DEBUG  ]  No samples found: minionqc
[2022-08-05 11:03:25,709] multiqc                                            [DEBUG  ]  No samples found: multivcfanalyzer
[2022-08-05 11:03:25,714] multiqc                                            [DEBUG  ]  No samples found: clusterflow
[2022-08-05 11:03:25,719] multiqc                                            [DEBUG  ]  No samples found: bcl2fastq
[2022-08-05 11:03:25,726] multiqc                                            [DEBUG  ]  No samples found: bclconvert
[2022-08-05 11:03:25,731] multiqc                                            [DEBUG  ]  No samples found: interop
[2022-08-05 11:03:25,735] multiqc                                            [DEBUG  ]  No samples found: ivar
[2022-08-05 11:03:25,740] multiqc                                            [DEBUG  ]  No samples found: flash
[2022-08-05 11:03:25,744] multiqc                                            [DEBUG  ]  No samples found: seqyclean
[2022-08-05 11:03:25,747] multiqc                                            [DEBUG  ]  No samples found: optitype
[2022-08-05 11:03:25,752] multiqc                                            [INFO   ]  Compressing plot data
[2022-08-05 11:03:25,806] multiqc                                            [INFO   ]  Report      : 19469_MGSD_CSIRO.qc.stats/multiqc_report.html
[2022-08-05 11:03:25,806] multiqc                                            [INFO   ]  Data        : 19469_MGSD_CSIRO.qc.stats/multiqc_data
[2022-08-05 11:03:25,806] multiqc                                            [DEBUG  ]  Moving data file from '/tmp/smi9a9.8584915/tmpvese4fcu/multiqc_data' to '19469_MGSD_CSIRO.qc.stats/multiqc_data'
[2022-08-05 11:03:27,109] multiqc                                            [INFO   ]  MultiQC complete
