[2022-08-05 11:04:22,119] multiqc                                            [DEBUG  ]  This is MultiQC v1.11
[2022-08-05 11:04:22,119] multiqc                                            [DEBUG  ]  No MultiQC config found: /apps/multiqc/1.11/lib/python3.9/site-packages/multiqc_config.yaml
[2022-08-05 11:04:22,120] multiqc                                            [DEBUG  ]  No MultiQC config found: /home/smi9a9/.multiqc_config.yaml
[2022-08-05 11:04:22,123] multiqc                                            [DEBUG  ]  No MultiQC config found: multiqc_config.yaml
[2022-08-05 11:04:22,123] multiqc                                            [DEBUG  ]  Command used: /apps/multiqc/1.11/bin/multiqc ./12574_combined_merged_fastqc.html ./12574_combined_merged_fastqc.zip ./12574_combined_merged.fastq.gz ./12574_combined_R1p_fastqc.html ./12574_combined_R1p_fastqc.zip ./12574_combined_R1p.fastq.gz ./12574_combined_R1R2u_fastqc.html ./12574_combined_R1R2u_fastqc.zip ./12574_combined_R1R2u.fastq.gz ./12574_combined_R2p_fastqc.html ./12574_combined_R2p_fastqc.zip ./12574_combined_R2p.fastq.gz ./12574_QCreads.md5 -o 12574_MGSD_CSIRO.qc.stats
[2022-08-05 11:04:22,130] multiqc                                            [DEBUG  ]  Could not connect to multiqc.info for version check: <urlopen error [Errno 111] Connection refused>
[2022-08-05 11:04:22,130] multiqc                                            [DEBUG  ]  Command     : /apps/multiqc/1.11/bin/multiqc ./12574_combined_merged_fastqc.html ./12574_combined_merged_fastqc.zip ./12574_combined_merged.fastq.gz ./12574_combined_R1p_fastqc.html ./12574_combined_R1p_fastqc.zip ./12574_combined_R1p.fastq.gz ./12574_combined_R1R2u_fastqc.html ./12574_combined_R1R2u_fastqc.zip ./12574_combined_R1R2u.fastq.gz ./12574_combined_R2p_fastqc.html ./12574_combined_R2p_fastqc.zip ./12574_combined_R2p.fastq.gz ./12574_QCreads.md5 -o 12574_MGSD_CSIRO.qc.stats
[2022-08-05 11:04:22,130] multiqc                                            [DEBUG  ]  Working dir : /datasets/work/oa-amd/work/amd/Metagenome_QC_reads
[2022-08-05 11:04:22,130] multiqc                                            [DEBUG  ]  Template    : default
[2022-08-05 11:04:22,130] multiqc                                            [DEBUG  ]  Running Python 3.9.4 (default, Apr 25 2021, 16:13:27)  [GCC 10.3.0]
[2022-08-05 11:04:22,130] multiqc                                            [DEBUG  ]  Analysing modules: custom_content, ccs, ngsderive, purple, conpair, lima, peddy, somalier, methylQA, mosdepth, phantompeakqualtools, qualimap, preseq, quast, qorts, rna_seqc, rockhopper, rsem, rseqc, busco, bustools, goleft_indexcov, gffcompare, disambiguate, supernova, deeptools, sargasso, verifybamid, mirtrace, happy, mirtop, sambamba, homer, hops, macs2, theta2, snpeff, gatk, htseq, bcftools, featureCounts, fgbio, dragen, dedup, damageprofiler, biobambam2, jcvi, mtnucratio, picard, vep, sentieon, prokka, qc3C, nanostat, samblaster, samtools, sexdeterrmine, eigenstratdatabasetools, bamtools, jellyfish, vcftools, longranger, stacks, varscan2, snippy, bbmap, bismark, biscuit, hicexplorer, hicup, hicpro, salmon, kallisto, slamdunk, star, hisat2, tophat, bowtie2, bowtie1, snpsplit, odgi, pangolin, kat, leehom, adapterRemoval, clipandmerge, cutadapt, flexbar, kaiju, kraken, malt, trimmomatic, sickle, skewer, sortmerna, biobloomtools, fastq_screen, afterqc, fastp, fastqc, pychopper, pycoqc, minionqc, multivcfanalyzer, clusterflow, bcl2fastq, bclconvert, interop, ivar, flash, seqyclean, optitype
[2022-08-05 11:04:22,130] multiqc                                            [DEBUG  ]  Using temporary directory for creating report: /tmp/smi9a9.8584703/tmpwt5kl28e
[2022-08-05 11:04:22,716] multiqc                                            [INFO   ]  Search path : /datasets/work/oa-amd/work/amd/Metagenome_QC_reads/12574_combined_merged_fastqc.html
[2022-08-05 11:04:22,716] multiqc                                            [INFO   ]  Search path : /datasets/work/oa-amd/work/amd/Metagenome_QC_reads/12574_combined_merged_fastqc.zip
[2022-08-05 11:04:22,716] multiqc                                            [INFO   ]  Search path : /datasets/work/oa-amd/work/amd/Metagenome_QC_reads/12574_combined_merged.fastq.gz
[2022-08-05 11:04:22,716] multiqc                                            [INFO   ]  Search path : /datasets/work/oa-amd/work/amd/Metagenome_QC_reads/12574_combined_R1p_fastqc.html
[2022-08-05 11:04:22,716] multiqc                                            [INFO   ]  Search path : /datasets/work/oa-amd/work/amd/Metagenome_QC_reads/12574_combined_R1p_fastqc.zip
[2022-08-05 11:04:22,716] multiqc                                            [INFO   ]  Search path : /datasets/work/oa-amd/work/amd/Metagenome_QC_reads/12574_combined_R1p.fastq.gz
[2022-08-05 11:04:22,716] multiqc                                            [INFO   ]  Search path : /datasets/work/oa-amd/work/amd/Metagenome_QC_reads/12574_combined_R1R2u_fastqc.html
[2022-08-05 11:04:22,716] multiqc                                            [INFO   ]  Search path : /datasets/work/oa-amd/work/amd/Metagenome_QC_reads/12574_combined_R1R2u_fastqc.zip
[2022-08-05 11:04:22,716] multiqc                                            [INFO   ]  Search path : /datasets/work/oa-amd/work/amd/Metagenome_QC_reads/12574_combined_R1R2u.fastq.gz
[2022-08-05 11:04:22,716] multiqc                                            [INFO   ]  Search path : /datasets/work/oa-amd/work/amd/Metagenome_QC_reads/12574_combined_R2p_fastqc.html
[2022-08-05 11:04:22,716] multiqc                                            [INFO   ]  Search path : /datasets/work/oa-amd/work/amd/Metagenome_QC_reads/12574_combined_R2p_fastqc.zip
[2022-08-05 11:04:22,717] multiqc                                            [INFO   ]  Search path : /datasets/work/oa-amd/work/amd/Metagenome_QC_reads/12574_combined_R2p.fastq.gz
[2022-08-05 11:04:22,717] multiqc                                            [INFO   ]  Search path : /datasets/work/oa-amd/work/amd/Metagenome_QC_reads/12574_QCreads.md5
[2022-08-05 11:04:23,654] multiqc                                            [DEBUG  ]  File ignored by ccs/v4 because it exceeded search pattern filesize limit: 12574_combined_merged_fastqc.html
[2022-08-05 11:04:23,663] multiqc                                            [DEBUG  ]  File ignored by hicexplorer because it exceeded search pattern filesize limit: 12574_combined_merged_fastqc.html
[2022-08-05 11:04:23,664] multiqc                                            [DEBUG  ]  File ignored by nanostat because it exceeded search pattern filesize limit: 12574_combined_merged_fastqc.html
[2022-08-05 11:04:23,664] multiqc                                            [DEBUG  ]  File ignored by lima/summary because it exceeded search pattern filesize limit: 12574_combined_merged_fastqc.html
[2022-08-05 11:04:23,686] multiqc                                            [DEBUG  ]  File ignored by vep/vep_txt because it exceeded search pattern filesize limit: 12574_combined_merged_fastqc.html
[2022-08-05 11:04:23,686] multiqc                                            [DEBUG  ]  File ignored by longranger/invocation because it exceeded search pattern filesize limit: 12574_combined_merged_fastqc.html
[2022-08-05 11:04:23,686] multiqc                                            [DEBUG  ]  File ignored by rockhopper because it exceeded search pattern filesize limit: 12574_combined_merged_fastqc.html
[2022-08-05 11:04:23,686] multiqc                                            [DEBUG  ]  File ignored by rseqc/bam_stat because it exceeded search pattern filesize limit: 12574_combined_merged_fastqc.html
[2022-08-05 11:04:23,686] multiqc                                            [DEBUG  ]  File ignored by rseqc/junction_annotation because it exceeded search pattern filesize limit: 12574_combined_merged_fastqc.html
[2022-08-05 11:04:23,686] multiqc                                            [DEBUG  ]  File ignored by rseqc/read_distribution because it exceeded search pattern filesize limit: 12574_combined_merged_fastqc.html
[2022-08-05 11:04:23,686] multiqc                                            [DEBUG  ]  File ignored by rseqc/infer_experiment because it exceeded search pattern filesize limit: 12574_combined_merged_fastqc.html
[2022-08-05 11:04:23,783] multiqc                                            [DEBUG  ]  Ignoring file as matched an ignore pattern: 12574_combined_merged.fastq.gz
[2022-08-05 11:04:23,810] multiqc                                            [DEBUG  ]  File ignored by ccs/v4 because it exceeded search pattern filesize limit: 12574_combined_R1p_fastqc.html
[2022-08-05 11:04:23,821] multiqc                                            [DEBUG  ]  File ignored by hicexplorer because it exceeded search pattern filesize limit: 12574_combined_R1p_fastqc.html
[2022-08-05 11:04:23,822] multiqc                                            [DEBUG  ]  File ignored by nanostat because it exceeded search pattern filesize limit: 12574_combined_R1p_fastqc.html
[2022-08-05 11:04:23,822] multiqc                                            [DEBUG  ]  File ignored by lima/summary because it exceeded search pattern filesize limit: 12574_combined_R1p_fastqc.html
[2022-08-05 11:04:23,871] multiqc                                            [DEBUG  ]  File ignored by vep/vep_txt because it exceeded search pattern filesize limit: 12574_combined_R1p_fastqc.html
[2022-08-05 11:04:23,871] multiqc                                            [DEBUG  ]  File ignored by longranger/invocation because it exceeded search pattern filesize limit: 12574_combined_R1p_fastqc.html
[2022-08-05 11:04:23,871] multiqc                                            [DEBUG  ]  File ignored by rockhopper because it exceeded search pattern filesize limit: 12574_combined_R1p_fastqc.html
[2022-08-05 11:04:23,871] multiqc                                            [DEBUG  ]  File ignored by rseqc/bam_stat because it exceeded search pattern filesize limit: 12574_combined_R1p_fastqc.html
[2022-08-05 11:04:23,871] multiqc                                            [DEBUG  ]  File ignored by rseqc/junction_annotation because it exceeded search pattern filesize limit: 12574_combined_R1p_fastqc.html
[2022-08-05 11:04:23,871] multiqc                                            [DEBUG  ]  File ignored by rseqc/read_distribution because it exceeded search pattern filesize limit: 12574_combined_R1p_fastqc.html
[2022-08-05 11:04:23,871] multiqc                                            [DEBUG  ]  File ignored by rseqc/infer_experiment because it exceeded search pattern filesize limit: 12574_combined_R1p_fastqc.html
[2022-08-05 11:04:24,496] multiqc                                            [DEBUG  ]  Ignoring file as matched an ignore pattern: 12574_combined_R1p.fastq.gz
[2022-08-05 11:04:24,618] multiqc                                            [DEBUG  ]  File ignored by ccs/v4 because it exceeded search pattern filesize limit: 12574_combined_R1R2u_fastqc.html
[2022-08-05 11:04:24,628] multiqc                                            [DEBUG  ]  File ignored by hicexplorer because it exceeded search pattern filesize limit: 12574_combined_R1R2u_fastqc.html
[2022-08-05 11:04:24,629] multiqc                                            [DEBUG  ]  File ignored by nanostat because it exceeded search pattern filesize limit: 12574_combined_R1R2u_fastqc.html
[2022-08-05 11:04:24,629] multiqc                                            [DEBUG  ]  File ignored by lima/summary because it exceeded search pattern filesize limit: 12574_combined_R1R2u_fastqc.html
[2022-08-05 11:04:24,877] multiqc                                            [DEBUG  ]  File ignored by vep/vep_txt because it exceeded search pattern filesize limit: 12574_combined_R1R2u_fastqc.html
[2022-08-05 11:04:24,877] multiqc                                            [DEBUG  ]  File ignored by longranger/invocation because it exceeded search pattern filesize limit: 12574_combined_R1R2u_fastqc.html
[2022-08-05 11:04:24,877] multiqc                                            [DEBUG  ]  File ignored by rockhopper because it exceeded search pattern filesize limit: 12574_combined_R1R2u_fastqc.html
[2022-08-05 11:04:24,877] multiqc                                            [DEBUG  ]  File ignored by rseqc/bam_stat because it exceeded search pattern filesize limit: 12574_combined_R1R2u_fastqc.html
[2022-08-05 11:04:24,877] multiqc                                            [DEBUG  ]  File ignored by rseqc/junction_annotation because it exceeded search pattern filesize limit: 12574_combined_R1R2u_fastqc.html
[2022-08-05 11:04:24,877] multiqc                                            [DEBUG  ]  File ignored by rseqc/read_distribution because it exceeded search pattern filesize limit: 12574_combined_R1R2u_fastqc.html
[2022-08-05 11:04:24,877] multiqc                                            [DEBUG  ]  File ignored by rseqc/infer_experiment because it exceeded search pattern filesize limit: 12574_combined_R1R2u_fastqc.html
[2022-08-05 11:04:25,019] multiqc                                            [DEBUG  ]  Ignoring file as matched an ignore pattern: 12574_combined_R1R2u.fastq.gz
[2022-08-05 11:04:25,101] multiqc                                            [DEBUG  ]  File ignored by ccs/v4 because it exceeded search pattern filesize limit: 12574_combined_R2p_fastqc.html
[2022-08-05 11:04:25,116] multiqc                                            [DEBUG  ]  File ignored by hicexplorer because it exceeded search pattern filesize limit: 12574_combined_R2p_fastqc.html
[2022-08-05 11:04:25,127] multiqc                                            [DEBUG  ]  File ignored by nanostat because it exceeded search pattern filesize limit: 12574_combined_R2p_fastqc.html
[2022-08-05 11:04:25,127] multiqc                                            [DEBUG  ]  File ignored by lima/summary because it exceeded search pattern filesize limit: 12574_combined_R2p_fastqc.html
[2022-08-05 11:04:25,137] multiqc                                            [DEBUG  ]  File ignored by vep/vep_txt because it exceeded search pattern filesize limit: 12574_combined_R2p_fastqc.html
[2022-08-05 11:04:25,137] multiqc                                            [DEBUG  ]  File ignored by longranger/invocation because it exceeded search pattern filesize limit: 12574_combined_R2p_fastqc.html
[2022-08-05 11:04:25,137] multiqc                                            [DEBUG  ]  File ignored by rockhopper because it exceeded search pattern filesize limit: 12574_combined_R2p_fastqc.html
[2022-08-05 11:04:25,137] multiqc                                            [DEBUG  ]  File ignored by rseqc/bam_stat because it exceeded search pattern filesize limit: 12574_combined_R2p_fastqc.html
[2022-08-05 11:04:25,137] multiqc                                            [DEBUG  ]  File ignored by rseqc/junction_annotation because it exceeded search pattern filesize limit: 12574_combined_R2p_fastqc.html
[2022-08-05 11:04:25,138] multiqc                                            [DEBUG  ]  File ignored by rseqc/read_distribution because it exceeded search pattern filesize limit: 12574_combined_R2p_fastqc.html
[2022-08-05 11:04:25,138] multiqc                                            [DEBUG  ]  File ignored by rseqc/infer_experiment because it exceeded search pattern filesize limit: 12574_combined_R2p_fastqc.html
[2022-08-05 11:04:25,229] multiqc                                            [DEBUG  ]  Ignoring file as matched an ignore pattern: 12574_combined_R2p.fastq.gz
[2022-08-05 11:04:25,231] multiqc                                            [DEBUG  ]  Ignoring file as matched an ignore pattern: 12574_QCreads.md5
[2022-08-05 11:04:27,304] multiqc.plots.bargraph                             [DEBUG  ]  Using matplotlib version 3.3.4
[2022-08-05 11:04:27,309] multiqc.plots.linegraph                            [DEBUG  ]  Using matplotlib version 3.3.4
[2022-08-05 11:04:27,313] multiqc                                            [DEBUG  ]  No samples found: custom_content
[2022-08-05 11:04:27,320] multiqc                                            [DEBUG  ]  No samples found: ccs
[2022-08-05 11:04:27,328] multiqc                                            [DEBUG  ]  No samples found: ngsderive
[2022-08-05 11:04:27,335] multiqc                                            [DEBUG  ]  No samples found: purple
[2022-08-05 11:04:27,342] multiqc                                            [DEBUG  ]  No samples found: conpair
[2022-08-05 11:04:27,350] multiqc                                            [DEBUG  ]  No samples found: lima
[2022-08-05 11:04:27,358] multiqc                                            [DEBUG  ]  No samples found: peddy
[2022-08-05 11:04:27,367] multiqc                                            [DEBUG  ]  No samples found: somalier
[2022-08-05 11:04:27,374] multiqc                                            [DEBUG  ]  No samples found: methylQA
[2022-08-05 11:04:27,389] multiqc.modules.mosdepth.mosdepth                  [DEBUG  ]  include_contigs: []
[2022-08-05 11:04:27,389] multiqc.modules.mosdepth.mosdepth                  [DEBUG  ]  exclude_contigs: []
[2022-08-05 11:04:27,389] multiqc                                            [DEBUG  ]  No samples found: mosdepth
[2022-08-05 11:04:27,396] multiqc                                            [DEBUG  ]  No samples found: phantompeakqualtools
[2022-08-05 11:04:27,400] multiqc                                            [DEBUG  ]  No samples found: qualimap
[2022-08-05 11:04:27,408] multiqc                                            [DEBUG  ]  No samples found: preseq
[2022-08-05 11:04:27,416] multiqc                                            [DEBUG  ]  No samples found: quast
[2022-08-05 11:04:27,423] multiqc                                            [DEBUG  ]  No samples found: qorts
[2022-08-05 11:04:27,430] multiqc                                            [DEBUG  ]  No samples found: rna_seqc
[2022-08-05 11:04:27,437] multiqc                                            [DEBUG  ]  No samples found: rockhopper
[2022-08-05 11:04:27,444] multiqc                                            [DEBUG  ]  No samples found: rsem
[2022-08-05 11:04:27,468] multiqc                                            [DEBUG  ]  No samples found: rseqc
[2022-08-05 11:04:27,474] multiqc                                            [DEBUG  ]  No samples found: busco
[2022-08-05 11:04:27,482] multiqc                                            [DEBUG  ]  No samples found: bustools
[2022-08-05 11:04:27,488] multiqc                                            [DEBUG  ]  No samples found: goleft_indexcov
[2022-08-05 11:04:27,495] multiqc                                            [DEBUG  ]  No samples found: gffcompare
[2022-08-05 11:04:27,503] multiqc                                            [DEBUG  ]  No samples found: disambiguate
[2022-08-05 11:04:27,511] multiqc                                            [DEBUG  ]  No samples found: supernova
[2022-08-05 11:04:28,044] multiqc                                            [DEBUG  ]  No samples found: deeptools
[2022-08-05 11:04:28,493] multiqc                                            [DEBUG  ]  No samples found: sargasso
[2022-08-05 11:04:28,503] multiqc                                            [DEBUG  ]  No samples found: verifybamid
[2022-08-05 11:04:28,742] multiqc                                            [DEBUG  ]  No samples found: mirtrace
[2022-08-05 11:04:28,751] multiqc                                            [DEBUG  ]  No samples found: happy
[2022-08-05 11:04:28,757] multiqc                                            [DEBUG  ]  No samples found: mirtop
[2022-08-05 11:04:28,765] multiqc                                            [DEBUG  ]  No samples found: sambamba
[2022-08-05 11:04:28,778] multiqc                                            [DEBUG  ]  No samples found: homer
[2022-08-05 11:04:28,785] multiqc                                            [DEBUG  ]  No samples found: hops
[2022-08-05 11:04:28,791] multiqc                                            [DEBUG  ]  No samples found: macs2
[2022-08-05 11:04:28,798] multiqc                                            [DEBUG  ]  No samples found: theta2
[2022-08-05 11:04:28,805] multiqc                                            [DEBUG  ]  No samples found: snpeff
[2022-08-05 11:04:28,816] multiqc                                            [DEBUG  ]  No samples found: gatk
[2022-08-05 11:04:28,823] multiqc                                            [DEBUG  ]  No samples found: htseq
[2022-08-05 11:04:28,831] multiqc                                            [DEBUG  ]  No samples found: bcftools
[2022-08-05 11:04:28,838] multiqc                                            [DEBUG  ]  No samples found: featureCounts
[2022-08-05 11:04:29,075] multiqc                                            [DEBUG  ]  No samples found: fgbio
[2022-08-05 11:04:29,322] multiqc                                            [DEBUG  ]  No samples found: dragen
[2022-08-05 11:04:29,326] multiqc                                            [DEBUG  ]  No samples found: dedup
[2022-08-05 11:04:29,330] multiqc                                            [DEBUG  ]  No samples found: damageprofiler
[2022-08-05 11:04:30,418] multiqc                                            [DEBUG  ]  No samples found: biobambam2
[2022-08-05 11:04:30,427] multiqc                                            [DEBUG  ]  No samples found: jcvi
[2022-08-05 11:04:30,433] multiqc                                            [DEBUG  ]  No samples found: mtnucratio
[2022-08-05 11:04:30,436] multiqc                                            [DEBUG  ]  No samples found: picard
[2022-08-05 11:04:30,444] multiqc                                            [DEBUG  ]  No samples found: vep
[2022-08-05 11:04:30,457] multiqc                                            [DEBUG  ]  No samples found: sentieon
[2022-08-05 11:04:30,465] multiqc                                            [DEBUG  ]  No samples found: prokka
[2022-08-05 11:04:30,474] multiqc                                            [DEBUG  ]  No samples found: qc3C
[2022-08-05 11:04:30,482] multiqc                                            [DEBUG  ]  No samples found: nanostat
[2022-08-05 11:04:30,489] multiqc                                            [DEBUG  ]  No samples found: samblaster
[2022-08-05 11:04:30,503] multiqc                                            [DEBUG  ]  No samples found: samtools
[2022-08-05 11:04:30,510] multiqc                                            [DEBUG  ]  No samples found: sexdeterrmine
[2022-08-05 11:04:30,517] multiqc                                            [DEBUG  ]  No samples found: eigenstratdatabasetools
[2022-08-05 11:04:30,526] multiqc                                            [DEBUG  ]  No samples found: bamtools
[2022-08-05 11:04:30,532] multiqc                                            [DEBUG  ]  No samples found: jellyfish
[2022-08-05 11:04:30,546] multiqc                                            [DEBUG  ]  No samples found: vcftools
[2022-08-05 11:04:30,554] multiqc                                            [DEBUG  ]  No samples found: longranger
[2022-08-05 11:04:30,561] multiqc                                            [DEBUG  ]  No samples found: stacks
[2022-08-05 11:04:30,798] multiqc                                            [DEBUG  ]  No samples found: varscan2
[2022-08-05 11:04:30,849] multiqc                                            [DEBUG  ]  No samples found: snippy
[2022-08-05 11:04:31,337] multiqc                                            [DEBUG  ]  No samples found: bbmap
[2022-08-05 11:04:31,344] multiqc                                            [DEBUG  ]  No samples found: bismark
[2022-08-05 11:04:31,351] multiqc                                            [DEBUG  ]  No samples found: biscuit
[2022-08-05 11:04:31,356] multiqc                                            [DEBUG  ]  No samples found: hicexplorer
[2022-08-05 11:04:31,361] multiqc                                            [DEBUG  ]  No samples found: hicup
[2022-08-05 11:04:31,366] multiqc                                            [DEBUG  ]  No samples found: hicpro
[2022-08-05 11:04:31,601] multiqc                                            [DEBUG  ]  No samples found: salmon
[2022-08-05 11:04:31,605] multiqc                                            [DEBUG  ]  No samples found: kallisto
[2022-08-05 11:04:31,611] multiqc                                            [DEBUG  ]  No samples found: slamdunk
[2022-08-05 11:04:31,616] multiqc                                            [DEBUG  ]  No samples found: star
[2022-08-05 11:04:31,620] multiqc                                            [DEBUG  ]  No samples found: hisat2
[2022-08-05 11:04:31,624] multiqc                                            [DEBUG  ]  No samples found: tophat
[2022-08-05 11:04:31,629] multiqc                                            [DEBUG  ]  No samples found: bowtie2
[2022-08-05 11:04:31,632] multiqc                                            [DEBUG  ]  No samples found: bowtie1
[2022-08-05 11:04:31,638] multiqc                                            [DEBUG  ]  No samples found: snpsplit
[2022-08-05 11:04:32,154] multiqc                                            [DEBUG  ]  No samples found: odgi
[2022-08-05 11:04:32,163] multiqc                                            [DEBUG  ]  No samples found: pangolin
[2022-08-05 11:04:32,169] multiqc                                            [DEBUG  ]  No samples found: kat
[2022-08-05 11:04:32,176] multiqc                                            [DEBUG  ]  No samples found: leehom
[2022-08-05 11:04:32,183] multiqc                                            [DEBUG  ]  No samples found: adapterRemoval
[2022-08-05 11:04:32,190] multiqc                                            [DEBUG  ]  No samples found: clipandmerge
[2022-08-05 11:04:32,198] multiqc                                            [DEBUG  ]  No samples found: cutadapt
[2022-08-05 11:04:32,205] multiqc                                            [DEBUG  ]  No samples found: flexbar
[2022-08-05 11:04:32,212] multiqc                                            [DEBUG  ]  No samples found: kaiju
[2022-08-05 11:04:32,220] multiqc                                            [DEBUG  ]  No samples found: kraken
[2022-08-05 11:04:32,227] multiqc                                            [DEBUG  ]  No samples found: malt
[2022-08-05 11:04:32,234] multiqc                                            [DEBUG  ]  No samples found: trimmomatic
[2022-08-05 11:04:32,470] multiqc                                            [DEBUG  ]  No samples found: sickle
[2022-08-05 11:04:32,475] multiqc                                            [DEBUG  ]  No samples found: skewer
[2022-08-05 11:04:32,479] multiqc                                            [DEBUG  ]  No samples found: sortmerna
[2022-08-05 11:04:32,483] multiqc                                            [DEBUG  ]  No samples found: biobloomtools
[2022-08-05 11:04:32,546] multiqc                                            [DEBUG  ]  No samples found: fastq_screen
[2022-08-05 11:04:32,553] multiqc                                            [DEBUG  ]  No samples found: afterqc
[2022-08-05 11:04:32,561] multiqc                                            [DEBUG  ]  No samples found: fastp
[2022-08-05 11:04:32,701] multiqc.modules.fastqc.fastqc                      [INFO   ]  Found 4 reports
[2022-08-05 11:04:32,760] multiqc                                            [DEBUG  ]  No samples found: pychopper
[2022-08-05 11:04:32,775] multiqc                                            [DEBUG  ]  No samples found: pycoqc
[2022-08-05 11:04:32,787] multiqc                                            [DEBUG  ]  No samples found: minionqc
[2022-08-05 11:04:32,798] multiqc                                            [DEBUG  ]  No samples found: multivcfanalyzer
[2022-08-05 11:04:32,809] multiqc                                            [DEBUG  ]  No samples found: clusterflow
[2022-08-05 11:04:33,047] multiqc                                            [DEBUG  ]  No samples found: bcl2fastq
[2022-08-05 11:04:33,058] multiqc                                            [DEBUG  ]  No samples found: bclconvert
[2022-08-05 11:04:33,069] multiqc                                            [DEBUG  ]  No samples found: interop
[2022-08-05 11:04:33,078] multiqc                                            [DEBUG  ]  No samples found: ivar
[2022-08-05 11:04:33,086] multiqc                                            [DEBUG  ]  No samples found: flash
[2022-08-05 11:04:33,137] multiqc                                            [DEBUG  ]  No samples found: seqyclean
[2022-08-05 11:04:33,145] multiqc                                            [DEBUG  ]  No samples found: optitype
[2022-08-05 11:04:33,149] multiqc                                            [INFO   ]  Compressing plot data
[2022-08-05 11:04:33,203] multiqc                                            [INFO   ]  Report      : 12574_MGSD_CSIRO.qc.stats/multiqc_report.html
[2022-08-05 11:04:33,203] multiqc                                            [INFO   ]  Data        : 12574_MGSD_CSIRO.qc.stats/multiqc_data
[2022-08-05 11:04:33,203] multiqc                                            [DEBUG  ]  Moving data file from '/tmp/smi9a9.8584703/tmpwt5kl28e/multiqc_data' to '12574_MGSD_CSIRO.qc.stats/multiqc_data'
[2022-08-05 11:04:33,352] multiqc                                            [INFO   ]  MultiQC complete
