[2022-08-05 11:04:17,605] multiqc                                            [DEBUG  ]  This is MultiQC v1.11
[2022-08-05 11:04:17,605] multiqc                                            [DEBUG  ]  No MultiQC config found: /apps/multiqc/1.11/lib/python3.9/site-packages/multiqc_config.yaml
[2022-08-05 11:04:17,605] multiqc                                            [DEBUG  ]  No MultiQC config found: /home/smi9a9/.multiqc_config.yaml
[2022-08-05 11:04:17,606] multiqc                                            [DEBUG  ]  No MultiQC config found: multiqc_config.yaml
[2022-08-05 11:04:17,606] multiqc                                            [DEBUG  ]  Command used: /apps/multiqc/1.11/bin/multiqc ./7916_combined_merged_fastqc.html ./7916_combined_merged_fastqc.zip ./7916_combined_merged.fastq.gz ./7916_combined_R1p_fastqc.html ./7916_combined_R1p_fastqc.zip ./7916_combined_R1p.fastq.gz ./7916_combined_R1R2u_fastqc.html ./7916_combined_R1R2u_fastqc.zip ./7916_combined_R1R2u.fastq.gz ./7916_combined_R2p_fastqc.html ./7916_combined_R2p_fastqc.zip ./7916_combined_R2p.fastq.gz ./7916_QCreads.md5 -o 7916_MGSD_CSIRO.qc.stats
[2022-08-05 11:04:17,609] multiqc                                            [DEBUG  ]  Could not connect to multiqc.info for version check: <urlopen error [Errno 111] Connection refused>
[2022-08-05 11:04:17,609] multiqc                                            [DEBUG  ]  Command     : /apps/multiqc/1.11/bin/multiqc ./7916_combined_merged_fastqc.html ./7916_combined_merged_fastqc.zip ./7916_combined_merged.fastq.gz ./7916_combined_R1p_fastqc.html ./7916_combined_R1p_fastqc.zip ./7916_combined_R1p.fastq.gz ./7916_combined_R1R2u_fastqc.html ./7916_combined_R1R2u_fastqc.zip ./7916_combined_R1R2u.fastq.gz ./7916_combined_R2p_fastqc.html ./7916_combined_R2p_fastqc.zip ./7916_combined_R2p.fastq.gz ./7916_QCreads.md5 -o 7916_MGSD_CSIRO.qc.stats
[2022-08-05 11:04:17,609] multiqc                                            [DEBUG  ]  Working dir : /datasets/work/oa-amd/work/amd/Metagenome_QC_reads
[2022-08-05 11:04:17,609] multiqc                                            [DEBUG  ]  Template    : default
[2022-08-05 11:04:17,609] multiqc                                            [DEBUG  ]  Running Python 3.9.4 (default, Apr 25 2021, 16:13:27)  [GCC 10.3.0]
[2022-08-05 11:04:17,609] multiqc                                            [DEBUG  ]  Analysing modules: custom_content, ccs, ngsderive, purple, conpair, lima, peddy, somalier, methylQA, mosdepth, phantompeakqualtools, qualimap, preseq, quast, qorts, rna_seqc, rockhopper, rsem, rseqc, busco, bustools, goleft_indexcov, gffcompare, disambiguate, supernova, deeptools, sargasso, verifybamid, mirtrace, happy, mirtop, sambamba, homer, hops, macs2, theta2, snpeff, gatk, htseq, bcftools, featureCounts, fgbio, dragen, dedup, damageprofiler, biobambam2, jcvi, mtnucratio, picard, vep, sentieon, prokka, qc3C, nanostat, samblaster, samtools, sexdeterrmine, eigenstratdatabasetools, bamtools, jellyfish, vcftools, longranger, stacks, varscan2, snippy, bbmap, bismark, biscuit, hicexplorer, hicup, hicpro, salmon, kallisto, slamdunk, star, hisat2, tophat, bowtie2, bowtie1, snpsplit, odgi, pangolin, kat, leehom, adapterRemoval, clipandmerge, cutadapt, flexbar, kaiju, kraken, malt, trimmomatic, sickle, skewer, sortmerna, biobloomtools, fastq_screen, afterqc, fastp, fastqc, pychopper, pycoqc, minionqc, multivcfanalyzer, clusterflow, bcl2fastq, bclconvert, interop, ivar, flash, seqyclean, optitype
[2022-08-05 11:04:17,609] multiqc                                            [DEBUG  ]  Using temporary directory for creating report: /tmp/smi9a9.8585443/tmpg7cma1a_
[2022-08-05 11:04:17,913] multiqc                                            [INFO   ]  Search path : /datasets/work/oa-amd/work/amd/Metagenome_QC_reads/7916_combined_merged_fastqc.html
[2022-08-05 11:04:17,913] multiqc                                            [INFO   ]  Search path : /datasets/work/oa-amd/work/amd/Metagenome_QC_reads/7916_combined_merged_fastqc.zip
[2022-08-05 11:04:17,913] multiqc                                            [INFO   ]  Search path : /datasets/work/oa-amd/work/amd/Metagenome_QC_reads/7916_combined_merged.fastq.gz
[2022-08-05 11:04:17,913] multiqc                                            [INFO   ]  Search path : /datasets/work/oa-amd/work/amd/Metagenome_QC_reads/7916_combined_R1p_fastqc.html
[2022-08-05 11:04:17,913] multiqc                                            [INFO   ]  Search path : /datasets/work/oa-amd/work/amd/Metagenome_QC_reads/7916_combined_R1p_fastqc.zip
[2022-08-05 11:04:17,913] multiqc                                            [INFO   ]  Search path : /datasets/work/oa-amd/work/amd/Metagenome_QC_reads/7916_combined_R1p.fastq.gz
[2022-08-05 11:04:17,913] multiqc                                            [INFO   ]  Search path : /datasets/work/oa-amd/work/amd/Metagenome_QC_reads/7916_combined_R1R2u_fastqc.html
[2022-08-05 11:04:17,913] multiqc                                            [INFO   ]  Search path : /datasets/work/oa-amd/work/amd/Metagenome_QC_reads/7916_combined_R1R2u_fastqc.zip
[2022-08-05 11:04:17,913] multiqc                                            [INFO   ]  Search path : /datasets/work/oa-amd/work/amd/Metagenome_QC_reads/7916_combined_R1R2u.fastq.gz
[2022-08-05 11:04:17,913] multiqc                                            [INFO   ]  Search path : /datasets/work/oa-amd/work/amd/Metagenome_QC_reads/7916_combined_R2p_fastqc.html
[2022-08-05 11:04:17,913] multiqc                                            [INFO   ]  Search path : /datasets/work/oa-amd/work/amd/Metagenome_QC_reads/7916_combined_R2p_fastqc.zip
[2022-08-05 11:04:17,913] multiqc                                            [INFO   ]  Search path : /datasets/work/oa-amd/work/amd/Metagenome_QC_reads/7916_combined_R2p.fastq.gz
[2022-08-05 11:04:17,913] multiqc                                            [INFO   ]  Search path : /datasets/work/oa-amd/work/amd/Metagenome_QC_reads/7916_QCreads.md5
[2022-08-05 11:04:19,034] multiqc                                            [DEBUG  ]  File ignored by ccs/v4 because it exceeded search pattern filesize limit: 7916_combined_merged_fastqc.html
[2022-08-05 11:04:19,043] multiqc                                            [DEBUG  ]  File ignored by hicexplorer because it exceeded search pattern filesize limit: 7916_combined_merged_fastqc.html
[2022-08-05 11:04:19,043] multiqc                                            [DEBUG  ]  File ignored by nanostat because it exceeded search pattern filesize limit: 7916_combined_merged_fastqc.html
[2022-08-05 11:04:19,043] multiqc                                            [DEBUG  ]  File ignored by lima/summary because it exceeded search pattern filesize limit: 7916_combined_merged_fastqc.html
[2022-08-05 11:04:19,064] multiqc                                            [DEBUG  ]  File ignored by vep/vep_txt because it exceeded search pattern filesize limit: 7916_combined_merged_fastqc.html
[2022-08-05 11:04:19,064] multiqc                                            [DEBUG  ]  File ignored by longranger/invocation because it exceeded search pattern filesize limit: 7916_combined_merged_fastqc.html
[2022-08-05 11:04:19,064] multiqc                                            [DEBUG  ]  File ignored by rockhopper because it exceeded search pattern filesize limit: 7916_combined_merged_fastqc.html
[2022-08-05 11:04:19,064] multiqc                                            [DEBUG  ]  File ignored by rseqc/bam_stat because it exceeded search pattern filesize limit: 7916_combined_merged_fastqc.html
[2022-08-05 11:04:19,064] multiqc                                            [DEBUG  ]  File ignored by rseqc/junction_annotation because it exceeded search pattern filesize limit: 7916_combined_merged_fastqc.html
[2022-08-05 11:04:19,064] multiqc                                            [DEBUG  ]  File ignored by rseqc/read_distribution because it exceeded search pattern filesize limit: 7916_combined_merged_fastqc.html
[2022-08-05 11:04:19,064] multiqc                                            [DEBUG  ]  File ignored by rseqc/infer_experiment because it exceeded search pattern filesize limit: 7916_combined_merged_fastqc.html
[2022-08-05 11:04:19,747] multiqc                                            [DEBUG  ]  Ignoring file as matched an ignore pattern: 7916_combined_merged.fastq.gz
[2022-08-05 11:04:20,334] multiqc                                            [DEBUG  ]  File ignored by ccs/v4 because it exceeded search pattern filesize limit: 7916_combined_R1p_fastqc.html
[2022-08-05 11:04:20,389] multiqc                                            [DEBUG  ]  File ignored by hicexplorer because it exceeded search pattern filesize limit: 7916_combined_R1p_fastqc.html
[2022-08-05 11:04:20,392] multiqc                                            [DEBUG  ]  File ignored by nanostat because it exceeded search pattern filesize limit: 7916_combined_R1p_fastqc.html
[2022-08-05 11:04:20,392] multiqc                                            [DEBUG  ]  File ignored by lima/summary because it exceeded search pattern filesize limit: 7916_combined_R1p_fastqc.html
[2022-08-05 11:04:20,672] multiqc                                            [DEBUG  ]  File ignored by vep/vep_txt because it exceeded search pattern filesize limit: 7916_combined_R1p_fastqc.html
[2022-08-05 11:04:20,672] multiqc                                            [DEBUG  ]  File ignored by longranger/invocation because it exceeded search pattern filesize limit: 7916_combined_R1p_fastqc.html
[2022-08-05 11:04:20,672] multiqc                                            [DEBUG  ]  File ignored by rockhopper because it exceeded search pattern filesize limit: 7916_combined_R1p_fastqc.html
[2022-08-05 11:04:20,672] multiqc                                            [DEBUG  ]  File ignored by rseqc/bam_stat because it exceeded search pattern filesize limit: 7916_combined_R1p_fastqc.html
[2022-08-05 11:04:20,672] multiqc                                            [DEBUG  ]  File ignored by rseqc/junction_annotation because it exceeded search pattern filesize limit: 7916_combined_R1p_fastqc.html
[2022-08-05 11:04:20,672] multiqc                                            [DEBUG  ]  File ignored by rseqc/read_distribution because it exceeded search pattern filesize limit: 7916_combined_R1p_fastqc.html
[2022-08-05 11:04:20,672] multiqc                                            [DEBUG  ]  File ignored by rseqc/infer_experiment because it exceeded search pattern filesize limit: 7916_combined_R1p_fastqc.html
[2022-08-05 11:04:20,751] multiqc                                            [DEBUG  ]  Ignoring file as matched an ignore pattern: 7916_combined_R1p.fastq.gz
[2022-08-05 11:04:21,540] multiqc                                            [DEBUG  ]  File ignored by ccs/v4 because it exceeded search pattern filesize limit: 7916_combined_R1R2u_fastqc.html
[2022-08-05 11:04:21,544] multiqc                                            [DEBUG  ]  File ignored by hicexplorer because it exceeded search pattern filesize limit: 7916_combined_R1R2u_fastqc.html
[2022-08-05 11:04:21,545] multiqc                                            [DEBUG  ]  File ignored by nanostat because it exceeded search pattern filesize limit: 7916_combined_R1R2u_fastqc.html
[2022-08-05 11:04:21,545] multiqc                                            [DEBUG  ]  File ignored by lima/summary because it exceeded search pattern filesize limit: 7916_combined_R1R2u_fastqc.html
[2022-08-05 11:04:21,552] multiqc                                            [DEBUG  ]  File ignored by vep/vep_txt because it exceeded search pattern filesize limit: 7916_combined_R1R2u_fastqc.html
[2022-08-05 11:04:21,552] multiqc                                            [DEBUG  ]  File ignored by longranger/invocation because it exceeded search pattern filesize limit: 7916_combined_R1R2u_fastqc.html
[2022-08-05 11:04:21,552] multiqc                                            [DEBUG  ]  File ignored by rockhopper because it exceeded search pattern filesize limit: 7916_combined_R1R2u_fastqc.html
[2022-08-05 11:04:21,552] multiqc                                            [DEBUG  ]  File ignored by rseqc/bam_stat because it exceeded search pattern filesize limit: 7916_combined_R1R2u_fastqc.html
[2022-08-05 11:04:21,552] multiqc                                            [DEBUG  ]  File ignored by rseqc/junction_annotation because it exceeded search pattern filesize limit: 7916_combined_R1R2u_fastqc.html
[2022-08-05 11:04:21,553] multiqc                                            [DEBUG  ]  File ignored by rseqc/read_distribution because it exceeded search pattern filesize limit: 7916_combined_R1R2u_fastqc.html
[2022-08-05 11:04:21,553] multiqc                                            [DEBUG  ]  File ignored by rseqc/infer_experiment because it exceeded search pattern filesize limit: 7916_combined_R1R2u_fastqc.html
[2022-08-05 11:04:21,857] multiqc                                            [DEBUG  ]  Ignoring file as matched an ignore pattern: 7916_combined_R1R2u.fastq.gz
[2022-08-05 11:04:22,223] multiqc                                            [DEBUG  ]  File ignored by ccs/v4 because it exceeded search pattern filesize limit: 7916_combined_R2p_fastqc.html
[2022-08-05 11:04:22,230] multiqc                                            [DEBUG  ]  File ignored by hicexplorer because it exceeded search pattern filesize limit: 7916_combined_R2p_fastqc.html
[2022-08-05 11:04:22,231] multiqc                                            [DEBUG  ]  File ignored by nanostat because it exceeded search pattern filesize limit: 7916_combined_R2p_fastqc.html
[2022-08-05 11:04:22,231] multiqc                                            [DEBUG  ]  File ignored by lima/summary because it exceeded search pattern filesize limit: 7916_combined_R2p_fastqc.html
[2022-08-05 11:04:22,247] multiqc                                            [DEBUG  ]  File ignored by vep/vep_txt because it exceeded search pattern filesize limit: 7916_combined_R2p_fastqc.html
[2022-08-05 11:04:22,247] multiqc                                            [DEBUG  ]  File ignored by longranger/invocation because it exceeded search pattern filesize limit: 7916_combined_R2p_fastqc.html
[2022-08-05 11:04:22,247] multiqc                                            [DEBUG  ]  File ignored by rockhopper because it exceeded search pattern filesize limit: 7916_combined_R2p_fastqc.html
[2022-08-05 11:04:22,247] multiqc                                            [DEBUG  ]  File ignored by rseqc/bam_stat because it exceeded search pattern filesize limit: 7916_combined_R2p_fastqc.html
[2022-08-05 11:04:22,247] multiqc                                            [DEBUG  ]  File ignored by rseqc/junction_annotation because it exceeded search pattern filesize limit: 7916_combined_R2p_fastqc.html
[2022-08-05 11:04:22,247] multiqc                                            [DEBUG  ]  File ignored by rseqc/read_distribution because it exceeded search pattern filesize limit: 7916_combined_R2p_fastqc.html
[2022-08-05 11:04:22,247] multiqc                                            [DEBUG  ]  File ignored by rseqc/infer_experiment because it exceeded search pattern filesize limit: 7916_combined_R2p_fastqc.html
[2022-08-05 11:04:22,327] multiqc                                            [DEBUG  ]  Ignoring file as matched an ignore pattern: 7916_combined_R2p.fastq.gz
[2022-08-05 11:04:22,327] multiqc                                            [DEBUG  ]  Ignoring file as matched an ignore pattern: 7916_QCreads.md5
[2022-08-05 11:04:24,766] multiqc.plots.bargraph                             [DEBUG  ]  Using matplotlib version 3.3.4
[2022-08-05 11:04:24,770] multiqc.plots.linegraph                            [DEBUG  ]  Using matplotlib version 3.3.4
[2022-08-05 11:04:24,773] multiqc                                            [DEBUG  ]  No samples found: custom_content
[2022-08-05 11:04:24,779] multiqc                                            [DEBUG  ]  No samples found: ccs
[2022-08-05 11:04:24,785] multiqc                                            [DEBUG  ]  No samples found: ngsderive
[2022-08-05 11:04:25,271] multiqc                                            [DEBUG  ]  No samples found: purple
[2022-08-05 11:04:25,276] multiqc                                            [DEBUG  ]  No samples found: conpair
[2022-08-05 11:04:25,281] multiqc                                            [DEBUG  ]  No samples found: lima
[2022-08-05 11:04:25,287] multiqc                                            [DEBUG  ]  No samples found: peddy
[2022-08-05 11:04:25,294] multiqc                                            [DEBUG  ]  No samples found: somalier
[2022-08-05 11:04:25,298] multiqc                                            [DEBUG  ]  No samples found: methylQA
[2022-08-05 11:04:25,539] multiqc.modules.mosdepth.mosdepth                  [DEBUG  ]  include_contigs: []
[2022-08-05 11:04:25,539] multiqc.modules.mosdepth.mosdepth                  [DEBUG  ]  exclude_contigs: []
[2022-08-05 11:04:25,539] multiqc                                            [DEBUG  ]  No samples found: mosdepth
[2022-08-05 11:04:25,775] multiqc                                            [DEBUG  ]  No samples found: phantompeakqualtools
[2022-08-05 11:04:25,778] multiqc                                            [DEBUG  ]  No samples found: qualimap
[2022-08-05 11:04:25,784] multiqc                                            [DEBUG  ]  No samples found: preseq
[2022-08-05 11:04:25,790] multiqc                                            [DEBUG  ]  No samples found: quast
[2022-08-05 11:04:25,795] multiqc                                            [DEBUG  ]  No samples found: qorts
[2022-08-05 11:04:25,801] multiqc                                            [DEBUG  ]  No samples found: rna_seqc
[2022-08-05 11:04:25,806] multiqc                                            [DEBUG  ]  No samples found: rockhopper
[2022-08-05 11:04:25,811] multiqc                                            [DEBUG  ]  No samples found: rsem
[2022-08-05 11:04:25,830] multiqc                                            [DEBUG  ]  No samples found: rseqc
[2022-08-05 11:04:25,835] multiqc                                            [DEBUG  ]  No samples found: busco
[2022-08-05 11:04:26,070] multiqc                                            [DEBUG  ]  No samples found: bustools
[2022-08-05 11:04:26,075] multiqc                                            [DEBUG  ]  No samples found: goleft_indexcov
[2022-08-05 11:04:26,080] multiqc                                            [DEBUG  ]  No samples found: gffcompare
[2022-08-05 11:04:26,085] multiqc                                            [DEBUG  ]  No samples found: disambiguate
[2022-08-05 11:04:26,091] multiqc                                            [DEBUG  ]  No samples found: supernova
[2022-08-05 11:04:26,341] multiqc                                            [DEBUG  ]  No samples found: deeptools
[2022-08-05 11:04:26,346] multiqc                                            [DEBUG  ]  No samples found: sargasso
[2022-08-05 11:04:26,351] multiqc                                            [DEBUG  ]  No samples found: verifybamid
[2022-08-05 11:04:26,357] multiqc                                            [DEBUG  ]  No samples found: mirtrace
[2022-08-05 11:04:26,362] multiqc                                            [DEBUG  ]  No samples found: happy
[2022-08-05 11:04:26,367] multiqc                                            [DEBUG  ]  No samples found: mirtop
[2022-08-05 11:04:26,373] multiqc                                            [DEBUG  ]  No samples found: sambamba
[2022-08-05 11:04:26,611] multiqc                                            [DEBUG  ]  No samples found: homer
[2022-08-05 11:04:26,616] multiqc                                            [DEBUG  ]  No samples found: hops
[2022-08-05 11:04:26,621] multiqc                                            [DEBUG  ]  No samples found: macs2
[2022-08-05 11:04:26,856] multiqc                                            [DEBUG  ]  No samples found: theta2
[2022-08-05 11:04:27,104] multiqc                                            [DEBUG  ]  No samples found: snpeff
[2022-08-05 11:04:27,342] multiqc                                            [DEBUG  ]  No samples found: gatk
[2022-08-05 11:04:27,347] multiqc                                            [DEBUG  ]  No samples found: htseq
[2022-08-05 11:04:27,583] multiqc                                            [DEBUG  ]  No samples found: bcftools
[2022-08-05 11:04:27,587] multiqc                                            [DEBUG  ]  No samples found: featureCounts
[2022-08-05 11:04:27,594] multiqc                                            [DEBUG  ]  No samples found: fgbio
[2022-08-05 11:04:28,076] multiqc                                            [DEBUG  ]  No samples found: dragen
[2022-08-05 11:04:28,082] multiqc                                            [DEBUG  ]  No samples found: dedup
[2022-08-05 11:04:28,088] multiqc                                            [DEBUG  ]  No samples found: damageprofiler
[2022-08-05 11:04:28,363] multiqc                                            [DEBUG  ]  No samples found: biobambam2
[2022-08-05 11:04:28,371] multiqc                                            [DEBUG  ]  No samples found: jcvi
[2022-08-05 11:04:28,377] multiqc                                            [DEBUG  ]  No samples found: mtnucratio
[2022-08-05 11:04:28,379] multiqc                                            [DEBUG  ]  No samples found: picard
[2022-08-05 11:04:28,386] multiqc                                            [DEBUG  ]  No samples found: vep
[2022-08-05 11:04:28,397] multiqc                                            [DEBUG  ]  No samples found: sentieon
[2022-08-05 11:04:28,403] multiqc                                            [DEBUG  ]  No samples found: prokka
[2022-08-05 11:04:28,411] multiqc                                            [DEBUG  ]  No samples found: qc3C
[2022-08-05 11:04:28,418] multiqc                                            [DEBUG  ]  No samples found: nanostat
[2022-08-05 11:04:28,423] multiqc                                            [DEBUG  ]  No samples found: samblaster
[2022-08-05 11:04:28,435] multiqc                                            [DEBUG  ]  No samples found: samtools
[2022-08-05 11:04:28,669] multiqc                                            [DEBUG  ]  No samples found: sexdeterrmine
[2022-08-05 11:04:28,674] multiqc                                            [DEBUG  ]  No samples found: eigenstratdatabasetools
[2022-08-05 11:04:28,912] multiqc                                            [DEBUG  ]  No samples found: bamtools
[2022-08-05 11:04:29,146] multiqc                                            [DEBUG  ]  No samples found: jellyfish
[2022-08-05 11:04:29,625] multiqc                                            [DEBUG  ]  No samples found: vcftools
[2022-08-05 11:04:29,631] multiqc                                            [DEBUG  ]  No samples found: longranger
[2022-08-05 11:04:29,636] multiqc                                            [DEBUG  ]  No samples found: stacks
[2022-08-05 11:04:29,641] multiqc                                            [DEBUG  ]  No samples found: varscan2
[2022-08-05 11:04:29,648] multiqc                                            [DEBUG  ]  No samples found: snippy
[2022-08-05 11:04:29,897] multiqc                                            [DEBUG  ]  No samples found: bbmap
[2022-08-05 11:04:29,903] multiqc                                            [DEBUG  ]  No samples found: bismark
[2022-08-05 11:04:29,912] multiqc                                            [DEBUG  ]  No samples found: biscuit
[2022-08-05 11:04:29,917] multiqc                                            [DEBUG  ]  No samples found: hicexplorer
[2022-08-05 11:04:29,923] multiqc                                            [DEBUG  ]  No samples found: hicup
[2022-08-05 11:04:29,928] multiqc                                            [DEBUG  ]  No samples found: hicpro
[2022-08-05 11:04:29,933] multiqc                                            [DEBUG  ]  No samples found: salmon
[2022-08-05 11:04:29,938] multiqc                                            [DEBUG  ]  No samples found: kallisto
[2022-08-05 11:04:29,944] multiqc                                            [DEBUG  ]  No samples found: slamdunk
[2022-08-05 11:04:30,180] multiqc                                            [DEBUG  ]  No samples found: star
[2022-08-05 11:04:30,185] multiqc                                            [DEBUG  ]  No samples found: hisat2
[2022-08-05 11:04:30,190] multiqc                                            [DEBUG  ]  No samples found: tophat
[2022-08-05 11:04:30,195] multiqc                                            [DEBUG  ]  No samples found: bowtie2
[2022-08-05 11:04:30,200] multiqc                                            [DEBUG  ]  No samples found: bowtie1
[2022-08-05 11:04:30,206] multiqc                                            [DEBUG  ]  No samples found: snpsplit
[2022-08-05 11:04:30,212] multiqc                                            [DEBUG  ]  No samples found: odgi
[2022-08-05 11:04:30,217] multiqc                                            [DEBUG  ]  No samples found: pangolin
[2022-08-05 11:04:30,221] multiqc                                            [DEBUG  ]  No samples found: kat
[2022-08-05 11:04:30,227] multiqc                                            [DEBUG  ]  No samples found: leehom
[2022-08-05 11:04:30,233] multiqc                                            [DEBUG  ]  No samples found: adapterRemoval
[2022-08-05 11:04:30,238] multiqc                                            [DEBUG  ]  No samples found: clipandmerge
[2022-08-05 11:04:30,245] multiqc                                            [DEBUG  ]  No samples found: cutadapt
[2022-08-05 11:04:30,250] multiqc                                            [DEBUG  ]  No samples found: flexbar
[2022-08-05 11:04:30,255] multiqc                                            [DEBUG  ]  No samples found: kaiju
[2022-08-05 11:04:30,262] multiqc                                            [DEBUG  ]  No samples found: kraken
[2022-08-05 11:04:30,498] multiqc                                            [DEBUG  ]  No samples found: malt
[2022-08-05 11:04:30,503] multiqc                                            [DEBUG  ]  No samples found: trimmomatic
[2022-08-05 11:04:30,507] multiqc                                            [DEBUG  ]  No samples found: sickle
[2022-08-05 11:04:30,512] multiqc                                            [DEBUG  ]  No samples found: skewer
[2022-08-05 11:04:30,517] multiqc                                            [DEBUG  ]  No samples found: sortmerna
[2022-08-05 11:04:30,522] multiqc                                            [DEBUG  ]  No samples found: biobloomtools
[2022-08-05 11:04:30,528] multiqc                                            [DEBUG  ]  No samples found: fastq_screen
[2022-08-05 11:04:30,533] multiqc                                            [DEBUG  ]  No samples found: afterqc
[2022-08-05 11:04:30,539] multiqc                                            [DEBUG  ]  No samples found: fastp
[2022-08-05 11:04:32,059] multiqc.modules.fastqc.fastqc                      [INFO   ]  Found 4 reports
[2022-08-05 11:04:32,108] multiqc                                            [DEBUG  ]  No samples found: pychopper
[2022-08-05 11:04:32,113] multiqc                                            [DEBUG  ]  No samples found: pycoqc
[2022-08-05 11:04:32,118] multiqc                                            [DEBUG  ]  No samples found: minionqc
[2022-08-05 11:04:32,124] multiqc                                            [DEBUG  ]  No samples found: multivcfanalyzer
[2022-08-05 11:04:32,130] multiqc                                            [DEBUG  ]  No samples found: clusterflow
[2022-08-05 11:04:32,136] multiqc                                            [DEBUG  ]  No samples found: bcl2fastq
[2022-08-05 11:04:32,143] multiqc                                            [DEBUG  ]  No samples found: bclconvert
[2022-08-05 11:04:32,380] multiqc                                            [DEBUG  ]  No samples found: interop
[2022-08-05 11:04:32,386] multiqc                                            [DEBUG  ]  No samples found: ivar
[2022-08-05 11:04:32,392] multiqc                                            [DEBUG  ]  No samples found: flash
[2022-08-05 11:04:32,397] multiqc                                            [DEBUG  ]  No samples found: seqyclean
[2022-08-05 11:04:32,401] multiqc                                            [DEBUG  ]  No samples found: optitype
[2022-08-05 11:04:32,405] multiqc                                            [INFO   ]  Compressing plot data
[2022-08-05 11:04:32,462] multiqc                                            [INFO   ]  Report      : 7916_MGSD_CSIRO.qc.stats/multiqc_report.html
[2022-08-05 11:04:32,462] multiqc                                            [INFO   ]  Data        : 7916_MGSD_CSIRO.qc.stats/multiqc_data
[2022-08-05 11:04:32,462] multiqc                                            [DEBUG  ]  Moving data file from '/tmp/smi9a9.8585443/tmpg7cma1a_/multiqc_data' to '7916_MGSD_CSIRO.qc.stats/multiqc_data'
[2022-08-05 11:04:33,087] multiqc                                            [INFO   ]  MultiQC complete
