[2022-08-05 11:04:36,768] multiqc                                            [DEBUG  ]  This is MultiQC v1.11
[2022-08-05 11:04:36,768] multiqc                                            [DEBUG  ]  No MultiQC config found: /apps/multiqc/1.11/lib/python3.9/site-packages/multiqc_config.yaml
[2022-08-05 11:04:36,768] multiqc                                            [DEBUG  ]  No MultiQC config found: /home/smi9a9/.multiqc_config.yaml
[2022-08-05 11:04:36,768] multiqc                                            [DEBUG  ]  No MultiQC config found: multiqc_config.yaml
[2022-08-05 11:04:36,769] multiqc                                            [DEBUG  ]  Command used: /apps/multiqc/1.11/bin/multiqc ./138530_HG7NLDSX2-4_merged_fastqc.html ./138530_HG7NLDSX2-4_merged_fastqc.zip ./138530_HG7NLDSX2-4_merged.fastq.gz ./138530_HG7NLDSX2-4_R1p_fastqc.html ./138530_HG7NLDSX2-4_R1p_fastqc.zip ./138530_HG7NLDSX2-4_R1p.fastq.gz ./138530_HG7NLDSX2-4_R1R2u_fastqc.html ./138530_HG7NLDSX2-4_R1R2u_fastqc.zip ./138530_HG7NLDSX2-4_R1R2u.fastq.gz ./138530_HG7NLDSX2-4_R2p_fastqc.html ./138530_HG7NLDSX2-4_R2p_fastqc.zip ./138530_HG7NLDSX2-4_R2p.fastq.gz ./138530_QCreads.md5 -o 138530_MGSD_CSIRO.qc.stats
[2022-08-05 11:04:36,771] multiqc                                            [DEBUG  ]  Could not connect to multiqc.info for version check: <urlopen error [Errno 111] Connection refused>
[2022-08-05 11:04:36,771] multiqc                                            [DEBUG  ]  Command     : /apps/multiqc/1.11/bin/multiqc ./138530_HG7NLDSX2-4_merged_fastqc.html ./138530_HG7NLDSX2-4_merged_fastqc.zip ./138530_HG7NLDSX2-4_merged.fastq.gz ./138530_HG7NLDSX2-4_R1p_fastqc.html ./138530_HG7NLDSX2-4_R1p_fastqc.zip ./138530_HG7NLDSX2-4_R1p.fastq.gz ./138530_HG7NLDSX2-4_R1R2u_fastqc.html ./138530_HG7NLDSX2-4_R1R2u_fastqc.zip ./138530_HG7NLDSX2-4_R1R2u.fastq.gz ./138530_HG7NLDSX2-4_R2p_fastqc.html ./138530_HG7NLDSX2-4_R2p_fastqc.zip ./138530_HG7NLDSX2-4_R2p.fastq.gz ./138530_QCreads.md5 -o 138530_MGSD_CSIRO.qc.stats
[2022-08-05 11:04:36,771] multiqc                                            [DEBUG  ]  Working dir : /datasets/work/oa-amd/work/amd/Metagenome_QC_reads
[2022-08-05 11:04:36,771] multiqc                                            [DEBUG  ]  Template    : default
[2022-08-05 11:04:36,771] multiqc                                            [DEBUG  ]  Running Python 3.9.4 (default, Apr 25 2021, 16:13:27)  [GCC 10.3.0]
[2022-08-05 11:04:36,771] multiqc                                            [DEBUG  ]  Analysing modules: custom_content, ccs, ngsderive, purple, conpair, lima, peddy, somalier, methylQA, mosdepth, phantompeakqualtools, qualimap, preseq, quast, qorts, rna_seqc, rockhopper, rsem, rseqc, busco, bustools, goleft_indexcov, gffcompare, disambiguate, supernova, deeptools, sargasso, verifybamid, mirtrace, happy, mirtop, sambamba, homer, hops, macs2, theta2, snpeff, gatk, htseq, bcftools, featureCounts, fgbio, dragen, dedup, damageprofiler, biobambam2, jcvi, mtnucratio, picard, vep, sentieon, prokka, qc3C, nanostat, samblaster, samtools, sexdeterrmine, eigenstratdatabasetools, bamtools, jellyfish, vcftools, longranger, stacks, varscan2, snippy, bbmap, bismark, biscuit, hicexplorer, hicup, hicpro, salmon, kallisto, slamdunk, star, hisat2, tophat, bowtie2, bowtie1, snpsplit, odgi, pangolin, kat, leehom, adapterRemoval, clipandmerge, cutadapt, flexbar, kaiju, kraken, malt, trimmomatic, sickle, skewer, sortmerna, biobloomtools, fastq_screen, afterqc, fastp, fastqc, pychopper, pycoqc, minionqc, multivcfanalyzer, clusterflow, bcl2fastq, bclconvert, interop, ivar, flash, seqyclean, optitype
[2022-08-05 11:04:36,771] multiqc                                            [DEBUG  ]  Using temporary directory for creating report: /tmp/smi9a9.8584912/tmp58obx1n1
[2022-08-05 11:04:36,832] multiqc                                            [INFO   ]  Search path : /datasets/work/oa-amd/work/amd/Metagenome_QC_reads/138530_HG7NLDSX2-4_merged_fastqc.html
[2022-08-05 11:04:36,832] multiqc                                            [INFO   ]  Search path : /datasets/work/oa-amd/work/amd/Metagenome_QC_reads/138530_HG7NLDSX2-4_merged_fastqc.zip
[2022-08-05 11:04:36,832] multiqc                                            [INFO   ]  Search path : /datasets/work/oa-amd/work/amd/Metagenome_QC_reads/138530_HG7NLDSX2-4_merged.fastq.gz
[2022-08-05 11:04:36,832] multiqc                                            [INFO   ]  Search path : /datasets/work/oa-amd/work/amd/Metagenome_QC_reads/138530_HG7NLDSX2-4_R1p_fastqc.html
[2022-08-05 11:04:36,832] multiqc                                            [INFO   ]  Search path : /datasets/work/oa-amd/work/amd/Metagenome_QC_reads/138530_HG7NLDSX2-4_R1p_fastqc.zip
[2022-08-05 11:04:36,832] multiqc                                            [INFO   ]  Search path : /datasets/work/oa-amd/work/amd/Metagenome_QC_reads/138530_HG7NLDSX2-4_R1p.fastq.gz
[2022-08-05 11:04:36,832] multiqc                                            [INFO   ]  Search path : /datasets/work/oa-amd/work/amd/Metagenome_QC_reads/138530_HG7NLDSX2-4_R1R2u_fastqc.html
[2022-08-05 11:04:36,832] multiqc                                            [INFO   ]  Search path : /datasets/work/oa-amd/work/amd/Metagenome_QC_reads/138530_HG7NLDSX2-4_R1R2u_fastqc.zip
[2022-08-05 11:04:36,832] multiqc                                            [INFO   ]  Search path : /datasets/work/oa-amd/work/amd/Metagenome_QC_reads/138530_HG7NLDSX2-4_R1R2u.fastq.gz
[2022-08-05 11:04:36,832] multiqc                                            [INFO   ]  Search path : /datasets/work/oa-amd/work/amd/Metagenome_QC_reads/138530_HG7NLDSX2-4_R2p_fastqc.html
[2022-08-05 11:04:36,832] multiqc                                            [INFO   ]  Search path : /datasets/work/oa-amd/work/amd/Metagenome_QC_reads/138530_HG7NLDSX2-4_R2p_fastqc.zip
[2022-08-05 11:04:36,832] multiqc                                            [INFO   ]  Search path : /datasets/work/oa-amd/work/amd/Metagenome_QC_reads/138530_HG7NLDSX2-4_R2p.fastq.gz
[2022-08-05 11:04:36,832] multiqc                                            [INFO   ]  Search path : /datasets/work/oa-amd/work/amd/Metagenome_QC_reads/138530_QCreads.md5
[2022-08-05 11:04:36,916] multiqc                                            [DEBUG  ]  File ignored by ccs/v4 because it exceeded search pattern filesize limit: 138530_HG7NLDSX2-4_merged_fastqc.html
[2022-08-05 11:04:36,925] multiqc                                            [DEBUG  ]  File ignored by hicexplorer because it exceeded search pattern filesize limit: 138530_HG7NLDSX2-4_merged_fastqc.html
[2022-08-05 11:04:36,926] multiqc                                            [DEBUG  ]  File ignored by nanostat because it exceeded search pattern filesize limit: 138530_HG7NLDSX2-4_merged_fastqc.html
[2022-08-05 11:04:36,926] multiqc                                            [DEBUG  ]  File ignored by lima/summary because it exceeded search pattern filesize limit: 138530_HG7NLDSX2-4_merged_fastqc.html
[2022-08-05 11:04:36,941] multiqc                                            [DEBUG  ]  File ignored by vep/vep_txt because it exceeded search pattern filesize limit: 138530_HG7NLDSX2-4_merged_fastqc.html
[2022-08-05 11:04:36,941] multiqc                                            [DEBUG  ]  File ignored by longranger/invocation because it exceeded search pattern filesize limit: 138530_HG7NLDSX2-4_merged_fastqc.html
[2022-08-05 11:04:36,941] multiqc                                            [DEBUG  ]  File ignored by rockhopper because it exceeded search pattern filesize limit: 138530_HG7NLDSX2-4_merged_fastqc.html
[2022-08-05 11:04:36,941] multiqc                                            [DEBUG  ]  File ignored by rseqc/bam_stat because it exceeded search pattern filesize limit: 138530_HG7NLDSX2-4_merged_fastqc.html
[2022-08-05 11:04:36,941] multiqc                                            [DEBUG  ]  File ignored by rseqc/junction_annotation because it exceeded search pattern filesize limit: 138530_HG7NLDSX2-4_merged_fastqc.html
[2022-08-05 11:04:36,941] multiqc                                            [DEBUG  ]  File ignored by rseqc/read_distribution because it exceeded search pattern filesize limit: 138530_HG7NLDSX2-4_merged_fastqc.html
[2022-08-05 11:04:36,941] multiqc                                            [DEBUG  ]  File ignored by rseqc/infer_experiment because it exceeded search pattern filesize limit: 138530_HG7NLDSX2-4_merged_fastqc.html
[2022-08-05 11:04:37,025] multiqc                                            [DEBUG  ]  Ignoring file as matched an ignore pattern: 138530_HG7NLDSX2-4_merged.fastq.gz
[2022-08-05 11:04:37,108] multiqc                                            [DEBUG  ]  File ignored by ccs/v4 because it exceeded search pattern filesize limit: 138530_HG7NLDSX2-4_R1p_fastqc.html
[2022-08-05 11:04:37,135] multiqc                                            [DEBUG  ]  File ignored by hicexplorer because it exceeded search pattern filesize limit: 138530_HG7NLDSX2-4_R1p_fastqc.html
[2022-08-05 11:04:37,136] multiqc                                            [DEBUG  ]  File ignored by nanostat because it exceeded search pattern filesize limit: 138530_HG7NLDSX2-4_R1p_fastqc.html
[2022-08-05 11:04:37,137] multiqc                                            [DEBUG  ]  File ignored by lima/summary because it exceeded search pattern filesize limit: 138530_HG7NLDSX2-4_R1p_fastqc.html
[2022-08-05 11:04:37,183] multiqc                                            [DEBUG  ]  File ignored by vep/vep_txt because it exceeded search pattern filesize limit: 138530_HG7NLDSX2-4_R1p_fastqc.html
[2022-08-05 11:04:37,183] multiqc                                            [DEBUG  ]  File ignored by longranger/invocation because it exceeded search pattern filesize limit: 138530_HG7NLDSX2-4_R1p_fastqc.html
[2022-08-05 11:04:37,183] multiqc                                            [DEBUG  ]  File ignored by rockhopper because it exceeded search pattern filesize limit: 138530_HG7NLDSX2-4_R1p_fastqc.html
[2022-08-05 11:04:37,183] multiqc                                            [DEBUG  ]  File ignored by rseqc/bam_stat because it exceeded search pattern filesize limit: 138530_HG7NLDSX2-4_R1p_fastqc.html
[2022-08-05 11:04:37,183] multiqc                                            [DEBUG  ]  File ignored by rseqc/junction_annotation because it exceeded search pattern filesize limit: 138530_HG7NLDSX2-4_R1p_fastqc.html
[2022-08-05 11:04:37,183] multiqc                                            [DEBUG  ]  File ignored by rseqc/read_distribution because it exceeded search pattern filesize limit: 138530_HG7NLDSX2-4_R1p_fastqc.html
[2022-08-05 11:04:37,183] multiqc                                            [DEBUG  ]  File ignored by rseqc/infer_experiment because it exceeded search pattern filesize limit: 138530_HG7NLDSX2-4_R1p_fastqc.html
[2022-08-05 11:04:37,458] multiqc                                            [DEBUG  ]  Ignoring file as matched an ignore pattern: 138530_HG7NLDSX2-4_R1p.fastq.gz
[2022-08-05 11:04:37,538] multiqc                                            [DEBUG  ]  File ignored by ccs/v4 because it exceeded search pattern filesize limit: 138530_HG7NLDSX2-4_R1R2u_fastqc.html
[2022-08-05 11:04:37,553] multiqc                                            [DEBUG  ]  File ignored by hicexplorer because it exceeded search pattern filesize limit: 138530_HG7NLDSX2-4_R1R2u_fastqc.html
[2022-08-05 11:04:37,554] multiqc                                            [DEBUG  ]  File ignored by nanostat because it exceeded search pattern filesize limit: 138530_HG7NLDSX2-4_R1R2u_fastqc.html
[2022-08-05 11:04:37,554] multiqc                                            [DEBUG  ]  File ignored by lima/summary because it exceeded search pattern filesize limit: 138530_HG7NLDSX2-4_R1R2u_fastqc.html
[2022-08-05 11:04:37,569] multiqc                                            [DEBUG  ]  File ignored by vep/vep_txt because it exceeded search pattern filesize limit: 138530_HG7NLDSX2-4_R1R2u_fastqc.html
[2022-08-05 11:04:37,569] multiqc                                            [DEBUG  ]  File ignored by longranger/invocation because it exceeded search pattern filesize limit: 138530_HG7NLDSX2-4_R1R2u_fastqc.html
[2022-08-05 11:04:37,569] multiqc                                            [DEBUG  ]  File ignored by rockhopper because it exceeded search pattern filesize limit: 138530_HG7NLDSX2-4_R1R2u_fastqc.html
[2022-08-05 11:04:37,569] multiqc                                            [DEBUG  ]  File ignored by rseqc/bam_stat because it exceeded search pattern filesize limit: 138530_HG7NLDSX2-4_R1R2u_fastqc.html
[2022-08-05 11:04:37,569] multiqc                                            [DEBUG  ]  File ignored by rseqc/junction_annotation because it exceeded search pattern filesize limit: 138530_HG7NLDSX2-4_R1R2u_fastqc.html
[2022-08-05 11:04:37,569] multiqc                                            [DEBUG  ]  File ignored by rseqc/read_distribution because it exceeded search pattern filesize limit: 138530_HG7NLDSX2-4_R1R2u_fastqc.html
[2022-08-05 11:04:37,569] multiqc                                            [DEBUG  ]  File ignored by rseqc/infer_experiment because it exceeded search pattern filesize limit: 138530_HG7NLDSX2-4_R1R2u_fastqc.html
[2022-08-05 11:04:37,955] multiqc                                            [DEBUG  ]  Ignoring file as matched an ignore pattern: 138530_HG7NLDSX2-4_R1R2u.fastq.gz
[2022-08-05 11:04:37,983] multiqc                                            [DEBUG  ]  File ignored by ccs/v4 because it exceeded search pattern filesize limit: 138530_HG7NLDSX2-4_R2p_fastqc.html
[2022-08-05 11:04:37,993] multiqc                                            [DEBUG  ]  File ignored by hicexplorer because it exceeded search pattern filesize limit: 138530_HG7NLDSX2-4_R2p_fastqc.html
[2022-08-05 11:04:37,995] multiqc                                            [DEBUG  ]  File ignored by nanostat because it exceeded search pattern filesize limit: 138530_HG7NLDSX2-4_R2p_fastqc.html
[2022-08-05 11:04:37,995] multiqc                                            [DEBUG  ]  File ignored by lima/summary because it exceeded search pattern filesize limit: 138530_HG7NLDSX2-4_R2p_fastqc.html
[2022-08-05 11:04:38,017] multiqc                                            [DEBUG  ]  File ignored by vep/vep_txt because it exceeded search pattern filesize limit: 138530_HG7NLDSX2-4_R2p_fastqc.html
[2022-08-05 11:04:38,017] multiqc                                            [DEBUG  ]  File ignored by longranger/invocation because it exceeded search pattern filesize limit: 138530_HG7NLDSX2-4_R2p_fastqc.html
[2022-08-05 11:04:38,017] multiqc                                            [DEBUG  ]  File ignored by rockhopper because it exceeded search pattern filesize limit: 138530_HG7NLDSX2-4_R2p_fastqc.html
[2022-08-05 11:04:38,017] multiqc                                            [DEBUG  ]  File ignored by rseqc/bam_stat because it exceeded search pattern filesize limit: 138530_HG7NLDSX2-4_R2p_fastqc.html
[2022-08-05 11:04:38,017] multiqc                                            [DEBUG  ]  File ignored by rseqc/junction_annotation because it exceeded search pattern filesize limit: 138530_HG7NLDSX2-4_R2p_fastqc.html
[2022-08-05 11:04:38,017] multiqc                                            [DEBUG  ]  File ignored by rseqc/read_distribution because it exceeded search pattern filesize limit: 138530_HG7NLDSX2-4_R2p_fastqc.html
[2022-08-05 11:04:38,017] multiqc                                            [DEBUG  ]  File ignored by rseqc/infer_experiment because it exceeded search pattern filesize limit: 138530_HG7NLDSX2-4_R2p_fastqc.html
[2022-08-05 11:04:38,167] multiqc                                            [DEBUG  ]  Ignoring file as matched an ignore pattern: 138530_HG7NLDSX2-4_R2p.fastq.gz
[2022-08-05 11:04:38,167] multiqc                                            [DEBUG  ]  Ignoring file as matched an ignore pattern: 138530_QCreads.md5
[2022-08-05 11:04:39,359] multiqc.plots.bargraph                             [DEBUG  ]  Using matplotlib version 3.3.4
[2022-08-05 11:04:39,363] multiqc.plots.linegraph                            [DEBUG  ]  Using matplotlib version 3.3.4
[2022-08-05 11:04:39,365] multiqc                                            [DEBUG  ]  No samples found: custom_content
[2022-08-05 11:04:39,370] multiqc                                            [DEBUG  ]  No samples found: ccs
[2022-08-05 11:04:39,375] multiqc                                            [DEBUG  ]  No samples found: ngsderive
[2022-08-05 11:04:39,380] multiqc                                            [DEBUG  ]  No samples found: purple
[2022-08-05 11:04:39,383] multiqc                                            [DEBUG  ]  No samples found: conpair
[2022-08-05 11:04:39,388] multiqc                                            [DEBUG  ]  No samples found: lima
[2022-08-05 11:04:39,393] multiqc                                            [DEBUG  ]  No samples found: peddy
[2022-08-05 11:04:39,399] multiqc                                            [DEBUG  ]  No samples found: somalier
[2022-08-05 11:04:39,403] multiqc                                            [DEBUG  ]  No samples found: methylQA
[2022-08-05 11:04:39,412] multiqc.modules.mosdepth.mosdepth                  [DEBUG  ]  include_contigs: []
[2022-08-05 11:04:39,412] multiqc.modules.mosdepth.mosdepth                  [DEBUG  ]  exclude_contigs: []
[2022-08-05 11:04:39,412] multiqc                                            [DEBUG  ]  No samples found: mosdepth
[2022-08-05 11:04:39,415] multiqc                                            [DEBUG  ]  No samples found: phantompeakqualtools
[2022-08-05 11:04:39,419] multiqc                                            [DEBUG  ]  No samples found: qualimap
[2022-08-05 11:04:39,424] multiqc                                            [DEBUG  ]  No samples found: preseq
[2022-08-05 11:04:39,429] multiqc                                            [DEBUG  ]  No samples found: quast
[2022-08-05 11:04:39,433] multiqc                                            [DEBUG  ]  No samples found: qorts
[2022-08-05 11:04:39,438] multiqc                                            [DEBUG  ]  No samples found: rna_seqc
[2022-08-05 11:04:39,673] multiqc                                            [DEBUG  ]  No samples found: rockhopper
[2022-08-05 11:04:39,677] multiqc                                            [DEBUG  ]  No samples found: rsem
[2022-08-05 11:04:39,921] multiqc                                            [DEBUG  ]  No samples found: rseqc
[2022-08-05 11:04:39,925] multiqc                                            [DEBUG  ]  No samples found: busco
[2022-08-05 11:04:39,930] multiqc                                            [DEBUG  ]  No samples found: bustools
[2022-08-05 11:04:39,934] multiqc                                            [DEBUG  ]  No samples found: goleft_indexcov
[2022-08-05 11:04:39,938] multiqc                                            [DEBUG  ]  No samples found: gffcompare
[2022-08-05 11:04:39,942] multiqc                                            [DEBUG  ]  No samples found: disambiguate
[2022-08-05 11:04:39,948] multiqc                                            [DEBUG  ]  No samples found: supernova
[2022-08-05 11:04:39,962] multiqc                                            [DEBUG  ]  No samples found: deeptools
[2022-08-05 11:04:39,966] multiqc                                            [DEBUG  ]  No samples found: sargasso
[2022-08-05 11:04:39,971] multiqc                                            [DEBUG  ]  No samples found: verifybamid
[2022-08-05 11:04:39,976] multiqc                                            [DEBUG  ]  No samples found: mirtrace
[2022-08-05 11:04:39,981] multiqc                                            [DEBUG  ]  No samples found: happy
[2022-08-05 11:04:39,985] multiqc                                            [DEBUG  ]  No samples found: mirtop
[2022-08-05 11:04:39,990] multiqc                                            [DEBUG  ]  No samples found: sambamba
[2022-08-05 11:04:39,998] multiqc                                            [DEBUG  ]  No samples found: homer
[2022-08-05 11:04:40,002] multiqc                                            [DEBUG  ]  No samples found: hops
[2022-08-05 11:04:40,006] multiqc                                            [DEBUG  ]  No samples found: macs2
[2022-08-05 11:04:40,011] multiqc                                            [DEBUG  ]  No samples found: theta2
[2022-08-05 11:04:40,015] multiqc                                            [DEBUG  ]  No samples found: snpeff
[2022-08-05 11:04:40,023] multiqc                                            [DEBUG  ]  No samples found: gatk
[2022-08-05 11:04:40,027] multiqc                                            [DEBUG  ]  No samples found: htseq
[2022-08-05 11:04:40,263] multiqc                                            [DEBUG  ]  No samples found: bcftools
[2022-08-05 11:04:40,267] multiqc                                            [DEBUG  ]  No samples found: featureCounts
[2022-08-05 11:04:40,274] multiqc                                            [DEBUG  ]  No samples found: fgbio
[2022-08-05 11:04:40,289] multiqc                                            [DEBUG  ]  No samples found: dragen
[2022-08-05 11:04:40,293] multiqc                                            [DEBUG  ]  No samples found: dedup
[2022-08-05 11:04:40,298] multiqc                                            [DEBUG  ]  No samples found: damageprofiler
[2022-08-05 11:04:40,332] multiqc                                            [DEBUG  ]  No samples found: biobambam2
[2022-08-05 11:04:40,337] multiqc                                            [DEBUG  ]  No samples found: jcvi
[2022-08-05 11:04:40,341] multiqc                                            [DEBUG  ]  No samples found: mtnucratio
[2022-08-05 11:04:40,343] multiqc                                            [DEBUG  ]  No samples found: picard
[2022-08-05 11:04:40,349] multiqc                                            [DEBUG  ]  No samples found: vep
[2022-08-05 11:04:40,356] multiqc                                            [DEBUG  ]  No samples found: sentieon
[2022-08-05 11:04:40,360] multiqc                                            [DEBUG  ]  No samples found: prokka
[2022-08-05 11:04:40,368] multiqc                                            [DEBUG  ]  No samples found: qc3C
[2022-08-05 11:04:40,372] multiqc                                            [DEBUG  ]  No samples found: nanostat
[2022-08-05 11:04:40,376] multiqc                                            [DEBUG  ]  No samples found: samblaster
[2022-08-05 11:04:40,385] multiqc                                            [DEBUG  ]  No samples found: samtools
[2022-08-05 11:04:40,390] multiqc                                            [DEBUG  ]  No samples found: sexdeterrmine
[2022-08-05 11:04:40,393] multiqc                                            [DEBUG  ]  No samples found: eigenstratdatabasetools
[2022-08-05 11:04:40,398] multiqc                                            [DEBUG  ]  No samples found: bamtools
[2022-08-05 11:04:40,402] multiqc                                            [DEBUG  ]  No samples found: jellyfish
[2022-08-05 11:04:40,409] multiqc                                            [DEBUG  ]  No samples found: vcftools
[2022-08-05 11:04:40,414] multiqc                                            [DEBUG  ]  No samples found: longranger
[2022-08-05 11:04:40,419] multiqc                                            [DEBUG  ]  No samples found: stacks
[2022-08-05 11:04:40,424] multiqc                                            [DEBUG  ]  No samples found: varscan2
[2022-08-05 11:04:40,428] multiqc                                            [DEBUG  ]  No samples found: snippy
[2022-08-05 11:04:40,445] multiqc                                            [DEBUG  ]  No samples found: bbmap
[2022-08-05 11:04:40,450] multiqc                                            [DEBUG  ]  No samples found: bismark
[2022-08-05 11:04:40,458] multiqc                                            [DEBUG  ]  No samples found: biscuit
[2022-08-05 11:04:40,463] multiqc                                            [DEBUG  ]  No samples found: hicexplorer
[2022-08-05 11:04:40,467] multiqc                                            [DEBUG  ]  No samples found: hicup
[2022-08-05 11:04:40,473] multiqc                                            [DEBUG  ]  No samples found: hicpro
[2022-08-05 11:04:40,476] multiqc                                            [DEBUG  ]  No samples found: salmon
[2022-08-05 11:04:40,480] multiqc                                            [DEBUG  ]  No samples found: kallisto
[2022-08-05 11:04:40,487] multiqc                                            [DEBUG  ]  No samples found: slamdunk
[2022-08-05 11:04:40,492] multiqc                                            [DEBUG  ]  No samples found: star
[2022-08-05 11:04:40,496] multiqc                                            [DEBUG  ]  No samples found: hisat2
[2022-08-05 11:04:40,500] multiqc                                            [DEBUG  ]  No samples found: tophat
[2022-08-05 11:04:40,734] multiqc                                            [DEBUG  ]  No samples found: bowtie2
[2022-08-05 11:04:40,739] multiqc                                            [DEBUG  ]  No samples found: bowtie1
[2022-08-05 11:04:40,743] multiqc                                            [DEBUG  ]  No samples found: snpsplit
[2022-08-05 11:04:40,748] multiqc                                            [DEBUG  ]  No samples found: odgi
[2022-08-05 11:04:40,752] multiqc                                            [DEBUG  ]  No samples found: pangolin
[2022-08-05 11:04:40,756] multiqc                                            [DEBUG  ]  No samples found: kat
[2022-08-05 11:04:40,759] multiqc                                            [DEBUG  ]  No samples found: leehom
[2022-08-05 11:04:40,764] multiqc                                            [DEBUG  ]  No samples found: adapterRemoval
[2022-08-05 11:04:40,768] multiqc                                            [DEBUG  ]  No samples found: clipandmerge
[2022-08-05 11:04:40,773] multiqc                                            [DEBUG  ]  No samples found: cutadapt
[2022-08-05 11:04:40,777] multiqc                                            [DEBUG  ]  No samples found: flexbar
[2022-08-05 11:04:40,782] multiqc                                            [DEBUG  ]  No samples found: kaiju
[2022-08-05 11:04:40,788] multiqc                                            [DEBUG  ]  No samples found: kraken
[2022-08-05 11:04:40,792] multiqc                                            [DEBUG  ]  No samples found: malt
[2022-08-05 11:04:40,796] multiqc                                            [DEBUG  ]  No samples found: trimmomatic
[2022-08-05 11:04:40,800] multiqc                                            [DEBUG  ]  No samples found: sickle
[2022-08-05 11:04:40,804] multiqc                                            [DEBUG  ]  No samples found: skewer
[2022-08-05 11:04:40,809] multiqc                                            [DEBUG  ]  No samples found: sortmerna
[2022-08-05 11:04:40,813] multiqc                                            [DEBUG  ]  No samples found: biobloomtools
[2022-08-05 11:04:40,818] multiqc                                            [DEBUG  ]  No samples found: fastq_screen
[2022-08-05 11:04:40,822] multiqc                                            [DEBUG  ]  No samples found: afterqc
[2022-08-05 11:04:40,827] multiqc                                            [DEBUG  ]  No samples found: fastp
[2022-08-05 11:04:42,593] multiqc.modules.fastqc.fastqc                      [INFO   ]  Found 4 reports
[2022-08-05 11:04:42,642] multiqc                                            [DEBUG  ]  No samples found: pychopper
[2022-08-05 11:04:42,647] multiqc                                            [DEBUG  ]  No samples found: pycoqc
[2022-08-05 11:04:42,651] multiqc                                            [DEBUG  ]  No samples found: minionqc
[2022-08-05 11:04:42,656] multiqc                                            [DEBUG  ]  No samples found: multivcfanalyzer
[2022-08-05 11:04:42,661] multiqc                                            [DEBUG  ]  No samples found: clusterflow
[2022-08-05 11:04:42,666] multiqc                                            [DEBUG  ]  No samples found: bcl2fastq
[2022-08-05 11:04:42,673] multiqc                                            [DEBUG  ]  No samples found: bclconvert
[2022-08-05 11:04:42,679] multiqc                                            [DEBUG  ]  No samples found: interop
[2022-08-05 11:04:42,683] multiqc                                            [DEBUG  ]  No samples found: ivar
[2022-08-05 11:04:42,688] multiqc                                            [DEBUG  ]  No samples found: flash
[2022-08-05 11:04:42,692] multiqc                                            [DEBUG  ]  No samples found: seqyclean
[2022-08-05 11:04:43,159] multiqc                                            [DEBUG  ]  No samples found: optitype
[2022-08-05 11:04:43,163] multiqc                                            [INFO   ]  Compressing plot data
[2022-08-05 11:04:43,217] multiqc                                            [INFO   ]  Report      : 138530_MGSD_CSIRO.qc.stats/multiqc_report.html
[2022-08-05 11:04:43,217] multiqc                                            [INFO   ]  Data        : 138530_MGSD_CSIRO.qc.stats/multiqc_data
[2022-08-05 11:04:43,217] multiqc                                            [DEBUG  ]  Moving data file from '/tmp/smi9a9.8584912/tmp58obx1n1/multiqc_data' to '138530_MGSD_CSIRO.qc.stats/multiqc_data'
[2022-08-05 11:04:43,366] multiqc                                            [INFO   ]  MultiQC complete
