[2022-08-05 11:11:54,304] multiqc                                            [DEBUG  ]  This is MultiQC v1.11
[2022-08-05 11:11:54,304] multiqc                                            [DEBUG  ]  No MultiQC config found: /apps/multiqc/1.11/lib/python3.9/site-packages/multiqc_config.yaml
[2022-08-05 11:11:54,304] multiqc                                            [DEBUG  ]  No MultiQC config found: /home/smi9a9/.multiqc_config.yaml
[2022-08-05 11:11:59,217] multiqc                                            [DEBUG  ]  No MultiQC config found: multiqc_config.yaml
[2022-08-05 11:11:59,217] multiqc                                            [DEBUG  ]  Command used: /apps/multiqc/1.11/bin/multiqc ./12430_H3NJ2BCXX-1_merged_fastqc.html ./12430_H3NJ2BCXX-1_merged_fastqc.zip ./12430_H3NJ2BCXX-1_merged.fastq.gz ./12430_H3NJ2BCXX-1_R1p_fastqc.html ./12430_H3NJ2BCXX-1_R1p_fastqc.zip ./12430_H3NJ2BCXX-1_R1p.fastq.gz ./12430_H3NJ2BCXX-1_R1R2u_fastqc.html ./12430_H3NJ2BCXX-1_R1R2u_fastqc.zip ./12430_H3NJ2BCXX-1_R1R2u.fastq.gz ./12430_H3NJ2BCXX-1_R2p_fastqc.html ./12430_H3NJ2BCXX-1_R2p_fastqc.zip ./12430_H3NJ2BCXX-1_R2p.fastq.gz ./12430_QCreads.md5 -o 12430_MGSD_CSIRO.qc.stats
[2022-08-05 11:11:59,220] multiqc                                            [DEBUG  ]  Could not connect to multiqc.info for version check: <urlopen error [Errno 111] Connection refused>
[2022-08-05 11:11:59,220] multiqc                                            [DEBUG  ]  Command     : /apps/multiqc/1.11/bin/multiqc ./12430_H3NJ2BCXX-1_merged_fastqc.html ./12430_H3NJ2BCXX-1_merged_fastqc.zip ./12430_H3NJ2BCXX-1_merged.fastq.gz ./12430_H3NJ2BCXX-1_R1p_fastqc.html ./12430_H3NJ2BCXX-1_R1p_fastqc.zip ./12430_H3NJ2BCXX-1_R1p.fastq.gz ./12430_H3NJ2BCXX-1_R1R2u_fastqc.html ./12430_H3NJ2BCXX-1_R1R2u_fastqc.zip ./12430_H3NJ2BCXX-1_R1R2u.fastq.gz ./12430_H3NJ2BCXX-1_R2p_fastqc.html ./12430_H3NJ2BCXX-1_R2p_fastqc.zip ./12430_H3NJ2BCXX-1_R2p.fastq.gz ./12430_QCreads.md5 -o 12430_MGSD_CSIRO.qc.stats
[2022-08-05 11:11:59,220] multiqc                                            [DEBUG  ]  Working dir : /datasets/work/oa-amd/work/amd/Metagenome_QC_reads
[2022-08-05 11:11:59,220] multiqc                                            [DEBUG  ]  Template    : default
[2022-08-05 11:11:59,220] multiqc                                            [DEBUG  ]  Running Python 3.9.4 (default, Apr 25 2021, 16:13:27)  [GCC 10.3.0]
[2022-08-05 11:11:59,220] multiqc                                            [DEBUG  ]  Analysing modules: custom_content, ccs, ngsderive, purple, conpair, lima, peddy, somalier, methylQA, mosdepth, phantompeakqualtools, qualimap, preseq, quast, qorts, rna_seqc, rockhopper, rsem, rseqc, busco, bustools, goleft_indexcov, gffcompare, disambiguate, supernova, deeptools, sargasso, verifybamid, mirtrace, happy, mirtop, sambamba, homer, hops, macs2, theta2, snpeff, gatk, htseq, bcftools, featureCounts, fgbio, dragen, dedup, damageprofiler, biobambam2, jcvi, mtnucratio, picard, vep, sentieon, prokka, qc3C, nanostat, samblaster, samtools, sexdeterrmine, eigenstratdatabasetools, bamtools, jellyfish, vcftools, longranger, stacks, varscan2, snippy, bbmap, bismark, biscuit, hicexplorer, hicup, hicpro, salmon, kallisto, slamdunk, star, hisat2, tophat, bowtie2, bowtie1, snpsplit, odgi, pangolin, kat, leehom, adapterRemoval, clipandmerge, cutadapt, flexbar, kaiju, kraken, malt, trimmomatic, sickle, skewer, sortmerna, biobloomtools, fastq_screen, afterqc, fastp, fastqc, pychopper, pycoqc, minionqc, multivcfanalyzer, clusterflow, bcl2fastq, bclconvert, interop, ivar, flash, seqyclean, optitype
[2022-08-05 11:11:59,220] multiqc                                            [DEBUG  ]  Using temporary directory for creating report: /tmp/smi9a9.8585974/tmpzuealag3
[2022-08-05 11:11:59,285] multiqc                                            [INFO   ]  Search path : /datasets/work/oa-amd/work/amd/Metagenome_QC_reads/12430_H3NJ2BCXX-1_merged_fastqc.html
[2022-08-05 11:11:59,285] multiqc                                            [INFO   ]  Search path : /datasets/work/oa-amd/work/amd/Metagenome_QC_reads/12430_H3NJ2BCXX-1_merged_fastqc.zip
[2022-08-05 11:11:59,285] multiqc                                            [INFO   ]  Search path : /datasets/work/oa-amd/work/amd/Metagenome_QC_reads/12430_H3NJ2BCXX-1_merged.fastq.gz
[2022-08-05 11:11:59,285] multiqc                                            [INFO   ]  Search path : /datasets/work/oa-amd/work/amd/Metagenome_QC_reads/12430_H3NJ2BCXX-1_R1p_fastqc.html
[2022-08-05 11:11:59,285] multiqc                                            [INFO   ]  Search path : /datasets/work/oa-amd/work/amd/Metagenome_QC_reads/12430_H3NJ2BCXX-1_R1p_fastqc.zip
[2022-08-05 11:11:59,285] multiqc                                            [INFO   ]  Search path : /datasets/work/oa-amd/work/amd/Metagenome_QC_reads/12430_H3NJ2BCXX-1_R1p.fastq.gz
[2022-08-05 11:11:59,285] multiqc                                            [INFO   ]  Search path : /datasets/work/oa-amd/work/amd/Metagenome_QC_reads/12430_H3NJ2BCXX-1_R1R2u_fastqc.html
[2022-08-05 11:11:59,285] multiqc                                            [INFO   ]  Search path : /datasets/work/oa-amd/work/amd/Metagenome_QC_reads/12430_H3NJ2BCXX-1_R1R2u_fastqc.zip
[2022-08-05 11:11:59,285] multiqc                                            [INFO   ]  Search path : /datasets/work/oa-amd/work/amd/Metagenome_QC_reads/12430_H3NJ2BCXX-1_R1R2u.fastq.gz
[2022-08-05 11:11:59,285] multiqc                                            [INFO   ]  Search path : /datasets/work/oa-amd/work/amd/Metagenome_QC_reads/12430_H3NJ2BCXX-1_R2p_fastqc.html
[2022-08-05 11:11:59,285] multiqc                                            [INFO   ]  Search path : /datasets/work/oa-amd/work/amd/Metagenome_QC_reads/12430_H3NJ2BCXX-1_R2p_fastqc.zip
[2022-08-05 11:11:59,285] multiqc                                            [INFO   ]  Search path : /datasets/work/oa-amd/work/amd/Metagenome_QC_reads/12430_H3NJ2BCXX-1_R2p.fastq.gz
[2022-08-05 11:11:59,285] multiqc                                            [INFO   ]  Search path : /datasets/work/oa-amd/work/amd/Metagenome_QC_reads/12430_QCreads.md5
[2022-08-05 11:11:59,543] multiqc                                            [DEBUG  ]  File ignored by ccs/v4 because it exceeded search pattern filesize limit: 12430_H3NJ2BCXX-1_merged_fastqc.html
[2022-08-05 11:11:59,563] multiqc                                            [DEBUG  ]  File ignored by hicexplorer because it exceeded search pattern filesize limit: 12430_H3NJ2BCXX-1_merged_fastqc.html
[2022-08-05 11:11:59,563] multiqc                                            [DEBUG  ]  File ignored by nanostat because it exceeded search pattern filesize limit: 12430_H3NJ2BCXX-1_merged_fastqc.html
[2022-08-05 11:11:59,563] multiqc                                            [DEBUG  ]  File ignored by lima/summary because it exceeded search pattern filesize limit: 12430_H3NJ2BCXX-1_merged_fastqc.html
[2022-08-05 11:11:59,582] multiqc                                            [DEBUG  ]  File ignored by vep/vep_txt because it exceeded search pattern filesize limit: 12430_H3NJ2BCXX-1_merged_fastqc.html
[2022-08-05 11:11:59,583] multiqc                                            [DEBUG  ]  File ignored by longranger/invocation because it exceeded search pattern filesize limit: 12430_H3NJ2BCXX-1_merged_fastqc.html
[2022-08-05 11:11:59,583] multiqc                                            [DEBUG  ]  File ignored by rockhopper because it exceeded search pattern filesize limit: 12430_H3NJ2BCXX-1_merged_fastqc.html
[2022-08-05 11:11:59,583] multiqc                                            [DEBUG  ]  File ignored by rseqc/bam_stat because it exceeded search pattern filesize limit: 12430_H3NJ2BCXX-1_merged_fastqc.html
[2022-08-05 11:11:59,583] multiqc                                            [DEBUG  ]  File ignored by rseqc/junction_annotation because it exceeded search pattern filesize limit: 12430_H3NJ2BCXX-1_merged_fastqc.html
[2022-08-05 11:11:59,583] multiqc                                            [DEBUG  ]  File ignored by rseqc/read_distribution because it exceeded search pattern filesize limit: 12430_H3NJ2BCXX-1_merged_fastqc.html
[2022-08-05 11:11:59,583] multiqc                                            [DEBUG  ]  File ignored by rseqc/infer_experiment because it exceeded search pattern filesize limit: 12430_H3NJ2BCXX-1_merged_fastqc.html
[2022-08-05 11:11:59,826] multiqc                                            [DEBUG  ]  Ignoring file as matched an ignore pattern: 12430_H3NJ2BCXX-1_merged.fastq.gz
[2022-08-05 11:12:00,091] multiqc                                            [DEBUG  ]  File ignored by ccs/v4 because it exceeded search pattern filesize limit: 12430_H3NJ2BCXX-1_R1p_fastqc.html
[2022-08-05 11:12:00,121] multiqc                                            [DEBUG  ]  File ignored by hicexplorer because it exceeded search pattern filesize limit: 12430_H3NJ2BCXX-1_R1p_fastqc.html
[2022-08-05 11:12:00,122] multiqc                                            [DEBUG  ]  File ignored by nanostat because it exceeded search pattern filesize limit: 12430_H3NJ2BCXX-1_R1p_fastqc.html
[2022-08-05 11:12:00,122] multiqc                                            [DEBUG  ]  File ignored by lima/summary because it exceeded search pattern filesize limit: 12430_H3NJ2BCXX-1_R1p_fastqc.html
[2022-08-05 11:12:00,139] multiqc                                            [DEBUG  ]  File ignored by vep/vep_txt because it exceeded search pattern filesize limit: 12430_H3NJ2BCXX-1_R1p_fastqc.html
[2022-08-05 11:12:00,139] multiqc                                            [DEBUG  ]  File ignored by longranger/invocation because it exceeded search pattern filesize limit: 12430_H3NJ2BCXX-1_R1p_fastqc.html
[2022-08-05 11:12:00,139] multiqc                                            [DEBUG  ]  File ignored by rockhopper because it exceeded search pattern filesize limit: 12430_H3NJ2BCXX-1_R1p_fastqc.html
[2022-08-05 11:12:00,139] multiqc                                            [DEBUG  ]  File ignored by rseqc/bam_stat because it exceeded search pattern filesize limit: 12430_H3NJ2BCXX-1_R1p_fastqc.html
[2022-08-05 11:12:00,139] multiqc                                            [DEBUG  ]  File ignored by rseqc/junction_annotation because it exceeded search pattern filesize limit: 12430_H3NJ2BCXX-1_R1p_fastqc.html
[2022-08-05 11:12:00,139] multiqc                                            [DEBUG  ]  File ignored by rseqc/read_distribution because it exceeded search pattern filesize limit: 12430_H3NJ2BCXX-1_R1p_fastqc.html
[2022-08-05 11:12:00,139] multiqc                                            [DEBUG  ]  File ignored by rseqc/infer_experiment because it exceeded search pattern filesize limit: 12430_H3NJ2BCXX-1_R1p_fastqc.html
[2022-08-05 11:12:00,464] multiqc                                            [DEBUG  ]  Ignoring file as matched an ignore pattern: 12430_H3NJ2BCXX-1_R1p.fastq.gz
[2022-08-05 11:12:01,394] multiqc                                            [DEBUG  ]  File ignored by ccs/v4 because it exceeded search pattern filesize limit: 12430_H3NJ2BCXX-1_R1R2u_fastqc.html
[2022-08-05 11:12:01,407] multiqc                                            [DEBUG  ]  File ignored by hicexplorer because it exceeded search pattern filesize limit: 12430_H3NJ2BCXX-1_R1R2u_fastqc.html
[2022-08-05 11:12:01,408] multiqc                                            [DEBUG  ]  File ignored by nanostat because it exceeded search pattern filesize limit: 12430_H3NJ2BCXX-1_R1R2u_fastqc.html
[2022-08-05 11:12:01,408] multiqc                                            [DEBUG  ]  File ignored by lima/summary because it exceeded search pattern filesize limit: 12430_H3NJ2BCXX-1_R1R2u_fastqc.html
[2022-08-05 11:12:01,862] multiqc                                            [DEBUG  ]  File ignored by vep/vep_txt because it exceeded search pattern filesize limit: 12430_H3NJ2BCXX-1_R1R2u_fastqc.html
[2022-08-05 11:12:01,862] multiqc                                            [DEBUG  ]  File ignored by longranger/invocation because it exceeded search pattern filesize limit: 12430_H3NJ2BCXX-1_R1R2u_fastqc.html
[2022-08-05 11:12:01,862] multiqc                                            [DEBUG  ]  File ignored by rockhopper because it exceeded search pattern filesize limit: 12430_H3NJ2BCXX-1_R1R2u_fastqc.html
[2022-08-05 11:12:01,862] multiqc                                            [DEBUG  ]  File ignored by rseqc/bam_stat because it exceeded search pattern filesize limit: 12430_H3NJ2BCXX-1_R1R2u_fastqc.html
[2022-08-05 11:12:01,862] multiqc                                            [DEBUG  ]  File ignored by rseqc/junction_annotation because it exceeded search pattern filesize limit: 12430_H3NJ2BCXX-1_R1R2u_fastqc.html
[2022-08-05 11:12:01,862] multiqc                                            [DEBUG  ]  File ignored by rseqc/read_distribution because it exceeded search pattern filesize limit: 12430_H3NJ2BCXX-1_R1R2u_fastqc.html
[2022-08-05 11:12:01,862] multiqc                                            [DEBUG  ]  File ignored by rseqc/infer_experiment because it exceeded search pattern filesize limit: 12430_H3NJ2BCXX-1_R1R2u_fastqc.html
[2022-08-05 11:12:02,150] multiqc                                            [DEBUG  ]  Ignoring file as matched an ignore pattern: 12430_H3NJ2BCXX-1_R1R2u.fastq.gz
[2022-08-05 11:12:02,225] multiqc                                            [DEBUG  ]  File ignored by ccs/v4 because it exceeded search pattern filesize limit: 12430_H3NJ2BCXX-1_R2p_fastqc.html
[2022-08-05 11:12:02,234] multiqc                                            [DEBUG  ]  File ignored by hicexplorer because it exceeded search pattern filesize limit: 12430_H3NJ2BCXX-1_R2p_fastqc.html
[2022-08-05 11:12:02,235] multiqc                                            [DEBUG  ]  File ignored by nanostat because it exceeded search pattern filesize limit: 12430_H3NJ2BCXX-1_R2p_fastqc.html
[2022-08-05 11:12:02,235] multiqc                                            [DEBUG  ]  File ignored by lima/summary because it exceeded search pattern filesize limit: 12430_H3NJ2BCXX-1_R2p_fastqc.html
[2022-08-05 11:12:02,252] multiqc                                            [DEBUG  ]  File ignored by vep/vep_txt because it exceeded search pattern filesize limit: 12430_H3NJ2BCXX-1_R2p_fastqc.html
[2022-08-05 11:12:02,252] multiqc                                            [DEBUG  ]  File ignored by longranger/invocation because it exceeded search pattern filesize limit: 12430_H3NJ2BCXX-1_R2p_fastqc.html
[2022-08-05 11:12:02,252] multiqc                                            [DEBUG  ]  File ignored by rockhopper because it exceeded search pattern filesize limit: 12430_H3NJ2BCXX-1_R2p_fastqc.html
[2022-08-05 11:12:02,252] multiqc                                            [DEBUG  ]  File ignored by rseqc/bam_stat because it exceeded search pattern filesize limit: 12430_H3NJ2BCXX-1_R2p_fastqc.html
[2022-08-05 11:12:02,252] multiqc                                            [DEBUG  ]  File ignored by rseqc/junction_annotation because it exceeded search pattern filesize limit: 12430_H3NJ2BCXX-1_R2p_fastqc.html
[2022-08-05 11:12:02,252] multiqc                                            [DEBUG  ]  File ignored by rseqc/read_distribution because it exceeded search pattern filesize limit: 12430_H3NJ2BCXX-1_R2p_fastqc.html
[2022-08-05 11:12:02,252] multiqc                                            [DEBUG  ]  File ignored by rseqc/infer_experiment because it exceeded search pattern filesize limit: 12430_H3NJ2BCXX-1_R2p_fastqc.html
[2022-08-05 11:12:02,549] multiqc                                            [DEBUG  ]  Ignoring file as matched an ignore pattern: 12430_H3NJ2BCXX-1_R2p.fastq.gz
[2022-08-05 11:12:02,642] multiqc                                            [DEBUG  ]  Ignoring file as matched an ignore pattern: 12430_QCreads.md5
[2022-08-05 11:12:04,318] multiqc.plots.bargraph                             [DEBUG  ]  Using matplotlib version 3.3.4
[2022-08-05 11:12:04,323] multiqc.plots.linegraph                            [DEBUG  ]  Using matplotlib version 3.3.4
[2022-08-05 11:12:04,326] multiqc                                            [DEBUG  ]  No samples found: custom_content
[2022-08-05 11:12:04,331] multiqc                                            [DEBUG  ]  No samples found: ccs
[2022-08-05 11:12:04,338] multiqc                                            [DEBUG  ]  No samples found: ngsderive
[2022-08-05 11:12:04,342] multiqc                                            [DEBUG  ]  No samples found: purple
[2022-08-05 11:12:04,347] multiqc                                            [DEBUG  ]  No samples found: conpair
[2022-08-05 11:12:04,352] multiqc                                            [DEBUG  ]  No samples found: lima
[2022-08-05 11:12:04,358] multiqc                                            [DEBUG  ]  No samples found: peddy
[2022-08-05 11:12:04,365] multiqc                                            [DEBUG  ]  No samples found: somalier
[2022-08-05 11:12:04,370] multiqc                                            [DEBUG  ]  No samples found: methylQA
[2022-08-05 11:12:04,379] multiqc.modules.mosdepth.mosdepth                  [DEBUG  ]  include_contigs: []
[2022-08-05 11:12:04,379] multiqc.modules.mosdepth.mosdepth                  [DEBUG  ]  exclude_contigs: []
[2022-08-05 11:12:04,379] multiqc                                            [DEBUG  ]  No samples found: mosdepth
[2022-08-05 11:12:04,383] multiqc                                            [DEBUG  ]  No samples found: phantompeakqualtools
[2022-08-05 11:12:04,387] multiqc                                            [DEBUG  ]  No samples found: qualimap
[2022-08-05 11:12:04,392] multiqc                                            [DEBUG  ]  No samples found: preseq
[2022-08-05 11:12:04,397] multiqc                                            [DEBUG  ]  No samples found: quast
[2022-08-05 11:12:04,402] multiqc                                            [DEBUG  ]  No samples found: qorts
[2022-08-05 11:12:04,407] multiqc                                            [DEBUG  ]  No samples found: rna_seqc
[2022-08-05 11:12:04,411] multiqc                                            [DEBUG  ]  No samples found: rockhopper
[2022-08-05 11:12:04,415] multiqc                                            [DEBUG  ]  No samples found: rsem
[2022-08-05 11:12:04,430] multiqc                                            [DEBUG  ]  No samples found: rseqc
[2022-08-05 11:12:04,434] multiqc                                            [DEBUG  ]  No samples found: busco
[2022-08-05 11:12:04,438] multiqc                                            [DEBUG  ]  No samples found: bustools
[2022-08-05 11:12:04,443] multiqc                                            [DEBUG  ]  No samples found: goleft_indexcov
[2022-08-05 11:12:04,448] multiqc                                            [DEBUG  ]  No samples found: gffcompare
[2022-08-05 11:12:04,452] multiqc                                            [DEBUG  ]  No samples found: disambiguate
[2022-08-05 11:12:04,457] multiqc                                            [DEBUG  ]  No samples found: supernova
[2022-08-05 11:12:04,473] multiqc                                            [DEBUG  ]  No samples found: deeptools
[2022-08-05 11:12:04,478] multiqc                                            [DEBUG  ]  No samples found: sargasso
[2022-08-05 11:12:04,482] multiqc                                            [DEBUG  ]  No samples found: verifybamid
[2022-08-05 11:12:04,488] multiqc                                            [DEBUG  ]  No samples found: mirtrace
[2022-08-05 11:12:04,493] multiqc                                            [DEBUG  ]  No samples found: happy
[2022-08-05 11:12:04,497] multiqc                                            [DEBUG  ]  No samples found: mirtop
[2022-08-05 11:12:04,502] multiqc                                            [DEBUG  ]  No samples found: sambamba
[2022-08-05 11:12:04,510] multiqc                                            [DEBUG  ]  No samples found: homer
[2022-08-05 11:12:04,514] multiqc                                            [DEBUG  ]  No samples found: hops
[2022-08-05 11:12:04,519] multiqc                                            [DEBUG  ]  No samples found: macs2
[2022-08-05 11:12:04,523] multiqc                                            [DEBUG  ]  No samples found: theta2
[2022-08-05 11:12:04,528] multiqc                                            [DEBUG  ]  No samples found: snpeff
[2022-08-05 11:12:04,536] multiqc                                            [DEBUG  ]  No samples found: gatk
[2022-08-05 11:12:04,541] multiqc                                            [DEBUG  ]  No samples found: htseq
[2022-08-05 11:12:04,548] multiqc                                            [DEBUG  ]  No samples found: bcftools
[2022-08-05 11:12:04,553] multiqc                                            [DEBUG  ]  No samples found: featureCounts
[2022-08-05 11:12:04,561] multiqc                                            [DEBUG  ]  No samples found: fgbio
[2022-08-05 11:12:04,578] multiqc                                            [DEBUG  ]  No samples found: dragen
[2022-08-05 11:12:04,583] multiqc                                            [DEBUG  ]  No samples found: dedup
[2022-08-05 11:12:04,587] multiqc                                            [DEBUG  ]  No samples found: damageprofiler
[2022-08-05 11:12:04,625] multiqc                                            [DEBUG  ]  No samples found: biobambam2
[2022-08-05 11:12:04,630] multiqc                                            [DEBUG  ]  No samples found: jcvi
[2022-08-05 11:12:04,634] multiqc                                            [DEBUG  ]  No samples found: mtnucratio
[2022-08-05 11:12:04,636] multiqc                                            [DEBUG  ]  No samples found: picard
[2022-08-05 11:12:04,642] multiqc                                            [DEBUG  ]  No samples found: vep
[2022-08-05 11:12:04,652] multiqc                                            [DEBUG  ]  No samples found: sentieon
[2022-08-05 11:12:04,657] multiqc                                            [DEBUG  ]  No samples found: prokka
[2022-08-05 11:12:04,665] multiqc                                            [DEBUG  ]  No samples found: qc3C
[2022-08-05 11:12:04,670] multiqc                                            [DEBUG  ]  No samples found: nanostat
[2022-08-05 11:12:04,674] multiqc                                            [DEBUG  ]  No samples found: samblaster
[2022-08-05 11:12:04,684] multiqc                                            [DEBUG  ]  No samples found: samtools
[2022-08-05 11:12:04,689] multiqc                                            [DEBUG  ]  No samples found: sexdeterrmine
[2022-08-05 11:12:04,693] multiqc                                            [DEBUG  ]  No samples found: eigenstratdatabasetools
[2022-08-05 11:12:04,698] multiqc                                            [DEBUG  ]  No samples found: bamtools
[2022-08-05 11:12:04,702] multiqc                                            [DEBUG  ]  No samples found: jellyfish
[2022-08-05 11:12:04,710] multiqc                                            [DEBUG  ]  No samples found: vcftools
[2022-08-05 11:12:04,717] multiqc                                            [DEBUG  ]  No samples found: longranger
[2022-08-05 11:12:04,723] multiqc                                            [DEBUG  ]  No samples found: stacks
[2022-08-05 11:12:04,728] multiqc                                            [DEBUG  ]  No samples found: varscan2
[2022-08-05 11:12:04,733] multiqc                                            [DEBUG  ]  No samples found: snippy
[2022-08-05 11:12:04,982] multiqc                                            [DEBUG  ]  No samples found: bbmap
[2022-08-05 11:12:04,988] multiqc                                            [DEBUG  ]  No samples found: bismark
[2022-08-05 11:12:04,996] multiqc                                            [DEBUG  ]  No samples found: biscuit
[2022-08-05 11:12:05,000] multiqc                                            [DEBUG  ]  No samples found: hicexplorer
[2022-08-05 11:12:05,005] multiqc                                            [DEBUG  ]  No samples found: hicup
[2022-08-05 11:12:05,010] multiqc                                            [DEBUG  ]  No samples found: hicpro
[2022-08-05 11:12:05,014] multiqc                                            [DEBUG  ]  No samples found: salmon
[2022-08-05 11:12:05,018] multiqc                                            [DEBUG  ]  No samples found: kallisto
[2022-08-05 11:12:05,024] multiqc                                            [DEBUG  ]  No samples found: slamdunk
[2022-08-05 11:12:05,029] multiqc                                            [DEBUG  ]  No samples found: star
[2022-08-05 11:12:05,033] multiqc                                            [DEBUG  ]  No samples found: hisat2
[2022-08-05 11:12:05,037] multiqc                                            [DEBUG  ]  No samples found: tophat
[2022-08-05 11:12:05,041] multiqc                                            [DEBUG  ]  No samples found: bowtie2
[2022-08-05 11:12:05,046] multiqc                                            [DEBUG  ]  No samples found: bowtie1
[2022-08-05 11:12:05,050] multiqc                                            [DEBUG  ]  No samples found: snpsplit
[2022-08-05 11:12:05,054] multiqc                                            [DEBUG  ]  No samples found: odgi
[2022-08-05 11:12:05,059] multiqc                                            [DEBUG  ]  No samples found: pangolin
[2022-08-05 11:12:05,063] multiqc                                            [DEBUG  ]  No samples found: kat
[2022-08-05 11:12:05,067] multiqc                                            [DEBUG  ]  No samples found: leehom
[2022-08-05 11:12:05,072] multiqc                                            [DEBUG  ]  No samples found: adapterRemoval
[2022-08-05 11:12:05,076] multiqc                                            [DEBUG  ]  No samples found: clipandmerge
[2022-08-05 11:12:05,080] multiqc                                            [DEBUG  ]  No samples found: cutadapt
[2022-08-05 11:12:05,084] multiqc                                            [DEBUG  ]  No samples found: flexbar
[2022-08-05 11:12:05,089] multiqc                                            [DEBUG  ]  No samples found: kaiju
[2022-08-05 11:12:05,094] multiqc                                            [DEBUG  ]  No samples found: kraken
[2022-08-05 11:12:05,098] multiqc                                            [DEBUG  ]  No samples found: malt
[2022-08-05 11:12:05,102] multiqc                                            [DEBUG  ]  No samples found: trimmomatic
[2022-08-05 11:12:05,106] multiqc                                            [DEBUG  ]  No samples found: sickle
[2022-08-05 11:12:05,110] multiqc                                            [DEBUG  ]  No samples found: skewer
[2022-08-05 11:12:05,114] multiqc                                            [DEBUG  ]  No samples found: sortmerna
[2022-08-05 11:12:05,118] multiqc                                            [DEBUG  ]  No samples found: biobloomtools
[2022-08-05 11:12:05,124] multiqc                                            [DEBUG  ]  No samples found: fastq_screen
[2022-08-05 11:12:05,128] multiqc                                            [DEBUG  ]  No samples found: afterqc
[2022-08-05 11:12:05,133] multiqc                                            [DEBUG  ]  No samples found: fastp
[2022-08-05 11:12:05,290] multiqc.modules.fastqc.fastqc                      [INFO   ]  Found 4 reports
[2022-08-05 11:12:05,372] multiqc                                            [DEBUG  ]  No samples found: pychopper
[2022-08-05 11:12:05,377] multiqc                                            [DEBUG  ]  No samples found: pycoqc
[2022-08-05 11:12:05,381] multiqc                                            [DEBUG  ]  No samples found: minionqc
[2022-08-05 11:12:05,386] multiqc                                            [DEBUG  ]  No samples found: multivcfanalyzer
[2022-08-05 11:12:05,391] multiqc                                            [DEBUG  ]  No samples found: clusterflow
[2022-08-05 11:12:05,396] multiqc                                            [DEBUG  ]  No samples found: bcl2fastq
[2022-08-05 11:12:05,403] multiqc                                            [DEBUG  ]  No samples found: bclconvert
[2022-08-05 11:12:05,408] multiqc                                            [DEBUG  ]  No samples found: interop
[2022-08-05 11:12:05,412] multiqc                                            [DEBUG  ]  No samples found: ivar
[2022-08-05 11:12:05,417] multiqc                                            [DEBUG  ]  No samples found: flash
[2022-08-05 11:12:05,421] multiqc                                            [DEBUG  ]  No samples found: seqyclean
[2022-08-05 11:12:05,424] multiqc                                            [DEBUG  ]  No samples found: optitype
[2022-08-05 11:12:05,429] multiqc                                            [INFO   ]  Compressing plot data
[2022-08-05 11:12:19,358] multiqc                                            [INFO   ]  Report      : 12430_MGSD_CSIRO.qc.stats/multiqc_report.html
[2022-08-05 11:12:19,359] multiqc                                            [INFO   ]  Data        : 12430_MGSD_CSIRO.qc.stats/multiqc_data
[2022-08-05 11:12:19,359] multiqc                                            [DEBUG  ]  Moving data file from '/tmp/smi9a9.8585974/tmpzuealag3/multiqc_data' to '12430_MGSD_CSIRO.qc.stats/multiqc_data'
[2022-08-05 11:12:21,768] multiqc                                            [INFO   ]  MultiQC complete
