[2022-08-05 11:09:55,060] multiqc                                            [DEBUG  ]  This is MultiQC v1.11
[2022-08-05 11:09:55,060] multiqc                                            [DEBUG  ]  No MultiQC config found: /apps/multiqc/1.11/lib/python3.9/site-packages/multiqc_config.yaml
[2022-08-05 11:09:55,060] multiqc                                            [DEBUG  ]  No MultiQC config found: /home/smi9a9/.multiqc_config.yaml
[2022-08-05 11:09:55,061] multiqc                                            [DEBUG  ]  No MultiQC config found: multiqc_config.yaml
[2022-08-05 11:09:55,061] multiqc                                            [DEBUG  ]  Command used: /apps/multiqc/1.11/bin/multiqc ./19491_combined_merged_fastqc.html ./19491_combined_merged_fastqc.zip ./19491_combined_merged.fastq.gz ./19491_combined_R1p_fastqc.html ./19491_combined_R1p_fastqc.zip ./19491_combined_R1p.fastq.gz ./19491_combined_R1R2u_fastqc.html ./19491_combined_R1R2u_fastqc.zip ./19491_combined_R1R2u.fastq.gz ./19491_combined_R2p_fastqc.html ./19491_combined_R2p_fastqc.zip ./19491_combined_R2p.fastq.gz ./19491_QCreads.md5 -o 19491_MGSD_CSIRO.qc.stats
[2022-08-05 11:09:55,063] multiqc                                            [DEBUG  ]  Could not connect to multiqc.info for version check: <urlopen error [Errno 111] Connection refused>
[2022-08-05 11:09:55,063] multiqc                                            [DEBUG  ]  Command     : /apps/multiqc/1.11/bin/multiqc ./19491_combined_merged_fastqc.html ./19491_combined_merged_fastqc.zip ./19491_combined_merged.fastq.gz ./19491_combined_R1p_fastqc.html ./19491_combined_R1p_fastqc.zip ./19491_combined_R1p.fastq.gz ./19491_combined_R1R2u_fastqc.html ./19491_combined_R1R2u_fastqc.zip ./19491_combined_R1R2u.fastq.gz ./19491_combined_R2p_fastqc.html ./19491_combined_R2p_fastqc.zip ./19491_combined_R2p.fastq.gz ./19491_QCreads.md5 -o 19491_MGSD_CSIRO.qc.stats
[2022-08-05 11:09:55,063] multiqc                                            [DEBUG  ]  Working dir : /datasets/work/oa-amd/work/amd/Metagenome_QC_reads
[2022-08-05 11:09:55,063] multiqc                                            [DEBUG  ]  Template    : default
[2022-08-05 11:09:55,063] multiqc                                            [DEBUG  ]  Running Python 3.9.4 (default, Apr 25 2021, 16:13:27)  [GCC 10.3.0]
[2022-08-05 11:09:55,063] multiqc                                            [DEBUG  ]  Analysing modules: custom_content, ccs, ngsderive, purple, conpair, lima, peddy, somalier, methylQA, mosdepth, phantompeakqualtools, qualimap, preseq, quast, qorts, rna_seqc, rockhopper, rsem, rseqc, busco, bustools, goleft_indexcov, gffcompare, disambiguate, supernova, deeptools, sargasso, verifybamid, mirtrace, happy, mirtop, sambamba, homer, hops, macs2, theta2, snpeff, gatk, htseq, bcftools, featureCounts, fgbio, dragen, dedup, damageprofiler, biobambam2, jcvi, mtnucratio, picard, vep, sentieon, prokka, qc3C, nanostat, samblaster, samtools, sexdeterrmine, eigenstratdatabasetools, bamtools, jellyfish, vcftools, longranger, stacks, varscan2, snippy, bbmap, bismark, biscuit, hicexplorer, hicup, hicpro, salmon, kallisto, slamdunk, star, hisat2, tophat, bowtie2, bowtie1, snpsplit, odgi, pangolin, kat, leehom, adapterRemoval, clipandmerge, cutadapt, flexbar, kaiju, kraken, malt, trimmomatic, sickle, skewer, sortmerna, biobloomtools, fastq_screen, afterqc, fastp, fastqc, pychopper, pycoqc, minionqc, multivcfanalyzer, clusterflow, bcl2fastq, bclconvert, interop, ivar, flash, seqyclean, optitype
[2022-08-05 11:09:55,064] multiqc                                            [DEBUG  ]  Using temporary directory for creating report: /tmp/smi9a9.8585819/tmpw9gk2vb_
[2022-08-05 11:09:55,129] multiqc                                            [INFO   ]  Search path : /datasets/work/oa-amd/work/amd/Metagenome_QC_reads/19491_combined_merged_fastqc.html
[2022-08-05 11:09:55,129] multiqc                                            [INFO   ]  Search path : /datasets/work/oa-amd/work/amd/Metagenome_QC_reads/19491_combined_merged_fastqc.zip
[2022-08-05 11:09:55,129] multiqc                                            [INFO   ]  Search path : /datasets/work/oa-amd/work/amd/Metagenome_QC_reads/19491_combined_merged.fastq.gz
[2022-08-05 11:09:55,129] multiqc                                            [INFO   ]  Search path : /datasets/work/oa-amd/work/amd/Metagenome_QC_reads/19491_combined_R1p_fastqc.html
[2022-08-05 11:09:55,129] multiqc                                            [INFO   ]  Search path : /datasets/work/oa-amd/work/amd/Metagenome_QC_reads/19491_combined_R1p_fastqc.zip
[2022-08-05 11:09:55,129] multiqc                                            [INFO   ]  Search path : /datasets/work/oa-amd/work/amd/Metagenome_QC_reads/19491_combined_R1p.fastq.gz
[2022-08-05 11:09:55,129] multiqc                                            [INFO   ]  Search path : /datasets/work/oa-amd/work/amd/Metagenome_QC_reads/19491_combined_R1R2u_fastqc.html
[2022-08-05 11:09:55,129] multiqc                                            [INFO   ]  Search path : /datasets/work/oa-amd/work/amd/Metagenome_QC_reads/19491_combined_R1R2u_fastqc.zip
[2022-08-05 11:09:55,129] multiqc                                            [INFO   ]  Search path : /datasets/work/oa-amd/work/amd/Metagenome_QC_reads/19491_combined_R1R2u.fastq.gz
[2022-08-05 11:09:55,129] multiqc                                            [INFO   ]  Search path : /datasets/work/oa-amd/work/amd/Metagenome_QC_reads/19491_combined_R2p_fastqc.html
[2022-08-05 11:09:55,129] multiqc                                            [INFO   ]  Search path : /datasets/work/oa-amd/work/amd/Metagenome_QC_reads/19491_combined_R2p_fastqc.zip
[2022-08-05 11:09:55,129] multiqc                                            [INFO   ]  Search path : /datasets/work/oa-amd/work/amd/Metagenome_QC_reads/19491_combined_R2p.fastq.gz
[2022-08-05 11:09:55,129] multiqc                                            [INFO   ]  Search path : /datasets/work/oa-amd/work/amd/Metagenome_QC_reads/19491_QCreads.md5
[2022-08-05 11:09:55,272] multiqc                                            [DEBUG  ]  File ignored by ccs/v4 because it exceeded search pattern filesize limit: 19491_combined_merged_fastqc.html
[2022-08-05 11:09:55,282] multiqc                                            [DEBUG  ]  File ignored by hicexplorer because it exceeded search pattern filesize limit: 19491_combined_merged_fastqc.html
[2022-08-05 11:09:55,283] multiqc                                            [DEBUG  ]  File ignored by nanostat because it exceeded search pattern filesize limit: 19491_combined_merged_fastqc.html
[2022-08-05 11:09:55,283] multiqc                                            [DEBUG  ]  File ignored by lima/summary because it exceeded search pattern filesize limit: 19491_combined_merged_fastqc.html
[2022-08-05 11:09:55,301] multiqc                                            [DEBUG  ]  File ignored by vep/vep_txt because it exceeded search pattern filesize limit: 19491_combined_merged_fastqc.html
[2022-08-05 11:09:55,301] multiqc                                            [DEBUG  ]  File ignored by longranger/invocation because it exceeded search pattern filesize limit: 19491_combined_merged_fastqc.html
[2022-08-05 11:09:55,301] multiqc                                            [DEBUG  ]  File ignored by rockhopper because it exceeded search pattern filesize limit: 19491_combined_merged_fastqc.html
[2022-08-05 11:09:55,301] multiqc                                            [DEBUG  ]  File ignored by rseqc/bam_stat because it exceeded search pattern filesize limit: 19491_combined_merged_fastqc.html
[2022-08-05 11:09:55,301] multiqc                                            [DEBUG  ]  File ignored by rseqc/junction_annotation because it exceeded search pattern filesize limit: 19491_combined_merged_fastqc.html
[2022-08-05 11:09:55,301] multiqc                                            [DEBUG  ]  File ignored by rseqc/read_distribution because it exceeded search pattern filesize limit: 19491_combined_merged_fastqc.html
[2022-08-05 11:09:55,301] multiqc                                            [DEBUG  ]  File ignored by rseqc/infer_experiment because it exceeded search pattern filesize limit: 19491_combined_merged_fastqc.html
[2022-08-05 11:09:55,383] multiqc                                            [DEBUG  ]  Ignoring file as matched an ignore pattern: 19491_combined_merged.fastq.gz
[2022-08-05 11:09:55,488] multiqc                                            [DEBUG  ]  File ignored by ccs/v4 because it exceeded search pattern filesize limit: 19491_combined_R1p_fastqc.html
[2022-08-05 11:09:55,500] multiqc                                            [DEBUG  ]  File ignored by hicexplorer because it exceeded search pattern filesize limit: 19491_combined_R1p_fastqc.html
[2022-08-05 11:09:55,503] multiqc                                            [DEBUG  ]  File ignored by nanostat because it exceeded search pattern filesize limit: 19491_combined_R1p_fastqc.html
[2022-08-05 11:09:55,503] multiqc                                            [DEBUG  ]  File ignored by lima/summary because it exceeded search pattern filesize limit: 19491_combined_R1p_fastqc.html
[2022-08-05 11:09:55,536] multiqc                                            [DEBUG  ]  File ignored by vep/vep_txt because it exceeded search pattern filesize limit: 19491_combined_R1p_fastqc.html
[2022-08-05 11:09:55,536] multiqc                                            [DEBUG  ]  File ignored by longranger/invocation because it exceeded search pattern filesize limit: 19491_combined_R1p_fastqc.html
[2022-08-05 11:09:55,536] multiqc                                            [DEBUG  ]  File ignored by rockhopper because it exceeded search pattern filesize limit: 19491_combined_R1p_fastqc.html
[2022-08-05 11:09:55,536] multiqc                                            [DEBUG  ]  File ignored by rseqc/bam_stat because it exceeded search pattern filesize limit: 19491_combined_R1p_fastqc.html
[2022-08-05 11:09:55,536] multiqc                                            [DEBUG  ]  File ignored by rseqc/junction_annotation because it exceeded search pattern filesize limit: 19491_combined_R1p_fastqc.html
[2022-08-05 11:09:55,536] multiqc                                            [DEBUG  ]  File ignored by rseqc/read_distribution because it exceeded search pattern filesize limit: 19491_combined_R1p_fastqc.html
[2022-08-05 11:09:55,537] multiqc                                            [DEBUG  ]  File ignored by rseqc/infer_experiment because it exceeded search pattern filesize limit: 19491_combined_R1p_fastqc.html
[2022-08-05 11:09:55,614] multiqc                                            [DEBUG  ]  Ignoring file as matched an ignore pattern: 19491_combined_R1p.fastq.gz
[2022-08-05 11:09:56,129] multiqc                                            [DEBUG  ]  File ignored by ccs/v4 because it exceeded search pattern filesize limit: 19491_combined_R1R2u_fastqc.html
[2022-08-05 11:09:56,163] multiqc                                            [DEBUG  ]  File ignored by hicexplorer because it exceeded search pattern filesize limit: 19491_combined_R1R2u_fastqc.html
[2022-08-05 11:09:56,164] multiqc                                            [DEBUG  ]  File ignored by nanostat because it exceeded search pattern filesize limit: 19491_combined_R1R2u_fastqc.html
[2022-08-05 11:09:56,164] multiqc                                            [DEBUG  ]  File ignored by lima/summary because it exceeded search pattern filesize limit: 19491_combined_R1R2u_fastqc.html
[2022-08-05 11:09:56,184] multiqc                                            [DEBUG  ]  File ignored by vep/vep_txt because it exceeded search pattern filesize limit: 19491_combined_R1R2u_fastqc.html
[2022-08-05 11:09:56,184] multiqc                                            [DEBUG  ]  File ignored by longranger/invocation because it exceeded search pattern filesize limit: 19491_combined_R1R2u_fastqc.html
[2022-08-05 11:09:56,184] multiqc                                            [DEBUG  ]  File ignored by rockhopper because it exceeded search pattern filesize limit: 19491_combined_R1R2u_fastqc.html
[2022-08-05 11:09:56,184] multiqc                                            [DEBUG  ]  File ignored by rseqc/bam_stat because it exceeded search pattern filesize limit: 19491_combined_R1R2u_fastqc.html
[2022-08-05 11:09:56,184] multiqc                                            [DEBUG  ]  File ignored by rseqc/junction_annotation because it exceeded search pattern filesize limit: 19491_combined_R1R2u_fastqc.html
[2022-08-05 11:09:56,184] multiqc                                            [DEBUG  ]  File ignored by rseqc/read_distribution because it exceeded search pattern filesize limit: 19491_combined_R1R2u_fastqc.html
[2022-08-05 11:09:56,184] multiqc                                            [DEBUG  ]  File ignored by rseqc/infer_experiment because it exceeded search pattern filesize limit: 19491_combined_R1R2u_fastqc.html
[2022-08-05 11:09:56,288] multiqc                                            [DEBUG  ]  Ignoring file as matched an ignore pattern: 19491_combined_R1R2u.fastq.gz
[2022-08-05 11:09:56,541] multiqc                                            [DEBUG  ]  File ignored by ccs/v4 because it exceeded search pattern filesize limit: 19491_combined_R2p_fastqc.html
[2022-08-05 11:09:56,548] multiqc                                            [DEBUG  ]  File ignored by hicexplorer because it exceeded search pattern filesize limit: 19491_combined_R2p_fastqc.html
[2022-08-05 11:09:56,549] multiqc                                            [DEBUG  ]  File ignored by nanostat because it exceeded search pattern filesize limit: 19491_combined_R2p_fastqc.html
[2022-08-05 11:09:56,549] multiqc                                            [DEBUG  ]  File ignored by lima/summary because it exceeded search pattern filesize limit: 19491_combined_R2p_fastqc.html
[2022-08-05 11:09:56,562] multiqc                                            [DEBUG  ]  File ignored by vep/vep_txt because it exceeded search pattern filesize limit: 19491_combined_R2p_fastqc.html
[2022-08-05 11:09:56,563] multiqc                                            [DEBUG  ]  File ignored by longranger/invocation because it exceeded search pattern filesize limit: 19491_combined_R2p_fastqc.html
[2022-08-05 11:09:56,563] multiqc                                            [DEBUG  ]  File ignored by rockhopper because it exceeded search pattern filesize limit: 19491_combined_R2p_fastqc.html
[2022-08-05 11:09:56,563] multiqc                                            [DEBUG  ]  File ignored by rseqc/bam_stat because it exceeded search pattern filesize limit: 19491_combined_R2p_fastqc.html
[2022-08-05 11:09:56,563] multiqc                                            [DEBUG  ]  File ignored by rseqc/junction_annotation because it exceeded search pattern filesize limit: 19491_combined_R2p_fastqc.html
[2022-08-05 11:09:56,563] multiqc                                            [DEBUG  ]  File ignored by rseqc/read_distribution because it exceeded search pattern filesize limit: 19491_combined_R2p_fastqc.html
[2022-08-05 11:09:56,563] multiqc                                            [DEBUG  ]  File ignored by rseqc/infer_experiment because it exceeded search pattern filesize limit: 19491_combined_R2p_fastqc.html
[2022-08-05 11:09:56,637] multiqc                                            [DEBUG  ]  Ignoring file as matched an ignore pattern: 19491_combined_R2p.fastq.gz
[2022-08-05 11:09:56,637] multiqc                                            [DEBUG  ]  Ignoring file as matched an ignore pattern: 19491_QCreads.md5
[2022-08-05 11:09:59,044] multiqc.plots.bargraph                             [DEBUG  ]  Using matplotlib version 3.3.4
[2022-08-05 11:09:59,048] multiqc.plots.linegraph                            [DEBUG  ]  Using matplotlib version 3.3.4
[2022-08-05 11:09:59,051] multiqc                                            [DEBUG  ]  No samples found: custom_content
[2022-08-05 11:09:59,056] multiqc                                            [DEBUG  ]  No samples found: ccs
[2022-08-05 11:09:59,062] multiqc                                            [DEBUG  ]  No samples found: ngsderive
[2022-08-05 11:09:59,067] multiqc                                            [DEBUG  ]  No samples found: purple
[2022-08-05 11:09:59,072] multiqc                                            [DEBUG  ]  No samples found: conpair
[2022-08-05 11:09:59,076] multiqc                                            [DEBUG  ]  No samples found: lima
[2022-08-05 11:09:59,081] multiqc                                            [DEBUG  ]  No samples found: peddy
[2022-08-05 11:09:59,087] multiqc                                            [DEBUG  ]  No samples found: somalier
[2022-08-05 11:09:59,091] multiqc                                            [DEBUG  ]  No samples found: methylQA
[2022-08-05 11:09:59,100] multiqc.modules.mosdepth.mosdepth                  [DEBUG  ]  include_contigs: []
[2022-08-05 11:09:59,100] multiqc.modules.mosdepth.mosdepth                  [DEBUG  ]  exclude_contigs: []
[2022-08-05 11:09:59,100] multiqc                                            [DEBUG  ]  No samples found: mosdepth
[2022-08-05 11:09:59,104] multiqc                                            [DEBUG  ]  No samples found: phantompeakqualtools
[2022-08-05 11:09:59,108] multiqc                                            [DEBUG  ]  No samples found: qualimap
[2022-08-05 11:09:59,343] multiqc                                            [DEBUG  ]  No samples found: preseq
[2022-08-05 11:09:59,348] multiqc                                            [DEBUG  ]  No samples found: quast
[2022-08-05 11:09:59,353] multiqc                                            [DEBUG  ]  No samples found: qorts
[2022-08-05 11:09:59,358] multiqc                                            [DEBUG  ]  No samples found: rna_seqc
[2022-08-05 11:09:59,593] multiqc                                            [DEBUG  ]  No samples found: rockhopper
[2022-08-05 11:09:59,597] multiqc                                            [DEBUG  ]  No samples found: rsem
[2022-08-05 11:09:59,612] multiqc                                            [DEBUG  ]  No samples found: rseqc
[2022-08-05 11:09:59,616] multiqc                                            [DEBUG  ]  No samples found: busco
[2022-08-05 11:09:59,621] multiqc                                            [DEBUG  ]  No samples found: bustools
[2022-08-05 11:09:59,626] multiqc                                            [DEBUG  ]  No samples found: goleft_indexcov
[2022-08-05 11:09:59,630] multiqc                                            [DEBUG  ]  No samples found: gffcompare
[2022-08-05 11:09:59,634] multiqc                                            [DEBUG  ]  No samples found: disambiguate
[2022-08-05 11:09:59,640] multiqc                                            [DEBUG  ]  No samples found: supernova
[2022-08-05 11:09:59,886] multiqc                                            [DEBUG  ]  No samples found: deeptools
[2022-08-05 11:09:59,890] multiqc                                            [DEBUG  ]  No samples found: sargasso
[2022-08-05 11:09:59,895] multiqc                                            [DEBUG  ]  No samples found: verifybamid
[2022-08-05 11:09:59,900] multiqc                                            [DEBUG  ]  No samples found: mirtrace
[2022-08-05 11:09:59,904] multiqc                                            [DEBUG  ]  No samples found: happy
[2022-08-05 11:09:59,909] multiqc                                            [DEBUG  ]  No samples found: mirtop
[2022-08-05 11:09:59,913] multiqc                                            [DEBUG  ]  No samples found: sambamba
[2022-08-05 11:09:59,921] multiqc                                            [DEBUG  ]  No samples found: homer
[2022-08-05 11:09:59,925] multiqc                                            [DEBUG  ]  No samples found: hops
[2022-08-05 11:09:59,929] multiqc                                            [DEBUG  ]  No samples found: macs2
[2022-08-05 11:09:59,933] multiqc                                            [DEBUG  ]  No samples found: theta2
[2022-08-05 11:09:59,938] multiqc                                            [DEBUG  ]  No samples found: snpeff
[2022-08-05 11:10:00,178] multiqc                                            [DEBUG  ]  No samples found: gatk
[2022-08-05 11:10:00,642] multiqc                                            [DEBUG  ]  No samples found: htseq
[2022-08-05 11:10:00,648] multiqc                                            [DEBUG  ]  No samples found: bcftools
[2022-08-05 11:10:00,653] multiqc                                            [DEBUG  ]  No samples found: featureCounts
[2022-08-05 11:10:00,660] multiqc                                            [DEBUG  ]  No samples found: fgbio
[2022-08-05 11:10:00,676] multiqc                                            [DEBUG  ]  No samples found: dragen
[2022-08-05 11:10:00,680] multiqc                                            [DEBUG  ]  No samples found: dedup
[2022-08-05 11:10:00,685] multiqc                                            [DEBUG  ]  No samples found: damageprofiler
[2022-08-05 11:10:00,722] multiqc                                            [DEBUG  ]  No samples found: biobambam2
[2022-08-05 11:10:00,728] multiqc                                            [DEBUG  ]  No samples found: jcvi
[2022-08-05 11:10:00,732] multiqc                                            [DEBUG  ]  No samples found: mtnucratio
[2022-08-05 11:10:00,734] multiqc                                            [DEBUG  ]  No samples found: picard
[2022-08-05 11:10:00,739] multiqc                                            [DEBUG  ]  No samples found: vep
[2022-08-05 11:10:00,748] multiqc                                            [DEBUG  ]  No samples found: sentieon
[2022-08-05 11:10:00,752] multiqc                                            [DEBUG  ]  No samples found: prokka
[2022-08-05 11:10:00,759] multiqc                                            [DEBUG  ]  No samples found: qc3C
[2022-08-05 11:10:00,764] multiqc                                            [DEBUG  ]  No samples found: nanostat
[2022-08-05 11:10:00,768] multiqc                                            [DEBUG  ]  No samples found: samblaster
[2022-08-05 11:10:00,778] multiqc                                            [DEBUG  ]  No samples found: samtools
[2022-08-05 11:10:00,782] multiqc                                            [DEBUG  ]  No samples found: sexdeterrmine
[2022-08-05 11:10:00,786] multiqc                                            [DEBUG  ]  No samples found: eigenstratdatabasetools
[2022-08-05 11:10:00,792] multiqc                                            [DEBUG  ]  No samples found: bamtools
[2022-08-05 11:10:00,795] multiqc                                            [DEBUG  ]  No samples found: jellyfish
[2022-08-05 11:10:00,802] multiqc                                            [DEBUG  ]  No samples found: vcftools
[2022-08-05 11:10:00,808] multiqc                                            [DEBUG  ]  No samples found: longranger
[2022-08-05 11:10:00,814] multiqc                                            [DEBUG  ]  No samples found: stacks
[2022-08-05 11:10:00,818] multiqc                                            [DEBUG  ]  No samples found: varscan2
[2022-08-05 11:10:00,822] multiqc                                            [DEBUG  ]  No samples found: snippy
[2022-08-05 11:10:00,838] multiqc                                            [DEBUG  ]  No samples found: bbmap
[2022-08-05 11:10:00,844] multiqc                                            [DEBUG  ]  No samples found: bismark
[2022-08-05 11:10:00,852] multiqc                                            [DEBUG  ]  No samples found: biscuit
[2022-08-05 11:10:00,856] multiqc                                            [DEBUG  ]  No samples found: hicexplorer
[2022-08-05 11:10:00,861] multiqc                                            [DEBUG  ]  No samples found: hicup
[2022-08-05 11:10:00,866] multiqc                                            [DEBUG  ]  No samples found: hicpro
[2022-08-05 11:10:00,870] multiqc                                            [DEBUG  ]  No samples found: salmon
[2022-08-05 11:10:00,874] multiqc                                            [DEBUG  ]  No samples found: kallisto
[2022-08-05 11:10:00,880] multiqc                                            [DEBUG  ]  No samples found: slamdunk
[2022-08-05 11:10:01,116] multiqc                                            [DEBUG  ]  No samples found: star
[2022-08-05 11:10:01,121] multiqc                                            [DEBUG  ]  No samples found: hisat2
[2022-08-05 11:10:01,125] multiqc                                            [DEBUG  ]  No samples found: tophat
[2022-08-05 11:10:01,130] multiqc                                            [DEBUG  ]  No samples found: bowtie2
[2022-08-05 11:10:01,134] multiqc                                            [DEBUG  ]  No samples found: bowtie1
[2022-08-05 11:10:01,139] multiqc                                            [DEBUG  ]  No samples found: snpsplit
[2022-08-05 11:10:01,143] multiqc                                            [DEBUG  ]  No samples found: odgi
[2022-08-05 11:10:01,147] multiqc                                            [DEBUG  ]  No samples found: pangolin
[2022-08-05 11:10:01,152] multiqc                                            [DEBUG  ]  No samples found: kat
[2022-08-05 11:10:01,155] multiqc                                            [DEBUG  ]  No samples found: leehom
[2022-08-05 11:10:01,160] multiqc                                            [DEBUG  ]  No samples found: adapterRemoval
[2022-08-05 11:10:01,164] multiqc                                            [DEBUG  ]  No samples found: clipandmerge
[2022-08-05 11:10:01,169] multiqc                                            [DEBUG  ]  No samples found: cutadapt
[2022-08-05 11:10:01,173] multiqc                                            [DEBUG  ]  No samples found: flexbar
[2022-08-05 11:10:01,179] multiqc                                            [DEBUG  ]  No samples found: kaiju
[2022-08-05 11:10:01,185] multiqc                                            [DEBUG  ]  No samples found: kraken
[2022-08-05 11:10:01,189] multiqc                                            [DEBUG  ]  No samples found: malt
[2022-08-05 11:10:01,194] multiqc                                            [DEBUG  ]  No samples found: trimmomatic
[2022-08-05 11:10:01,198] multiqc                                            [DEBUG  ]  No samples found: sickle
[2022-08-05 11:10:01,202] multiqc                                            [DEBUG  ]  No samples found: skewer
[2022-08-05 11:10:01,206] multiqc                                            [DEBUG  ]  No samples found: sortmerna
[2022-08-05 11:10:01,210] multiqc                                            [DEBUG  ]  No samples found: biobloomtools
[2022-08-05 11:10:01,215] multiqc                                            [DEBUG  ]  No samples found: fastq_screen
[2022-08-05 11:10:01,219] multiqc                                            [DEBUG  ]  No samples found: afterqc
[2022-08-05 11:10:01,225] multiqc                                            [DEBUG  ]  No samples found: fastp
[2022-08-05 11:10:01,374] multiqc.modules.fastqc.fastqc                      [INFO   ]  Found 4 reports
[2022-08-05 11:10:01,421] multiqc                                            [DEBUG  ]  No samples found: pychopper
[2022-08-05 11:10:01,664] multiqc                                            [DEBUG  ]  No samples found: pycoqc
[2022-08-05 11:10:01,669] multiqc                                            [DEBUG  ]  No samples found: minionqc
[2022-08-05 11:10:01,673] multiqc                                            [DEBUG  ]  No samples found: multivcfanalyzer
[2022-08-05 11:10:01,678] multiqc                                            [DEBUG  ]  No samples found: clusterflow
[2022-08-05 11:10:01,684] multiqc                                            [DEBUG  ]  No samples found: bcl2fastq
[2022-08-05 11:10:01,691] multiqc                                            [DEBUG  ]  No samples found: bclconvert
[2022-08-05 11:10:01,696] multiqc                                            [DEBUG  ]  No samples found: interop
[2022-08-05 11:10:01,700] multiqc                                            [DEBUG  ]  No samples found: ivar
[2022-08-05 11:10:01,705] multiqc                                            [DEBUG  ]  No samples found: flash
[2022-08-05 11:10:01,710] multiqc                                            [DEBUG  ]  No samples found: seqyclean
[2022-08-05 11:10:01,714] multiqc                                            [DEBUG  ]  No samples found: optitype
[2022-08-05 11:10:01,718] multiqc                                            [INFO   ]  Compressing plot data
[2022-08-05 11:10:01,807] multiqc                                            [INFO   ]  Report      : 19491_MGSD_CSIRO.qc.stats/multiqc_report.html
[2022-08-05 11:10:01,807] multiqc                                            [INFO   ]  Data        : 19491_MGSD_CSIRO.qc.stats/multiqc_data
[2022-08-05 11:10:01,807] multiqc                                            [DEBUG  ]  Moving data file from '/tmp/smi9a9.8585819/tmpw9gk2vb_/multiqc_data' to '19491_MGSD_CSIRO.qc.stats/multiqc_data'
[2022-08-05 11:10:02,059] multiqc                                            [INFO   ]  MultiQC complete
