[2022-08-05 11:04:00,168] multiqc                                            [DEBUG  ]  This is MultiQC v1.11
[2022-08-05 11:04:00,168] multiqc                                            [DEBUG  ]  No MultiQC config found: /apps/multiqc/1.11/lib/python3.9/site-packages/multiqc_config.yaml
[2022-08-05 11:04:00,169] multiqc                                            [DEBUG  ]  No MultiQC config found: /home/smi9a9/.multiqc_config.yaml
[2022-08-05 11:04:00,169] multiqc                                            [DEBUG  ]  No MultiQC config found: multiqc_config.yaml
[2022-08-05 11:04:00,170] multiqc                                            [DEBUG  ]  Command used: /apps/multiqc/1.11/bin/multiqc ./15871_combined_merged_fastqc.html ./15871_combined_merged_fastqc.zip ./15871_combined_merged.fastq.gz ./15871_combined_R1p_fastqc.html ./15871_combined_R1p_fastqc.zip ./15871_combined_R1p.fastq.gz ./15871_combined_R1R2u_fastqc.html ./15871_combined_R1R2u_fastqc.zip ./15871_combined_R1R2u.fastq.gz ./15871_combined_R2p_fastqc.html ./15871_combined_R2p_fastqc.zip ./15871_combined_R2p.fastq.gz ./15871_QCreads.md5 -o 15871_MGSD_CSIRO.qc.stats
[2022-08-05 11:04:00,172] multiqc                                            [DEBUG  ]  Could not connect to multiqc.info for version check: <urlopen error [Errno 111] Connection refused>
[2022-08-05 11:04:00,172] multiqc                                            [DEBUG  ]  Command     : /apps/multiqc/1.11/bin/multiqc ./15871_combined_merged_fastqc.html ./15871_combined_merged_fastqc.zip ./15871_combined_merged.fastq.gz ./15871_combined_R1p_fastqc.html ./15871_combined_R1p_fastqc.zip ./15871_combined_R1p.fastq.gz ./15871_combined_R1R2u_fastqc.html ./15871_combined_R1R2u_fastqc.zip ./15871_combined_R1R2u.fastq.gz ./15871_combined_R2p_fastqc.html ./15871_combined_R2p_fastqc.zip ./15871_combined_R2p.fastq.gz ./15871_QCreads.md5 -o 15871_MGSD_CSIRO.qc.stats
[2022-08-05 11:04:00,172] multiqc                                            [DEBUG  ]  Working dir : /datasets/work/oa-amd/work/amd/Metagenome_QC_reads
[2022-08-05 11:04:00,172] multiqc                                            [DEBUG  ]  Template    : default
[2022-08-05 11:04:00,172] multiqc                                            [DEBUG  ]  Running Python 3.9.4 (default, Apr 25 2021, 16:13:27)  [GCC 10.3.0]
[2022-08-05 11:04:00,172] multiqc                                            [DEBUG  ]  Analysing modules: custom_content, ccs, ngsderive, purple, conpair, lima, peddy, somalier, methylQA, mosdepth, phantompeakqualtools, qualimap, preseq, quast, qorts, rna_seqc, rockhopper, rsem, rseqc, busco, bustools, goleft_indexcov, gffcompare, disambiguate, supernova, deeptools, sargasso, verifybamid, mirtrace, happy, mirtop, sambamba, homer, hops, macs2, theta2, snpeff, gatk, htseq, bcftools, featureCounts, fgbio, dragen, dedup, damageprofiler, biobambam2, jcvi, mtnucratio, picard, vep, sentieon, prokka, qc3C, nanostat, samblaster, samtools, sexdeterrmine, eigenstratdatabasetools, bamtools, jellyfish, vcftools, longranger, stacks, varscan2, snippy, bbmap, bismark, biscuit, hicexplorer, hicup, hicpro, salmon, kallisto, slamdunk, star, hisat2, tophat, bowtie2, bowtie1, snpsplit, odgi, pangolin, kat, leehom, adapterRemoval, clipandmerge, cutadapt, flexbar, kaiju, kraken, malt, trimmomatic, sickle, skewer, sortmerna, biobloomtools, fastq_screen, afterqc, fastp, fastqc, pychopper, pycoqc, minionqc, multivcfanalyzer, clusterflow, bcl2fastq, bclconvert, interop, ivar, flash, seqyclean, optitype
[2022-08-05 11:04:00,172] multiqc                                            [DEBUG  ]  Using temporary directory for creating report: /tmp/smi9a9.8584613/tmp58yeh3nb
[2022-08-05 11:04:01,027] multiqc                                            [INFO   ]  Search path : /datasets/work/oa-amd/work/amd/Metagenome_QC_reads/15871_combined_merged_fastqc.html
[2022-08-05 11:04:01,027] multiqc                                            [INFO   ]  Search path : /datasets/work/oa-amd/work/amd/Metagenome_QC_reads/15871_combined_merged_fastqc.zip
[2022-08-05 11:04:01,027] multiqc                                            [INFO   ]  Search path : /datasets/work/oa-amd/work/amd/Metagenome_QC_reads/15871_combined_merged.fastq.gz
[2022-08-05 11:04:01,027] multiqc                                            [INFO   ]  Search path : /datasets/work/oa-amd/work/amd/Metagenome_QC_reads/15871_combined_R1p_fastqc.html
[2022-08-05 11:04:01,027] multiqc                                            [INFO   ]  Search path : /datasets/work/oa-amd/work/amd/Metagenome_QC_reads/15871_combined_R1p_fastqc.zip
[2022-08-05 11:04:01,027] multiqc                                            [INFO   ]  Search path : /datasets/work/oa-amd/work/amd/Metagenome_QC_reads/15871_combined_R1p.fastq.gz
[2022-08-05 11:04:01,027] multiqc                                            [INFO   ]  Search path : /datasets/work/oa-amd/work/amd/Metagenome_QC_reads/15871_combined_R1R2u_fastqc.html
[2022-08-05 11:04:01,028] multiqc                                            [INFO   ]  Search path : /datasets/work/oa-amd/work/amd/Metagenome_QC_reads/15871_combined_R1R2u_fastqc.zip
[2022-08-05 11:04:01,028] multiqc                                            [INFO   ]  Search path : /datasets/work/oa-amd/work/amd/Metagenome_QC_reads/15871_combined_R1R2u.fastq.gz
[2022-08-05 11:04:01,028] multiqc                                            [INFO   ]  Search path : /datasets/work/oa-amd/work/amd/Metagenome_QC_reads/15871_combined_R2p_fastqc.html
[2022-08-05 11:04:01,028] multiqc                                            [INFO   ]  Search path : /datasets/work/oa-amd/work/amd/Metagenome_QC_reads/15871_combined_R2p_fastqc.zip
[2022-08-05 11:04:01,028] multiqc                                            [INFO   ]  Search path : /datasets/work/oa-amd/work/amd/Metagenome_QC_reads/15871_combined_R2p.fastq.gz
[2022-08-05 11:04:01,028] multiqc                                            [INFO   ]  Search path : /datasets/work/oa-amd/work/amd/Metagenome_QC_reads/15871_QCreads.md5
[2022-08-05 11:04:01,103] multiqc                                            [DEBUG  ]  File ignored by ccs/v4 because it exceeded search pattern filesize limit: 15871_combined_merged_fastqc.html
[2022-08-05 11:04:01,112] multiqc                                            [DEBUG  ]  File ignored by hicexplorer because it exceeded search pattern filesize limit: 15871_combined_merged_fastqc.html
[2022-08-05 11:04:01,113] multiqc                                            [DEBUG  ]  File ignored by nanostat because it exceeded search pattern filesize limit: 15871_combined_merged_fastqc.html
[2022-08-05 11:04:01,113] multiqc                                            [DEBUG  ]  File ignored by lima/summary because it exceeded search pattern filesize limit: 15871_combined_merged_fastqc.html
[2022-08-05 11:04:01,361] multiqc                                            [DEBUG  ]  File ignored by vep/vep_txt because it exceeded search pattern filesize limit: 15871_combined_merged_fastqc.html
[2022-08-05 11:04:01,361] multiqc                                            [DEBUG  ]  File ignored by longranger/invocation because it exceeded search pattern filesize limit: 15871_combined_merged_fastqc.html
[2022-08-05 11:04:01,361] multiqc                                            [DEBUG  ]  File ignored by rockhopper because it exceeded search pattern filesize limit: 15871_combined_merged_fastqc.html
[2022-08-05 11:04:01,361] multiqc                                            [DEBUG  ]  File ignored by rseqc/bam_stat because it exceeded search pattern filesize limit: 15871_combined_merged_fastqc.html
[2022-08-05 11:04:01,361] multiqc                                            [DEBUG  ]  File ignored by rseqc/junction_annotation because it exceeded search pattern filesize limit: 15871_combined_merged_fastqc.html
[2022-08-05 11:04:01,362] multiqc                                            [DEBUG  ]  File ignored by rseqc/read_distribution because it exceeded search pattern filesize limit: 15871_combined_merged_fastqc.html
[2022-08-05 11:04:01,362] multiqc                                            [DEBUG  ]  File ignored by rseqc/infer_experiment because it exceeded search pattern filesize limit: 15871_combined_merged_fastqc.html
[2022-08-05 11:04:01,464] multiqc                                            [DEBUG  ]  Ignoring file as matched an ignore pattern: 15871_combined_merged.fastq.gz
[2022-08-05 11:04:01,655] multiqc                                            [DEBUG  ]  File ignored by ccs/v4 because it exceeded search pattern filesize limit: 15871_combined_R1p_fastqc.html
[2022-08-05 11:04:01,744] multiqc                                            [DEBUG  ]  File ignored by hicexplorer because it exceeded search pattern filesize limit: 15871_combined_R1p_fastqc.html
[2022-08-05 11:04:01,745] multiqc                                            [DEBUG  ]  File ignored by nanostat because it exceeded search pattern filesize limit: 15871_combined_R1p_fastqc.html
[2022-08-05 11:04:01,745] multiqc                                            [DEBUG  ]  File ignored by lima/summary because it exceeded search pattern filesize limit: 15871_combined_R1p_fastqc.html
[2022-08-05 11:04:01,763] multiqc                                            [DEBUG  ]  File ignored by vep/vep_txt because it exceeded search pattern filesize limit: 15871_combined_R1p_fastqc.html
[2022-08-05 11:04:01,764] multiqc                                            [DEBUG  ]  File ignored by longranger/invocation because it exceeded search pattern filesize limit: 15871_combined_R1p_fastqc.html
[2022-08-05 11:04:01,764] multiqc                                            [DEBUG  ]  File ignored by rockhopper because it exceeded search pattern filesize limit: 15871_combined_R1p_fastqc.html
[2022-08-05 11:04:01,764] multiqc                                            [DEBUG  ]  File ignored by rseqc/bam_stat because it exceeded search pattern filesize limit: 15871_combined_R1p_fastqc.html
[2022-08-05 11:04:01,764] multiqc                                            [DEBUG  ]  File ignored by rseqc/junction_annotation because it exceeded search pattern filesize limit: 15871_combined_R1p_fastqc.html
[2022-08-05 11:04:01,764] multiqc                                            [DEBUG  ]  File ignored by rseqc/read_distribution because it exceeded search pattern filesize limit: 15871_combined_R1p_fastqc.html
[2022-08-05 11:04:01,764] multiqc                                            [DEBUG  ]  File ignored by rseqc/infer_experiment because it exceeded search pattern filesize limit: 15871_combined_R1p_fastqc.html
[2022-08-05 11:04:01,880] multiqc                                            [DEBUG  ]  Ignoring file as matched an ignore pattern: 15871_combined_R1p.fastq.gz
[2022-08-05 11:04:03,717] multiqc                                            [DEBUG  ]  File ignored by ccs/v4 because it exceeded search pattern filesize limit: 15871_combined_R1R2u_fastqc.html
[2022-08-05 11:04:03,728] multiqc                                            [DEBUG  ]  File ignored by hicexplorer because it exceeded search pattern filesize limit: 15871_combined_R1R2u_fastqc.html
[2022-08-05 11:04:03,729] multiqc                                            [DEBUG  ]  File ignored by nanostat because it exceeded search pattern filesize limit: 15871_combined_R1R2u_fastqc.html
[2022-08-05 11:04:03,729] multiqc                                            [DEBUG  ]  File ignored by lima/summary because it exceeded search pattern filesize limit: 15871_combined_R1R2u_fastqc.html
[2022-08-05 11:04:03,754] multiqc                                            [DEBUG  ]  File ignored by vep/vep_txt because it exceeded search pattern filesize limit: 15871_combined_R1R2u_fastqc.html
[2022-08-05 11:04:03,754] multiqc                                            [DEBUG  ]  File ignored by longranger/invocation because it exceeded search pattern filesize limit: 15871_combined_R1R2u_fastqc.html
[2022-08-05 11:04:03,754] multiqc                                            [DEBUG  ]  File ignored by rockhopper because it exceeded search pattern filesize limit: 15871_combined_R1R2u_fastqc.html
[2022-08-05 11:04:03,754] multiqc                                            [DEBUG  ]  File ignored by rseqc/bam_stat because it exceeded search pattern filesize limit: 15871_combined_R1R2u_fastqc.html
[2022-08-05 11:04:03,754] multiqc                                            [DEBUG  ]  File ignored by rseqc/junction_annotation because it exceeded search pattern filesize limit: 15871_combined_R1R2u_fastqc.html
[2022-08-05 11:04:03,754] multiqc                                            [DEBUG  ]  File ignored by rseqc/read_distribution because it exceeded search pattern filesize limit: 15871_combined_R1R2u_fastqc.html
[2022-08-05 11:04:03,754] multiqc                                            [DEBUG  ]  File ignored by rseqc/infer_experiment because it exceeded search pattern filesize limit: 15871_combined_R1R2u_fastqc.html
[2022-08-05 11:04:04,015] multiqc                                            [DEBUG  ]  Ignoring file as matched an ignore pattern: 15871_combined_R1R2u.fastq.gz
[2022-08-05 11:04:04,504] multiqc                                            [DEBUG  ]  File ignored by ccs/v4 because it exceeded search pattern filesize limit: 15871_combined_R2p_fastqc.html
[2022-08-05 11:04:04,794] multiqc                                            [DEBUG  ]  File ignored by hicexplorer because it exceeded search pattern filesize limit: 15871_combined_R2p_fastqc.html
[2022-08-05 11:04:05,046] multiqc                                            [DEBUG  ]  File ignored by nanostat because it exceeded search pattern filesize limit: 15871_combined_R2p_fastqc.html
[2022-08-05 11:04:05,046] multiqc                                            [DEBUG  ]  File ignored by lima/summary because it exceeded search pattern filesize limit: 15871_combined_R2p_fastqc.html
[2022-08-05 11:04:05,064] multiqc                                            [DEBUG  ]  File ignored by vep/vep_txt because it exceeded search pattern filesize limit: 15871_combined_R2p_fastqc.html
[2022-08-05 11:04:05,064] multiqc                                            [DEBUG  ]  File ignored by longranger/invocation because it exceeded search pattern filesize limit: 15871_combined_R2p_fastqc.html
[2022-08-05 11:04:05,064] multiqc                                            [DEBUG  ]  File ignored by rockhopper because it exceeded search pattern filesize limit: 15871_combined_R2p_fastqc.html
[2022-08-05 11:04:05,064] multiqc                                            [DEBUG  ]  File ignored by rseqc/bam_stat because it exceeded search pattern filesize limit: 15871_combined_R2p_fastqc.html
[2022-08-05 11:04:05,064] multiqc                                            [DEBUG  ]  File ignored by rseqc/junction_annotation because it exceeded search pattern filesize limit: 15871_combined_R2p_fastqc.html
[2022-08-05 11:04:05,064] multiqc                                            [DEBUG  ]  File ignored by rseqc/read_distribution because it exceeded search pattern filesize limit: 15871_combined_R2p_fastqc.html
[2022-08-05 11:04:05,064] multiqc                                            [DEBUG  ]  File ignored by rseqc/infer_experiment because it exceeded search pattern filesize limit: 15871_combined_R2p_fastqc.html
[2022-08-05 11:04:06,612] multiqc                                            [DEBUG  ]  Ignoring file as matched an ignore pattern: 15871_combined_R2p.fastq.gz
[2022-08-05 11:04:06,613] multiqc                                            [DEBUG  ]  Ignoring file as matched an ignore pattern: 15871_QCreads.md5
[2022-08-05 11:04:11,142] multiqc.plots.bargraph                             [DEBUG  ]  Using matplotlib version 3.3.4
[2022-08-05 11:04:11,146] multiqc.plots.linegraph                            [DEBUG  ]  Using matplotlib version 3.3.4
[2022-08-05 11:04:11,149] multiqc                                            [DEBUG  ]  No samples found: custom_content
[2022-08-05 11:04:11,154] multiqc                                            [DEBUG  ]  No samples found: ccs
[2022-08-05 11:04:11,390] multiqc                                            [DEBUG  ]  No samples found: ngsderive
[2022-08-05 11:04:11,395] multiqc                                            [DEBUG  ]  No samples found: purple
[2022-08-05 11:04:11,399] multiqc                                            [DEBUG  ]  No samples found: conpair
[2022-08-05 11:04:11,404] multiqc                                            [DEBUG  ]  No samples found: lima
[2022-08-05 11:04:11,410] multiqc                                            [DEBUG  ]  No samples found: peddy
[2022-08-05 11:04:11,416] multiqc                                            [DEBUG  ]  No samples found: somalier
[2022-08-05 11:04:11,421] multiqc                                            [DEBUG  ]  No samples found: methylQA
[2022-08-05 11:04:11,431] multiqc.modules.mosdepth.mosdepth                  [DEBUG  ]  include_contigs: []
[2022-08-05 11:04:11,431] multiqc.modules.mosdepth.mosdepth                  [DEBUG  ]  exclude_contigs: []
[2022-08-05 11:04:11,431] multiqc                                            [DEBUG  ]  No samples found: mosdepth
[2022-08-05 11:04:11,436] multiqc                                            [DEBUG  ]  No samples found: phantompeakqualtools
[2022-08-05 11:04:11,440] multiqc                                            [DEBUG  ]  No samples found: qualimap
[2022-08-05 11:04:11,677] multiqc                                            [DEBUG  ]  No samples found: preseq
[2022-08-05 11:04:12,372] multiqc                                            [DEBUG  ]  No samples found: quast
[2022-08-05 11:04:12,837] multiqc                                            [DEBUG  ]  No samples found: qorts
[2022-08-05 11:04:12,843] multiqc                                            [DEBUG  ]  No samples found: rna_seqc
[2022-08-05 11:04:13,078] multiqc                                            [DEBUG  ]  No samples found: rockhopper
[2022-08-05 11:04:13,085] multiqc                                            [DEBUG  ]  No samples found: rsem
[2022-08-05 11:04:13,104] multiqc                                            [DEBUG  ]  No samples found: rseqc
[2022-08-05 11:04:13,110] multiqc                                            [DEBUG  ]  No samples found: busco
[2022-08-05 11:04:13,115] multiqc                                            [DEBUG  ]  No samples found: bustools
[2022-08-05 11:04:13,123] multiqc                                            [DEBUG  ]  No samples found: goleft_indexcov
[2022-08-05 11:04:13,358] multiqc                                            [DEBUG  ]  No samples found: gffcompare
[2022-08-05 11:04:13,362] multiqc                                            [DEBUG  ]  No samples found: disambiguate
[2022-08-05 11:04:13,827] multiqc                                            [DEBUG  ]  No samples found: supernova
[2022-08-05 11:04:14,074] multiqc                                            [DEBUG  ]  No samples found: deeptools
[2022-08-05 11:04:14,079] multiqc                                            [DEBUG  ]  No samples found: sargasso
[2022-08-05 11:04:14,084] multiqc                                            [DEBUG  ]  No samples found: verifybamid
[2022-08-05 11:04:14,320] multiqc                                            [DEBUG  ]  No samples found: mirtrace
[2022-08-05 11:04:14,327] multiqc                                            [DEBUG  ]  No samples found: happy
[2022-08-05 11:04:14,333] multiqc                                            [DEBUG  ]  No samples found: mirtop
[2022-08-05 11:04:14,339] multiqc                                            [DEBUG  ]  No samples found: sambamba
[2022-08-05 11:04:14,351] multiqc                                            [DEBUG  ]  No samples found: homer
[2022-08-05 11:04:14,357] multiqc                                            [DEBUG  ]  No samples found: hops
[2022-08-05 11:04:14,362] multiqc                                            [DEBUG  ]  No samples found: macs2
[2022-08-05 11:04:14,596] multiqc                                            [DEBUG  ]  No samples found: theta2
[2022-08-05 11:04:14,601] multiqc                                            [DEBUG  ]  No samples found: snpeff
[2022-08-05 11:04:14,842] multiqc                                            [DEBUG  ]  No samples found: gatk
[2022-08-05 11:04:14,847] multiqc                                            [DEBUG  ]  No samples found: htseq
[2022-08-05 11:04:14,854] multiqc                                            [DEBUG  ]  No samples found: bcftools
[2022-08-05 11:04:14,859] multiqc                                            [DEBUG  ]  No samples found: featureCounts
[2022-08-05 11:04:14,867] multiqc                                            [DEBUG  ]  No samples found: fgbio
[2022-08-05 11:04:15,609] multiqc                                            [DEBUG  ]  No samples found: dragen
[2022-08-05 11:04:15,613] multiqc                                            [DEBUG  ]  No samples found: dedup
[2022-08-05 11:04:15,847] multiqc                                            [DEBUG  ]  No samples found: damageprofiler
[2022-08-05 11:04:17,039] multiqc                                            [DEBUG  ]  No samples found: biobambam2
[2022-08-05 11:04:17,044] multiqc                                            [DEBUG  ]  No samples found: jcvi
[2022-08-05 11:04:17,048] multiqc                                            [DEBUG  ]  No samples found: mtnucratio
[2022-08-05 11:04:17,050] multiqc                                            [DEBUG  ]  No samples found: picard
[2022-08-05 11:04:17,056] multiqc                                            [DEBUG  ]  No samples found: vep
[2022-08-05 11:04:17,065] multiqc                                            [DEBUG  ]  No samples found: sentieon
[2022-08-05 11:04:17,070] multiqc                                            [DEBUG  ]  No samples found: prokka
[2022-08-05 11:04:17,077] multiqc                                            [DEBUG  ]  No samples found: qc3C
[2022-08-05 11:04:17,083] multiqc                                            [DEBUG  ]  No samples found: nanostat
[2022-08-05 11:04:17,087] multiqc                                            [DEBUG  ]  No samples found: samblaster
[2022-08-05 11:04:17,328] multiqc                                            [DEBUG  ]  No samples found: samtools
[2022-08-05 11:04:17,332] multiqc                                            [DEBUG  ]  No samples found: sexdeterrmine
[2022-08-05 11:04:17,337] multiqc                                            [DEBUG  ]  No samples found: eigenstratdatabasetools
[2022-08-05 11:04:17,342] multiqc                                            [DEBUG  ]  No samples found: bamtools
[2022-08-05 11:04:17,346] multiqc                                            [DEBUG  ]  No samples found: jellyfish
[2022-08-05 11:04:17,356] multiqc                                            [DEBUG  ]  No samples found: vcftools
[2022-08-05 11:04:17,361] multiqc                                            [DEBUG  ]  No samples found: longranger
[2022-08-05 11:04:17,366] multiqc                                            [DEBUG  ]  No samples found: stacks
[2022-08-05 11:04:17,371] multiqc                                            [DEBUG  ]  No samples found: varscan2
[2022-08-05 11:04:17,376] multiqc                                            [DEBUG  ]  No samples found: snippy
[2022-08-05 11:04:17,626] multiqc                                            [DEBUG  ]  No samples found: bbmap
[2022-08-05 11:04:17,632] multiqc                                            [DEBUG  ]  No samples found: bismark
[2022-08-05 11:04:17,882] multiqc                                            [DEBUG  ]  No samples found: biscuit
[2022-08-05 11:04:17,888] multiqc                                            [DEBUG  ]  No samples found: hicexplorer
[2022-08-05 11:04:17,893] multiqc                                            [DEBUG  ]  No samples found: hicup
[2022-08-05 11:04:17,899] multiqc                                            [DEBUG  ]  No samples found: hicpro
[2022-08-05 11:04:17,904] multiqc                                            [DEBUG  ]  No samples found: salmon
[2022-08-05 11:04:18,138] multiqc                                            [DEBUG  ]  No samples found: kallisto
[2022-08-05 11:04:18,145] multiqc                                            [DEBUG  ]  No samples found: slamdunk
[2022-08-05 11:04:18,150] multiqc                                            [DEBUG  ]  No samples found: star
[2022-08-05 11:04:18,154] multiqc                                            [DEBUG  ]  No samples found: hisat2
[2022-08-05 11:04:18,159] multiqc                                            [DEBUG  ]  No samples found: tophat
[2022-08-05 11:04:18,164] multiqc                                            [DEBUG  ]  No samples found: bowtie2
[2022-08-05 11:04:18,169] multiqc                                            [DEBUG  ]  No samples found: bowtie1
[2022-08-05 11:04:18,174] multiqc                                            [DEBUG  ]  No samples found: snpsplit
[2022-08-05 11:04:18,179] multiqc                                            [DEBUG  ]  No samples found: odgi
[2022-08-05 11:04:18,183] multiqc                                            [DEBUG  ]  No samples found: pangolin
[2022-08-05 11:04:18,187] multiqc                                            [DEBUG  ]  No samples found: kat
[2022-08-05 11:04:18,191] multiqc                                            [DEBUG  ]  No samples found: leehom
[2022-08-05 11:04:18,197] multiqc                                            [DEBUG  ]  No samples found: adapterRemoval
[2022-08-05 11:04:18,201] multiqc                                            [DEBUG  ]  No samples found: clipandmerge
[2022-08-05 11:04:18,207] multiqc                                            [DEBUG  ]  No samples found: cutadapt
[2022-08-05 11:04:18,212] multiqc                                            [DEBUG  ]  No samples found: flexbar
[2022-08-05 11:04:18,219] multiqc                                            [DEBUG  ]  No samples found: kaiju
[2022-08-05 11:04:18,230] multiqc                                            [DEBUG  ]  No samples found: kraken
[2022-08-05 11:04:18,236] multiqc                                            [DEBUG  ]  No samples found: malt
[2022-08-05 11:04:18,470] multiqc                                            [DEBUG  ]  No samples found: trimmomatic
[2022-08-05 11:04:18,475] multiqc                                            [DEBUG  ]  No samples found: sickle
[2022-08-05 11:04:18,479] multiqc                                            [DEBUG  ]  No samples found: skewer
[2022-08-05 11:04:18,483] multiqc                                            [DEBUG  ]  No samples found: sortmerna
[2022-08-05 11:04:18,488] multiqc                                            [DEBUG  ]  No samples found: biobloomtools
[2022-08-05 11:04:18,494] multiqc                                            [DEBUG  ]  No samples found: fastq_screen
[2022-08-05 11:04:18,498] multiqc                                            [DEBUG  ]  No samples found: afterqc
[2022-08-05 11:04:18,504] multiqc                                            [DEBUG  ]  No samples found: fastp
[2022-08-05 11:04:19,297] multiqc.modules.fastqc.fastqc                      [INFO   ]  Found 4 reports
[2022-08-05 11:04:19,344] multiqc                                            [DEBUG  ]  No samples found: pychopper
[2022-08-05 11:04:19,350] multiqc                                            [DEBUG  ]  No samples found: pycoqc
[2022-08-05 11:04:19,356] multiqc                                            [DEBUG  ]  No samples found: minionqc
[2022-08-05 11:04:19,850] multiqc                                            [DEBUG  ]  No samples found: multivcfanalyzer
[2022-08-05 11:04:19,856] multiqc                                            [DEBUG  ]  No samples found: clusterflow
[2022-08-05 11:04:19,861] multiqc                                            [DEBUG  ]  No samples found: bcl2fastq
[2022-08-05 11:04:19,868] multiqc                                            [DEBUG  ]  No samples found: bclconvert
[2022-08-05 11:04:19,873] multiqc                                            [DEBUG  ]  No samples found: interop
[2022-08-05 11:04:19,878] multiqc                                            [DEBUG  ]  No samples found: ivar
[2022-08-05 11:04:19,883] multiqc                                            [DEBUG  ]  No samples found: flash
[2022-08-05 11:04:19,887] multiqc                                            [DEBUG  ]  No samples found: seqyclean
[2022-08-05 11:04:19,891] multiqc                                            [DEBUG  ]  No samples found: optitype
[2022-08-05 11:04:19,895] multiqc                                            [INFO   ]  Compressing plot data
[2022-08-05 11:04:19,959] multiqc                                            [INFO   ]  Report      : 15871_MGSD_CSIRO.qc.stats/multiqc_report.html
[2022-08-05 11:04:19,959] multiqc                                            [INFO   ]  Data        : 15871_MGSD_CSIRO.qc.stats/multiqc_data
[2022-08-05 11:04:19,959] multiqc                                            [DEBUG  ]  Moving data file from '/tmp/smi9a9.8584613/tmp58yeh3nb/multiqc_data' to '15871_MGSD_CSIRO.qc.stats/multiqc_data'
[2022-08-05 11:04:21,009] multiqc                                            [INFO   ]  MultiQC complete
