[2022-08-05 11:09:12,314] multiqc                                            [DEBUG  ]  This is MultiQC v1.11
[2022-08-05 11:09:12,314] multiqc                                            [DEBUG  ]  No MultiQC config found: /apps/multiqc/1.11/lib/python3.9/site-packages/multiqc_config.yaml
[2022-08-05 11:09:12,314] multiqc                                            [DEBUG  ]  No MultiQC config found: /home/smi9a9/.multiqc_config.yaml
[2022-08-05 11:09:12,314] multiqc                                            [DEBUG  ]  No MultiQC config found: multiqc_config.yaml
[2022-08-05 11:09:12,314] multiqc                                            [DEBUG  ]  Command used: /apps/multiqc/1.11/bin/multiqc ./19453_combined_merged_fastqc.html ./19453_combined_merged_fastqc.zip ./19453_combined_merged.fastq.gz ./19453_combined_R1p_fastqc.html ./19453_combined_R1p_fastqc.zip ./19453_combined_R1p.fastq.gz ./19453_combined_R1R2u_fastqc.html ./19453_combined_R1R2u_fastqc.zip ./19453_combined_R1R2u.fastq.gz ./19453_combined_R2p_fastqc.html ./19453_combined_R2p_fastqc.zip ./19453_combined_R2p.fastq.gz ./19453_QCreads.md5 -o 19453_MGSD_CSIRO.qc.stats
[2022-08-05 11:09:12,318] multiqc                                            [DEBUG  ]  Could not connect to multiqc.info for version check: <urlopen error [Errno 111] Connection refused>
[2022-08-05 11:09:12,318] multiqc                                            [DEBUG  ]  Command     : /apps/multiqc/1.11/bin/multiqc ./19453_combined_merged_fastqc.html ./19453_combined_merged_fastqc.zip ./19453_combined_merged.fastq.gz ./19453_combined_R1p_fastqc.html ./19453_combined_R1p_fastqc.zip ./19453_combined_R1p.fastq.gz ./19453_combined_R1R2u_fastqc.html ./19453_combined_R1R2u_fastqc.zip ./19453_combined_R1R2u.fastq.gz ./19453_combined_R2p_fastqc.html ./19453_combined_R2p_fastqc.zip ./19453_combined_R2p.fastq.gz ./19453_QCreads.md5 -o 19453_MGSD_CSIRO.qc.stats
[2022-08-05 11:09:12,318] multiqc                                            [DEBUG  ]  Working dir : /datasets/work/oa-amd/work/amd/Metagenome_QC_reads
[2022-08-05 11:09:12,318] multiqc                                            [DEBUG  ]  Template    : default
[2022-08-05 11:09:12,318] multiqc                                            [DEBUG  ]  Running Python 3.9.4 (default, Apr 25 2021, 16:13:27)  [GCC 10.3.0]
[2022-08-05 11:09:12,318] multiqc                                            [DEBUG  ]  Analysing modules: custom_content, ccs, ngsderive, purple, conpair, lima, peddy, somalier, methylQA, mosdepth, phantompeakqualtools, qualimap, preseq, quast, qorts, rna_seqc, rockhopper, rsem, rseqc, busco, bustools, goleft_indexcov, gffcompare, disambiguate, supernova, deeptools, sargasso, verifybamid, mirtrace, happy, mirtop, sambamba, homer, hops, macs2, theta2, snpeff, gatk, htseq, bcftools, featureCounts, fgbio, dragen, dedup, damageprofiler, biobambam2, jcvi, mtnucratio, picard, vep, sentieon, prokka, qc3C, nanostat, samblaster, samtools, sexdeterrmine, eigenstratdatabasetools, bamtools, jellyfish, vcftools, longranger, stacks, varscan2, snippy, bbmap, bismark, biscuit, hicexplorer, hicup, hicpro, salmon, kallisto, slamdunk, star, hisat2, tophat, bowtie2, bowtie1, snpsplit, odgi, pangolin, kat, leehom, adapterRemoval, clipandmerge, cutadapt, flexbar, kaiju, kraken, malt, trimmomatic, sickle, skewer, sortmerna, biobloomtools, fastq_screen, afterqc, fastp, fastqc, pychopper, pycoqc, minionqc, multivcfanalyzer, clusterflow, bcl2fastq, bclconvert, interop, ivar, flash, seqyclean, optitype
[2022-08-05 11:09:12,318] multiqc                                            [DEBUG  ]  Using temporary directory for creating report: /tmp/smi9a9.8585409/tmpdqxgmq24
[2022-08-05 11:09:12,620] multiqc                                            [INFO   ]  Search path : /datasets/work/oa-amd/work/amd/Metagenome_QC_reads/19453_combined_merged_fastqc.html
[2022-08-05 11:09:12,621] multiqc                                            [INFO   ]  Search path : /datasets/work/oa-amd/work/amd/Metagenome_QC_reads/19453_combined_merged_fastqc.zip
[2022-08-05 11:09:12,621] multiqc                                            [INFO   ]  Search path : /datasets/work/oa-amd/work/amd/Metagenome_QC_reads/19453_combined_merged.fastq.gz
[2022-08-05 11:09:12,621] multiqc                                            [INFO   ]  Search path : /datasets/work/oa-amd/work/amd/Metagenome_QC_reads/19453_combined_R1p_fastqc.html
[2022-08-05 11:09:12,621] multiqc                                            [INFO   ]  Search path : /datasets/work/oa-amd/work/amd/Metagenome_QC_reads/19453_combined_R1p_fastqc.zip
[2022-08-05 11:09:12,621] multiqc                                            [INFO   ]  Search path : /datasets/work/oa-amd/work/amd/Metagenome_QC_reads/19453_combined_R1p.fastq.gz
[2022-08-05 11:09:12,621] multiqc                                            [INFO   ]  Search path : /datasets/work/oa-amd/work/amd/Metagenome_QC_reads/19453_combined_R1R2u_fastqc.html
[2022-08-05 11:09:12,621] multiqc                                            [INFO   ]  Search path : /datasets/work/oa-amd/work/amd/Metagenome_QC_reads/19453_combined_R1R2u_fastqc.zip
[2022-08-05 11:09:12,621] multiqc                                            [INFO   ]  Search path : /datasets/work/oa-amd/work/amd/Metagenome_QC_reads/19453_combined_R1R2u.fastq.gz
[2022-08-05 11:09:12,621] multiqc                                            [INFO   ]  Search path : /datasets/work/oa-amd/work/amd/Metagenome_QC_reads/19453_combined_R2p_fastqc.html
[2022-08-05 11:09:12,621] multiqc                                            [INFO   ]  Search path : /datasets/work/oa-amd/work/amd/Metagenome_QC_reads/19453_combined_R2p_fastqc.zip
[2022-08-05 11:09:12,621] multiqc                                            [INFO   ]  Search path : /datasets/work/oa-amd/work/amd/Metagenome_QC_reads/19453_combined_R2p.fastq.gz
[2022-08-05 11:09:12,621] multiqc                                            [INFO   ]  Search path : /datasets/work/oa-amd/work/amd/Metagenome_QC_reads/19453_QCreads.md5
[2022-08-05 11:09:14,970] multiqc                                            [DEBUG  ]  File ignored by ccs/v4 because it exceeded search pattern filesize limit: 19453_combined_merged_fastqc.html
[2022-08-05 11:09:14,991] multiqc                                            [DEBUG  ]  File ignored by hicexplorer because it exceeded search pattern filesize limit: 19453_combined_merged_fastqc.html
[2022-08-05 11:09:14,993] multiqc                                            [DEBUG  ]  File ignored by nanostat because it exceeded search pattern filesize limit: 19453_combined_merged_fastqc.html
[2022-08-05 11:09:14,993] multiqc                                            [DEBUG  ]  File ignored by lima/summary because it exceeded search pattern filesize limit: 19453_combined_merged_fastqc.html
[2022-08-05 11:09:15,016] multiqc                                            [DEBUG  ]  File ignored by vep/vep_txt because it exceeded search pattern filesize limit: 19453_combined_merged_fastqc.html
[2022-08-05 11:09:15,016] multiqc                                            [DEBUG  ]  File ignored by longranger/invocation because it exceeded search pattern filesize limit: 19453_combined_merged_fastqc.html
[2022-08-05 11:09:15,016] multiqc                                            [DEBUG  ]  File ignored by rockhopper because it exceeded search pattern filesize limit: 19453_combined_merged_fastqc.html
[2022-08-05 11:09:15,016] multiqc                                            [DEBUG  ]  File ignored by rseqc/bam_stat because it exceeded search pattern filesize limit: 19453_combined_merged_fastqc.html
[2022-08-05 11:09:15,016] multiqc                                            [DEBUG  ]  File ignored by rseqc/junction_annotation because it exceeded search pattern filesize limit: 19453_combined_merged_fastqc.html
[2022-08-05 11:09:15,016] multiqc                                            [DEBUG  ]  File ignored by rseqc/read_distribution because it exceeded search pattern filesize limit: 19453_combined_merged_fastqc.html
[2022-08-05 11:09:15,016] multiqc                                            [DEBUG  ]  File ignored by rseqc/infer_experiment because it exceeded search pattern filesize limit: 19453_combined_merged_fastqc.html
[2022-08-05 11:09:15,896] multiqc                                            [DEBUG  ]  Ignoring file as matched an ignore pattern: 19453_combined_merged.fastq.gz
[2022-08-05 11:09:16,762] multiqc                                            [DEBUG  ]  File ignored by ccs/v4 because it exceeded search pattern filesize limit: 19453_combined_R1p_fastqc.html
[2022-08-05 11:09:16,788] multiqc                                            [DEBUG  ]  File ignored by hicexplorer because it exceeded search pattern filesize limit: 19453_combined_R1p_fastqc.html
[2022-08-05 11:09:16,790] multiqc                                            [DEBUG  ]  File ignored by nanostat because it exceeded search pattern filesize limit: 19453_combined_R1p_fastqc.html
[2022-08-05 11:09:16,790] multiqc                                            [DEBUG  ]  File ignored by lima/summary because it exceeded search pattern filesize limit: 19453_combined_R1p_fastqc.html
[2022-08-05 11:09:16,897] multiqc                                            [DEBUG  ]  File ignored by vep/vep_txt because it exceeded search pattern filesize limit: 19453_combined_R1p_fastqc.html
[2022-08-05 11:09:16,897] multiqc                                            [DEBUG  ]  File ignored by longranger/invocation because it exceeded search pattern filesize limit: 19453_combined_R1p_fastqc.html
[2022-08-05 11:09:16,897] multiqc                                            [DEBUG  ]  File ignored by rockhopper because it exceeded search pattern filesize limit: 19453_combined_R1p_fastqc.html
[2022-08-05 11:09:16,897] multiqc                                            [DEBUG  ]  File ignored by rseqc/bam_stat because it exceeded search pattern filesize limit: 19453_combined_R1p_fastqc.html
[2022-08-05 11:09:16,897] multiqc                                            [DEBUG  ]  File ignored by rseqc/junction_annotation because it exceeded search pattern filesize limit: 19453_combined_R1p_fastqc.html
[2022-08-05 11:09:16,897] multiqc                                            [DEBUG  ]  File ignored by rseqc/read_distribution because it exceeded search pattern filesize limit: 19453_combined_R1p_fastqc.html
[2022-08-05 11:09:16,897] multiqc                                            [DEBUG  ]  File ignored by rseqc/infer_experiment because it exceeded search pattern filesize limit: 19453_combined_R1p_fastqc.html
[2022-08-05 11:09:16,982] multiqc                                            [DEBUG  ]  Ignoring file as matched an ignore pattern: 19453_combined_R1p.fastq.gz
[2022-08-05 11:09:17,655] multiqc                                            [DEBUG  ]  File ignored by ccs/v4 because it exceeded search pattern filesize limit: 19453_combined_R1R2u_fastqc.html
[2022-08-05 11:09:18,589] multiqc                                            [DEBUG  ]  File ignored by hicexplorer because it exceeded search pattern filesize limit: 19453_combined_R1R2u_fastqc.html
[2022-08-05 11:09:18,590] multiqc                                            [DEBUG  ]  File ignored by nanostat because it exceeded search pattern filesize limit: 19453_combined_R1R2u_fastqc.html
[2022-08-05 11:09:18,590] multiqc                                            [DEBUG  ]  File ignored by lima/summary because it exceeded search pattern filesize limit: 19453_combined_R1R2u_fastqc.html
[2022-08-05 11:09:18,605] multiqc                                            [DEBUG  ]  File ignored by vep/vep_txt because it exceeded search pattern filesize limit: 19453_combined_R1R2u_fastqc.html
[2022-08-05 11:09:18,605] multiqc                                            [DEBUG  ]  File ignored by longranger/invocation because it exceeded search pattern filesize limit: 19453_combined_R1R2u_fastqc.html
[2022-08-05 11:09:18,605] multiqc                                            [DEBUG  ]  File ignored by rockhopper because it exceeded search pattern filesize limit: 19453_combined_R1R2u_fastqc.html
[2022-08-05 11:09:18,605] multiqc                                            [DEBUG  ]  File ignored by rseqc/bam_stat because it exceeded search pattern filesize limit: 19453_combined_R1R2u_fastqc.html
[2022-08-05 11:09:18,605] multiqc                                            [DEBUG  ]  File ignored by rseqc/junction_annotation because it exceeded search pattern filesize limit: 19453_combined_R1R2u_fastqc.html
[2022-08-05 11:09:18,606] multiqc                                            [DEBUG  ]  File ignored by rseqc/read_distribution because it exceeded search pattern filesize limit: 19453_combined_R1R2u_fastqc.html
[2022-08-05 11:09:18,606] multiqc                                            [DEBUG  ]  File ignored by rseqc/infer_experiment because it exceeded search pattern filesize limit: 19453_combined_R1R2u_fastqc.html
[2022-08-05 11:09:20,090] multiqc                                            [DEBUG  ]  Ignoring file as matched an ignore pattern: 19453_combined_R1R2u.fastq.gz
[2022-08-05 11:09:20,161] multiqc                                            [DEBUG  ]  File ignored by ccs/v4 because it exceeded search pattern filesize limit: 19453_combined_R2p_fastqc.html
[2022-08-05 11:09:20,172] multiqc                                            [DEBUG  ]  File ignored by hicexplorer because it exceeded search pattern filesize limit: 19453_combined_R2p_fastqc.html
[2022-08-05 11:09:20,173] multiqc                                            [DEBUG  ]  File ignored by nanostat because it exceeded search pattern filesize limit: 19453_combined_R2p_fastqc.html
[2022-08-05 11:09:20,173] multiqc                                            [DEBUG  ]  File ignored by lima/summary because it exceeded search pattern filesize limit: 19453_combined_R2p_fastqc.html
[2022-08-05 11:09:20,188] multiqc                                            [DEBUG  ]  File ignored by vep/vep_txt because it exceeded search pattern filesize limit: 19453_combined_R2p_fastqc.html
[2022-08-05 11:09:20,188] multiqc                                            [DEBUG  ]  File ignored by longranger/invocation because it exceeded search pattern filesize limit: 19453_combined_R2p_fastqc.html
[2022-08-05 11:09:20,188] multiqc                                            [DEBUG  ]  File ignored by rockhopper because it exceeded search pattern filesize limit: 19453_combined_R2p_fastqc.html
[2022-08-05 11:09:20,188] multiqc                                            [DEBUG  ]  File ignored by rseqc/bam_stat because it exceeded search pattern filesize limit: 19453_combined_R2p_fastqc.html
[2022-08-05 11:09:20,188] multiqc                                            [DEBUG  ]  File ignored by rseqc/junction_annotation because it exceeded search pattern filesize limit: 19453_combined_R2p_fastqc.html
[2022-08-05 11:09:20,189] multiqc                                            [DEBUG  ]  File ignored by rseqc/read_distribution because it exceeded search pattern filesize limit: 19453_combined_R2p_fastqc.html
[2022-08-05 11:09:20,189] multiqc                                            [DEBUG  ]  File ignored by rseqc/infer_experiment because it exceeded search pattern filesize limit: 19453_combined_R2p_fastqc.html
[2022-08-05 11:09:20,280] multiqc                                            [DEBUG  ]  Ignoring file as matched an ignore pattern: 19453_combined_R2p.fastq.gz
[2022-08-05 11:09:20,280] multiqc                                            [DEBUG  ]  Ignoring file as matched an ignore pattern: 19453_QCreads.md5
[2022-08-05 11:09:21,485] multiqc.plots.bargraph                             [DEBUG  ]  Using matplotlib version 3.3.4
[2022-08-05 11:09:21,488] multiqc.plots.linegraph                            [DEBUG  ]  Using matplotlib version 3.3.4
[2022-08-05 11:09:21,491] multiqc                                            [DEBUG  ]  No samples found: custom_content
[2022-08-05 11:09:21,496] multiqc                                            [DEBUG  ]  No samples found: ccs
[2022-08-05 11:09:21,501] multiqc                                            [DEBUG  ]  No samples found: ngsderive
[2022-08-05 11:09:21,505] multiqc                                            [DEBUG  ]  No samples found: purple
[2022-08-05 11:09:21,509] multiqc                                            [DEBUG  ]  No samples found: conpair
[2022-08-05 11:09:21,513] multiqc                                            [DEBUG  ]  No samples found: lima
[2022-08-05 11:09:21,518] multiqc                                            [DEBUG  ]  No samples found: peddy
[2022-08-05 11:09:21,524] multiqc                                            [DEBUG  ]  No samples found: somalier
[2022-08-05 11:09:21,529] multiqc                                            [DEBUG  ]  No samples found: methylQA
[2022-08-05 11:09:21,769] multiqc.modules.mosdepth.mosdepth                  [DEBUG  ]  include_contigs: []
[2022-08-05 11:09:21,769] multiqc.modules.mosdepth.mosdepth                  [DEBUG  ]  exclude_contigs: []
[2022-08-05 11:09:21,769] multiqc                                            [DEBUG  ]  No samples found: mosdepth
[2022-08-05 11:09:21,773] multiqc                                            [DEBUG  ]  No samples found: phantompeakqualtools
[2022-08-05 11:09:21,777] multiqc                                            [DEBUG  ]  No samples found: qualimap
[2022-08-05 11:09:21,782] multiqc                                            [DEBUG  ]  No samples found: preseq
[2022-08-05 11:09:21,787] multiqc                                            [DEBUG  ]  No samples found: quast
[2022-08-05 11:09:22,023] multiqc                                            [DEBUG  ]  No samples found: qorts
[2022-08-05 11:09:22,029] multiqc                                            [DEBUG  ]  No samples found: rna_seqc
[2022-08-05 11:09:22,033] multiqc                                            [DEBUG  ]  No samples found: rockhopper
[2022-08-05 11:09:22,037] multiqc                                            [DEBUG  ]  No samples found: rsem
[2022-08-05 11:09:22,052] multiqc                                            [DEBUG  ]  No samples found: rseqc
[2022-08-05 11:09:22,056] multiqc                                            [DEBUG  ]  No samples found: busco
[2022-08-05 11:09:22,060] multiqc                                            [DEBUG  ]  No samples found: bustools
[2022-08-05 11:09:22,065] multiqc                                            [DEBUG  ]  No samples found: goleft_indexcov
[2022-08-05 11:09:22,070] multiqc                                            [DEBUG  ]  No samples found: gffcompare
[2022-08-05 11:09:22,074] multiqc                                            [DEBUG  ]  No samples found: disambiguate
[2022-08-05 11:09:22,079] multiqc                                            [DEBUG  ]  No samples found: supernova
[2022-08-05 11:09:22,094] multiqc                                            [DEBUG  ]  No samples found: deeptools
[2022-08-05 11:09:22,098] multiqc                                            [DEBUG  ]  No samples found: sargasso
[2022-08-05 11:09:22,103] multiqc                                            [DEBUG  ]  No samples found: verifybamid
[2022-08-05 11:09:22,108] multiqc                                            [DEBUG  ]  No samples found: mirtrace
[2022-08-05 11:09:22,112] multiqc                                            [DEBUG  ]  No samples found: happy
[2022-08-05 11:09:22,117] multiqc                                            [DEBUG  ]  No samples found: mirtop
[2022-08-05 11:09:22,121] multiqc                                            [DEBUG  ]  No samples found: sambamba
[2022-08-05 11:09:22,359] multiqc                                            [DEBUG  ]  No samples found: homer
[2022-08-05 11:09:22,365] multiqc                                            [DEBUG  ]  No samples found: hops
[2022-08-05 11:09:22,371] multiqc                                            [DEBUG  ]  No samples found: macs2
[2022-08-05 11:09:22,376] multiqc                                            [DEBUG  ]  No samples found: theta2
[2022-08-05 11:09:22,611] multiqc                                            [DEBUG  ]  No samples found: snpeff
[2022-08-05 11:09:22,621] multiqc                                            [DEBUG  ]  No samples found: gatk
[2022-08-05 11:09:22,625] multiqc                                            [DEBUG  ]  No samples found: htseq
[2022-08-05 11:09:22,632] multiqc                                            [DEBUG  ]  No samples found: bcftools
[2022-08-05 11:09:22,637] multiqc                                            [DEBUG  ]  No samples found: featureCounts
[2022-08-05 11:09:22,644] multiqc                                            [DEBUG  ]  No samples found: fgbio
[2022-08-05 11:09:22,891] multiqc                                            [DEBUG  ]  No samples found: dragen
[2022-08-05 11:09:22,896] multiqc                                            [DEBUG  ]  No samples found: dedup
[2022-08-05 11:09:22,901] multiqc                                            [DEBUG  ]  No samples found: damageprofiler
[2022-08-05 11:09:23,416] multiqc                                            [DEBUG  ]  No samples found: biobambam2
[2022-08-05 11:09:23,425] multiqc                                            [DEBUG  ]  No samples found: jcvi
[2022-08-05 11:09:23,433] multiqc                                            [DEBUG  ]  No samples found: mtnucratio
[2022-08-05 11:09:23,435] multiqc                                            [DEBUG  ]  No samples found: picard
[2022-08-05 11:09:23,443] multiqc                                            [DEBUG  ]  No samples found: vep
[2022-08-05 11:09:23,457] multiqc                                            [DEBUG  ]  No samples found: sentieon
[2022-08-05 11:09:23,463] multiqc                                            [DEBUG  ]  No samples found: prokka
[2022-08-05 11:09:23,470] multiqc                                            [DEBUG  ]  No samples found: qc3C
[2022-08-05 11:09:23,475] multiqc                                            [DEBUG  ]  No samples found: nanostat
[2022-08-05 11:09:23,482] multiqc                                            [DEBUG  ]  No samples found: samblaster
[2022-08-05 11:09:23,955] multiqc                                            [DEBUG  ]  No samples found: samtools
[2022-08-05 11:09:23,959] multiqc                                            [DEBUG  ]  No samples found: sexdeterrmine
[2022-08-05 11:09:23,963] multiqc                                            [DEBUG  ]  No samples found: eigenstratdatabasetools
[2022-08-05 11:09:23,971] multiqc                                            [DEBUG  ]  No samples found: bamtools
[2022-08-05 11:09:23,976] multiqc                                            [DEBUG  ]  No samples found: jellyfish
[2022-08-05 11:09:23,986] multiqc                                            [DEBUG  ]  No samples found: vcftools
[2022-08-05 11:09:23,992] multiqc                                            [DEBUG  ]  No samples found: longranger
[2022-08-05 11:09:23,997] multiqc                                            [DEBUG  ]  No samples found: stacks
[2022-08-05 11:09:24,003] multiqc                                            [DEBUG  ]  No samples found: varscan2
[2022-08-05 11:09:24,240] multiqc                                            [DEBUG  ]  No samples found: snippy
[2022-08-05 11:09:24,491] multiqc                                            [DEBUG  ]  No samples found: bbmap
[2022-08-05 11:09:24,498] multiqc                                            [DEBUG  ]  No samples found: bismark
[2022-08-05 11:09:24,507] multiqc                                            [DEBUG  ]  No samples found: biscuit
[2022-08-05 11:09:24,511] multiqc                                            [DEBUG  ]  No samples found: hicexplorer
[2022-08-05 11:09:24,516] multiqc                                            [DEBUG  ]  No samples found: hicup
[2022-08-05 11:09:24,522] multiqc                                            [DEBUG  ]  No samples found: hicpro
[2022-08-05 11:09:24,526] multiqc                                            [DEBUG  ]  No samples found: salmon
[2022-08-05 11:09:24,530] multiqc                                            [DEBUG  ]  No samples found: kallisto
[2022-08-05 11:09:24,536] multiqc                                            [DEBUG  ]  No samples found: slamdunk
[2022-08-05 11:09:24,541] multiqc                                            [DEBUG  ]  No samples found: star
[2022-08-05 11:09:24,545] multiqc                                            [DEBUG  ]  No samples found: hisat2
[2022-08-05 11:09:24,779] multiqc                                            [DEBUG  ]  No samples found: tophat
[2022-08-05 11:09:24,783] multiqc                                            [DEBUG  ]  No samples found: bowtie2
[2022-08-05 11:09:24,787] multiqc                                            [DEBUG  ]  No samples found: bowtie1
[2022-08-05 11:09:24,791] multiqc                                            [DEBUG  ]  No samples found: snpsplit
[2022-08-05 11:09:24,796] multiqc                                            [DEBUG  ]  No samples found: odgi
[2022-08-05 11:09:24,801] multiqc                                            [DEBUG  ]  No samples found: pangolin
[2022-08-05 11:09:24,805] multiqc                                            [DEBUG  ]  No samples found: kat
[2022-08-05 11:09:24,808] multiqc                                            [DEBUG  ]  No samples found: leehom
[2022-08-05 11:09:24,813] multiqc                                            [DEBUG  ]  No samples found: adapterRemoval
[2022-08-05 11:09:24,817] multiqc                                            [DEBUG  ]  No samples found: clipandmerge
[2022-08-05 11:09:24,821] multiqc                                            [DEBUG  ]  No samples found: cutadapt
[2022-08-05 11:09:24,825] multiqc                                            [DEBUG  ]  No samples found: flexbar
[2022-08-05 11:09:24,830] multiqc                                            [DEBUG  ]  No samples found: kaiju
[2022-08-05 11:09:24,836] multiqc                                            [DEBUG  ]  No samples found: kraken
[2022-08-05 11:09:24,840] multiqc                                            [DEBUG  ]  No samples found: malt
[2022-08-05 11:09:24,844] multiqc                                            [DEBUG  ]  No samples found: trimmomatic
[2022-08-05 11:09:24,848] multiqc                                            [DEBUG  ]  No samples found: sickle
[2022-08-05 11:09:24,852] multiqc                                            [DEBUG  ]  No samples found: skewer
[2022-08-05 11:09:24,857] multiqc                                            [DEBUG  ]  No samples found: sortmerna
[2022-08-05 11:09:24,861] multiqc                                            [DEBUG  ]  No samples found: biobloomtools
[2022-08-05 11:09:24,866] multiqc                                            [DEBUG  ]  No samples found: fastq_screen
[2022-08-05 11:09:24,870] multiqc                                            [DEBUG  ]  No samples found: afterqc
[2022-08-05 11:09:24,876] multiqc                                            [DEBUG  ]  No samples found: fastp
[2022-08-05 11:09:25,756] multiqc.modules.fastqc.fastqc                      [INFO   ]  Found 4 reports
[2022-08-05 11:09:25,803] multiqc                                            [DEBUG  ]  No samples found: pychopper
[2022-08-05 11:09:26,038] multiqc                                            [DEBUG  ]  No samples found: pycoqc
[2022-08-05 11:09:26,197] multiqc                                            [DEBUG  ]  No samples found: minionqc
[2022-08-05 11:09:26,205] multiqc                                            [DEBUG  ]  No samples found: multivcfanalyzer
[2022-08-05 11:09:26,213] multiqc                                            [DEBUG  ]  No samples found: clusterflow
[2022-08-05 11:09:26,451] multiqc                                            [DEBUG  ]  No samples found: bcl2fastq
[2022-08-05 11:09:26,461] multiqc                                            [DEBUG  ]  No samples found: bclconvert
[2022-08-05 11:09:26,698] multiqc                                            [DEBUG  ]  No samples found: interop
[2022-08-05 11:09:26,706] multiqc                                            [DEBUG  ]  No samples found: ivar
[2022-08-05 11:09:26,713] multiqc                                            [DEBUG  ]  No samples found: flash
[2022-08-05 11:09:26,719] multiqc                                            [DEBUG  ]  No samples found: seqyclean
[2022-08-05 11:09:26,730] multiqc                                            [DEBUG  ]  No samples found: optitype
[2022-08-05 11:09:26,735] multiqc                                            [INFO   ]  Compressing plot data
[2022-08-05 11:09:26,798] multiqc                                            [INFO   ]  Report      : 19453_MGSD_CSIRO.qc.stats/multiqc_report.html
[2022-08-05 11:09:26,798] multiqc                                            [INFO   ]  Data        : 19453_MGSD_CSIRO.qc.stats/multiqc_data
[2022-08-05 11:09:26,798] multiqc                                            [DEBUG  ]  Moving data file from '/tmp/smi9a9.8585409/tmpdqxgmq24/multiqc_data' to '19453_MGSD_CSIRO.qc.stats/multiqc_data'
[2022-08-05 11:09:28,807] multiqc                                            [INFO   ]  MultiQC complete
