[2022-08-05 11:08:48,601] multiqc                                            [DEBUG  ]  This is MultiQC v1.11
[2022-08-05 11:08:48,601] multiqc                                            [DEBUG  ]  No MultiQC config found: /apps/multiqc/1.11/lib/python3.9/site-packages/multiqc_config.yaml
[2022-08-05 11:08:48,601] multiqc                                            [DEBUG  ]  No MultiQC config found: /home/smi9a9/.multiqc_config.yaml
[2022-08-05 11:08:49,739] multiqc                                            [DEBUG  ]  No MultiQC config found: multiqc_config.yaml
[2022-08-05 11:08:49,739] multiqc                                            [DEBUG  ]  Command used: /apps/multiqc/1.11/bin/multiqc ./8509_H3VCKBCXX-1_merged_fastqc.html ./8509_H3VCKBCXX-1_merged_fastqc.zip ./8509_H3VCKBCXX-1_merged.fastq.gz ./8509_H3VCKBCXX-1_R1p_fastqc.html ./8509_H3VCKBCXX-1_R1p_fastqc.zip ./8509_H3VCKBCXX-1_R1p.fastq.gz ./8509_H3VCKBCXX-1_R1R2u_fastqc.html ./8509_H3VCKBCXX-1_R1R2u_fastqc.zip ./8509_H3VCKBCXX-1_R1R2u.fastq.gz ./8509_H3VCKBCXX-1_R2p_fastqc.html ./8509_H3VCKBCXX-1_R2p_fastqc.zip ./8509_H3VCKBCXX-1_R2p.fastq.gz ./8509_QCreads.md5 -o 8509_MGSD_CSIRO.qc.stats
[2022-08-05 11:08:49,741] multiqc                                            [DEBUG  ]  Could not connect to multiqc.info for version check: <urlopen error [Errno 111] Connection refused>
[2022-08-05 11:08:49,742] multiqc                                            [DEBUG  ]  Command     : /apps/multiqc/1.11/bin/multiqc ./8509_H3VCKBCXX-1_merged_fastqc.html ./8509_H3VCKBCXX-1_merged_fastqc.zip ./8509_H3VCKBCXX-1_merged.fastq.gz ./8509_H3VCKBCXX-1_R1p_fastqc.html ./8509_H3VCKBCXX-1_R1p_fastqc.zip ./8509_H3VCKBCXX-1_R1p.fastq.gz ./8509_H3VCKBCXX-1_R1R2u_fastqc.html ./8509_H3VCKBCXX-1_R1R2u_fastqc.zip ./8509_H3VCKBCXX-1_R1R2u.fastq.gz ./8509_H3VCKBCXX-1_R2p_fastqc.html ./8509_H3VCKBCXX-1_R2p_fastqc.zip ./8509_H3VCKBCXX-1_R2p.fastq.gz ./8509_QCreads.md5 -o 8509_MGSD_CSIRO.qc.stats
[2022-08-05 11:08:49,742] multiqc                                            [DEBUG  ]  Working dir : /datasets/work/oa-amd/work/amd/Metagenome_QC_reads
[2022-08-05 11:08:49,742] multiqc                                            [DEBUG  ]  Template    : default
[2022-08-05 11:08:49,742] multiqc                                            [DEBUG  ]  Running Python 3.9.4 (default, Apr 25 2021, 16:13:27)  [GCC 10.3.0]
[2022-08-05 11:08:49,742] multiqc                                            [DEBUG  ]  Analysing modules: custom_content, ccs, ngsderive, purple, conpair, lima, peddy, somalier, methylQA, mosdepth, phantompeakqualtools, qualimap, preseq, quast, qorts, rna_seqc, rockhopper, rsem, rseqc, busco, bustools, goleft_indexcov, gffcompare, disambiguate, supernova, deeptools, sargasso, verifybamid, mirtrace, happy, mirtop, sambamba, homer, hops, macs2, theta2, snpeff, gatk, htseq, bcftools, featureCounts, fgbio, dragen, dedup, damageprofiler, biobambam2, jcvi, mtnucratio, picard, vep, sentieon, prokka, qc3C, nanostat, samblaster, samtools, sexdeterrmine, eigenstratdatabasetools, bamtools, jellyfish, vcftools, longranger, stacks, varscan2, snippy, bbmap, bismark, biscuit, hicexplorer, hicup, hicpro, salmon, kallisto, slamdunk, star, hisat2, tophat, bowtie2, bowtie1, snpsplit, odgi, pangolin, kat, leehom, adapterRemoval, clipandmerge, cutadapt, flexbar, kaiju, kraken, malt, trimmomatic, sickle, skewer, sortmerna, biobloomtools, fastq_screen, afterqc, fastp, fastqc, pychopper, pycoqc, minionqc, multivcfanalyzer, clusterflow, bcl2fastq, bclconvert, interop, ivar, flash, seqyclean, optitype
[2022-08-05 11:08:49,742] multiqc                                            [DEBUG  ]  Using temporary directory for creating report: /tmp/smi9a9.8585680/tmpaimmenkj
[2022-08-05 11:08:50,033] multiqc                                            [INFO   ]  Search path : /datasets/work/oa-amd/work/amd/Metagenome_QC_reads/8509_H3VCKBCXX-1_merged_fastqc.html
[2022-08-05 11:08:50,034] multiqc                                            [INFO   ]  Search path : /datasets/work/oa-amd/work/amd/Metagenome_QC_reads/8509_H3VCKBCXX-1_merged_fastqc.zip
[2022-08-05 11:08:50,034] multiqc                                            [INFO   ]  Search path : /datasets/work/oa-amd/work/amd/Metagenome_QC_reads/8509_H3VCKBCXX-1_merged.fastq.gz
[2022-08-05 11:08:50,034] multiqc                                            [INFO   ]  Search path : /datasets/work/oa-amd/work/amd/Metagenome_QC_reads/8509_H3VCKBCXX-1_R1p_fastqc.html
[2022-08-05 11:08:50,034] multiqc                                            [INFO   ]  Search path : /datasets/work/oa-amd/work/amd/Metagenome_QC_reads/8509_H3VCKBCXX-1_R1p_fastqc.zip
[2022-08-05 11:08:50,034] multiqc                                            [INFO   ]  Search path : /datasets/work/oa-amd/work/amd/Metagenome_QC_reads/8509_H3VCKBCXX-1_R1p.fastq.gz
[2022-08-05 11:08:50,034] multiqc                                            [INFO   ]  Search path : /datasets/work/oa-amd/work/amd/Metagenome_QC_reads/8509_H3VCKBCXX-1_R1R2u_fastqc.html
[2022-08-05 11:08:50,034] multiqc                                            [INFO   ]  Search path : /datasets/work/oa-amd/work/amd/Metagenome_QC_reads/8509_H3VCKBCXX-1_R1R2u_fastqc.zip
[2022-08-05 11:08:50,034] multiqc                                            [INFO   ]  Search path : /datasets/work/oa-amd/work/amd/Metagenome_QC_reads/8509_H3VCKBCXX-1_R1R2u.fastq.gz
[2022-08-05 11:08:50,034] multiqc                                            [INFO   ]  Search path : /datasets/work/oa-amd/work/amd/Metagenome_QC_reads/8509_H3VCKBCXX-1_R2p_fastqc.html
[2022-08-05 11:08:50,034] multiqc                                            [INFO   ]  Search path : /datasets/work/oa-amd/work/amd/Metagenome_QC_reads/8509_H3VCKBCXX-1_R2p_fastqc.zip
[2022-08-05 11:08:50,034] multiqc                                            [INFO   ]  Search path : /datasets/work/oa-amd/work/amd/Metagenome_QC_reads/8509_H3VCKBCXX-1_R2p.fastq.gz
[2022-08-05 11:08:50,034] multiqc                                            [INFO   ]  Search path : /datasets/work/oa-amd/work/amd/Metagenome_QC_reads/8509_QCreads.md5
[2022-08-05 11:08:50,395] multiqc                                            [DEBUG  ]  File ignored by ccs/v4 because it exceeded search pattern filesize limit: 8509_H3VCKBCXX-1_merged_fastqc.html
[2022-08-05 11:08:50,406] multiqc                                            [DEBUG  ]  File ignored by hicexplorer because it exceeded search pattern filesize limit: 8509_H3VCKBCXX-1_merged_fastqc.html
[2022-08-05 11:08:50,419] multiqc                                            [DEBUG  ]  File ignored by nanostat because it exceeded search pattern filesize limit: 8509_H3VCKBCXX-1_merged_fastqc.html
[2022-08-05 11:08:50,419] multiqc                                            [DEBUG  ]  File ignored by lima/summary because it exceeded search pattern filesize limit: 8509_H3VCKBCXX-1_merged_fastqc.html
[2022-08-05 11:08:50,724] multiqc                                            [DEBUG  ]  File ignored by vep/vep_txt because it exceeded search pattern filesize limit: 8509_H3VCKBCXX-1_merged_fastqc.html
[2022-08-05 11:08:50,724] multiqc                                            [DEBUG  ]  File ignored by longranger/invocation because it exceeded search pattern filesize limit: 8509_H3VCKBCXX-1_merged_fastqc.html
[2022-08-05 11:08:50,724] multiqc                                            [DEBUG  ]  File ignored by rockhopper because it exceeded search pattern filesize limit: 8509_H3VCKBCXX-1_merged_fastqc.html
[2022-08-05 11:08:50,724] multiqc                                            [DEBUG  ]  File ignored by rseqc/bam_stat because it exceeded search pattern filesize limit: 8509_H3VCKBCXX-1_merged_fastqc.html
[2022-08-05 11:08:50,724] multiqc                                            [DEBUG  ]  File ignored by rseqc/junction_annotation because it exceeded search pattern filesize limit: 8509_H3VCKBCXX-1_merged_fastqc.html
[2022-08-05 11:08:50,724] multiqc                                            [DEBUG  ]  File ignored by rseqc/read_distribution because it exceeded search pattern filesize limit: 8509_H3VCKBCXX-1_merged_fastqc.html
[2022-08-05 11:08:50,724] multiqc                                            [DEBUG  ]  File ignored by rseqc/infer_experiment because it exceeded search pattern filesize limit: 8509_H3VCKBCXX-1_merged_fastqc.html
[2022-08-05 11:08:51,379] multiqc                                            [DEBUG  ]  Ignoring file as matched an ignore pattern: 8509_H3VCKBCXX-1_merged.fastq.gz
[2022-08-05 11:08:51,467] multiqc                                            [DEBUG  ]  File ignored by ccs/v4 because it exceeded search pattern filesize limit: 8509_H3VCKBCXX-1_R1p_fastqc.html
[2022-08-05 11:08:51,498] multiqc                                            [DEBUG  ]  File ignored by hicexplorer because it exceeded search pattern filesize limit: 8509_H3VCKBCXX-1_R1p_fastqc.html
[2022-08-05 11:08:51,499] multiqc                                            [DEBUG  ]  File ignored by nanostat because it exceeded search pattern filesize limit: 8509_H3VCKBCXX-1_R1p_fastqc.html
[2022-08-05 11:08:51,499] multiqc                                            [DEBUG  ]  File ignored by lima/summary because it exceeded search pattern filesize limit: 8509_H3VCKBCXX-1_R1p_fastqc.html
[2022-08-05 11:08:51,520] multiqc                                            [DEBUG  ]  File ignored by vep/vep_txt because it exceeded search pattern filesize limit: 8509_H3VCKBCXX-1_R1p_fastqc.html
[2022-08-05 11:08:51,520] multiqc                                            [DEBUG  ]  File ignored by longranger/invocation because it exceeded search pattern filesize limit: 8509_H3VCKBCXX-1_R1p_fastqc.html
[2022-08-05 11:08:51,520] multiqc                                            [DEBUG  ]  File ignored by rockhopper because it exceeded search pattern filesize limit: 8509_H3VCKBCXX-1_R1p_fastqc.html
[2022-08-05 11:08:51,520] multiqc                                            [DEBUG  ]  File ignored by rseqc/bam_stat because it exceeded search pattern filesize limit: 8509_H3VCKBCXX-1_R1p_fastqc.html
[2022-08-05 11:08:51,520] multiqc                                            [DEBUG  ]  File ignored by rseqc/junction_annotation because it exceeded search pattern filesize limit: 8509_H3VCKBCXX-1_R1p_fastqc.html
[2022-08-05 11:08:51,520] multiqc                                            [DEBUG  ]  File ignored by rseqc/read_distribution because it exceeded search pattern filesize limit: 8509_H3VCKBCXX-1_R1p_fastqc.html
[2022-08-05 11:08:51,520] multiqc                                            [DEBUG  ]  File ignored by rseqc/infer_experiment because it exceeded search pattern filesize limit: 8509_H3VCKBCXX-1_R1p_fastqc.html
[2022-08-05 11:08:53,567] multiqc                                            [DEBUG  ]  Ignoring file as matched an ignore pattern: 8509_H3VCKBCXX-1_R1p.fastq.gz
[2022-08-05 11:08:54,396] multiqc                                            [DEBUG  ]  File ignored by ccs/v4 because it exceeded search pattern filesize limit: 8509_H3VCKBCXX-1_R1R2u_fastqc.html
[2022-08-05 11:08:54,795] multiqc                                            [DEBUG  ]  File ignored by hicexplorer because it exceeded search pattern filesize limit: 8509_H3VCKBCXX-1_R1R2u_fastqc.html
[2022-08-05 11:08:54,802] multiqc                                            [DEBUG  ]  File ignored by nanostat because it exceeded search pattern filesize limit: 8509_H3VCKBCXX-1_R1R2u_fastqc.html
[2022-08-05 11:08:54,802] multiqc                                            [DEBUG  ]  File ignored by lima/summary because it exceeded search pattern filesize limit: 8509_H3VCKBCXX-1_R1R2u_fastqc.html
[2022-08-05 11:08:54,868] multiqc                                            [DEBUG  ]  File ignored by vep/vep_txt because it exceeded search pattern filesize limit: 8509_H3VCKBCXX-1_R1R2u_fastqc.html
[2022-08-05 11:08:54,868] multiqc                                            [DEBUG  ]  File ignored by longranger/invocation because it exceeded search pattern filesize limit: 8509_H3VCKBCXX-1_R1R2u_fastqc.html
[2022-08-05 11:08:54,868] multiqc                                            [DEBUG  ]  File ignored by rockhopper because it exceeded search pattern filesize limit: 8509_H3VCKBCXX-1_R1R2u_fastqc.html
[2022-08-05 11:08:54,868] multiqc                                            [DEBUG  ]  File ignored by rseqc/bam_stat because it exceeded search pattern filesize limit: 8509_H3VCKBCXX-1_R1R2u_fastqc.html
[2022-08-05 11:08:54,868] multiqc                                            [DEBUG  ]  File ignored by rseqc/junction_annotation because it exceeded search pattern filesize limit: 8509_H3VCKBCXX-1_R1R2u_fastqc.html
[2022-08-05 11:08:54,868] multiqc                                            [DEBUG  ]  File ignored by rseqc/read_distribution because it exceeded search pattern filesize limit: 8509_H3VCKBCXX-1_R1R2u_fastqc.html
[2022-08-05 11:08:54,868] multiqc                                            [DEBUG  ]  File ignored by rseqc/infer_experiment because it exceeded search pattern filesize limit: 8509_H3VCKBCXX-1_R1R2u_fastqc.html
[2022-08-05 11:08:55,001] multiqc                                            [DEBUG  ]  Ignoring file as matched an ignore pattern: 8509_H3VCKBCXX-1_R1R2u.fastq.gz
[2022-08-05 11:08:55,093] multiqc                                            [DEBUG  ]  File ignored by ccs/v4 because it exceeded search pattern filesize limit: 8509_H3VCKBCXX-1_R2p_fastqc.html
[2022-08-05 11:08:55,106] multiqc                                            [DEBUG  ]  File ignored by hicexplorer because it exceeded search pattern filesize limit: 8509_H3VCKBCXX-1_R2p_fastqc.html
[2022-08-05 11:08:55,121] multiqc                                            [DEBUG  ]  File ignored by nanostat because it exceeded search pattern filesize limit: 8509_H3VCKBCXX-1_R2p_fastqc.html
[2022-08-05 11:08:55,122] multiqc                                            [DEBUG  ]  File ignored by lima/summary because it exceeded search pattern filesize limit: 8509_H3VCKBCXX-1_R2p_fastqc.html
[2022-08-05 11:08:55,164] multiqc                                            [DEBUG  ]  File ignored by vep/vep_txt because it exceeded search pattern filesize limit: 8509_H3VCKBCXX-1_R2p_fastqc.html
[2022-08-05 11:08:55,164] multiqc                                            [DEBUG  ]  File ignored by longranger/invocation because it exceeded search pattern filesize limit: 8509_H3VCKBCXX-1_R2p_fastqc.html
[2022-08-05 11:08:55,164] multiqc                                            [DEBUG  ]  File ignored by rockhopper because it exceeded search pattern filesize limit: 8509_H3VCKBCXX-1_R2p_fastqc.html
[2022-08-05 11:08:55,164] multiqc                                            [DEBUG  ]  File ignored by rseqc/bam_stat because it exceeded search pattern filesize limit: 8509_H3VCKBCXX-1_R2p_fastqc.html
[2022-08-05 11:08:55,164] multiqc                                            [DEBUG  ]  File ignored by rseqc/junction_annotation because it exceeded search pattern filesize limit: 8509_H3VCKBCXX-1_R2p_fastqc.html
[2022-08-05 11:08:55,164] multiqc                                            [DEBUG  ]  File ignored by rseqc/read_distribution because it exceeded search pattern filesize limit: 8509_H3VCKBCXX-1_R2p_fastqc.html
[2022-08-05 11:08:55,164] multiqc                                            [DEBUG  ]  File ignored by rseqc/infer_experiment because it exceeded search pattern filesize limit: 8509_H3VCKBCXX-1_R2p_fastqc.html
[2022-08-05 11:08:55,977] multiqc                                            [DEBUG  ]  Ignoring file as matched an ignore pattern: 8509_H3VCKBCXX-1_R2p.fastq.gz
[2022-08-05 11:08:55,978] multiqc                                            [DEBUG  ]  Ignoring file as matched an ignore pattern: 8509_QCreads.md5
[2022-08-05 11:08:58,645] multiqc.plots.bargraph                             [DEBUG  ]  Using matplotlib version 3.3.4
[2022-08-05 11:08:58,650] multiqc.plots.linegraph                            [DEBUG  ]  Using matplotlib version 3.3.4
[2022-08-05 11:08:58,653] multiqc                                            [DEBUG  ]  No samples found: custom_content
[2022-08-05 11:08:58,659] multiqc                                            [DEBUG  ]  No samples found: ccs
[2022-08-05 11:08:58,665] multiqc                                            [DEBUG  ]  No samples found: ngsderive
[2022-08-05 11:08:58,670] multiqc                                            [DEBUG  ]  No samples found: purple
[2022-08-05 11:08:58,675] multiqc                                            [DEBUG  ]  No samples found: conpair
[2022-08-05 11:08:58,680] multiqc                                            [DEBUG  ]  No samples found: lima
[2022-08-05 11:08:58,685] multiqc                                            [DEBUG  ]  No samples found: peddy
[2022-08-05 11:08:58,693] multiqc                                            [DEBUG  ]  No samples found: somalier
[2022-08-05 11:08:58,698] multiqc                                            [DEBUG  ]  No samples found: methylQA
[2022-08-05 11:08:58,715] multiqc.modules.mosdepth.mosdepth                  [DEBUG  ]  include_contigs: []
[2022-08-05 11:08:58,715] multiqc.modules.mosdepth.mosdepth                  [DEBUG  ]  exclude_contigs: []
[2022-08-05 11:08:58,715] multiqc                                            [DEBUG  ]  No samples found: mosdepth
[2022-08-05 11:08:58,719] multiqc                                            [DEBUG  ]  No samples found: phantompeakqualtools
[2022-08-05 11:08:58,723] multiqc                                            [DEBUG  ]  No samples found: qualimap
[2022-08-05 11:08:58,728] multiqc                                            [DEBUG  ]  No samples found: preseq
[2022-08-05 11:08:58,964] multiqc                                            [DEBUG  ]  No samples found: quast
[2022-08-05 11:08:59,201] multiqc                                            [DEBUG  ]  No samples found: qorts
[2022-08-05 11:08:59,207] multiqc                                            [DEBUG  ]  No samples found: rna_seqc
[2022-08-05 11:08:59,212] multiqc                                            [DEBUG  ]  No samples found: rockhopper
[2022-08-05 11:08:59,216] multiqc                                            [DEBUG  ]  No samples found: rsem
[2022-08-05 11:08:59,694] multiqc                                            [DEBUG  ]  No samples found: rseqc
[2022-08-05 11:08:59,697] multiqc                                            [DEBUG  ]  No samples found: busco
[2022-08-05 11:08:59,702] multiqc                                            [DEBUG  ]  No samples found: bustools
[2022-08-05 11:08:59,706] multiqc                                            [DEBUG  ]  No samples found: goleft_indexcov
[2022-08-05 11:08:59,711] multiqc                                            [DEBUG  ]  No samples found: gffcompare
[2022-08-05 11:08:59,716] multiqc                                            [DEBUG  ]  No samples found: disambiguate
[2022-08-05 11:08:59,721] multiqc                                            [DEBUG  ]  No samples found: supernova
[2022-08-05 11:08:59,738] multiqc                                            [DEBUG  ]  No samples found: deeptools
[2022-08-05 11:08:59,742] multiqc                                            [DEBUG  ]  No samples found: sargasso
[2022-08-05 11:08:59,747] multiqc                                            [DEBUG  ]  No samples found: verifybamid
[2022-08-05 11:08:59,752] multiqc                                            [DEBUG  ]  No samples found: mirtrace
[2022-08-05 11:08:59,756] multiqc                                            [DEBUG  ]  No samples found: happy
[2022-08-05 11:08:59,761] multiqc                                            [DEBUG  ]  No samples found: mirtop
[2022-08-05 11:08:59,766] multiqc                                            [DEBUG  ]  No samples found: sambamba
[2022-08-05 11:08:59,773] multiqc                                            [DEBUG  ]  No samples found: homer
[2022-08-05 11:08:59,777] multiqc                                            [DEBUG  ]  No samples found: hops
[2022-08-05 11:08:59,781] multiqc                                            [DEBUG  ]  No samples found: macs2
[2022-08-05 11:08:59,785] multiqc                                            [DEBUG  ]  No samples found: theta2
[2022-08-05 11:08:59,790] multiqc                                            [DEBUG  ]  No samples found: snpeff
[2022-08-05 11:08:59,797] multiqc                                            [DEBUG  ]  No samples found: gatk
[2022-08-05 11:08:59,801] multiqc                                            [DEBUG  ]  No samples found: htseq
[2022-08-05 11:08:59,806] multiqc                                            [DEBUG  ]  No samples found: bcftools
[2022-08-05 11:08:59,810] multiqc                                            [DEBUG  ]  No samples found: featureCounts
[2022-08-05 11:08:59,817] multiqc                                            [DEBUG  ]  No samples found: fgbio
[2022-08-05 11:08:59,832] multiqc                                            [DEBUG  ]  No samples found: dragen
[2022-08-05 11:08:59,836] multiqc                                            [DEBUG  ]  No samples found: dedup
[2022-08-05 11:08:59,841] multiqc                                            [DEBUG  ]  No samples found: damageprofiler
[2022-08-05 11:08:59,876] multiqc                                            [DEBUG  ]  No samples found: biobambam2
[2022-08-05 11:08:59,880] multiqc                                            [DEBUG  ]  No samples found: jcvi
[2022-08-05 11:08:59,884] multiqc                                            [DEBUG  ]  No samples found: mtnucratio
[2022-08-05 11:08:59,886] multiqc                                            [DEBUG  ]  No samples found: picard
[2022-08-05 11:08:59,891] multiqc                                            [DEBUG  ]  No samples found: vep
[2022-08-05 11:08:59,901] multiqc                                            [DEBUG  ]  No samples found: sentieon
[2022-08-05 11:08:59,909] multiqc                                            [DEBUG  ]  No samples found: prokka
[2022-08-05 11:09:00,148] multiqc                                            [DEBUG  ]  No samples found: qc3C
[2022-08-05 11:09:00,154] multiqc                                            [DEBUG  ]  No samples found: nanostat
[2022-08-05 11:09:00,158] multiqc                                            [DEBUG  ]  No samples found: samblaster
[2022-08-05 11:09:00,169] multiqc                                            [DEBUG  ]  No samples found: samtools
[2022-08-05 11:09:00,174] multiqc                                            [DEBUG  ]  No samples found: sexdeterrmine
[2022-08-05 11:09:00,178] multiqc                                            [DEBUG  ]  No samples found: eigenstratdatabasetools
[2022-08-05 11:09:00,183] multiqc                                            [DEBUG  ]  No samples found: bamtools
[2022-08-05 11:09:00,416] multiqc                                            [DEBUG  ]  No samples found: jellyfish
[2022-08-05 11:09:00,655] multiqc                                            [DEBUG  ]  No samples found: vcftools
[2022-08-05 11:09:00,660] multiqc                                            [DEBUG  ]  No samples found: longranger
[2022-08-05 11:09:00,665] multiqc                                            [DEBUG  ]  No samples found: stacks
[2022-08-05 11:09:00,669] multiqc                                            [DEBUG  ]  No samples found: varscan2
[2022-08-05 11:09:00,674] multiqc                                            [DEBUG  ]  No samples found: snippy
[2022-08-05 11:09:00,690] multiqc                                            [DEBUG  ]  No samples found: bbmap
[2022-08-05 11:09:00,696] multiqc                                            [DEBUG  ]  No samples found: bismark
[2022-08-05 11:09:00,704] multiqc                                            [DEBUG  ]  No samples found: biscuit
[2022-08-05 11:09:00,709] multiqc                                            [DEBUG  ]  No samples found: hicexplorer
[2022-08-05 11:09:00,714] multiqc                                            [DEBUG  ]  No samples found: hicup
[2022-08-05 11:09:00,719] multiqc                                            [DEBUG  ]  No samples found: hicpro
[2022-08-05 11:09:00,723] multiqc                                            [DEBUG  ]  No samples found: salmon
[2022-08-05 11:09:00,727] multiqc                                            [DEBUG  ]  No samples found: kallisto
[2022-08-05 11:09:00,733] multiqc                                            [DEBUG  ]  No samples found: slamdunk
[2022-08-05 11:09:00,738] multiqc                                            [DEBUG  ]  No samples found: star
[2022-08-05 11:09:00,742] multiqc                                            [DEBUG  ]  No samples found: hisat2
[2022-08-05 11:09:00,747] multiqc                                            [DEBUG  ]  No samples found: tophat
[2022-08-05 11:09:00,751] multiqc                                            [DEBUG  ]  No samples found: bowtie2
[2022-08-05 11:09:00,985] multiqc                                            [DEBUG  ]  No samples found: bowtie1
[2022-08-05 11:09:00,989] multiqc                                            [DEBUG  ]  No samples found: snpsplit
[2022-08-05 11:09:00,994] multiqc                                            [DEBUG  ]  No samples found: odgi
[2022-08-05 11:09:00,999] multiqc                                            [DEBUG  ]  No samples found: pangolin
[2022-08-05 11:09:01,233] multiqc                                            [DEBUG  ]  No samples found: kat
[2022-08-05 11:09:01,238] multiqc                                            [DEBUG  ]  No samples found: leehom
[2022-08-05 11:09:01,243] multiqc                                            [DEBUG  ]  No samples found: adapterRemoval
[2022-08-05 11:09:01,247] multiqc                                            [DEBUG  ]  No samples found: clipandmerge
[2022-08-05 11:09:01,481] multiqc                                            [DEBUG  ]  No samples found: cutadapt
[2022-08-05 11:09:01,485] multiqc                                            [DEBUG  ]  No samples found: flexbar
[2022-08-05 11:09:01,490] multiqc                                            [DEBUG  ]  No samples found: kaiju
[2022-08-05 11:09:01,496] multiqc                                            [DEBUG  ]  No samples found: kraken
[2022-08-05 11:09:01,501] multiqc                                            [DEBUG  ]  No samples found: malt
[2022-08-05 11:09:01,505] multiqc                                            [DEBUG  ]  No samples found: trimmomatic
[2022-08-05 11:09:01,509] multiqc                                            [DEBUG  ]  No samples found: sickle
[2022-08-05 11:09:01,513] multiqc                                            [DEBUG  ]  No samples found: skewer
[2022-08-05 11:09:01,517] multiqc                                            [DEBUG  ]  No samples found: sortmerna
[2022-08-05 11:09:01,521] multiqc                                            [DEBUG  ]  No samples found: biobloomtools
[2022-08-05 11:09:01,526] multiqc                                            [DEBUG  ]  No samples found: fastq_screen
[2022-08-05 11:09:01,531] multiqc                                            [DEBUG  ]  No samples found: afterqc
[2022-08-05 11:09:01,536] multiqc                                            [DEBUG  ]  No samples found: fastp
[2022-08-05 11:09:02,259] multiqc.modules.fastqc.fastqc                      [INFO   ]  Found 4 reports
[2022-08-05 11:09:02,339] multiqc                                            [DEBUG  ]  No samples found: pychopper
[2022-08-05 11:09:02,344] multiqc                                            [DEBUG  ]  No samples found: pycoqc
[2022-08-05 11:09:02,348] multiqc                                            [DEBUG  ]  No samples found: minionqc
[2022-08-05 11:09:02,353] multiqc                                            [DEBUG  ]  No samples found: multivcfanalyzer
[2022-08-05 11:09:02,358] multiqc                                            [DEBUG  ]  No samples found: clusterflow
[2022-08-05 11:09:02,594] multiqc                                            [DEBUG  ]  No samples found: bcl2fastq
[2022-08-05 11:09:02,602] multiqc                                            [DEBUG  ]  No samples found: bclconvert
[2022-08-05 11:09:02,607] multiqc                                            [DEBUG  ]  No samples found: interop
[2022-08-05 11:09:02,612] multiqc                                            [DEBUG  ]  No samples found: ivar
[2022-08-05 11:09:02,617] multiqc                                            [DEBUG  ]  No samples found: flash
[2022-08-05 11:09:02,621] multiqc                                            [DEBUG  ]  No samples found: seqyclean
[2022-08-05 11:09:02,626] multiqc                                            [DEBUG  ]  No samples found: optitype
[2022-08-05 11:09:02,630] multiqc                                            [INFO   ]  Compressing plot data
[2022-08-05 11:09:02,721] multiqc                                            [INFO   ]  Report      : 8509_MGSD_CSIRO.qc.stats/multiqc_report.html
[2022-08-05 11:09:02,722] multiqc                                            [INFO   ]  Data        : 8509_MGSD_CSIRO.qc.stats/multiqc_data
[2022-08-05 11:09:02,722] multiqc                                            [DEBUG  ]  Moving data file from '/tmp/smi9a9.8585680/tmpaimmenkj/multiqc_data' to '8509_MGSD_CSIRO.qc.stats/multiqc_data'
[2022-08-05 11:09:03,960] multiqc                                            [INFO   ]  MultiQC complete
