[2022-08-05 11:09:48,387] multiqc                                            [DEBUG  ]  This is MultiQC v1.11
[2022-08-05 11:09:48,387] multiqc                                            [DEBUG  ]  No MultiQC config found: /apps/multiqc/1.11/lib/python3.9/site-packages/multiqc_config.yaml
[2022-08-05 11:09:48,387] multiqc                                            [DEBUG  ]  No MultiQC config found: /home/smi9a9/.multiqc_config.yaml
[2022-08-05 11:09:49,125] multiqc                                            [DEBUG  ]  No MultiQC config found: multiqc_config.yaml
[2022-08-05 11:09:49,125] multiqc                                            [DEBUG  ]  Command used: /apps/multiqc/1.11/bin/multiqc ./7861_combined_merged_fastqc.html ./7861_combined_merged_fastqc.zip ./7861_combined_merged.fastq.gz ./7861_combined_R1p_fastqc.html ./7861_combined_R1p_fastqc.zip ./7861_combined_R1p.fastq.gz ./7861_combined_R1R2u_fastqc.html ./7861_combined_R1R2u_fastqc.zip ./7861_combined_R1R2u.fastq.gz ./7861_combined_R2p_fastqc.html ./7861_combined_R2p_fastqc.zip ./7861_combined_R2p.fastq.gz ./7861_QCreads.md5 -o 7861_MGSD_CSIRO.qc.stats
[2022-08-05 11:09:49,128] multiqc                                            [DEBUG  ]  Could not connect to multiqc.info for version check: <urlopen error [Errno 111] Connection refused>
[2022-08-05 11:09:49,128] multiqc                                            [DEBUG  ]  Command     : /apps/multiqc/1.11/bin/multiqc ./7861_combined_merged_fastqc.html ./7861_combined_merged_fastqc.zip ./7861_combined_merged.fastq.gz ./7861_combined_R1p_fastqc.html ./7861_combined_R1p_fastqc.zip ./7861_combined_R1p.fastq.gz ./7861_combined_R1R2u_fastqc.html ./7861_combined_R1R2u_fastqc.zip ./7861_combined_R1R2u.fastq.gz ./7861_combined_R2p_fastqc.html ./7861_combined_R2p_fastqc.zip ./7861_combined_R2p.fastq.gz ./7861_QCreads.md5 -o 7861_MGSD_CSIRO.qc.stats
[2022-08-05 11:09:49,128] multiqc                                            [DEBUG  ]  Working dir : /datasets/work/oa-amd/work/amd/Metagenome_QC_reads
[2022-08-05 11:09:49,128] multiqc                                            [DEBUG  ]  Template    : default
[2022-08-05 11:09:49,128] multiqc                                            [DEBUG  ]  Running Python 3.9.4 (default, Apr 25 2021, 16:13:27)  [GCC 10.3.0]
[2022-08-05 11:09:49,128] multiqc                                            [DEBUG  ]  Analysing modules: custom_content, ccs, ngsderive, purple, conpair, lima, peddy, somalier, methylQA, mosdepth, phantompeakqualtools, qualimap, preseq, quast, qorts, rna_seqc, rockhopper, rsem, rseqc, busco, bustools, goleft_indexcov, gffcompare, disambiguate, supernova, deeptools, sargasso, verifybamid, mirtrace, happy, mirtop, sambamba, homer, hops, macs2, theta2, snpeff, gatk, htseq, bcftools, featureCounts, fgbio, dragen, dedup, damageprofiler, biobambam2, jcvi, mtnucratio, picard, vep, sentieon, prokka, qc3C, nanostat, samblaster, samtools, sexdeterrmine, eigenstratdatabasetools, bamtools, jellyfish, vcftools, longranger, stacks, varscan2, snippy, bbmap, bismark, biscuit, hicexplorer, hicup, hicpro, salmon, kallisto, slamdunk, star, hisat2, tophat, bowtie2, bowtie1, snpsplit, odgi, pangolin, kat, leehom, adapterRemoval, clipandmerge, cutadapt, flexbar, kaiju, kraken, malt, trimmomatic, sickle, skewer, sortmerna, biobloomtools, fastq_screen, afterqc, fastp, fastqc, pychopper, pycoqc, minionqc, multivcfanalyzer, clusterflow, bcl2fastq, bclconvert, interop, ivar, flash, seqyclean, optitype
[2022-08-05 11:09:49,128] multiqc                                            [DEBUG  ]  Using temporary directory for creating report: /tmp/smi9a9.8585823/tmpqmu9m_4u
[2022-08-05 11:09:49,191] multiqc                                            [INFO   ]  Search path : /datasets/work/oa-amd/work/amd/Metagenome_QC_reads/7861_combined_merged_fastqc.html
[2022-08-05 11:09:49,191] multiqc                                            [INFO   ]  Search path : /datasets/work/oa-amd/work/amd/Metagenome_QC_reads/7861_combined_merged_fastqc.zip
[2022-08-05 11:09:49,191] multiqc                                            [INFO   ]  Search path : /datasets/work/oa-amd/work/amd/Metagenome_QC_reads/7861_combined_merged.fastq.gz
[2022-08-05 11:09:49,191] multiqc                                            [INFO   ]  Search path : /datasets/work/oa-amd/work/amd/Metagenome_QC_reads/7861_combined_R1p_fastqc.html
[2022-08-05 11:09:49,191] multiqc                                            [INFO   ]  Search path : /datasets/work/oa-amd/work/amd/Metagenome_QC_reads/7861_combined_R1p_fastqc.zip
[2022-08-05 11:09:49,191] multiqc                                            [INFO   ]  Search path : /datasets/work/oa-amd/work/amd/Metagenome_QC_reads/7861_combined_R1p.fastq.gz
[2022-08-05 11:09:49,191] multiqc                                            [INFO   ]  Search path : /datasets/work/oa-amd/work/amd/Metagenome_QC_reads/7861_combined_R1R2u_fastqc.html
[2022-08-05 11:09:49,191] multiqc                                            [INFO   ]  Search path : /datasets/work/oa-amd/work/amd/Metagenome_QC_reads/7861_combined_R1R2u_fastqc.zip
[2022-08-05 11:09:49,191] multiqc                                            [INFO   ]  Search path : /datasets/work/oa-amd/work/amd/Metagenome_QC_reads/7861_combined_R1R2u.fastq.gz
[2022-08-05 11:09:49,191] multiqc                                            [INFO   ]  Search path : /datasets/work/oa-amd/work/amd/Metagenome_QC_reads/7861_combined_R2p_fastqc.html
[2022-08-05 11:09:49,191] multiqc                                            [INFO   ]  Search path : /datasets/work/oa-amd/work/amd/Metagenome_QC_reads/7861_combined_R2p_fastqc.zip
[2022-08-05 11:09:49,191] multiqc                                            [INFO   ]  Search path : /datasets/work/oa-amd/work/amd/Metagenome_QC_reads/7861_combined_R2p.fastq.gz
[2022-08-05 11:09:49,191] multiqc                                            [INFO   ]  Search path : /datasets/work/oa-amd/work/amd/Metagenome_QC_reads/7861_QCreads.md5
[2022-08-05 11:09:49,496] multiqc                                            [DEBUG  ]  File ignored by ccs/v4 because it exceeded search pattern filesize limit: 7861_combined_merged_fastqc.html
[2022-08-05 11:09:49,532] multiqc                                            [DEBUG  ]  File ignored by hicexplorer because it exceeded search pattern filesize limit: 7861_combined_merged_fastqc.html
[2022-08-05 11:09:49,533] multiqc                                            [DEBUG  ]  File ignored by nanostat because it exceeded search pattern filesize limit: 7861_combined_merged_fastqc.html
[2022-08-05 11:09:49,533] multiqc                                            [DEBUG  ]  File ignored by lima/summary because it exceeded search pattern filesize limit: 7861_combined_merged_fastqc.html
[2022-08-05 11:09:49,555] multiqc                                            [DEBUG  ]  File ignored by vep/vep_txt because it exceeded search pattern filesize limit: 7861_combined_merged_fastqc.html
[2022-08-05 11:09:49,555] multiqc                                            [DEBUG  ]  File ignored by longranger/invocation because it exceeded search pattern filesize limit: 7861_combined_merged_fastqc.html
[2022-08-05 11:09:49,555] multiqc                                            [DEBUG  ]  File ignored by rockhopper because it exceeded search pattern filesize limit: 7861_combined_merged_fastqc.html
[2022-08-05 11:09:49,555] multiqc                                            [DEBUG  ]  File ignored by rseqc/bam_stat because it exceeded search pattern filesize limit: 7861_combined_merged_fastqc.html
[2022-08-05 11:09:49,555] multiqc                                            [DEBUG  ]  File ignored by rseqc/junction_annotation because it exceeded search pattern filesize limit: 7861_combined_merged_fastqc.html
[2022-08-05 11:09:49,555] multiqc                                            [DEBUG  ]  File ignored by rseqc/read_distribution because it exceeded search pattern filesize limit: 7861_combined_merged_fastqc.html
[2022-08-05 11:09:49,555] multiqc                                            [DEBUG  ]  File ignored by rseqc/infer_experiment because it exceeded search pattern filesize limit: 7861_combined_merged_fastqc.html
[2022-08-05 11:09:49,661] multiqc                                            [DEBUG  ]  Ignoring file as matched an ignore pattern: 7861_combined_merged.fastq.gz
[2022-08-05 11:09:49,757] multiqc                                            [DEBUG  ]  File ignored by ccs/v4 because it exceeded search pattern filesize limit: 7861_combined_R1p_fastqc.html
[2022-08-05 11:09:49,767] multiqc                                            [DEBUG  ]  File ignored by hicexplorer because it exceeded search pattern filesize limit: 7861_combined_R1p_fastqc.html
[2022-08-05 11:09:49,768] multiqc                                            [DEBUG  ]  File ignored by nanostat because it exceeded search pattern filesize limit: 7861_combined_R1p_fastqc.html
[2022-08-05 11:09:49,768] multiqc                                            [DEBUG  ]  File ignored by lima/summary because it exceeded search pattern filesize limit: 7861_combined_R1p_fastqc.html
[2022-08-05 11:09:50,018] multiqc                                            [DEBUG  ]  File ignored by vep/vep_txt because it exceeded search pattern filesize limit: 7861_combined_R1p_fastqc.html
[2022-08-05 11:09:50,018] multiqc                                            [DEBUG  ]  File ignored by longranger/invocation because it exceeded search pattern filesize limit: 7861_combined_R1p_fastqc.html
[2022-08-05 11:09:50,018] multiqc                                            [DEBUG  ]  File ignored by rockhopper because it exceeded search pattern filesize limit: 7861_combined_R1p_fastqc.html
[2022-08-05 11:09:50,018] multiqc                                            [DEBUG  ]  File ignored by rseqc/bam_stat because it exceeded search pattern filesize limit: 7861_combined_R1p_fastqc.html
[2022-08-05 11:09:50,018] multiqc                                            [DEBUG  ]  File ignored by rseqc/junction_annotation because it exceeded search pattern filesize limit: 7861_combined_R1p_fastqc.html
[2022-08-05 11:09:50,018] multiqc                                            [DEBUG  ]  File ignored by rseqc/read_distribution because it exceeded search pattern filesize limit: 7861_combined_R1p_fastqc.html
[2022-08-05 11:09:50,018] multiqc                                            [DEBUG  ]  File ignored by rseqc/infer_experiment because it exceeded search pattern filesize limit: 7861_combined_R1p_fastqc.html
[2022-08-05 11:09:50,367] multiqc                                            [DEBUG  ]  Ignoring file as matched an ignore pattern: 7861_combined_R1p.fastq.gz
[2022-08-05 11:09:50,428] multiqc                                            [DEBUG  ]  File ignored by ccs/v4 because it exceeded search pattern filesize limit: 7861_combined_R1R2u_fastqc.html
[2022-08-05 11:09:50,447] multiqc                                            [DEBUG  ]  File ignored by hicexplorer because it exceeded search pattern filesize limit: 7861_combined_R1R2u_fastqc.html
[2022-08-05 11:09:50,448] multiqc                                            [DEBUG  ]  File ignored by nanostat because it exceeded search pattern filesize limit: 7861_combined_R1R2u_fastqc.html
[2022-08-05 11:09:50,448] multiqc                                            [DEBUG  ]  File ignored by lima/summary because it exceeded search pattern filesize limit: 7861_combined_R1R2u_fastqc.html
[2022-08-05 11:09:50,474] multiqc                                            [DEBUG  ]  File ignored by vep/vep_txt because it exceeded search pattern filesize limit: 7861_combined_R1R2u_fastqc.html
[2022-08-05 11:09:50,474] multiqc                                            [DEBUG  ]  File ignored by longranger/invocation because it exceeded search pattern filesize limit: 7861_combined_R1R2u_fastqc.html
[2022-08-05 11:09:50,474] multiqc                                            [DEBUG  ]  File ignored by rockhopper because it exceeded search pattern filesize limit: 7861_combined_R1R2u_fastqc.html
[2022-08-05 11:09:50,474] multiqc                                            [DEBUG  ]  File ignored by rseqc/bam_stat because it exceeded search pattern filesize limit: 7861_combined_R1R2u_fastqc.html
[2022-08-05 11:09:50,474] multiqc                                            [DEBUG  ]  File ignored by rseqc/junction_annotation because it exceeded search pattern filesize limit: 7861_combined_R1R2u_fastqc.html
[2022-08-05 11:09:50,474] multiqc                                            [DEBUG  ]  File ignored by rseqc/read_distribution because it exceeded search pattern filesize limit: 7861_combined_R1R2u_fastqc.html
[2022-08-05 11:09:50,474] multiqc                                            [DEBUG  ]  File ignored by rseqc/infer_experiment because it exceeded search pattern filesize limit: 7861_combined_R1R2u_fastqc.html
[2022-08-05 11:09:50,591] multiqc                                            [DEBUG  ]  Ignoring file as matched an ignore pattern: 7861_combined_R1R2u.fastq.gz
[2022-08-05 11:09:50,624] multiqc                                            [DEBUG  ]  File ignored by ccs/v4 because it exceeded search pattern filesize limit: 7861_combined_R2p_fastqc.html
[2022-08-05 11:09:50,636] multiqc                                            [DEBUG  ]  File ignored by hicexplorer because it exceeded search pattern filesize limit: 7861_combined_R2p_fastqc.html
[2022-08-05 11:09:50,637] multiqc                                            [DEBUG  ]  File ignored by nanostat because it exceeded search pattern filesize limit: 7861_combined_R2p_fastqc.html
[2022-08-05 11:09:50,637] multiqc                                            [DEBUG  ]  File ignored by lima/summary because it exceeded search pattern filesize limit: 7861_combined_R2p_fastqc.html
[2022-08-05 11:09:50,670] multiqc                                            [DEBUG  ]  File ignored by vep/vep_txt because it exceeded search pattern filesize limit: 7861_combined_R2p_fastqc.html
[2022-08-05 11:09:50,670] multiqc                                            [DEBUG  ]  File ignored by longranger/invocation because it exceeded search pattern filesize limit: 7861_combined_R2p_fastqc.html
[2022-08-05 11:09:50,670] multiqc                                            [DEBUG  ]  File ignored by rockhopper because it exceeded search pattern filesize limit: 7861_combined_R2p_fastqc.html
[2022-08-05 11:09:50,671] multiqc                                            [DEBUG  ]  File ignored by rseqc/bam_stat because it exceeded search pattern filesize limit: 7861_combined_R2p_fastqc.html
[2022-08-05 11:09:50,671] multiqc                                            [DEBUG  ]  File ignored by rseqc/junction_annotation because it exceeded search pattern filesize limit: 7861_combined_R2p_fastqc.html
[2022-08-05 11:09:50,671] multiqc                                            [DEBUG  ]  File ignored by rseqc/read_distribution because it exceeded search pattern filesize limit: 7861_combined_R2p_fastqc.html
[2022-08-05 11:09:50,671] multiqc                                            [DEBUG  ]  File ignored by rseqc/infer_experiment because it exceeded search pattern filesize limit: 7861_combined_R2p_fastqc.html
[2022-08-05 11:09:50,781] multiqc                                            [DEBUG  ]  Ignoring file as matched an ignore pattern: 7861_combined_R2p.fastq.gz
[2022-08-05 11:09:50,782] multiqc                                            [DEBUG  ]  Ignoring file as matched an ignore pattern: 7861_QCreads.md5
[2022-08-05 11:09:51,703] multiqc.plots.bargraph                             [DEBUG  ]  Using matplotlib version 3.3.4
[2022-08-05 11:09:51,707] multiqc.plots.linegraph                            [DEBUG  ]  Using matplotlib version 3.3.4
[2022-08-05 11:09:51,710] multiqc                                            [DEBUG  ]  No samples found: custom_content
[2022-08-05 11:09:51,714] multiqc                                            [DEBUG  ]  No samples found: ccs
[2022-08-05 11:09:51,720] multiqc                                            [DEBUG  ]  No samples found: ngsderive
[2022-08-05 11:09:51,724] multiqc                                            [DEBUG  ]  No samples found: purple
[2022-08-05 11:09:51,728] multiqc                                            [DEBUG  ]  No samples found: conpair
[2022-08-05 11:09:51,732] multiqc                                            [DEBUG  ]  No samples found: lima
[2022-08-05 11:09:51,738] multiqc                                            [DEBUG  ]  No samples found: peddy
[2022-08-05 11:09:51,744] multiqc                                            [DEBUG  ]  No samples found: somalier
[2022-08-05 11:09:51,748] multiqc                                            [DEBUG  ]  No samples found: methylQA
[2022-08-05 11:09:51,757] multiqc.modules.mosdepth.mosdepth                  [DEBUG  ]  include_contigs: []
[2022-08-05 11:09:51,757] multiqc.modules.mosdepth.mosdepth                  [DEBUG  ]  exclude_contigs: []
[2022-08-05 11:09:51,757] multiqc                                            [DEBUG  ]  No samples found: mosdepth
[2022-08-05 11:09:51,761] multiqc                                            [DEBUG  ]  No samples found: phantompeakqualtools
[2022-08-05 11:09:51,765] multiqc                                            [DEBUG  ]  No samples found: qualimap
[2022-08-05 11:09:51,770] multiqc                                            [DEBUG  ]  No samples found: preseq
[2022-08-05 11:09:51,775] multiqc                                            [DEBUG  ]  No samples found: quast
[2022-08-05 11:09:51,780] multiqc                                            [DEBUG  ]  No samples found: qorts
[2022-08-05 11:09:51,785] multiqc                                            [DEBUG  ]  No samples found: rna_seqc
[2022-08-05 11:09:51,790] multiqc                                            [DEBUG  ]  No samples found: rockhopper
[2022-08-05 11:09:51,794] multiqc                                            [DEBUG  ]  No samples found: rsem
[2022-08-05 11:09:51,807] multiqc                                            [DEBUG  ]  No samples found: rseqc
[2022-08-05 11:09:51,812] multiqc                                            [DEBUG  ]  No samples found: busco
[2022-08-05 11:09:51,816] multiqc                                            [DEBUG  ]  No samples found: bustools
[2022-08-05 11:09:51,821] multiqc                                            [DEBUG  ]  No samples found: goleft_indexcov
[2022-08-05 11:09:52,063] multiqc                                            [DEBUG  ]  No samples found: gffcompare
[2022-08-05 11:09:52,067] multiqc                                            [DEBUG  ]  No samples found: disambiguate
[2022-08-05 11:09:52,073] multiqc                                            [DEBUG  ]  No samples found: supernova
[2022-08-05 11:09:52,088] multiqc                                            [DEBUG  ]  No samples found: deeptools
[2022-08-05 11:09:52,092] multiqc                                            [DEBUG  ]  No samples found: sargasso
[2022-08-05 11:09:52,096] multiqc                                            [DEBUG  ]  No samples found: verifybamid
[2022-08-05 11:09:52,102] multiqc                                            [DEBUG  ]  No samples found: mirtrace
[2022-08-05 11:09:52,106] multiqc                                            [DEBUG  ]  No samples found: happy
[2022-08-05 11:09:52,111] multiqc                                            [DEBUG  ]  No samples found: mirtop
[2022-08-05 11:09:52,116] multiqc                                            [DEBUG  ]  No samples found: sambamba
[2022-08-05 11:09:52,124] multiqc                                            [DEBUG  ]  No samples found: homer
[2022-08-05 11:09:52,128] multiqc                                            [DEBUG  ]  No samples found: hops
[2022-08-05 11:09:52,132] multiqc                                            [DEBUG  ]  No samples found: macs2
[2022-08-05 11:09:52,135] multiqc                                            [DEBUG  ]  No samples found: theta2
[2022-08-05 11:09:52,140] multiqc                                            [DEBUG  ]  No samples found: snpeff
[2022-08-05 11:09:52,147] multiqc                                            [DEBUG  ]  No samples found: gatk
[2022-08-05 11:09:52,151] multiqc                                            [DEBUG  ]  No samples found: htseq
[2022-08-05 11:09:52,156] multiqc                                            [DEBUG  ]  No samples found: bcftools
[2022-08-05 11:09:52,160] multiqc                                            [DEBUG  ]  No samples found: featureCounts
[2022-08-05 11:09:52,166] multiqc                                            [DEBUG  ]  No samples found: fgbio
[2022-08-05 11:09:52,182] multiqc                                            [DEBUG  ]  No samples found: dragen
[2022-08-05 11:09:52,186] multiqc                                            [DEBUG  ]  No samples found: dedup
[2022-08-05 11:09:52,191] multiqc                                            [DEBUG  ]  No samples found: damageprofiler
[2022-08-05 11:09:52,225] multiqc                                            [DEBUG  ]  No samples found: biobambam2
[2022-08-05 11:09:52,230] multiqc                                            [DEBUG  ]  No samples found: jcvi
[2022-08-05 11:09:52,234] multiqc                                            [DEBUG  ]  No samples found: mtnucratio
[2022-08-05 11:09:52,236] multiqc                                            [DEBUG  ]  No samples found: picard
[2022-08-05 11:09:52,241] multiqc                                            [DEBUG  ]  No samples found: vep
[2022-08-05 11:09:52,478] multiqc                                            [DEBUG  ]  No samples found: sentieon
[2022-08-05 11:09:52,483] multiqc                                            [DEBUG  ]  No samples found: prokka
[2022-08-05 11:09:52,490] multiqc                                            [DEBUG  ]  No samples found: qc3C
[2022-08-05 11:09:52,494] multiqc                                            [DEBUG  ]  No samples found: nanostat
[2022-08-05 11:09:52,498] multiqc                                            [DEBUG  ]  No samples found: samblaster
[2022-08-05 11:09:52,507] multiqc                                            [DEBUG  ]  No samples found: samtools
[2022-08-05 11:09:52,511] multiqc                                            [DEBUG  ]  No samples found: sexdeterrmine
[2022-08-05 11:09:52,515] multiqc                                            [DEBUG  ]  No samples found: eigenstratdatabasetools
[2022-08-05 11:09:52,520] multiqc                                            [DEBUG  ]  No samples found: bamtools
[2022-08-05 11:09:52,524] multiqc                                            [DEBUG  ]  No samples found: jellyfish
[2022-08-05 11:09:52,761] multiqc                                            [DEBUG  ]  No samples found: vcftools
[2022-08-05 11:09:52,766] multiqc                                            [DEBUG  ]  No samples found: longranger
[2022-08-05 11:09:52,771] multiqc                                            [DEBUG  ]  No samples found: stacks
[2022-08-05 11:09:52,775] multiqc                                            [DEBUG  ]  No samples found: varscan2
[2022-08-05 11:09:52,779] multiqc                                            [DEBUG  ]  No samples found: snippy
[2022-08-05 11:09:52,795] multiqc                                            [DEBUG  ]  No samples found: bbmap
[2022-08-05 11:09:52,801] multiqc                                            [DEBUG  ]  No samples found: bismark
[2022-08-05 11:09:52,809] multiqc                                            [DEBUG  ]  No samples found: biscuit
[2022-08-05 11:09:52,813] multiqc                                            [DEBUG  ]  No samples found: hicexplorer
[2022-08-05 11:09:52,818] multiqc                                            [DEBUG  ]  No samples found: hicup
[2022-08-05 11:09:52,823] multiqc                                            [DEBUG  ]  No samples found: hicpro
[2022-08-05 11:09:52,827] multiqc                                            [DEBUG  ]  No samples found: salmon
[2022-08-05 11:09:52,831] multiqc                                            [DEBUG  ]  No samples found: kallisto
[2022-08-05 11:09:52,837] multiqc                                            [DEBUG  ]  No samples found: slamdunk
[2022-08-05 11:09:52,842] multiqc                                            [DEBUG  ]  No samples found: star
[2022-08-05 11:09:52,846] multiqc                                            [DEBUG  ]  No samples found: hisat2
[2022-08-05 11:09:52,850] multiqc                                            [DEBUG  ]  No samples found: tophat
[2022-08-05 11:09:52,854] multiqc                                            [DEBUG  ]  No samples found: bowtie2
[2022-08-05 11:09:52,858] multiqc                                            [DEBUG  ]  No samples found: bowtie1
[2022-08-05 11:09:52,862] multiqc                                            [DEBUG  ]  No samples found: snpsplit
[2022-08-05 11:09:52,867] multiqc                                            [DEBUG  ]  No samples found: odgi
[2022-08-05 11:09:52,871] multiqc                                            [DEBUG  ]  No samples found: pangolin
[2022-08-05 11:09:52,876] multiqc                                            [DEBUG  ]  No samples found: kat
[2022-08-05 11:09:52,880] multiqc                                            [DEBUG  ]  No samples found: leehom
[2022-08-05 11:09:52,885] multiqc                                            [DEBUG  ]  No samples found: adapterRemoval
[2022-08-05 11:09:52,889] multiqc                                            [DEBUG  ]  No samples found: clipandmerge
[2022-08-05 11:09:52,893] multiqc                                            [DEBUG  ]  No samples found: cutadapt
[2022-08-05 11:09:52,897] multiqc                                            [DEBUG  ]  No samples found: flexbar
[2022-08-05 11:09:52,902] multiqc                                            [DEBUG  ]  No samples found: kaiju
[2022-08-05 11:09:52,907] multiqc                                            [DEBUG  ]  No samples found: kraken
[2022-08-05 11:09:52,912] multiqc                                            [DEBUG  ]  No samples found: malt
[2022-08-05 11:09:52,916] multiqc                                            [DEBUG  ]  No samples found: trimmomatic
[2022-08-05 11:09:52,920] multiqc                                            [DEBUG  ]  No samples found: sickle
[2022-08-05 11:09:52,924] multiqc                                            [DEBUG  ]  No samples found: skewer
[2022-08-05 11:09:52,929] multiqc                                            [DEBUG  ]  No samples found: sortmerna
[2022-08-05 11:09:52,933] multiqc                                            [DEBUG  ]  No samples found: biobloomtools
[2022-08-05 11:09:52,938] multiqc                                            [DEBUG  ]  No samples found: fastq_screen
[2022-08-05 11:09:52,942] multiqc                                            [DEBUG  ]  No samples found: afterqc
[2022-08-05 11:09:52,947] multiqc                                            [DEBUG  ]  No samples found: fastp
[2022-08-05 11:09:53,137] multiqc.modules.fastqc.fastqc                      [INFO   ]  Found 4 reports
[2022-08-05 11:09:53,184] multiqc                                            [DEBUG  ]  No samples found: pychopper
[2022-08-05 11:09:53,189] multiqc                                            [DEBUG  ]  No samples found: pycoqc
[2022-08-05 11:09:53,193] multiqc                                            [DEBUG  ]  No samples found: minionqc
[2022-08-05 11:09:53,198] multiqc                                            [DEBUG  ]  No samples found: multivcfanalyzer
[2022-08-05 11:09:53,203] multiqc                                            [DEBUG  ]  No samples found: clusterflow
[2022-08-05 11:09:53,208] multiqc                                            [DEBUG  ]  No samples found: bcl2fastq
[2022-08-05 11:09:53,215] multiqc                                            [DEBUG  ]  No samples found: bclconvert
[2022-08-05 11:09:53,221] multiqc                                            [DEBUG  ]  No samples found: interop
[2022-08-05 11:09:53,225] multiqc                                            [DEBUG  ]  No samples found: ivar
[2022-08-05 11:09:53,231] multiqc                                            [DEBUG  ]  No samples found: flash
[2022-08-05 11:09:53,235] multiqc                                            [DEBUG  ]  No samples found: seqyclean
[2022-08-05 11:09:53,239] multiqc                                            [DEBUG  ]  No samples found: optitype
[2022-08-05 11:09:53,243] multiqc                                            [INFO   ]  Compressing plot data
[2022-08-05 11:09:53,829] multiqc                                            [INFO   ]  Report      : 7861_MGSD_CSIRO.qc.stats/multiqc_report.html
[2022-08-05 11:09:53,829] multiqc                                            [INFO   ]  Data        : 7861_MGSD_CSIRO.qc.stats/multiqc_data
[2022-08-05 11:09:53,829] multiqc                                            [DEBUG  ]  Moving data file from '/tmp/smi9a9.8585823/tmpqmu9m_4u/multiqc_data' to '7861_MGSD_CSIRO.qc.stats/multiqc_data'
[2022-08-05 11:09:54,480] multiqc                                            [INFO   ]  MultiQC complete
