[2022-08-05 11:15:06,933] multiqc                                            [DEBUG  ]  This is MultiQC v1.11
[2022-08-05 11:15:06,933] multiqc                                            [DEBUG  ]  No MultiQC config found: /apps/multiqc/1.11/lib/python3.9/site-packages/multiqc_config.yaml
[2022-08-05 11:15:06,933] multiqc                                            [DEBUG  ]  No MultiQC config found: /home/smi9a9/.multiqc_config.yaml
[2022-08-05 11:15:13,198] multiqc                                            [DEBUG  ]  No MultiQC config found: multiqc_config.yaml
[2022-08-05 11:15:13,198] multiqc                                            [DEBUG  ]  Command used: /apps/multiqc/1.11/bin/multiqc ./138604_HJWT7DSX3-1_merged_fastqc.html ./138604_HJWT7DSX3-1_merged_fastqc.zip ./138604_HJWT7DSX3-1_merged.fastq.gz ./138604_HJWT7DSX3-1_R1p_fastqc.html ./138604_HJWT7DSX3-1_R1p_fastqc.zip ./138604_HJWT7DSX3-1_R1p.fastq.gz ./138604_HJWT7DSX3-1_R1R2u_fastqc.html ./138604_HJWT7DSX3-1_R1R2u_fastqc.zip ./138604_HJWT7DSX3-1_R1R2u.fastq.gz ./138604_HJWT7DSX3-1_R2p_fastqc.html ./138604_HJWT7DSX3-1_R2p_fastqc.zip ./138604_HJWT7DSX3-1_R2p.fastq.gz ./138604_QCreads.md5 -o 138604_MGSD_CSIRO.qc.stats
[2022-08-05 11:15:13,200] multiqc                                            [DEBUG  ]  Could not connect to multiqc.info for version check: <urlopen error [Errno 111] Connection refused>
[2022-08-05 11:15:13,200] multiqc                                            [DEBUG  ]  Command     : /apps/multiqc/1.11/bin/multiqc ./138604_HJWT7DSX3-1_merged_fastqc.html ./138604_HJWT7DSX3-1_merged_fastqc.zip ./138604_HJWT7DSX3-1_merged.fastq.gz ./138604_HJWT7DSX3-1_R1p_fastqc.html ./138604_HJWT7DSX3-1_R1p_fastqc.zip ./138604_HJWT7DSX3-1_R1p.fastq.gz ./138604_HJWT7DSX3-1_R1R2u_fastqc.html ./138604_HJWT7DSX3-1_R1R2u_fastqc.zip ./138604_HJWT7DSX3-1_R1R2u.fastq.gz ./138604_HJWT7DSX3-1_R2p_fastqc.html ./138604_HJWT7DSX3-1_R2p_fastqc.zip ./138604_HJWT7DSX3-1_R2p.fastq.gz ./138604_QCreads.md5 -o 138604_MGSD_CSIRO.qc.stats
[2022-08-05 11:15:13,200] multiqc                                            [DEBUG  ]  Working dir : /datasets/work/oa-amd/work/amd/Metagenome_QC_reads
[2022-08-05 11:15:13,200] multiqc                                            [DEBUG  ]  Template    : default
[2022-08-05 11:15:13,200] multiqc                                            [DEBUG  ]  Running Python 3.9.4 (default, Apr 25 2021, 16:13:27)  [GCC 10.3.0]
[2022-08-05 11:15:13,201] multiqc                                            [DEBUG  ]  Analysing modules: custom_content, ccs, ngsderive, purple, conpair, lima, peddy, somalier, methylQA, mosdepth, phantompeakqualtools, qualimap, preseq, quast, qorts, rna_seqc, rockhopper, rsem, rseqc, busco, bustools, goleft_indexcov, gffcompare, disambiguate, supernova, deeptools, sargasso, verifybamid, mirtrace, happy, mirtop, sambamba, homer, hops, macs2, theta2, snpeff, gatk, htseq, bcftools, featureCounts, fgbio, dragen, dedup, damageprofiler, biobambam2, jcvi, mtnucratio, picard, vep, sentieon, prokka, qc3C, nanostat, samblaster, samtools, sexdeterrmine, eigenstratdatabasetools, bamtools, jellyfish, vcftools, longranger, stacks, varscan2, snippy, bbmap, bismark, biscuit, hicexplorer, hicup, hicpro, salmon, kallisto, slamdunk, star, hisat2, tophat, bowtie2, bowtie1, snpsplit, odgi, pangolin, kat, leehom, adapterRemoval, clipandmerge, cutadapt, flexbar, kaiju, kraken, malt, trimmomatic, sickle, skewer, sortmerna, biobloomtools, fastq_screen, afterqc, fastp, fastqc, pychopper, pycoqc, minionqc, multivcfanalyzer, clusterflow, bcl2fastq, bclconvert, interop, ivar, flash, seqyclean, optitype
[2022-08-05 11:15:13,201] multiqc                                            [DEBUG  ]  Using temporary directory for creating report: /tmp/smi9a9.8586128/tmpxz0bth8x
[2022-08-05 11:15:13,264] multiqc                                            [INFO   ]  Search path : /datasets/work/oa-amd/work/amd/Metagenome_QC_reads/138604_HJWT7DSX3-1_merged_fastqc.html
[2022-08-05 11:15:13,264] multiqc                                            [INFO   ]  Search path : /datasets/work/oa-amd/work/amd/Metagenome_QC_reads/138604_HJWT7DSX3-1_merged_fastqc.zip
[2022-08-05 11:15:13,264] multiqc                                            [INFO   ]  Search path : /datasets/work/oa-amd/work/amd/Metagenome_QC_reads/138604_HJWT7DSX3-1_merged.fastq.gz
[2022-08-05 11:15:13,264] multiqc                                            [INFO   ]  Search path : /datasets/work/oa-amd/work/amd/Metagenome_QC_reads/138604_HJWT7DSX3-1_R1p_fastqc.html
[2022-08-05 11:15:13,265] multiqc                                            [INFO   ]  Search path : /datasets/work/oa-amd/work/amd/Metagenome_QC_reads/138604_HJWT7DSX3-1_R1p_fastqc.zip
[2022-08-05 11:15:13,265] multiqc                                            [INFO   ]  Search path : /datasets/work/oa-amd/work/amd/Metagenome_QC_reads/138604_HJWT7DSX3-1_R1p.fastq.gz
[2022-08-05 11:15:13,265] multiqc                                            [INFO   ]  Search path : /datasets/work/oa-amd/work/amd/Metagenome_QC_reads/138604_HJWT7DSX3-1_R1R2u_fastqc.html
[2022-08-05 11:15:13,265] multiqc                                            [INFO   ]  Search path : /datasets/work/oa-amd/work/amd/Metagenome_QC_reads/138604_HJWT7DSX3-1_R1R2u_fastqc.zip
[2022-08-05 11:15:13,265] multiqc                                            [INFO   ]  Search path : /datasets/work/oa-amd/work/amd/Metagenome_QC_reads/138604_HJWT7DSX3-1_R1R2u.fastq.gz
[2022-08-05 11:15:13,265] multiqc                                            [INFO   ]  Search path : /datasets/work/oa-amd/work/amd/Metagenome_QC_reads/138604_HJWT7DSX3-1_R2p_fastqc.html
[2022-08-05 11:15:13,265] multiqc                                            [INFO   ]  Search path : /datasets/work/oa-amd/work/amd/Metagenome_QC_reads/138604_HJWT7DSX3-1_R2p_fastqc.zip
[2022-08-05 11:15:13,265] multiqc                                            [INFO   ]  Search path : /datasets/work/oa-amd/work/amd/Metagenome_QC_reads/138604_HJWT7DSX3-1_R2p.fastq.gz
[2022-08-05 11:15:13,265] multiqc                                            [INFO   ]  Search path : /datasets/work/oa-amd/work/amd/Metagenome_QC_reads/138604_QCreads.md5
[2022-08-05 11:15:13,378] multiqc                                            [DEBUG  ]  File ignored by ccs/v4 because it exceeded search pattern filesize limit: 138604_HJWT7DSX3-1_merged_fastqc.html
[2022-08-05 11:15:13,386] multiqc                                            [DEBUG  ]  File ignored by hicexplorer because it exceeded search pattern filesize limit: 138604_HJWT7DSX3-1_merged_fastqc.html
[2022-08-05 11:15:13,387] multiqc                                            [DEBUG  ]  File ignored by nanostat because it exceeded search pattern filesize limit: 138604_HJWT7DSX3-1_merged_fastqc.html
[2022-08-05 11:15:13,387] multiqc                                            [DEBUG  ]  File ignored by lima/summary because it exceeded search pattern filesize limit: 138604_HJWT7DSX3-1_merged_fastqc.html
[2022-08-05 11:15:13,401] multiqc                                            [DEBUG  ]  File ignored by vep/vep_txt because it exceeded search pattern filesize limit: 138604_HJWT7DSX3-1_merged_fastqc.html
[2022-08-05 11:15:13,401] multiqc                                            [DEBUG  ]  File ignored by longranger/invocation because it exceeded search pattern filesize limit: 138604_HJWT7DSX3-1_merged_fastqc.html
[2022-08-05 11:15:13,401] multiqc                                            [DEBUG  ]  File ignored by rockhopper because it exceeded search pattern filesize limit: 138604_HJWT7DSX3-1_merged_fastqc.html
[2022-08-05 11:15:13,401] multiqc                                            [DEBUG  ]  File ignored by rseqc/bam_stat because it exceeded search pattern filesize limit: 138604_HJWT7DSX3-1_merged_fastqc.html
[2022-08-05 11:15:13,401] multiqc                                            [DEBUG  ]  File ignored by rseqc/junction_annotation because it exceeded search pattern filesize limit: 138604_HJWT7DSX3-1_merged_fastqc.html
[2022-08-05 11:15:13,401] multiqc                                            [DEBUG  ]  File ignored by rseqc/read_distribution because it exceeded search pattern filesize limit: 138604_HJWT7DSX3-1_merged_fastqc.html
[2022-08-05 11:15:13,401] multiqc                                            [DEBUG  ]  File ignored by rseqc/infer_experiment because it exceeded search pattern filesize limit: 138604_HJWT7DSX3-1_merged_fastqc.html
[2022-08-05 11:15:13,505] multiqc                                            [DEBUG  ]  Ignoring file as matched an ignore pattern: 138604_HJWT7DSX3-1_merged.fastq.gz
[2022-08-05 11:15:13,534] multiqc                                            [DEBUG  ]  File ignored by ccs/v4 because it exceeded search pattern filesize limit: 138604_HJWT7DSX3-1_R1p_fastqc.html
[2022-08-05 11:15:13,539] multiqc                                            [DEBUG  ]  File ignored by hicexplorer because it exceeded search pattern filesize limit: 138604_HJWT7DSX3-1_R1p_fastqc.html
[2022-08-05 11:15:13,539] multiqc                                            [DEBUG  ]  File ignored by nanostat because it exceeded search pattern filesize limit: 138604_HJWT7DSX3-1_R1p_fastqc.html
[2022-08-05 11:15:13,539] multiqc                                            [DEBUG  ]  File ignored by lima/summary because it exceeded search pattern filesize limit: 138604_HJWT7DSX3-1_R1p_fastqc.html
[2022-08-05 11:15:13,547] multiqc                                            [DEBUG  ]  File ignored by vep/vep_txt because it exceeded search pattern filesize limit: 138604_HJWT7DSX3-1_R1p_fastqc.html
[2022-08-05 11:15:13,547] multiqc                                            [DEBUG  ]  File ignored by longranger/invocation because it exceeded search pattern filesize limit: 138604_HJWT7DSX3-1_R1p_fastqc.html
[2022-08-05 11:15:13,547] multiqc                                            [DEBUG  ]  File ignored by rockhopper because it exceeded search pattern filesize limit: 138604_HJWT7DSX3-1_R1p_fastqc.html
[2022-08-05 11:15:13,547] multiqc                                            [DEBUG  ]  File ignored by rseqc/bam_stat because it exceeded search pattern filesize limit: 138604_HJWT7DSX3-1_R1p_fastqc.html
[2022-08-05 11:15:13,547] multiqc                                            [DEBUG  ]  File ignored by rseqc/junction_annotation because it exceeded search pattern filesize limit: 138604_HJWT7DSX3-1_R1p_fastqc.html
[2022-08-05 11:15:13,547] multiqc                                            [DEBUG  ]  File ignored by rseqc/read_distribution because it exceeded search pattern filesize limit: 138604_HJWT7DSX3-1_R1p_fastqc.html
[2022-08-05 11:15:13,547] multiqc                                            [DEBUG  ]  File ignored by rseqc/infer_experiment because it exceeded search pattern filesize limit: 138604_HJWT7DSX3-1_R1p_fastqc.html
[2022-08-05 11:15:13,663] multiqc                                            [DEBUG  ]  Ignoring file as matched an ignore pattern: 138604_HJWT7DSX3-1_R1p.fastq.gz
[2022-08-05 11:15:14,004] multiqc                                            [DEBUG  ]  File ignored by ccs/v4 because it exceeded search pattern filesize limit: 138604_HJWT7DSX3-1_R1R2u_fastqc.html
[2022-08-05 11:15:14,015] multiqc                                            [DEBUG  ]  File ignored by hicexplorer because it exceeded search pattern filesize limit: 138604_HJWT7DSX3-1_R1R2u_fastqc.html
[2022-08-05 11:15:14,016] multiqc                                            [DEBUG  ]  File ignored by nanostat because it exceeded search pattern filesize limit: 138604_HJWT7DSX3-1_R1R2u_fastqc.html
[2022-08-05 11:15:14,016] multiqc                                            [DEBUG  ]  File ignored by lima/summary because it exceeded search pattern filesize limit: 138604_HJWT7DSX3-1_R1R2u_fastqc.html
[2022-08-05 11:15:14,034] multiqc                                            [DEBUG  ]  File ignored by vep/vep_txt because it exceeded search pattern filesize limit: 138604_HJWT7DSX3-1_R1R2u_fastqc.html
[2022-08-05 11:15:14,034] multiqc                                            [DEBUG  ]  File ignored by longranger/invocation because it exceeded search pattern filesize limit: 138604_HJWT7DSX3-1_R1R2u_fastqc.html
[2022-08-05 11:15:14,034] multiqc                                            [DEBUG  ]  File ignored by rockhopper because it exceeded search pattern filesize limit: 138604_HJWT7DSX3-1_R1R2u_fastqc.html
[2022-08-05 11:15:14,034] multiqc                                            [DEBUG  ]  File ignored by rseqc/bam_stat because it exceeded search pattern filesize limit: 138604_HJWT7DSX3-1_R1R2u_fastqc.html
[2022-08-05 11:15:14,034] multiqc                                            [DEBUG  ]  File ignored by rseqc/junction_annotation because it exceeded search pattern filesize limit: 138604_HJWT7DSX3-1_R1R2u_fastqc.html
[2022-08-05 11:15:14,034] multiqc                                            [DEBUG  ]  File ignored by rseqc/read_distribution because it exceeded search pattern filesize limit: 138604_HJWT7DSX3-1_R1R2u_fastqc.html
[2022-08-05 11:15:14,034] multiqc                                            [DEBUG  ]  File ignored by rseqc/infer_experiment because it exceeded search pattern filesize limit: 138604_HJWT7DSX3-1_R1R2u_fastqc.html
[2022-08-05 11:15:15,028] multiqc                                            [DEBUG  ]  Ignoring file as matched an ignore pattern: 138604_HJWT7DSX3-1_R1R2u.fastq.gz
[2022-08-05 11:15:15,067] multiqc                                            [DEBUG  ]  File ignored by ccs/v4 because it exceeded search pattern filesize limit: 138604_HJWT7DSX3-1_R2p_fastqc.html
[2022-08-05 11:15:15,079] multiqc                                            [DEBUG  ]  File ignored by hicexplorer because it exceeded search pattern filesize limit: 138604_HJWT7DSX3-1_R2p_fastqc.html
[2022-08-05 11:15:15,079] multiqc                                            [DEBUG  ]  File ignored by nanostat because it exceeded search pattern filesize limit: 138604_HJWT7DSX3-1_R2p_fastqc.html
[2022-08-05 11:15:15,079] multiqc                                            [DEBUG  ]  File ignored by lima/summary because it exceeded search pattern filesize limit: 138604_HJWT7DSX3-1_R2p_fastqc.html
[2022-08-05 11:15:15,096] multiqc                                            [DEBUG  ]  File ignored by vep/vep_txt because it exceeded search pattern filesize limit: 138604_HJWT7DSX3-1_R2p_fastqc.html
[2022-08-05 11:15:15,096] multiqc                                            [DEBUG  ]  File ignored by longranger/invocation because it exceeded search pattern filesize limit: 138604_HJWT7DSX3-1_R2p_fastqc.html
[2022-08-05 11:15:15,096] multiqc                                            [DEBUG  ]  File ignored by rockhopper because it exceeded search pattern filesize limit: 138604_HJWT7DSX3-1_R2p_fastqc.html
[2022-08-05 11:15:15,096] multiqc                                            [DEBUG  ]  File ignored by rseqc/bam_stat because it exceeded search pattern filesize limit: 138604_HJWT7DSX3-1_R2p_fastqc.html
[2022-08-05 11:15:15,096] multiqc                                            [DEBUG  ]  File ignored by rseqc/junction_annotation because it exceeded search pattern filesize limit: 138604_HJWT7DSX3-1_R2p_fastqc.html
[2022-08-05 11:15:15,096] multiqc                                            [DEBUG  ]  File ignored by rseqc/read_distribution because it exceeded search pattern filesize limit: 138604_HJWT7DSX3-1_R2p_fastqc.html
[2022-08-05 11:15:15,096] multiqc                                            [DEBUG  ]  File ignored by rseqc/infer_experiment because it exceeded search pattern filesize limit: 138604_HJWT7DSX3-1_R2p_fastqc.html
[2022-08-05 11:15:15,430] multiqc                                            [DEBUG  ]  Ignoring file as matched an ignore pattern: 138604_HJWT7DSX3-1_R2p.fastq.gz
[2022-08-05 11:15:15,478] multiqc                                            [DEBUG  ]  Ignoring file as matched an ignore pattern: 138604_QCreads.md5
[2022-08-05 11:15:18,854] multiqc.plots.bargraph                             [DEBUG  ]  Using matplotlib version 3.3.4
[2022-08-05 11:15:18,858] multiqc.plots.linegraph                            [DEBUG  ]  Using matplotlib version 3.3.4
[2022-08-05 11:15:18,860] multiqc                                            [DEBUG  ]  No samples found: custom_content
[2022-08-05 11:15:18,865] multiqc                                            [DEBUG  ]  No samples found: ccs
[2022-08-05 11:15:18,871] multiqc                                            [DEBUG  ]  No samples found: ngsderive
[2022-08-05 11:15:18,875] multiqc                                            [DEBUG  ]  No samples found: purple
[2022-08-05 11:15:18,879] multiqc                                            [DEBUG  ]  No samples found: conpair
[2022-08-05 11:15:18,884] multiqc                                            [DEBUG  ]  No samples found: lima
[2022-08-05 11:15:18,889] multiqc                                            [DEBUG  ]  No samples found: peddy
[2022-08-05 11:15:18,895] multiqc                                            [DEBUG  ]  No samples found: somalier
[2022-08-05 11:15:18,900] multiqc                                            [DEBUG  ]  No samples found: methylQA
[2022-08-05 11:15:18,909] multiqc.modules.mosdepth.mosdepth                  [DEBUG  ]  include_contigs: []
[2022-08-05 11:15:18,909] multiqc.modules.mosdepth.mosdepth                  [DEBUG  ]  exclude_contigs: []
[2022-08-05 11:15:18,909] multiqc                                            [DEBUG  ]  No samples found: mosdepth
[2022-08-05 11:15:18,913] multiqc                                            [DEBUG  ]  No samples found: phantompeakqualtools
[2022-08-05 11:15:18,917] multiqc                                            [DEBUG  ]  No samples found: qualimap
[2022-08-05 11:15:18,922] multiqc                                            [DEBUG  ]  No samples found: preseq
[2022-08-05 11:15:18,927] multiqc                                            [DEBUG  ]  No samples found: quast
[2022-08-05 11:15:18,932] multiqc                                            [DEBUG  ]  No samples found: qorts
[2022-08-05 11:15:18,936] multiqc                                            [DEBUG  ]  No samples found: rna_seqc
[2022-08-05 11:15:18,941] multiqc                                            [DEBUG  ]  No samples found: rockhopper
[2022-08-05 11:15:18,945] multiqc                                            [DEBUG  ]  No samples found: rsem
[2022-08-05 11:15:18,960] multiqc                                            [DEBUG  ]  No samples found: rseqc
[2022-08-05 11:15:18,964] multiqc                                            [DEBUG  ]  No samples found: busco
[2022-08-05 11:15:18,969] multiqc                                            [DEBUG  ]  No samples found: bustools
[2022-08-05 11:15:18,973] multiqc                                            [DEBUG  ]  No samples found: goleft_indexcov
[2022-08-05 11:15:18,978] multiqc                                            [DEBUG  ]  No samples found: gffcompare
[2022-08-05 11:15:18,982] multiqc                                            [DEBUG  ]  No samples found: disambiguate
[2022-08-05 11:15:18,988] multiqc                                            [DEBUG  ]  No samples found: supernova
[2022-08-05 11:15:19,004] multiqc                                            [DEBUG  ]  No samples found: deeptools
[2022-08-05 11:15:19,008] multiqc                                            [DEBUG  ]  No samples found: sargasso
[2022-08-05 11:15:19,012] multiqc                                            [DEBUG  ]  No samples found: verifybamid
[2022-08-05 11:15:19,018] multiqc                                            [DEBUG  ]  No samples found: mirtrace
[2022-08-05 11:15:19,022] multiqc                                            [DEBUG  ]  No samples found: happy
[2022-08-05 11:15:19,027] multiqc                                            [DEBUG  ]  No samples found: mirtop
[2022-08-05 11:15:19,032] multiqc                                            [DEBUG  ]  No samples found: sambamba
[2022-08-05 11:15:19,040] multiqc                                            [DEBUG  ]  No samples found: homer
[2022-08-05 11:15:19,044] multiqc                                            [DEBUG  ]  No samples found: hops
[2022-08-05 11:15:19,048] multiqc                                            [DEBUG  ]  No samples found: macs2
[2022-08-05 11:15:19,052] multiqc                                            [DEBUG  ]  No samples found: theta2
[2022-08-05 11:15:19,057] multiqc                                            [DEBUG  ]  No samples found: snpeff
[2022-08-05 11:15:19,065] multiqc                                            [DEBUG  ]  No samples found: gatk
[2022-08-05 11:15:19,069] multiqc                                            [DEBUG  ]  No samples found: htseq
[2022-08-05 11:15:19,075] multiqc                                            [DEBUG  ]  No samples found: bcftools
[2022-08-05 11:15:19,079] multiqc                                            [DEBUG  ]  No samples found: featureCounts
[2022-08-05 11:15:19,086] multiqc                                            [DEBUG  ]  No samples found: fgbio
[2022-08-05 11:15:19,102] multiqc                                            [DEBUG  ]  No samples found: dragen
[2022-08-05 11:15:19,106] multiqc                                            [DEBUG  ]  No samples found: dedup
[2022-08-05 11:15:19,111] multiqc                                            [DEBUG  ]  No samples found: damageprofiler
[2022-08-05 11:15:19,149] multiqc                                            [DEBUG  ]  No samples found: biobambam2
[2022-08-05 11:15:19,157] multiqc                                            [DEBUG  ]  No samples found: jcvi
[2022-08-05 11:15:19,165] multiqc                                            [DEBUG  ]  No samples found: mtnucratio
[2022-08-05 11:15:19,167] multiqc                                            [DEBUG  ]  No samples found: picard
[2022-08-05 11:15:19,177] multiqc                                            [DEBUG  ]  No samples found: vep
[2022-08-05 11:15:19,194] multiqc                                            [DEBUG  ]  No samples found: sentieon
[2022-08-05 11:15:19,200] multiqc                                            [DEBUG  ]  No samples found: prokka
[2022-08-05 11:15:19,231] multiqc                                            [DEBUG  ]  No samples found: qc3C
[2022-08-05 11:15:19,236] multiqc                                            [DEBUG  ]  No samples found: nanostat
[2022-08-05 11:15:19,240] multiqc                                            [DEBUG  ]  No samples found: samblaster
[2022-08-05 11:15:19,254] multiqc                                            [DEBUG  ]  No samples found: samtools
[2022-08-05 11:15:19,259] multiqc                                            [DEBUG  ]  No samples found: sexdeterrmine
[2022-08-05 11:15:19,265] multiqc                                            [DEBUG  ]  No samples found: eigenstratdatabasetools
[2022-08-05 11:15:19,274] multiqc                                            [DEBUG  ]  No samples found: bamtools
[2022-08-05 11:15:19,280] multiqc                                            [DEBUG  ]  No samples found: jellyfish
[2022-08-05 11:15:19,289] multiqc                                            [DEBUG  ]  No samples found: vcftools
[2022-08-05 11:15:19,295] multiqc                                            [DEBUG  ]  No samples found: longranger
[2022-08-05 11:15:19,300] multiqc                                            [DEBUG  ]  No samples found: stacks
[2022-08-05 11:15:19,307] multiqc                                            [DEBUG  ]  No samples found: varscan2
[2022-08-05 11:15:19,312] multiqc                                            [DEBUG  ]  No samples found: snippy
[2022-08-05 11:15:19,336] multiqc                                            [DEBUG  ]  No samples found: bbmap
[2022-08-05 11:15:19,343] multiqc                                            [DEBUG  ]  No samples found: bismark
[2022-08-05 11:15:19,353] multiqc                                            [DEBUG  ]  No samples found: biscuit
[2022-08-05 11:15:19,358] multiqc                                            [DEBUG  ]  No samples found: hicexplorer
[2022-08-05 11:15:19,365] multiqc                                            [DEBUG  ]  No samples found: hicup
[2022-08-05 11:15:19,370] multiqc                                            [DEBUG  ]  No samples found: hicpro
[2022-08-05 11:15:19,380] multiqc                                            [DEBUG  ]  No samples found: salmon
[2022-08-05 11:15:19,400] multiqc                                            [DEBUG  ]  No samples found: kallisto
[2022-08-05 11:15:19,407] multiqc                                            [DEBUG  ]  No samples found: slamdunk
[2022-08-05 11:15:19,412] multiqc                                            [DEBUG  ]  No samples found: star
[2022-08-05 11:15:19,417] multiqc                                            [DEBUG  ]  No samples found: hisat2
[2022-08-05 11:15:19,422] multiqc                                            [DEBUG  ]  No samples found: tophat
[2022-08-05 11:15:19,428] multiqc                                            [DEBUG  ]  No samples found: bowtie2
[2022-08-05 11:15:19,432] multiqc                                            [DEBUG  ]  No samples found: bowtie1
[2022-08-05 11:15:19,438] multiqc                                            [DEBUG  ]  No samples found: snpsplit
[2022-08-05 11:15:19,443] multiqc                                            [DEBUG  ]  No samples found: odgi
[2022-08-05 11:15:19,448] multiqc                                            [DEBUG  ]  No samples found: pangolin
[2022-08-05 11:15:19,452] multiqc                                            [DEBUG  ]  No samples found: kat
[2022-08-05 11:15:19,458] multiqc                                            [DEBUG  ]  No samples found: leehom
[2022-08-05 11:15:19,465] multiqc                                            [DEBUG  ]  No samples found: adapterRemoval
[2022-08-05 11:15:19,470] multiqc                                            [DEBUG  ]  No samples found: clipandmerge
[2022-08-05 11:15:19,476] multiqc                                            [DEBUG  ]  No samples found: cutadapt
[2022-08-05 11:15:19,481] multiqc                                            [DEBUG  ]  No samples found: flexbar
[2022-08-05 11:15:19,486] multiqc                                            [DEBUG  ]  No samples found: kaiju
[2022-08-05 11:15:19,493] multiqc                                            [DEBUG  ]  No samples found: kraken
[2022-08-05 11:15:19,498] multiqc                                            [DEBUG  ]  No samples found: malt
[2022-08-05 11:15:19,504] multiqc                                            [DEBUG  ]  No samples found: trimmomatic
[2022-08-05 11:15:19,509] multiqc                                            [DEBUG  ]  No samples found: sickle
[2022-08-05 11:15:19,514] multiqc                                            [DEBUG  ]  No samples found: skewer
[2022-08-05 11:15:19,519] multiqc                                            [DEBUG  ]  No samples found: sortmerna
[2022-08-05 11:15:19,539] multiqc                                            [DEBUG  ]  No samples found: biobloomtools
[2022-08-05 11:15:19,545] multiqc                                            [DEBUG  ]  No samples found: fastq_screen
[2022-08-05 11:15:19,552] multiqc                                            [DEBUG  ]  No samples found: afterqc
[2022-08-05 11:15:19,558] multiqc                                            [DEBUG  ]  No samples found: fastp
[2022-08-05 11:15:20,212] multiqc.modules.fastqc.fastqc                      [INFO   ]  Found 4 reports
[2022-08-05 11:15:20,261] multiqc                                            [DEBUG  ]  No samples found: pychopper
[2022-08-05 11:15:20,267] multiqc                                            [DEBUG  ]  No samples found: pycoqc
[2022-08-05 11:15:20,272] multiqc                                            [DEBUG  ]  No samples found: minionqc
[2022-08-05 11:15:20,277] multiqc                                            [DEBUG  ]  No samples found: multivcfanalyzer
[2022-08-05 11:15:20,284] multiqc                                            [DEBUG  ]  No samples found: clusterflow
[2022-08-05 11:15:20,290] multiqc                                            [DEBUG  ]  No samples found: bcl2fastq
[2022-08-05 11:15:20,297] multiqc                                            [DEBUG  ]  No samples found: bclconvert
[2022-08-05 11:15:20,303] multiqc                                            [DEBUG  ]  No samples found: interop
[2022-08-05 11:15:20,308] multiqc                                            [DEBUG  ]  No samples found: ivar
[2022-08-05 11:15:20,313] multiqc                                            [DEBUG  ]  No samples found: flash
[2022-08-05 11:15:20,319] multiqc                                            [DEBUG  ]  No samples found: seqyclean
[2022-08-05 11:15:20,323] multiqc                                            [DEBUG  ]  No samples found: optitype
[2022-08-05 11:15:20,327] multiqc                                            [INFO   ]  Compressing plot data
[2022-08-05 11:15:30,178] multiqc                                            [INFO   ]  Report      : 138604_MGSD_CSIRO.qc.stats/multiqc_report.html
[2022-08-05 11:15:30,179] multiqc                                            [INFO   ]  Data        : 138604_MGSD_CSIRO.qc.stats/multiqc_data
[2022-08-05 11:15:30,179] multiqc                                            [DEBUG  ]  Moving data file from '/tmp/smi9a9.8586128/tmpxz0bth8x/multiqc_data' to '138604_MGSD_CSIRO.qc.stats/multiqc_data'
[2022-08-05 11:15:31,024] multiqc                                            [INFO   ]  MultiQC complete
