[2022-08-05 11:05:10,149] multiqc                                            [DEBUG  ]  This is MultiQC v1.11
[2022-08-05 11:05:10,150] multiqc                                            [DEBUG  ]  No MultiQC config found: /apps/multiqc/1.11/lib/python3.9/site-packages/multiqc_config.yaml
[2022-08-05 11:05:10,150] multiqc                                            [DEBUG  ]  No MultiQC config found: /home/smi9a9/.multiqc_config.yaml
[2022-08-05 11:05:10,150] multiqc                                            [DEBUG  ]  No MultiQC config found: multiqc_config.yaml
[2022-08-05 11:05:10,151] multiqc                                            [DEBUG  ]  Command used: /apps/multiqc/1.11/bin/multiqc ./7892_H3WK2BCXX-1_merged_fastqc.html ./7892_H3WK2BCXX-1_merged_fastqc.zip ./7892_H3WK2BCXX-1_merged.fastq.gz ./7892_H3WK2BCXX-1_R1p_fastqc.html ./7892_H3WK2BCXX-1_R1p_fastqc.zip ./7892_H3WK2BCXX-1_R1p.fastq.gz ./7892_H3WK2BCXX-1_R1R2u_fastqc.html ./7892_H3WK2BCXX-1_R1R2u_fastqc.zip ./7892_H3WK2BCXX-1_R1R2u.fastq.gz ./7892_H3WK2BCXX-1_R2p_fastqc.html ./7892_H3WK2BCXX-1_R2p_fastqc.zip ./7892_H3WK2BCXX-1_R2p.fastq.gz ./7892_QCreads.md5 -o 7892_MGSD_CSIRO.qc.stats
[2022-08-05 11:05:10,154] multiqc                                            [DEBUG  ]  Could not connect to multiqc.info for version check: <urlopen error [Errno 111] Connection refused>
[2022-08-05 11:05:10,154] multiqc                                            [DEBUG  ]  Command     : /apps/multiqc/1.11/bin/multiqc ./7892_H3WK2BCXX-1_merged_fastqc.html ./7892_H3WK2BCXX-1_merged_fastqc.zip ./7892_H3WK2BCXX-1_merged.fastq.gz ./7892_H3WK2BCXX-1_R1p_fastqc.html ./7892_H3WK2BCXX-1_R1p_fastqc.zip ./7892_H3WK2BCXX-1_R1p.fastq.gz ./7892_H3WK2BCXX-1_R1R2u_fastqc.html ./7892_H3WK2BCXX-1_R1R2u_fastqc.zip ./7892_H3WK2BCXX-1_R1R2u.fastq.gz ./7892_H3WK2BCXX-1_R2p_fastqc.html ./7892_H3WK2BCXX-1_R2p_fastqc.zip ./7892_H3WK2BCXX-1_R2p.fastq.gz ./7892_QCreads.md5 -o 7892_MGSD_CSIRO.qc.stats
[2022-08-05 11:05:10,154] multiqc                                            [DEBUG  ]  Working dir : /datasets/work/oa-amd/work/amd/Metagenome_QC_reads
[2022-08-05 11:05:10,154] multiqc                                            [DEBUG  ]  Template    : default
[2022-08-05 11:05:10,154] multiqc                                            [DEBUG  ]  Running Python 3.9.4 (default, Apr 25 2021, 16:13:27)  [GCC 10.3.0]
[2022-08-05 11:05:10,154] multiqc                                            [DEBUG  ]  Analysing modules: custom_content, ccs, ngsderive, purple, conpair, lima, peddy, somalier, methylQA, mosdepth, phantompeakqualtools, qualimap, preseq, quast, qorts, rna_seqc, rockhopper, rsem, rseqc, busco, bustools, goleft_indexcov, gffcompare, disambiguate, supernova, deeptools, sargasso, verifybamid, mirtrace, happy, mirtop, sambamba, homer, hops, macs2, theta2, snpeff, gatk, htseq, bcftools, featureCounts, fgbio, dragen, dedup, damageprofiler, biobambam2, jcvi, mtnucratio, picard, vep, sentieon, prokka, qc3C, nanostat, samblaster, samtools, sexdeterrmine, eigenstratdatabasetools, bamtools, jellyfish, vcftools, longranger, stacks, varscan2, snippy, bbmap, bismark, biscuit, hicexplorer, hicup, hicpro, salmon, kallisto, slamdunk, star, hisat2, tophat, bowtie2, bowtie1, snpsplit, odgi, pangolin, kat, leehom, adapterRemoval, clipandmerge, cutadapt, flexbar, kaiju, kraken, malt, trimmomatic, sickle, skewer, sortmerna, biobloomtools, fastq_screen, afterqc, fastp, fastqc, pychopper, pycoqc, minionqc, multivcfanalyzer, clusterflow, bcl2fastq, bclconvert, interop, ivar, flash, seqyclean, optitype
[2022-08-05 11:05:10,154] multiqc                                            [DEBUG  ]  Using temporary directory for creating report: /tmp/smi9a9.8585514/tmpz3hr9f47
[2022-08-05 11:05:10,325] multiqc                                            [INFO   ]  Search path : /datasets/work/oa-amd/work/amd/Metagenome_QC_reads/7892_H3WK2BCXX-1_merged_fastqc.html
[2022-08-05 11:05:10,325] multiqc                                            [INFO   ]  Search path : /datasets/work/oa-amd/work/amd/Metagenome_QC_reads/7892_H3WK2BCXX-1_merged_fastqc.zip
[2022-08-05 11:05:10,325] multiqc                                            [INFO   ]  Search path : /datasets/work/oa-amd/work/amd/Metagenome_QC_reads/7892_H3WK2BCXX-1_merged.fastq.gz
[2022-08-05 11:05:10,326] multiqc                                            [INFO   ]  Search path : /datasets/work/oa-amd/work/amd/Metagenome_QC_reads/7892_H3WK2BCXX-1_R1p_fastqc.html
[2022-08-05 11:05:10,326] multiqc                                            [INFO   ]  Search path : /datasets/work/oa-amd/work/amd/Metagenome_QC_reads/7892_H3WK2BCXX-1_R1p_fastqc.zip
[2022-08-05 11:05:10,326] multiqc                                            [INFO   ]  Search path : /datasets/work/oa-amd/work/amd/Metagenome_QC_reads/7892_H3WK2BCXX-1_R1p.fastq.gz
[2022-08-05 11:05:10,326] multiqc                                            [INFO   ]  Search path : /datasets/work/oa-amd/work/amd/Metagenome_QC_reads/7892_H3WK2BCXX-1_R1R2u_fastqc.html
[2022-08-05 11:05:10,326] multiqc                                            [INFO   ]  Search path : /datasets/work/oa-amd/work/amd/Metagenome_QC_reads/7892_H3WK2BCXX-1_R1R2u_fastqc.zip
[2022-08-05 11:05:10,326] multiqc                                            [INFO   ]  Search path : /datasets/work/oa-amd/work/amd/Metagenome_QC_reads/7892_H3WK2BCXX-1_R1R2u.fastq.gz
[2022-08-05 11:05:10,326] multiqc                                            [INFO   ]  Search path : /datasets/work/oa-amd/work/amd/Metagenome_QC_reads/7892_H3WK2BCXX-1_R2p_fastqc.html
[2022-08-05 11:05:10,326] multiqc                                            [INFO   ]  Search path : /datasets/work/oa-amd/work/amd/Metagenome_QC_reads/7892_H3WK2BCXX-1_R2p_fastqc.zip
[2022-08-05 11:05:10,326] multiqc                                            [INFO   ]  Search path : /datasets/work/oa-amd/work/amd/Metagenome_QC_reads/7892_H3WK2BCXX-1_R2p.fastq.gz
[2022-08-05 11:05:10,326] multiqc                                            [INFO   ]  Search path : /datasets/work/oa-amd/work/amd/Metagenome_QC_reads/7892_QCreads.md5
[2022-08-05 11:05:10,422] multiqc                                            [DEBUG  ]  File ignored by ccs/v4 because it exceeded search pattern filesize limit: 7892_H3WK2BCXX-1_merged_fastqc.html
[2022-08-05 11:05:10,432] multiqc                                            [DEBUG  ]  File ignored by hicexplorer because it exceeded search pattern filesize limit: 7892_H3WK2BCXX-1_merged_fastqc.html
[2022-08-05 11:05:10,432] multiqc                                            [DEBUG  ]  File ignored by nanostat because it exceeded search pattern filesize limit: 7892_H3WK2BCXX-1_merged_fastqc.html
[2022-08-05 11:05:10,433] multiqc                                            [DEBUG  ]  File ignored by lima/summary because it exceeded search pattern filesize limit: 7892_H3WK2BCXX-1_merged_fastqc.html
[2022-08-05 11:05:10,465] multiqc                                            [DEBUG  ]  File ignored by vep/vep_txt because it exceeded search pattern filesize limit: 7892_H3WK2BCXX-1_merged_fastqc.html
[2022-08-05 11:05:10,465] multiqc                                            [DEBUG  ]  File ignored by longranger/invocation because it exceeded search pattern filesize limit: 7892_H3WK2BCXX-1_merged_fastqc.html
[2022-08-05 11:05:10,465] multiqc                                            [DEBUG  ]  File ignored by rockhopper because it exceeded search pattern filesize limit: 7892_H3WK2BCXX-1_merged_fastqc.html
[2022-08-05 11:05:10,465] multiqc                                            [DEBUG  ]  File ignored by rseqc/bam_stat because it exceeded search pattern filesize limit: 7892_H3WK2BCXX-1_merged_fastqc.html
[2022-08-05 11:05:10,465] multiqc                                            [DEBUG  ]  File ignored by rseqc/junction_annotation because it exceeded search pattern filesize limit: 7892_H3WK2BCXX-1_merged_fastqc.html
[2022-08-05 11:05:10,465] multiqc                                            [DEBUG  ]  File ignored by rseqc/read_distribution because it exceeded search pattern filesize limit: 7892_H3WK2BCXX-1_merged_fastqc.html
[2022-08-05 11:05:10,465] multiqc                                            [DEBUG  ]  File ignored by rseqc/infer_experiment because it exceeded search pattern filesize limit: 7892_H3WK2BCXX-1_merged_fastqc.html
[2022-08-05 11:05:10,662] multiqc                                            [DEBUG  ]  Ignoring file as matched an ignore pattern: 7892_H3WK2BCXX-1_merged.fastq.gz
[2022-08-05 11:05:10,689] multiqc                                            [DEBUG  ]  File ignored by ccs/v4 because it exceeded search pattern filesize limit: 7892_H3WK2BCXX-1_R1p_fastqc.html
[2022-08-05 11:05:10,708] multiqc                                            [DEBUG  ]  File ignored by hicexplorer because it exceeded search pattern filesize limit: 7892_H3WK2BCXX-1_R1p_fastqc.html
[2022-08-05 11:05:10,709] multiqc                                            [DEBUG  ]  File ignored by nanostat because it exceeded search pattern filesize limit: 7892_H3WK2BCXX-1_R1p_fastqc.html
[2022-08-05 11:05:10,709] multiqc                                            [DEBUG  ]  File ignored by lima/summary because it exceeded search pattern filesize limit: 7892_H3WK2BCXX-1_R1p_fastqc.html
[2022-08-05 11:05:10,731] multiqc                                            [DEBUG  ]  File ignored by vep/vep_txt because it exceeded search pattern filesize limit: 7892_H3WK2BCXX-1_R1p_fastqc.html
[2022-08-05 11:05:10,731] multiqc                                            [DEBUG  ]  File ignored by longranger/invocation because it exceeded search pattern filesize limit: 7892_H3WK2BCXX-1_R1p_fastqc.html
[2022-08-05 11:05:10,731] multiqc                                            [DEBUG  ]  File ignored by rockhopper because it exceeded search pattern filesize limit: 7892_H3WK2BCXX-1_R1p_fastqc.html
[2022-08-05 11:05:10,731] multiqc                                            [DEBUG  ]  File ignored by rseqc/bam_stat because it exceeded search pattern filesize limit: 7892_H3WK2BCXX-1_R1p_fastqc.html
[2022-08-05 11:05:10,731] multiqc                                            [DEBUG  ]  File ignored by rseqc/junction_annotation because it exceeded search pattern filesize limit: 7892_H3WK2BCXX-1_R1p_fastqc.html
[2022-08-05 11:05:10,731] multiqc                                            [DEBUG  ]  File ignored by rseqc/read_distribution because it exceeded search pattern filesize limit: 7892_H3WK2BCXX-1_R1p_fastqc.html
[2022-08-05 11:05:10,731] multiqc                                            [DEBUG  ]  File ignored by rseqc/infer_experiment because it exceeded search pattern filesize limit: 7892_H3WK2BCXX-1_R1p_fastqc.html
[2022-08-05 11:05:10,811] multiqc                                            [DEBUG  ]  Ignoring file as matched an ignore pattern: 7892_H3WK2BCXX-1_R1p.fastq.gz
[2022-08-05 11:05:11,757] multiqc                                            [DEBUG  ]  File ignored by ccs/v4 because it exceeded search pattern filesize limit: 7892_H3WK2BCXX-1_R1R2u_fastqc.html
[2022-08-05 11:05:11,767] multiqc                                            [DEBUG  ]  File ignored by hicexplorer because it exceeded search pattern filesize limit: 7892_H3WK2BCXX-1_R1R2u_fastqc.html
[2022-08-05 11:05:11,768] multiqc                                            [DEBUG  ]  File ignored by nanostat because it exceeded search pattern filesize limit: 7892_H3WK2BCXX-1_R1R2u_fastqc.html
[2022-08-05 11:05:11,768] multiqc                                            [DEBUG  ]  File ignored by lima/summary because it exceeded search pattern filesize limit: 7892_H3WK2BCXX-1_R1R2u_fastqc.html
[2022-08-05 11:05:11,784] multiqc                                            [DEBUG  ]  File ignored by vep/vep_txt because it exceeded search pattern filesize limit: 7892_H3WK2BCXX-1_R1R2u_fastqc.html
[2022-08-05 11:05:11,784] multiqc                                            [DEBUG  ]  File ignored by longranger/invocation because it exceeded search pattern filesize limit: 7892_H3WK2BCXX-1_R1R2u_fastqc.html
[2022-08-05 11:05:11,784] multiqc                                            [DEBUG  ]  File ignored by rockhopper because it exceeded search pattern filesize limit: 7892_H3WK2BCXX-1_R1R2u_fastqc.html
[2022-08-05 11:05:11,784] multiqc                                            [DEBUG  ]  File ignored by rseqc/bam_stat because it exceeded search pattern filesize limit: 7892_H3WK2BCXX-1_R1R2u_fastqc.html
[2022-08-05 11:05:11,784] multiqc                                            [DEBUG  ]  File ignored by rseqc/junction_annotation because it exceeded search pattern filesize limit: 7892_H3WK2BCXX-1_R1R2u_fastqc.html
[2022-08-05 11:05:11,784] multiqc                                            [DEBUG  ]  File ignored by rseqc/read_distribution because it exceeded search pattern filesize limit: 7892_H3WK2BCXX-1_R1R2u_fastqc.html
[2022-08-05 11:05:11,784] multiqc                                            [DEBUG  ]  File ignored by rseqc/infer_experiment because it exceeded search pattern filesize limit: 7892_H3WK2BCXX-1_R1R2u_fastqc.html
[2022-08-05 11:05:11,863] multiqc                                            [DEBUG  ]  Ignoring file as matched an ignore pattern: 7892_H3WK2BCXX-1_R1R2u.fastq.gz
[2022-08-05 11:05:12,224] multiqc                                            [DEBUG  ]  File ignored by ccs/v4 because it exceeded search pattern filesize limit: 7892_H3WK2BCXX-1_R2p_fastqc.html
[2022-08-05 11:05:12,233] multiqc                                            [DEBUG  ]  File ignored by hicexplorer because it exceeded search pattern filesize limit: 7892_H3WK2BCXX-1_R2p_fastqc.html
[2022-08-05 11:05:12,234] multiqc                                            [DEBUG  ]  File ignored by nanostat because it exceeded search pattern filesize limit: 7892_H3WK2BCXX-1_R2p_fastqc.html
[2022-08-05 11:05:12,234] multiqc                                            [DEBUG  ]  File ignored by lima/summary because it exceeded search pattern filesize limit: 7892_H3WK2BCXX-1_R2p_fastqc.html
[2022-08-05 11:05:12,263] multiqc                                            [DEBUG  ]  File ignored by vep/vep_txt because it exceeded search pattern filesize limit: 7892_H3WK2BCXX-1_R2p_fastqc.html
[2022-08-05 11:05:12,263] multiqc                                            [DEBUG  ]  File ignored by longranger/invocation because it exceeded search pattern filesize limit: 7892_H3WK2BCXX-1_R2p_fastqc.html
[2022-08-05 11:05:12,263] multiqc                                            [DEBUG  ]  File ignored by rockhopper because it exceeded search pattern filesize limit: 7892_H3WK2BCXX-1_R2p_fastqc.html
[2022-08-05 11:05:12,263] multiqc                                            [DEBUG  ]  File ignored by rseqc/bam_stat because it exceeded search pattern filesize limit: 7892_H3WK2BCXX-1_R2p_fastqc.html
[2022-08-05 11:05:12,263] multiqc                                            [DEBUG  ]  File ignored by rseqc/junction_annotation because it exceeded search pattern filesize limit: 7892_H3WK2BCXX-1_R2p_fastqc.html
[2022-08-05 11:05:12,263] multiqc                                            [DEBUG  ]  File ignored by rseqc/read_distribution because it exceeded search pattern filesize limit: 7892_H3WK2BCXX-1_R2p_fastqc.html
[2022-08-05 11:05:12,263] multiqc                                            [DEBUG  ]  File ignored by rseqc/infer_experiment because it exceeded search pattern filesize limit: 7892_H3WK2BCXX-1_R2p_fastqc.html
[2022-08-05 11:05:12,348] multiqc                                            [DEBUG  ]  Ignoring file as matched an ignore pattern: 7892_H3WK2BCXX-1_R2p.fastq.gz
[2022-08-05 11:05:12,348] multiqc                                            [DEBUG  ]  Ignoring file as matched an ignore pattern: 7892_QCreads.md5
[2022-08-05 11:05:13,968] multiqc.plots.bargraph                             [DEBUG  ]  Using matplotlib version 3.3.4
[2022-08-05 11:05:13,973] multiqc.plots.linegraph                            [DEBUG  ]  Using matplotlib version 3.3.4
[2022-08-05 11:05:13,975] multiqc                                            [DEBUG  ]  No samples found: custom_content
[2022-08-05 11:05:13,981] multiqc                                            [DEBUG  ]  No samples found: ccs
[2022-08-05 11:05:13,987] multiqc                                            [DEBUG  ]  No samples found: ngsderive
[2022-08-05 11:05:13,992] multiqc                                            [DEBUG  ]  No samples found: purple
[2022-08-05 11:05:13,996] multiqc                                            [DEBUG  ]  No samples found: conpair
[2022-08-05 11:05:14,002] multiqc                                            [DEBUG  ]  No samples found: lima
[2022-08-05 11:05:14,006] multiqc                                            [DEBUG  ]  No samples found: peddy
[2022-08-05 11:05:14,013] multiqc                                            [DEBUG  ]  No samples found: somalier
[2022-08-05 11:05:14,017] multiqc                                            [DEBUG  ]  No samples found: methylQA
[2022-08-05 11:05:14,026] multiqc.modules.mosdepth.mosdepth                  [DEBUG  ]  include_contigs: []
[2022-08-05 11:05:14,026] multiqc.modules.mosdepth.mosdepth                  [DEBUG  ]  exclude_contigs: []
[2022-08-05 11:05:14,026] multiqc                                            [DEBUG  ]  No samples found: mosdepth
[2022-08-05 11:05:14,030] multiqc                                            [DEBUG  ]  No samples found: phantompeakqualtools
[2022-08-05 11:05:14,034] multiqc                                            [DEBUG  ]  No samples found: qualimap
[2022-08-05 11:05:14,039] multiqc                                            [DEBUG  ]  No samples found: preseq
[2022-08-05 11:05:14,044] multiqc                                            [DEBUG  ]  No samples found: quast
[2022-08-05 11:05:14,049] multiqc                                            [DEBUG  ]  No samples found: qorts
[2022-08-05 11:05:14,054] multiqc                                            [DEBUG  ]  No samples found: rna_seqc
[2022-08-05 11:05:14,058] multiqc                                            [DEBUG  ]  No samples found: rockhopper
[2022-08-05 11:05:14,062] multiqc                                            [DEBUG  ]  No samples found: rsem
[2022-08-05 11:05:14,172] multiqc                                            [DEBUG  ]  No samples found: rseqc
[2022-08-05 11:05:14,177] multiqc                                            [DEBUG  ]  No samples found: busco
[2022-08-05 11:05:14,182] multiqc                                            [DEBUG  ]  No samples found: bustools
[2022-08-05 11:05:14,186] multiqc                                            [DEBUG  ]  No samples found: goleft_indexcov
[2022-08-05 11:05:14,191] multiqc                                            [DEBUG  ]  No samples found: gffcompare
[2022-08-05 11:05:14,196] multiqc                                            [DEBUG  ]  No samples found: disambiguate
[2022-08-05 11:05:14,202] multiqc                                            [DEBUG  ]  No samples found: supernova
[2022-08-05 11:05:14,219] multiqc                                            [DEBUG  ]  No samples found: deeptools
[2022-08-05 11:05:14,223] multiqc                                            [DEBUG  ]  No samples found: sargasso
[2022-08-05 11:05:14,228] multiqc                                            [DEBUG  ]  No samples found: verifybamid
[2022-08-05 11:05:14,233] multiqc                                            [DEBUG  ]  No samples found: mirtrace
[2022-08-05 11:05:14,238] multiqc                                            [DEBUG  ]  No samples found: happy
[2022-08-05 11:05:14,242] multiqc                                            [DEBUG  ]  No samples found: mirtop
[2022-08-05 11:05:14,248] multiqc                                            [DEBUG  ]  No samples found: sambamba
[2022-08-05 11:05:14,256] multiqc                                            [DEBUG  ]  No samples found: homer
[2022-08-05 11:05:14,260] multiqc                                            [DEBUG  ]  No samples found: hops
[2022-08-05 11:05:14,264] multiqc                                            [DEBUG  ]  No samples found: macs2
[2022-08-05 11:05:14,269] multiqc                                            [DEBUG  ]  No samples found: theta2
[2022-08-05 11:05:14,273] multiqc                                            [DEBUG  ]  No samples found: snpeff
[2022-08-05 11:05:14,280] multiqc                                            [DEBUG  ]  No samples found: gatk
[2022-08-05 11:05:14,284] multiqc                                            [DEBUG  ]  No samples found: htseq
[2022-08-05 11:05:14,290] multiqc                                            [DEBUG  ]  No samples found: bcftools
[2022-08-05 11:05:14,294] multiqc                                            [DEBUG  ]  No samples found: featureCounts
[2022-08-05 11:05:14,300] multiqc                                            [DEBUG  ]  No samples found: fgbio
[2022-08-05 11:05:14,316] multiqc                                            [DEBUG  ]  No samples found: dragen
[2022-08-05 11:05:14,320] multiqc                                            [DEBUG  ]  No samples found: dedup
[2022-08-05 11:05:14,324] multiqc                                            [DEBUG  ]  No samples found: damageprofiler
[2022-08-05 11:05:14,589] multiqc                                            [DEBUG  ]  No samples found: biobambam2
[2022-08-05 11:05:14,594] multiqc                                            [DEBUG  ]  No samples found: jcvi
[2022-08-05 11:05:14,597] multiqc                                            [DEBUG  ]  No samples found: mtnucratio
[2022-08-05 11:05:14,600] multiqc                                            [DEBUG  ]  No samples found: picard
[2022-08-05 11:05:14,605] multiqc                                            [DEBUG  ]  No samples found: vep
[2022-08-05 11:05:14,612] multiqc                                            [DEBUG  ]  No samples found: sentieon
[2022-08-05 11:05:14,616] multiqc                                            [DEBUG  ]  No samples found: prokka
[2022-08-05 11:05:14,624] multiqc                                            [DEBUG  ]  No samples found: qc3C
[2022-08-05 11:05:14,628] multiqc                                            [DEBUG  ]  No samples found: nanostat
[2022-08-05 11:05:14,632] multiqc                                            [DEBUG  ]  No samples found: samblaster
[2022-08-05 11:05:14,642] multiqc                                            [DEBUG  ]  No samples found: samtools
[2022-08-05 11:05:14,647] multiqc                                            [DEBUG  ]  No samples found: sexdeterrmine
[2022-08-05 11:05:14,651] multiqc                                            [DEBUG  ]  No samples found: eigenstratdatabasetools
[2022-08-05 11:05:14,656] multiqc                                            [DEBUG  ]  No samples found: bamtools
[2022-08-05 11:05:14,660] multiqc                                            [DEBUG  ]  No samples found: jellyfish
[2022-08-05 11:05:14,668] multiqc                                            [DEBUG  ]  No samples found: vcftools
[2022-08-05 11:05:14,673] multiqc                                            [DEBUG  ]  No samples found: longranger
[2022-08-05 11:05:14,679] multiqc                                            [DEBUG  ]  No samples found: stacks
[2022-08-05 11:05:14,683] multiqc                                            [DEBUG  ]  No samples found: varscan2
[2022-08-05 11:05:14,687] multiqc                                            [DEBUG  ]  No samples found: snippy
[2022-08-05 11:05:14,704] multiqc                                            [DEBUG  ]  No samples found: bbmap
[2022-08-05 11:05:14,710] multiqc                                            [DEBUG  ]  No samples found: bismark
[2022-08-05 11:05:14,718] multiqc                                            [DEBUG  ]  No samples found: biscuit
[2022-08-05 11:05:14,723] multiqc                                            [DEBUG  ]  No samples found: hicexplorer
[2022-08-05 11:05:14,727] multiqc                                            [DEBUG  ]  No samples found: hicup
[2022-08-05 11:05:14,733] multiqc                                            [DEBUG  ]  No samples found: hicpro
[2022-08-05 11:05:14,736] multiqc                                            [DEBUG  ]  No samples found: salmon
[2022-08-05 11:05:14,740] multiqc                                            [DEBUG  ]  No samples found: kallisto
[2022-08-05 11:05:14,747] multiqc                                            [DEBUG  ]  No samples found: slamdunk
[2022-08-05 11:05:14,751] multiqc                                            [DEBUG  ]  No samples found: star
[2022-08-05 11:05:14,755] multiqc                                            [DEBUG  ]  No samples found: hisat2
[2022-08-05 11:05:14,760] multiqc                                            [DEBUG  ]  No samples found: tophat
[2022-08-05 11:05:14,764] multiqc                                            [DEBUG  ]  No samples found: bowtie2
[2022-08-05 11:05:14,769] multiqc                                            [DEBUG  ]  No samples found: bowtie1
[2022-08-05 11:05:14,774] multiqc                                            [DEBUG  ]  No samples found: snpsplit
[2022-08-05 11:05:14,779] multiqc                                            [DEBUG  ]  No samples found: odgi
[2022-08-05 11:05:14,783] multiqc                                            [DEBUG  ]  No samples found: pangolin
[2022-08-05 11:05:14,788] multiqc                                            [DEBUG  ]  No samples found: kat
[2022-08-05 11:05:14,792] multiqc                                            [DEBUG  ]  No samples found: leehom
[2022-08-05 11:05:14,797] multiqc                                            [DEBUG  ]  No samples found: adapterRemoval
[2022-08-05 11:05:14,802] multiqc                                            [DEBUG  ]  No samples found: clipandmerge
[2022-08-05 11:05:14,807] multiqc                                            [DEBUG  ]  No samples found: cutadapt
[2022-08-05 11:05:14,810] multiqc                                            [DEBUG  ]  No samples found: flexbar
[2022-08-05 11:05:14,815] multiqc                                            [DEBUG  ]  No samples found: kaiju
[2022-08-05 11:05:14,821] multiqc                                            [DEBUG  ]  No samples found: kraken
[2022-08-05 11:05:14,825] multiqc                                            [DEBUG  ]  No samples found: malt
[2022-08-05 11:05:14,829] multiqc                                            [DEBUG  ]  No samples found: trimmomatic
[2022-08-05 11:05:14,834] multiqc                                            [DEBUG  ]  No samples found: sickle
[2022-08-05 11:05:14,838] multiqc                                            [DEBUG  ]  No samples found: skewer
[2022-08-05 11:05:14,842] multiqc                                            [DEBUG  ]  No samples found: sortmerna
[2022-08-05 11:05:14,846] multiqc                                            [DEBUG  ]  No samples found: biobloomtools
[2022-08-05 11:05:14,851] multiqc                                            [DEBUG  ]  No samples found: fastq_screen
[2022-08-05 11:05:14,856] multiqc                                            [DEBUG  ]  No samples found: afterqc
[2022-08-05 11:05:14,861] multiqc                                            [DEBUG  ]  No samples found: fastp
[2022-08-05 11:05:15,067] multiqc.modules.fastqc.fastqc                      [INFO   ]  Found 4 reports
[2022-08-05 11:05:15,150] multiqc                                            [DEBUG  ]  No samples found: pychopper
[2022-08-05 11:05:15,155] multiqc                                            [DEBUG  ]  No samples found: pycoqc
[2022-08-05 11:05:15,160] multiqc                                            [DEBUG  ]  No samples found: minionqc
[2022-08-05 11:05:15,165] multiqc                                            [DEBUG  ]  No samples found: multivcfanalyzer
[2022-08-05 11:05:15,170] multiqc                                            [DEBUG  ]  No samples found: clusterflow
[2022-08-05 11:05:15,176] multiqc                                            [DEBUG  ]  No samples found: bcl2fastq
[2022-08-05 11:05:15,183] multiqc                                            [DEBUG  ]  No samples found: bclconvert
[2022-08-05 11:05:15,189] multiqc                                            [DEBUG  ]  No samples found: interop
[2022-08-05 11:05:15,193] multiqc                                            [DEBUG  ]  No samples found: ivar
[2022-08-05 11:05:15,197] multiqc                                            [DEBUG  ]  No samples found: flash
[2022-08-05 11:05:15,202] multiqc                                            [DEBUG  ]  No samples found: seqyclean
[2022-08-05 11:05:15,205] multiqc                                            [DEBUG  ]  No samples found: optitype
[2022-08-05 11:05:15,211] multiqc                                            [INFO   ]  Compressing plot data
[2022-08-05 11:05:15,525] multiqc                                            [INFO   ]  Report      : 7892_MGSD_CSIRO.qc.stats/multiqc_report.html
[2022-08-05 11:05:15,525] multiqc                                            [INFO   ]  Data        : 7892_MGSD_CSIRO.qc.stats/multiqc_data
[2022-08-05 11:05:15,525] multiqc                                            [DEBUG  ]  Moving data file from '/tmp/smi9a9.8585514/tmpz3hr9f47/multiqc_data' to '7892_MGSD_CSIRO.qc.stats/multiqc_data'
[2022-08-05 11:05:15,973] multiqc                                            [INFO   ]  MultiQC complete
