[2022-08-05 11:11:35,438] multiqc                                            [DEBUG  ]  This is MultiQC v1.11
[2022-08-05 11:11:35,438] multiqc                                            [DEBUG  ]  No MultiQC config found: /apps/multiqc/1.11/lib/python3.9/site-packages/multiqc_config.yaml
[2022-08-05 11:11:35,438] multiqc                                            [DEBUG  ]  No MultiQC config found: /home/smi9a9/.multiqc_config.yaml
[2022-08-05 11:11:44,014] multiqc                                            [DEBUG  ]  No MultiQC config found: multiqc_config.yaml
[2022-08-05 11:11:44,014] multiqc                                            [DEBUG  ]  Command used: /apps/multiqc/1.11/bin/multiqc ./9512_HCWFWBCXX-1_merged_fastqc.html ./9512_HCWFWBCXX-1_merged_fastqc.zip ./9512_HCWFWBCXX-1_merged.fastq.gz ./9512_HCWFWBCXX-1_R1p_fastqc.html ./9512_HCWFWBCXX-1_R1p_fastqc.zip ./9512_HCWFWBCXX-1_R1p.fastq.gz ./9512_HCWFWBCXX-1_R1R2u_fastqc.html ./9512_HCWFWBCXX-1_R1R2u_fastqc.zip ./9512_HCWFWBCXX-1_R1R2u.fastq.gz ./9512_HCWFWBCXX-1_R2p_fastqc.html ./9512_HCWFWBCXX-1_R2p_fastqc.zip ./9512_HCWFWBCXX-1_R2p.fastq.gz ./9512_QCreads.md5 -o 9512_MGSD_CSIRO.qc.stats
[2022-08-05 11:11:44,017] multiqc                                            [DEBUG  ]  Could not connect to multiqc.info for version check: <urlopen error [Errno 111] Connection refused>
[2022-08-05 11:11:44,017] multiqc                                            [DEBUG  ]  Command     : /apps/multiqc/1.11/bin/multiqc ./9512_HCWFWBCXX-1_merged_fastqc.html ./9512_HCWFWBCXX-1_merged_fastqc.zip ./9512_HCWFWBCXX-1_merged.fastq.gz ./9512_HCWFWBCXX-1_R1p_fastqc.html ./9512_HCWFWBCXX-1_R1p_fastqc.zip ./9512_HCWFWBCXX-1_R1p.fastq.gz ./9512_HCWFWBCXX-1_R1R2u_fastqc.html ./9512_HCWFWBCXX-1_R1R2u_fastqc.zip ./9512_HCWFWBCXX-1_R1R2u.fastq.gz ./9512_HCWFWBCXX-1_R2p_fastqc.html ./9512_HCWFWBCXX-1_R2p_fastqc.zip ./9512_HCWFWBCXX-1_R2p.fastq.gz ./9512_QCreads.md5 -o 9512_MGSD_CSIRO.qc.stats
[2022-08-05 11:11:44,017] multiqc                                            [DEBUG  ]  Working dir : /datasets/work/oa-amd/work/amd/Metagenome_QC_reads
[2022-08-05 11:11:44,017] multiqc                                            [DEBUG  ]  Template    : default
[2022-08-05 11:11:44,017] multiqc                                            [DEBUG  ]  Running Python 3.9.4 (default, Apr 25 2021, 16:13:27)  [GCC 10.3.0]
[2022-08-05 11:11:44,017] multiqc                                            [DEBUG  ]  Analysing modules: custom_content, ccs, ngsderive, purple, conpair, lima, peddy, somalier, methylQA, mosdepth, phantompeakqualtools, qualimap, preseq, quast, qorts, rna_seqc, rockhopper, rsem, rseqc, busco, bustools, goleft_indexcov, gffcompare, disambiguate, supernova, deeptools, sargasso, verifybamid, mirtrace, happy, mirtop, sambamba, homer, hops, macs2, theta2, snpeff, gatk, htseq, bcftools, featureCounts, fgbio, dragen, dedup, damageprofiler, biobambam2, jcvi, mtnucratio, picard, vep, sentieon, prokka, qc3C, nanostat, samblaster, samtools, sexdeterrmine, eigenstratdatabasetools, bamtools, jellyfish, vcftools, longranger, stacks, varscan2, snippy, bbmap, bismark, biscuit, hicexplorer, hicup, hicpro, salmon, kallisto, slamdunk, star, hisat2, tophat, bowtie2, bowtie1, snpsplit, odgi, pangolin, kat, leehom, adapterRemoval, clipandmerge, cutadapt, flexbar, kaiju, kraken, malt, trimmomatic, sickle, skewer, sortmerna, biobloomtools, fastq_screen, afterqc, fastp, fastqc, pychopper, pycoqc, minionqc, multivcfanalyzer, clusterflow, bcl2fastq, bclconvert, interop, ivar, flash, seqyclean, optitype
[2022-08-05 11:11:44,017] multiqc                                            [DEBUG  ]  Using temporary directory for creating report: /tmp/smi9a9.8586079/tmp1r6b00zq
[2022-08-05 11:11:44,361] multiqc                                            [INFO   ]  Search path : /datasets/work/oa-amd/work/amd/Metagenome_QC_reads/9512_HCWFWBCXX-1_merged_fastqc.html
[2022-08-05 11:11:44,361] multiqc                                            [INFO   ]  Search path : /datasets/work/oa-amd/work/amd/Metagenome_QC_reads/9512_HCWFWBCXX-1_merged_fastqc.zip
[2022-08-05 11:11:44,361] multiqc                                            [INFO   ]  Search path : /datasets/work/oa-amd/work/amd/Metagenome_QC_reads/9512_HCWFWBCXX-1_merged.fastq.gz
[2022-08-05 11:11:44,361] multiqc                                            [INFO   ]  Search path : /datasets/work/oa-amd/work/amd/Metagenome_QC_reads/9512_HCWFWBCXX-1_R1p_fastqc.html
[2022-08-05 11:11:44,361] multiqc                                            [INFO   ]  Search path : /datasets/work/oa-amd/work/amd/Metagenome_QC_reads/9512_HCWFWBCXX-1_R1p_fastqc.zip
[2022-08-05 11:11:44,361] multiqc                                            [INFO   ]  Search path : /datasets/work/oa-amd/work/amd/Metagenome_QC_reads/9512_HCWFWBCXX-1_R1p.fastq.gz
[2022-08-05 11:11:44,361] multiqc                                            [INFO   ]  Search path : /datasets/work/oa-amd/work/amd/Metagenome_QC_reads/9512_HCWFWBCXX-1_R1R2u_fastqc.html
[2022-08-05 11:11:44,361] multiqc                                            [INFO   ]  Search path : /datasets/work/oa-amd/work/amd/Metagenome_QC_reads/9512_HCWFWBCXX-1_R1R2u_fastqc.zip
[2022-08-05 11:11:44,361] multiqc                                            [INFO   ]  Search path : /datasets/work/oa-amd/work/amd/Metagenome_QC_reads/9512_HCWFWBCXX-1_R1R2u.fastq.gz
[2022-08-05 11:11:44,361] multiqc                                            [INFO   ]  Search path : /datasets/work/oa-amd/work/amd/Metagenome_QC_reads/9512_HCWFWBCXX-1_R2p_fastqc.html
[2022-08-05 11:11:44,362] multiqc                                            [INFO   ]  Search path : /datasets/work/oa-amd/work/amd/Metagenome_QC_reads/9512_HCWFWBCXX-1_R2p_fastqc.zip
[2022-08-05 11:11:44,362] multiqc                                            [INFO   ]  Search path : /datasets/work/oa-amd/work/amd/Metagenome_QC_reads/9512_HCWFWBCXX-1_R2p.fastq.gz
[2022-08-05 11:11:44,362] multiqc                                            [INFO   ]  Search path : /datasets/work/oa-amd/work/amd/Metagenome_QC_reads/9512_QCreads.md5
[2022-08-05 11:11:44,704] multiqc                                            [DEBUG  ]  File ignored by ccs/v4 because it exceeded search pattern filesize limit: 9512_HCWFWBCXX-1_merged_fastqc.html
[2022-08-05 11:11:44,711] multiqc                                            [DEBUG  ]  File ignored by hicexplorer because it exceeded search pattern filesize limit: 9512_HCWFWBCXX-1_merged_fastqc.html
[2022-08-05 11:11:44,712] multiqc                                            [DEBUG  ]  File ignored by nanostat because it exceeded search pattern filesize limit: 9512_HCWFWBCXX-1_merged_fastqc.html
[2022-08-05 11:11:44,712] multiqc                                            [DEBUG  ]  File ignored by lima/summary because it exceeded search pattern filesize limit: 9512_HCWFWBCXX-1_merged_fastqc.html
[2022-08-05 11:11:44,831] multiqc                                            [DEBUG  ]  File ignored by vep/vep_txt because it exceeded search pattern filesize limit: 9512_HCWFWBCXX-1_merged_fastqc.html
[2022-08-05 11:11:44,831] multiqc                                            [DEBUG  ]  File ignored by longranger/invocation because it exceeded search pattern filesize limit: 9512_HCWFWBCXX-1_merged_fastqc.html
[2022-08-05 11:11:44,831] multiqc                                            [DEBUG  ]  File ignored by rockhopper because it exceeded search pattern filesize limit: 9512_HCWFWBCXX-1_merged_fastqc.html
[2022-08-05 11:11:44,831] multiqc                                            [DEBUG  ]  File ignored by rseqc/bam_stat because it exceeded search pattern filesize limit: 9512_HCWFWBCXX-1_merged_fastqc.html
[2022-08-05 11:11:44,831] multiqc                                            [DEBUG  ]  File ignored by rseqc/junction_annotation because it exceeded search pattern filesize limit: 9512_HCWFWBCXX-1_merged_fastqc.html
[2022-08-05 11:11:44,831] multiqc                                            [DEBUG  ]  File ignored by rseqc/read_distribution because it exceeded search pattern filesize limit: 9512_HCWFWBCXX-1_merged_fastqc.html
[2022-08-05 11:11:44,831] multiqc                                            [DEBUG  ]  File ignored by rseqc/infer_experiment because it exceeded search pattern filesize limit: 9512_HCWFWBCXX-1_merged_fastqc.html
[2022-08-05 11:11:45,315] multiqc                                            [DEBUG  ]  Ignoring file as matched an ignore pattern: 9512_HCWFWBCXX-1_merged.fastq.gz
[2022-08-05 11:11:45,771] multiqc                                            [DEBUG  ]  File ignored by ccs/v4 because it exceeded search pattern filesize limit: 9512_HCWFWBCXX-1_R1p_fastqc.html
[2022-08-05 11:11:45,780] multiqc                                            [DEBUG  ]  File ignored by hicexplorer because it exceeded search pattern filesize limit: 9512_HCWFWBCXX-1_R1p_fastqc.html
[2022-08-05 11:11:45,781] multiqc                                            [DEBUG  ]  File ignored by nanostat because it exceeded search pattern filesize limit: 9512_HCWFWBCXX-1_R1p_fastqc.html
[2022-08-05 11:11:45,781] multiqc                                            [DEBUG  ]  File ignored by lima/summary because it exceeded search pattern filesize limit: 9512_HCWFWBCXX-1_R1p_fastqc.html
[2022-08-05 11:11:45,793] multiqc                                            [DEBUG  ]  File ignored by vep/vep_txt because it exceeded search pattern filesize limit: 9512_HCWFWBCXX-1_R1p_fastqc.html
[2022-08-05 11:11:45,793] multiqc                                            [DEBUG  ]  File ignored by longranger/invocation because it exceeded search pattern filesize limit: 9512_HCWFWBCXX-1_R1p_fastqc.html
[2022-08-05 11:11:45,793] multiqc                                            [DEBUG  ]  File ignored by rockhopper because it exceeded search pattern filesize limit: 9512_HCWFWBCXX-1_R1p_fastqc.html
[2022-08-05 11:11:45,793] multiqc                                            [DEBUG  ]  File ignored by rseqc/bam_stat because it exceeded search pattern filesize limit: 9512_HCWFWBCXX-1_R1p_fastqc.html
[2022-08-05 11:11:45,793] multiqc                                            [DEBUG  ]  File ignored by rseqc/junction_annotation because it exceeded search pattern filesize limit: 9512_HCWFWBCXX-1_R1p_fastqc.html
[2022-08-05 11:11:45,793] multiqc                                            [DEBUG  ]  File ignored by rseqc/read_distribution because it exceeded search pattern filesize limit: 9512_HCWFWBCXX-1_R1p_fastqc.html
[2022-08-05 11:11:45,793] multiqc                                            [DEBUG  ]  File ignored by rseqc/infer_experiment because it exceeded search pattern filesize limit: 9512_HCWFWBCXX-1_R1p_fastqc.html
[2022-08-05 11:11:46,377] multiqc                                            [DEBUG  ]  Ignoring file as matched an ignore pattern: 9512_HCWFWBCXX-1_R1p.fastq.gz
[2022-08-05 11:11:46,398] multiqc                                            [DEBUG  ]  File ignored by ccs/v4 because it exceeded search pattern filesize limit: 9512_HCWFWBCXX-1_R1R2u_fastqc.html
[2022-08-05 11:11:46,405] multiqc                                            [DEBUG  ]  File ignored by hicexplorer because it exceeded search pattern filesize limit: 9512_HCWFWBCXX-1_R1R2u_fastqc.html
[2022-08-05 11:11:46,405] multiqc                                            [DEBUG  ]  File ignored by nanostat because it exceeded search pattern filesize limit: 9512_HCWFWBCXX-1_R1R2u_fastqc.html
[2022-08-05 11:11:46,405] multiqc                                            [DEBUG  ]  File ignored by lima/summary because it exceeded search pattern filesize limit: 9512_HCWFWBCXX-1_R1R2u_fastqc.html
[2022-08-05 11:11:46,412] multiqc                                            [DEBUG  ]  File ignored by vep/vep_txt because it exceeded search pattern filesize limit: 9512_HCWFWBCXX-1_R1R2u_fastqc.html
[2022-08-05 11:11:46,413] multiqc                                            [DEBUG  ]  File ignored by longranger/invocation because it exceeded search pattern filesize limit: 9512_HCWFWBCXX-1_R1R2u_fastqc.html
[2022-08-05 11:11:46,677] multiqc                                            [DEBUG  ]  Ignoring file as matched an ignore pattern: 9512_HCWFWBCXX-1_R1R2u.fastq.gz
[2022-08-05 11:11:46,830] multiqc                                            [DEBUG  ]  File ignored by ccs/v4 because it exceeded search pattern filesize limit: 9512_HCWFWBCXX-1_R2p_fastqc.html
[2022-08-05 11:11:46,835] multiqc                                            [DEBUG  ]  File ignored by hicexplorer because it exceeded search pattern filesize limit: 9512_HCWFWBCXX-1_R2p_fastqc.html
[2022-08-05 11:11:46,835] multiqc                                            [DEBUG  ]  File ignored by nanostat because it exceeded search pattern filesize limit: 9512_HCWFWBCXX-1_R2p_fastqc.html
[2022-08-05 11:11:46,835] multiqc                                            [DEBUG  ]  File ignored by lima/summary because it exceeded search pattern filesize limit: 9512_HCWFWBCXX-1_R2p_fastqc.html
[2022-08-05 11:11:47,007] multiqc                                            [DEBUG  ]  File ignored by vep/vep_txt because it exceeded search pattern filesize limit: 9512_HCWFWBCXX-1_R2p_fastqc.html
[2022-08-05 11:11:47,007] multiqc                                            [DEBUG  ]  File ignored by longranger/invocation because it exceeded search pattern filesize limit: 9512_HCWFWBCXX-1_R2p_fastqc.html
[2022-08-05 11:11:47,007] multiqc                                            [DEBUG  ]  File ignored by rockhopper because it exceeded search pattern filesize limit: 9512_HCWFWBCXX-1_R2p_fastqc.html
[2022-08-05 11:11:47,007] multiqc                                            [DEBUG  ]  File ignored by rseqc/bam_stat because it exceeded search pattern filesize limit: 9512_HCWFWBCXX-1_R2p_fastqc.html
[2022-08-05 11:11:47,007] multiqc                                            [DEBUG  ]  File ignored by rseqc/junction_annotation because it exceeded search pattern filesize limit: 9512_HCWFWBCXX-1_R2p_fastqc.html
[2022-08-05 11:11:47,007] multiqc                                            [DEBUG  ]  File ignored by rseqc/read_distribution because it exceeded search pattern filesize limit: 9512_HCWFWBCXX-1_R2p_fastqc.html
[2022-08-05 11:11:47,007] multiqc                                            [DEBUG  ]  File ignored by rseqc/infer_experiment because it exceeded search pattern filesize limit: 9512_HCWFWBCXX-1_R2p_fastqc.html
[2022-08-05 11:11:48,003] multiqc                                            [DEBUG  ]  Ignoring file as matched an ignore pattern: 9512_HCWFWBCXX-1_R2p.fastq.gz
[2022-08-05 11:11:48,015] multiqc                                            [DEBUG  ]  Ignoring file as matched an ignore pattern: 9512_QCreads.md5
[2022-08-05 11:11:50,614] multiqc.plots.bargraph                             [DEBUG  ]  Using matplotlib version 3.3.4
[2022-08-05 11:11:50,618] multiqc.plots.linegraph                            [DEBUG  ]  Using matplotlib version 3.3.4
[2022-08-05 11:11:50,622] multiqc                                            [DEBUG  ]  No samples found: custom_content
[2022-08-05 11:11:50,628] multiqc                                            [DEBUG  ]  No samples found: ccs
[2022-08-05 11:11:50,634] multiqc                                            [DEBUG  ]  No samples found: ngsderive
[2022-08-05 11:11:50,640] multiqc                                            [DEBUG  ]  No samples found: purple
[2022-08-05 11:11:50,647] multiqc                                            [DEBUG  ]  No samples found: conpair
[2022-08-05 11:11:50,652] multiqc                                            [DEBUG  ]  No samples found: lima
[2022-08-05 11:11:50,659] multiqc                                            [DEBUG  ]  No samples found: peddy
[2022-08-05 11:11:50,666] multiqc                                            [DEBUG  ]  No samples found: somalier
[2022-08-05 11:11:50,671] multiqc                                            [DEBUG  ]  No samples found: methylQA
[2022-08-05 11:11:50,683] multiqc.modules.mosdepth.mosdepth                  [DEBUG  ]  include_contigs: []
[2022-08-05 11:11:50,683] multiqc.modules.mosdepth.mosdepth                  [DEBUG  ]  exclude_contigs: []
[2022-08-05 11:11:50,683] multiqc                                            [DEBUG  ]  No samples found: mosdepth
[2022-08-05 11:11:50,689] multiqc                                            [DEBUG  ]  No samples found: phantompeakqualtools
[2022-08-05 11:11:50,693] multiqc                                            [DEBUG  ]  No samples found: qualimap
[2022-08-05 11:11:50,699] multiqc                                            [DEBUG  ]  No samples found: preseq
[2022-08-05 11:11:50,705] multiqc                                            [DEBUG  ]  No samples found: quast
[2022-08-05 11:11:50,711] multiqc                                            [DEBUG  ]  No samples found: qorts
[2022-08-05 11:11:50,716] multiqc                                            [DEBUG  ]  No samples found: rna_seqc
[2022-08-05 11:11:50,721] multiqc                                            [DEBUG  ]  No samples found: rockhopper
[2022-08-05 11:11:50,732] multiqc                                            [DEBUG  ]  No samples found: rsem
[2022-08-05 11:11:51,017] multiqc                                            [DEBUG  ]  No samples found: rseqc
[2022-08-05 11:11:51,026] multiqc                                            [DEBUG  ]  No samples found: busco
[2022-08-05 11:11:51,041] multiqc                                            [DEBUG  ]  No samples found: bustools
[2022-08-05 11:11:51,059] multiqc                                            [DEBUG  ]  No samples found: goleft_indexcov
[2022-08-05 11:11:51,075] multiqc                                            [DEBUG  ]  No samples found: gffcompare
[2022-08-05 11:11:51,090] multiqc                                            [DEBUG  ]  No samples found: disambiguate
[2022-08-05 11:11:51,107] multiqc                                            [DEBUG  ]  No samples found: supernova
[2022-08-05 11:11:51,375] multiqc                                            [DEBUG  ]  No samples found: deeptools
[2022-08-05 11:11:51,384] multiqc                                            [DEBUG  ]  No samples found: sargasso
[2022-08-05 11:11:51,390] multiqc                                            [DEBUG  ]  No samples found: verifybamid
[2022-08-05 11:11:51,397] multiqc                                            [DEBUG  ]  No samples found: mirtrace
[2022-08-05 11:11:51,632] multiqc                                            [DEBUG  ]  No samples found: happy
[2022-08-05 11:11:51,642] multiqc                                            [DEBUG  ]  No samples found: mirtop
[2022-08-05 11:11:51,652] multiqc                                            [DEBUG  ]  No samples found: sambamba
[2022-08-05 11:11:51,665] multiqc                                            [DEBUG  ]  No samples found: homer
[2022-08-05 11:11:51,670] multiqc                                            [DEBUG  ]  No samples found: hops
[2022-08-05 11:11:51,678] multiqc                                            [DEBUG  ]  No samples found: macs2
[2022-08-05 11:11:51,685] multiqc                                            [DEBUG  ]  No samples found: theta2
[2022-08-05 11:11:51,692] multiqc                                            [DEBUG  ]  No samples found: snpeff
[2022-08-05 11:11:51,705] multiqc                                            [DEBUG  ]  No samples found: gatk
[2022-08-05 11:11:51,713] multiqc                                            [DEBUG  ]  No samples found: htseq
[2022-08-05 11:11:51,726] multiqc                                            [DEBUG  ]  No samples found: bcftools
[2022-08-05 11:11:51,731] multiqc                                            [DEBUG  ]  No samples found: featureCounts
[2022-08-05 11:11:51,745] multiqc                                            [DEBUG  ]  No samples found: fgbio
[2022-08-05 11:11:52,232] multiqc                                            [DEBUG  ]  No samples found: dragen
[2022-08-05 11:11:52,263] multiqc                                            [DEBUG  ]  No samples found: dedup
[2022-08-05 11:11:52,513] multiqc                                            [DEBUG  ]  No samples found: damageprofiler
[2022-08-05 11:11:53,324] multiqc                                            [DEBUG  ]  No samples found: biobambam2
[2022-08-05 11:11:53,334] multiqc                                            [DEBUG  ]  No samples found: jcvi
[2022-08-05 11:11:53,339] multiqc                                            [DEBUG  ]  No samples found: mtnucratio
[2022-08-05 11:11:53,341] multiqc                                            [DEBUG  ]  No samples found: picard
[2022-08-05 11:11:53,348] multiqc                                            [DEBUG  ]  No samples found: vep
[2022-08-05 11:11:53,362] multiqc                                            [DEBUG  ]  No samples found: sentieon
[2022-08-05 11:11:53,369] multiqc                                            [DEBUG  ]  No samples found: prokka
[2022-08-05 11:11:53,378] multiqc                                            [DEBUG  ]  No samples found: qc3C
[2022-08-05 11:11:53,403] multiqc                                            [DEBUG  ]  No samples found: nanostat
[2022-08-05 11:11:53,420] multiqc                                            [DEBUG  ]  No samples found: samblaster
[2022-08-05 11:11:53,482] multiqc                                            [DEBUG  ]  No samples found: samtools
[2022-08-05 11:11:53,512] multiqc                                            [DEBUG  ]  No samples found: sexdeterrmine
[2022-08-05 11:11:53,543] multiqc                                            [DEBUG  ]  No samples found: eigenstratdatabasetools
[2022-08-05 11:11:54,065] multiqc                                            [DEBUG  ]  No samples found: bamtools
[2022-08-05 11:11:54,084] multiqc                                            [DEBUG  ]  No samples found: jellyfish
[2022-08-05 11:11:54,113] multiqc                                            [DEBUG  ]  No samples found: vcftools
[2022-08-05 11:11:54,120] multiqc                                            [DEBUG  ]  No samples found: longranger
[2022-08-05 11:11:54,126] multiqc                                            [DEBUG  ]  No samples found: stacks
[2022-08-05 11:11:54,135] multiqc                                            [DEBUG  ]  No samples found: varscan2
[2022-08-05 11:11:54,141] multiqc                                            [DEBUG  ]  No samples found: snippy
[2022-08-05 11:11:54,167] multiqc                                            [DEBUG  ]  No samples found: bbmap
[2022-08-05 11:11:54,174] multiqc                                            [DEBUG  ]  No samples found: bismark
[2022-08-05 11:11:54,185] multiqc                                            [DEBUG  ]  No samples found: biscuit
[2022-08-05 11:11:54,191] multiqc                                            [DEBUG  ]  No samples found: hicexplorer
[2022-08-05 11:11:54,198] multiqc                                            [DEBUG  ]  No samples found: hicup
[2022-08-05 11:11:54,211] multiqc                                            [DEBUG  ]  No samples found: hicpro
[2022-08-05 11:11:54,216] multiqc                                            [DEBUG  ]  No samples found: salmon
[2022-08-05 11:11:54,225] multiqc                                            [DEBUG  ]  No samples found: kallisto
[2022-08-05 11:11:54,233] multiqc                                            [DEBUG  ]  No samples found: slamdunk
[2022-08-05 11:11:54,241] multiqc                                            [DEBUG  ]  No samples found: star
[2022-08-05 11:11:54,255] multiqc                                            [DEBUG  ]  No samples found: hisat2
[2022-08-05 11:11:54,265] multiqc                                            [DEBUG  ]  No samples found: tophat
[2022-08-05 11:11:54,295] multiqc                                            [DEBUG  ]  No samples found: bowtie2
[2022-08-05 11:11:54,311] multiqc                                            [DEBUG  ]  No samples found: bowtie1
[2022-08-05 11:11:54,330] multiqc                                            [DEBUG  ]  No samples found: snpsplit
[2022-08-05 11:11:54,352] multiqc                                            [DEBUG  ]  No samples found: odgi
[2022-08-05 11:11:54,364] multiqc                                            [DEBUG  ]  No samples found: pangolin
[2022-08-05 11:11:54,381] multiqc                                            [DEBUG  ]  No samples found: kat
[2022-08-05 11:11:54,390] multiqc                                            [DEBUG  ]  No samples found: leehom
[2022-08-05 11:11:54,632] multiqc                                            [DEBUG  ]  No samples found: adapterRemoval
[2022-08-05 11:11:54,639] multiqc                                            [DEBUG  ]  No samples found: clipandmerge
[2022-08-05 11:11:54,647] multiqc                                            [DEBUG  ]  No samples found: cutadapt
[2022-08-05 11:11:54,652] multiqc                                            [DEBUG  ]  No samples found: flexbar
[2022-08-05 11:11:54,658] multiqc                                            [DEBUG  ]  No samples found: kaiju
[2022-08-05 11:11:54,666] multiqc                                            [DEBUG  ]  No samples found: kraken
[2022-08-05 11:11:54,671] multiqc                                            [DEBUG  ]  No samples found: malt
[2022-08-05 11:11:54,677] multiqc                                            [DEBUG  ]  No samples found: trimmomatic
[2022-08-05 11:11:54,683] multiqc                                            [DEBUG  ]  No samples found: sickle
[2022-08-05 11:11:54,688] multiqc                                            [DEBUG  ]  No samples found: skewer
[2022-08-05 11:11:54,694] multiqc                                            [DEBUG  ]  No samples found: sortmerna
[2022-08-05 11:11:54,699] multiqc                                            [DEBUG  ]  No samples found: biobloomtools
[2022-08-05 11:11:54,706] multiqc                                            [DEBUG  ]  No samples found: fastq_screen
[2022-08-05 11:11:54,713] multiqc                                            [DEBUG  ]  No samples found: afterqc
[2022-08-05 11:11:54,719] multiqc                                            [DEBUG  ]  No samples found: fastp
[2022-08-05 11:11:54,988] multiqc.modules.fastqc.fastqc                      [INFO   ]  Found 4 reports
[2022-08-05 11:11:54,988] multiqc.modules.fastqc.fastqc                      [WARNING]  Sample had zero reads: '9512_HCWFWBCXX-1_R1R2u'
[2022-08-05 11:11:55,055] multiqc                                            [DEBUG  ]  No samples found: pychopper
[2022-08-05 11:11:55,061] multiqc                                            [DEBUG  ]  No samples found: pycoqc
[2022-08-05 11:11:55,067] multiqc                                            [DEBUG  ]  No samples found: minionqc
[2022-08-05 11:11:55,073] multiqc                                            [DEBUG  ]  No samples found: multivcfanalyzer
[2022-08-05 11:11:55,079] multiqc                                            [DEBUG  ]  No samples found: clusterflow
[2022-08-05 11:11:55,086] multiqc                                            [DEBUG  ]  No samples found: bcl2fastq
[2022-08-05 11:11:55,096] multiqc                                            [DEBUG  ]  No samples found: bclconvert
[2022-08-05 11:11:55,335] multiqc                                            [DEBUG  ]  No samples found: interop
[2022-08-05 11:11:55,343] multiqc                                            [DEBUG  ]  No samples found: ivar
[2022-08-05 11:11:55,349] multiqc                                            [DEBUG  ]  No samples found: flash
[2022-08-05 11:11:55,355] multiqc                                            [DEBUG  ]  No samples found: seqyclean
[2022-08-05 11:11:55,360] multiqc                                            [DEBUG  ]  No samples found: optitype
[2022-08-05 11:11:55,364] multiqc                                            [INFO   ]  Compressing plot data
[2022-08-05 11:12:11,813] multiqc                                            [INFO   ]  Report      : 9512_MGSD_CSIRO.qc.stats/multiqc_report.html
[2022-08-05 11:12:11,813] multiqc                                            [INFO   ]  Data        : 9512_MGSD_CSIRO.qc.stats/multiqc_data
[2022-08-05 11:12:11,813] multiqc                                            [DEBUG  ]  Moving data file from '/tmp/smi9a9.8586079/tmp1r6b00zq/multiqc_data' to '9512_MGSD_CSIRO.qc.stats/multiqc_data'
[2022-08-05 11:12:12,966] multiqc                                            [INFO   ]  MultiQC complete
