[2022-08-05 11:01:40,450] multiqc                                            [DEBUG  ]  This is MultiQC v1.11
[2022-08-05 11:01:40,451] multiqc                                            [DEBUG  ]  No MultiQC config found: /apps/multiqc/1.11/lib/python3.9/site-packages/multiqc_config.yaml
[2022-08-05 11:01:40,451] multiqc                                            [DEBUG  ]  No MultiQC config found: /home/smi9a9/.multiqc_config.yaml
[2022-08-05 11:01:40,452] multiqc                                            [DEBUG  ]  No MultiQC config found: multiqc_config.yaml
[2022-08-05 11:01:40,452] multiqc                                            [DEBUG  ]  Command used: /apps/multiqc/1.11/bin/multiqc ./12424_combined_merged_fastqc.html ./12424_combined_merged_fastqc.zip ./12424_combined_merged.fastq.gz ./12424_combined_R1p_fastqc.html ./12424_combined_R1p_fastqc.zip ./12424_combined_R1p.fastq.gz ./12424_combined_R1R2u_fastqc.html ./12424_combined_R1R2u_fastqc.zip ./12424_combined_R1R2u.fastq.gz ./12424_combined_R2p_fastqc.html ./12424_combined_R2p_fastqc.zip ./12424_combined_R2p.fastq.gz ./12424_QCreads.md5 -o 12424_MGSD_CSIRO.qc.stats
[2022-08-05 11:01:40,462] multiqc                                            [DEBUG  ]  Could not connect to multiqc.info for version check: <urlopen error [Errno 111] Connection refused>
[2022-08-05 11:01:40,462] multiqc                                            [DEBUG  ]  Command     : /apps/multiqc/1.11/bin/multiqc ./12424_combined_merged_fastqc.html ./12424_combined_merged_fastqc.zip ./12424_combined_merged.fastq.gz ./12424_combined_R1p_fastqc.html ./12424_combined_R1p_fastqc.zip ./12424_combined_R1p.fastq.gz ./12424_combined_R1R2u_fastqc.html ./12424_combined_R1R2u_fastqc.zip ./12424_combined_R1R2u.fastq.gz ./12424_combined_R2p_fastqc.html ./12424_combined_R2p_fastqc.zip ./12424_combined_R2p.fastq.gz ./12424_QCreads.md5 -o 12424_MGSD_CSIRO.qc.stats
[2022-08-05 11:01:40,462] multiqc                                            [DEBUG  ]  Working dir : /datasets/work/oa-amd/work/amd/Metagenome_QC_reads
[2022-08-05 11:01:40,462] multiqc                                            [DEBUG  ]  Template    : default
[2022-08-05 11:01:40,462] multiqc                                            [DEBUG  ]  Running Python 3.9.4 (default, Apr 25 2021, 16:13:27)  [GCC 10.3.0]
[2022-08-05 11:01:40,462] multiqc                                            [DEBUG  ]  Analysing modules: custom_content, ccs, ngsderive, purple, conpair, lima, peddy, somalier, methylQA, mosdepth, phantompeakqualtools, qualimap, preseq, quast, qorts, rna_seqc, rockhopper, rsem, rseqc, busco, bustools, goleft_indexcov, gffcompare, disambiguate, supernova, deeptools, sargasso, verifybamid, mirtrace, happy, mirtop, sambamba, homer, hops, macs2, theta2, snpeff, gatk, htseq, bcftools, featureCounts, fgbio, dragen, dedup, damageprofiler, biobambam2, jcvi, mtnucratio, picard, vep, sentieon, prokka, qc3C, nanostat, samblaster, samtools, sexdeterrmine, eigenstratdatabasetools, bamtools, jellyfish, vcftools, longranger, stacks, varscan2, snippy, bbmap, bismark, biscuit, hicexplorer, hicup, hicpro, salmon, kallisto, slamdunk, star, hisat2, tophat, bowtie2, bowtie1, snpsplit, odgi, pangolin, kat, leehom, adapterRemoval, clipandmerge, cutadapt, flexbar, kaiju, kraken, malt, trimmomatic, sickle, skewer, sortmerna, biobloomtools, fastq_screen, afterqc, fastp, fastqc, pychopper, pycoqc, minionqc, multivcfanalyzer, clusterflow, bcl2fastq, bclconvert, interop, ivar, flash, seqyclean, optitype
[2022-08-05 11:01:40,463] multiqc                                            [DEBUG  ]  Using temporary directory for creating report: /tmp/smi9a9.8584656/tmpkpdst51l
[2022-08-05 11:01:40,542] multiqc                                            [INFO   ]  Search path : /datasets/work/oa-amd/work/amd/Metagenome_QC_reads/12424_combined_merged_fastqc.html
[2022-08-05 11:01:40,543] multiqc                                            [INFO   ]  Search path : /datasets/work/oa-amd/work/amd/Metagenome_QC_reads/12424_combined_merged_fastqc.zip
[2022-08-05 11:01:40,543] multiqc                                            [INFO   ]  Search path : /datasets/work/oa-amd/work/amd/Metagenome_QC_reads/12424_combined_merged.fastq.gz
[2022-08-05 11:01:40,543] multiqc                                            [INFO   ]  Search path : /datasets/work/oa-amd/work/amd/Metagenome_QC_reads/12424_combined_R1p_fastqc.html
[2022-08-05 11:01:40,543] multiqc                                            [INFO   ]  Search path : /datasets/work/oa-amd/work/amd/Metagenome_QC_reads/12424_combined_R1p_fastqc.zip
[2022-08-05 11:01:40,543] multiqc                                            [INFO   ]  Search path : /datasets/work/oa-amd/work/amd/Metagenome_QC_reads/12424_combined_R1p.fastq.gz
[2022-08-05 11:01:40,543] multiqc                                            [INFO   ]  Search path : /datasets/work/oa-amd/work/amd/Metagenome_QC_reads/12424_combined_R1R2u_fastqc.html
[2022-08-05 11:01:40,543] multiqc                                            [INFO   ]  Search path : /datasets/work/oa-amd/work/amd/Metagenome_QC_reads/12424_combined_R1R2u_fastqc.zip
[2022-08-05 11:01:40,543] multiqc                                            [INFO   ]  Search path : /datasets/work/oa-amd/work/amd/Metagenome_QC_reads/12424_combined_R1R2u.fastq.gz
[2022-08-05 11:01:40,543] multiqc                                            [INFO   ]  Search path : /datasets/work/oa-amd/work/amd/Metagenome_QC_reads/12424_combined_R2p_fastqc.html
[2022-08-05 11:01:40,543] multiqc                                            [INFO   ]  Search path : /datasets/work/oa-amd/work/amd/Metagenome_QC_reads/12424_combined_R2p_fastqc.zip
[2022-08-05 11:01:40,543] multiqc                                            [INFO   ]  Search path : /datasets/work/oa-amd/work/amd/Metagenome_QC_reads/12424_combined_R2p.fastq.gz
[2022-08-05 11:01:40,543] multiqc                                            [INFO   ]  Search path : /datasets/work/oa-amd/work/amd/Metagenome_QC_reads/12424_QCreads.md5
[2022-08-05 11:01:40,669] multiqc                                            [DEBUG  ]  File ignored by ccs/v4 because it exceeded search pattern filesize limit: 12424_combined_merged_fastqc.html
[2022-08-05 11:01:40,677] multiqc                                            [DEBUG  ]  File ignored by hicexplorer because it exceeded search pattern filesize limit: 12424_combined_merged_fastqc.html
[2022-08-05 11:01:40,678] multiqc                                            [DEBUG  ]  File ignored by nanostat because it exceeded search pattern filesize limit: 12424_combined_merged_fastqc.html
[2022-08-05 11:01:40,678] multiqc                                            [DEBUG  ]  File ignored by lima/summary because it exceeded search pattern filesize limit: 12424_combined_merged_fastqc.html
[2022-08-05 11:01:40,698] multiqc                                            [DEBUG  ]  File ignored by vep/vep_txt because it exceeded search pattern filesize limit: 12424_combined_merged_fastqc.html
[2022-08-05 11:01:40,698] multiqc                                            [DEBUG  ]  File ignored by longranger/invocation because it exceeded search pattern filesize limit: 12424_combined_merged_fastqc.html
[2022-08-05 11:01:40,698] multiqc                                            [DEBUG  ]  File ignored by rockhopper because it exceeded search pattern filesize limit: 12424_combined_merged_fastqc.html
[2022-08-05 11:01:40,698] multiqc                                            [DEBUG  ]  File ignored by rseqc/bam_stat because it exceeded search pattern filesize limit: 12424_combined_merged_fastqc.html
[2022-08-05 11:01:40,698] multiqc                                            [DEBUG  ]  File ignored by rseqc/junction_annotation because it exceeded search pattern filesize limit: 12424_combined_merged_fastqc.html
[2022-08-05 11:01:40,698] multiqc                                            [DEBUG  ]  File ignored by rseqc/read_distribution because it exceeded search pattern filesize limit: 12424_combined_merged_fastqc.html
[2022-08-05 11:01:40,698] multiqc                                            [DEBUG  ]  File ignored by rseqc/infer_experiment because it exceeded search pattern filesize limit: 12424_combined_merged_fastqc.html
[2022-08-05 11:01:40,793] multiqc                                            [DEBUG  ]  Ignoring file as matched an ignore pattern: 12424_combined_merged.fastq.gz
[2022-08-05 11:01:40,867] multiqc                                            [DEBUG  ]  File ignored by ccs/v4 because it exceeded search pattern filesize limit: 12424_combined_R1p_fastqc.html
[2022-08-05 11:01:40,877] multiqc                                            [DEBUG  ]  File ignored by hicexplorer because it exceeded search pattern filesize limit: 12424_combined_R1p_fastqc.html
[2022-08-05 11:01:40,878] multiqc                                            [DEBUG  ]  File ignored by nanostat because it exceeded search pattern filesize limit: 12424_combined_R1p_fastqc.html
[2022-08-05 11:01:40,878] multiqc                                            [DEBUG  ]  File ignored by lima/summary because it exceeded search pattern filesize limit: 12424_combined_R1p_fastqc.html
[2022-08-05 11:01:40,906] multiqc                                            [DEBUG  ]  File ignored by vep/vep_txt because it exceeded search pattern filesize limit: 12424_combined_R1p_fastqc.html
[2022-08-05 11:01:40,906] multiqc                                            [DEBUG  ]  File ignored by longranger/invocation because it exceeded search pattern filesize limit: 12424_combined_R1p_fastqc.html
[2022-08-05 11:01:40,906] multiqc                                            [DEBUG  ]  File ignored by rockhopper because it exceeded search pattern filesize limit: 12424_combined_R1p_fastqc.html
[2022-08-05 11:01:40,906] multiqc                                            [DEBUG  ]  File ignored by rseqc/bam_stat because it exceeded search pattern filesize limit: 12424_combined_R1p_fastqc.html
[2022-08-05 11:01:40,906] multiqc                                            [DEBUG  ]  File ignored by rseqc/junction_annotation because it exceeded search pattern filesize limit: 12424_combined_R1p_fastqc.html
[2022-08-05 11:01:40,906] multiqc                                            [DEBUG  ]  File ignored by rseqc/read_distribution because it exceeded search pattern filesize limit: 12424_combined_R1p_fastqc.html
[2022-08-05 11:01:40,906] multiqc                                            [DEBUG  ]  File ignored by rseqc/infer_experiment because it exceeded search pattern filesize limit: 12424_combined_R1p_fastqc.html
[2022-08-05 11:01:40,986] multiqc                                            [DEBUG  ]  Ignoring file as matched an ignore pattern: 12424_combined_R1p.fastq.gz
[2022-08-05 11:01:41,074] multiqc                                            [DEBUG  ]  File ignored by ccs/v4 because it exceeded search pattern filesize limit: 12424_combined_R1R2u_fastqc.html
[2022-08-05 11:01:41,086] multiqc                                            [DEBUG  ]  File ignored by hicexplorer because it exceeded search pattern filesize limit: 12424_combined_R1R2u_fastqc.html
[2022-08-05 11:01:41,087] multiqc                                            [DEBUG  ]  File ignored by nanostat because it exceeded search pattern filesize limit: 12424_combined_R1R2u_fastqc.html
[2022-08-05 11:01:41,087] multiqc                                            [DEBUG  ]  File ignored by lima/summary because it exceeded search pattern filesize limit: 12424_combined_R1R2u_fastqc.html
[2022-08-05 11:01:41,107] multiqc                                            [DEBUG  ]  File ignored by vep/vep_txt because it exceeded search pattern filesize limit: 12424_combined_R1R2u_fastqc.html
[2022-08-05 11:01:41,107] multiqc                                            [DEBUG  ]  File ignored by longranger/invocation because it exceeded search pattern filesize limit: 12424_combined_R1R2u_fastqc.html
[2022-08-05 11:01:41,107] multiqc                                            [DEBUG  ]  File ignored by rockhopper because it exceeded search pattern filesize limit: 12424_combined_R1R2u_fastqc.html
[2022-08-05 11:01:41,107] multiqc                                            [DEBUG  ]  File ignored by rseqc/bam_stat because it exceeded search pattern filesize limit: 12424_combined_R1R2u_fastqc.html
[2022-08-05 11:01:41,107] multiqc                                            [DEBUG  ]  File ignored by rseqc/junction_annotation because it exceeded search pattern filesize limit: 12424_combined_R1R2u_fastqc.html
[2022-08-05 11:01:41,107] multiqc                                            [DEBUG  ]  File ignored by rseqc/read_distribution because it exceeded search pattern filesize limit: 12424_combined_R1R2u_fastqc.html
[2022-08-05 11:01:41,107] multiqc                                            [DEBUG  ]  File ignored by rseqc/infer_experiment because it exceeded search pattern filesize limit: 12424_combined_R1R2u_fastqc.html
[2022-08-05 11:01:41,190] multiqc                                            [DEBUG  ]  Ignoring file as matched an ignore pattern: 12424_combined_R1R2u.fastq.gz
[2022-08-05 11:01:41,494] multiqc                                            [DEBUG  ]  File ignored by ccs/v4 because it exceeded search pattern filesize limit: 12424_combined_R2p_fastqc.html
[2022-08-05 11:01:41,503] multiqc                                            [DEBUG  ]  File ignored by hicexplorer because it exceeded search pattern filesize limit: 12424_combined_R2p_fastqc.html
[2022-08-05 11:01:41,504] multiqc                                            [DEBUG  ]  File ignored by nanostat because it exceeded search pattern filesize limit: 12424_combined_R2p_fastqc.html
[2022-08-05 11:01:41,504] multiqc                                            [DEBUG  ]  File ignored by lima/summary because it exceeded search pattern filesize limit: 12424_combined_R2p_fastqc.html
[2022-08-05 11:01:41,521] multiqc                                            [DEBUG  ]  File ignored by vep/vep_txt because it exceeded search pattern filesize limit: 12424_combined_R2p_fastqc.html
[2022-08-05 11:01:41,522] multiqc                                            [DEBUG  ]  File ignored by longranger/invocation because it exceeded search pattern filesize limit: 12424_combined_R2p_fastqc.html
[2022-08-05 11:01:41,522] multiqc                                            [DEBUG  ]  File ignored by rockhopper because it exceeded search pattern filesize limit: 12424_combined_R2p_fastqc.html
[2022-08-05 11:01:41,522] multiqc                                            [DEBUG  ]  File ignored by rseqc/bam_stat because it exceeded search pattern filesize limit: 12424_combined_R2p_fastqc.html
[2022-08-05 11:01:41,522] multiqc                                            [DEBUG  ]  File ignored by rseqc/junction_annotation because it exceeded search pattern filesize limit: 12424_combined_R2p_fastqc.html
[2022-08-05 11:01:41,522] multiqc                                            [DEBUG  ]  File ignored by rseqc/read_distribution because it exceeded search pattern filesize limit: 12424_combined_R2p_fastqc.html
[2022-08-05 11:01:41,522] multiqc                                            [DEBUG  ]  File ignored by rseqc/infer_experiment because it exceeded search pattern filesize limit: 12424_combined_R2p_fastqc.html
[2022-08-05 11:01:41,600] multiqc                                            [DEBUG  ]  Ignoring file as matched an ignore pattern: 12424_combined_R2p.fastq.gz
[2022-08-05 11:01:41,600] multiqc                                            [DEBUG  ]  Ignoring file as matched an ignore pattern: 12424_QCreads.md5
[2022-08-05 11:01:43,315] multiqc.plots.bargraph                             [DEBUG  ]  Using matplotlib version 3.3.4
[2022-08-05 11:01:43,321] multiqc.plots.linegraph                            [DEBUG  ]  Using matplotlib version 3.3.4
[2022-08-05 11:01:43,327] multiqc                                            [DEBUG  ]  No samples found: custom_content
[2022-08-05 11:01:43,337] multiqc                                            [DEBUG  ]  No samples found: ccs
[2022-08-05 11:01:43,347] multiqc                                            [DEBUG  ]  No samples found: ngsderive
[2022-08-05 11:01:43,356] multiqc                                            [DEBUG  ]  No samples found: purple
[2022-08-05 11:01:43,365] multiqc                                            [DEBUG  ]  No samples found: conpair
[2022-08-05 11:01:43,374] multiqc                                            [DEBUG  ]  No samples found: lima
[2022-08-05 11:01:43,383] multiqc                                            [DEBUG  ]  No samples found: peddy
[2022-08-05 11:01:43,393] multiqc                                            [DEBUG  ]  No samples found: somalier
[2022-08-05 11:01:43,401] multiqc                                            [DEBUG  ]  No samples found: methylQA
[2022-08-05 11:01:43,419] multiqc.modules.mosdepth.mosdepth                  [DEBUG  ]  include_contigs: []
[2022-08-05 11:01:43,419] multiqc.modules.mosdepth.mosdepth                  [DEBUG  ]  exclude_contigs: []
[2022-08-05 11:01:43,419] multiqc                                            [DEBUG  ]  No samples found: mosdepth
[2022-08-05 11:01:43,427] multiqc                                            [DEBUG  ]  No samples found: phantompeakqualtools
[2022-08-05 11:01:43,432] multiqc                                            [DEBUG  ]  No samples found: qualimap
[2022-08-05 11:01:43,441] multiqc                                            [DEBUG  ]  No samples found: preseq
[2022-08-05 11:01:43,450] multiqc                                            [DEBUG  ]  No samples found: quast
[2022-08-05 11:01:43,458] multiqc                                            [DEBUG  ]  No samples found: qorts
[2022-08-05 11:01:43,467] multiqc                                            [DEBUG  ]  No samples found: rna_seqc
[2022-08-05 11:01:43,476] multiqc                                            [DEBUG  ]  No samples found: rockhopper
[2022-08-05 11:01:43,484] multiqc                                            [DEBUG  ]  No samples found: rsem
[2022-08-05 11:01:43,790] multiqc                                            [DEBUG  ]  No samples found: rseqc
[2022-08-05 11:01:43,798] multiqc                                            [DEBUG  ]  No samples found: busco
[2022-08-05 11:01:43,805] multiqc                                            [DEBUG  ]  No samples found: bustools
[2022-08-05 11:01:43,813] multiqc                                            [DEBUG  ]  No samples found: goleft_indexcov
[2022-08-05 11:01:43,821] multiqc                                            [DEBUG  ]  No samples found: gffcompare
[2022-08-05 11:01:43,830] multiqc                                            [DEBUG  ]  No samples found: disambiguate
[2022-08-05 11:01:43,839] multiqc                                            [DEBUG  ]  No samples found: supernova
[2022-08-05 11:01:44,330] multiqc                                            [DEBUG  ]  No samples found: deeptools
[2022-08-05 11:01:44,338] multiqc                                            [DEBUG  ]  No samples found: sargasso
[2022-08-05 11:01:44,346] multiqc                                            [DEBUG  ]  No samples found: verifybamid
[2022-08-05 11:01:44,354] multiqc                                            [DEBUG  ]  No samples found: mirtrace
[2022-08-05 11:01:44,362] multiqc                                            [DEBUG  ]  No samples found: happy
[2022-08-05 11:01:44,370] multiqc                                            [DEBUG  ]  No samples found: mirtop
[2022-08-05 11:01:44,378] multiqc                                            [DEBUG  ]  No samples found: sambamba
[2022-08-05 11:01:44,390] multiqc                                            [DEBUG  ]  No samples found: homer
[2022-08-05 11:01:44,397] multiqc                                            [DEBUG  ]  No samples found: hops
[2022-08-05 11:01:44,404] multiqc                                            [DEBUG  ]  No samples found: macs2
[2022-08-05 11:01:44,412] multiqc                                            [DEBUG  ]  No samples found: theta2
[2022-08-05 11:01:44,422] multiqc                                            [DEBUG  ]  No samples found: snpeff
[2022-08-05 11:01:44,711] multiqc                                            [DEBUG  ]  No samples found: gatk
[2022-08-05 11:01:44,718] multiqc                                            [DEBUG  ]  No samples found: htseq
[2022-08-05 11:01:44,727] multiqc                                            [DEBUG  ]  No samples found: bcftools
[2022-08-05 11:01:44,734] multiqc                                            [DEBUG  ]  No samples found: featureCounts
[2022-08-05 11:01:44,745] multiqc                                            [DEBUG  ]  No samples found: fgbio
[2022-08-05 11:01:45,044] multiqc                                            [DEBUG  ]  No samples found: dragen
[2022-08-05 11:01:45,051] multiqc                                            [DEBUG  ]  No samples found: dedup
[2022-08-05 11:01:45,058] multiqc                                            [DEBUG  ]  No samples found: damageprofiler
[2022-08-05 11:01:45,344] multiqc                                            [DEBUG  ]  No samples found: biobambam2
[2022-08-05 11:01:45,352] multiqc                                            [DEBUG  ]  No samples found: jcvi
[2022-08-05 11:01:45,359] multiqc                                            [DEBUG  ]  No samples found: mtnucratio
[2022-08-05 11:01:45,361] multiqc                                            [DEBUG  ]  No samples found: picard
[2022-08-05 11:01:45,369] multiqc                                            [DEBUG  ]  No samples found: vep
[2022-08-05 11:01:45,381] multiqc                                            [DEBUG  ]  No samples found: sentieon
[2022-08-05 11:01:45,388] multiqc                                            [DEBUG  ]  No samples found: prokka
[2022-08-05 11:01:45,398] multiqc                                            [DEBUG  ]  No samples found: qc3C
[2022-08-05 11:01:45,406] multiqc                                            [DEBUG  ]  No samples found: nanostat
[2022-08-05 11:01:45,412] multiqc                                            [DEBUG  ]  No samples found: samblaster
[2022-08-05 11:01:45,426] multiqc                                            [DEBUG  ]  No samples found: samtools
[2022-08-05 11:01:45,432] multiqc                                            [DEBUG  ]  No samples found: sexdeterrmine
[2022-08-05 11:01:45,439] multiqc                                            [DEBUG  ]  No samples found: eigenstratdatabasetools
[2022-08-05 11:01:45,447] multiqc                                            [DEBUG  ]  No samples found: bamtools
[2022-08-05 11:01:45,728] multiqc                                            [DEBUG  ]  No samples found: jellyfish
[2022-08-05 11:01:45,742] multiqc                                            [DEBUG  ]  No samples found: vcftools
[2022-08-05 11:01:45,750] multiqc                                            [DEBUG  ]  No samples found: longranger
[2022-08-05 11:01:45,758] multiqc                                            [DEBUG  ]  No samples found: stacks
[2022-08-05 11:01:45,766] multiqc                                            [DEBUG  ]  No samples found: varscan2
[2022-08-05 11:01:45,773] multiqc                                            [DEBUG  ]  No samples found: snippy
[2022-08-05 11:01:45,804] multiqc                                            [DEBUG  ]  No samples found: bbmap
[2022-08-05 11:01:45,814] multiqc                                            [DEBUG  ]  No samples found: bismark
[2022-08-05 11:01:46,055] multiqc                                            [DEBUG  ]  No samples found: biscuit
[2022-08-05 11:01:46,341] multiqc                                            [DEBUG  ]  No samples found: hicexplorer
[2022-08-05 11:01:46,349] multiqc                                            [DEBUG  ]  No samples found: hicup
[2022-08-05 11:01:46,357] multiqc                                            [DEBUG  ]  No samples found: hicpro
[2022-08-05 11:01:46,364] multiqc                                            [DEBUG  ]  No samples found: salmon
[2022-08-05 11:01:46,371] multiqc                                            [DEBUG  ]  No samples found: kallisto
[2022-08-05 11:01:46,380] multiqc                                            [DEBUG  ]  No samples found: slamdunk
[2022-08-05 11:01:46,390] multiqc                                            [DEBUG  ]  No samples found: star
[2022-08-05 11:01:46,398] multiqc                                            [DEBUG  ]  No samples found: hisat2
[2022-08-05 11:01:46,405] multiqc                                            [DEBUG  ]  No samples found: tophat
[2022-08-05 11:01:46,412] multiqc                                            [DEBUG  ]  No samples found: bowtie2
[2022-08-05 11:01:46,689] multiqc                                            [DEBUG  ]  No samples found: bowtie1
[2022-08-05 11:01:46,698] multiqc                                            [DEBUG  ]  No samples found: snpsplit
[2022-08-05 11:01:46,706] multiqc                                            [DEBUG  ]  No samples found: odgi
[2022-08-05 11:01:46,714] multiqc                                            [DEBUG  ]  No samples found: pangolin
[2022-08-05 11:01:46,721] multiqc                                            [DEBUG  ]  No samples found: kat
[2022-08-05 11:01:46,728] multiqc                                            [DEBUG  ]  No samples found: leehom
[2022-08-05 11:01:46,737] multiqc                                            [DEBUG  ]  No samples found: adapterRemoval
[2022-08-05 11:01:46,743] multiqc                                            [DEBUG  ]  No samples found: clipandmerge
[2022-08-05 11:01:46,982] multiqc                                            [DEBUG  ]  No samples found: cutadapt
[2022-08-05 11:01:46,990] multiqc                                            [DEBUG  ]  No samples found: flexbar
[2022-08-05 11:01:46,998] multiqc                                            [DEBUG  ]  No samples found: kaiju
[2022-08-05 11:01:47,006] multiqc                                            [DEBUG  ]  No samples found: kraken
[2022-08-05 11:01:47,014] multiqc                                            [DEBUG  ]  No samples found: malt
[2022-08-05 11:01:47,021] multiqc                                            [DEBUG  ]  No samples found: trimmomatic
[2022-08-05 11:01:47,028] multiqc                                            [DEBUG  ]  No samples found: sickle
[2022-08-05 11:01:47,036] multiqc                                            [DEBUG  ]  No samples found: skewer
[2022-08-05 11:01:47,043] multiqc                                            [DEBUG  ]  No samples found: sortmerna
[2022-08-05 11:01:47,050] multiqc                                            [DEBUG  ]  No samples found: biobloomtools
[2022-08-05 11:01:47,290] multiqc                                            [DEBUG  ]  No samples found: fastq_screen
[2022-08-05 11:01:47,297] multiqc                                            [DEBUG  ]  No samples found: afterqc
[2022-08-05 11:01:47,306] multiqc                                            [DEBUG  ]  No samples found: fastp
[2022-08-05 11:01:48,582] multiqc.modules.fastqc.fastqc                      [INFO   ]  Found 4 reports
[2022-08-05 11:01:48,636] multiqc                                            [DEBUG  ]  No samples found: pychopper
[2022-08-05 11:01:48,644] multiqc                                            [DEBUG  ]  No samples found: pycoqc
[2022-08-05 11:01:48,653] multiqc                                            [DEBUG  ]  No samples found: minionqc
[2022-08-05 11:01:48,661] multiqc                                            [DEBUG  ]  No samples found: multivcfanalyzer
[2022-08-05 11:01:48,669] multiqc                                            [DEBUG  ]  No samples found: clusterflow
[2022-08-05 11:01:48,679] multiqc                                            [DEBUG  ]  No samples found: bcl2fastq
[2022-08-05 11:01:48,919] multiqc                                            [DEBUG  ]  No samples found: bclconvert
[2022-08-05 11:01:48,927] multiqc                                            [DEBUG  ]  No samples found: interop
[2022-08-05 11:01:48,934] multiqc                                            [DEBUG  ]  No samples found: ivar
[2022-08-05 11:01:48,941] multiqc                                            [DEBUG  ]  No samples found: flash
[2022-08-05 11:01:48,949] multiqc                                            [DEBUG  ]  No samples found: seqyclean
[2022-08-05 11:01:48,956] multiqc                                            [DEBUG  ]  No samples found: optitype
[2022-08-05 11:01:48,960] multiqc                                            [INFO   ]  Compressing plot data
[2022-08-05 11:01:49,009] multiqc                                            [INFO   ]  Report      : 12424_MGSD_CSIRO.qc.stats/multiqc_report.html
[2022-08-05 11:01:49,009] multiqc                                            [INFO   ]  Data        : 12424_MGSD_CSIRO.qc.stats/multiqc_data
[2022-08-05 11:01:49,009] multiqc                                            [DEBUG  ]  Moving data file from '/tmp/smi9a9.8584656/tmpkpdst51l/multiqc_data' to '12424_MGSD_CSIRO.qc.stats/multiqc_data'
[2022-08-05 11:01:49,830] multiqc                                            [INFO   ]  MultiQC complete
