[2022-08-05 11:11:11,750] multiqc                                            [DEBUG  ]  This is MultiQC v1.11
[2022-08-05 11:11:11,750] multiqc                                            [DEBUG  ]  No MultiQC config found: /apps/multiqc/1.11/lib/python3.9/site-packages/multiqc_config.yaml
[2022-08-05 11:11:11,750] multiqc                                            [DEBUG  ]  No MultiQC config found: /home/smi9a9/.multiqc_config.yaml
[2022-08-05 11:11:17,275] multiqc                                            [DEBUG  ]  No MultiQC config found: multiqc_config.yaml
[2022-08-05 11:11:17,275] multiqc                                            [DEBUG  ]  Command used: /apps/multiqc/1.11/bin/multiqc ./401592_HL7J5DSX3-1_merged_fastqc.html ./401592_HL7J5DSX3-1_merged_fastqc.zip ./401592_HL7J5DSX3-1_merged.fastq.gz ./401592_HL7J5DSX3-1_R1p_fastqc.html ./401592_HL7J5DSX3-1_R1p_fastqc.zip ./401592_HL7J5DSX3-1_R1p.fastq.gz ./401592_HL7J5DSX3-1_R1R2u_fastqc.html ./401592_HL7J5DSX3-1_R1R2u_fastqc.zip ./401592_HL7J5DSX3-1_R1R2u.fastq.gz ./401592_HL7J5DSX3-1_R2p_fastqc.html ./401592_HL7J5DSX3-1_R2p_fastqc.zip ./401592_HL7J5DSX3-1_R2p.fastq.gz ./401592_QCreads.md5 -o 401592_MGSD_CSIRO.qc.stats
[2022-08-05 11:11:17,278] multiqc                                            [DEBUG  ]  Could not connect to multiqc.info for version check: <urlopen error [Errno 111] Connection refused>
[2022-08-05 11:11:17,278] multiqc                                            [DEBUG  ]  Command     : /apps/multiqc/1.11/bin/multiqc ./401592_HL7J5DSX3-1_merged_fastqc.html ./401592_HL7J5DSX3-1_merged_fastqc.zip ./401592_HL7J5DSX3-1_merged.fastq.gz ./401592_HL7J5DSX3-1_R1p_fastqc.html ./401592_HL7J5DSX3-1_R1p_fastqc.zip ./401592_HL7J5DSX3-1_R1p.fastq.gz ./401592_HL7J5DSX3-1_R1R2u_fastqc.html ./401592_HL7J5DSX3-1_R1R2u_fastqc.zip ./401592_HL7J5DSX3-1_R1R2u.fastq.gz ./401592_HL7J5DSX3-1_R2p_fastqc.html ./401592_HL7J5DSX3-1_R2p_fastqc.zip ./401592_HL7J5DSX3-1_R2p.fastq.gz ./401592_QCreads.md5 -o 401592_MGSD_CSIRO.qc.stats
[2022-08-05 11:11:17,278] multiqc                                            [DEBUG  ]  Working dir : /datasets/work/oa-amd/work/amd/Metagenome_QC_reads
[2022-08-05 11:11:17,278] multiqc                                            [DEBUG  ]  Template    : default
[2022-08-05 11:11:17,278] multiqc                                            [DEBUG  ]  Running Python 3.9.4 (default, Apr 25 2021, 16:13:27)  [GCC 10.3.0]
[2022-08-05 11:11:17,278] multiqc                                            [DEBUG  ]  Analysing modules: custom_content, ccs, ngsderive, purple, conpair, lima, peddy, somalier, methylQA, mosdepth, phantompeakqualtools, qualimap, preseq, quast, qorts, rna_seqc, rockhopper, rsem, rseqc, busco, bustools, goleft_indexcov, gffcompare, disambiguate, supernova, deeptools, sargasso, verifybamid, mirtrace, happy, mirtop, sambamba, homer, hops, macs2, theta2, snpeff, gatk, htseq, bcftools, featureCounts, fgbio, dragen, dedup, damageprofiler, biobambam2, jcvi, mtnucratio, picard, vep, sentieon, prokka, qc3C, nanostat, samblaster, samtools, sexdeterrmine, eigenstratdatabasetools, bamtools, jellyfish, vcftools, longranger, stacks, varscan2, snippy, bbmap, bismark, biscuit, hicexplorer, hicup, hicpro, salmon, kallisto, slamdunk, star, hisat2, tophat, bowtie2, bowtie1, snpsplit, odgi, pangolin, kat, leehom, adapterRemoval, clipandmerge, cutadapt, flexbar, kaiju, kraken, malt, trimmomatic, sickle, skewer, sortmerna, biobloomtools, fastq_screen, afterqc, fastp, fastqc, pychopper, pycoqc, minionqc, multivcfanalyzer, clusterflow, bcl2fastq, bclconvert, interop, ivar, flash, seqyclean, optitype
[2022-08-05 11:11:17,278] multiqc                                            [DEBUG  ]  Using temporary directory for creating report: /tmp/smi9a9.8585784/tmp0sj1ow5m
[2022-08-05 11:11:17,339] multiqc                                            [INFO   ]  Search path : /datasets/work/oa-amd/work/amd/Metagenome_QC_reads/401592_HL7J5DSX3-1_merged_fastqc.html
[2022-08-05 11:11:17,339] multiqc                                            [INFO   ]  Search path : /datasets/work/oa-amd/work/amd/Metagenome_QC_reads/401592_HL7J5DSX3-1_merged_fastqc.zip
[2022-08-05 11:11:17,339] multiqc                                            [INFO   ]  Search path : /datasets/work/oa-amd/work/amd/Metagenome_QC_reads/401592_HL7J5DSX3-1_merged.fastq.gz
[2022-08-05 11:11:17,339] multiqc                                            [INFO   ]  Search path : /datasets/work/oa-amd/work/amd/Metagenome_QC_reads/401592_HL7J5DSX3-1_R1p_fastqc.html
[2022-08-05 11:11:17,339] multiqc                                            [INFO   ]  Search path : /datasets/work/oa-amd/work/amd/Metagenome_QC_reads/401592_HL7J5DSX3-1_R1p_fastqc.zip
[2022-08-05 11:11:17,339] multiqc                                            [INFO   ]  Search path : /datasets/work/oa-amd/work/amd/Metagenome_QC_reads/401592_HL7J5DSX3-1_R1p.fastq.gz
[2022-08-05 11:11:17,340] multiqc                                            [INFO   ]  Search path : /datasets/work/oa-amd/work/amd/Metagenome_QC_reads/401592_HL7J5DSX3-1_R1R2u_fastqc.html
[2022-08-05 11:11:17,340] multiqc                                            [INFO   ]  Search path : /datasets/work/oa-amd/work/amd/Metagenome_QC_reads/401592_HL7J5DSX3-1_R1R2u_fastqc.zip
[2022-08-05 11:11:17,340] multiqc                                            [INFO   ]  Search path : /datasets/work/oa-amd/work/amd/Metagenome_QC_reads/401592_HL7J5DSX3-1_R1R2u.fastq.gz
[2022-08-05 11:11:17,340] multiqc                                            [INFO   ]  Search path : /datasets/work/oa-amd/work/amd/Metagenome_QC_reads/401592_HL7J5DSX3-1_R2p_fastqc.html
[2022-08-05 11:11:17,340] multiqc                                            [INFO   ]  Search path : /datasets/work/oa-amd/work/amd/Metagenome_QC_reads/401592_HL7J5DSX3-1_R2p_fastqc.zip
[2022-08-05 11:11:17,340] multiqc                                            [INFO   ]  Search path : /datasets/work/oa-amd/work/amd/Metagenome_QC_reads/401592_HL7J5DSX3-1_R2p.fastq.gz
[2022-08-05 11:11:17,340] multiqc                                            [INFO   ]  Search path : /datasets/work/oa-amd/work/amd/Metagenome_QC_reads/401592_QCreads.md5
[2022-08-05 11:11:18,670] multiqc                                            [DEBUG  ]  File ignored by ccs/v4 because it exceeded search pattern filesize limit: 401592_HL7J5DSX3-1_merged_fastqc.html
[2022-08-05 11:11:18,677] multiqc                                            [DEBUG  ]  File ignored by hicexplorer because it exceeded search pattern filesize limit: 401592_HL7J5DSX3-1_merged_fastqc.html
[2022-08-05 11:11:18,678] multiqc                                            [DEBUG  ]  File ignored by nanostat because it exceeded search pattern filesize limit: 401592_HL7J5DSX3-1_merged_fastqc.html
[2022-08-05 11:11:18,678] multiqc                                            [DEBUG  ]  File ignored by lima/summary because it exceeded search pattern filesize limit: 401592_HL7J5DSX3-1_merged_fastqc.html
[2022-08-05 11:11:18,855] multiqc                                            [DEBUG  ]  File ignored by vep/vep_txt because it exceeded search pattern filesize limit: 401592_HL7J5DSX3-1_merged_fastqc.html
[2022-08-05 11:11:18,855] multiqc                                            [DEBUG  ]  File ignored by longranger/invocation because it exceeded search pattern filesize limit: 401592_HL7J5DSX3-1_merged_fastqc.html
[2022-08-05 11:11:18,855] multiqc                                            [DEBUG  ]  File ignored by rockhopper because it exceeded search pattern filesize limit: 401592_HL7J5DSX3-1_merged_fastqc.html
[2022-08-05 11:11:18,855] multiqc                                            [DEBUG  ]  File ignored by rseqc/bam_stat because it exceeded search pattern filesize limit: 401592_HL7J5DSX3-1_merged_fastqc.html
[2022-08-05 11:11:18,855] multiqc                                            [DEBUG  ]  File ignored by rseqc/junction_annotation because it exceeded search pattern filesize limit: 401592_HL7J5DSX3-1_merged_fastqc.html
[2022-08-05 11:11:18,855] multiqc                                            [DEBUG  ]  File ignored by rseqc/read_distribution because it exceeded search pattern filesize limit: 401592_HL7J5DSX3-1_merged_fastqc.html
[2022-08-05 11:11:18,856] multiqc                                            [DEBUG  ]  File ignored by rseqc/infer_experiment because it exceeded search pattern filesize limit: 401592_HL7J5DSX3-1_merged_fastqc.html
[2022-08-05 11:11:20,077] multiqc                                            [DEBUG  ]  Ignoring file as matched an ignore pattern: 401592_HL7J5DSX3-1_merged.fastq.gz
[2022-08-05 11:11:20,561] multiqc                                            [DEBUG  ]  File ignored by ccs/v4 because it exceeded search pattern filesize limit: 401592_HL7J5DSX3-1_R1p_fastqc.html
[2022-08-05 11:11:20,569] multiqc                                            [DEBUG  ]  File ignored by hicexplorer because it exceeded search pattern filesize limit: 401592_HL7J5DSX3-1_R1p_fastqc.html
[2022-08-05 11:11:20,570] multiqc                                            [DEBUG  ]  File ignored by nanostat because it exceeded search pattern filesize limit: 401592_HL7J5DSX3-1_R1p_fastqc.html
[2022-08-05 11:11:20,570] multiqc                                            [DEBUG  ]  File ignored by lima/summary because it exceeded search pattern filesize limit: 401592_HL7J5DSX3-1_R1p_fastqc.html
[2022-08-05 11:11:20,585] multiqc                                            [DEBUG  ]  File ignored by vep/vep_txt because it exceeded search pattern filesize limit: 401592_HL7J5DSX3-1_R1p_fastqc.html
[2022-08-05 11:11:20,585] multiqc                                            [DEBUG  ]  File ignored by longranger/invocation because it exceeded search pattern filesize limit: 401592_HL7J5DSX3-1_R1p_fastqc.html
[2022-08-05 11:11:20,585] multiqc                                            [DEBUG  ]  File ignored by rockhopper because it exceeded search pattern filesize limit: 401592_HL7J5DSX3-1_R1p_fastqc.html
[2022-08-05 11:11:20,585] multiqc                                            [DEBUG  ]  File ignored by rseqc/bam_stat because it exceeded search pattern filesize limit: 401592_HL7J5DSX3-1_R1p_fastqc.html
[2022-08-05 11:11:20,585] multiqc                                            [DEBUG  ]  File ignored by rseqc/junction_annotation because it exceeded search pattern filesize limit: 401592_HL7J5DSX3-1_R1p_fastqc.html
[2022-08-05 11:11:20,586] multiqc                                            [DEBUG  ]  File ignored by rseqc/read_distribution because it exceeded search pattern filesize limit: 401592_HL7J5DSX3-1_R1p_fastqc.html
[2022-08-05 11:11:20,586] multiqc                                            [DEBUG  ]  File ignored by rseqc/infer_experiment because it exceeded search pattern filesize limit: 401592_HL7J5DSX3-1_R1p_fastqc.html
[2022-08-05 11:11:20,673] multiqc                                            [DEBUG  ]  Ignoring file as matched an ignore pattern: 401592_HL7J5DSX3-1_R1p.fastq.gz
[2022-08-05 11:11:21,237] multiqc                                            [DEBUG  ]  File ignored by ccs/v4 because it exceeded search pattern filesize limit: 401592_HL7J5DSX3-1_R1R2u_fastqc.html
[2022-08-05 11:11:21,245] multiqc                                            [DEBUG  ]  File ignored by hicexplorer because it exceeded search pattern filesize limit: 401592_HL7J5DSX3-1_R1R2u_fastqc.html
[2022-08-05 11:11:21,246] multiqc                                            [DEBUG  ]  File ignored by nanostat because it exceeded search pattern filesize limit: 401592_HL7J5DSX3-1_R1R2u_fastqc.html
[2022-08-05 11:11:21,246] multiqc                                            [DEBUG  ]  File ignored by lima/summary because it exceeded search pattern filesize limit: 401592_HL7J5DSX3-1_R1R2u_fastqc.html
[2022-08-05 11:11:21,262] multiqc                                            [DEBUG  ]  File ignored by vep/vep_txt because it exceeded search pattern filesize limit: 401592_HL7J5DSX3-1_R1R2u_fastqc.html
[2022-08-05 11:11:21,262] multiqc                                            [DEBUG  ]  File ignored by longranger/invocation because it exceeded search pattern filesize limit: 401592_HL7J5DSX3-1_R1R2u_fastqc.html
[2022-08-05 11:11:21,262] multiqc                                            [DEBUG  ]  File ignored by rockhopper because it exceeded search pattern filesize limit: 401592_HL7J5DSX3-1_R1R2u_fastqc.html
[2022-08-05 11:11:21,262] multiqc                                            [DEBUG  ]  File ignored by rseqc/bam_stat because it exceeded search pattern filesize limit: 401592_HL7J5DSX3-1_R1R2u_fastqc.html
[2022-08-05 11:11:21,262] multiqc                                            [DEBUG  ]  File ignored by rseqc/junction_annotation because it exceeded search pattern filesize limit: 401592_HL7J5DSX3-1_R1R2u_fastqc.html
[2022-08-05 11:11:21,262] multiqc                                            [DEBUG  ]  File ignored by rseqc/read_distribution because it exceeded search pattern filesize limit: 401592_HL7J5DSX3-1_R1R2u_fastqc.html
[2022-08-05 11:11:21,262] multiqc                                            [DEBUG  ]  File ignored by rseqc/infer_experiment because it exceeded search pattern filesize limit: 401592_HL7J5DSX3-1_R1R2u_fastqc.html
[2022-08-05 11:11:21,357] multiqc                                            [DEBUG  ]  Ignoring file as matched an ignore pattern: 401592_HL7J5DSX3-1_R1R2u.fastq.gz
[2022-08-05 11:11:21,590] multiqc                                            [DEBUG  ]  File ignored by ccs/v4 because it exceeded search pattern filesize limit: 401592_HL7J5DSX3-1_R2p_fastqc.html
[2022-08-05 11:11:21,597] multiqc                                            [DEBUG  ]  File ignored by hicexplorer because it exceeded search pattern filesize limit: 401592_HL7J5DSX3-1_R2p_fastqc.html
[2022-08-05 11:11:21,598] multiqc                                            [DEBUG  ]  File ignored by nanostat because it exceeded search pattern filesize limit: 401592_HL7J5DSX3-1_R2p_fastqc.html
[2022-08-05 11:11:21,598] multiqc                                            [DEBUG  ]  File ignored by lima/summary because it exceeded search pattern filesize limit: 401592_HL7J5DSX3-1_R2p_fastqc.html
[2022-08-05 11:11:21,616] multiqc                                            [DEBUG  ]  File ignored by vep/vep_txt because it exceeded search pattern filesize limit: 401592_HL7J5DSX3-1_R2p_fastqc.html
[2022-08-05 11:11:21,616] multiqc                                            [DEBUG  ]  File ignored by longranger/invocation because it exceeded search pattern filesize limit: 401592_HL7J5DSX3-1_R2p_fastqc.html
[2022-08-05 11:11:21,616] multiqc                                            [DEBUG  ]  File ignored by rockhopper because it exceeded search pattern filesize limit: 401592_HL7J5DSX3-1_R2p_fastqc.html
[2022-08-05 11:11:21,616] multiqc                                            [DEBUG  ]  File ignored by rseqc/bam_stat because it exceeded search pattern filesize limit: 401592_HL7J5DSX3-1_R2p_fastqc.html
[2022-08-05 11:11:21,616] multiqc                                            [DEBUG  ]  File ignored by rseqc/junction_annotation because it exceeded search pattern filesize limit: 401592_HL7J5DSX3-1_R2p_fastqc.html
[2022-08-05 11:11:21,616] multiqc                                            [DEBUG  ]  File ignored by rseqc/read_distribution because it exceeded search pattern filesize limit: 401592_HL7J5DSX3-1_R2p_fastqc.html
[2022-08-05 11:11:21,616] multiqc                                            [DEBUG  ]  File ignored by rseqc/infer_experiment because it exceeded search pattern filesize limit: 401592_HL7J5DSX3-1_R2p_fastqc.html
[2022-08-05 11:11:21,747] multiqc                                            [DEBUG  ]  Ignoring file as matched an ignore pattern: 401592_HL7J5DSX3-1_R2p.fastq.gz
[2022-08-05 11:11:21,748] multiqc                                            [DEBUG  ]  Ignoring file as matched an ignore pattern: 401592_QCreads.md5
[2022-08-05 11:11:25,991] multiqc.plots.bargraph                             [DEBUG  ]  Using matplotlib version 3.3.4
[2022-08-05 11:11:25,995] multiqc.plots.linegraph                            [DEBUG  ]  Using matplotlib version 3.3.4
[2022-08-05 11:11:25,997] multiqc                                            [DEBUG  ]  No samples found: custom_content
[2022-08-05 11:11:26,002] multiqc                                            [DEBUG  ]  No samples found: ccs
[2022-08-05 11:11:26,007] multiqc                                            [DEBUG  ]  No samples found: ngsderive
[2022-08-05 11:11:26,012] multiqc                                            [DEBUG  ]  No samples found: purple
[2022-08-05 11:11:26,016] multiqc                                            [DEBUG  ]  No samples found: conpair
[2022-08-05 11:11:26,020] multiqc                                            [DEBUG  ]  No samples found: lima
[2022-08-05 11:11:26,025] multiqc                                            [DEBUG  ]  No samples found: peddy
[2022-08-05 11:11:26,031] multiqc                                            [DEBUG  ]  No samples found: somalier
[2022-08-05 11:11:26,035] multiqc                                            [DEBUG  ]  No samples found: methylQA
[2022-08-05 11:11:26,044] multiqc.modules.mosdepth.mosdepth                  [DEBUG  ]  include_contigs: []
[2022-08-05 11:11:26,044] multiqc.modules.mosdepth.mosdepth                  [DEBUG  ]  exclude_contigs: []
[2022-08-05 11:11:26,044] multiqc                                            [DEBUG  ]  No samples found: mosdepth
[2022-08-05 11:11:26,048] multiqc                                            [DEBUG  ]  No samples found: phantompeakqualtools
[2022-08-05 11:11:26,052] multiqc                                            [DEBUG  ]  No samples found: qualimap
[2022-08-05 11:11:26,057] multiqc                                            [DEBUG  ]  No samples found: preseq
[2022-08-05 11:11:26,062] multiqc                                            [DEBUG  ]  No samples found: quast
[2022-08-05 11:11:26,066] multiqc                                            [DEBUG  ]  No samples found: qorts
[2022-08-05 11:11:26,071] multiqc                                            [DEBUG  ]  No samples found: rna_seqc
[2022-08-05 11:11:26,075] multiqc                                            [DEBUG  ]  No samples found: rockhopper
[2022-08-05 11:11:26,079] multiqc                                            [DEBUG  ]  No samples found: rsem
[2022-08-05 11:11:26,093] multiqc                                            [DEBUG  ]  No samples found: rseqc
[2022-08-05 11:11:26,097] multiqc                                            [DEBUG  ]  No samples found: busco
[2022-08-05 11:11:26,101] multiqc                                            [DEBUG  ]  No samples found: bustools
[2022-08-05 11:11:26,105] multiqc                                            [DEBUG  ]  No samples found: goleft_indexcov
[2022-08-05 11:11:26,110] multiqc                                            [DEBUG  ]  No samples found: gffcompare
[2022-08-05 11:11:26,114] multiqc                                            [DEBUG  ]  No samples found: disambiguate
[2022-08-05 11:11:26,119] multiqc                                            [DEBUG  ]  No samples found: supernova
[2022-08-05 11:11:26,135] multiqc                                            [DEBUG  ]  No samples found: deeptools
[2022-08-05 11:11:26,139] multiqc                                            [DEBUG  ]  No samples found: sargasso
[2022-08-05 11:11:26,143] multiqc                                            [DEBUG  ]  No samples found: verifybamid
[2022-08-05 11:11:26,148] multiqc                                            [DEBUG  ]  No samples found: mirtrace
[2022-08-05 11:11:26,153] multiqc                                            [DEBUG  ]  No samples found: happy
[2022-08-05 11:11:26,157] multiqc                                            [DEBUG  ]  No samples found: mirtop
[2022-08-05 11:11:26,162] multiqc                                            [DEBUG  ]  No samples found: sambamba
[2022-08-05 11:11:26,169] multiqc                                            [DEBUG  ]  No samples found: homer
[2022-08-05 11:11:26,173] multiqc                                            [DEBUG  ]  No samples found: hops
[2022-08-05 11:11:26,177] multiqc                                            [DEBUG  ]  No samples found: macs2
[2022-08-05 11:11:26,181] multiqc                                            [DEBUG  ]  No samples found: theta2
[2022-08-05 11:11:26,185] multiqc                                            [DEBUG  ]  No samples found: snpeff
[2022-08-05 11:11:26,192] multiqc                                            [DEBUG  ]  No samples found: gatk
[2022-08-05 11:11:26,196] multiqc                                            [DEBUG  ]  No samples found: htseq
[2022-08-05 11:11:26,202] multiqc                                            [DEBUG  ]  No samples found: bcftools
[2022-08-05 11:11:26,206] multiqc                                            [DEBUG  ]  No samples found: featureCounts
[2022-08-05 11:11:26,212] multiqc                                            [DEBUG  ]  No samples found: fgbio
[2022-08-05 11:11:26,227] multiqc                                            [DEBUG  ]  No samples found: dragen
[2022-08-05 11:11:26,231] multiqc                                            [DEBUG  ]  No samples found: dedup
[2022-08-05 11:11:26,235] multiqc                                            [DEBUG  ]  No samples found: damageprofiler
[2022-08-05 11:11:26,501] multiqc                                            [DEBUG  ]  No samples found: biobambam2
[2022-08-05 11:11:26,506] multiqc                                            [DEBUG  ]  No samples found: jcvi
[2022-08-05 11:11:26,510] multiqc                                            [DEBUG  ]  No samples found: mtnucratio
[2022-08-05 11:11:26,512] multiqc                                            [DEBUG  ]  No samples found: picard
[2022-08-05 11:11:26,517] multiqc                                            [DEBUG  ]  No samples found: vep
[2022-08-05 11:11:26,525] multiqc                                            [DEBUG  ]  No samples found: sentieon
[2022-08-05 11:11:26,529] multiqc                                            [DEBUG  ]  No samples found: prokka
[2022-08-05 11:11:26,536] multiqc                                            [DEBUG  ]  No samples found: qc3C
[2022-08-05 11:11:26,540] multiqc                                            [DEBUG  ]  No samples found: nanostat
[2022-08-05 11:11:26,544] multiqc                                            [DEBUG  ]  No samples found: samblaster
[2022-08-05 11:11:26,553] multiqc                                            [DEBUG  ]  No samples found: samtools
[2022-08-05 11:11:26,557] multiqc                                            [DEBUG  ]  No samples found: sexdeterrmine
[2022-08-05 11:11:26,562] multiqc                                            [DEBUG  ]  No samples found: eigenstratdatabasetools
[2022-08-05 11:11:26,566] multiqc                                            [DEBUG  ]  No samples found: bamtools
[2022-08-05 11:11:26,570] multiqc                                            [DEBUG  ]  No samples found: jellyfish
[2022-08-05 11:11:26,577] multiqc                                            [DEBUG  ]  No samples found: vcftools
[2022-08-05 11:11:26,582] multiqc                                            [DEBUG  ]  No samples found: longranger
[2022-08-05 11:11:26,587] multiqc                                            [DEBUG  ]  No samples found: stacks
[2022-08-05 11:11:26,591] multiqc                                            [DEBUG  ]  No samples found: varscan2
[2022-08-05 11:11:26,595] multiqc                                            [DEBUG  ]  No samples found: snippy
[2022-08-05 11:11:26,611] multiqc                                            [DEBUG  ]  No samples found: bbmap
[2022-08-05 11:11:26,617] multiqc                                            [DEBUG  ]  No samples found: bismark
[2022-08-05 11:11:26,625] multiqc                                            [DEBUG  ]  No samples found: biscuit
[2022-08-05 11:11:26,629] multiqc                                            [DEBUG  ]  No samples found: hicexplorer
[2022-08-05 11:11:26,634] multiqc                                            [DEBUG  ]  No samples found: hicup
[2022-08-05 11:11:26,639] multiqc                                            [DEBUG  ]  No samples found: hicpro
[2022-08-05 11:11:26,643] multiqc                                            [DEBUG  ]  No samples found: salmon
[2022-08-05 11:11:26,647] multiqc                                            [DEBUG  ]  No samples found: kallisto
[2022-08-05 11:11:26,654] multiqc                                            [DEBUG  ]  No samples found: slamdunk
[2022-08-05 11:11:26,889] multiqc                                            [DEBUG  ]  No samples found: star
[2022-08-05 11:11:26,893] multiqc                                            [DEBUG  ]  No samples found: hisat2
[2022-08-05 11:11:26,897] multiqc                                            [DEBUG  ]  No samples found: tophat
[2022-08-05 11:11:26,901] multiqc                                            [DEBUG  ]  No samples found: bowtie2
[2022-08-05 11:11:26,905] multiqc                                            [DEBUG  ]  No samples found: bowtie1
[2022-08-05 11:11:26,910] multiqc                                            [DEBUG  ]  No samples found: snpsplit
[2022-08-05 11:11:26,914] multiqc                                            [DEBUG  ]  No samples found: odgi
[2022-08-05 11:11:26,918] multiqc                                            [DEBUG  ]  No samples found: pangolin
[2022-08-05 11:11:26,922] multiqc                                            [DEBUG  ]  No samples found: kat
[2022-08-05 11:11:26,926] multiqc                                            [DEBUG  ]  No samples found: leehom
[2022-08-05 11:11:26,931] multiqc                                            [DEBUG  ]  No samples found: adapterRemoval
[2022-08-05 11:11:26,935] multiqc                                            [DEBUG  ]  No samples found: clipandmerge
[2022-08-05 11:11:26,939] multiqc                                            [DEBUG  ]  No samples found: cutadapt
[2022-08-05 11:11:26,943] multiqc                                            [DEBUG  ]  No samples found: flexbar
[2022-08-05 11:11:26,948] multiqc                                            [DEBUG  ]  No samples found: kaiju
[2022-08-05 11:11:26,953] multiqc                                            [DEBUG  ]  No samples found: kraken
[2022-08-05 11:11:26,957] multiqc                                            [DEBUG  ]  No samples found: malt
[2022-08-05 11:11:26,962] multiqc                                            [DEBUG  ]  No samples found: trimmomatic
[2022-08-05 11:11:27,194] multiqc                                            [DEBUG  ]  No samples found: sickle
[2022-08-05 11:11:27,200] multiqc                                            [DEBUG  ]  No samples found: skewer
[2022-08-05 11:11:27,204] multiqc                                            [DEBUG  ]  No samples found: sortmerna
[2022-08-05 11:11:27,208] multiqc                                            [DEBUG  ]  No samples found: biobloomtools
[2022-08-05 11:11:27,213] multiqc                                            [DEBUG  ]  No samples found: fastq_screen
[2022-08-05 11:11:27,217] multiqc                                            [DEBUG  ]  No samples found: afterqc
[2022-08-05 11:11:27,222] multiqc                                            [DEBUG  ]  No samples found: fastp
[2022-08-05 11:11:27,952] multiqc.modules.fastqc.fastqc                      [INFO   ]  Found 4 reports
[2022-08-05 11:11:28,000] multiqc                                            [DEBUG  ]  No samples found: pychopper
[2022-08-05 11:11:28,005] multiqc                                            [DEBUG  ]  No samples found: pycoqc
[2022-08-05 11:11:28,010] multiqc                                            [DEBUG  ]  No samples found: minionqc
[2022-08-05 11:11:28,014] multiqc                                            [DEBUG  ]  No samples found: multivcfanalyzer
[2022-08-05 11:11:28,249] multiqc                                            [DEBUG  ]  No samples found: clusterflow
[2022-08-05 11:11:28,255] multiqc                                            [DEBUG  ]  No samples found: bcl2fastq
[2022-08-05 11:11:28,261] multiqc                                            [DEBUG  ]  No samples found: bclconvert
[2022-08-05 11:11:28,267] multiqc                                            [DEBUG  ]  No samples found: interop
[2022-08-05 11:11:28,271] multiqc                                            [DEBUG  ]  No samples found: ivar
[2022-08-05 11:11:28,276] multiqc                                            [DEBUG  ]  No samples found: flash
[2022-08-05 11:11:28,280] multiqc                                            [DEBUG  ]  No samples found: seqyclean
[2022-08-05 11:11:28,284] multiqc                                            [DEBUG  ]  No samples found: optitype
[2022-08-05 11:11:28,288] multiqc                                            [INFO   ]  Compressing plot data
[2022-08-05 11:11:35,305] multiqc                                            [INFO   ]  Report      : 401592_MGSD_CSIRO.qc.stats/multiqc_report.html
[2022-08-05 11:11:35,305] multiqc                                            [INFO   ]  Data        : 401592_MGSD_CSIRO.qc.stats/multiqc_data
[2022-08-05 11:11:35,305] multiqc                                            [DEBUG  ]  Moving data file from '/tmp/smi9a9.8585784/tmp0sj1ow5m/multiqc_data' to '401592_MGSD_CSIRO.qc.stats/multiqc_data'
[2022-08-05 11:11:36,610] multiqc                                            [INFO   ]  MultiQC complete
