[2022-08-05 11:13:17,915] multiqc                                            [DEBUG  ]  This is MultiQC v1.11
[2022-08-05 11:13:17,915] multiqc                                            [DEBUG  ]  No MultiQC config found: /apps/multiqc/1.11/lib/python3.9/site-packages/multiqc_config.yaml
[2022-08-05 11:13:17,915] multiqc                                            [DEBUG  ]  No MultiQC config found: /home/smi9a9/.multiqc_config.yaml
[2022-08-05 11:13:20,080] multiqc                                            [DEBUG  ]  No MultiQC config found: multiqc_config.yaml
[2022-08-05 11:13:20,080] multiqc                                            [DEBUG  ]  Command used: /apps/multiqc/1.11/bin/multiqc ./15887_combined_merged_fastqc.html ./15887_combined_merged_fastqc.zip ./15887_combined_merged.fastq.gz ./15887_combined_R1p_fastqc.html ./15887_combined_R1p_fastqc.zip ./15887_combined_R1p.fastq.gz ./15887_combined_R1R2u_fastqc.html ./15887_combined_R1R2u_fastqc.zip ./15887_combined_R1R2u.fastq.gz ./15887_combined_R2p_fastqc.html ./15887_combined_R2p_fastqc.zip ./15887_combined_R2p.fastq.gz ./15887_QCreads.md5 -o 15887_MGSD_CSIRO.qc.stats
[2022-08-05 11:13:20,083] multiqc                                            [DEBUG  ]  Could not connect to multiqc.info for version check: <urlopen error [Errno 111] Connection refused>
[2022-08-05 11:13:20,083] multiqc                                            [DEBUG  ]  Command     : /apps/multiqc/1.11/bin/multiqc ./15887_combined_merged_fastqc.html ./15887_combined_merged_fastqc.zip ./15887_combined_merged.fastq.gz ./15887_combined_R1p_fastqc.html ./15887_combined_R1p_fastqc.zip ./15887_combined_R1p.fastq.gz ./15887_combined_R1R2u_fastqc.html ./15887_combined_R1R2u_fastqc.zip ./15887_combined_R1R2u.fastq.gz ./15887_combined_R2p_fastqc.html ./15887_combined_R2p_fastqc.zip ./15887_combined_R2p.fastq.gz ./15887_QCreads.md5 -o 15887_MGSD_CSIRO.qc.stats
[2022-08-05 11:13:20,083] multiqc                                            [DEBUG  ]  Working dir : /datasets/work/oa-amd/work/amd/Metagenome_QC_reads
[2022-08-05 11:13:20,083] multiqc                                            [DEBUG  ]  Template    : default
[2022-08-05 11:13:20,083] multiqc                                            [DEBUG  ]  Running Python 3.9.4 (default, Apr 25 2021, 16:13:27)  [GCC 10.3.0]
[2022-08-05 11:13:20,083] multiqc                                            [DEBUG  ]  Analysing modules: custom_content, ccs, ngsderive, purple, conpair, lima, peddy, somalier, methylQA, mosdepth, phantompeakqualtools, qualimap, preseq, quast, qorts, rna_seqc, rockhopper, rsem, rseqc, busco, bustools, goleft_indexcov, gffcompare, disambiguate, supernova, deeptools, sargasso, verifybamid, mirtrace, happy, mirtop, sambamba, homer, hops, macs2, theta2, snpeff, gatk, htseq, bcftools, featureCounts, fgbio, dragen, dedup, damageprofiler, biobambam2, jcvi, mtnucratio, picard, vep, sentieon, prokka, qc3C, nanostat, samblaster, samtools, sexdeterrmine, eigenstratdatabasetools, bamtools, jellyfish, vcftools, longranger, stacks, varscan2, snippy, bbmap, bismark, biscuit, hicexplorer, hicup, hicpro, salmon, kallisto, slamdunk, star, hisat2, tophat, bowtie2, bowtie1, snpsplit, odgi, pangolin, kat, leehom, adapterRemoval, clipandmerge, cutadapt, flexbar, kaiju, kraken, malt, trimmomatic, sickle, skewer, sortmerna, biobloomtools, fastq_screen, afterqc, fastp, fastqc, pychopper, pycoqc, minionqc, multivcfanalyzer, clusterflow, bcl2fastq, bclconvert, interop, ivar, flash, seqyclean, optitype
[2022-08-05 11:13:20,083] multiqc                                            [DEBUG  ]  Using temporary directory for creating report: /tmp/smi9a9.8586069/tmpndvj448m
[2022-08-05 11:13:20,375] multiqc                                            [INFO   ]  Search path : /datasets/work/oa-amd/work/amd/Metagenome_QC_reads/15887_combined_merged_fastqc.html
[2022-08-05 11:13:20,375] multiqc                                            [INFO   ]  Search path : /datasets/work/oa-amd/work/amd/Metagenome_QC_reads/15887_combined_merged_fastqc.zip
[2022-08-05 11:13:20,375] multiqc                                            [INFO   ]  Search path : /datasets/work/oa-amd/work/amd/Metagenome_QC_reads/15887_combined_merged.fastq.gz
[2022-08-05 11:13:20,375] multiqc                                            [INFO   ]  Search path : /datasets/work/oa-amd/work/amd/Metagenome_QC_reads/15887_combined_R1p_fastqc.html
[2022-08-05 11:13:20,375] multiqc                                            [INFO   ]  Search path : /datasets/work/oa-amd/work/amd/Metagenome_QC_reads/15887_combined_R1p_fastqc.zip
[2022-08-05 11:13:20,375] multiqc                                            [INFO   ]  Search path : /datasets/work/oa-amd/work/amd/Metagenome_QC_reads/15887_combined_R1p.fastq.gz
[2022-08-05 11:13:20,375] multiqc                                            [INFO   ]  Search path : /datasets/work/oa-amd/work/amd/Metagenome_QC_reads/15887_combined_R1R2u_fastqc.html
[2022-08-05 11:13:20,375] multiqc                                            [INFO   ]  Search path : /datasets/work/oa-amd/work/amd/Metagenome_QC_reads/15887_combined_R1R2u_fastqc.zip
[2022-08-05 11:13:20,375] multiqc                                            [INFO   ]  Search path : /datasets/work/oa-amd/work/amd/Metagenome_QC_reads/15887_combined_R1R2u.fastq.gz
[2022-08-05 11:13:20,375] multiqc                                            [INFO   ]  Search path : /datasets/work/oa-amd/work/amd/Metagenome_QC_reads/15887_combined_R2p_fastqc.html
[2022-08-05 11:13:20,375] multiqc                                            [INFO   ]  Search path : /datasets/work/oa-amd/work/amd/Metagenome_QC_reads/15887_combined_R2p_fastqc.zip
[2022-08-05 11:13:20,375] multiqc                                            [INFO   ]  Search path : /datasets/work/oa-amd/work/amd/Metagenome_QC_reads/15887_combined_R2p.fastq.gz
[2022-08-05 11:13:20,375] multiqc                                            [INFO   ]  Search path : /datasets/work/oa-amd/work/amd/Metagenome_QC_reads/15887_QCreads.md5
[2022-08-05 11:13:20,426] multiqc                                            [DEBUG  ]  File ignored by ccs/v4 because it exceeded search pattern filesize limit: 15887_combined_merged_fastqc.html
[2022-08-05 11:13:20,433] multiqc                                            [DEBUG  ]  File ignored by hicexplorer because it exceeded search pattern filesize limit: 15887_combined_merged_fastqc.html
[2022-08-05 11:13:20,433] multiqc                                            [DEBUG  ]  File ignored by nanostat because it exceeded search pattern filesize limit: 15887_combined_merged_fastqc.html
[2022-08-05 11:13:20,433] multiqc                                            [DEBUG  ]  File ignored by lima/summary because it exceeded search pattern filesize limit: 15887_combined_merged_fastqc.html
[2022-08-05 11:13:20,449] multiqc                                            [DEBUG  ]  File ignored by vep/vep_txt because it exceeded search pattern filesize limit: 15887_combined_merged_fastqc.html
[2022-08-05 11:13:20,449] multiqc                                            [DEBUG  ]  File ignored by longranger/invocation because it exceeded search pattern filesize limit: 15887_combined_merged_fastqc.html
[2022-08-05 11:13:20,449] multiqc                                            [DEBUG  ]  File ignored by rockhopper because it exceeded search pattern filesize limit: 15887_combined_merged_fastqc.html
[2022-08-05 11:13:20,449] multiqc                                            [DEBUG  ]  File ignored by rseqc/bam_stat because it exceeded search pattern filesize limit: 15887_combined_merged_fastqc.html
[2022-08-05 11:13:20,449] multiqc                                            [DEBUG  ]  File ignored by rseqc/junction_annotation because it exceeded search pattern filesize limit: 15887_combined_merged_fastqc.html
[2022-08-05 11:13:20,449] multiqc                                            [DEBUG  ]  File ignored by rseqc/read_distribution because it exceeded search pattern filesize limit: 15887_combined_merged_fastqc.html
[2022-08-05 11:13:20,449] multiqc                                            [DEBUG  ]  File ignored by rseqc/infer_experiment because it exceeded search pattern filesize limit: 15887_combined_merged_fastqc.html
[2022-08-05 11:13:20,539] multiqc                                            [DEBUG  ]  Ignoring file as matched an ignore pattern: 15887_combined_merged.fastq.gz
[2022-08-05 11:13:20,624] multiqc                                            [DEBUG  ]  File ignored by ccs/v4 because it exceeded search pattern filesize limit: 15887_combined_R1p_fastqc.html
[2022-08-05 11:13:20,643] multiqc                                            [DEBUG  ]  File ignored by hicexplorer because it exceeded search pattern filesize limit: 15887_combined_R1p_fastqc.html
[2022-08-05 11:13:20,646] multiqc                                            [DEBUG  ]  File ignored by nanostat because it exceeded search pattern filesize limit: 15887_combined_R1p_fastqc.html
[2022-08-05 11:13:20,646] multiqc                                            [DEBUG  ]  File ignored by lima/summary because it exceeded search pattern filesize limit: 15887_combined_R1p_fastqc.html
[2022-08-05 11:13:20,701] multiqc                                            [DEBUG  ]  File ignored by vep/vep_txt because it exceeded search pattern filesize limit: 15887_combined_R1p_fastqc.html
[2022-08-05 11:13:20,701] multiqc                                            [DEBUG  ]  File ignored by longranger/invocation because it exceeded search pattern filesize limit: 15887_combined_R1p_fastqc.html
[2022-08-05 11:13:20,701] multiqc                                            [DEBUG  ]  File ignored by rockhopper because it exceeded search pattern filesize limit: 15887_combined_R1p_fastqc.html
[2022-08-05 11:13:20,701] multiqc                                            [DEBUG  ]  File ignored by rseqc/bam_stat because it exceeded search pattern filesize limit: 15887_combined_R1p_fastqc.html
[2022-08-05 11:13:20,701] multiqc                                            [DEBUG  ]  File ignored by rseqc/junction_annotation because it exceeded search pattern filesize limit: 15887_combined_R1p_fastqc.html
[2022-08-05 11:13:20,701] multiqc                                            [DEBUG  ]  File ignored by rseqc/read_distribution because it exceeded search pattern filesize limit: 15887_combined_R1p_fastqc.html
[2022-08-05 11:13:20,701] multiqc                                            [DEBUG  ]  File ignored by rseqc/infer_experiment because it exceeded search pattern filesize limit: 15887_combined_R1p_fastqc.html
[2022-08-05 11:13:20,896] multiqc                                            [DEBUG  ]  Ignoring file as matched an ignore pattern: 15887_combined_R1p.fastq.gz
[2022-08-05 11:13:20,982] multiqc                                            [DEBUG  ]  File ignored by ccs/v4 because it exceeded search pattern filesize limit: 15887_combined_R1R2u_fastqc.html
[2022-08-05 11:13:21,001] multiqc                                            [DEBUG  ]  File ignored by hicexplorer because it exceeded search pattern filesize limit: 15887_combined_R1R2u_fastqc.html
[2022-08-05 11:13:21,002] multiqc                                            [DEBUG  ]  File ignored by nanostat because it exceeded search pattern filesize limit: 15887_combined_R1R2u_fastqc.html
[2022-08-05 11:13:21,002] multiqc                                            [DEBUG  ]  File ignored by lima/summary because it exceeded search pattern filesize limit: 15887_combined_R1R2u_fastqc.html
[2022-08-05 11:13:21,159] multiqc                                            [DEBUG  ]  File ignored by vep/vep_txt because it exceeded search pattern filesize limit: 15887_combined_R1R2u_fastqc.html
[2022-08-05 11:13:21,159] multiqc                                            [DEBUG  ]  File ignored by longranger/invocation because it exceeded search pattern filesize limit: 15887_combined_R1R2u_fastqc.html
[2022-08-05 11:13:21,159] multiqc                                            [DEBUG  ]  File ignored by rockhopper because it exceeded search pattern filesize limit: 15887_combined_R1R2u_fastqc.html
[2022-08-05 11:13:21,159] multiqc                                            [DEBUG  ]  File ignored by rseqc/bam_stat because it exceeded search pattern filesize limit: 15887_combined_R1R2u_fastqc.html
[2022-08-05 11:13:21,159] multiqc                                            [DEBUG  ]  File ignored by rseqc/junction_annotation because it exceeded search pattern filesize limit: 15887_combined_R1R2u_fastqc.html
[2022-08-05 11:13:21,159] multiqc                                            [DEBUG  ]  File ignored by rseqc/read_distribution because it exceeded search pattern filesize limit: 15887_combined_R1R2u_fastqc.html
[2022-08-05 11:13:21,160] multiqc                                            [DEBUG  ]  File ignored by rseqc/infer_experiment because it exceeded search pattern filesize limit: 15887_combined_R1R2u_fastqc.html
[2022-08-05 11:13:21,406] multiqc                                            [DEBUG  ]  Ignoring file as matched an ignore pattern: 15887_combined_R1R2u.fastq.gz
[2022-08-05 11:13:21,525] multiqc                                            [DEBUG  ]  File ignored by ccs/v4 because it exceeded search pattern filesize limit: 15887_combined_R2p_fastqc.html
[2022-08-05 11:13:21,532] multiqc                                            [DEBUG  ]  File ignored by hicexplorer because it exceeded search pattern filesize limit: 15887_combined_R2p_fastqc.html
[2022-08-05 11:13:21,569] multiqc                                            [DEBUG  ]  File ignored by nanostat because it exceeded search pattern filesize limit: 15887_combined_R2p_fastqc.html
[2022-08-05 11:13:21,569] multiqc                                            [DEBUG  ]  File ignored by lima/summary because it exceeded search pattern filesize limit: 15887_combined_R2p_fastqc.html
[2022-08-05 11:13:21,582] multiqc                                            [DEBUG  ]  File ignored by vep/vep_txt because it exceeded search pattern filesize limit: 15887_combined_R2p_fastqc.html
[2022-08-05 11:13:21,583] multiqc                                            [DEBUG  ]  File ignored by longranger/invocation because it exceeded search pattern filesize limit: 15887_combined_R2p_fastqc.html
[2022-08-05 11:13:21,583] multiqc                                            [DEBUG  ]  File ignored by rockhopper because it exceeded search pattern filesize limit: 15887_combined_R2p_fastqc.html
[2022-08-05 11:13:21,583] multiqc                                            [DEBUG  ]  File ignored by rseqc/bam_stat because it exceeded search pattern filesize limit: 15887_combined_R2p_fastqc.html
[2022-08-05 11:13:21,583] multiqc                                            [DEBUG  ]  File ignored by rseqc/junction_annotation because it exceeded search pattern filesize limit: 15887_combined_R2p_fastqc.html
[2022-08-05 11:13:21,583] multiqc                                            [DEBUG  ]  File ignored by rseqc/read_distribution because it exceeded search pattern filesize limit: 15887_combined_R2p_fastqc.html
[2022-08-05 11:13:21,583] multiqc                                            [DEBUG  ]  File ignored by rseqc/infer_experiment because it exceeded search pattern filesize limit: 15887_combined_R2p_fastqc.html
[2022-08-05 11:13:21,750] multiqc                                            [DEBUG  ]  Ignoring file as matched an ignore pattern: 15887_combined_R2p.fastq.gz
[2022-08-05 11:13:21,751] multiqc                                            [DEBUG  ]  Ignoring file as matched an ignore pattern: 15887_QCreads.md5
[2022-08-05 11:13:22,315] multiqc.plots.bargraph                             [DEBUG  ]  Using matplotlib version 3.3.4
[2022-08-05 11:13:22,319] multiqc.plots.linegraph                            [DEBUG  ]  Using matplotlib version 3.3.4
[2022-08-05 11:13:22,322] multiqc                                            [DEBUG  ]  No samples found: custom_content
[2022-08-05 11:13:22,326] multiqc                                            [DEBUG  ]  No samples found: ccs
[2022-08-05 11:13:22,332] multiqc                                            [DEBUG  ]  No samples found: ngsderive
[2022-08-05 11:13:22,336] multiqc                                            [DEBUG  ]  No samples found: purple
[2022-08-05 11:13:22,340] multiqc                                            [DEBUG  ]  No samples found: conpair
[2022-08-05 11:13:22,574] multiqc                                            [DEBUG  ]  No samples found: lima
[2022-08-05 11:13:22,579] multiqc                                            [DEBUG  ]  No samples found: peddy
[2022-08-05 11:13:22,586] multiqc                                            [DEBUG  ]  No samples found: somalier
[2022-08-05 11:13:22,590] multiqc                                            [DEBUG  ]  No samples found: methylQA
[2022-08-05 11:13:22,600] multiqc.modules.mosdepth.mosdepth                  [DEBUG  ]  include_contigs: []
[2022-08-05 11:13:22,600] multiqc.modules.mosdepth.mosdepth                  [DEBUG  ]  exclude_contigs: []
[2022-08-05 11:13:22,601] multiqc                                            [DEBUG  ]  No samples found: mosdepth
[2022-08-05 11:13:22,604] multiqc                                            [DEBUG  ]  No samples found: phantompeakqualtools
[2022-08-05 11:13:22,608] multiqc                                            [DEBUG  ]  No samples found: qualimap
[2022-08-05 11:13:22,613] multiqc                                            [DEBUG  ]  No samples found: preseq
[2022-08-05 11:13:22,618] multiqc                                            [DEBUG  ]  No samples found: quast
[2022-08-05 11:13:22,623] multiqc                                            [DEBUG  ]  No samples found: qorts
[2022-08-05 11:13:22,628] multiqc                                            [DEBUG  ]  No samples found: rna_seqc
[2022-08-05 11:13:22,632] multiqc                                            [DEBUG  ]  No samples found: rockhopper
[2022-08-05 11:13:22,637] multiqc                                            [DEBUG  ]  No samples found: rsem
[2022-08-05 11:13:22,651] multiqc                                            [DEBUG  ]  No samples found: rseqc
[2022-08-05 11:13:22,655] multiqc                                            [DEBUG  ]  No samples found: busco
[2022-08-05 11:13:22,659] multiqc                                            [DEBUG  ]  No samples found: bustools
[2022-08-05 11:13:22,663] multiqc                                            [DEBUG  ]  No samples found: goleft_indexcov
[2022-08-05 11:13:22,668] multiqc                                            [DEBUG  ]  No samples found: gffcompare
[2022-08-05 11:13:22,672] multiqc                                            [DEBUG  ]  No samples found: disambiguate
[2022-08-05 11:13:22,677] multiqc                                            [DEBUG  ]  No samples found: supernova
[2022-08-05 11:13:22,692] multiqc                                            [DEBUG  ]  No samples found: deeptools
[2022-08-05 11:13:22,696] multiqc                                            [DEBUG  ]  No samples found: sargasso
[2022-08-05 11:13:22,701] multiqc                                            [DEBUG  ]  No samples found: verifybamid
[2022-08-05 11:13:22,706] multiqc                                            [DEBUG  ]  No samples found: mirtrace
[2022-08-05 11:13:22,710] multiqc                                            [DEBUG  ]  No samples found: happy
[2022-08-05 11:13:22,715] multiqc                                            [DEBUG  ]  No samples found: mirtop
[2022-08-05 11:13:22,720] multiqc                                            [DEBUG  ]  No samples found: sambamba
[2022-08-05 11:13:22,728] multiqc                                            [DEBUG  ]  No samples found: homer
[2022-08-05 11:13:22,732] multiqc                                            [DEBUG  ]  No samples found: hops
[2022-08-05 11:13:22,736] multiqc                                            [DEBUG  ]  No samples found: macs2
[2022-08-05 11:13:22,740] multiqc                                            [DEBUG  ]  No samples found: theta2
[2022-08-05 11:13:22,744] multiqc                                            [DEBUG  ]  No samples found: snpeff
[2022-08-05 11:13:22,752] multiqc                                            [DEBUG  ]  No samples found: gatk
[2022-08-05 11:13:22,756] multiqc                                            [DEBUG  ]  No samples found: htseq
[2022-08-05 11:13:22,761] multiqc                                            [DEBUG  ]  No samples found: bcftools
[2022-08-05 11:13:22,765] multiqc                                            [DEBUG  ]  No samples found: featureCounts
[2022-08-05 11:13:22,771] multiqc                                            [DEBUG  ]  No samples found: fgbio
[2022-08-05 11:13:22,787] multiqc                                            [DEBUG  ]  No samples found: dragen
[2022-08-05 11:13:22,791] multiqc                                            [DEBUG  ]  No samples found: dedup
[2022-08-05 11:13:22,795] multiqc                                            [DEBUG  ]  No samples found: damageprofiler
[2022-08-05 11:13:22,827] multiqc                                            [DEBUG  ]  No samples found: biobambam2
[2022-08-05 11:13:22,832] multiqc                                            [DEBUG  ]  No samples found: jcvi
[2022-08-05 11:13:22,836] multiqc                                            [DEBUG  ]  No samples found: mtnucratio
[2022-08-05 11:13:22,838] multiqc                                            [DEBUG  ]  No samples found: picard
[2022-08-05 11:13:22,843] multiqc                                            [DEBUG  ]  No samples found: vep
[2022-08-05 11:13:22,851] multiqc                                            [DEBUG  ]  No samples found: sentieon
[2022-08-05 11:13:22,855] multiqc                                            [DEBUG  ]  No samples found: prokka
[2022-08-05 11:13:22,862] multiqc                                            [DEBUG  ]  No samples found: qc3C
[2022-08-05 11:13:22,866] multiqc                                            [DEBUG  ]  No samples found: nanostat
[2022-08-05 11:13:22,870] multiqc                                            [DEBUG  ]  No samples found: samblaster
[2022-08-05 11:13:22,879] multiqc                                            [DEBUG  ]  No samples found: samtools
[2022-08-05 11:13:22,884] multiqc                                            [DEBUG  ]  No samples found: sexdeterrmine
[2022-08-05 11:13:22,887] multiqc                                            [DEBUG  ]  No samples found: eigenstratdatabasetools
[2022-08-05 11:13:22,892] multiqc                                            [DEBUG  ]  No samples found: bamtools
[2022-08-05 11:13:22,896] multiqc                                            [DEBUG  ]  No samples found: jellyfish
[2022-08-05 11:13:22,905] multiqc                                            [DEBUG  ]  No samples found: vcftools
[2022-08-05 11:13:22,910] multiqc                                            [DEBUG  ]  No samples found: longranger
[2022-08-05 11:13:22,915] multiqc                                            [DEBUG  ]  No samples found: stacks
[2022-08-05 11:13:22,919] multiqc                                            [DEBUG  ]  No samples found: varscan2
[2022-08-05 11:13:22,923] multiqc                                            [DEBUG  ]  No samples found: snippy
[2022-08-05 11:13:22,940] multiqc                                            [DEBUG  ]  No samples found: bbmap
[2022-08-05 11:13:22,946] multiqc                                            [DEBUG  ]  No samples found: bismark
[2022-08-05 11:13:22,954] multiqc                                            [DEBUG  ]  No samples found: biscuit
[2022-08-05 11:13:22,959] multiqc                                            [DEBUG  ]  No samples found: hicexplorer
[2022-08-05 11:13:22,964] multiqc                                            [DEBUG  ]  No samples found: hicup
[2022-08-05 11:13:22,969] multiqc                                            [DEBUG  ]  No samples found: hicpro
[2022-08-05 11:13:22,972] multiqc                                            [DEBUG  ]  No samples found: salmon
[2022-08-05 11:13:22,977] multiqc                                            [DEBUG  ]  No samples found: kallisto
[2022-08-05 11:13:22,983] multiqc                                            [DEBUG  ]  No samples found: slamdunk
[2022-08-05 11:13:22,988] multiqc                                            [DEBUG  ]  No samples found: star
[2022-08-05 11:13:22,992] multiqc                                            [DEBUG  ]  No samples found: hisat2
[2022-08-05 11:13:22,997] multiqc                                            [DEBUG  ]  No samples found: tophat
[2022-08-05 11:13:23,001] multiqc                                            [DEBUG  ]  No samples found: bowtie2
[2022-08-05 11:13:23,005] multiqc                                            [DEBUG  ]  No samples found: bowtie1
[2022-08-05 11:13:23,010] multiqc                                            [DEBUG  ]  No samples found: snpsplit
[2022-08-05 11:13:23,015] multiqc                                            [DEBUG  ]  No samples found: odgi
[2022-08-05 11:13:23,019] multiqc                                            [DEBUG  ]  No samples found: pangolin
[2022-08-05 11:13:23,024] multiqc                                            [DEBUG  ]  No samples found: kat
[2022-08-05 11:13:23,028] multiqc                                            [DEBUG  ]  No samples found: leehom
[2022-08-05 11:13:23,033] multiqc                                            [DEBUG  ]  No samples found: adapterRemoval
[2022-08-05 11:13:23,037] multiqc                                            [DEBUG  ]  No samples found: clipandmerge
[2022-08-05 11:13:23,042] multiqc                                            [DEBUG  ]  No samples found: cutadapt
[2022-08-05 11:13:23,047] multiqc                                            [DEBUG  ]  No samples found: flexbar
[2022-08-05 11:13:23,052] multiqc                                            [DEBUG  ]  No samples found: kaiju
[2022-08-05 11:13:23,057] multiqc                                            [DEBUG  ]  No samples found: kraken
[2022-08-05 11:13:23,062] multiqc                                            [DEBUG  ]  No samples found: malt
[2022-08-05 11:13:23,066] multiqc                                            [DEBUG  ]  No samples found: trimmomatic
[2022-08-05 11:13:23,070] multiqc                                            [DEBUG  ]  No samples found: sickle
[2022-08-05 11:13:23,075] multiqc                                            [DEBUG  ]  No samples found: skewer
[2022-08-05 11:13:23,079] multiqc                                            [DEBUG  ]  No samples found: sortmerna
[2022-08-05 11:13:23,084] multiqc                                            [DEBUG  ]  No samples found: biobloomtools
[2022-08-05 11:13:23,089] multiqc                                            [DEBUG  ]  No samples found: fastq_screen
[2022-08-05 11:13:23,093] multiqc                                            [DEBUG  ]  No samples found: afterqc
[2022-08-05 11:13:23,099] multiqc                                            [DEBUG  ]  No samples found: fastp
[2022-08-05 11:13:23,349] multiqc.modules.fastqc.fastqc                      [INFO   ]  Found 4 reports
[2022-08-05 11:13:23,397] multiqc                                            [DEBUG  ]  No samples found: pychopper
[2022-08-05 11:13:23,402] multiqc                                            [DEBUG  ]  No samples found: pycoqc
[2022-08-05 11:13:23,406] multiqc                                            [DEBUG  ]  No samples found: minionqc
[2022-08-05 11:13:23,411] multiqc                                            [DEBUG  ]  No samples found: multivcfanalyzer
[2022-08-05 11:13:23,416] multiqc                                            [DEBUG  ]  No samples found: clusterflow
[2022-08-05 11:13:23,422] multiqc                                            [DEBUG  ]  No samples found: bcl2fastq
[2022-08-05 11:13:23,428] multiqc                                            [DEBUG  ]  No samples found: bclconvert
[2022-08-05 11:13:23,434] multiqc                                            [DEBUG  ]  No samples found: interop
[2022-08-05 11:13:23,438] multiqc                                            [DEBUG  ]  No samples found: ivar
[2022-08-05 11:13:23,443] multiqc                                            [DEBUG  ]  No samples found: flash
[2022-08-05 11:13:23,447] multiqc                                            [DEBUG  ]  No samples found: seqyclean
[2022-08-05 11:13:23,451] multiqc                                            [DEBUG  ]  No samples found: optitype
[2022-08-05 11:13:23,455] multiqc                                            [INFO   ]  Compressing plot data
[2022-08-05 11:13:24,566] multiqc                                            [INFO   ]  Report      : 15887_MGSD_CSIRO.qc.stats/multiqc_report.html
[2022-08-05 11:13:24,567] multiqc                                            [INFO   ]  Data        : 15887_MGSD_CSIRO.qc.stats/multiqc_data
[2022-08-05 11:13:24,567] multiqc                                            [DEBUG  ]  Moving data file from '/tmp/smi9a9.8586069/tmpndvj448m/multiqc_data' to '15887_MGSD_CSIRO.qc.stats/multiqc_data'
[2022-08-05 11:13:25,328] multiqc                                            [INFO   ]  MultiQC complete
