[2022-08-05 11:11:25,639] multiqc                                            [DEBUG  ]  This is MultiQC v1.11
[2022-08-05 11:11:25,639] multiqc                                            [DEBUG  ]  No MultiQC config found: /apps/multiqc/1.11/lib/python3.9/site-packages/multiqc_config.yaml
[2022-08-05 11:11:25,639] multiqc                                            [DEBUG  ]  No MultiQC config found: /home/smi9a9/.multiqc_config.yaml
[2022-08-05 11:11:25,863] multiqc                                            [DEBUG  ]  No MultiQC config found: multiqc_config.yaml
[2022-08-05 11:11:25,863] multiqc                                            [DEBUG  ]  Command used: /apps/multiqc/1.11/bin/multiqc ./401648_HL7J5DSX3-1_merged_fastqc.html ./401648_HL7J5DSX3-1_merged_fastqc.zip ./401648_HL7J5DSX3-1_merged.fastq.gz ./401648_HL7J5DSX3-1_R1p_fastqc.html ./401648_HL7J5DSX3-1_R1p_fastqc.zip ./401648_HL7J5DSX3-1_R1p.fastq.gz ./401648_HL7J5DSX3-1_R1R2u_fastqc.html ./401648_HL7J5DSX3-1_R1R2u_fastqc.zip ./401648_HL7J5DSX3-1_R1R2u.fastq.gz ./401648_HL7J5DSX3-1_R2p_fastqc.html ./401648_HL7J5DSX3-1_R2p_fastqc.zip ./401648_HL7J5DSX3-1_R2p.fastq.gz ./401648_QCreads.md5 -o 401648_MGSD_CSIRO.qc.stats
[2022-08-05 11:11:25,866] multiqc                                            [DEBUG  ]  Could not connect to multiqc.info for version check: <urlopen error [Errno 111] Connection refused>
[2022-08-05 11:11:25,866] multiqc                                            [DEBUG  ]  Command     : /apps/multiqc/1.11/bin/multiqc ./401648_HL7J5DSX3-1_merged_fastqc.html ./401648_HL7J5DSX3-1_merged_fastqc.zip ./401648_HL7J5DSX3-1_merged.fastq.gz ./401648_HL7J5DSX3-1_R1p_fastqc.html ./401648_HL7J5DSX3-1_R1p_fastqc.zip ./401648_HL7J5DSX3-1_R1p.fastq.gz ./401648_HL7J5DSX3-1_R1R2u_fastqc.html ./401648_HL7J5DSX3-1_R1R2u_fastqc.zip ./401648_HL7J5DSX3-1_R1R2u.fastq.gz ./401648_HL7J5DSX3-1_R2p_fastqc.html ./401648_HL7J5DSX3-1_R2p_fastqc.zip ./401648_HL7J5DSX3-1_R2p.fastq.gz ./401648_QCreads.md5 -o 401648_MGSD_CSIRO.qc.stats
[2022-08-05 11:11:25,866] multiqc                                            [DEBUG  ]  Working dir : /datasets/work/oa-amd/work/amd/Metagenome_QC_reads
[2022-08-05 11:11:25,866] multiqc                                            [DEBUG  ]  Template    : default
[2022-08-05 11:11:25,866] multiqc                                            [DEBUG  ]  Running Python 3.9.4 (default, Apr 25 2021, 16:13:27)  [GCC 10.3.0]
[2022-08-05 11:11:25,866] multiqc                                            [DEBUG  ]  Analysing modules: custom_content, ccs, ngsderive, purple, conpair, lima, peddy, somalier, methylQA, mosdepth, phantompeakqualtools, qualimap, preseq, quast, qorts, rna_seqc, rockhopper, rsem, rseqc, busco, bustools, goleft_indexcov, gffcompare, disambiguate, supernova, deeptools, sargasso, verifybamid, mirtrace, happy, mirtop, sambamba, homer, hops, macs2, theta2, snpeff, gatk, htseq, bcftools, featureCounts, fgbio, dragen, dedup, damageprofiler, biobambam2, jcvi, mtnucratio, picard, vep, sentieon, prokka, qc3C, nanostat, samblaster, samtools, sexdeterrmine, eigenstratdatabasetools, bamtools, jellyfish, vcftools, longranger, stacks, varscan2, snippy, bbmap, bismark, biscuit, hicexplorer, hicup, hicpro, salmon, kallisto, slamdunk, star, hisat2, tophat, bowtie2, bowtie1, snpsplit, odgi, pangolin, kat, leehom, adapterRemoval, clipandmerge, cutadapt, flexbar, kaiju, kraken, malt, trimmomatic, sickle, skewer, sortmerna, biobloomtools, fastq_screen, afterqc, fastp, fastqc, pychopper, pycoqc, minionqc, multivcfanalyzer, clusterflow, bcl2fastq, bclconvert, interop, ivar, flash, seqyclean, optitype
[2022-08-05 11:11:25,866] multiqc                                            [DEBUG  ]  Using temporary directory for creating report: /tmp/smi9a9.8585679/tmp920q54w2
[2022-08-05 11:11:25,932] multiqc                                            [INFO   ]  Search path : /datasets/work/oa-amd/work/amd/Metagenome_QC_reads/401648_HL7J5DSX3-1_merged_fastqc.html
[2022-08-05 11:11:25,932] multiqc                                            [INFO   ]  Search path : /datasets/work/oa-amd/work/amd/Metagenome_QC_reads/401648_HL7J5DSX3-1_merged_fastqc.zip
[2022-08-05 11:11:25,932] multiqc                                            [INFO   ]  Search path : /datasets/work/oa-amd/work/amd/Metagenome_QC_reads/401648_HL7J5DSX3-1_merged.fastq.gz
[2022-08-05 11:11:25,932] multiqc                                            [INFO   ]  Search path : /datasets/work/oa-amd/work/amd/Metagenome_QC_reads/401648_HL7J5DSX3-1_R1p_fastqc.html
[2022-08-05 11:11:25,932] multiqc                                            [INFO   ]  Search path : /datasets/work/oa-amd/work/amd/Metagenome_QC_reads/401648_HL7J5DSX3-1_R1p_fastqc.zip
[2022-08-05 11:11:25,932] multiqc                                            [INFO   ]  Search path : /datasets/work/oa-amd/work/amd/Metagenome_QC_reads/401648_HL7J5DSX3-1_R1p.fastq.gz
[2022-08-05 11:11:25,932] multiqc                                            [INFO   ]  Search path : /datasets/work/oa-amd/work/amd/Metagenome_QC_reads/401648_HL7J5DSX3-1_R1R2u_fastqc.html
[2022-08-05 11:11:25,932] multiqc                                            [INFO   ]  Search path : /datasets/work/oa-amd/work/amd/Metagenome_QC_reads/401648_HL7J5DSX3-1_R1R2u_fastqc.zip
[2022-08-05 11:11:25,932] multiqc                                            [INFO   ]  Search path : /datasets/work/oa-amd/work/amd/Metagenome_QC_reads/401648_HL7J5DSX3-1_R1R2u.fastq.gz
[2022-08-05 11:11:25,932] multiqc                                            [INFO   ]  Search path : /datasets/work/oa-amd/work/amd/Metagenome_QC_reads/401648_HL7J5DSX3-1_R2p_fastqc.html
[2022-08-05 11:11:25,932] multiqc                                            [INFO   ]  Search path : /datasets/work/oa-amd/work/amd/Metagenome_QC_reads/401648_HL7J5DSX3-1_R2p_fastqc.zip
[2022-08-05 11:11:25,932] multiqc                                            [INFO   ]  Search path : /datasets/work/oa-amd/work/amd/Metagenome_QC_reads/401648_HL7J5DSX3-1_R2p.fastq.gz
[2022-08-05 11:11:25,932] multiqc                                            [INFO   ]  Search path : /datasets/work/oa-amd/work/amd/Metagenome_QC_reads/401648_QCreads.md5
[2022-08-05 11:11:26,997] multiqc                                            [DEBUG  ]  File ignored by ccs/v4 because it exceeded search pattern filesize limit: 401648_HL7J5DSX3-1_merged_fastqc.html
[2022-08-05 11:11:27,030] multiqc                                            [DEBUG  ]  File ignored by hicexplorer because it exceeded search pattern filesize limit: 401648_HL7J5DSX3-1_merged_fastqc.html
[2022-08-05 11:11:27,031] multiqc                                            [DEBUG  ]  File ignored by nanostat because it exceeded search pattern filesize limit: 401648_HL7J5DSX3-1_merged_fastqc.html
[2022-08-05 11:11:27,031] multiqc                                            [DEBUG  ]  File ignored by lima/summary because it exceeded search pattern filesize limit: 401648_HL7J5DSX3-1_merged_fastqc.html
[2022-08-05 11:11:27,054] multiqc                                            [DEBUG  ]  File ignored by vep/vep_txt because it exceeded search pattern filesize limit: 401648_HL7J5DSX3-1_merged_fastqc.html
[2022-08-05 11:11:27,054] multiqc                                            [DEBUG  ]  File ignored by longranger/invocation because it exceeded search pattern filesize limit: 401648_HL7J5DSX3-1_merged_fastqc.html
[2022-08-05 11:11:27,054] multiqc                                            [DEBUG  ]  File ignored by rockhopper because it exceeded search pattern filesize limit: 401648_HL7J5DSX3-1_merged_fastqc.html
[2022-08-05 11:11:27,054] multiqc                                            [DEBUG  ]  File ignored by rseqc/bam_stat because it exceeded search pattern filesize limit: 401648_HL7J5DSX3-1_merged_fastqc.html
[2022-08-05 11:11:27,054] multiqc                                            [DEBUG  ]  File ignored by rseqc/junction_annotation because it exceeded search pattern filesize limit: 401648_HL7J5DSX3-1_merged_fastqc.html
[2022-08-05 11:11:27,054] multiqc                                            [DEBUG  ]  File ignored by rseqc/read_distribution because it exceeded search pattern filesize limit: 401648_HL7J5DSX3-1_merged_fastqc.html
[2022-08-05 11:11:27,054] multiqc                                            [DEBUG  ]  File ignored by rseqc/infer_experiment because it exceeded search pattern filesize limit: 401648_HL7J5DSX3-1_merged_fastqc.html
[2022-08-05 11:11:27,404] multiqc                                            [DEBUG  ]  Ignoring file as matched an ignore pattern: 401648_HL7J5DSX3-1_merged.fastq.gz
[2022-08-05 11:11:27,438] multiqc                                            [DEBUG  ]  File ignored by ccs/v4 because it exceeded search pattern filesize limit: 401648_HL7J5DSX3-1_R1p_fastqc.html
[2022-08-05 11:11:27,464] multiqc                                            [DEBUG  ]  File ignored by hicexplorer because it exceeded search pattern filesize limit: 401648_HL7J5DSX3-1_R1p_fastqc.html
[2022-08-05 11:11:27,468] multiqc                                            [DEBUG  ]  File ignored by nanostat because it exceeded search pattern filesize limit: 401648_HL7J5DSX3-1_R1p_fastqc.html
[2022-08-05 11:11:27,468] multiqc                                            [DEBUG  ]  File ignored by lima/summary because it exceeded search pattern filesize limit: 401648_HL7J5DSX3-1_R1p_fastqc.html
[2022-08-05 11:11:27,500] multiqc                                            [DEBUG  ]  File ignored by vep/vep_txt because it exceeded search pattern filesize limit: 401648_HL7J5DSX3-1_R1p_fastqc.html
[2022-08-05 11:11:27,500] multiqc                                            [DEBUG  ]  File ignored by longranger/invocation because it exceeded search pattern filesize limit: 401648_HL7J5DSX3-1_R1p_fastqc.html
[2022-08-05 11:11:27,500] multiqc                                            [DEBUG  ]  File ignored by rockhopper because it exceeded search pattern filesize limit: 401648_HL7J5DSX3-1_R1p_fastqc.html
[2022-08-05 11:11:27,500] multiqc                                            [DEBUG  ]  File ignored by rseqc/bam_stat because it exceeded search pattern filesize limit: 401648_HL7J5DSX3-1_R1p_fastqc.html
[2022-08-05 11:11:27,500] multiqc                                            [DEBUG  ]  File ignored by rseqc/junction_annotation because it exceeded search pattern filesize limit: 401648_HL7J5DSX3-1_R1p_fastqc.html
[2022-08-05 11:11:27,500] multiqc                                            [DEBUG  ]  File ignored by rseqc/read_distribution because it exceeded search pattern filesize limit: 401648_HL7J5DSX3-1_R1p_fastqc.html
[2022-08-05 11:11:27,500] multiqc                                            [DEBUG  ]  File ignored by rseqc/infer_experiment because it exceeded search pattern filesize limit: 401648_HL7J5DSX3-1_R1p_fastqc.html
[2022-08-05 11:11:27,617] multiqc                                            [DEBUG  ]  Ignoring file as matched an ignore pattern: 401648_HL7J5DSX3-1_R1p.fastq.gz
[2022-08-05 11:11:27,788] multiqc                                            [DEBUG  ]  File ignored by ccs/v4 because it exceeded search pattern filesize limit: 401648_HL7J5DSX3-1_R1R2u_fastqc.html
[2022-08-05 11:11:27,799] multiqc                                            [DEBUG  ]  File ignored by hicexplorer because it exceeded search pattern filesize limit: 401648_HL7J5DSX3-1_R1R2u_fastqc.html
[2022-08-05 11:11:27,802] multiqc                                            [DEBUG  ]  File ignored by nanostat because it exceeded search pattern filesize limit: 401648_HL7J5DSX3-1_R1R2u_fastqc.html
[2022-08-05 11:11:27,803] multiqc                                            [DEBUG  ]  File ignored by lima/summary because it exceeded search pattern filesize limit: 401648_HL7J5DSX3-1_R1R2u_fastqc.html
[2022-08-05 11:11:27,834] multiqc                                            [DEBUG  ]  File ignored by vep/vep_txt because it exceeded search pattern filesize limit: 401648_HL7J5DSX3-1_R1R2u_fastqc.html
[2022-08-05 11:11:27,834] multiqc                                            [DEBUG  ]  File ignored by longranger/invocation because it exceeded search pattern filesize limit: 401648_HL7J5DSX3-1_R1R2u_fastqc.html
[2022-08-05 11:11:27,834] multiqc                                            [DEBUG  ]  File ignored by rockhopper because it exceeded search pattern filesize limit: 401648_HL7J5DSX3-1_R1R2u_fastqc.html
[2022-08-05 11:11:27,834] multiqc                                            [DEBUG  ]  File ignored by rseqc/bam_stat because it exceeded search pattern filesize limit: 401648_HL7J5DSX3-1_R1R2u_fastqc.html
[2022-08-05 11:11:27,834] multiqc                                            [DEBUG  ]  File ignored by rseqc/junction_annotation because it exceeded search pattern filesize limit: 401648_HL7J5DSX3-1_R1R2u_fastqc.html
[2022-08-05 11:11:27,834] multiqc                                            [DEBUG  ]  File ignored by rseqc/read_distribution because it exceeded search pattern filesize limit: 401648_HL7J5DSX3-1_R1R2u_fastqc.html
[2022-08-05 11:11:27,834] multiqc                                            [DEBUG  ]  File ignored by rseqc/infer_experiment because it exceeded search pattern filesize limit: 401648_HL7J5DSX3-1_R1R2u_fastqc.html
[2022-08-05 11:11:29,354] multiqc                                            [DEBUG  ]  Ignoring file as matched an ignore pattern: 401648_HL7J5DSX3-1_R1R2u.fastq.gz
[2022-08-05 11:11:29,434] multiqc                                            [DEBUG  ]  File ignored by ccs/v4 because it exceeded search pattern filesize limit: 401648_HL7J5DSX3-1_R2p_fastqc.html
[2022-08-05 11:11:29,446] multiqc                                            [DEBUG  ]  File ignored by hicexplorer because it exceeded search pattern filesize limit: 401648_HL7J5DSX3-1_R2p_fastqc.html
[2022-08-05 11:11:29,449] multiqc                                            [DEBUG  ]  File ignored by nanostat because it exceeded search pattern filesize limit: 401648_HL7J5DSX3-1_R2p_fastqc.html
[2022-08-05 11:11:29,449] multiqc                                            [DEBUG  ]  File ignored by lima/summary because it exceeded search pattern filesize limit: 401648_HL7J5DSX3-1_R2p_fastqc.html
[2022-08-05 11:11:29,469] multiqc                                            [DEBUG  ]  File ignored by vep/vep_txt because it exceeded search pattern filesize limit: 401648_HL7J5DSX3-1_R2p_fastqc.html
[2022-08-05 11:11:29,469] multiqc                                            [DEBUG  ]  File ignored by longranger/invocation because it exceeded search pattern filesize limit: 401648_HL7J5DSX3-1_R2p_fastqc.html
[2022-08-05 11:11:29,469] multiqc                                            [DEBUG  ]  File ignored by rockhopper because it exceeded search pattern filesize limit: 401648_HL7J5DSX3-1_R2p_fastqc.html
[2022-08-05 11:11:29,469] multiqc                                            [DEBUG  ]  File ignored by rseqc/bam_stat because it exceeded search pattern filesize limit: 401648_HL7J5DSX3-1_R2p_fastqc.html
[2022-08-05 11:11:29,469] multiqc                                            [DEBUG  ]  File ignored by rseqc/junction_annotation because it exceeded search pattern filesize limit: 401648_HL7J5DSX3-1_R2p_fastqc.html
[2022-08-05 11:11:29,469] multiqc                                            [DEBUG  ]  File ignored by rseqc/read_distribution because it exceeded search pattern filesize limit: 401648_HL7J5DSX3-1_R2p_fastqc.html
[2022-08-05 11:11:29,469] multiqc                                            [DEBUG  ]  File ignored by rseqc/infer_experiment because it exceeded search pattern filesize limit: 401648_HL7J5DSX3-1_R2p_fastqc.html
[2022-08-05 11:11:29,833] multiqc                                            [DEBUG  ]  Ignoring file as matched an ignore pattern: 401648_HL7J5DSX3-1_R2p.fastq.gz
[2022-08-05 11:11:29,834] multiqc                                            [DEBUG  ]  Ignoring file as matched an ignore pattern: 401648_QCreads.md5
[2022-08-05 11:11:31,405] multiqc.plots.bargraph                             [DEBUG  ]  Using matplotlib version 3.3.4
[2022-08-05 11:11:31,409] multiqc.plots.linegraph                            [DEBUG  ]  Using matplotlib version 3.3.4
[2022-08-05 11:11:31,411] multiqc                                            [DEBUG  ]  No samples found: custom_content
[2022-08-05 11:11:31,417] multiqc                                            [DEBUG  ]  No samples found: ccs
[2022-08-05 11:11:31,423] multiqc                                            [DEBUG  ]  No samples found: ngsderive
[2022-08-05 11:11:31,427] multiqc                                            [DEBUG  ]  No samples found: purple
[2022-08-05 11:11:31,431] multiqc                                            [DEBUG  ]  No samples found: conpair
[2022-08-05 11:11:31,436] multiqc                                            [DEBUG  ]  No samples found: lima
[2022-08-05 11:11:31,441] multiqc                                            [DEBUG  ]  No samples found: peddy
[2022-08-05 11:11:31,447] multiqc                                            [DEBUG  ]  No samples found: somalier
[2022-08-05 11:11:31,452] multiqc                                            [DEBUG  ]  No samples found: methylQA
[2022-08-05 11:11:31,462] multiqc.modules.mosdepth.mosdepth                  [DEBUG  ]  include_contigs: []
[2022-08-05 11:11:31,462] multiqc.modules.mosdepth.mosdepth                  [DEBUG  ]  exclude_contigs: []
[2022-08-05 11:11:31,462] multiqc                                            [DEBUG  ]  No samples found: mosdepth
[2022-08-05 11:11:31,468] multiqc                                            [DEBUG  ]  No samples found: phantompeakqualtools
[2022-08-05 11:11:31,472] multiqc                                            [DEBUG  ]  No samples found: qualimap
[2022-08-05 11:11:31,477] multiqc                                            [DEBUG  ]  No samples found: preseq
[2022-08-05 11:11:31,483] multiqc                                            [DEBUG  ]  No samples found: quast
[2022-08-05 11:11:31,487] multiqc                                            [DEBUG  ]  No samples found: qorts
[2022-08-05 11:11:31,493] multiqc                                            [DEBUG  ]  No samples found: rna_seqc
[2022-08-05 11:11:31,498] multiqc                                            [DEBUG  ]  No samples found: rockhopper
[2022-08-05 11:11:31,503] multiqc                                            [DEBUG  ]  No samples found: rsem
[2022-08-05 11:11:31,517] multiqc                                            [DEBUG  ]  No samples found: rseqc
[2022-08-05 11:11:31,521] multiqc                                            [DEBUG  ]  No samples found: busco
[2022-08-05 11:11:31,526] multiqc                                            [DEBUG  ]  No samples found: bustools
[2022-08-05 11:11:31,530] multiqc                                            [DEBUG  ]  No samples found: goleft_indexcov
[2022-08-05 11:11:31,536] multiqc                                            [DEBUG  ]  No samples found: gffcompare
[2022-08-05 11:11:31,539] multiqc                                            [DEBUG  ]  No samples found: disambiguate
[2022-08-05 11:11:31,545] multiqc                                            [DEBUG  ]  No samples found: supernova
[2022-08-05 11:11:31,560] multiqc                                            [DEBUG  ]  No samples found: deeptools
[2022-08-05 11:11:31,565] multiqc                                            [DEBUG  ]  No samples found: sargasso
[2022-08-05 11:11:31,569] multiqc                                            [DEBUG  ]  No samples found: verifybamid
[2022-08-05 11:11:31,574] multiqc                                            [DEBUG  ]  No samples found: mirtrace
[2022-08-05 11:11:31,579] multiqc                                            [DEBUG  ]  No samples found: happy
[2022-08-05 11:11:31,583] multiqc                                            [DEBUG  ]  No samples found: mirtop
[2022-08-05 11:11:31,588] multiqc                                            [DEBUG  ]  No samples found: sambamba
[2022-08-05 11:11:31,597] multiqc                                            [DEBUG  ]  No samples found: homer
[2022-08-05 11:11:31,831] multiqc                                            [DEBUG  ]  No samples found: hops
[2022-08-05 11:11:31,835] multiqc                                            [DEBUG  ]  No samples found: macs2
[2022-08-05 11:11:31,839] multiqc                                            [DEBUG  ]  No samples found: theta2
[2022-08-05 11:11:31,843] multiqc                                            [DEBUG  ]  No samples found: snpeff
[2022-08-05 11:11:32,081] multiqc                                            [DEBUG  ]  No samples found: gatk
[2022-08-05 11:11:32,085] multiqc                                            [DEBUG  ]  No samples found: htseq
[2022-08-05 11:11:32,091] multiqc                                            [DEBUG  ]  No samples found: bcftools
[2022-08-05 11:11:32,095] multiqc                                            [DEBUG  ]  No samples found: featureCounts
[2022-08-05 11:11:32,101] multiqc                                            [DEBUG  ]  No samples found: fgbio
[2022-08-05 11:11:32,116] multiqc                                            [DEBUG  ]  No samples found: dragen
[2022-08-05 11:11:32,351] multiqc                                            [DEBUG  ]  No samples found: dedup
[2022-08-05 11:11:32,356] multiqc                                            [DEBUG  ]  No samples found: damageprofiler
[2022-08-05 11:11:32,390] multiqc                                            [DEBUG  ]  No samples found: biobambam2
[2022-08-05 11:11:32,395] multiqc                                            [DEBUG  ]  No samples found: jcvi
[2022-08-05 11:11:32,399] multiqc                                            [DEBUG  ]  No samples found: mtnucratio
[2022-08-05 11:11:32,401] multiqc                                            [DEBUG  ]  No samples found: picard
[2022-08-05 11:11:32,406] multiqc                                            [DEBUG  ]  No samples found: vep
[2022-08-05 11:11:32,414] multiqc                                            [DEBUG  ]  No samples found: sentieon
[2022-08-05 11:11:32,419] multiqc                                            [DEBUG  ]  No samples found: prokka
[2022-08-05 11:11:32,426] multiqc                                            [DEBUG  ]  No samples found: qc3C
[2022-08-05 11:11:32,430] multiqc                                            [DEBUG  ]  No samples found: nanostat
[2022-08-05 11:11:32,434] multiqc                                            [DEBUG  ]  No samples found: samblaster
[2022-08-05 11:11:32,444] multiqc                                            [DEBUG  ]  No samples found: samtools
[2022-08-05 11:11:32,448] multiqc                                            [DEBUG  ]  No samples found: sexdeterrmine
[2022-08-05 11:11:32,453] multiqc                                            [DEBUG  ]  No samples found: eigenstratdatabasetools
[2022-08-05 11:11:32,458] multiqc                                            [DEBUG  ]  No samples found: bamtools
[2022-08-05 11:11:32,463] multiqc                                            [DEBUG  ]  No samples found: jellyfish
[2022-08-05 11:11:32,472] multiqc                                            [DEBUG  ]  No samples found: vcftools
[2022-08-05 11:11:32,478] multiqc                                            [DEBUG  ]  No samples found: longranger
[2022-08-05 11:11:32,484] multiqc                                            [DEBUG  ]  No samples found: stacks
[2022-08-05 11:11:32,489] multiqc                                            [DEBUG  ]  No samples found: varscan2
[2022-08-05 11:11:32,494] multiqc                                            [DEBUG  ]  No samples found: snippy
[2022-08-05 11:11:32,518] multiqc                                            [DEBUG  ]  No samples found: bbmap
[2022-08-05 11:11:32,526] multiqc                                            [DEBUG  ]  No samples found: bismark
[2022-08-05 11:11:32,535] multiqc                                            [DEBUG  ]  No samples found: biscuit
[2022-08-05 11:11:32,543] multiqc                                            [DEBUG  ]  No samples found: hicexplorer
[2022-08-05 11:11:32,560] multiqc                                            [DEBUG  ]  No samples found: hicup
[2022-08-05 11:11:32,576] multiqc                                            [DEBUG  ]  No samples found: hicpro
[2022-08-05 11:11:32,585] multiqc                                            [DEBUG  ]  No samples found: salmon
[2022-08-05 11:11:32,596] multiqc                                            [DEBUG  ]  No samples found: kallisto
[2022-08-05 11:11:32,618] multiqc                                            [DEBUG  ]  No samples found: slamdunk
[2022-08-05 11:11:32,637] multiqc                                            [DEBUG  ]  No samples found: star
[2022-08-05 11:11:32,649] multiqc                                            [DEBUG  ]  No samples found: hisat2
[2022-08-05 11:11:32,663] multiqc                                            [DEBUG  ]  No samples found: tophat
[2022-08-05 11:11:32,685] multiqc                                            [DEBUG  ]  No samples found: bowtie2
[2022-08-05 11:11:32,701] multiqc                                            [DEBUG  ]  No samples found: bowtie1
[2022-08-05 11:11:32,720] multiqc                                            [DEBUG  ]  No samples found: snpsplit
[2022-08-05 11:11:32,738] multiqc                                            [DEBUG  ]  No samples found: odgi
[2022-08-05 11:11:32,752] multiqc                                            [DEBUG  ]  No samples found: pangolin
[2022-08-05 11:11:32,990] multiqc                                            [DEBUG  ]  No samples found: kat
[2022-08-05 11:11:33,225] multiqc                                            [DEBUG  ]  No samples found: leehom
[2022-08-05 11:11:33,724] multiqc                                            [DEBUG  ]  No samples found: adapterRemoval
[2022-08-05 11:11:33,734] multiqc                                            [DEBUG  ]  No samples found: clipandmerge
[2022-08-05 11:11:33,752] multiqc                                            [DEBUG  ]  No samples found: cutadapt
[2022-08-05 11:11:33,760] multiqc                                            [DEBUG  ]  No samples found: flexbar
[2022-08-05 11:11:33,765] multiqc                                            [DEBUG  ]  No samples found: kaiju
[2022-08-05 11:11:33,772] multiqc                                            [DEBUG  ]  No samples found: kraken
[2022-08-05 11:11:34,015] multiqc                                            [DEBUG  ]  No samples found: malt
[2022-08-05 11:11:34,029] multiqc                                            [DEBUG  ]  No samples found: trimmomatic
[2022-08-05 11:11:34,042] multiqc                                            [DEBUG  ]  No samples found: sickle
[2022-08-05 11:11:34,059] multiqc                                            [DEBUG  ]  No samples found: skewer
[2022-08-05 11:11:34,073] multiqc                                            [DEBUG  ]  No samples found: sortmerna
[2022-08-05 11:11:34,087] multiqc                                            [DEBUG  ]  No samples found: biobloomtools
[2022-08-05 11:11:34,097] multiqc                                            [DEBUG  ]  No samples found: fastq_screen
[2022-08-05 11:11:34,106] multiqc                                            [DEBUG  ]  No samples found: afterqc
[2022-08-05 11:11:34,118] multiqc                                            [DEBUG  ]  No samples found: fastp
[2022-08-05 11:11:35,091] multiqc.modules.fastqc.fastqc                      [INFO   ]  Found 4 reports
[2022-08-05 11:11:35,139] multiqc                                            [DEBUG  ]  No samples found: pychopper
[2022-08-05 11:11:35,144] multiqc                                            [DEBUG  ]  No samples found: pycoqc
[2022-08-05 11:11:35,148] multiqc                                            [DEBUG  ]  No samples found: minionqc
[2022-08-05 11:11:35,152] multiqc                                            [DEBUG  ]  No samples found: multivcfanalyzer
[2022-08-05 11:11:35,157] multiqc                                            [DEBUG  ]  No samples found: clusterflow
[2022-08-05 11:11:35,163] multiqc                                            [DEBUG  ]  No samples found: bcl2fastq
[2022-08-05 11:11:35,169] multiqc                                            [DEBUG  ]  No samples found: bclconvert
[2022-08-05 11:11:35,175] multiqc                                            [DEBUG  ]  No samples found: interop
[2022-08-05 11:11:35,413] multiqc                                            [DEBUG  ]  No samples found: ivar
[2022-08-05 11:11:35,423] multiqc                                            [DEBUG  ]  No samples found: flash
[2022-08-05 11:11:35,430] multiqc                                            [DEBUG  ]  No samples found: seqyclean
[2022-08-05 11:11:35,438] multiqc                                            [DEBUG  ]  No samples found: optitype
[2022-08-05 11:11:35,442] multiqc                                            [INFO   ]  Compressing plot data
[2022-08-05 11:11:35,538] multiqc                                            [INFO   ]  Report      : 401648_MGSD_CSIRO.qc.stats/multiqc_report.html
[2022-08-05 11:11:35,538] multiqc                                            [INFO   ]  Data        : 401648_MGSD_CSIRO.qc.stats/multiqc_data
[2022-08-05 11:11:35,538] multiqc                                            [DEBUG  ]  Moving data file from '/tmp/smi9a9.8585679/tmp920q54w2/multiqc_data' to '401648_MGSD_CSIRO.qc.stats/multiqc_data'
[2022-08-05 11:11:36,382] multiqc                                            [INFO   ]  MultiQC complete
