[2022-08-05 11:07:13,621] multiqc                                            [DEBUG  ]  This is MultiQC v1.11
[2022-08-05 11:07:13,622] multiqc                                            [DEBUG  ]  No MultiQC config found: /apps/multiqc/1.11/lib/python3.9/site-packages/multiqc_config.yaml
[2022-08-05 11:07:13,623] multiqc                                            [DEBUG  ]  No MultiQC config found: /home/smi9a9/.multiqc_config.yaml
[2022-08-05 11:07:13,624] multiqc                                            [DEBUG  ]  No MultiQC config found: multiqc_config.yaml
[2022-08-05 11:07:13,624] multiqc                                            [DEBUG  ]  Command used: /apps/multiqc/1.11/bin/multiqc ./12566_combined_merged_fastqc.html ./12566_combined_merged_fastqc.zip ./12566_combined_merged.fastq.gz ./12566_combined_R1p_fastqc.html ./12566_combined_R1p_fastqc.zip ./12566_combined_R1p.fastq.gz ./12566_combined_R1R2u_fastqc.html ./12566_combined_R1R2u_fastqc.zip ./12566_combined_R1R2u.fastq.gz ./12566_combined_R2p_fastqc.html ./12566_combined_R2p_fastqc.zip ./12566_combined_R2p.fastq.gz ./12566_QCreads.md5 -o 12566_MGSD_CSIRO.qc.stats
[2022-08-05 11:07:13,633] multiqc                                            [DEBUG  ]  Could not connect to multiqc.info for version check: <urlopen error [Errno 111] Connection refused>
[2022-08-05 11:07:13,633] multiqc                                            [DEBUG  ]  Command     : /apps/multiqc/1.11/bin/multiqc ./12566_combined_merged_fastqc.html ./12566_combined_merged_fastqc.zip ./12566_combined_merged.fastq.gz ./12566_combined_R1p_fastqc.html ./12566_combined_R1p_fastqc.zip ./12566_combined_R1p.fastq.gz ./12566_combined_R1R2u_fastqc.html ./12566_combined_R1R2u_fastqc.zip ./12566_combined_R1R2u.fastq.gz ./12566_combined_R2p_fastqc.html ./12566_combined_R2p_fastqc.zip ./12566_combined_R2p.fastq.gz ./12566_QCreads.md5 -o 12566_MGSD_CSIRO.qc.stats
[2022-08-05 11:07:13,633] multiqc                                            [DEBUG  ]  Working dir : /datasets/work/oa-amd/work/amd/Metagenome_QC_reads
[2022-08-05 11:07:13,633] multiqc                                            [DEBUG  ]  Template    : default
[2022-08-05 11:07:13,633] multiqc                                            [DEBUG  ]  Running Python 3.9.4 (default, Apr 25 2021, 16:13:27)  [GCC 10.3.0]
[2022-08-05 11:07:13,633] multiqc                                            [DEBUG  ]  Analysing modules: custom_content, ccs, ngsderive, purple, conpair, lima, peddy, somalier, methylQA, mosdepth, phantompeakqualtools, qualimap, preseq, quast, qorts, rna_seqc, rockhopper, rsem, rseqc, busco, bustools, goleft_indexcov, gffcompare, disambiguate, supernova, deeptools, sargasso, verifybamid, mirtrace, happy, mirtop, sambamba, homer, hops, macs2, theta2, snpeff, gatk, htseq, bcftools, featureCounts, fgbio, dragen, dedup, damageprofiler, biobambam2, jcvi, mtnucratio, picard, vep, sentieon, prokka, qc3C, nanostat, samblaster, samtools, sexdeterrmine, eigenstratdatabasetools, bamtools, jellyfish, vcftools, longranger, stacks, varscan2, snippy, bbmap, bismark, biscuit, hicexplorer, hicup, hicpro, salmon, kallisto, slamdunk, star, hisat2, tophat, bowtie2, bowtie1, snpsplit, odgi, pangolin, kat, leehom, adapterRemoval, clipandmerge, cutadapt, flexbar, kaiju, kraken, malt, trimmomatic, sickle, skewer, sortmerna, biobloomtools, fastq_screen, afterqc, fastp, fastqc, pychopper, pycoqc, minionqc, multivcfanalyzer, clusterflow, bcl2fastq, bclconvert, interop, ivar, flash, seqyclean, optitype
[2022-08-05 11:07:13,633] multiqc                                            [DEBUG  ]  Using temporary directory for creating report: /tmp/smi9a9.8584895/tmpi2x52d7a
[2022-08-05 11:07:13,928] multiqc                                            [INFO   ]  Search path : /datasets/work/oa-amd/work/amd/Metagenome_QC_reads/12566_combined_merged_fastqc.html
[2022-08-05 11:07:13,928] multiqc                                            [INFO   ]  Search path : /datasets/work/oa-amd/work/amd/Metagenome_QC_reads/12566_combined_merged_fastqc.zip
[2022-08-05 11:07:13,928] multiqc                                            [INFO   ]  Search path : /datasets/work/oa-amd/work/amd/Metagenome_QC_reads/12566_combined_merged.fastq.gz
[2022-08-05 11:07:13,928] multiqc                                            [INFO   ]  Search path : /datasets/work/oa-amd/work/amd/Metagenome_QC_reads/12566_combined_R1p_fastqc.html
[2022-08-05 11:07:13,928] multiqc                                            [INFO   ]  Search path : /datasets/work/oa-amd/work/amd/Metagenome_QC_reads/12566_combined_R1p_fastqc.zip
[2022-08-05 11:07:13,928] multiqc                                            [INFO   ]  Search path : /datasets/work/oa-amd/work/amd/Metagenome_QC_reads/12566_combined_R1p.fastq.gz
[2022-08-05 11:07:13,928] multiqc                                            [INFO   ]  Search path : /datasets/work/oa-amd/work/amd/Metagenome_QC_reads/12566_combined_R1R2u_fastqc.html
[2022-08-05 11:07:13,928] multiqc                                            [INFO   ]  Search path : /datasets/work/oa-amd/work/amd/Metagenome_QC_reads/12566_combined_R1R2u_fastqc.zip
[2022-08-05 11:07:13,928] multiqc                                            [INFO   ]  Search path : /datasets/work/oa-amd/work/amd/Metagenome_QC_reads/12566_combined_R1R2u.fastq.gz
[2022-08-05 11:07:13,928] multiqc                                            [INFO   ]  Search path : /datasets/work/oa-amd/work/amd/Metagenome_QC_reads/12566_combined_R2p_fastqc.html
[2022-08-05 11:07:13,928] multiqc                                            [INFO   ]  Search path : /datasets/work/oa-amd/work/amd/Metagenome_QC_reads/12566_combined_R2p_fastqc.zip
[2022-08-05 11:07:13,928] multiqc                                            [INFO   ]  Search path : /datasets/work/oa-amd/work/amd/Metagenome_QC_reads/12566_combined_R2p.fastq.gz
[2022-08-05 11:07:13,928] multiqc                                            [INFO   ]  Search path : /datasets/work/oa-amd/work/amd/Metagenome_QC_reads/12566_QCreads.md5
[2022-08-05 11:07:14,400] multiqc                                            [DEBUG  ]  File ignored by ccs/v4 because it exceeded search pattern filesize limit: 12566_combined_merged_fastqc.html
[2022-08-05 11:07:14,409] multiqc                                            [DEBUG  ]  File ignored by hicexplorer because it exceeded search pattern filesize limit: 12566_combined_merged_fastqc.html
[2022-08-05 11:07:14,410] multiqc                                            [DEBUG  ]  File ignored by nanostat because it exceeded search pattern filesize limit: 12566_combined_merged_fastqc.html
[2022-08-05 11:07:14,410] multiqc                                            [DEBUG  ]  File ignored by lima/summary because it exceeded search pattern filesize limit: 12566_combined_merged_fastqc.html
[2022-08-05 11:07:15,402] multiqc                                            [DEBUG  ]  File ignored by vep/vep_txt because it exceeded search pattern filesize limit: 12566_combined_merged_fastqc.html
[2022-08-05 11:07:15,402] multiqc                                            [DEBUG  ]  File ignored by longranger/invocation because it exceeded search pattern filesize limit: 12566_combined_merged_fastqc.html
[2022-08-05 11:07:15,402] multiqc                                            [DEBUG  ]  File ignored by rockhopper because it exceeded search pattern filesize limit: 12566_combined_merged_fastqc.html
[2022-08-05 11:07:15,402] multiqc                                            [DEBUG  ]  File ignored by rseqc/bam_stat because it exceeded search pattern filesize limit: 12566_combined_merged_fastqc.html
[2022-08-05 11:07:15,402] multiqc                                            [DEBUG  ]  File ignored by rseqc/junction_annotation because it exceeded search pattern filesize limit: 12566_combined_merged_fastqc.html
[2022-08-05 11:07:15,402] multiqc                                            [DEBUG  ]  File ignored by rseqc/read_distribution because it exceeded search pattern filesize limit: 12566_combined_merged_fastqc.html
[2022-08-05 11:07:15,402] multiqc                                            [DEBUG  ]  File ignored by rseqc/infer_experiment because it exceeded search pattern filesize limit: 12566_combined_merged_fastqc.html
[2022-08-05 11:07:15,519] multiqc                                            [DEBUG  ]  Ignoring file as matched an ignore pattern: 12566_combined_merged.fastq.gz
[2022-08-05 11:07:16,538] multiqc                                            [DEBUG  ]  File ignored by ccs/v4 because it exceeded search pattern filesize limit: 12566_combined_R1p_fastqc.html
[2022-08-05 11:07:16,546] multiqc                                            [DEBUG  ]  File ignored by hicexplorer because it exceeded search pattern filesize limit: 12566_combined_R1p_fastqc.html
[2022-08-05 11:07:16,547] multiqc                                            [DEBUG  ]  File ignored by nanostat because it exceeded search pattern filesize limit: 12566_combined_R1p_fastqc.html
[2022-08-05 11:07:16,547] multiqc                                            [DEBUG  ]  File ignored by lima/summary because it exceeded search pattern filesize limit: 12566_combined_R1p_fastqc.html
[2022-08-05 11:07:16,566] multiqc                                            [DEBUG  ]  File ignored by vep/vep_txt because it exceeded search pattern filesize limit: 12566_combined_R1p_fastqc.html
[2022-08-05 11:07:16,566] multiqc                                            [DEBUG  ]  File ignored by longranger/invocation because it exceeded search pattern filesize limit: 12566_combined_R1p_fastqc.html
[2022-08-05 11:07:16,566] multiqc                                            [DEBUG  ]  File ignored by rockhopper because it exceeded search pattern filesize limit: 12566_combined_R1p_fastqc.html
[2022-08-05 11:07:16,566] multiqc                                            [DEBUG  ]  File ignored by rseqc/bam_stat because it exceeded search pattern filesize limit: 12566_combined_R1p_fastqc.html
[2022-08-05 11:07:16,566] multiqc                                            [DEBUG  ]  File ignored by rseqc/junction_annotation because it exceeded search pattern filesize limit: 12566_combined_R1p_fastqc.html
[2022-08-05 11:07:16,566] multiqc                                            [DEBUG  ]  File ignored by rseqc/read_distribution because it exceeded search pattern filesize limit: 12566_combined_R1p_fastqc.html
[2022-08-05 11:07:16,566] multiqc                                            [DEBUG  ]  File ignored by rseqc/infer_experiment because it exceeded search pattern filesize limit: 12566_combined_R1p_fastqc.html
[2022-08-05 11:07:16,642] multiqc                                            [DEBUG  ]  Ignoring file as matched an ignore pattern: 12566_combined_R1p.fastq.gz
[2022-08-05 11:07:17,166] multiqc                                            [DEBUG  ]  File ignored by ccs/v4 because it exceeded search pattern filesize limit: 12566_combined_R1R2u_fastqc.html
[2022-08-05 11:07:17,177] multiqc                                            [DEBUG  ]  File ignored by hicexplorer because it exceeded search pattern filesize limit: 12566_combined_R1R2u_fastqc.html
[2022-08-05 11:07:17,178] multiqc                                            [DEBUG  ]  File ignored by nanostat because it exceeded search pattern filesize limit: 12566_combined_R1R2u_fastqc.html
[2022-08-05 11:07:17,178] multiqc                                            [DEBUG  ]  File ignored by lima/summary because it exceeded search pattern filesize limit: 12566_combined_R1R2u_fastqc.html
[2022-08-05 11:07:17,209] multiqc                                            [DEBUG  ]  File ignored by vep/vep_txt because it exceeded search pattern filesize limit: 12566_combined_R1R2u_fastqc.html
[2022-08-05 11:07:17,209] multiqc                                            [DEBUG  ]  File ignored by longranger/invocation because it exceeded search pattern filesize limit: 12566_combined_R1R2u_fastqc.html
[2022-08-05 11:07:17,209] multiqc                                            [DEBUG  ]  File ignored by rockhopper because it exceeded search pattern filesize limit: 12566_combined_R1R2u_fastqc.html
[2022-08-05 11:07:17,209] multiqc                                            [DEBUG  ]  File ignored by rseqc/bam_stat because it exceeded search pattern filesize limit: 12566_combined_R1R2u_fastqc.html
[2022-08-05 11:07:17,209] multiqc                                            [DEBUG  ]  File ignored by rseqc/junction_annotation because it exceeded search pattern filesize limit: 12566_combined_R1R2u_fastqc.html
[2022-08-05 11:07:17,209] multiqc                                            [DEBUG  ]  File ignored by rseqc/read_distribution because it exceeded search pattern filesize limit: 12566_combined_R1R2u_fastqc.html
[2022-08-05 11:07:17,209] multiqc                                            [DEBUG  ]  File ignored by rseqc/infer_experiment because it exceeded search pattern filesize limit: 12566_combined_R1R2u_fastqc.html
[2022-08-05 11:07:17,575] multiqc                                            [DEBUG  ]  Ignoring file as matched an ignore pattern: 12566_combined_R1R2u.fastq.gz
[2022-08-05 11:07:17,683] multiqc                                            [DEBUG  ]  File ignored by ccs/v4 because it exceeded search pattern filesize limit: 12566_combined_R2p_fastqc.html
[2022-08-05 11:07:17,692] multiqc                                            [DEBUG  ]  File ignored by hicexplorer because it exceeded search pattern filesize limit: 12566_combined_R2p_fastqc.html
[2022-08-05 11:07:17,693] multiqc                                            [DEBUG  ]  File ignored by nanostat because it exceeded search pattern filesize limit: 12566_combined_R2p_fastqc.html
[2022-08-05 11:07:17,693] multiqc                                            [DEBUG  ]  File ignored by lima/summary because it exceeded search pattern filesize limit: 12566_combined_R2p_fastqc.html
[2022-08-05 11:07:17,736] multiqc                                            [DEBUG  ]  File ignored by vep/vep_txt because it exceeded search pattern filesize limit: 12566_combined_R2p_fastqc.html
[2022-08-05 11:07:17,736] multiqc                                            [DEBUG  ]  File ignored by longranger/invocation because it exceeded search pattern filesize limit: 12566_combined_R2p_fastqc.html
[2022-08-05 11:07:17,736] multiqc                                            [DEBUG  ]  File ignored by rockhopper because it exceeded search pattern filesize limit: 12566_combined_R2p_fastqc.html
[2022-08-05 11:07:17,736] multiqc                                            [DEBUG  ]  File ignored by rseqc/bam_stat because it exceeded search pattern filesize limit: 12566_combined_R2p_fastqc.html
[2022-08-05 11:07:17,736] multiqc                                            [DEBUG  ]  File ignored by rseqc/junction_annotation because it exceeded search pattern filesize limit: 12566_combined_R2p_fastqc.html
[2022-08-05 11:07:17,736] multiqc                                            [DEBUG  ]  File ignored by rseqc/read_distribution because it exceeded search pattern filesize limit: 12566_combined_R2p_fastqc.html
[2022-08-05 11:07:17,737] multiqc                                            [DEBUG  ]  File ignored by rseqc/infer_experiment because it exceeded search pattern filesize limit: 12566_combined_R2p_fastqc.html
[2022-08-05 11:07:17,814] multiqc                                            [DEBUG  ]  Ignoring file as matched an ignore pattern: 12566_combined_R2p.fastq.gz
[2022-08-05 11:07:17,816] multiqc                                            [DEBUG  ]  Ignoring file as matched an ignore pattern: 12566_QCreads.md5
[2022-08-05 11:07:19,465] multiqc.plots.bargraph                             [DEBUG  ]  Using matplotlib version 3.3.4
[2022-08-05 11:07:19,473] multiqc.plots.linegraph                            [DEBUG  ]  Using matplotlib version 3.3.4
[2022-08-05 11:07:19,478] multiqc                                            [DEBUG  ]  No samples found: custom_content
[2022-08-05 11:07:19,486] multiqc                                            [DEBUG  ]  No samples found: ccs
[2022-08-05 11:07:19,494] multiqc                                            [DEBUG  ]  No samples found: ngsderive
[2022-08-05 11:07:19,502] multiqc                                            [DEBUG  ]  No samples found: purple
[2022-08-05 11:07:19,785] multiqc                                            [DEBUG  ]  No samples found: conpair
[2022-08-05 11:07:19,792] multiqc                                            [DEBUG  ]  No samples found: lima
[2022-08-05 11:07:19,800] multiqc                                            [DEBUG  ]  No samples found: peddy
[2022-08-05 11:07:19,809] multiqc                                            [DEBUG  ]  No samples found: somalier
[2022-08-05 11:07:19,816] multiqc                                            [DEBUG  ]  No samples found: methylQA
[2022-08-05 11:07:19,831] multiqc.modules.mosdepth.mosdepth                  [DEBUG  ]  include_contigs: []
[2022-08-05 11:07:19,831] multiqc.modules.mosdepth.mosdepth                  [DEBUG  ]  exclude_contigs: []
[2022-08-05 11:07:19,831] multiqc                                            [DEBUG  ]  No samples found: mosdepth
[2022-08-05 11:07:19,838] multiqc                                            [DEBUG  ]  No samples found: phantompeakqualtools
[2022-08-05 11:07:19,842] multiqc                                            [DEBUG  ]  No samples found: qualimap
[2022-08-05 11:07:20,254] multiqc                                            [DEBUG  ]  No samples found: preseq
[2022-08-05 11:07:20,261] multiqc                                            [DEBUG  ]  No samples found: quast
[2022-08-05 11:07:20,269] multiqc                                            [DEBUG  ]  No samples found: qorts
[2022-08-05 11:07:20,276] multiqc                                            [DEBUG  ]  No samples found: rna_seqc
[2022-08-05 11:07:20,283] multiqc                                            [DEBUG  ]  No samples found: rockhopper
[2022-08-05 11:07:20,750] multiqc                                            [DEBUG  ]  No samples found: rsem
[2022-08-05 11:07:21,048] multiqc                                            [DEBUG  ]  No samples found: rseqc
[2022-08-05 11:07:21,284] multiqc                                            [DEBUG  ]  No samples found: busco
[2022-08-05 11:07:21,291] multiqc                                            [DEBUG  ]  No samples found: bustools
[2022-08-05 11:07:21,298] multiqc                                            [DEBUG  ]  No samples found: goleft_indexcov
[2022-08-05 11:07:21,305] multiqc                                            [DEBUG  ]  No samples found: gffcompare
[2022-08-05 11:07:21,311] multiqc                                            [DEBUG  ]  No samples found: disambiguate
[2022-08-05 11:07:21,319] multiqc                                            [DEBUG  ]  No samples found: supernova
[2022-08-05 11:07:21,620] multiqc                                            [DEBUG  ]  No samples found: deeptools
[2022-08-05 11:07:21,627] multiqc                                            [DEBUG  ]  No samples found: sargasso
[2022-08-05 11:07:21,633] multiqc                                            [DEBUG  ]  No samples found: verifybamid
[2022-08-05 11:07:21,641] multiqc                                            [DEBUG  ]  No samples found: mirtrace
[2022-08-05 11:07:21,877] multiqc                                            [DEBUG  ]  No samples found: happy
[2022-08-05 11:07:21,884] multiqc                                            [DEBUG  ]  No samples found: mirtop
[2022-08-05 11:07:22,353] multiqc                                            [DEBUG  ]  No samples found: sambamba
[2022-08-05 11:07:22,361] multiqc                                            [DEBUG  ]  No samples found: homer
[2022-08-05 11:07:22,365] multiqc                                            [DEBUG  ]  No samples found: hops
[2022-08-05 11:07:22,369] multiqc                                            [DEBUG  ]  No samples found: macs2
[2022-08-05 11:07:22,602] multiqc                                            [DEBUG  ]  No samples found: theta2
[2022-08-05 11:07:22,607] multiqc                                            [DEBUG  ]  No samples found: snpeff
[2022-08-05 11:07:22,614] multiqc                                            [DEBUG  ]  No samples found: gatk
[2022-08-05 11:07:22,619] multiqc                                            [DEBUG  ]  No samples found: htseq
[2022-08-05 11:07:22,625] multiqc                                            [DEBUG  ]  No samples found: bcftools
[2022-08-05 11:07:22,629] multiqc                                            [DEBUG  ]  No samples found: featureCounts
[2022-08-05 11:07:22,635] multiqc                                            [DEBUG  ]  No samples found: fgbio
[2022-08-05 11:07:22,654] multiqc                                            [DEBUG  ]  No samples found: dragen
[2022-08-05 11:07:23,184] multiqc                                            [DEBUG  ]  No samples found: dedup
[2022-08-05 11:07:23,423] multiqc                                            [DEBUG  ]  No samples found: damageprofiler
[2022-08-05 11:07:23,932] multiqc                                            [DEBUG  ]  No samples found: biobambam2
[2022-08-05 11:07:23,938] multiqc                                            [DEBUG  ]  No samples found: jcvi
[2022-08-05 11:07:23,943] multiqc                                            [DEBUG  ]  No samples found: mtnucratio
[2022-08-05 11:07:23,945] multiqc                                            [DEBUG  ]  No samples found: picard
[2022-08-05 11:07:23,953] multiqc                                            [DEBUG  ]  No samples found: vep
[2022-08-05 11:07:23,962] multiqc                                            [DEBUG  ]  No samples found: sentieon
[2022-08-05 11:07:23,966] multiqc                                            [DEBUG  ]  No samples found: prokka
[2022-08-05 11:07:23,974] multiqc                                            [DEBUG  ]  No samples found: qc3C
[2022-08-05 11:07:24,070] multiqc                                            [DEBUG  ]  No samples found: nanostat
[2022-08-05 11:07:24,077] multiqc                                            [DEBUG  ]  No samples found: samblaster
[2022-08-05 11:07:24,554] multiqc                                            [DEBUG  ]  No samples found: samtools
[2022-08-05 11:07:24,791] multiqc                                            [DEBUG  ]  No samples found: sexdeterrmine
[2022-08-05 11:07:24,798] multiqc                                            [DEBUG  ]  No samples found: eigenstratdatabasetools
[2022-08-05 11:07:24,808] multiqc                                            [DEBUG  ]  No samples found: bamtools
[2022-08-05 11:07:25,044] multiqc                                            [DEBUG  ]  No samples found: jellyfish
[2022-08-05 11:07:25,060] multiqc                                            [DEBUG  ]  No samples found: vcftools
[2022-08-05 11:07:25,068] multiqc                                            [DEBUG  ]  No samples found: longranger
[2022-08-05 11:07:25,074] multiqc                                            [DEBUG  ]  No samples found: stacks
[2022-08-05 11:07:25,081] multiqc                                            [DEBUG  ]  No samples found: varscan2
[2022-08-05 11:07:25,088] multiqc                                            [DEBUG  ]  No samples found: snippy
[2022-08-05 11:07:25,351] multiqc                                            [DEBUG  ]  No samples found: bbmap
[2022-08-05 11:07:25,360] multiqc                                            [DEBUG  ]  No samples found: bismark
[2022-08-05 11:07:25,370] multiqc                                            [DEBUG  ]  No samples found: biscuit
[2022-08-05 11:07:25,378] multiqc                                            [DEBUG  ]  No samples found: hicexplorer
[2022-08-05 11:07:25,384] multiqc                                            [DEBUG  ]  No samples found: hicup
[2022-08-05 11:07:25,392] multiqc                                            [DEBUG  ]  No samples found: hicpro
[2022-08-05 11:07:25,399] multiqc                                            [DEBUG  ]  No samples found: salmon
[2022-08-05 11:07:25,405] multiqc                                            [DEBUG  ]  No samples found: kallisto
[2022-08-05 11:07:25,414] multiqc                                            [DEBUG  ]  No samples found: slamdunk
[2022-08-05 11:07:25,422] multiqc                                            [DEBUG  ]  No samples found: star
[2022-08-05 11:07:25,889] multiqc                                            [DEBUG  ]  No samples found: hisat2
[2022-08-05 11:07:26,126] multiqc                                            [DEBUG  ]  No samples found: tophat
[2022-08-05 11:07:26,130] multiqc                                            [DEBUG  ]  No samples found: bowtie2
[2022-08-05 11:07:26,135] multiqc                                            [DEBUG  ]  No samples found: bowtie1
[2022-08-05 11:07:26,139] multiqc                                            [DEBUG  ]  No samples found: snpsplit
[2022-08-05 11:07:26,144] multiqc                                            [DEBUG  ]  No samples found: odgi
[2022-08-05 11:07:26,149] multiqc                                            [DEBUG  ]  No samples found: pangolin
[2022-08-05 11:07:26,153] multiqc                                            [DEBUG  ]  No samples found: kat
[2022-08-05 11:07:26,157] multiqc                                            [DEBUG  ]  No samples found: leehom
[2022-08-05 11:07:26,162] multiqc                                            [DEBUG  ]  No samples found: adapterRemoval
[2022-08-05 11:07:26,166] multiqc                                            [DEBUG  ]  No samples found: clipandmerge
[2022-08-05 11:07:26,401] multiqc                                            [DEBUG  ]  No samples found: cutadapt
[2022-08-05 11:07:26,408] multiqc                                            [DEBUG  ]  No samples found: flexbar
[2022-08-05 11:07:26,416] multiqc                                            [DEBUG  ]  No samples found: kaiju
[2022-08-05 11:07:26,423] multiqc                                            [DEBUG  ]  No samples found: kraken
[2022-08-05 11:07:26,429] multiqc                                            [DEBUG  ]  No samples found: malt
[2022-08-05 11:07:26,436] multiqc                                            [DEBUG  ]  No samples found: trimmomatic
[2022-08-05 11:07:26,442] multiqc                                            [DEBUG  ]  No samples found: sickle
[2022-08-05 11:07:26,449] multiqc                                            [DEBUG  ]  No samples found: skewer
[2022-08-05 11:07:26,734] multiqc                                            [DEBUG  ]  No samples found: sortmerna
[2022-08-05 11:07:26,741] multiqc                                            [DEBUG  ]  No samples found: biobloomtools
[2022-08-05 11:07:26,982] multiqc                                            [DEBUG  ]  No samples found: fastq_screen
[2022-08-05 11:07:27,227] multiqc                                            [DEBUG  ]  No samples found: afterqc
[2022-08-05 11:07:27,740] multiqc                                            [DEBUG  ]  No samples found: fastp
[2022-08-05 11:07:28,267] multiqc.modules.fastqc.fastqc                      [INFO   ]  Found 4 reports
[2022-08-05 11:07:28,544] multiqc                                            [DEBUG  ]  No samples found: pychopper
[2022-08-05 11:07:28,779] multiqc                                            [DEBUG  ]  No samples found: pycoqc
[2022-08-05 11:07:28,784] multiqc                                            [DEBUG  ]  No samples found: minionqc
[2022-08-05 11:07:28,790] multiqc                                            [DEBUG  ]  No samples found: multivcfanalyzer
[2022-08-05 11:07:28,795] multiqc                                            [DEBUG  ]  No samples found: clusterflow
[2022-08-05 11:07:28,803] multiqc                                            [DEBUG  ]  No samples found: bcl2fastq
[2022-08-05 11:07:28,810] multiqc                                            [DEBUG  ]  No samples found: bclconvert
[2022-08-05 11:07:29,044] multiqc                                            [DEBUG  ]  No samples found: interop
[2022-08-05 11:07:29,048] multiqc                                            [DEBUG  ]  No samples found: ivar
[2022-08-05 11:07:29,053] multiqc                                            [DEBUG  ]  No samples found: flash
[2022-08-05 11:07:29,057] multiqc                                            [DEBUG  ]  No samples found: seqyclean
[2022-08-05 11:07:29,061] multiqc                                            [DEBUG  ]  No samples found: optitype
[2022-08-05 11:07:29,066] multiqc                                            [INFO   ]  Compressing plot data
[2022-08-05 11:07:30,326] multiqc                                            [INFO   ]  Report      : 12566_MGSD_CSIRO.qc.stats/multiqc_report.html
[2022-08-05 11:07:30,326] multiqc                                            [INFO   ]  Data        : 12566_MGSD_CSIRO.qc.stats/multiqc_data
[2022-08-05 11:07:30,326] multiqc                                            [DEBUG  ]  Moving data file from '/tmp/smi9a9.8584895/tmpi2x52d7a/multiqc_data' to '12566_MGSD_CSIRO.qc.stats/multiqc_data'
[2022-08-05 11:07:32,425] multiqc                                            [INFO   ]  MultiQC complete
