[2022-08-05 11:25:25,314] multiqc                                            [DEBUG  ]  This is MultiQC v1.11
[2022-08-05 11:25:25,314] multiqc                                            [DEBUG  ]  No MultiQC config found: /apps/multiqc/1.11/lib/python3.9/site-packages/multiqc_config.yaml
[2022-08-05 11:25:25,314] multiqc                                            [DEBUG  ]  No MultiQC config found: /home/smi9a9/.multiqc_config.yaml
[2022-08-05 11:25:25,315] multiqc                                            [DEBUG  ]  No MultiQC config found: multiqc_config.yaml
[2022-08-05 11:25:25,315] multiqc                                            [DEBUG  ]  Command used: /apps/multiqc/1.11/bin/multiqc ./8154_combined_merged_fastqc.html ./8154_combined_merged_fastqc.zip ./8154_combined_merged.fastq.gz ./8154_combined_R1p_fastqc.html ./8154_combined_R1p_fastqc.zip ./8154_combined_R1p.fastq.gz ./8154_combined_R1R2u_fastqc.html ./8154_combined_R1R2u_fastqc.zip ./8154_combined_R1R2u.fastq.gz ./8154_combined_R2p_fastqc.html ./8154_combined_R2p_fastqc.zip ./8154_combined_R2p.fastq.gz ./8154_QCreads.md5 -o 8154_MGSD_CSIRO.qc.stats
[2022-08-05 11:25:25,317] multiqc                                            [DEBUG  ]  Could not connect to multiqc.info for version check: <urlopen error [Errno 111] Connection refused>
[2022-08-05 11:25:25,317] multiqc                                            [DEBUG  ]  Command     : /apps/multiqc/1.11/bin/multiqc ./8154_combined_merged_fastqc.html ./8154_combined_merged_fastqc.zip ./8154_combined_merged.fastq.gz ./8154_combined_R1p_fastqc.html ./8154_combined_R1p_fastqc.zip ./8154_combined_R1p.fastq.gz ./8154_combined_R1R2u_fastqc.html ./8154_combined_R1R2u_fastqc.zip ./8154_combined_R1R2u.fastq.gz ./8154_combined_R2p_fastqc.html ./8154_combined_R2p_fastqc.zip ./8154_combined_R2p.fastq.gz ./8154_QCreads.md5 -o 8154_MGSD_CSIRO.qc.stats
[2022-08-05 11:25:25,317] multiqc                                            [DEBUG  ]  Working dir : /datasets/work/oa-amd/work/amd/Metagenome_QC_reads
[2022-08-05 11:25:25,317] multiqc                                            [DEBUG  ]  Template    : default
[2022-08-05 11:25:25,317] multiqc                                            [DEBUG  ]  Running Python 3.9.4 (default, Apr 25 2021, 16:13:27)  [GCC 10.3.0]
[2022-08-05 11:25:25,317] multiqc                                            [DEBUG  ]  Analysing modules: custom_content, ccs, ngsderive, purple, conpair, lima, peddy, somalier, methylQA, mosdepth, phantompeakqualtools, qualimap, preseq, quast, qorts, rna_seqc, rockhopper, rsem, rseqc, busco, bustools, goleft_indexcov, gffcompare, disambiguate, supernova, deeptools, sargasso, verifybamid, mirtrace, happy, mirtop, sambamba, homer, hops, macs2, theta2, snpeff, gatk, htseq, bcftools, featureCounts, fgbio, dragen, dedup, damageprofiler, biobambam2, jcvi, mtnucratio, picard, vep, sentieon, prokka, qc3C, nanostat, samblaster, samtools, sexdeterrmine, eigenstratdatabasetools, bamtools, jellyfish, vcftools, longranger, stacks, varscan2, snippy, bbmap, bismark, biscuit, hicexplorer, hicup, hicpro, salmon, kallisto, slamdunk, star, hisat2, tophat, bowtie2, bowtie1, snpsplit, odgi, pangolin, kat, leehom, adapterRemoval, clipandmerge, cutadapt, flexbar, kaiju, kraken, malt, trimmomatic, sickle, skewer, sortmerna, biobloomtools, fastq_screen, afterqc, fastp, fastqc, pychopper, pycoqc, minionqc, multivcfanalyzer, clusterflow, bcl2fastq, bclconvert, interop, ivar, flash, seqyclean, optitype
[2022-08-05 11:25:25,317] multiqc                                            [DEBUG  ]  Using temporary directory for creating report: /tmp/smi9a9.8585626/tmpqwfiafzn
[2022-08-05 11:25:25,378] multiqc                                            [INFO   ]  Search path : /datasets/work/oa-amd/work/amd/Metagenome_QC_reads/8154_combined_merged_fastqc.html
[2022-08-05 11:25:25,378] multiqc                                            [INFO   ]  Search path : /datasets/work/oa-amd/work/amd/Metagenome_QC_reads/8154_combined_merged_fastqc.zip
[2022-08-05 11:25:25,378] multiqc                                            [INFO   ]  Search path : /datasets/work/oa-amd/work/amd/Metagenome_QC_reads/8154_combined_merged.fastq.gz
[2022-08-05 11:25:25,378] multiqc                                            [INFO   ]  Search path : /datasets/work/oa-amd/work/amd/Metagenome_QC_reads/8154_combined_R1p_fastqc.html
[2022-08-05 11:25:25,378] multiqc                                            [INFO   ]  Search path : /datasets/work/oa-amd/work/amd/Metagenome_QC_reads/8154_combined_R1p_fastqc.zip
[2022-08-05 11:25:25,378] multiqc                                            [INFO   ]  Search path : /datasets/work/oa-amd/work/amd/Metagenome_QC_reads/8154_combined_R1p.fastq.gz
[2022-08-05 11:25:25,378] multiqc                                            [INFO   ]  Search path : /datasets/work/oa-amd/work/amd/Metagenome_QC_reads/8154_combined_R1R2u_fastqc.html
[2022-08-05 11:25:25,378] multiqc                                            [INFO   ]  Search path : /datasets/work/oa-amd/work/amd/Metagenome_QC_reads/8154_combined_R1R2u_fastqc.zip
[2022-08-05 11:25:25,378] multiqc                                            [INFO   ]  Search path : /datasets/work/oa-amd/work/amd/Metagenome_QC_reads/8154_combined_R1R2u.fastq.gz
[2022-08-05 11:25:25,379] multiqc                                            [INFO   ]  Search path : /datasets/work/oa-amd/work/amd/Metagenome_QC_reads/8154_combined_R2p_fastqc.html
[2022-08-05 11:25:25,379] multiqc                                            [INFO   ]  Search path : /datasets/work/oa-amd/work/amd/Metagenome_QC_reads/8154_combined_R2p_fastqc.zip
[2022-08-05 11:25:25,379] multiqc                                            [INFO   ]  Search path : /datasets/work/oa-amd/work/amd/Metagenome_QC_reads/8154_combined_R2p.fastq.gz
[2022-08-05 11:25:25,379] multiqc                                            [INFO   ]  Search path : /datasets/work/oa-amd/work/amd/Metagenome_QC_reads/8154_QCreads.md5
[2022-08-05 11:25:25,439] multiqc                                            [DEBUG  ]  File ignored by ccs/v4 because it exceeded search pattern filesize limit: 8154_combined_merged_fastqc.html
[2022-08-05 11:25:25,445] multiqc                                            [DEBUG  ]  File ignored by hicexplorer because it exceeded search pattern filesize limit: 8154_combined_merged_fastqc.html
[2022-08-05 11:25:25,446] multiqc                                            [DEBUG  ]  File ignored by nanostat because it exceeded search pattern filesize limit: 8154_combined_merged_fastqc.html
[2022-08-05 11:25:25,446] multiqc                                            [DEBUG  ]  File ignored by lima/summary because it exceeded search pattern filesize limit: 8154_combined_merged_fastqc.html
[2022-08-05 11:25:25,458] multiqc                                            [DEBUG  ]  File ignored by vep/vep_txt because it exceeded search pattern filesize limit: 8154_combined_merged_fastqc.html
[2022-08-05 11:25:25,458] multiqc                                            [DEBUG  ]  File ignored by longranger/invocation because it exceeded search pattern filesize limit: 8154_combined_merged_fastqc.html
[2022-08-05 11:25:25,459] multiqc                                            [DEBUG  ]  File ignored by rockhopper because it exceeded search pattern filesize limit: 8154_combined_merged_fastqc.html
[2022-08-05 11:25:25,459] multiqc                                            [DEBUG  ]  File ignored by rseqc/bam_stat because it exceeded search pattern filesize limit: 8154_combined_merged_fastqc.html
[2022-08-05 11:25:25,459] multiqc                                            [DEBUG  ]  File ignored by rseqc/junction_annotation because it exceeded search pattern filesize limit: 8154_combined_merged_fastqc.html
[2022-08-05 11:25:25,459] multiqc                                            [DEBUG  ]  File ignored by rseqc/read_distribution because it exceeded search pattern filesize limit: 8154_combined_merged_fastqc.html
[2022-08-05 11:25:25,459] multiqc                                            [DEBUG  ]  File ignored by rseqc/infer_experiment because it exceeded search pattern filesize limit: 8154_combined_merged_fastqc.html
[2022-08-05 11:25:25,533] multiqc                                            [DEBUG  ]  Ignoring file as matched an ignore pattern: 8154_combined_merged.fastq.gz
[2022-08-05 11:25:25,552] multiqc                                            [DEBUG  ]  File ignored by ccs/v4 because it exceeded search pattern filesize limit: 8154_combined_R1p_fastqc.html
[2022-08-05 11:25:25,557] multiqc                                            [DEBUG  ]  File ignored by hicexplorer because it exceeded search pattern filesize limit: 8154_combined_R1p_fastqc.html
[2022-08-05 11:25:25,558] multiqc                                            [DEBUG  ]  File ignored by nanostat because it exceeded search pattern filesize limit: 8154_combined_R1p_fastqc.html
[2022-08-05 11:25:25,558] multiqc                                            [DEBUG  ]  File ignored by lima/summary because it exceeded search pattern filesize limit: 8154_combined_R1p_fastqc.html
[2022-08-05 11:25:25,568] multiqc                                            [DEBUG  ]  File ignored by vep/vep_txt because it exceeded search pattern filesize limit: 8154_combined_R1p_fastqc.html
[2022-08-05 11:25:25,568] multiqc                                            [DEBUG  ]  File ignored by longranger/invocation because it exceeded search pattern filesize limit: 8154_combined_R1p_fastqc.html
[2022-08-05 11:25:25,568] multiqc                                            [DEBUG  ]  File ignored by rockhopper because it exceeded search pattern filesize limit: 8154_combined_R1p_fastqc.html
[2022-08-05 11:25:25,568] multiqc                                            [DEBUG  ]  File ignored by rseqc/bam_stat because it exceeded search pattern filesize limit: 8154_combined_R1p_fastqc.html
[2022-08-05 11:25:25,569] multiqc                                            [DEBUG  ]  File ignored by rseqc/junction_annotation because it exceeded search pattern filesize limit: 8154_combined_R1p_fastqc.html
[2022-08-05 11:25:25,569] multiqc                                            [DEBUG  ]  File ignored by rseqc/read_distribution because it exceeded search pattern filesize limit: 8154_combined_R1p_fastqc.html
[2022-08-05 11:25:25,569] multiqc                                            [DEBUG  ]  File ignored by rseqc/infer_experiment because it exceeded search pattern filesize limit: 8154_combined_R1p_fastqc.html
[2022-08-05 11:25:25,633] multiqc                                            [DEBUG  ]  Ignoring file as matched an ignore pattern: 8154_combined_R1p.fastq.gz
[2022-08-05 11:25:25,687] multiqc                                            [DEBUG  ]  File ignored by ccs/v4 because it exceeded search pattern filesize limit: 8154_combined_R1R2u_fastqc.html
[2022-08-05 11:25:25,694] multiqc                                            [DEBUG  ]  File ignored by hicexplorer because it exceeded search pattern filesize limit: 8154_combined_R1R2u_fastqc.html
[2022-08-05 11:25:25,694] multiqc                                            [DEBUG  ]  File ignored by nanostat because it exceeded search pattern filesize limit: 8154_combined_R1R2u_fastqc.html
[2022-08-05 11:25:25,694] multiqc                                            [DEBUG  ]  File ignored by lima/summary because it exceeded search pattern filesize limit: 8154_combined_R1R2u_fastqc.html
[2022-08-05 11:25:25,705] multiqc                                            [DEBUG  ]  File ignored by vep/vep_txt because it exceeded search pattern filesize limit: 8154_combined_R1R2u_fastqc.html
[2022-08-05 11:25:25,705] multiqc                                            [DEBUG  ]  File ignored by longranger/invocation because it exceeded search pattern filesize limit: 8154_combined_R1R2u_fastqc.html
[2022-08-05 11:25:25,705] multiqc                                            [DEBUG  ]  File ignored by rockhopper because it exceeded search pattern filesize limit: 8154_combined_R1R2u_fastqc.html
[2022-08-05 11:25:25,705] multiqc                                            [DEBUG  ]  File ignored by rseqc/bam_stat because it exceeded search pattern filesize limit: 8154_combined_R1R2u_fastqc.html
[2022-08-05 11:25:25,705] multiqc                                            [DEBUG  ]  File ignored by rseqc/junction_annotation because it exceeded search pattern filesize limit: 8154_combined_R1R2u_fastqc.html
[2022-08-05 11:25:25,705] multiqc                                            [DEBUG  ]  File ignored by rseqc/read_distribution because it exceeded search pattern filesize limit: 8154_combined_R1R2u_fastqc.html
[2022-08-05 11:25:25,705] multiqc                                            [DEBUG  ]  File ignored by rseqc/infer_experiment because it exceeded search pattern filesize limit: 8154_combined_R1R2u_fastqc.html
[2022-08-05 11:25:25,775] multiqc                                            [DEBUG  ]  Ignoring file as matched an ignore pattern: 8154_combined_R1R2u.fastq.gz
[2022-08-05 11:25:25,788] multiqc                                            [DEBUG  ]  File ignored by ccs/v4 because it exceeded search pattern filesize limit: 8154_combined_R2p_fastqc.html
[2022-08-05 11:25:25,794] multiqc                                            [DEBUG  ]  File ignored by hicexplorer because it exceeded search pattern filesize limit: 8154_combined_R2p_fastqc.html
[2022-08-05 11:25:25,794] multiqc                                            [DEBUG  ]  File ignored by nanostat because it exceeded search pattern filesize limit: 8154_combined_R2p_fastqc.html
[2022-08-05 11:25:25,795] multiqc                                            [DEBUG  ]  File ignored by lima/summary because it exceeded search pattern filesize limit: 8154_combined_R2p_fastqc.html
[2022-08-05 11:25:25,804] multiqc                                            [DEBUG  ]  File ignored by vep/vep_txt because it exceeded search pattern filesize limit: 8154_combined_R2p_fastqc.html
[2022-08-05 11:25:25,804] multiqc                                            [DEBUG  ]  File ignored by longranger/invocation because it exceeded search pattern filesize limit: 8154_combined_R2p_fastqc.html
[2022-08-05 11:25:25,804] multiqc                                            [DEBUG  ]  File ignored by rockhopper because it exceeded search pattern filesize limit: 8154_combined_R2p_fastqc.html
[2022-08-05 11:25:25,804] multiqc                                            [DEBUG  ]  File ignored by rseqc/bam_stat because it exceeded search pattern filesize limit: 8154_combined_R2p_fastqc.html
[2022-08-05 11:25:25,804] multiqc                                            [DEBUG  ]  File ignored by rseqc/junction_annotation because it exceeded search pattern filesize limit: 8154_combined_R2p_fastqc.html
[2022-08-05 11:25:25,804] multiqc                                            [DEBUG  ]  File ignored by rseqc/read_distribution because it exceeded search pattern filesize limit: 8154_combined_R2p_fastqc.html
[2022-08-05 11:25:25,804] multiqc                                            [DEBUG  ]  File ignored by rseqc/infer_experiment because it exceeded search pattern filesize limit: 8154_combined_R2p_fastqc.html
[2022-08-05 11:25:25,870] multiqc                                            [DEBUG  ]  Ignoring file as matched an ignore pattern: 8154_combined_R2p.fastq.gz
[2022-08-05 11:25:25,870] multiqc                                            [DEBUG  ]  Ignoring file as matched an ignore pattern: 8154_QCreads.md5
[2022-08-05 11:25:26,173] multiqc.plots.bargraph                             [DEBUG  ]  Using matplotlib version 3.3.4
[2022-08-05 11:25:26,177] multiqc.plots.linegraph                            [DEBUG  ]  Using matplotlib version 3.3.4
[2022-08-05 11:25:26,181] multiqc                                            [DEBUG  ]  No samples found: custom_content
[2022-08-05 11:25:26,187] multiqc                                            [DEBUG  ]  No samples found: ccs
[2022-08-05 11:25:26,192] multiqc                                            [DEBUG  ]  No samples found: ngsderive
[2022-08-05 11:25:26,197] multiqc                                            [DEBUG  ]  No samples found: purple
[2022-08-05 11:25:26,202] multiqc                                            [DEBUG  ]  No samples found: conpair
[2022-08-05 11:25:26,207] multiqc                                            [DEBUG  ]  No samples found: lima
[2022-08-05 11:25:26,212] multiqc                                            [DEBUG  ]  No samples found: peddy
[2022-08-05 11:25:26,220] multiqc                                            [DEBUG  ]  No samples found: somalier
[2022-08-05 11:25:26,224] multiqc                                            [DEBUG  ]  No samples found: methylQA
[2022-08-05 11:25:26,235] multiqc.modules.mosdepth.mosdepth                  [DEBUG  ]  include_contigs: []
[2022-08-05 11:25:26,235] multiqc.modules.mosdepth.mosdepth                  [DEBUG  ]  exclude_contigs: []
[2022-08-05 11:25:26,235] multiqc                                            [DEBUG  ]  No samples found: mosdepth
[2022-08-05 11:25:26,239] multiqc                                            [DEBUG  ]  No samples found: phantompeakqualtools
[2022-08-05 11:25:26,243] multiqc                                            [DEBUG  ]  No samples found: qualimap
[2022-08-05 11:25:26,249] multiqc                                            [DEBUG  ]  No samples found: preseq
[2022-08-05 11:25:26,254] multiqc                                            [DEBUG  ]  No samples found: quast
[2022-08-05 11:25:26,260] multiqc                                            [DEBUG  ]  No samples found: qorts
[2022-08-05 11:25:26,265] multiqc                                            [DEBUG  ]  No samples found: rna_seqc
[2022-08-05 11:25:26,270] multiqc                                            [DEBUG  ]  No samples found: rockhopper
[2022-08-05 11:25:26,274] multiqc                                            [DEBUG  ]  No samples found: rsem
[2022-08-05 11:25:26,291] multiqc                                            [DEBUG  ]  No samples found: rseqc
[2022-08-05 11:25:26,296] multiqc                                            [DEBUG  ]  No samples found: busco
[2022-08-05 11:25:26,301] multiqc                                            [DEBUG  ]  No samples found: bustools
[2022-08-05 11:25:26,305] multiqc                                            [DEBUG  ]  No samples found: goleft_indexcov
[2022-08-05 11:25:26,310] multiqc                                            [DEBUG  ]  No samples found: gffcompare
[2022-08-05 11:25:26,314] multiqc                                            [DEBUG  ]  No samples found: disambiguate
[2022-08-05 11:25:26,320] multiqc                                            [DEBUG  ]  No samples found: supernova
[2022-08-05 11:25:26,337] multiqc                                            [DEBUG  ]  No samples found: deeptools
[2022-08-05 11:25:26,342] multiqc                                            [DEBUG  ]  No samples found: sargasso
[2022-08-05 11:25:26,347] multiqc                                            [DEBUG  ]  No samples found: verifybamid
[2022-08-05 11:25:26,353] multiqc                                            [DEBUG  ]  No samples found: mirtrace
[2022-08-05 11:25:26,359] multiqc                                            [DEBUG  ]  No samples found: happy
[2022-08-05 11:25:26,366] multiqc                                            [DEBUG  ]  No samples found: mirtop
[2022-08-05 11:25:26,373] multiqc                                            [DEBUG  ]  No samples found: sambamba
[2022-08-05 11:25:26,384] multiqc                                            [DEBUG  ]  No samples found: homer
[2022-08-05 11:25:26,388] multiqc                                            [DEBUG  ]  No samples found: hops
[2022-08-05 11:25:26,394] multiqc                                            [DEBUG  ]  No samples found: macs2
[2022-08-05 11:25:26,398] multiqc                                            [DEBUG  ]  No samples found: theta2
[2022-08-05 11:25:26,404] multiqc                                            [DEBUG  ]  No samples found: snpeff
[2022-08-05 11:25:26,413] multiqc                                            [DEBUG  ]  No samples found: gatk
[2022-08-05 11:25:26,418] multiqc                                            [DEBUG  ]  No samples found: htseq
[2022-08-05 11:25:26,425] multiqc                                            [DEBUG  ]  No samples found: bcftools
[2022-08-05 11:25:26,430] multiqc                                            [DEBUG  ]  No samples found: featureCounts
[2022-08-05 11:25:26,438] multiqc                                            [DEBUG  ]  No samples found: fgbio
[2022-08-05 11:25:26,458] multiqc                                            [DEBUG  ]  No samples found: dragen
[2022-08-05 11:25:26,463] multiqc                                            [DEBUG  ]  No samples found: dedup
[2022-08-05 11:25:26,469] multiqc                                            [DEBUG  ]  No samples found: damageprofiler
[2022-08-05 11:25:26,512] multiqc                                            [DEBUG  ]  No samples found: biobambam2
[2022-08-05 11:25:26,518] multiqc                                            [DEBUG  ]  No samples found: jcvi
[2022-08-05 11:25:26,524] multiqc                                            [DEBUG  ]  No samples found: mtnucratio
[2022-08-05 11:25:26,526] multiqc                                            [DEBUG  ]  No samples found: picard
[2022-08-05 11:25:26,532] multiqc                                            [DEBUG  ]  No samples found: vep
[2022-08-05 11:25:26,541] multiqc                                            [DEBUG  ]  No samples found: sentieon
[2022-08-05 11:25:26,546] multiqc                                            [DEBUG  ]  No samples found: prokka
[2022-08-05 11:25:26,554] multiqc                                            [DEBUG  ]  No samples found: qc3C
[2022-08-05 11:25:26,560] multiqc                                            [DEBUG  ]  No samples found: nanostat
[2022-08-05 11:25:26,565] multiqc                                            [DEBUG  ]  No samples found: samblaster
[2022-08-05 11:25:26,576] multiqc                                            [DEBUG  ]  No samples found: samtools
[2022-08-05 11:25:26,581] multiqc                                            [DEBUG  ]  No samples found: sexdeterrmine
[2022-08-05 11:25:26,586] multiqc                                            [DEBUG  ]  No samples found: eigenstratdatabasetools
[2022-08-05 11:25:26,592] multiqc                                            [DEBUG  ]  No samples found: bamtools
[2022-08-05 11:25:26,597] multiqc                                            [DEBUG  ]  No samples found: jellyfish
[2022-08-05 11:25:26,606] multiqc                                            [DEBUG  ]  No samples found: vcftools
[2022-08-05 11:25:26,613] multiqc                                            [DEBUG  ]  No samples found: longranger
[2022-08-05 11:25:26,619] multiqc                                            [DEBUG  ]  No samples found: stacks
[2022-08-05 11:25:26,624] multiqc                                            [DEBUG  ]  No samples found: varscan2
[2022-08-05 11:25:26,630] multiqc                                            [DEBUG  ]  No samples found: snippy
[2022-08-05 11:25:26,650] multiqc                                            [DEBUG  ]  No samples found: bbmap
[2022-08-05 11:25:26,656] multiqc                                            [DEBUG  ]  No samples found: bismark
[2022-08-05 11:25:26,665] multiqc                                            [DEBUG  ]  No samples found: biscuit
[2022-08-05 11:25:26,671] multiqc                                            [DEBUG  ]  No samples found: hicexplorer
[2022-08-05 11:25:26,676] multiqc                                            [DEBUG  ]  No samples found: hicup
[2022-08-05 11:25:26,683] multiqc                                            [DEBUG  ]  No samples found: hicpro
[2022-08-05 11:25:26,687] multiqc                                            [DEBUG  ]  No samples found: salmon
[2022-08-05 11:25:26,691] multiqc                                            [DEBUG  ]  No samples found: kallisto
[2022-08-05 11:25:26,698] multiqc                                            [DEBUG  ]  No samples found: slamdunk
[2022-08-05 11:25:26,704] multiqc                                            [DEBUG  ]  No samples found: star
[2022-08-05 11:25:26,709] multiqc                                            [DEBUG  ]  No samples found: hisat2
[2022-08-05 11:25:26,714] multiqc                                            [DEBUG  ]  No samples found: tophat
[2022-08-05 11:25:26,719] multiqc                                            [DEBUG  ]  No samples found: bowtie2
[2022-08-05 11:25:26,723] multiqc                                            [DEBUG  ]  No samples found: bowtie1
[2022-08-05 11:25:26,728] multiqc                                            [DEBUG  ]  No samples found: snpsplit
[2022-08-05 11:25:26,733] multiqc                                            [DEBUG  ]  No samples found: odgi
[2022-08-05 11:25:26,738] multiqc                                            [DEBUG  ]  No samples found: pangolin
[2022-08-05 11:25:26,742] multiqc                                            [DEBUG  ]  No samples found: kat
[2022-08-05 11:25:26,746] multiqc                                            [DEBUG  ]  No samples found: leehom
[2022-08-05 11:25:26,752] multiqc                                            [DEBUG  ]  No samples found: adapterRemoval
[2022-08-05 11:25:26,756] multiqc                                            [DEBUG  ]  No samples found: clipandmerge
[2022-08-05 11:25:26,761] multiqc                                            [DEBUG  ]  No samples found: cutadapt
[2022-08-05 11:25:26,766] multiqc                                            [DEBUG  ]  No samples found: flexbar
[2022-08-05 11:25:26,771] multiqc                                            [DEBUG  ]  No samples found: kaiju
[2022-08-05 11:25:26,777] multiqc                                            [DEBUG  ]  No samples found: kraken
[2022-08-05 11:25:26,782] multiqc                                            [DEBUG  ]  No samples found: malt
[2022-08-05 11:25:26,787] multiqc                                            [DEBUG  ]  No samples found: trimmomatic
[2022-08-05 11:25:26,791] multiqc                                            [DEBUG  ]  No samples found: sickle
[2022-08-05 11:25:26,796] multiqc                                            [DEBUG  ]  No samples found: skewer
[2022-08-05 11:25:26,800] multiqc                                            [DEBUG  ]  No samples found: sortmerna
[2022-08-05 11:25:26,804] multiqc                                            [DEBUG  ]  No samples found: biobloomtools
[2022-08-05 11:25:26,809] multiqc                                            [DEBUG  ]  No samples found: fastq_screen
[2022-08-05 11:25:26,814] multiqc                                            [DEBUG  ]  No samples found: afterqc
[2022-08-05 11:25:26,819] multiqc                                            [DEBUG  ]  No samples found: fastp
[2022-08-05 11:25:26,957] multiqc.modules.fastqc.fastqc                      [INFO   ]  Found 4 reports
[2022-08-05 11:25:27,007] multiqc                                            [DEBUG  ]  No samples found: pychopper
[2022-08-05 11:25:27,013] multiqc                                            [DEBUG  ]  No samples found: pycoqc
[2022-08-05 11:25:27,018] multiqc                                            [DEBUG  ]  No samples found: minionqc
[2022-08-05 11:25:27,022] multiqc                                            [DEBUG  ]  No samples found: multivcfanalyzer
[2022-08-05 11:25:27,028] multiqc                                            [DEBUG  ]  No samples found: clusterflow
[2022-08-05 11:25:27,034] multiqc                                            [DEBUG  ]  No samples found: bcl2fastq
[2022-08-05 11:25:27,041] multiqc                                            [DEBUG  ]  No samples found: bclconvert
[2022-08-05 11:25:27,046] multiqc                                            [DEBUG  ]  No samples found: interop
[2022-08-05 11:25:27,051] multiqc                                            [DEBUG  ]  No samples found: ivar
[2022-08-05 11:25:27,056] multiqc                                            [DEBUG  ]  No samples found: flash
[2022-08-05 11:25:27,060] multiqc                                            [DEBUG  ]  No samples found: seqyclean
[2022-08-05 11:25:27,065] multiqc                                            [DEBUG  ]  No samples found: optitype
[2022-08-05 11:25:27,069] multiqc                                            [INFO   ]  Compressing plot data
[2022-08-05 11:25:27,119] multiqc                                            [INFO   ]  Report      : 8154_MGSD_CSIRO.qc.stats/multiqc_report.html
[2022-08-05 11:25:27,119] multiqc                                            [INFO   ]  Data        : 8154_MGSD_CSIRO.qc.stats/multiqc_data
[2022-08-05 11:25:27,119] multiqc                                            [DEBUG  ]  Moving data file from '/tmp/smi9a9.8585626/tmpqwfiafzn/multiqc_data' to '8154_MGSD_CSIRO.qc.stats/multiqc_data'
[2022-08-05 11:25:27,221] multiqc                                            [INFO   ]  MultiQC complete
