[2022-08-05 11:09:11,226] multiqc                                            [DEBUG  ]  This is MultiQC v1.11
[2022-08-05 11:09:11,227] multiqc                                            [DEBUG  ]  No MultiQC config found: /apps/multiqc/1.11/lib/python3.9/site-packages/multiqc_config.yaml
[2022-08-05 11:09:11,227] multiqc                                            [DEBUG  ]  No MultiQC config found: /home/smi9a9/.multiqc_config.yaml
[2022-08-05 11:09:17,617] multiqc                                            [DEBUG  ]  No MultiQC config found: multiqc_config.yaml
[2022-08-05 11:09:17,618] multiqc                                            [DEBUG  ]  Command used: /apps/multiqc/1.11/bin/multiqc ./401668_HL7J5DSX3-1_merged_fastqc.html ./401668_HL7J5DSX3-1_merged_fastqc.zip ./401668_HL7J5DSX3-1_merged.fastq.gz ./401668_HL7J5DSX3-1_R1p_fastqc.html ./401668_HL7J5DSX3-1_R1p_fastqc.zip ./401668_HL7J5DSX3-1_R1p.fastq.gz ./401668_HL7J5DSX3-1_R1R2u_fastqc.html ./401668_HL7J5DSX3-1_R1R2u_fastqc.zip ./401668_HL7J5DSX3-1_R1R2u.fastq.gz ./401668_HL7J5DSX3-1_R2p_fastqc.html ./401668_HL7J5DSX3-1_R2p_fastqc.zip ./401668_HL7J5DSX3-1_R2p.fastq.gz ./401668_QCreads.md5 -o 401668_MGSD_CSIRO.qc.stats
[2022-08-05 11:09:17,620] multiqc                                            [DEBUG  ]  Could not connect to multiqc.info for version check: <urlopen error [Errno 111] Connection refused>
[2022-08-05 11:09:17,620] multiqc                                            [DEBUG  ]  Command     : /apps/multiqc/1.11/bin/multiqc ./401668_HL7J5DSX3-1_merged_fastqc.html ./401668_HL7J5DSX3-1_merged_fastqc.zip ./401668_HL7J5DSX3-1_merged.fastq.gz ./401668_HL7J5DSX3-1_R1p_fastqc.html ./401668_HL7J5DSX3-1_R1p_fastqc.zip ./401668_HL7J5DSX3-1_R1p.fastq.gz ./401668_HL7J5DSX3-1_R1R2u_fastqc.html ./401668_HL7J5DSX3-1_R1R2u_fastqc.zip ./401668_HL7J5DSX3-1_R1R2u.fastq.gz ./401668_HL7J5DSX3-1_R2p_fastqc.html ./401668_HL7J5DSX3-1_R2p_fastqc.zip ./401668_HL7J5DSX3-1_R2p.fastq.gz ./401668_QCreads.md5 -o 401668_MGSD_CSIRO.qc.stats
[2022-08-05 11:09:17,620] multiqc                                            [DEBUG  ]  Working dir : /datasets/work/oa-amd/work/amd/Metagenome_QC_reads
[2022-08-05 11:09:17,620] multiqc                                            [DEBUG  ]  Template    : default
[2022-08-05 11:09:17,620] multiqc                                            [DEBUG  ]  Running Python 3.9.4 (default, Apr 25 2021, 16:13:27)  [GCC 10.3.0]
[2022-08-05 11:09:17,620] multiqc                                            [DEBUG  ]  Analysing modules: custom_content, ccs, ngsderive, purple, conpair, lima, peddy, somalier, methylQA, mosdepth, phantompeakqualtools, qualimap, preseq, quast, qorts, rna_seqc, rockhopper, rsem, rseqc, busco, bustools, goleft_indexcov, gffcompare, disambiguate, supernova, deeptools, sargasso, verifybamid, mirtrace, happy, mirtop, sambamba, homer, hops, macs2, theta2, snpeff, gatk, htseq, bcftools, featureCounts, fgbio, dragen, dedup, damageprofiler, biobambam2, jcvi, mtnucratio, picard, vep, sentieon, prokka, qc3C, nanostat, samblaster, samtools, sexdeterrmine, eigenstratdatabasetools, bamtools, jellyfish, vcftools, longranger, stacks, varscan2, snippy, bbmap, bismark, biscuit, hicexplorer, hicup, hicpro, salmon, kallisto, slamdunk, star, hisat2, tophat, bowtie2, bowtie1, snpsplit, odgi, pangolin, kat, leehom, adapterRemoval, clipandmerge, cutadapt, flexbar, kaiju, kraken, malt, trimmomatic, sickle, skewer, sortmerna, biobloomtools, fastq_screen, afterqc, fastp, fastqc, pychopper, pycoqc, minionqc, multivcfanalyzer, clusterflow, bcl2fastq, bclconvert, interop, ivar, flash, seqyclean, optitype
[2022-08-05 11:09:17,620] multiqc                                            [DEBUG  ]  Using temporary directory for creating report: /tmp/smi9a9.8585445/tmpprz6y49a
[2022-08-05 11:09:17,681] multiqc                                            [INFO   ]  Search path : /datasets/work/oa-amd/work/amd/Metagenome_QC_reads/401668_HL7J5DSX3-1_merged_fastqc.html
[2022-08-05 11:09:17,681] multiqc                                            [INFO   ]  Search path : /datasets/work/oa-amd/work/amd/Metagenome_QC_reads/401668_HL7J5DSX3-1_merged_fastqc.zip
[2022-08-05 11:09:17,681] multiqc                                            [INFO   ]  Search path : /datasets/work/oa-amd/work/amd/Metagenome_QC_reads/401668_HL7J5DSX3-1_merged.fastq.gz
[2022-08-05 11:09:17,681] multiqc                                            [INFO   ]  Search path : /datasets/work/oa-amd/work/amd/Metagenome_QC_reads/401668_HL7J5DSX3-1_R1p_fastqc.html
[2022-08-05 11:09:17,681] multiqc                                            [INFO   ]  Search path : /datasets/work/oa-amd/work/amd/Metagenome_QC_reads/401668_HL7J5DSX3-1_R1p_fastqc.zip
[2022-08-05 11:09:17,681] multiqc                                            [INFO   ]  Search path : /datasets/work/oa-amd/work/amd/Metagenome_QC_reads/401668_HL7J5DSX3-1_R1p.fastq.gz
[2022-08-05 11:09:17,681] multiqc                                            [INFO   ]  Search path : /datasets/work/oa-amd/work/amd/Metagenome_QC_reads/401668_HL7J5DSX3-1_R1R2u_fastqc.html
[2022-08-05 11:09:17,681] multiqc                                            [INFO   ]  Search path : /datasets/work/oa-amd/work/amd/Metagenome_QC_reads/401668_HL7J5DSX3-1_R1R2u_fastqc.zip
[2022-08-05 11:09:17,681] multiqc                                            [INFO   ]  Search path : /datasets/work/oa-amd/work/amd/Metagenome_QC_reads/401668_HL7J5DSX3-1_R1R2u.fastq.gz
[2022-08-05 11:09:17,681] multiqc                                            [INFO   ]  Search path : /datasets/work/oa-amd/work/amd/Metagenome_QC_reads/401668_HL7J5DSX3-1_R2p_fastqc.html
[2022-08-05 11:09:17,681] multiqc                                            [INFO   ]  Search path : /datasets/work/oa-amd/work/amd/Metagenome_QC_reads/401668_HL7J5DSX3-1_R2p_fastqc.zip
[2022-08-05 11:09:17,681] multiqc                                            [INFO   ]  Search path : /datasets/work/oa-amd/work/amd/Metagenome_QC_reads/401668_HL7J5DSX3-1_R2p.fastq.gz
[2022-08-05 11:09:17,682] multiqc                                            [INFO   ]  Search path : /datasets/work/oa-amd/work/amd/Metagenome_QC_reads/401668_QCreads.md5
[2022-08-05 11:09:17,821] multiqc                                            [DEBUG  ]  File ignored by ccs/v4 because it exceeded search pattern filesize limit: 401668_HL7J5DSX3-1_merged_fastqc.html
[2022-08-05 11:09:18,316] multiqc                                            [DEBUG  ]  File ignored by hicexplorer because it exceeded search pattern filesize limit: 401668_HL7J5DSX3-1_merged_fastqc.html
[2022-08-05 11:09:18,317] multiqc                                            [DEBUG  ]  File ignored by nanostat because it exceeded search pattern filesize limit: 401668_HL7J5DSX3-1_merged_fastqc.html
[2022-08-05 11:09:18,317] multiqc                                            [DEBUG  ]  File ignored by lima/summary because it exceeded search pattern filesize limit: 401668_HL7J5DSX3-1_merged_fastqc.html
[2022-08-05 11:09:18,348] multiqc                                            [DEBUG  ]  File ignored by vep/vep_txt because it exceeded search pattern filesize limit: 401668_HL7J5DSX3-1_merged_fastqc.html
[2022-08-05 11:09:18,348] multiqc                                            [DEBUG  ]  File ignored by longranger/invocation because it exceeded search pattern filesize limit: 401668_HL7J5DSX3-1_merged_fastqc.html
[2022-08-05 11:09:18,348] multiqc                                            [DEBUG  ]  File ignored by rockhopper because it exceeded search pattern filesize limit: 401668_HL7J5DSX3-1_merged_fastqc.html
[2022-08-05 11:09:18,348] multiqc                                            [DEBUG  ]  File ignored by rseqc/bam_stat because it exceeded search pattern filesize limit: 401668_HL7J5DSX3-1_merged_fastqc.html
[2022-08-05 11:09:18,348] multiqc                                            [DEBUG  ]  File ignored by rseqc/junction_annotation because it exceeded search pattern filesize limit: 401668_HL7J5DSX3-1_merged_fastqc.html
[2022-08-05 11:09:18,348] multiqc                                            [DEBUG  ]  File ignored by rseqc/read_distribution because it exceeded search pattern filesize limit: 401668_HL7J5DSX3-1_merged_fastqc.html
[2022-08-05 11:09:18,348] multiqc                                            [DEBUG  ]  File ignored by rseqc/infer_experiment because it exceeded search pattern filesize limit: 401668_HL7J5DSX3-1_merged_fastqc.html
[2022-08-05 11:09:18,741] multiqc                                            [DEBUG  ]  Ignoring file as matched an ignore pattern: 401668_HL7J5DSX3-1_merged.fastq.gz
[2022-08-05 11:09:19,363] multiqc                                            [DEBUG  ]  File ignored by ccs/v4 because it exceeded search pattern filesize limit: 401668_HL7J5DSX3-1_R1p_fastqc.html
[2022-08-05 11:09:19,372] multiqc                                            [DEBUG  ]  File ignored by hicexplorer because it exceeded search pattern filesize limit: 401668_HL7J5DSX3-1_R1p_fastqc.html
[2022-08-05 11:09:19,373] multiqc                                            [DEBUG  ]  File ignored by nanostat because it exceeded search pattern filesize limit: 401668_HL7J5DSX3-1_R1p_fastqc.html
[2022-08-05 11:09:19,373] multiqc                                            [DEBUG  ]  File ignored by lima/summary because it exceeded search pattern filesize limit: 401668_HL7J5DSX3-1_R1p_fastqc.html
[2022-08-05 11:09:19,390] multiqc                                            [DEBUG  ]  File ignored by vep/vep_txt because it exceeded search pattern filesize limit: 401668_HL7J5DSX3-1_R1p_fastqc.html
[2022-08-05 11:09:19,390] multiqc                                            [DEBUG  ]  File ignored by longranger/invocation because it exceeded search pattern filesize limit: 401668_HL7J5DSX3-1_R1p_fastqc.html
[2022-08-05 11:09:19,390] multiqc                                            [DEBUG  ]  File ignored by rockhopper because it exceeded search pattern filesize limit: 401668_HL7J5DSX3-1_R1p_fastqc.html
[2022-08-05 11:09:19,390] multiqc                                            [DEBUG  ]  File ignored by rseqc/bam_stat because it exceeded search pattern filesize limit: 401668_HL7J5DSX3-1_R1p_fastqc.html
[2022-08-05 11:09:19,390] multiqc                                            [DEBUG  ]  File ignored by rseqc/junction_annotation because it exceeded search pattern filesize limit: 401668_HL7J5DSX3-1_R1p_fastqc.html
[2022-08-05 11:09:19,390] multiqc                                            [DEBUG  ]  File ignored by rseqc/read_distribution because it exceeded search pattern filesize limit: 401668_HL7J5DSX3-1_R1p_fastqc.html
[2022-08-05 11:09:19,390] multiqc                                            [DEBUG  ]  File ignored by rseqc/infer_experiment because it exceeded search pattern filesize limit: 401668_HL7J5DSX3-1_R1p_fastqc.html
[2022-08-05 11:09:20,013] multiqc                                            [DEBUG  ]  Ignoring file as matched an ignore pattern: 401668_HL7J5DSX3-1_R1p.fastq.gz
[2022-08-05 11:09:20,610] multiqc                                            [DEBUG  ]  File ignored by ccs/v4 because it exceeded search pattern filesize limit: 401668_HL7J5DSX3-1_R1R2u_fastqc.html
[2022-08-05 11:09:20,621] multiqc                                            [DEBUG  ]  File ignored by hicexplorer because it exceeded search pattern filesize limit: 401668_HL7J5DSX3-1_R1R2u_fastqc.html
[2022-08-05 11:09:20,622] multiqc                                            [DEBUG  ]  File ignored by nanostat because it exceeded search pattern filesize limit: 401668_HL7J5DSX3-1_R1R2u_fastqc.html
[2022-08-05 11:09:20,622] multiqc                                            [DEBUG  ]  File ignored by lima/summary because it exceeded search pattern filesize limit: 401668_HL7J5DSX3-1_R1R2u_fastqc.html
[2022-08-05 11:09:20,650] multiqc                                            [DEBUG  ]  File ignored by vep/vep_txt because it exceeded search pattern filesize limit: 401668_HL7J5DSX3-1_R1R2u_fastqc.html
[2022-08-05 11:09:20,650] multiqc                                            [DEBUG  ]  File ignored by longranger/invocation because it exceeded search pattern filesize limit: 401668_HL7J5DSX3-1_R1R2u_fastqc.html
[2022-08-05 11:09:20,650] multiqc                                            [DEBUG  ]  File ignored by rockhopper because it exceeded search pattern filesize limit: 401668_HL7J5DSX3-1_R1R2u_fastqc.html
[2022-08-05 11:09:20,651] multiqc                                            [DEBUG  ]  File ignored by rseqc/bam_stat because it exceeded search pattern filesize limit: 401668_HL7J5DSX3-1_R1R2u_fastqc.html
[2022-08-05 11:09:20,651] multiqc                                            [DEBUG  ]  File ignored by rseqc/junction_annotation because it exceeded search pattern filesize limit: 401668_HL7J5DSX3-1_R1R2u_fastqc.html
[2022-08-05 11:09:20,651] multiqc                                            [DEBUG  ]  File ignored by rseqc/read_distribution because it exceeded search pattern filesize limit: 401668_HL7J5DSX3-1_R1R2u_fastqc.html
[2022-08-05 11:09:20,651] multiqc                                            [DEBUG  ]  File ignored by rseqc/infer_experiment because it exceeded search pattern filesize limit: 401668_HL7J5DSX3-1_R1R2u_fastqc.html
[2022-08-05 11:09:20,732] multiqc                                            [DEBUG  ]  Ignoring file as matched an ignore pattern: 401668_HL7J5DSX3-1_R1R2u.fastq.gz
[2022-08-05 11:09:20,778] multiqc                                            [DEBUG  ]  File ignored by ccs/v4 because it exceeded search pattern filesize limit: 401668_HL7J5DSX3-1_R2p_fastqc.html
[2022-08-05 11:09:20,790] multiqc                                            [DEBUG  ]  File ignored by hicexplorer because it exceeded search pattern filesize limit: 401668_HL7J5DSX3-1_R2p_fastqc.html
[2022-08-05 11:09:20,790] multiqc                                            [DEBUG  ]  File ignored by nanostat because it exceeded search pattern filesize limit: 401668_HL7J5DSX3-1_R2p_fastqc.html
[2022-08-05 11:09:20,791] multiqc                                            [DEBUG  ]  File ignored by lima/summary because it exceeded search pattern filesize limit: 401668_HL7J5DSX3-1_R2p_fastqc.html
[2022-08-05 11:09:20,816] multiqc                                            [DEBUG  ]  File ignored by vep/vep_txt because it exceeded search pattern filesize limit: 401668_HL7J5DSX3-1_R2p_fastqc.html
[2022-08-05 11:09:20,816] multiqc                                            [DEBUG  ]  File ignored by longranger/invocation because it exceeded search pattern filesize limit: 401668_HL7J5DSX3-1_R2p_fastqc.html
[2022-08-05 11:09:20,816] multiqc                                            [DEBUG  ]  File ignored by rockhopper because it exceeded search pattern filesize limit: 401668_HL7J5DSX3-1_R2p_fastqc.html
[2022-08-05 11:09:20,816] multiqc                                            [DEBUG  ]  File ignored by rseqc/bam_stat because it exceeded search pattern filesize limit: 401668_HL7J5DSX3-1_R2p_fastqc.html
[2022-08-05 11:09:20,816] multiqc                                            [DEBUG  ]  File ignored by rseqc/junction_annotation because it exceeded search pattern filesize limit: 401668_HL7J5DSX3-1_R2p_fastqc.html
[2022-08-05 11:09:20,816] multiqc                                            [DEBUG  ]  File ignored by rseqc/read_distribution because it exceeded search pattern filesize limit: 401668_HL7J5DSX3-1_R2p_fastqc.html
[2022-08-05 11:09:20,816] multiqc                                            [DEBUG  ]  File ignored by rseqc/infer_experiment because it exceeded search pattern filesize limit: 401668_HL7J5DSX3-1_R2p_fastqc.html
[2022-08-05 11:09:20,896] multiqc                                            [DEBUG  ]  Ignoring file as matched an ignore pattern: 401668_HL7J5DSX3-1_R2p.fastq.gz
[2022-08-05 11:09:20,896] multiqc                                            [DEBUG  ]  Ignoring file as matched an ignore pattern: 401668_QCreads.md5
[2022-08-05 11:09:23,737] multiqc.plots.bargraph                             [DEBUG  ]  Using matplotlib version 3.3.4
[2022-08-05 11:09:23,742] multiqc.plots.linegraph                            [DEBUG  ]  Using matplotlib version 3.3.4
[2022-08-05 11:09:23,748] multiqc                                            [DEBUG  ]  No samples found: custom_content
[2022-08-05 11:09:23,753] multiqc                                            [DEBUG  ]  No samples found: ccs
[2022-08-05 11:09:23,758] multiqc                                            [DEBUG  ]  No samples found: ngsderive
[2022-08-05 11:09:23,762] multiqc                                            [DEBUG  ]  No samples found: purple
[2022-08-05 11:09:23,766] multiqc                                            [DEBUG  ]  No samples found: conpair
[2022-08-05 11:09:23,771] multiqc                                            [DEBUG  ]  No samples found: lima
[2022-08-05 11:09:23,776] multiqc                                            [DEBUG  ]  No samples found: peddy
[2022-08-05 11:09:23,782] multiqc                                            [DEBUG  ]  No samples found: somalier
[2022-08-05 11:09:23,786] multiqc                                            [DEBUG  ]  No samples found: methylQA
[2022-08-05 11:09:23,796] multiqc.modules.mosdepth.mosdepth                  [DEBUG  ]  include_contigs: []
[2022-08-05 11:09:23,796] multiqc.modules.mosdepth.mosdepth                  [DEBUG  ]  exclude_contigs: []
[2022-08-05 11:09:23,796] multiqc                                            [DEBUG  ]  No samples found: mosdepth
[2022-08-05 11:09:23,800] multiqc                                            [DEBUG  ]  No samples found: phantompeakqualtools
[2022-08-05 11:09:23,803] multiqc                                            [DEBUG  ]  No samples found: qualimap
[2022-08-05 11:09:23,809] multiqc                                            [DEBUG  ]  No samples found: preseq
[2022-08-05 11:09:23,814] multiqc                                            [DEBUG  ]  No samples found: quast
[2022-08-05 11:09:23,818] multiqc                                            [DEBUG  ]  No samples found: qorts
[2022-08-05 11:09:23,824] multiqc                                            [DEBUG  ]  No samples found: rna_seqc
[2022-08-05 11:09:23,834] multiqc                                            [DEBUG  ]  No samples found: rockhopper
[2022-08-05 11:09:23,838] multiqc                                            [DEBUG  ]  No samples found: rsem
[2022-08-05 11:09:23,855] multiqc                                            [DEBUG  ]  No samples found: rseqc
[2022-08-05 11:09:23,859] multiqc                                            [DEBUG  ]  No samples found: busco
[2022-08-05 11:09:24,340] multiqc                                            [DEBUG  ]  No samples found: bustools
[2022-08-05 11:09:24,346] multiqc                                            [DEBUG  ]  No samples found: goleft_indexcov
[2022-08-05 11:09:24,351] multiqc                                            [DEBUG  ]  No samples found: gffcompare
[2022-08-05 11:09:24,355] multiqc                                            [DEBUG  ]  No samples found: disambiguate
[2022-08-05 11:09:24,361] multiqc                                            [DEBUG  ]  No samples found: supernova
[2022-08-05 11:09:24,376] multiqc                                            [DEBUG  ]  No samples found: deeptools
[2022-08-05 11:09:24,381] multiqc                                            [DEBUG  ]  No samples found: sargasso
[2022-08-05 11:09:24,386] multiqc                                            [DEBUG  ]  No samples found: verifybamid
[2022-08-05 11:09:24,392] multiqc                                            [DEBUG  ]  No samples found: mirtrace
[2022-08-05 11:09:24,396] multiqc                                            [DEBUG  ]  No samples found: happy
[2022-08-05 11:09:24,400] multiqc                                            [DEBUG  ]  No samples found: mirtop
[2022-08-05 11:09:24,405] multiqc                                            [DEBUG  ]  No samples found: sambamba
[2022-08-05 11:09:24,413] multiqc                                            [DEBUG  ]  No samples found: homer
[2022-08-05 11:09:24,418] multiqc                                            [DEBUG  ]  No samples found: hops
[2022-08-05 11:09:24,422] multiqc                                            [DEBUG  ]  No samples found: macs2
[2022-08-05 11:09:24,426] multiqc                                            [DEBUG  ]  No samples found: theta2
[2022-08-05 11:09:24,430] multiqc                                            [DEBUG  ]  No samples found: snpeff
[2022-08-05 11:09:24,438] multiqc                                            [DEBUG  ]  No samples found: gatk
[2022-08-05 11:09:24,443] multiqc                                            [DEBUG  ]  No samples found: htseq
[2022-08-05 11:09:24,449] multiqc                                            [DEBUG  ]  No samples found: bcftools
[2022-08-05 11:09:24,452] multiqc                                            [DEBUG  ]  No samples found: featureCounts
[2022-08-05 11:09:24,458] multiqc                                            [DEBUG  ]  No samples found: fgbio
[2022-08-05 11:09:24,475] multiqc                                            [DEBUG  ]  No samples found: dragen
[2022-08-05 11:09:24,479] multiqc                                            [DEBUG  ]  No samples found: dedup
[2022-08-05 11:09:24,483] multiqc                                            [DEBUG  ]  No samples found: damageprofiler
[2022-08-05 11:09:24,518] multiqc                                            [DEBUG  ]  No samples found: biobambam2
[2022-08-05 11:09:24,524] multiqc                                            [DEBUG  ]  No samples found: jcvi
[2022-08-05 11:09:24,528] multiqc                                            [DEBUG  ]  No samples found: mtnucratio
[2022-08-05 11:09:24,530] multiqc                                            [DEBUG  ]  No samples found: picard
[2022-08-05 11:09:24,535] multiqc                                            [DEBUG  ]  No samples found: vep
[2022-08-05 11:09:24,543] multiqc                                            [DEBUG  ]  No samples found: sentieon
[2022-08-05 11:09:24,547] multiqc                                            [DEBUG  ]  No samples found: prokka
[2022-08-05 11:09:24,554] multiqc                                            [DEBUG  ]  No samples found: qc3C
[2022-08-05 11:09:24,558] multiqc                                            [DEBUG  ]  No samples found: nanostat
[2022-08-05 11:09:24,563] multiqc                                            [DEBUG  ]  No samples found: samblaster
[2022-08-05 11:09:24,572] multiqc                                            [DEBUG  ]  No samples found: samtools
[2022-08-05 11:09:24,577] multiqc                                            [DEBUG  ]  No samples found: sexdeterrmine
[2022-08-05 11:09:24,581] multiqc                                            [DEBUG  ]  No samples found: eigenstratdatabasetools
[2022-08-05 11:09:24,586] multiqc                                            [DEBUG  ]  No samples found: bamtools
[2022-08-05 11:09:24,591] multiqc                                            [DEBUG  ]  No samples found: jellyfish
[2022-08-05 11:09:24,598] multiqc                                            [DEBUG  ]  No samples found: vcftools
[2022-08-05 11:09:24,604] multiqc                                            [DEBUG  ]  No samples found: longranger
[2022-08-05 11:09:24,608] multiqc                                            [DEBUG  ]  No samples found: stacks
[2022-08-05 11:09:24,613] multiqc                                            [DEBUG  ]  No samples found: varscan2
[2022-08-05 11:09:24,618] multiqc                                            [DEBUG  ]  No samples found: snippy
[2022-08-05 11:09:24,635] multiqc                                            [DEBUG  ]  No samples found: bbmap
[2022-08-05 11:09:24,640] multiqc                                            [DEBUG  ]  No samples found: bismark
[2022-08-05 11:09:24,648] multiqc                                            [DEBUG  ]  No samples found: biscuit
[2022-08-05 11:09:24,652] multiqc                                            [DEBUG  ]  No samples found: hicexplorer
[2022-08-05 11:09:24,657] multiqc                                            [DEBUG  ]  No samples found: hicup
[2022-08-05 11:09:24,662] multiqc                                            [DEBUG  ]  No samples found: hicpro
[2022-08-05 11:09:24,666] multiqc                                            [DEBUG  ]  No samples found: salmon
[2022-08-05 11:09:24,670] multiqc                                            [DEBUG  ]  No samples found: kallisto
[2022-08-05 11:09:24,676] multiqc                                            [DEBUG  ]  No samples found: slamdunk
[2022-08-05 11:09:24,681] multiqc                                            [DEBUG  ]  No samples found: star
[2022-08-05 11:09:24,685] multiqc                                            [DEBUG  ]  No samples found: hisat2
[2022-08-05 11:09:24,688] multiqc                                            [DEBUG  ]  No samples found: tophat
[2022-08-05 11:09:24,692] multiqc                                            [DEBUG  ]  No samples found: bowtie2
[2022-08-05 11:09:24,696] multiqc                                            [DEBUG  ]  No samples found: bowtie1
[2022-08-05 11:09:24,701] multiqc                                            [DEBUG  ]  No samples found: snpsplit
[2022-08-05 11:09:24,705] multiqc                                            [DEBUG  ]  No samples found: odgi
[2022-08-05 11:09:24,709] multiqc                                            [DEBUG  ]  No samples found: pangolin
[2022-08-05 11:09:24,713] multiqc                                            [DEBUG  ]  No samples found: kat
[2022-08-05 11:09:24,717] multiqc                                            [DEBUG  ]  No samples found: leehom
[2022-08-05 11:09:24,722] multiqc                                            [DEBUG  ]  No samples found: adapterRemoval
[2022-08-05 11:09:24,726] multiqc                                            [DEBUG  ]  No samples found: clipandmerge
[2022-08-05 11:09:24,730] multiqc                                            [DEBUG  ]  No samples found: cutadapt
[2022-08-05 11:09:24,734] multiqc                                            [DEBUG  ]  No samples found: flexbar
[2022-08-05 11:09:24,739] multiqc                                            [DEBUG  ]  No samples found: kaiju
[2022-08-05 11:09:24,744] multiqc                                            [DEBUG  ]  No samples found: kraken
[2022-08-05 11:09:24,748] multiqc                                            [DEBUG  ]  No samples found: malt
[2022-08-05 11:09:24,753] multiqc                                            [DEBUG  ]  No samples found: trimmomatic
[2022-08-05 11:09:24,756] multiqc                                            [DEBUG  ]  No samples found: sickle
[2022-08-05 11:09:24,760] multiqc                                            [DEBUG  ]  No samples found: skewer
[2022-08-05 11:09:24,765] multiqc                                            [DEBUG  ]  No samples found: sortmerna
[2022-08-05 11:09:24,769] multiqc                                            [DEBUG  ]  No samples found: biobloomtools
[2022-08-05 11:09:24,773] multiqc                                            [DEBUG  ]  No samples found: fastq_screen
[2022-08-05 11:09:24,778] multiqc                                            [DEBUG  ]  No samples found: afterqc
[2022-08-05 11:09:24,783] multiqc                                            [DEBUG  ]  No samples found: fastp
[2022-08-05 11:09:26,584] multiqc.modules.fastqc.fastqc                      [INFO   ]  Found 4 reports
[2022-08-05 11:09:26,631] multiqc                                            [DEBUG  ]  No samples found: pychopper
[2022-08-05 11:09:26,636] multiqc                                            [DEBUG  ]  No samples found: pycoqc
[2022-08-05 11:09:26,642] multiqc                                            [DEBUG  ]  No samples found: minionqc
[2022-08-05 11:09:26,646] multiqc                                            [DEBUG  ]  No samples found: multivcfanalyzer
[2022-08-05 11:09:26,651] multiqc                                            [DEBUG  ]  No samples found: clusterflow
[2022-08-05 11:09:26,656] multiqc                                            [DEBUG  ]  No samples found: bcl2fastq
[2022-08-05 11:09:26,662] multiqc                                            [DEBUG  ]  No samples found: bclconvert
[2022-08-05 11:09:26,667] multiqc                                            [DEBUG  ]  No samples found: interop
[2022-08-05 11:09:26,671] multiqc                                            [DEBUG  ]  No samples found: ivar
[2022-08-05 11:09:26,676] multiqc                                            [DEBUG  ]  No samples found: flash
[2022-08-05 11:09:26,680] multiqc                                            [DEBUG  ]  No samples found: seqyclean
[2022-08-05 11:09:26,684] multiqc                                            [DEBUG  ]  No samples found: optitype
[2022-08-05 11:09:26,688] multiqc                                            [INFO   ]  Compressing plot data
[2022-08-05 11:09:27,527] multiqc                                            [INFO   ]  Report      : 401668_MGSD_CSIRO.qc.stats/multiqc_report.html
[2022-08-05 11:09:27,527] multiqc                                            [INFO   ]  Data        : 401668_MGSD_CSIRO.qc.stats/multiqc_data
[2022-08-05 11:09:27,527] multiqc                                            [DEBUG  ]  Moving data file from '/tmp/smi9a9.8585445/tmpprz6y49a/multiqc_data' to '401668_MGSD_CSIRO.qc.stats/multiqc_data'
[2022-08-05 11:09:28,785] multiqc                                            [INFO   ]  MultiQC complete
