[2022-08-05 11:04:57,523] multiqc                                            [DEBUG  ]  This is MultiQC v1.11
[2022-08-05 11:04:57,524] multiqc                                            [DEBUG  ]  No MultiQC config found: /apps/multiqc/1.11/lib/python3.9/site-packages/multiqc_config.yaml
[2022-08-05 11:04:57,524] multiqc                                            [DEBUG  ]  No MultiQC config found: /home/smi9a9/.multiqc_config.yaml
[2022-08-05 11:04:57,524] multiqc                                            [DEBUG  ]  No MultiQC config found: multiqc_config.yaml
[2022-08-05 11:04:57,524] multiqc                                            [DEBUG  ]  Command used: /apps/multiqc/1.11/bin/multiqc ./19503_combined_merged_fastqc.html ./19503_combined_merged_fastqc.zip ./19503_combined_merged.fastq.gz ./19503_combined_R1p_fastqc.html ./19503_combined_R1p_fastqc.zip ./19503_combined_R1p.fastq.gz ./19503_combined_R1R2u_fastqc.html ./19503_combined_R1R2u_fastqc.zip ./19503_combined_R1R2u.fastq.gz ./19503_combined_R2p_fastqc.html ./19503_combined_R2p_fastqc.zip ./19503_combined_R2p.fastq.gz ./19503_QCreads.md5 -o 19503_MGSD_CSIRO.qc.stats
[2022-08-05 11:04:57,527] multiqc                                            [DEBUG  ]  Could not connect to multiqc.info for version check: <urlopen error [Errno 111] Connection refused>
[2022-08-05 11:04:57,527] multiqc                                            [DEBUG  ]  Command     : /apps/multiqc/1.11/bin/multiqc ./19503_combined_merged_fastqc.html ./19503_combined_merged_fastqc.zip ./19503_combined_merged.fastq.gz ./19503_combined_R1p_fastqc.html ./19503_combined_R1p_fastqc.zip ./19503_combined_R1p.fastq.gz ./19503_combined_R1R2u_fastqc.html ./19503_combined_R1R2u_fastqc.zip ./19503_combined_R1R2u.fastq.gz ./19503_combined_R2p_fastqc.html ./19503_combined_R2p_fastqc.zip ./19503_combined_R2p.fastq.gz ./19503_QCreads.md5 -o 19503_MGSD_CSIRO.qc.stats
[2022-08-05 11:04:57,527] multiqc                                            [DEBUG  ]  Working dir : /datasets/work/oa-amd/work/amd/Metagenome_QC_reads
[2022-08-05 11:04:57,527] multiqc                                            [DEBUG  ]  Template    : default
[2022-08-05 11:04:57,527] multiqc                                            [DEBUG  ]  Running Python 3.9.4 (default, Apr 25 2021, 16:13:27)  [GCC 10.3.0]
[2022-08-05 11:04:57,527] multiqc                                            [DEBUG  ]  Analysing modules: custom_content, ccs, ngsderive, purple, conpair, lima, peddy, somalier, methylQA, mosdepth, phantompeakqualtools, qualimap, preseq, quast, qorts, rna_seqc, rockhopper, rsem, rseqc, busco, bustools, goleft_indexcov, gffcompare, disambiguate, supernova, deeptools, sargasso, verifybamid, mirtrace, happy, mirtop, sambamba, homer, hops, macs2, theta2, snpeff, gatk, htseq, bcftools, featureCounts, fgbio, dragen, dedup, damageprofiler, biobambam2, jcvi, mtnucratio, picard, vep, sentieon, prokka, qc3C, nanostat, samblaster, samtools, sexdeterrmine, eigenstratdatabasetools, bamtools, jellyfish, vcftools, longranger, stacks, varscan2, snippy, bbmap, bismark, biscuit, hicexplorer, hicup, hicpro, salmon, kallisto, slamdunk, star, hisat2, tophat, bowtie2, bowtie1, snpsplit, odgi, pangolin, kat, leehom, adapterRemoval, clipandmerge, cutadapt, flexbar, kaiju, kraken, malt, trimmomatic, sickle, skewer, sortmerna, biobloomtools, fastq_screen, afterqc, fastp, fastqc, pychopper, pycoqc, minionqc, multivcfanalyzer, clusterflow, bcl2fastq, bclconvert, interop, ivar, flash, seqyclean, optitype
[2022-08-05 11:04:57,527] multiqc                                            [DEBUG  ]  Using temporary directory for creating report: /tmp/smi9a9.8584852/tmp5b6b3od0
[2022-08-05 11:04:57,587] multiqc                                            [INFO   ]  Search path : /datasets/work/oa-amd/work/amd/Metagenome_QC_reads/19503_combined_merged_fastqc.html
[2022-08-05 11:04:57,588] multiqc                                            [INFO   ]  Search path : /datasets/work/oa-amd/work/amd/Metagenome_QC_reads/19503_combined_merged_fastqc.zip
[2022-08-05 11:04:57,588] multiqc                                            [INFO   ]  Search path : /datasets/work/oa-amd/work/amd/Metagenome_QC_reads/19503_combined_merged.fastq.gz
[2022-08-05 11:04:57,588] multiqc                                            [INFO   ]  Search path : /datasets/work/oa-amd/work/amd/Metagenome_QC_reads/19503_combined_R1p_fastqc.html
[2022-08-05 11:04:57,588] multiqc                                            [INFO   ]  Search path : /datasets/work/oa-amd/work/amd/Metagenome_QC_reads/19503_combined_R1p_fastqc.zip
[2022-08-05 11:04:57,588] multiqc                                            [INFO   ]  Search path : /datasets/work/oa-amd/work/amd/Metagenome_QC_reads/19503_combined_R1p.fastq.gz
[2022-08-05 11:04:57,588] multiqc                                            [INFO   ]  Search path : /datasets/work/oa-amd/work/amd/Metagenome_QC_reads/19503_combined_R1R2u_fastqc.html
[2022-08-05 11:04:57,588] multiqc                                            [INFO   ]  Search path : /datasets/work/oa-amd/work/amd/Metagenome_QC_reads/19503_combined_R1R2u_fastqc.zip
[2022-08-05 11:04:57,588] multiqc                                            [INFO   ]  Search path : /datasets/work/oa-amd/work/amd/Metagenome_QC_reads/19503_combined_R1R2u.fastq.gz
[2022-08-05 11:04:57,588] multiqc                                            [INFO   ]  Search path : /datasets/work/oa-amd/work/amd/Metagenome_QC_reads/19503_combined_R2p_fastqc.html
[2022-08-05 11:04:57,588] multiqc                                            [INFO   ]  Search path : /datasets/work/oa-amd/work/amd/Metagenome_QC_reads/19503_combined_R2p_fastqc.zip
[2022-08-05 11:04:57,588] multiqc                                            [INFO   ]  Search path : /datasets/work/oa-amd/work/amd/Metagenome_QC_reads/19503_combined_R2p.fastq.gz
[2022-08-05 11:04:57,588] multiqc                                            [INFO   ]  Search path : /datasets/work/oa-amd/work/amd/Metagenome_QC_reads/19503_QCreads.md5
[2022-08-05 11:04:58,264] multiqc                                            [DEBUG  ]  File ignored by ccs/v4 because it exceeded search pattern filesize limit: 19503_combined_merged_fastqc.html
[2022-08-05 11:04:58,281] multiqc                                            [DEBUG  ]  File ignored by hicexplorer because it exceeded search pattern filesize limit: 19503_combined_merged_fastqc.html
[2022-08-05 11:04:58,282] multiqc                                            [DEBUG  ]  File ignored by nanostat because it exceeded search pattern filesize limit: 19503_combined_merged_fastqc.html
[2022-08-05 11:04:58,282] multiqc                                            [DEBUG  ]  File ignored by lima/summary because it exceeded search pattern filesize limit: 19503_combined_merged_fastqc.html
[2022-08-05 11:04:58,300] multiqc                                            [DEBUG  ]  File ignored by vep/vep_txt because it exceeded search pattern filesize limit: 19503_combined_merged_fastqc.html
[2022-08-05 11:04:58,300] multiqc                                            [DEBUG  ]  File ignored by longranger/invocation because it exceeded search pattern filesize limit: 19503_combined_merged_fastqc.html
[2022-08-05 11:04:58,300] multiqc                                            [DEBUG  ]  File ignored by rockhopper because it exceeded search pattern filesize limit: 19503_combined_merged_fastqc.html
[2022-08-05 11:04:58,300] multiqc                                            [DEBUG  ]  File ignored by rseqc/bam_stat because it exceeded search pattern filesize limit: 19503_combined_merged_fastqc.html
[2022-08-05 11:04:58,300] multiqc                                            [DEBUG  ]  File ignored by rseqc/junction_annotation because it exceeded search pattern filesize limit: 19503_combined_merged_fastqc.html
[2022-08-05 11:04:58,300] multiqc                                            [DEBUG  ]  File ignored by rseqc/read_distribution because it exceeded search pattern filesize limit: 19503_combined_merged_fastqc.html
[2022-08-05 11:04:58,300] multiqc                                            [DEBUG  ]  File ignored by rseqc/infer_experiment because it exceeded search pattern filesize limit: 19503_combined_merged_fastqc.html
[2022-08-05 11:04:58,516] multiqc                                            [DEBUG  ]  Ignoring file as matched an ignore pattern: 19503_combined_merged.fastq.gz
[2022-08-05 11:04:58,616] multiqc                                            [DEBUG  ]  File ignored by ccs/v4 because it exceeded search pattern filesize limit: 19503_combined_R1p_fastqc.html
[2022-08-05 11:04:58,683] multiqc                                            [DEBUG  ]  File ignored by hicexplorer because it exceeded search pattern filesize limit: 19503_combined_R1p_fastqc.html
[2022-08-05 11:04:58,686] multiqc                                            [DEBUG  ]  File ignored by nanostat because it exceeded search pattern filesize limit: 19503_combined_R1p_fastqc.html
[2022-08-05 11:04:58,686] multiqc                                            [DEBUG  ]  File ignored by lima/summary because it exceeded search pattern filesize limit: 19503_combined_R1p_fastqc.html
[2022-08-05 11:04:58,704] multiqc                                            [DEBUG  ]  File ignored by vep/vep_txt because it exceeded search pattern filesize limit: 19503_combined_R1p_fastqc.html
[2022-08-05 11:04:58,704] multiqc                                            [DEBUG  ]  File ignored by longranger/invocation because it exceeded search pattern filesize limit: 19503_combined_R1p_fastqc.html
[2022-08-05 11:04:58,704] multiqc                                            [DEBUG  ]  File ignored by rockhopper because it exceeded search pattern filesize limit: 19503_combined_R1p_fastqc.html
[2022-08-05 11:04:58,704] multiqc                                            [DEBUG  ]  File ignored by rseqc/bam_stat because it exceeded search pattern filesize limit: 19503_combined_R1p_fastqc.html
[2022-08-05 11:04:58,704] multiqc                                            [DEBUG  ]  File ignored by rseqc/junction_annotation because it exceeded search pattern filesize limit: 19503_combined_R1p_fastqc.html
[2022-08-05 11:04:58,704] multiqc                                            [DEBUG  ]  File ignored by rseqc/read_distribution because it exceeded search pattern filesize limit: 19503_combined_R1p_fastqc.html
[2022-08-05 11:04:58,704] multiqc                                            [DEBUG  ]  File ignored by rseqc/infer_experiment because it exceeded search pattern filesize limit: 19503_combined_R1p_fastqc.html
[2022-08-05 11:04:58,805] multiqc                                            [DEBUG  ]  Ignoring file as matched an ignore pattern: 19503_combined_R1p.fastq.gz
[2022-08-05 11:04:59,139] multiqc                                            [DEBUG  ]  File ignored by ccs/v4 because it exceeded search pattern filesize limit: 19503_combined_R1R2u_fastqc.html
[2022-08-05 11:04:59,149] multiqc                                            [DEBUG  ]  File ignored by hicexplorer because it exceeded search pattern filesize limit: 19503_combined_R1R2u_fastqc.html
[2022-08-05 11:04:59,151] multiqc                                            [DEBUG  ]  File ignored by nanostat because it exceeded search pattern filesize limit: 19503_combined_R1R2u_fastqc.html
[2022-08-05 11:04:59,151] multiqc                                            [DEBUG  ]  File ignored by lima/summary because it exceeded search pattern filesize limit: 19503_combined_R1R2u_fastqc.html
[2022-08-05 11:04:59,167] multiqc                                            [DEBUG  ]  File ignored by vep/vep_txt because it exceeded search pattern filesize limit: 19503_combined_R1R2u_fastqc.html
[2022-08-05 11:04:59,167] multiqc                                            [DEBUG  ]  File ignored by longranger/invocation because it exceeded search pattern filesize limit: 19503_combined_R1R2u_fastqc.html
[2022-08-05 11:04:59,167] multiqc                                            [DEBUG  ]  File ignored by rockhopper because it exceeded search pattern filesize limit: 19503_combined_R1R2u_fastqc.html
[2022-08-05 11:04:59,167] multiqc                                            [DEBUG  ]  File ignored by rseqc/bam_stat because it exceeded search pattern filesize limit: 19503_combined_R1R2u_fastqc.html
[2022-08-05 11:04:59,167] multiqc                                            [DEBUG  ]  File ignored by rseqc/junction_annotation because it exceeded search pattern filesize limit: 19503_combined_R1R2u_fastqc.html
[2022-08-05 11:04:59,167] multiqc                                            [DEBUG  ]  File ignored by rseqc/read_distribution because it exceeded search pattern filesize limit: 19503_combined_R1R2u_fastqc.html
[2022-08-05 11:04:59,167] multiqc                                            [DEBUG  ]  File ignored by rseqc/infer_experiment because it exceeded search pattern filesize limit: 19503_combined_R1R2u_fastqc.html
[2022-08-05 11:04:59,261] multiqc                                            [DEBUG  ]  Ignoring file as matched an ignore pattern: 19503_combined_R1R2u.fastq.gz
[2022-08-05 11:04:59,280] multiqc                                            [DEBUG  ]  File ignored by ccs/v4 because it exceeded search pattern filesize limit: 19503_combined_R2p_fastqc.html
[2022-08-05 11:04:59,290] multiqc                                            [DEBUG  ]  File ignored by hicexplorer because it exceeded search pattern filesize limit: 19503_combined_R2p_fastqc.html
[2022-08-05 11:04:59,291] multiqc                                            [DEBUG  ]  File ignored by nanostat because it exceeded search pattern filesize limit: 19503_combined_R2p_fastqc.html
[2022-08-05 11:04:59,291] multiqc                                            [DEBUG  ]  File ignored by lima/summary because it exceeded search pattern filesize limit: 19503_combined_R2p_fastqc.html
[2022-08-05 11:04:59,309] multiqc                                            [DEBUG  ]  File ignored by vep/vep_txt because it exceeded search pattern filesize limit: 19503_combined_R2p_fastqc.html
[2022-08-05 11:04:59,309] multiqc                                            [DEBUG  ]  File ignored by longranger/invocation because it exceeded search pattern filesize limit: 19503_combined_R2p_fastqc.html
[2022-08-05 11:04:59,309] multiqc                                            [DEBUG  ]  File ignored by rockhopper because it exceeded search pattern filesize limit: 19503_combined_R2p_fastqc.html
[2022-08-05 11:04:59,309] multiqc                                            [DEBUG  ]  File ignored by rseqc/bam_stat because it exceeded search pattern filesize limit: 19503_combined_R2p_fastqc.html
[2022-08-05 11:04:59,309] multiqc                                            [DEBUG  ]  File ignored by rseqc/junction_annotation because it exceeded search pattern filesize limit: 19503_combined_R2p_fastqc.html
[2022-08-05 11:04:59,309] multiqc                                            [DEBUG  ]  File ignored by rseqc/read_distribution because it exceeded search pattern filesize limit: 19503_combined_R2p_fastqc.html
[2022-08-05 11:04:59,309] multiqc                                            [DEBUG  ]  File ignored by rseqc/infer_experiment because it exceeded search pattern filesize limit: 19503_combined_R2p_fastqc.html
[2022-08-05 11:04:59,397] multiqc                                            [DEBUG  ]  Ignoring file as matched an ignore pattern: 19503_combined_R2p.fastq.gz
[2022-08-05 11:04:59,398] multiqc                                            [DEBUG  ]  Ignoring file as matched an ignore pattern: 19503_QCreads.md5
[2022-08-05 11:05:01,790] multiqc.plots.bargraph                             [DEBUG  ]  Using matplotlib version 3.3.4
[2022-08-05 11:05:02,028] multiqc.plots.linegraph                            [DEBUG  ]  Using matplotlib version 3.3.4
[2022-08-05 11:05:02,034] multiqc                                            [DEBUG  ]  No samples found: custom_content
[2022-08-05 11:05:02,041] multiqc                                            [DEBUG  ]  No samples found: ccs
[2022-08-05 11:05:02,279] multiqc                                            [DEBUG  ]  No samples found: ngsderive
[2022-08-05 11:05:02,652] multiqc                                            [DEBUG  ]  No samples found: purple
[2022-08-05 11:05:02,659] multiqc                                            [DEBUG  ]  No samples found: conpair
[2022-08-05 11:05:02,667] multiqc                                            [DEBUG  ]  No samples found: lima
[2022-08-05 11:05:02,675] multiqc                                            [DEBUG  ]  No samples found: peddy
[2022-08-05 11:05:02,684] multiqc                                            [DEBUG  ]  No samples found: somalier
[2022-08-05 11:05:02,691] multiqc                                            [DEBUG  ]  No samples found: methylQA
[2022-08-05 11:05:02,707] multiqc.modules.mosdepth.mosdepth                  [DEBUG  ]  include_contigs: []
[2022-08-05 11:05:02,707] multiqc.modules.mosdepth.mosdepth                  [DEBUG  ]  exclude_contigs: []
[2022-08-05 11:05:02,707] multiqc                                            [DEBUG  ]  No samples found: mosdepth
[2022-08-05 11:05:02,943] multiqc                                            [DEBUG  ]  No samples found: phantompeakqualtools
[2022-08-05 11:05:02,946] multiqc                                            [DEBUG  ]  No samples found: qualimap
[2022-08-05 11:05:02,952] multiqc                                            [DEBUG  ]  No samples found: preseq
[2022-08-05 11:05:02,958] multiqc                                            [DEBUG  ]  No samples found: quast
[2022-08-05 11:05:02,963] multiqc                                            [DEBUG  ]  No samples found: qorts
[2022-08-05 11:05:02,968] multiqc                                            [DEBUG  ]  No samples found: rna_seqc
[2022-08-05 11:05:02,973] multiqc                                            [DEBUG  ]  No samples found: rockhopper
[2022-08-05 11:05:02,979] multiqc                                            [DEBUG  ]  No samples found: rsem
[2022-08-05 11:05:02,999] multiqc                                            [DEBUG  ]  No samples found: rseqc
[2022-08-05 11:05:03,006] multiqc                                            [DEBUG  ]  No samples found: busco
[2022-08-05 11:05:03,014] multiqc                                            [DEBUG  ]  No samples found: bustools
[2022-08-05 11:05:03,254] multiqc                                            [DEBUG  ]  No samples found: goleft_indexcov
[2022-08-05 11:05:03,772] multiqc                                            [DEBUG  ]  No samples found: gffcompare
[2022-08-05 11:05:04,009] multiqc                                            [DEBUG  ]  No samples found: disambiguate
[2022-08-05 11:05:04,020] multiqc                                            [DEBUG  ]  No samples found: supernova
[2022-08-05 11:05:05,391] multiqc                                            [DEBUG  ]  No samples found: deeptools
[2022-08-05 11:05:05,625] multiqc                                            [DEBUG  ]  No samples found: sargasso
[2022-08-05 11:05:05,910] multiqc                                            [DEBUG  ]  No samples found: verifybamid
[2022-08-05 11:05:06,149] multiqc                                            [DEBUG  ]  No samples found: mirtrace
[2022-08-05 11:05:06,157] multiqc                                            [DEBUG  ]  No samples found: happy
[2022-08-05 11:05:06,164] multiqc                                            [DEBUG  ]  No samples found: mirtop
[2022-08-05 11:05:06,173] multiqc                                            [DEBUG  ]  No samples found: sambamba
[2022-08-05 11:05:06,184] multiqc                                            [DEBUG  ]  No samples found: homer
[2022-08-05 11:05:06,190] multiqc                                            [DEBUG  ]  No samples found: hops
[2022-08-05 11:05:06,198] multiqc                                            [DEBUG  ]  No samples found: macs2
[2022-08-05 11:05:06,205] multiqc                                            [DEBUG  ]  No samples found: theta2
[2022-08-05 11:05:06,213] multiqc                                            [DEBUG  ]  No samples found: snpeff
[2022-08-05 11:05:06,223] multiqc                                            [DEBUG  ]  No samples found: gatk
[2022-08-05 11:05:06,231] multiqc                                            [DEBUG  ]  No samples found: htseq
[2022-08-05 11:05:06,470] multiqc                                            [DEBUG  ]  No samples found: bcftools
[2022-08-05 11:05:06,477] multiqc                                            [DEBUG  ]  No samples found: featureCounts
[2022-08-05 11:05:06,487] multiqc                                            [DEBUG  ]  No samples found: fgbio
[2022-08-05 11:05:06,968] multiqc                                            [DEBUG  ]  No samples found: dragen
[2022-08-05 11:05:06,973] multiqc                                            [DEBUG  ]  No samples found: dedup
[2022-08-05 11:05:06,977] multiqc                                            [DEBUG  ]  No samples found: damageprofiler
[2022-08-05 11:05:07,424] multiqc                                            [DEBUG  ]  No samples found: biobambam2
[2022-08-05 11:05:07,430] multiqc                                            [DEBUG  ]  No samples found: jcvi
[2022-08-05 11:05:07,437] multiqc                                            [DEBUG  ]  No samples found: mtnucratio
[2022-08-05 11:05:07,439] multiqc                                            [DEBUG  ]  No samples found: picard
[2022-08-05 11:05:07,446] multiqc                                            [DEBUG  ]  No samples found: vep
[2022-08-05 11:05:07,685] multiqc                                            [DEBUG  ]  No samples found: sentieon
[2022-08-05 11:05:07,738] multiqc                                            [DEBUG  ]  No samples found: prokka
[2022-08-05 11:05:07,753] multiqc                                            [DEBUG  ]  No samples found: qc3C
[2022-08-05 11:05:08,236] multiqc                                            [DEBUG  ]  No samples found: nanostat
[2022-08-05 11:05:08,474] multiqc                                            [DEBUG  ]  No samples found: samblaster
[2022-08-05 11:05:08,494] multiqc                                            [DEBUG  ]  No samples found: samtools
[2022-08-05 11:05:08,503] multiqc                                            [DEBUG  ]  No samples found: sexdeterrmine
[2022-08-05 11:05:08,510] multiqc                                            [DEBUG  ]  No samples found: eigenstratdatabasetools
[2022-08-05 11:05:08,749] multiqc                                            [DEBUG  ]  No samples found: bamtools
[2022-08-05 11:05:08,757] multiqc                                            [DEBUG  ]  No samples found: jellyfish
[2022-08-05 11:05:09,003] multiqc                                            [DEBUG  ]  No samples found: vcftools
[2022-08-05 11:05:09,011] multiqc                                            [DEBUG  ]  No samples found: longranger
[2022-08-05 11:05:09,018] multiqc                                            [DEBUG  ]  No samples found: stacks
[2022-08-05 11:05:09,026] multiqc                                            [DEBUG  ]  No samples found: varscan2
[2022-08-05 11:05:09,032] multiqc                                            [DEBUG  ]  No samples found: snippy
[2022-08-05 11:05:09,290] multiqc                                            [DEBUG  ]  No samples found: bbmap
[2022-08-05 11:05:09,299] multiqc                                            [DEBUG  ]  No samples found: bismark
[2022-08-05 11:05:09,309] multiqc                                            [DEBUG  ]  No samples found: biscuit
[2022-08-05 11:05:09,317] multiqc                                            [DEBUG  ]  No samples found: hicexplorer
[2022-08-05 11:05:09,324] multiqc                                            [DEBUG  ]  No samples found: hicup
[2022-08-05 11:05:09,332] multiqc                                            [DEBUG  ]  No samples found: hicpro
[2022-08-05 11:05:09,569] multiqc                                            [DEBUG  ]  No samples found: salmon
[2022-08-05 11:05:09,575] multiqc                                            [DEBUG  ]  No samples found: kallisto
[2022-08-05 11:05:09,584] multiqc                                            [DEBUG  ]  No samples found: slamdunk
[2022-08-05 11:05:09,593] multiqc                                            [DEBUG  ]  No samples found: star
[2022-08-05 11:05:09,600] multiqc                                            [DEBUG  ]  No samples found: hisat2
[2022-08-05 11:05:09,606] multiqc                                            [DEBUG  ]  No samples found: tophat
[2022-08-05 11:05:09,842] multiqc                                            [DEBUG  ]  No samples found: bowtie2
[2022-08-05 11:05:09,848] multiqc                                            [DEBUG  ]  No samples found: bowtie1
[2022-08-05 11:05:09,855] multiqc                                            [DEBUG  ]  No samples found: snpsplit
[2022-08-05 11:05:09,862] multiqc                                            [DEBUG  ]  No samples found: odgi
[2022-08-05 11:05:09,869] multiqc                                            [DEBUG  ]  No samples found: pangolin
[2022-08-05 11:05:10,106] multiqc                                            [DEBUG  ]  No samples found: kat
[2022-08-05 11:05:10,114] multiqc                                            [DEBUG  ]  No samples found: leehom
[2022-08-05 11:05:10,122] multiqc                                            [DEBUG  ]  No samples found: adapterRemoval
[2022-08-05 11:05:10,128] multiqc                                            [DEBUG  ]  No samples found: clipandmerge
[2022-08-05 11:05:10,136] multiqc                                            [DEBUG  ]  No samples found: cutadapt
[2022-08-05 11:05:10,143] multiqc                                            [DEBUG  ]  No samples found: flexbar
[2022-08-05 11:05:10,157] multiqc                                            [DEBUG  ]  No samples found: kaiju
[2022-08-05 11:05:10,166] multiqc                                            [DEBUG  ]  No samples found: kraken
[2022-08-05 11:05:10,173] multiqc                                            [DEBUG  ]  No samples found: malt
[2022-08-05 11:05:10,180] multiqc                                            [DEBUG  ]  No samples found: trimmomatic
[2022-08-05 11:05:10,187] multiqc                                            [DEBUG  ]  No samples found: sickle
[2022-08-05 11:05:10,194] multiqc                                            [DEBUG  ]  No samples found: skewer
[2022-08-05 11:05:10,433] multiqc                                            [DEBUG  ]  No samples found: sortmerna
[2022-08-05 11:05:10,440] multiqc                                            [DEBUG  ]  No samples found: biobloomtools
[2022-08-05 11:05:10,450] multiqc                                            [DEBUG  ]  No samples found: fastq_screen
[2022-08-05 11:05:10,457] multiqc                                            [DEBUG  ]  No samples found: afterqc
[2022-08-05 11:05:10,695] multiqc                                            [DEBUG  ]  No samples found: fastp
[2022-08-05 11:05:10,979] multiqc.modules.fastqc.fastqc                      [INFO   ]  Found 4 reports
[2022-08-05 11:05:11,034] multiqc                                            [DEBUG  ]  No samples found: pychopper
[2022-08-05 11:05:11,041] multiqc                                            [DEBUG  ]  No samples found: pycoqc
[2022-08-05 11:05:11,050] multiqc                                            [DEBUG  ]  No samples found: minionqc
[2022-08-05 11:05:11,058] multiqc                                            [DEBUG  ]  No samples found: multivcfanalyzer
[2022-08-05 11:05:11,067] multiqc                                            [DEBUG  ]  No samples found: clusterflow
[2022-08-05 11:05:11,077] multiqc                                            [DEBUG  ]  No samples found: bcl2fastq
[2022-08-05 11:05:11,088] multiqc                                            [DEBUG  ]  No samples found: bclconvert
[2022-08-05 11:05:11,097] multiqc                                            [DEBUG  ]  No samples found: interop
[2022-08-05 11:05:11,121] multiqc                                            [DEBUG  ]  No samples found: ivar
[2022-08-05 11:05:11,128] multiqc                                            [DEBUG  ]  No samples found: flash
[2022-08-05 11:05:11,136] multiqc                                            [DEBUG  ]  No samples found: seqyclean
[2022-08-05 11:05:11,373] multiqc                                            [DEBUG  ]  No samples found: optitype
[2022-08-05 11:05:11,378] multiqc                                            [INFO   ]  Compressing plot data
[2022-08-05 11:05:11,434] multiqc                                            [INFO   ]  Report      : 19503_MGSD_CSIRO.qc.stats/multiqc_report.html
[2022-08-05 11:05:11,434] multiqc                                            [INFO   ]  Data        : 19503_MGSD_CSIRO.qc.stats/multiqc_data
[2022-08-05 11:05:11,434] multiqc                                            [DEBUG  ]  Moving data file from '/tmp/smi9a9.8584852/tmp5b6b3od0/multiqc_data' to '19503_MGSD_CSIRO.qc.stats/multiqc_data'
[2022-08-05 11:05:12,734] multiqc                                            [INFO   ]  MultiQC complete
