[2022-08-05 11:06:05,995] multiqc                                            [DEBUG  ]  This is MultiQC v1.11
[2022-08-05 11:06:05,996] multiqc                                            [DEBUG  ]  No MultiQC config found: /apps/multiqc/1.11/lib/python3.9/site-packages/multiqc_config.yaml
[2022-08-05 11:06:05,996] multiqc                                            [DEBUG  ]  No MultiQC config found: /home/smi9a9/.multiqc_config.yaml
[2022-08-05 11:06:06,001] multiqc                                            [DEBUG  ]  No MultiQC config found: multiqc_config.yaml
[2022-08-05 11:06:06,001] multiqc                                            [DEBUG  ]  Command used: /apps/multiqc/1.11/bin/multiqc ./8489_H3WK2BCXX-1_merged_fastqc.html ./8489_H3WK2BCXX-1_merged_fastqc.zip ./8489_H3WK2BCXX-1_merged.fastq.gz ./8489_H3WK2BCXX-1_R1p_fastqc.html ./8489_H3WK2BCXX-1_R1p_fastqc.zip ./8489_H3WK2BCXX-1_R1p.fastq.gz ./8489_H3WK2BCXX-1_R1R2u_fastqc.html ./8489_H3WK2BCXX-1_R1R2u_fastqc.zip ./8489_H3WK2BCXX-1_R1R2u.fastq.gz ./8489_H3WK2BCXX-1_R2p_fastqc.html ./8489_H3WK2BCXX-1_R2p_fastqc.zip ./8489_H3WK2BCXX-1_R2p.fastq.gz ./8489_QCreads.md5 -o 8489_MGSD_CSIRO.qc.stats
[2022-08-05 11:06:06,009] multiqc                                            [DEBUG  ]  Could not connect to multiqc.info for version check: <urlopen error [Errno 111] Connection refused>
[2022-08-05 11:06:06,009] multiqc                                            [DEBUG  ]  Command     : /apps/multiqc/1.11/bin/multiqc ./8489_H3WK2BCXX-1_merged_fastqc.html ./8489_H3WK2BCXX-1_merged_fastqc.zip ./8489_H3WK2BCXX-1_merged.fastq.gz ./8489_H3WK2BCXX-1_R1p_fastqc.html ./8489_H3WK2BCXX-1_R1p_fastqc.zip ./8489_H3WK2BCXX-1_R1p.fastq.gz ./8489_H3WK2BCXX-1_R1R2u_fastqc.html ./8489_H3WK2BCXX-1_R1R2u_fastqc.zip ./8489_H3WK2BCXX-1_R1R2u.fastq.gz ./8489_H3WK2BCXX-1_R2p_fastqc.html ./8489_H3WK2BCXX-1_R2p_fastqc.zip ./8489_H3WK2BCXX-1_R2p.fastq.gz ./8489_QCreads.md5 -o 8489_MGSD_CSIRO.qc.stats
[2022-08-05 11:06:06,009] multiqc                                            [DEBUG  ]  Working dir : /datasets/work/oa-amd/work/amd/Metagenome_QC_reads
[2022-08-05 11:06:06,009] multiqc                                            [DEBUG  ]  Template    : default
[2022-08-05 11:06:06,009] multiqc                                            [DEBUG  ]  Running Python 3.9.4 (default, Apr 25 2021, 16:13:27)  [GCC 10.3.0]
[2022-08-05 11:06:06,009] multiqc                                            [DEBUG  ]  Analysing modules: custom_content, ccs, ngsderive, purple, conpair, lima, peddy, somalier, methylQA, mosdepth, phantompeakqualtools, qualimap, preseq, quast, qorts, rna_seqc, rockhopper, rsem, rseqc, busco, bustools, goleft_indexcov, gffcompare, disambiguate, supernova, deeptools, sargasso, verifybamid, mirtrace, happy, mirtop, sambamba, homer, hops, macs2, theta2, snpeff, gatk, htseq, bcftools, featureCounts, fgbio, dragen, dedup, damageprofiler, biobambam2, jcvi, mtnucratio, picard, vep, sentieon, prokka, qc3C, nanostat, samblaster, samtools, sexdeterrmine, eigenstratdatabasetools, bamtools, jellyfish, vcftools, longranger, stacks, varscan2, snippy, bbmap, bismark, biscuit, hicexplorer, hicup, hicpro, salmon, kallisto, slamdunk, star, hisat2, tophat, bowtie2, bowtie1, snpsplit, odgi, pangolin, kat, leehom, adapterRemoval, clipandmerge, cutadapt, flexbar, kaiju, kraken, malt, trimmomatic, sickle, skewer, sortmerna, biobloomtools, fastq_screen, afterqc, fastp, fastqc, pychopper, pycoqc, minionqc, multivcfanalyzer, clusterflow, bcl2fastq, bclconvert, interop, ivar, flash, seqyclean, optitype
[2022-08-05 11:06:06,009] multiqc                                            [DEBUG  ]  Using temporary directory for creating report: /tmp/smi9a9.8584866/tmplek3p25q
[2022-08-05 11:06:07,463] multiqc                                            [INFO   ]  Search path : /datasets/work/oa-amd/work/amd/Metagenome_QC_reads/8489_H3WK2BCXX-1_merged_fastqc.html
[2022-08-05 11:06:07,463] multiqc                                            [INFO   ]  Search path : /datasets/work/oa-amd/work/amd/Metagenome_QC_reads/8489_H3WK2BCXX-1_merged_fastqc.zip
[2022-08-05 11:06:07,463] multiqc                                            [INFO   ]  Search path : /datasets/work/oa-amd/work/amd/Metagenome_QC_reads/8489_H3WK2BCXX-1_merged.fastq.gz
[2022-08-05 11:06:07,463] multiqc                                            [INFO   ]  Search path : /datasets/work/oa-amd/work/amd/Metagenome_QC_reads/8489_H3WK2BCXX-1_R1p_fastqc.html
[2022-08-05 11:06:07,463] multiqc                                            [INFO   ]  Search path : /datasets/work/oa-amd/work/amd/Metagenome_QC_reads/8489_H3WK2BCXX-1_R1p_fastqc.zip
[2022-08-05 11:06:07,463] multiqc                                            [INFO   ]  Search path : /datasets/work/oa-amd/work/amd/Metagenome_QC_reads/8489_H3WK2BCXX-1_R1p.fastq.gz
[2022-08-05 11:06:07,463] multiqc                                            [INFO   ]  Search path : /datasets/work/oa-amd/work/amd/Metagenome_QC_reads/8489_H3WK2BCXX-1_R1R2u_fastqc.html
[2022-08-05 11:06:07,463] multiqc                                            [INFO   ]  Search path : /datasets/work/oa-amd/work/amd/Metagenome_QC_reads/8489_H3WK2BCXX-1_R1R2u_fastqc.zip
[2022-08-05 11:06:07,463] multiqc                                            [INFO   ]  Search path : /datasets/work/oa-amd/work/amd/Metagenome_QC_reads/8489_H3WK2BCXX-1_R1R2u.fastq.gz
[2022-08-05 11:06:07,464] multiqc                                            [INFO   ]  Search path : /datasets/work/oa-amd/work/amd/Metagenome_QC_reads/8489_H3WK2BCXX-1_R2p_fastqc.html
[2022-08-05 11:06:07,464] multiqc                                            [INFO   ]  Search path : /datasets/work/oa-amd/work/amd/Metagenome_QC_reads/8489_H3WK2BCXX-1_R2p_fastqc.zip
[2022-08-05 11:06:07,464] multiqc                                            [INFO   ]  Search path : /datasets/work/oa-amd/work/amd/Metagenome_QC_reads/8489_H3WK2BCXX-1_R2p.fastq.gz
[2022-08-05 11:06:07,464] multiqc                                            [INFO   ]  Search path : /datasets/work/oa-amd/work/amd/Metagenome_QC_reads/8489_QCreads.md5
[2022-08-05 11:06:07,922] multiqc                                            [DEBUG  ]  File ignored by ccs/v4 because it exceeded search pattern filesize limit: 8489_H3WK2BCXX-1_merged_fastqc.html
[2022-08-05 11:06:07,930] multiqc                                            [DEBUG  ]  File ignored by hicexplorer because it exceeded search pattern filesize limit: 8489_H3WK2BCXX-1_merged_fastqc.html
[2022-08-05 11:06:07,930] multiqc                                            [DEBUG  ]  File ignored by nanostat because it exceeded search pattern filesize limit: 8489_H3WK2BCXX-1_merged_fastqc.html
[2022-08-05 11:06:07,930] multiqc                                            [DEBUG  ]  File ignored by lima/summary because it exceeded search pattern filesize limit: 8489_H3WK2BCXX-1_merged_fastqc.html
[2022-08-05 11:06:08,186] multiqc                                            [DEBUG  ]  File ignored by vep/vep_txt because it exceeded search pattern filesize limit: 8489_H3WK2BCXX-1_merged_fastqc.html
[2022-08-05 11:06:08,186] multiqc                                            [DEBUG  ]  File ignored by longranger/invocation because it exceeded search pattern filesize limit: 8489_H3WK2BCXX-1_merged_fastqc.html
[2022-08-05 11:06:08,186] multiqc                                            [DEBUG  ]  File ignored by rockhopper because it exceeded search pattern filesize limit: 8489_H3WK2BCXX-1_merged_fastqc.html
[2022-08-05 11:06:08,186] multiqc                                            [DEBUG  ]  File ignored by rseqc/bam_stat because it exceeded search pattern filesize limit: 8489_H3WK2BCXX-1_merged_fastqc.html
[2022-08-05 11:06:08,186] multiqc                                            [DEBUG  ]  File ignored by rseqc/junction_annotation because it exceeded search pattern filesize limit: 8489_H3WK2BCXX-1_merged_fastqc.html
[2022-08-05 11:06:08,186] multiqc                                            [DEBUG  ]  File ignored by rseqc/read_distribution because it exceeded search pattern filesize limit: 8489_H3WK2BCXX-1_merged_fastqc.html
[2022-08-05 11:06:08,186] multiqc                                            [DEBUG  ]  File ignored by rseqc/infer_experiment because it exceeded search pattern filesize limit: 8489_H3WK2BCXX-1_merged_fastqc.html
[2022-08-05 11:06:08,843] multiqc                                            [DEBUG  ]  Ignoring file as matched an ignore pattern: 8489_H3WK2BCXX-1_merged.fastq.gz
[2022-08-05 11:06:08,924] multiqc                                            [DEBUG  ]  File ignored by ccs/v4 because it exceeded search pattern filesize limit: 8489_H3WK2BCXX-1_R1p_fastqc.html
[2022-08-05 11:06:08,932] multiqc                                            [DEBUG  ]  File ignored by hicexplorer because it exceeded search pattern filesize limit: 8489_H3WK2BCXX-1_R1p_fastqc.html
[2022-08-05 11:06:08,932] multiqc                                            [DEBUG  ]  File ignored by nanostat because it exceeded search pattern filesize limit: 8489_H3WK2BCXX-1_R1p_fastqc.html
[2022-08-05 11:06:08,932] multiqc                                            [DEBUG  ]  File ignored by lima/summary because it exceeded search pattern filesize limit: 8489_H3WK2BCXX-1_R1p_fastqc.html
[2022-08-05 11:06:08,947] multiqc                                            [DEBUG  ]  File ignored by vep/vep_txt because it exceeded search pattern filesize limit: 8489_H3WK2BCXX-1_R1p_fastqc.html
[2022-08-05 11:06:08,947] multiqc                                            [DEBUG  ]  File ignored by longranger/invocation because it exceeded search pattern filesize limit: 8489_H3WK2BCXX-1_R1p_fastqc.html
[2022-08-05 11:06:08,947] multiqc                                            [DEBUG  ]  File ignored by rockhopper because it exceeded search pattern filesize limit: 8489_H3WK2BCXX-1_R1p_fastqc.html
[2022-08-05 11:06:08,947] multiqc                                            [DEBUG  ]  File ignored by rseqc/bam_stat because it exceeded search pattern filesize limit: 8489_H3WK2BCXX-1_R1p_fastqc.html
[2022-08-05 11:06:08,947] multiqc                                            [DEBUG  ]  File ignored by rseqc/junction_annotation because it exceeded search pattern filesize limit: 8489_H3WK2BCXX-1_R1p_fastqc.html
[2022-08-05 11:06:08,947] multiqc                                            [DEBUG  ]  File ignored by rseqc/read_distribution because it exceeded search pattern filesize limit: 8489_H3WK2BCXX-1_R1p_fastqc.html
[2022-08-05 11:06:08,947] multiqc                                            [DEBUG  ]  File ignored by rseqc/infer_experiment because it exceeded search pattern filesize limit: 8489_H3WK2BCXX-1_R1p_fastqc.html
[2022-08-05 11:06:09,729] multiqc                                            [DEBUG  ]  Ignoring file as matched an ignore pattern: 8489_H3WK2BCXX-1_R1p.fastq.gz
[2022-08-05 11:06:10,345] multiqc                                            [DEBUG  ]  File ignored by ccs/v4 because it exceeded search pattern filesize limit: 8489_H3WK2BCXX-1_R1R2u_fastqc.html
[2022-08-05 11:06:10,351] multiqc                                            [DEBUG  ]  File ignored by hicexplorer because it exceeded search pattern filesize limit: 8489_H3WK2BCXX-1_R1R2u_fastqc.html
[2022-08-05 11:06:10,352] multiqc                                            [DEBUG  ]  File ignored by nanostat because it exceeded search pattern filesize limit: 8489_H3WK2BCXX-1_R1R2u_fastqc.html
[2022-08-05 11:06:10,352] multiqc                                            [DEBUG  ]  File ignored by lima/summary because it exceeded search pattern filesize limit: 8489_H3WK2BCXX-1_R1R2u_fastqc.html
[2022-08-05 11:06:10,361] multiqc                                            [DEBUG  ]  File ignored by vep/vep_txt because it exceeded search pattern filesize limit: 8489_H3WK2BCXX-1_R1R2u_fastqc.html
[2022-08-05 11:06:10,361] multiqc                                            [DEBUG  ]  File ignored by longranger/invocation because it exceeded search pattern filesize limit: 8489_H3WK2BCXX-1_R1R2u_fastqc.html
[2022-08-05 11:06:10,361] multiqc                                            [DEBUG  ]  File ignored by rockhopper because it exceeded search pattern filesize limit: 8489_H3WK2BCXX-1_R1R2u_fastqc.html
[2022-08-05 11:06:10,361] multiqc                                            [DEBUG  ]  File ignored by rseqc/bam_stat because it exceeded search pattern filesize limit: 8489_H3WK2BCXX-1_R1R2u_fastqc.html
[2022-08-05 11:06:10,361] multiqc                                            [DEBUG  ]  File ignored by rseqc/junction_annotation because it exceeded search pattern filesize limit: 8489_H3WK2BCXX-1_R1R2u_fastqc.html
[2022-08-05 11:06:10,361] multiqc                                            [DEBUG  ]  File ignored by rseqc/read_distribution because it exceeded search pattern filesize limit: 8489_H3WK2BCXX-1_R1R2u_fastqc.html
[2022-08-05 11:06:10,361] multiqc                                            [DEBUG  ]  File ignored by rseqc/infer_experiment because it exceeded search pattern filesize limit: 8489_H3WK2BCXX-1_R1R2u_fastqc.html
[2022-08-05 11:06:10,432] multiqc                                            [DEBUG  ]  Ignoring file as matched an ignore pattern: 8489_H3WK2BCXX-1_R1R2u.fastq.gz
[2022-08-05 11:06:10,492] multiqc                                            [DEBUG  ]  File ignored by ccs/v4 because it exceeded search pattern filesize limit: 8489_H3WK2BCXX-1_R2p_fastqc.html
[2022-08-05 11:06:10,502] multiqc                                            [DEBUG  ]  File ignored by hicexplorer because it exceeded search pattern filesize limit: 8489_H3WK2BCXX-1_R2p_fastqc.html
[2022-08-05 11:06:10,503] multiqc                                            [DEBUG  ]  File ignored by nanostat because it exceeded search pattern filesize limit: 8489_H3WK2BCXX-1_R2p_fastqc.html
[2022-08-05 11:06:10,503] multiqc                                            [DEBUG  ]  File ignored by lima/summary because it exceeded search pattern filesize limit: 8489_H3WK2BCXX-1_R2p_fastqc.html
[2022-08-05 11:06:11,007] multiqc                                            [DEBUG  ]  File ignored by vep/vep_txt because it exceeded search pattern filesize limit: 8489_H3WK2BCXX-1_R2p_fastqc.html
[2022-08-05 11:06:11,007] multiqc                                            [DEBUG  ]  File ignored by longranger/invocation because it exceeded search pattern filesize limit: 8489_H3WK2BCXX-1_R2p_fastqc.html
[2022-08-05 11:06:11,007] multiqc                                            [DEBUG  ]  File ignored by rockhopper because it exceeded search pattern filesize limit: 8489_H3WK2BCXX-1_R2p_fastqc.html
[2022-08-05 11:06:11,007] multiqc                                            [DEBUG  ]  File ignored by rseqc/bam_stat because it exceeded search pattern filesize limit: 8489_H3WK2BCXX-1_R2p_fastqc.html
[2022-08-05 11:06:11,007] multiqc                                            [DEBUG  ]  File ignored by rseqc/junction_annotation because it exceeded search pattern filesize limit: 8489_H3WK2BCXX-1_R2p_fastqc.html
[2022-08-05 11:06:11,007] multiqc                                            [DEBUG  ]  File ignored by rseqc/read_distribution because it exceeded search pattern filesize limit: 8489_H3WK2BCXX-1_R2p_fastqc.html
[2022-08-05 11:06:11,007] multiqc                                            [DEBUG  ]  File ignored by rseqc/infer_experiment because it exceeded search pattern filesize limit: 8489_H3WK2BCXX-1_R2p_fastqc.html
[2022-08-05 11:06:11,579] multiqc                                            [DEBUG  ]  Ignoring file as matched an ignore pattern: 8489_H3WK2BCXX-1_R2p.fastq.gz
[2022-08-05 11:06:11,580] multiqc                                            [DEBUG  ]  Ignoring file as matched an ignore pattern: 8489_QCreads.md5
[2022-08-05 11:06:13,572] multiqc.plots.bargraph                             [DEBUG  ]  Using matplotlib version 3.3.4
[2022-08-05 11:06:13,577] multiqc.plots.linegraph                            [DEBUG  ]  Using matplotlib version 3.3.4
[2022-08-05 11:06:13,583] multiqc                                            [DEBUG  ]  No samples found: custom_content
[2022-08-05 11:06:13,592] multiqc                                            [DEBUG  ]  No samples found: ccs
[2022-08-05 11:06:13,602] multiqc                                            [DEBUG  ]  No samples found: ngsderive
[2022-08-05 11:06:13,609] multiqc                                            [DEBUG  ]  No samples found: purple
[2022-08-05 11:06:13,615] multiqc                                            [DEBUG  ]  No samples found: conpair
[2022-08-05 11:06:13,900] multiqc                                            [DEBUG  ]  No samples found: lima
[2022-08-05 11:06:13,910] multiqc                                            [DEBUG  ]  No samples found: peddy
[2022-08-05 11:06:13,921] multiqc                                            [DEBUG  ]  No samples found: somalier
[2022-08-05 11:06:13,930] multiqc                                            [DEBUG  ]  No samples found: methylQA
[2022-08-05 11:06:14,179] multiqc.modules.mosdepth.mosdepth                  [DEBUG  ]  include_contigs: []
[2022-08-05 11:06:14,179] multiqc.modules.mosdepth.mosdepth                  [DEBUG  ]  exclude_contigs: []
[2022-08-05 11:06:14,179] multiqc                                            [DEBUG  ]  No samples found: mosdepth
[2022-08-05 11:06:14,185] multiqc                                            [DEBUG  ]  No samples found: phantompeakqualtools
[2022-08-05 11:06:14,190] multiqc                                            [DEBUG  ]  No samples found: qualimap
[2022-08-05 11:06:14,429] multiqc                                            [DEBUG  ]  No samples found: preseq
[2022-08-05 11:06:14,437] multiqc                                            [DEBUG  ]  No samples found: quast
[2022-08-05 11:06:14,444] multiqc                                            [DEBUG  ]  No samples found: qorts
[2022-08-05 11:06:14,452] multiqc                                            [DEBUG  ]  No samples found: rna_seqc
[2022-08-05 11:06:14,459] multiqc                                            [DEBUG  ]  No samples found: rockhopper
[2022-08-05 11:06:14,466] multiqc                                            [DEBUG  ]  No samples found: rsem
[2022-08-05 11:06:14,491] multiqc                                            [DEBUG  ]  No samples found: rseqc
[2022-08-05 11:06:14,497] multiqc                                            [DEBUG  ]  No samples found: busco
[2022-08-05 11:06:14,504] multiqc                                            [DEBUG  ]  No samples found: bustools
[2022-08-05 11:06:14,511] multiqc                                            [DEBUG  ]  No samples found: goleft_indexcov
[2022-08-05 11:06:14,518] multiqc                                            [DEBUG  ]  No samples found: gffcompare
[2022-08-05 11:06:14,991] multiqc                                            [DEBUG  ]  No samples found: disambiguate
[2022-08-05 11:06:15,232] multiqc                                            [DEBUG  ]  No samples found: supernova
[2022-08-05 11:06:15,527] multiqc                                            [DEBUG  ]  No samples found: deeptools
[2022-08-05 11:06:15,534] multiqc                                            [DEBUG  ]  No samples found: sargasso
[2022-08-05 11:06:15,541] multiqc                                            [DEBUG  ]  No samples found: verifybamid
[2022-08-05 11:06:15,780] multiqc                                            [DEBUG  ]  No samples found: mirtrace
[2022-08-05 11:06:16,017] multiqc                                            [DEBUG  ]  No samples found: happy
[2022-08-05 11:06:16,024] multiqc                                            [DEBUG  ]  No samples found: mirtop
[2022-08-05 11:06:16,034] multiqc                                            [DEBUG  ]  No samples found: sambamba
[2022-08-05 11:06:16,276] multiqc                                            [DEBUG  ]  No samples found: homer
[2022-08-05 11:06:16,283] multiqc                                            [DEBUG  ]  No samples found: hops
[2022-08-05 11:06:16,290] multiqc                                            [DEBUG  ]  No samples found: macs2
[2022-08-05 11:06:16,297] multiqc                                            [DEBUG  ]  No samples found: theta2
[2022-08-05 11:06:16,304] multiqc                                            [DEBUG  ]  No samples found: snpeff
[2022-08-05 11:06:16,546] multiqc                                            [DEBUG  ]  No samples found: gatk
[2022-08-05 11:06:16,553] multiqc                                            [DEBUG  ]  No samples found: htseq
[2022-08-05 11:06:16,792] multiqc                                            [DEBUG  ]  No samples found: bcftools
[2022-08-05 11:06:16,799] multiqc                                            [DEBUG  ]  No samples found: featureCounts
[2022-08-05 11:06:16,809] multiqc                                            [DEBUG  ]  No samples found: fgbio
[2022-08-05 11:06:17,589] multiqc                                            [DEBUG  ]  No samples found: dragen
[2022-08-05 11:06:17,595] multiqc                                            [DEBUG  ]  No samples found: dedup
[2022-08-05 11:06:17,603] multiqc                                            [DEBUG  ]  No samples found: damageprofiler
[2022-08-05 11:06:18,735] multiqc                                            [DEBUG  ]  No samples found: biobambam2
[2022-08-05 11:06:18,975] multiqc                                            [DEBUG  ]  No samples found: jcvi
[2022-08-05 11:06:18,982] multiqc                                            [DEBUG  ]  No samples found: mtnucratio
[2022-08-05 11:06:18,984] multiqc                                            [DEBUG  ]  No samples found: picard
[2022-08-05 11:06:18,993] multiqc                                            [DEBUG  ]  No samples found: vep
[2022-08-05 11:06:19,008] multiqc                                            [DEBUG  ]  No samples found: sentieon
[2022-08-05 11:06:19,015] multiqc                                            [DEBUG  ]  No samples found: prokka
[2022-08-05 11:06:19,026] multiqc                                            [DEBUG  ]  No samples found: qc3C
[2022-08-05 11:06:19,035] multiqc                                            [DEBUG  ]  No samples found: nanostat
[2022-08-05 11:06:19,041] multiqc                                            [DEBUG  ]  No samples found: samblaster
[2022-08-05 11:06:19,334] multiqc                                            [DEBUG  ]  No samples found: samtools
[2022-08-05 11:06:19,341] multiqc                                            [DEBUG  ]  No samples found: sexdeterrmine
[2022-08-05 11:06:19,348] multiqc                                            [DEBUG  ]  No samples found: eigenstratdatabasetools
[2022-08-05 11:06:19,356] multiqc                                            [DEBUG  ]  No samples found: bamtools
[2022-08-05 11:06:19,363] multiqc                                            [DEBUG  ]  No samples found: jellyfish
[2022-08-05 11:06:19,607] multiqc                                            [DEBUG  ]  No samples found: vcftools
[2022-08-05 11:06:19,845] multiqc                                            [DEBUG  ]  No samples found: longranger
[2022-08-05 11:06:20,082] multiqc                                            [DEBUG  ]  No samples found: stacks
[2022-08-05 11:06:20,367] multiqc                                            [DEBUG  ]  No samples found: varscan2
[2022-08-05 11:06:20,374] multiqc                                            [DEBUG  ]  No samples found: snippy
[2022-08-05 11:06:20,406] multiqc                                            [DEBUG  ]  No samples found: bbmap
[2022-08-05 11:06:20,415] multiqc                                            [DEBUG  ]  No samples found: bismark
[2022-08-05 11:06:20,425] multiqc                                            [DEBUG  ]  No samples found: biscuit
[2022-08-05 11:06:20,434] multiqc                                            [DEBUG  ]  No samples found: hicexplorer
[2022-08-05 11:06:20,672] multiqc                                            [DEBUG  ]  No samples found: hicup
[2022-08-05 11:06:20,953] multiqc                                            [DEBUG  ]  No samples found: hicpro
[2022-08-05 11:06:20,960] multiqc                                            [DEBUG  ]  No samples found: salmon
[2022-08-05 11:06:20,967] multiqc                                            [DEBUG  ]  No samples found: kallisto
[2022-08-05 11:06:20,977] multiqc                                            [DEBUG  ]  No samples found: slamdunk
[2022-08-05 11:06:20,984] multiqc                                            [DEBUG  ]  No samples found: star
[2022-08-05 11:06:20,991] multiqc                                            [DEBUG  ]  No samples found: hisat2
[2022-08-05 11:06:20,998] multiqc                                            [DEBUG  ]  No samples found: tophat
[2022-08-05 11:06:21,005] multiqc                                            [DEBUG  ]  No samples found: bowtie2
[2022-08-05 11:06:21,243] multiqc                                            [DEBUG  ]  No samples found: bowtie1
[2022-08-05 11:06:21,252] multiqc                                            [DEBUG  ]  No samples found: snpsplit
[2022-08-05 11:06:21,261] multiqc                                            [DEBUG  ]  No samples found: odgi
[2022-08-05 11:06:21,268] multiqc                                            [DEBUG  ]  No samples found: pangolin
[2022-08-05 11:06:21,275] multiqc                                            [DEBUG  ]  No samples found: kat
[2022-08-05 11:06:21,281] multiqc                                            [DEBUG  ]  No samples found: leehom
[2022-08-05 11:06:21,560] multiqc                                            [DEBUG  ]  No samples found: adapterRemoval
[2022-08-05 11:06:21,798] multiqc                                            [DEBUG  ]  No samples found: clipandmerge
[2022-08-05 11:06:22,080] multiqc                                            [DEBUG  ]  No samples found: cutadapt
[2022-08-05 11:06:22,435] multiqc                                            [DEBUG  ]  No samples found: flexbar
[2022-08-05 11:06:22,674] multiqc                                            [DEBUG  ]  No samples found: kaiju
[2022-08-05 11:06:22,683] multiqc                                            [DEBUG  ]  No samples found: kraken
[2022-08-05 11:06:22,690] multiqc                                            [DEBUG  ]  No samples found: malt
[2022-08-05 11:06:22,930] multiqc                                            [DEBUG  ]  No samples found: trimmomatic
[2022-08-05 11:06:23,175] multiqc                                            [DEBUG  ]  No samples found: sickle
[2022-08-05 11:06:23,414] multiqc                                            [DEBUG  ]  No samples found: skewer
[2022-08-05 11:06:23,422] multiqc                                            [DEBUG  ]  No samples found: sortmerna
[2022-08-05 11:06:23,429] multiqc                                            [DEBUG  ]  No samples found: biobloomtools
[2022-08-05 11:06:23,441] multiqc                                            [DEBUG  ]  No samples found: fastq_screen
[2022-08-05 11:06:23,448] multiqc                                            [DEBUG  ]  No samples found: afterqc
[2022-08-05 11:06:23,457] multiqc                                            [DEBUG  ]  No samples found: fastp
[2022-08-05 11:06:23,632] multiqc.modules.fastqc.fastqc                      [INFO   ]  Found 4 reports
[2022-08-05 11:06:23,718] multiqc                                            [DEBUG  ]  No samples found: pychopper
[2022-08-05 11:06:24,000] multiqc                                            [DEBUG  ]  No samples found: pycoqc
[2022-08-05 11:06:24,284] multiqc                                            [DEBUG  ]  No samples found: minionqc
[2022-08-05 11:06:24,292] multiqc                                            [DEBUG  ]  No samples found: multivcfanalyzer
[2022-08-05 11:06:24,300] multiqc                                            [DEBUG  ]  No samples found: clusterflow
[2022-08-05 11:06:24,539] multiqc                                            [DEBUG  ]  No samples found: bcl2fastq
[2022-08-05 11:06:24,594] multiqc                                            [DEBUG  ]  No samples found: bclconvert
[2022-08-05 11:06:24,602] multiqc                                            [DEBUG  ]  No samples found: interop
[2022-08-05 11:06:24,839] multiqc                                            [DEBUG  ]  No samples found: ivar
[2022-08-05 11:06:25,076] multiqc                                            [DEBUG  ]  No samples found: flash
[2022-08-05 11:06:25,083] multiqc                                            [DEBUG  ]  No samples found: seqyclean
[2022-08-05 11:06:25,090] multiqc                                            [DEBUG  ]  No samples found: optitype
[2022-08-05 11:06:25,094] multiqc                                            [INFO   ]  Compressing plot data
[2022-08-05 11:06:25,159] multiqc                                            [INFO   ]  Report      : 8489_MGSD_CSIRO.qc.stats/multiqc_report.html
[2022-08-05 11:06:25,159] multiqc                                            [INFO   ]  Data        : 8489_MGSD_CSIRO.qc.stats/multiqc_data
[2022-08-05 11:06:25,159] multiqc                                            [DEBUG  ]  Moving data file from '/tmp/smi9a9.8584866/tmplek3p25q/multiqc_data' to '8489_MGSD_CSIRO.qc.stats/multiqc_data'
[2022-08-05 11:06:26,653] multiqc                                            [INFO   ]  MultiQC complete
