[2022-08-05 11:06:07,875] multiqc                                            [DEBUG  ]  This is MultiQC v1.11
[2022-08-05 11:06:07,875] multiqc                                            [DEBUG  ]  No MultiQC config found: /apps/multiqc/1.11/lib/python3.9/site-packages/multiqc_config.yaml
[2022-08-05 11:06:07,875] multiqc                                            [DEBUG  ]  No MultiQC config found: /home/smi9a9/.multiqc_config.yaml
[2022-08-05 11:06:10,870] multiqc                                            [DEBUG  ]  No MultiQC config found: multiqc_config.yaml
[2022-08-05 11:06:10,870] multiqc                                            [DEBUG  ]  Command used: /apps/multiqc/1.11/bin/multiqc ./9442_combined_merged_fastqc.html ./9442_combined_merged_fastqc.zip ./9442_combined_merged.fastq.gz ./9442_combined_R1p_fastqc.html ./9442_combined_R1p_fastqc.zip ./9442_combined_R1p.fastq.gz ./9442_combined_R1R2u_fastqc.html ./9442_combined_R1R2u_fastqc.zip ./9442_combined_R1R2u.fastq.gz ./9442_combined_R2p_fastqc.html ./9442_combined_R2p_fastqc.zip ./9442_combined_R2p.fastq.gz ./9442_QCreads.md5 -o 9442_MGSD_CSIRO.qc.stats
[2022-08-05 11:06:10,873] multiqc                                            [DEBUG  ]  Could not connect to multiqc.info for version check: <urlopen error [Errno 111] Connection refused>
[2022-08-05 11:06:10,873] multiqc                                            [DEBUG  ]  Command     : /apps/multiqc/1.11/bin/multiqc ./9442_combined_merged_fastqc.html ./9442_combined_merged_fastqc.zip ./9442_combined_merged.fastq.gz ./9442_combined_R1p_fastqc.html ./9442_combined_R1p_fastqc.zip ./9442_combined_R1p.fastq.gz ./9442_combined_R1R2u_fastqc.html ./9442_combined_R1R2u_fastqc.zip ./9442_combined_R1R2u.fastq.gz ./9442_combined_R2p_fastqc.html ./9442_combined_R2p_fastqc.zip ./9442_combined_R2p.fastq.gz ./9442_QCreads.md5 -o 9442_MGSD_CSIRO.qc.stats
[2022-08-05 11:06:10,873] multiqc                                            [DEBUG  ]  Working dir : /datasets/work/oa-amd/work/amd/Metagenome_QC_reads
[2022-08-05 11:06:10,873] multiqc                                            [DEBUG  ]  Template    : default
[2022-08-05 11:06:10,873] multiqc                                            [DEBUG  ]  Running Python 3.9.4 (default, Apr 25 2021, 16:13:27)  [GCC 10.3.0]
[2022-08-05 11:06:10,873] multiqc                                            [DEBUG  ]  Analysing modules: custom_content, ccs, ngsderive, purple, conpair, lima, peddy, somalier, methylQA, mosdepth, phantompeakqualtools, qualimap, preseq, quast, qorts, rna_seqc, rockhopper, rsem, rseqc, busco, bustools, goleft_indexcov, gffcompare, disambiguate, supernova, deeptools, sargasso, verifybamid, mirtrace, happy, mirtop, sambamba, homer, hops, macs2, theta2, snpeff, gatk, htseq, bcftools, featureCounts, fgbio, dragen, dedup, damageprofiler, biobambam2, jcvi, mtnucratio, picard, vep, sentieon, prokka, qc3C, nanostat, samblaster, samtools, sexdeterrmine, eigenstratdatabasetools, bamtools, jellyfish, vcftools, longranger, stacks, varscan2, snippy, bbmap, bismark, biscuit, hicexplorer, hicup, hicpro, salmon, kallisto, slamdunk, star, hisat2, tophat, bowtie2, bowtie1, snpsplit, odgi, pangolin, kat, leehom, adapterRemoval, clipandmerge, cutadapt, flexbar, kaiju, kraken, malt, trimmomatic, sickle, skewer, sortmerna, biobloomtools, fastq_screen, afterqc, fastp, fastqc, pychopper, pycoqc, minionqc, multivcfanalyzer, clusterflow, bcl2fastq, bclconvert, interop, ivar, flash, seqyclean, optitype
[2022-08-05 11:06:10,873] multiqc                                            [DEBUG  ]  Using temporary directory for creating report: /tmp/smi9a9.8585156/tmpofu4zmcp
[2022-08-05 11:06:10,937] multiqc                                            [INFO   ]  Search path : /datasets/work/oa-amd/work/amd/Metagenome_QC_reads/9442_combined_merged_fastqc.html
[2022-08-05 11:06:10,937] multiqc                                            [INFO   ]  Search path : /datasets/work/oa-amd/work/amd/Metagenome_QC_reads/9442_combined_merged_fastqc.zip
[2022-08-05 11:06:10,938] multiqc                                            [INFO   ]  Search path : /datasets/work/oa-amd/work/amd/Metagenome_QC_reads/9442_combined_merged.fastq.gz
[2022-08-05 11:06:10,938] multiqc                                            [INFO   ]  Search path : /datasets/work/oa-amd/work/amd/Metagenome_QC_reads/9442_combined_R1p_fastqc.html
[2022-08-05 11:06:10,938] multiqc                                            [INFO   ]  Search path : /datasets/work/oa-amd/work/amd/Metagenome_QC_reads/9442_combined_R1p_fastqc.zip
[2022-08-05 11:06:10,938] multiqc                                            [INFO   ]  Search path : /datasets/work/oa-amd/work/amd/Metagenome_QC_reads/9442_combined_R1p.fastq.gz
[2022-08-05 11:06:10,938] multiqc                                            [INFO   ]  Search path : /datasets/work/oa-amd/work/amd/Metagenome_QC_reads/9442_combined_R1R2u_fastqc.html
[2022-08-05 11:06:10,938] multiqc                                            [INFO   ]  Search path : /datasets/work/oa-amd/work/amd/Metagenome_QC_reads/9442_combined_R1R2u_fastqc.zip
[2022-08-05 11:06:10,938] multiqc                                            [INFO   ]  Search path : /datasets/work/oa-amd/work/amd/Metagenome_QC_reads/9442_combined_R1R2u.fastq.gz
[2022-08-05 11:06:10,938] multiqc                                            [INFO   ]  Search path : /datasets/work/oa-amd/work/amd/Metagenome_QC_reads/9442_combined_R2p_fastqc.html
[2022-08-05 11:06:10,938] multiqc                                            [INFO   ]  Search path : /datasets/work/oa-amd/work/amd/Metagenome_QC_reads/9442_combined_R2p_fastqc.zip
[2022-08-05 11:06:10,938] multiqc                                            [INFO   ]  Search path : /datasets/work/oa-amd/work/amd/Metagenome_QC_reads/9442_combined_R2p.fastq.gz
[2022-08-05 11:06:10,938] multiqc                                            [INFO   ]  Search path : /datasets/work/oa-amd/work/amd/Metagenome_QC_reads/9442_QCreads.md5
[2022-08-05 11:06:11,116] multiqc                                            [DEBUG  ]  File ignored by ccs/v4 because it exceeded search pattern filesize limit: 9442_combined_merged_fastqc.html
[2022-08-05 11:06:11,135] multiqc                                            [DEBUG  ]  File ignored by hicexplorer because it exceeded search pattern filesize limit: 9442_combined_merged_fastqc.html
[2022-08-05 11:06:11,136] multiqc                                            [DEBUG  ]  File ignored by nanostat because it exceeded search pattern filesize limit: 9442_combined_merged_fastqc.html
[2022-08-05 11:06:11,136] multiqc                                            [DEBUG  ]  File ignored by lima/summary because it exceeded search pattern filesize limit: 9442_combined_merged_fastqc.html
[2022-08-05 11:06:11,154] multiqc                                            [DEBUG  ]  File ignored by vep/vep_txt because it exceeded search pattern filesize limit: 9442_combined_merged_fastqc.html
[2022-08-05 11:06:11,154] multiqc                                            [DEBUG  ]  File ignored by longranger/invocation because it exceeded search pattern filesize limit: 9442_combined_merged_fastqc.html
[2022-08-05 11:06:11,154] multiqc                                            [DEBUG  ]  File ignored by rockhopper because it exceeded search pattern filesize limit: 9442_combined_merged_fastqc.html
[2022-08-05 11:06:11,154] multiqc                                            [DEBUG  ]  File ignored by rseqc/bam_stat because it exceeded search pattern filesize limit: 9442_combined_merged_fastqc.html
[2022-08-05 11:06:11,154] multiqc                                            [DEBUG  ]  File ignored by rseqc/junction_annotation because it exceeded search pattern filesize limit: 9442_combined_merged_fastqc.html
[2022-08-05 11:06:11,154] multiqc                                            [DEBUG  ]  File ignored by rseqc/read_distribution because it exceeded search pattern filesize limit: 9442_combined_merged_fastqc.html
[2022-08-05 11:06:11,154] multiqc                                            [DEBUG  ]  File ignored by rseqc/infer_experiment because it exceeded search pattern filesize limit: 9442_combined_merged_fastqc.html
[2022-08-05 11:06:11,976] multiqc                                            [DEBUG  ]  Ignoring file as matched an ignore pattern: 9442_combined_merged.fastq.gz
[2022-08-05 11:06:12,554] multiqc                                            [DEBUG  ]  File ignored by ccs/v4 because it exceeded search pattern filesize limit: 9442_combined_R1p_fastqc.html
[2022-08-05 11:06:12,577] multiqc                                            [DEBUG  ]  File ignored by hicexplorer because it exceeded search pattern filesize limit: 9442_combined_R1p_fastqc.html
[2022-08-05 11:06:12,578] multiqc                                            [DEBUG  ]  File ignored by nanostat because it exceeded search pattern filesize limit: 9442_combined_R1p_fastqc.html
[2022-08-05 11:06:12,578] multiqc                                            [DEBUG  ]  File ignored by lima/summary because it exceeded search pattern filesize limit: 9442_combined_R1p_fastqc.html
[2022-08-05 11:06:12,605] multiqc                                            [DEBUG  ]  File ignored by vep/vep_txt because it exceeded search pattern filesize limit: 9442_combined_R1p_fastqc.html
[2022-08-05 11:06:12,605] multiqc                                            [DEBUG  ]  File ignored by longranger/invocation because it exceeded search pattern filesize limit: 9442_combined_R1p_fastqc.html
[2022-08-05 11:06:12,605] multiqc                                            [DEBUG  ]  File ignored by rockhopper because it exceeded search pattern filesize limit: 9442_combined_R1p_fastqc.html
[2022-08-05 11:06:12,605] multiqc                                            [DEBUG  ]  File ignored by rseqc/bam_stat because it exceeded search pattern filesize limit: 9442_combined_R1p_fastqc.html
[2022-08-05 11:06:12,605] multiqc                                            [DEBUG  ]  File ignored by rseqc/junction_annotation because it exceeded search pattern filesize limit: 9442_combined_R1p_fastqc.html
[2022-08-05 11:06:12,605] multiqc                                            [DEBUG  ]  File ignored by rseqc/read_distribution because it exceeded search pattern filesize limit: 9442_combined_R1p_fastqc.html
[2022-08-05 11:06:12,605] multiqc                                            [DEBUG  ]  File ignored by rseqc/infer_experiment because it exceeded search pattern filesize limit: 9442_combined_R1p_fastqc.html
[2022-08-05 11:06:12,694] multiqc                                            [DEBUG  ]  Ignoring file as matched an ignore pattern: 9442_combined_R1p.fastq.gz
[2022-08-05 11:06:12,981] multiqc                                            [DEBUG  ]  File ignored by ccs/v4 because it exceeded search pattern filesize limit: 9442_combined_R1R2u_fastqc.html
[2022-08-05 11:06:12,990] multiqc                                            [DEBUG  ]  File ignored by hicexplorer because it exceeded search pattern filesize limit: 9442_combined_R1R2u_fastqc.html
[2022-08-05 11:06:12,991] multiqc                                            [DEBUG  ]  File ignored by nanostat because it exceeded search pattern filesize limit: 9442_combined_R1R2u_fastqc.html
[2022-08-05 11:06:12,991] multiqc                                            [DEBUG  ]  File ignored by lima/summary because it exceeded search pattern filesize limit: 9442_combined_R1R2u_fastqc.html
[2022-08-05 11:06:13,008] multiqc                                            [DEBUG  ]  File ignored by vep/vep_txt because it exceeded search pattern filesize limit: 9442_combined_R1R2u_fastqc.html
[2022-08-05 11:06:13,008] multiqc                                            [DEBUG  ]  File ignored by longranger/invocation because it exceeded search pattern filesize limit: 9442_combined_R1R2u_fastqc.html
[2022-08-05 11:06:13,008] multiqc                                            [DEBUG  ]  File ignored by rockhopper because it exceeded search pattern filesize limit: 9442_combined_R1R2u_fastqc.html
[2022-08-05 11:06:13,008] multiqc                                            [DEBUG  ]  File ignored by rseqc/bam_stat because it exceeded search pattern filesize limit: 9442_combined_R1R2u_fastqc.html
[2022-08-05 11:06:13,008] multiqc                                            [DEBUG  ]  File ignored by rseqc/junction_annotation because it exceeded search pattern filesize limit: 9442_combined_R1R2u_fastqc.html
[2022-08-05 11:06:13,008] multiqc                                            [DEBUG  ]  File ignored by rseqc/read_distribution because it exceeded search pattern filesize limit: 9442_combined_R1R2u_fastqc.html
[2022-08-05 11:06:13,008] multiqc                                            [DEBUG  ]  File ignored by rseqc/infer_experiment because it exceeded search pattern filesize limit: 9442_combined_R1R2u_fastqc.html
[2022-08-05 11:06:13,104] multiqc                                            [DEBUG  ]  Ignoring file as matched an ignore pattern: 9442_combined_R1R2u.fastq.gz
[2022-08-05 11:06:13,176] multiqc                                            [DEBUG  ]  File ignored by ccs/v4 because it exceeded search pattern filesize limit: 9442_combined_R2p_fastqc.html
[2022-08-05 11:06:13,190] multiqc                                            [DEBUG  ]  File ignored by hicexplorer because it exceeded search pattern filesize limit: 9442_combined_R2p_fastqc.html
[2022-08-05 11:06:13,191] multiqc                                            [DEBUG  ]  File ignored by nanostat because it exceeded search pattern filesize limit: 9442_combined_R2p_fastqc.html
[2022-08-05 11:06:13,191] multiqc                                            [DEBUG  ]  File ignored by lima/summary because it exceeded search pattern filesize limit: 9442_combined_R2p_fastqc.html
[2022-08-05 11:06:13,228] multiqc                                            [DEBUG  ]  File ignored by vep/vep_txt because it exceeded search pattern filesize limit: 9442_combined_R2p_fastqc.html
[2022-08-05 11:06:13,228] multiqc                                            [DEBUG  ]  File ignored by longranger/invocation because it exceeded search pattern filesize limit: 9442_combined_R2p_fastqc.html
[2022-08-05 11:06:13,228] multiqc                                            [DEBUG  ]  File ignored by rockhopper because it exceeded search pattern filesize limit: 9442_combined_R2p_fastqc.html
[2022-08-05 11:06:13,228] multiqc                                            [DEBUG  ]  File ignored by rseqc/bam_stat because it exceeded search pattern filesize limit: 9442_combined_R2p_fastqc.html
[2022-08-05 11:06:13,228] multiqc                                            [DEBUG  ]  File ignored by rseqc/junction_annotation because it exceeded search pattern filesize limit: 9442_combined_R2p_fastqc.html
[2022-08-05 11:06:13,228] multiqc                                            [DEBUG  ]  File ignored by rseqc/read_distribution because it exceeded search pattern filesize limit: 9442_combined_R2p_fastqc.html
[2022-08-05 11:06:13,228] multiqc                                            [DEBUG  ]  File ignored by rseqc/infer_experiment because it exceeded search pattern filesize limit: 9442_combined_R2p_fastqc.html
[2022-08-05 11:06:13,330] multiqc                                            [DEBUG  ]  Ignoring file as matched an ignore pattern: 9442_combined_R2p.fastq.gz
[2022-08-05 11:06:13,332] multiqc                                            [DEBUG  ]  Ignoring file as matched an ignore pattern: 9442_QCreads.md5
[2022-08-05 11:06:16,378] multiqc.plots.bargraph                             [DEBUG  ]  Using matplotlib version 3.3.4
[2022-08-05 11:06:16,382] multiqc.plots.linegraph                            [DEBUG  ]  Using matplotlib version 3.3.4
[2022-08-05 11:06:16,384] multiqc                                            [DEBUG  ]  No samples found: custom_content
[2022-08-05 11:06:16,389] multiqc                                            [DEBUG  ]  No samples found: ccs
[2022-08-05 11:06:16,394] multiqc                                            [DEBUG  ]  No samples found: ngsderive
[2022-08-05 11:06:16,399] multiqc                                            [DEBUG  ]  No samples found: purple
[2022-08-05 11:06:16,402] multiqc                                            [DEBUG  ]  No samples found: conpair
[2022-08-05 11:06:16,407] multiqc                                            [DEBUG  ]  No samples found: lima
[2022-08-05 11:06:16,412] multiqc                                            [DEBUG  ]  No samples found: peddy
[2022-08-05 11:06:16,418] multiqc                                            [DEBUG  ]  No samples found: somalier
[2022-08-05 11:06:16,422] multiqc                                            [DEBUG  ]  No samples found: methylQA
[2022-08-05 11:06:16,431] multiqc.modules.mosdepth.mosdepth                  [DEBUG  ]  include_contigs: []
[2022-08-05 11:06:16,431] multiqc.modules.mosdepth.mosdepth                  [DEBUG  ]  exclude_contigs: []
[2022-08-05 11:06:16,431] multiqc                                            [DEBUG  ]  No samples found: mosdepth
[2022-08-05 11:06:16,434] multiqc                                            [DEBUG  ]  No samples found: phantompeakqualtools
[2022-08-05 11:06:16,438] multiqc                                            [DEBUG  ]  No samples found: qualimap
[2022-08-05 11:06:16,443] multiqc                                            [DEBUG  ]  No samples found: preseq
[2022-08-05 11:06:16,448] multiqc                                            [DEBUG  ]  No samples found: quast
[2022-08-05 11:06:16,452] multiqc                                            [DEBUG  ]  No samples found: qorts
[2022-08-05 11:06:16,457] multiqc                                            [DEBUG  ]  No samples found: rna_seqc
[2022-08-05 11:06:16,462] multiqc                                            [DEBUG  ]  No samples found: rockhopper
[2022-08-05 11:06:16,465] multiqc                                            [DEBUG  ]  No samples found: rsem
[2022-08-05 11:06:16,479] multiqc                                            [DEBUG  ]  No samples found: rseqc
[2022-08-05 11:06:16,483] multiqc                                            [DEBUG  ]  No samples found: busco
[2022-08-05 11:06:16,487] multiqc                                            [DEBUG  ]  No samples found: bustools
[2022-08-05 11:06:16,491] multiqc                                            [DEBUG  ]  No samples found: goleft_indexcov
[2022-08-05 11:06:16,496] multiqc                                            [DEBUG  ]  No samples found: gffcompare
[2022-08-05 11:06:16,500] multiqc                                            [DEBUG  ]  No samples found: disambiguate
[2022-08-05 11:06:16,505] multiqc                                            [DEBUG  ]  No samples found: supernova
[2022-08-05 11:06:16,520] multiqc                                            [DEBUG  ]  No samples found: deeptools
[2022-08-05 11:06:16,524] multiqc                                            [DEBUG  ]  No samples found: sargasso
[2022-08-05 11:06:16,528] multiqc                                            [DEBUG  ]  No samples found: verifybamid
[2022-08-05 11:06:16,533] multiqc                                            [DEBUG  ]  No samples found: mirtrace
[2022-08-05 11:06:16,538] multiqc                                            [DEBUG  ]  No samples found: happy
[2022-08-05 11:06:16,542] multiqc                                            [DEBUG  ]  No samples found: mirtop
[2022-08-05 11:06:16,546] multiqc                                            [DEBUG  ]  No samples found: sambamba
[2022-08-05 11:06:16,557] multiqc                                            [DEBUG  ]  No samples found: homer
[2022-08-05 11:06:16,561] multiqc                                            [DEBUG  ]  No samples found: hops
[2022-08-05 11:06:16,565] multiqc                                            [DEBUG  ]  No samples found: macs2
[2022-08-05 11:06:16,569] multiqc                                            [DEBUG  ]  No samples found: theta2
[2022-08-05 11:06:16,803] multiqc                                            [DEBUG  ]  No samples found: snpeff
[2022-08-05 11:06:17,045] multiqc                                            [DEBUG  ]  No samples found: gatk
[2022-08-05 11:06:17,049] multiqc                                            [DEBUG  ]  No samples found: htseq
[2022-08-05 11:06:17,055] multiqc                                            [DEBUG  ]  No samples found: bcftools
[2022-08-05 11:06:17,059] multiqc                                            [DEBUG  ]  No samples found: featureCounts
[2022-08-05 11:06:17,065] multiqc                                            [DEBUG  ]  No samples found: fgbio
[2022-08-05 11:06:17,080] multiqc                                            [DEBUG  ]  No samples found: dragen
[2022-08-05 11:06:17,084] multiqc                                            [DEBUG  ]  No samples found: dedup
[2022-08-05 11:06:17,089] multiqc                                            [DEBUG  ]  No samples found: damageprofiler
[2022-08-05 11:06:17,354] multiqc                                            [DEBUG  ]  No samples found: biobambam2
[2022-08-05 11:06:17,359] multiqc                                            [DEBUG  ]  No samples found: jcvi
[2022-08-05 11:06:17,593] multiqc                                            [DEBUG  ]  No samples found: mtnucratio
[2022-08-05 11:06:17,595] multiqc                                            [DEBUG  ]  No samples found: picard
[2022-08-05 11:06:17,600] multiqc                                            [DEBUG  ]  No samples found: vep
[2022-08-05 11:06:17,839] multiqc                                            [DEBUG  ]  No samples found: sentieon
[2022-08-05 11:06:17,844] multiqc                                            [DEBUG  ]  No samples found: prokka
[2022-08-05 11:06:17,851] multiqc                                            [DEBUG  ]  No samples found: qc3C
[2022-08-05 11:06:17,855] multiqc                                            [DEBUG  ]  No samples found: nanostat
[2022-08-05 11:06:17,859] multiqc                                            [DEBUG  ]  No samples found: samblaster
[2022-08-05 11:06:17,869] multiqc                                            [DEBUG  ]  No samples found: samtools
[2022-08-05 11:06:17,874] multiqc                                            [DEBUG  ]  No samples found: sexdeterrmine
[2022-08-05 11:06:17,882] multiqc                                            [DEBUG  ]  No samples found: eigenstratdatabasetools
[2022-08-05 11:06:17,891] multiqc                                            [DEBUG  ]  No samples found: bamtools
[2022-08-05 11:06:17,895] multiqc                                            [DEBUG  ]  No samples found: jellyfish
[2022-08-05 11:06:17,963] multiqc                                            [DEBUG  ]  No samples found: vcftools
[2022-08-05 11:06:17,969] multiqc                                            [DEBUG  ]  No samples found: longranger
[2022-08-05 11:06:17,974] multiqc                                            [DEBUG  ]  No samples found: stacks
[2022-08-05 11:06:17,978] multiqc                                            [DEBUG  ]  No samples found: varscan2
[2022-08-05 11:06:17,983] multiqc                                            [DEBUG  ]  No samples found: snippy
[2022-08-05 11:06:18,479] multiqc                                            [DEBUG  ]  No samples found: bbmap
[2022-08-05 11:06:18,486] multiqc                                            [DEBUG  ]  No samples found: bismark
[2022-08-05 11:06:18,494] multiqc                                            [DEBUG  ]  No samples found: biscuit
[2022-08-05 11:06:18,500] multiqc                                            [DEBUG  ]  No samples found: hicexplorer
[2022-08-05 11:06:18,505] multiqc                                            [DEBUG  ]  No samples found: hicup
[2022-08-05 11:06:18,510] multiqc                                            [DEBUG  ]  No samples found: hicpro
[2022-08-05 11:06:18,515] multiqc                                            [DEBUG  ]  No samples found: salmon
[2022-08-05 11:06:18,520] multiqc                                            [DEBUG  ]  No samples found: kallisto
[2022-08-05 11:06:18,526] multiqc                                            [DEBUG  ]  No samples found: slamdunk
[2022-08-05 11:06:18,761] multiqc                                            [DEBUG  ]  No samples found: star
[2022-08-05 11:06:18,766] multiqc                                            [DEBUG  ]  No samples found: hisat2
[2022-08-05 11:06:18,771] multiqc                                            [DEBUG  ]  No samples found: tophat
[2022-08-05 11:06:18,775] multiqc                                            [DEBUG  ]  No samples found: bowtie2
[2022-08-05 11:06:18,779] multiqc                                            [DEBUG  ]  No samples found: bowtie1
[2022-08-05 11:06:18,784] multiqc                                            [DEBUG  ]  No samples found: snpsplit
[2022-08-05 11:06:18,789] multiqc                                            [DEBUG  ]  No samples found: odgi
[2022-08-05 11:06:18,793] multiqc                                            [DEBUG  ]  No samples found: pangolin
[2022-08-05 11:06:18,797] multiqc                                            [DEBUG  ]  No samples found: kat
[2022-08-05 11:06:18,801] multiqc                                            [DEBUG  ]  No samples found: leehom
[2022-08-05 11:06:18,806] multiqc                                            [DEBUG  ]  No samples found: adapterRemoval
[2022-08-05 11:06:18,812] multiqc                                            [DEBUG  ]  No samples found: clipandmerge
[2022-08-05 11:06:18,816] multiqc                                            [DEBUG  ]  No samples found: cutadapt
[2022-08-05 11:06:18,821] multiqc                                            [DEBUG  ]  No samples found: flexbar
[2022-08-05 11:06:18,827] multiqc                                            [DEBUG  ]  No samples found: kaiju
[2022-08-05 11:06:18,832] multiqc                                            [DEBUG  ]  No samples found: kraken
[2022-08-05 11:06:18,837] multiqc                                            [DEBUG  ]  No samples found: malt
[2022-08-05 11:06:18,842] multiqc                                            [DEBUG  ]  No samples found: trimmomatic
[2022-08-05 11:06:18,847] multiqc                                            [DEBUG  ]  No samples found: sickle
[2022-08-05 11:06:18,852] multiqc                                            [DEBUG  ]  No samples found: skewer
[2022-08-05 11:06:18,856] multiqc                                            [DEBUG  ]  No samples found: sortmerna
[2022-08-05 11:06:18,860] multiqc                                            [DEBUG  ]  No samples found: biobloomtools
[2022-08-05 11:06:18,865] multiqc                                            [DEBUG  ]  No samples found: fastq_screen
[2022-08-05 11:06:18,870] multiqc                                            [DEBUG  ]  No samples found: afterqc
[2022-08-05 11:06:18,875] multiqc                                            [DEBUG  ]  No samples found: fastp
[2022-08-05 11:06:19,431] multiqc.modules.fastqc.fastqc                      [INFO   ]  Found 4 reports
[2022-08-05 11:06:19,477] multiqc                                            [DEBUG  ]  No samples found: pychopper
[2022-08-05 11:06:19,483] multiqc                                            [DEBUG  ]  No samples found: pycoqc
[2022-08-05 11:06:19,487] multiqc                                            [DEBUG  ]  No samples found: minionqc
[2022-08-05 11:06:19,492] multiqc                                            [DEBUG  ]  No samples found: multivcfanalyzer
[2022-08-05 11:06:19,497] multiqc                                            [DEBUG  ]  No samples found: clusterflow
[2022-08-05 11:06:19,503] multiqc                                            [DEBUG  ]  No samples found: bcl2fastq
[2022-08-05 11:06:19,509] multiqc                                            [DEBUG  ]  No samples found: bclconvert
[2022-08-05 11:06:19,514] multiqc                                            [DEBUG  ]  No samples found: interop
[2022-08-05 11:06:19,519] multiqc                                            [DEBUG  ]  No samples found: ivar
[2022-08-05 11:06:19,524] multiqc                                            [DEBUG  ]  No samples found: flash
[2022-08-05 11:06:19,528] multiqc                                            [DEBUG  ]  No samples found: seqyclean
[2022-08-05 11:06:19,532] multiqc                                            [DEBUG  ]  No samples found: optitype
[2022-08-05 11:06:19,536] multiqc                                            [INFO   ]  Compressing plot data
[2022-08-05 11:06:21,547] multiqc                                            [INFO   ]  Report      : 9442_MGSD_CSIRO.qc.stats/multiqc_report.html
[2022-08-05 11:06:21,547] multiqc                                            [INFO   ]  Data        : 9442_MGSD_CSIRO.qc.stats/multiqc_data
[2022-08-05 11:06:21,547] multiqc                                            [DEBUG  ]  Moving data file from '/tmp/smi9a9.8585156/tmpofu4zmcp/multiqc_data' to '9442_MGSD_CSIRO.qc.stats/multiqc_data'
[2022-08-05 11:06:21,931] multiqc                                            [INFO   ]  MultiQC complete
