[2022-08-05 11:11:48,329] multiqc                                            [DEBUG  ]  This is MultiQC v1.11
[2022-08-05 11:11:48,329] multiqc                                            [DEBUG  ]  No MultiQC config found: /apps/multiqc/1.11/lib/python3.9/site-packages/multiqc_config.yaml
[2022-08-05 11:11:48,329] multiqc                                            [DEBUG  ]  No MultiQC config found: /home/smi9a9/.multiqc_config.yaml
[2022-08-05 11:11:48,355] multiqc                                            [DEBUG  ]  No MultiQC config found: multiqc_config.yaml
[2022-08-05 11:11:48,355] multiqc                                            [DEBUG  ]  Command used: /apps/multiqc/1.11/bin/multiqc ./7851_HCGL7BCXX-2_merged_fastqc.html ./7851_HCGL7BCXX-2_merged_fastqc.zip ./7851_HCGL7BCXX-2_merged.fastq.gz ./7851_HCGL7BCXX-2_R1p_fastqc.html ./7851_HCGL7BCXX-2_R1p_fastqc.zip ./7851_HCGL7BCXX-2_R1p.fastq.gz ./7851_HCGL7BCXX-2_R1R2u_fastqc.html ./7851_HCGL7BCXX-2_R1R2u_fastqc.zip ./7851_HCGL7BCXX-2_R1R2u.fastq.gz ./7851_HCGL7BCXX-2_R2p_fastqc.html ./7851_HCGL7BCXX-2_R2p_fastqc.zip ./7851_HCGL7BCXX-2_R2p.fastq.gz ./7851_QCreads.md5 -o 7851_MGSD_CSIRO.qc.stats
[2022-08-05 11:11:48,357] multiqc                                            [DEBUG  ]  Could not connect to multiqc.info for version check: <urlopen error [Errno 111] Connection refused>
[2022-08-05 11:11:48,357] multiqc                                            [DEBUG  ]  Command     : /apps/multiqc/1.11/bin/multiqc ./7851_HCGL7BCXX-2_merged_fastqc.html ./7851_HCGL7BCXX-2_merged_fastqc.zip ./7851_HCGL7BCXX-2_merged.fastq.gz ./7851_HCGL7BCXX-2_R1p_fastqc.html ./7851_HCGL7BCXX-2_R1p_fastqc.zip ./7851_HCGL7BCXX-2_R1p.fastq.gz ./7851_HCGL7BCXX-2_R1R2u_fastqc.html ./7851_HCGL7BCXX-2_R1R2u_fastqc.zip ./7851_HCGL7BCXX-2_R1R2u.fastq.gz ./7851_HCGL7BCXX-2_R2p_fastqc.html ./7851_HCGL7BCXX-2_R2p_fastqc.zip ./7851_HCGL7BCXX-2_R2p.fastq.gz ./7851_QCreads.md5 -o 7851_MGSD_CSIRO.qc.stats
[2022-08-05 11:11:48,357] multiqc                                            [DEBUG  ]  Working dir : /datasets/work/oa-amd/work/amd/Metagenome_QC_reads
[2022-08-05 11:11:48,357] multiqc                                            [DEBUG  ]  Template    : default
[2022-08-05 11:11:48,357] multiqc                                            [DEBUG  ]  Running Python 3.9.4 (default, Apr 25 2021, 16:13:27)  [GCC 10.3.0]
[2022-08-05 11:11:48,357] multiqc                                            [DEBUG  ]  Analysing modules: custom_content, ccs, ngsderive, purple, conpair, lima, peddy, somalier, methylQA, mosdepth, phantompeakqualtools, qualimap, preseq, quast, qorts, rna_seqc, rockhopper, rsem, rseqc, busco, bustools, goleft_indexcov, gffcompare, disambiguate, supernova, deeptools, sargasso, verifybamid, mirtrace, happy, mirtop, sambamba, homer, hops, macs2, theta2, snpeff, gatk, htseq, bcftools, featureCounts, fgbio, dragen, dedup, damageprofiler, biobambam2, jcvi, mtnucratio, picard, vep, sentieon, prokka, qc3C, nanostat, samblaster, samtools, sexdeterrmine, eigenstratdatabasetools, bamtools, jellyfish, vcftools, longranger, stacks, varscan2, snippy, bbmap, bismark, biscuit, hicexplorer, hicup, hicpro, salmon, kallisto, slamdunk, star, hisat2, tophat, bowtie2, bowtie1, snpsplit, odgi, pangolin, kat, leehom, adapterRemoval, clipandmerge, cutadapt, flexbar, kaiju, kraken, malt, trimmomatic, sickle, skewer, sortmerna, biobloomtools, fastq_screen, afterqc, fastp, fastqc, pychopper, pycoqc, minionqc, multivcfanalyzer, clusterflow, bcl2fastq, bclconvert, interop, ivar, flash, seqyclean, optitype
[2022-08-05 11:11:48,357] multiqc                                            [DEBUG  ]  Using temporary directory for creating report: /tmp/smi9a9.8585955/tmp8nffxgcr
[2022-08-05 11:11:48,421] multiqc                                            [INFO   ]  Search path : /datasets/work/oa-amd/work/amd/Metagenome_QC_reads/7851_HCGL7BCXX-2_merged_fastqc.html
[2022-08-05 11:11:48,421] multiqc                                            [INFO   ]  Search path : /datasets/work/oa-amd/work/amd/Metagenome_QC_reads/7851_HCGL7BCXX-2_merged_fastqc.zip
[2022-08-05 11:11:48,421] multiqc                                            [INFO   ]  Search path : /datasets/work/oa-amd/work/amd/Metagenome_QC_reads/7851_HCGL7BCXX-2_merged.fastq.gz
[2022-08-05 11:11:48,421] multiqc                                            [INFO   ]  Search path : /datasets/work/oa-amd/work/amd/Metagenome_QC_reads/7851_HCGL7BCXX-2_R1p_fastqc.html
[2022-08-05 11:11:48,421] multiqc                                            [INFO   ]  Search path : /datasets/work/oa-amd/work/amd/Metagenome_QC_reads/7851_HCGL7BCXX-2_R1p_fastqc.zip
[2022-08-05 11:11:48,421] multiqc                                            [INFO   ]  Search path : /datasets/work/oa-amd/work/amd/Metagenome_QC_reads/7851_HCGL7BCXX-2_R1p.fastq.gz
[2022-08-05 11:11:48,421] multiqc                                            [INFO   ]  Search path : /datasets/work/oa-amd/work/amd/Metagenome_QC_reads/7851_HCGL7BCXX-2_R1R2u_fastqc.html
[2022-08-05 11:11:48,421] multiqc                                            [INFO   ]  Search path : /datasets/work/oa-amd/work/amd/Metagenome_QC_reads/7851_HCGL7BCXX-2_R1R2u_fastqc.zip
[2022-08-05 11:11:48,421] multiqc                                            [INFO   ]  Search path : /datasets/work/oa-amd/work/amd/Metagenome_QC_reads/7851_HCGL7BCXX-2_R1R2u.fastq.gz
[2022-08-05 11:11:48,421] multiqc                                            [INFO   ]  Search path : /datasets/work/oa-amd/work/amd/Metagenome_QC_reads/7851_HCGL7BCXX-2_R2p_fastqc.html
[2022-08-05 11:11:48,421] multiqc                                            [INFO   ]  Search path : /datasets/work/oa-amd/work/amd/Metagenome_QC_reads/7851_HCGL7BCXX-2_R2p_fastqc.zip
[2022-08-05 11:11:48,421] multiqc                                            [INFO   ]  Search path : /datasets/work/oa-amd/work/amd/Metagenome_QC_reads/7851_HCGL7BCXX-2_R2p.fastq.gz
[2022-08-05 11:11:48,421] multiqc                                            [INFO   ]  Search path : /datasets/work/oa-amd/work/amd/Metagenome_QC_reads/7851_QCreads.md5
[2022-08-05 11:11:48,638] multiqc                                            [DEBUG  ]  File ignored by ccs/v4 because it exceeded search pattern filesize limit: 7851_HCGL7BCXX-2_merged_fastqc.html
[2022-08-05 11:11:48,650] multiqc                                            [DEBUG  ]  File ignored by hicexplorer because it exceeded search pattern filesize limit: 7851_HCGL7BCXX-2_merged_fastqc.html
[2022-08-05 11:11:48,652] multiqc                                            [DEBUG  ]  File ignored by nanostat because it exceeded search pattern filesize limit: 7851_HCGL7BCXX-2_merged_fastqc.html
[2022-08-05 11:11:48,652] multiqc                                            [DEBUG  ]  File ignored by lima/summary because it exceeded search pattern filesize limit: 7851_HCGL7BCXX-2_merged_fastqc.html
[2022-08-05 11:11:48,670] multiqc                                            [DEBUG  ]  File ignored by vep/vep_txt because it exceeded search pattern filesize limit: 7851_HCGL7BCXX-2_merged_fastqc.html
[2022-08-05 11:11:48,670] multiqc                                            [DEBUG  ]  File ignored by longranger/invocation because it exceeded search pattern filesize limit: 7851_HCGL7BCXX-2_merged_fastqc.html
[2022-08-05 11:11:48,670] multiqc                                            [DEBUG  ]  File ignored by rockhopper because it exceeded search pattern filesize limit: 7851_HCGL7BCXX-2_merged_fastqc.html
[2022-08-05 11:11:48,670] multiqc                                            [DEBUG  ]  File ignored by rseqc/bam_stat because it exceeded search pattern filesize limit: 7851_HCGL7BCXX-2_merged_fastqc.html
[2022-08-05 11:11:48,670] multiqc                                            [DEBUG  ]  File ignored by rseqc/junction_annotation because it exceeded search pattern filesize limit: 7851_HCGL7BCXX-2_merged_fastqc.html
[2022-08-05 11:11:48,670] multiqc                                            [DEBUG  ]  File ignored by rseqc/read_distribution because it exceeded search pattern filesize limit: 7851_HCGL7BCXX-2_merged_fastqc.html
[2022-08-05 11:11:48,670] multiqc                                            [DEBUG  ]  File ignored by rseqc/infer_experiment because it exceeded search pattern filesize limit: 7851_HCGL7BCXX-2_merged_fastqc.html
[2022-08-05 11:11:48,791] multiqc                                            [DEBUG  ]  Ignoring file as matched an ignore pattern: 7851_HCGL7BCXX-2_merged.fastq.gz
[2022-08-05 11:11:48,854] multiqc                                            [DEBUG  ]  File ignored by ccs/v4 because it exceeded search pattern filesize limit: 7851_HCGL7BCXX-2_R1p_fastqc.html
[2022-08-05 11:11:48,864] multiqc                                            [DEBUG  ]  File ignored by hicexplorer because it exceeded search pattern filesize limit: 7851_HCGL7BCXX-2_R1p_fastqc.html
[2022-08-05 11:11:48,865] multiqc                                            [DEBUG  ]  File ignored by nanostat because it exceeded search pattern filesize limit: 7851_HCGL7BCXX-2_R1p_fastqc.html
[2022-08-05 11:11:48,865] multiqc                                            [DEBUG  ]  File ignored by lima/summary because it exceeded search pattern filesize limit: 7851_HCGL7BCXX-2_R1p_fastqc.html
[2022-08-05 11:11:48,894] multiqc                                            [DEBUG  ]  File ignored by vep/vep_txt because it exceeded search pattern filesize limit: 7851_HCGL7BCXX-2_R1p_fastqc.html
[2022-08-05 11:11:48,894] multiqc                                            [DEBUG  ]  File ignored by longranger/invocation because it exceeded search pattern filesize limit: 7851_HCGL7BCXX-2_R1p_fastqc.html
[2022-08-05 11:11:48,894] multiqc                                            [DEBUG  ]  File ignored by rockhopper because it exceeded search pattern filesize limit: 7851_HCGL7BCXX-2_R1p_fastqc.html
[2022-08-05 11:11:48,894] multiqc                                            [DEBUG  ]  File ignored by rseqc/bam_stat because it exceeded search pattern filesize limit: 7851_HCGL7BCXX-2_R1p_fastqc.html
[2022-08-05 11:11:48,894] multiqc                                            [DEBUG  ]  File ignored by rseqc/junction_annotation because it exceeded search pattern filesize limit: 7851_HCGL7BCXX-2_R1p_fastqc.html
[2022-08-05 11:11:48,895] multiqc                                            [DEBUG  ]  File ignored by rseqc/read_distribution because it exceeded search pattern filesize limit: 7851_HCGL7BCXX-2_R1p_fastqc.html
[2022-08-05 11:11:48,895] multiqc                                            [DEBUG  ]  File ignored by rseqc/infer_experiment because it exceeded search pattern filesize limit: 7851_HCGL7BCXX-2_R1p_fastqc.html
[2022-08-05 11:11:49,012] multiqc                                            [DEBUG  ]  Ignoring file as matched an ignore pattern: 7851_HCGL7BCXX-2_R1p.fastq.gz
[2022-08-05 11:11:49,314] multiqc                                            [DEBUG  ]  File ignored by ccs/v4 because it exceeded search pattern filesize limit: 7851_HCGL7BCXX-2_R1R2u_fastqc.html
[2022-08-05 11:11:49,323] multiqc                                            [DEBUG  ]  File ignored by hicexplorer because it exceeded search pattern filesize limit: 7851_HCGL7BCXX-2_R1R2u_fastqc.html
[2022-08-05 11:11:49,324] multiqc                                            [DEBUG  ]  File ignored by nanostat because it exceeded search pattern filesize limit: 7851_HCGL7BCXX-2_R1R2u_fastqc.html
[2022-08-05 11:11:49,324] multiqc                                            [DEBUG  ]  File ignored by lima/summary because it exceeded search pattern filesize limit: 7851_HCGL7BCXX-2_R1R2u_fastqc.html
[2022-08-05 11:11:49,369] multiqc                                            [DEBUG  ]  File ignored by vep/vep_txt because it exceeded search pattern filesize limit: 7851_HCGL7BCXX-2_R1R2u_fastqc.html
[2022-08-05 11:11:49,369] multiqc                                            [DEBUG  ]  File ignored by longranger/invocation because it exceeded search pattern filesize limit: 7851_HCGL7BCXX-2_R1R2u_fastqc.html
[2022-08-05 11:11:49,369] multiqc                                            [DEBUG  ]  File ignored by rockhopper because it exceeded search pattern filesize limit: 7851_HCGL7BCXX-2_R1R2u_fastqc.html
[2022-08-05 11:11:49,369] multiqc                                            [DEBUG  ]  File ignored by rseqc/bam_stat because it exceeded search pattern filesize limit: 7851_HCGL7BCXX-2_R1R2u_fastqc.html
[2022-08-05 11:11:49,369] multiqc                                            [DEBUG  ]  File ignored by rseqc/junction_annotation because it exceeded search pattern filesize limit: 7851_HCGL7BCXX-2_R1R2u_fastqc.html
[2022-08-05 11:11:49,369] multiqc                                            [DEBUG  ]  File ignored by rseqc/read_distribution because it exceeded search pattern filesize limit: 7851_HCGL7BCXX-2_R1R2u_fastqc.html
[2022-08-05 11:11:49,369] multiqc                                            [DEBUG  ]  File ignored by rseqc/infer_experiment because it exceeded search pattern filesize limit: 7851_HCGL7BCXX-2_R1R2u_fastqc.html
[2022-08-05 11:11:49,527] multiqc                                            [DEBUG  ]  Ignoring file as matched an ignore pattern: 7851_HCGL7BCXX-2_R1R2u.fastq.gz
[2022-08-05 11:11:49,604] multiqc                                            [DEBUG  ]  File ignored by ccs/v4 because it exceeded search pattern filesize limit: 7851_HCGL7BCXX-2_R2p_fastqc.html
[2022-08-05 11:11:49,607] multiqc                                            [DEBUG  ]  File ignored by hicexplorer because it exceeded search pattern filesize limit: 7851_HCGL7BCXX-2_R2p_fastqc.html
[2022-08-05 11:11:49,608] multiqc                                            [DEBUG  ]  File ignored by nanostat because it exceeded search pattern filesize limit: 7851_HCGL7BCXX-2_R2p_fastqc.html
[2022-08-05 11:11:49,608] multiqc                                            [DEBUG  ]  File ignored by lima/summary because it exceeded search pattern filesize limit: 7851_HCGL7BCXX-2_R2p_fastqc.html
[2022-08-05 11:11:49,614] multiqc                                            [DEBUG  ]  File ignored by vep/vep_txt because it exceeded search pattern filesize limit: 7851_HCGL7BCXX-2_R2p_fastqc.html
[2022-08-05 11:11:49,614] multiqc                                            [DEBUG  ]  File ignored by longranger/invocation because it exceeded search pattern filesize limit: 7851_HCGL7BCXX-2_R2p_fastqc.html
[2022-08-05 11:11:49,614] multiqc                                            [DEBUG  ]  File ignored by rockhopper because it exceeded search pattern filesize limit: 7851_HCGL7BCXX-2_R2p_fastqc.html
[2022-08-05 11:11:49,614] multiqc                                            [DEBUG  ]  File ignored by rseqc/bam_stat because it exceeded search pattern filesize limit: 7851_HCGL7BCXX-2_R2p_fastqc.html
[2022-08-05 11:11:49,614] multiqc                                            [DEBUG  ]  File ignored by rseqc/junction_annotation because it exceeded search pattern filesize limit: 7851_HCGL7BCXX-2_R2p_fastqc.html
[2022-08-05 11:11:49,614] multiqc                                            [DEBUG  ]  File ignored by rseqc/read_distribution because it exceeded search pattern filesize limit: 7851_HCGL7BCXX-2_R2p_fastqc.html
[2022-08-05 11:11:49,615] multiqc                                            [DEBUG  ]  File ignored by rseqc/infer_experiment because it exceeded search pattern filesize limit: 7851_HCGL7BCXX-2_R2p_fastqc.html
[2022-08-05 11:11:49,678] multiqc                                            [DEBUG  ]  Ignoring file as matched an ignore pattern: 7851_HCGL7BCXX-2_R2p.fastq.gz
[2022-08-05 11:11:49,678] multiqc                                            [DEBUG  ]  Ignoring file as matched an ignore pattern: 7851_QCreads.md5
[2022-08-05 11:11:50,284] multiqc.plots.bargraph                             [DEBUG  ]  Using matplotlib version 3.3.4
[2022-08-05 11:11:50,289] multiqc.plots.linegraph                            [DEBUG  ]  Using matplotlib version 3.3.4
[2022-08-05 11:11:50,293] multiqc                                            [DEBUG  ]  No samples found: custom_content
[2022-08-05 11:11:50,300] multiqc                                            [DEBUG  ]  No samples found: ccs
[2022-08-05 11:11:50,308] multiqc                                            [DEBUG  ]  No samples found: ngsderive
[2022-08-05 11:11:50,314] multiqc                                            [DEBUG  ]  No samples found: purple
[2022-08-05 11:11:50,319] multiqc                                            [DEBUG  ]  No samples found: conpair
[2022-08-05 11:11:50,325] multiqc                                            [DEBUG  ]  No samples found: lima
[2022-08-05 11:11:50,331] multiqc                                            [DEBUG  ]  No samples found: peddy
[2022-08-05 11:11:50,338] multiqc                                            [DEBUG  ]  No samples found: somalier
[2022-08-05 11:11:50,344] multiqc                                            [DEBUG  ]  No samples found: methylQA
[2022-08-05 11:11:50,355] multiqc.modules.mosdepth.mosdepth                  [DEBUG  ]  include_contigs: []
[2022-08-05 11:11:50,355] multiqc.modules.mosdepth.mosdepth                  [DEBUG  ]  exclude_contigs: []
[2022-08-05 11:11:50,355] multiqc                                            [DEBUG  ]  No samples found: mosdepth
[2022-08-05 11:11:50,361] multiqc                                            [DEBUG  ]  No samples found: phantompeakqualtools
[2022-08-05 11:11:50,365] multiqc                                            [DEBUG  ]  No samples found: qualimap
[2022-08-05 11:11:50,372] multiqc                                            [DEBUG  ]  No samples found: preseq
[2022-08-05 11:11:50,377] multiqc                                            [DEBUG  ]  No samples found: quast
[2022-08-05 11:11:50,383] multiqc                                            [DEBUG  ]  No samples found: qorts
[2022-08-05 11:11:50,388] multiqc                                            [DEBUG  ]  No samples found: rna_seqc
[2022-08-05 11:11:50,393] multiqc                                            [DEBUG  ]  No samples found: rockhopper
[2022-08-05 11:11:50,398] multiqc                                            [DEBUG  ]  No samples found: rsem
[2022-08-05 11:11:50,418] multiqc                                            [DEBUG  ]  No samples found: rseqc
[2022-08-05 11:11:50,423] multiqc                                            [DEBUG  ]  No samples found: busco
[2022-08-05 11:11:50,428] multiqc                                            [DEBUG  ]  No samples found: bustools
[2022-08-05 11:11:50,433] multiqc                                            [DEBUG  ]  No samples found: goleft_indexcov
[2022-08-05 11:11:50,439] multiqc                                            [DEBUG  ]  No samples found: gffcompare
[2022-08-05 11:11:50,443] multiqc                                            [DEBUG  ]  No samples found: disambiguate
[2022-08-05 11:11:50,450] multiqc                                            [DEBUG  ]  No samples found: supernova
[2022-08-05 11:11:50,467] multiqc                                            [DEBUG  ]  No samples found: deeptools
[2022-08-05 11:11:50,475] multiqc                                            [DEBUG  ]  No samples found: sargasso
[2022-08-05 11:11:50,483] multiqc                                            [DEBUG  ]  No samples found: verifybamid
[2022-08-05 11:11:50,491] multiqc                                            [DEBUG  ]  No samples found: mirtrace
[2022-08-05 11:11:50,497] multiqc                                            [DEBUG  ]  No samples found: happy
[2022-08-05 11:11:50,502] multiqc                                            [DEBUG  ]  No samples found: mirtop
[2022-08-05 11:11:50,509] multiqc                                            [DEBUG  ]  No samples found: sambamba
[2022-08-05 11:11:50,518] multiqc                                            [DEBUG  ]  No samples found: homer
[2022-08-05 11:11:50,523] multiqc                                            [DEBUG  ]  No samples found: hops
[2022-08-05 11:11:50,527] multiqc                                            [DEBUG  ]  No samples found: macs2
[2022-08-05 11:11:50,531] multiqc                                            [DEBUG  ]  No samples found: theta2
[2022-08-05 11:11:50,537] multiqc                                            [DEBUG  ]  No samples found: snpeff
[2022-08-05 11:11:50,545] multiqc                                            [DEBUG  ]  No samples found: gatk
[2022-08-05 11:11:50,549] multiqc                                            [DEBUG  ]  No samples found: htseq
[2022-08-05 11:11:50,555] multiqc                                            [DEBUG  ]  No samples found: bcftools
[2022-08-05 11:11:50,560] multiqc                                            [DEBUG  ]  No samples found: featureCounts
[2022-08-05 11:11:50,566] multiqc                                            [DEBUG  ]  No samples found: fgbio
[2022-08-05 11:11:50,584] multiqc                                            [DEBUG  ]  No samples found: dragen
[2022-08-05 11:11:50,589] multiqc                                            [DEBUG  ]  No samples found: dedup
[2022-08-05 11:11:50,594] multiqc                                            [DEBUG  ]  No samples found: damageprofiler
[2022-08-05 11:11:50,865] multiqc                                            [DEBUG  ]  No samples found: biobambam2
[2022-08-05 11:11:50,873] multiqc                                            [DEBUG  ]  No samples found: jcvi
[2022-08-05 11:11:50,878] multiqc                                            [DEBUG  ]  No samples found: mtnucratio
[2022-08-05 11:11:50,880] multiqc                                            [DEBUG  ]  No samples found: picard
[2022-08-05 11:11:50,886] multiqc                                            [DEBUG  ]  No samples found: vep
[2022-08-05 11:11:50,895] multiqc                                            [DEBUG  ]  No samples found: sentieon
[2022-08-05 11:11:50,900] multiqc                                            [DEBUG  ]  No samples found: prokka
[2022-08-05 11:11:50,907] multiqc                                            [DEBUG  ]  No samples found: qc3C
[2022-08-05 11:11:50,912] multiqc                                            [DEBUG  ]  No samples found: nanostat
[2022-08-05 11:11:50,917] multiqc                                            [DEBUG  ]  No samples found: samblaster
[2022-08-05 11:11:50,927] multiqc                                            [DEBUG  ]  No samples found: samtools
[2022-08-05 11:11:50,932] multiqc                                            [DEBUG  ]  No samples found: sexdeterrmine
[2022-08-05 11:11:50,938] multiqc                                            [DEBUG  ]  No samples found: eigenstratdatabasetools
[2022-08-05 11:11:50,943] multiqc                                            [DEBUG  ]  No samples found: bamtools
[2022-08-05 11:11:50,948] multiqc                                            [DEBUG  ]  No samples found: jellyfish
[2022-08-05 11:11:50,957] multiqc                                            [DEBUG  ]  No samples found: vcftools
[2022-08-05 11:11:50,966] multiqc                                            [DEBUG  ]  No samples found: longranger
[2022-08-05 11:11:50,971] multiqc                                            [DEBUG  ]  No samples found: stacks
[2022-08-05 11:11:50,977] multiqc                                            [DEBUG  ]  No samples found: varscan2
[2022-08-05 11:11:50,982] multiqc                                            [DEBUG  ]  No samples found: snippy
[2022-08-05 11:11:51,010] multiqc                                            [DEBUG  ]  No samples found: bbmap
[2022-08-05 11:11:51,247] multiqc                                            [DEBUG  ]  No samples found: bismark
[2022-08-05 11:11:51,259] multiqc                                            [DEBUG  ]  No samples found: biscuit
[2022-08-05 11:11:51,264] multiqc                                            [DEBUG  ]  No samples found: hicexplorer
[2022-08-05 11:11:51,269] multiqc                                            [DEBUG  ]  No samples found: hicup
[2022-08-05 11:11:51,274] multiqc                                            [DEBUG  ]  No samples found: hicpro
[2022-08-05 11:11:51,279] multiqc                                            [DEBUG  ]  No samples found: salmon
[2022-08-05 11:11:51,284] multiqc                                            [DEBUG  ]  No samples found: kallisto
[2022-08-05 11:11:51,291] multiqc                                            [DEBUG  ]  No samples found: slamdunk
[2022-08-05 11:11:51,299] multiqc                                            [DEBUG  ]  No samples found: star
[2022-08-05 11:11:51,307] multiqc                                            [DEBUG  ]  No samples found: hisat2
[2022-08-05 11:11:51,542] multiqc                                            [DEBUG  ]  No samples found: tophat
[2022-08-05 11:11:51,778] multiqc                                            [DEBUG  ]  No samples found: bowtie2
[2022-08-05 11:11:51,788] multiqc                                            [DEBUG  ]  No samples found: bowtie1
[2022-08-05 11:11:51,796] multiqc                                            [DEBUG  ]  No samples found: snpsplit
[2022-08-05 11:11:51,801] multiqc                                            [DEBUG  ]  No samples found: odgi
[2022-08-05 11:11:52,037] multiqc                                            [DEBUG  ]  No samples found: pangolin
[2022-08-05 11:11:52,286] multiqc                                            [DEBUG  ]  No samples found: kat
[2022-08-05 11:11:52,290] multiqc                                            [DEBUG  ]  No samples found: leehom
[2022-08-05 11:11:52,296] multiqc                                            [DEBUG  ]  No samples found: adapterRemoval
[2022-08-05 11:11:52,300] multiqc                                            [DEBUG  ]  No samples found: clipandmerge
[2022-08-05 11:11:52,305] multiqc                                            [DEBUG  ]  No samples found: cutadapt
[2022-08-05 11:11:52,310] multiqc                                            [DEBUG  ]  No samples found: flexbar
[2022-08-05 11:11:52,315] multiqc                                            [DEBUG  ]  No samples found: kaiju
[2022-08-05 11:11:52,322] multiqc                                            [DEBUG  ]  No samples found: kraken
[2022-08-05 11:11:52,326] multiqc                                            [DEBUG  ]  No samples found: malt
[2022-08-05 11:11:52,331] multiqc                                            [DEBUG  ]  No samples found: trimmomatic
[2022-08-05 11:11:52,796] multiqc                                            [DEBUG  ]  No samples found: sickle
[2022-08-05 11:11:52,804] multiqc                                            [DEBUG  ]  No samples found: skewer
[2022-08-05 11:11:52,809] multiqc                                            [DEBUG  ]  No samples found: sortmerna
[2022-08-05 11:11:52,815] multiqc                                            [DEBUG  ]  No samples found: biobloomtools
[2022-08-05 11:11:52,821] multiqc                                            [DEBUG  ]  No samples found: fastq_screen
[2022-08-05 11:11:52,825] multiqc                                            [DEBUG  ]  No samples found: afterqc
[2022-08-05 11:11:52,831] multiqc                                            [DEBUG  ]  No samples found: fastp
[2022-08-05 11:11:53,397] multiqc.modules.fastqc.fastqc                      [INFO   ]  Found 4 reports
[2022-08-05 11:11:53,515] multiqc                                            [DEBUG  ]  No samples found: pychopper
[2022-08-05 11:11:53,546] multiqc                                            [DEBUG  ]  No samples found: pycoqc
[2022-08-05 11:11:53,575] multiqc                                            [DEBUG  ]  No samples found: minionqc
[2022-08-05 11:11:53,591] multiqc                                            [DEBUG  ]  No samples found: multivcfanalyzer
[2022-08-05 11:11:53,607] multiqc                                            [DEBUG  ]  No samples found: clusterflow
[2022-08-05 11:11:53,627] multiqc                                            [DEBUG  ]  No samples found: bcl2fastq
[2022-08-05 11:11:53,644] multiqc                                            [DEBUG  ]  No samples found: bclconvert
[2022-08-05 11:11:53,658] multiqc                                            [DEBUG  ]  No samples found: interop
[2022-08-05 11:11:53,670] multiqc                                            [DEBUG  ]  No samples found: ivar
[2022-08-05 11:11:53,683] multiqc                                            [DEBUG  ]  No samples found: flash
[2022-08-05 11:11:53,693] multiqc                                            [DEBUG  ]  No samples found: seqyclean
[2022-08-05 11:11:53,704] multiqc                                            [DEBUG  ]  No samples found: optitype
[2022-08-05 11:11:53,709] multiqc                                            [INFO   ]  Compressing plot data
[2022-08-05 11:11:53,965] multiqc                                            [INFO   ]  Report      : 7851_MGSD_CSIRO.qc.stats/multiqc_report.html
[2022-08-05 11:11:53,965] multiqc                                            [INFO   ]  Data        : 7851_MGSD_CSIRO.qc.stats/multiqc_data
[2022-08-05 11:11:53,965] multiqc                                            [DEBUG  ]  Moving data file from '/tmp/smi9a9.8585955/tmp8nffxgcr/multiqc_data' to '7851_MGSD_CSIRO.qc.stats/multiqc_data'
[2022-08-05 11:11:55,112] multiqc                                            [INFO   ]  MultiQC complete
