[2022-08-05 11:06:52,034] multiqc                                            [DEBUG  ]  This is MultiQC v1.11
[2022-08-05 11:06:52,035] multiqc                                            [DEBUG  ]  No MultiQC config found: /apps/multiqc/1.11/lib/python3.9/site-packages/multiqc_config.yaml
[2022-08-05 11:06:52,035] multiqc                                            [DEBUG  ]  No MultiQC config found: /home/smi9a9/.multiqc_config.yaml
[2022-08-05 11:06:52,035] multiqc                                            [DEBUG  ]  No MultiQC config found: multiqc_config.yaml
[2022-08-05 11:06:52,035] multiqc                                            [DEBUG  ]  Command used: /apps/multiqc/1.11/bin/multiqc ./13733_H3NJ2BCXX-2_merged_fastqc.html ./13733_H3NJ2BCXX-2_merged_fastqc.zip ./13733_H3NJ2BCXX-2_merged.fastq.gz ./13733_H3NJ2BCXX-2_R1p_fastqc.html ./13733_H3NJ2BCXX-2_R1p_fastqc.zip ./13733_H3NJ2BCXX-2_R1p.fastq.gz ./13733_H3NJ2BCXX-2_R1R2u_fastqc.html ./13733_H3NJ2BCXX-2_R1R2u_fastqc.zip ./13733_H3NJ2BCXX-2_R1R2u.fastq.gz ./13733_H3NJ2BCXX-2_R2p_fastqc.html ./13733_H3NJ2BCXX-2_R2p_fastqc.zip ./13733_H3NJ2BCXX-2_R2p.fastq.gz ./13733_QCreads.md5 -o 13733_MGSD_CSIRO.qc.stats
[2022-08-05 11:06:52,038] multiqc                                            [DEBUG  ]  Could not connect to multiqc.info for version check: <urlopen error [Errno 111] Connection refused>
[2022-08-05 11:06:52,038] multiqc                                            [DEBUG  ]  Command     : /apps/multiqc/1.11/bin/multiqc ./13733_H3NJ2BCXX-2_merged_fastqc.html ./13733_H3NJ2BCXX-2_merged_fastqc.zip ./13733_H3NJ2BCXX-2_merged.fastq.gz ./13733_H3NJ2BCXX-2_R1p_fastqc.html ./13733_H3NJ2BCXX-2_R1p_fastqc.zip ./13733_H3NJ2BCXX-2_R1p.fastq.gz ./13733_H3NJ2BCXX-2_R1R2u_fastqc.html ./13733_H3NJ2BCXX-2_R1R2u_fastqc.zip ./13733_H3NJ2BCXX-2_R1R2u.fastq.gz ./13733_H3NJ2BCXX-2_R2p_fastqc.html ./13733_H3NJ2BCXX-2_R2p_fastqc.zip ./13733_H3NJ2BCXX-2_R2p.fastq.gz ./13733_QCreads.md5 -o 13733_MGSD_CSIRO.qc.stats
[2022-08-05 11:06:52,038] multiqc                                            [DEBUG  ]  Working dir : /datasets/work/oa-amd/work/amd/Metagenome_QC_reads
[2022-08-05 11:06:52,038] multiqc                                            [DEBUG  ]  Template    : default
[2022-08-05 11:06:52,038] multiqc                                            [DEBUG  ]  Running Python 3.9.4 (default, Apr 25 2021, 16:13:27)  [GCC 10.3.0]
[2022-08-05 11:06:52,038] multiqc                                            [DEBUG  ]  Analysing modules: custom_content, ccs, ngsderive, purple, conpair, lima, peddy, somalier, methylQA, mosdepth, phantompeakqualtools, qualimap, preseq, quast, qorts, rna_seqc, rockhopper, rsem, rseqc, busco, bustools, goleft_indexcov, gffcompare, disambiguate, supernova, deeptools, sargasso, verifybamid, mirtrace, happy, mirtop, sambamba, homer, hops, macs2, theta2, snpeff, gatk, htseq, bcftools, featureCounts, fgbio, dragen, dedup, damageprofiler, biobambam2, jcvi, mtnucratio, picard, vep, sentieon, prokka, qc3C, nanostat, samblaster, samtools, sexdeterrmine, eigenstratdatabasetools, bamtools, jellyfish, vcftools, longranger, stacks, varscan2, snippy, bbmap, bismark, biscuit, hicexplorer, hicup, hicpro, salmon, kallisto, slamdunk, star, hisat2, tophat, bowtie2, bowtie1, snpsplit, odgi, pangolin, kat, leehom, adapterRemoval, clipandmerge, cutadapt, flexbar, kaiju, kraken, malt, trimmomatic, sickle, skewer, sortmerna, biobloomtools, fastq_screen, afterqc, fastp, fastqc, pychopper, pycoqc, minionqc, multivcfanalyzer, clusterflow, bcl2fastq, bclconvert, interop, ivar, flash, seqyclean, optitype
[2022-08-05 11:06:52,038] multiqc                                            [DEBUG  ]  Using temporary directory for creating report: /tmp/smi9a9.8585389/tmpm5vkdbgh
[2022-08-05 11:06:52,327] multiqc                                            [INFO   ]  Search path : /datasets/work/oa-amd/work/amd/Metagenome_QC_reads/13733_H3NJ2BCXX-2_merged_fastqc.html
[2022-08-05 11:06:52,327] multiqc                                            [INFO   ]  Search path : /datasets/work/oa-amd/work/amd/Metagenome_QC_reads/13733_H3NJ2BCXX-2_merged_fastqc.zip
[2022-08-05 11:06:52,327] multiqc                                            [INFO   ]  Search path : /datasets/work/oa-amd/work/amd/Metagenome_QC_reads/13733_H3NJ2BCXX-2_merged.fastq.gz
[2022-08-05 11:06:52,327] multiqc                                            [INFO   ]  Search path : /datasets/work/oa-amd/work/amd/Metagenome_QC_reads/13733_H3NJ2BCXX-2_R1p_fastqc.html
[2022-08-05 11:06:52,327] multiqc                                            [INFO   ]  Search path : /datasets/work/oa-amd/work/amd/Metagenome_QC_reads/13733_H3NJ2BCXX-2_R1p_fastqc.zip
[2022-08-05 11:06:52,327] multiqc                                            [INFO   ]  Search path : /datasets/work/oa-amd/work/amd/Metagenome_QC_reads/13733_H3NJ2BCXX-2_R1p.fastq.gz
[2022-08-05 11:06:52,327] multiqc                                            [INFO   ]  Search path : /datasets/work/oa-amd/work/amd/Metagenome_QC_reads/13733_H3NJ2BCXX-2_R1R2u_fastqc.html
[2022-08-05 11:06:52,327] multiqc                                            [INFO   ]  Search path : /datasets/work/oa-amd/work/amd/Metagenome_QC_reads/13733_H3NJ2BCXX-2_R1R2u_fastqc.zip
[2022-08-05 11:06:52,327] multiqc                                            [INFO   ]  Search path : /datasets/work/oa-amd/work/amd/Metagenome_QC_reads/13733_H3NJ2BCXX-2_R1R2u.fastq.gz
[2022-08-05 11:06:52,327] multiqc                                            [INFO   ]  Search path : /datasets/work/oa-amd/work/amd/Metagenome_QC_reads/13733_H3NJ2BCXX-2_R2p_fastqc.html
[2022-08-05 11:06:52,327] multiqc                                            [INFO   ]  Search path : /datasets/work/oa-amd/work/amd/Metagenome_QC_reads/13733_H3NJ2BCXX-2_R2p_fastqc.zip
[2022-08-05 11:06:52,327] multiqc                                            [INFO   ]  Search path : /datasets/work/oa-amd/work/amd/Metagenome_QC_reads/13733_H3NJ2BCXX-2_R2p.fastq.gz
[2022-08-05 11:06:52,327] multiqc                                            [INFO   ]  Search path : /datasets/work/oa-amd/work/amd/Metagenome_QC_reads/13733_QCreads.md5
[2022-08-05 11:06:52,754] multiqc                                            [DEBUG  ]  File ignored by ccs/v4 because it exceeded search pattern filesize limit: 13733_H3NJ2BCXX-2_merged_fastqc.html
[2022-08-05 11:06:52,783] multiqc                                            [DEBUG  ]  File ignored by hicexplorer because it exceeded search pattern filesize limit: 13733_H3NJ2BCXX-2_merged_fastqc.html
[2022-08-05 11:06:52,784] multiqc                                            [DEBUG  ]  File ignored by nanostat because it exceeded search pattern filesize limit: 13733_H3NJ2BCXX-2_merged_fastqc.html
[2022-08-05 11:06:52,784] multiqc                                            [DEBUG  ]  File ignored by lima/summary because it exceeded search pattern filesize limit: 13733_H3NJ2BCXX-2_merged_fastqc.html
[2022-08-05 11:06:53,590] multiqc                                            [DEBUG  ]  File ignored by vep/vep_txt because it exceeded search pattern filesize limit: 13733_H3NJ2BCXX-2_merged_fastqc.html
[2022-08-05 11:06:53,590] multiqc                                            [DEBUG  ]  File ignored by longranger/invocation because it exceeded search pattern filesize limit: 13733_H3NJ2BCXX-2_merged_fastqc.html
[2022-08-05 11:06:53,590] multiqc                                            [DEBUG  ]  File ignored by rockhopper because it exceeded search pattern filesize limit: 13733_H3NJ2BCXX-2_merged_fastqc.html
[2022-08-05 11:06:53,590] multiqc                                            [DEBUG  ]  File ignored by rseqc/bam_stat because it exceeded search pattern filesize limit: 13733_H3NJ2BCXX-2_merged_fastqc.html
[2022-08-05 11:06:53,590] multiqc                                            [DEBUG  ]  File ignored by rseqc/junction_annotation because it exceeded search pattern filesize limit: 13733_H3NJ2BCXX-2_merged_fastqc.html
[2022-08-05 11:06:53,590] multiqc                                            [DEBUG  ]  File ignored by rseqc/read_distribution because it exceeded search pattern filesize limit: 13733_H3NJ2BCXX-2_merged_fastqc.html
[2022-08-05 11:06:53,590] multiqc                                            [DEBUG  ]  File ignored by rseqc/infer_experiment because it exceeded search pattern filesize limit: 13733_H3NJ2BCXX-2_merged_fastqc.html
[2022-08-05 11:06:54,006] multiqc                                            [DEBUG  ]  Ignoring file as matched an ignore pattern: 13733_H3NJ2BCXX-2_merged.fastq.gz
[2022-08-05 11:06:54,434] multiqc                                            [DEBUG  ]  File ignored by ccs/v4 because it exceeded search pattern filesize limit: 13733_H3NJ2BCXX-2_R1p_fastqc.html
[2022-08-05 11:06:54,453] multiqc                                            [DEBUG  ]  File ignored by hicexplorer because it exceeded search pattern filesize limit: 13733_H3NJ2BCXX-2_R1p_fastqc.html
[2022-08-05 11:06:54,457] multiqc                                            [DEBUG  ]  File ignored by nanostat because it exceeded search pattern filesize limit: 13733_H3NJ2BCXX-2_R1p_fastqc.html
[2022-08-05 11:06:54,457] multiqc                                            [DEBUG  ]  File ignored by lima/summary because it exceeded search pattern filesize limit: 13733_H3NJ2BCXX-2_R1p_fastqc.html
[2022-08-05 11:06:54,666] multiqc                                            [DEBUG  ]  File ignored by vep/vep_txt because it exceeded search pattern filesize limit: 13733_H3NJ2BCXX-2_R1p_fastqc.html
[2022-08-05 11:06:54,666] multiqc                                            [DEBUG  ]  File ignored by longranger/invocation because it exceeded search pattern filesize limit: 13733_H3NJ2BCXX-2_R1p_fastqc.html
[2022-08-05 11:06:54,666] multiqc                                            [DEBUG  ]  File ignored by rockhopper because it exceeded search pattern filesize limit: 13733_H3NJ2BCXX-2_R1p_fastqc.html
[2022-08-05 11:06:54,666] multiqc                                            [DEBUG  ]  File ignored by rseqc/bam_stat because it exceeded search pattern filesize limit: 13733_H3NJ2BCXX-2_R1p_fastqc.html
[2022-08-05 11:06:54,666] multiqc                                            [DEBUG  ]  File ignored by rseqc/junction_annotation because it exceeded search pattern filesize limit: 13733_H3NJ2BCXX-2_R1p_fastqc.html
[2022-08-05 11:06:54,666] multiqc                                            [DEBUG  ]  File ignored by rseqc/read_distribution because it exceeded search pattern filesize limit: 13733_H3NJ2BCXX-2_R1p_fastqc.html
[2022-08-05 11:06:54,666] multiqc                                            [DEBUG  ]  File ignored by rseqc/infer_experiment because it exceeded search pattern filesize limit: 13733_H3NJ2BCXX-2_R1p_fastqc.html
[2022-08-05 11:06:54,743] multiqc                                            [DEBUG  ]  Ignoring file as matched an ignore pattern: 13733_H3NJ2BCXX-2_R1p.fastq.gz
[2022-08-05 11:06:55,017] multiqc                                            [DEBUG  ]  File ignored by ccs/v4 because it exceeded search pattern filesize limit: 13733_H3NJ2BCXX-2_R1R2u_fastqc.html
[2022-08-05 11:06:55,025] multiqc                                            [DEBUG  ]  File ignored by hicexplorer because it exceeded search pattern filesize limit: 13733_H3NJ2BCXX-2_R1R2u_fastqc.html
[2022-08-05 11:06:55,026] multiqc                                            [DEBUG  ]  File ignored by nanostat because it exceeded search pattern filesize limit: 13733_H3NJ2BCXX-2_R1R2u_fastqc.html
[2022-08-05 11:06:55,026] multiqc                                            [DEBUG  ]  File ignored by lima/summary because it exceeded search pattern filesize limit: 13733_H3NJ2BCXX-2_R1R2u_fastqc.html
[2022-08-05 11:06:55,045] multiqc                                            [DEBUG  ]  File ignored by vep/vep_txt because it exceeded search pattern filesize limit: 13733_H3NJ2BCXX-2_R1R2u_fastqc.html
[2022-08-05 11:06:55,046] multiqc                                            [DEBUG  ]  File ignored by longranger/invocation because it exceeded search pattern filesize limit: 13733_H3NJ2BCXX-2_R1R2u_fastqc.html
[2022-08-05 11:06:55,046] multiqc                                            [DEBUG  ]  File ignored by rockhopper because it exceeded search pattern filesize limit: 13733_H3NJ2BCXX-2_R1R2u_fastqc.html
[2022-08-05 11:06:55,046] multiqc                                            [DEBUG  ]  File ignored by rseqc/bam_stat because it exceeded search pattern filesize limit: 13733_H3NJ2BCXX-2_R1R2u_fastqc.html
[2022-08-05 11:06:55,046] multiqc                                            [DEBUG  ]  File ignored by rseqc/junction_annotation because it exceeded search pattern filesize limit: 13733_H3NJ2BCXX-2_R1R2u_fastqc.html
[2022-08-05 11:06:55,046] multiqc                                            [DEBUG  ]  File ignored by rseqc/read_distribution because it exceeded search pattern filesize limit: 13733_H3NJ2BCXX-2_R1R2u_fastqc.html
[2022-08-05 11:06:55,046] multiqc                                            [DEBUG  ]  File ignored by rseqc/infer_experiment because it exceeded search pattern filesize limit: 13733_H3NJ2BCXX-2_R1R2u_fastqc.html
[2022-08-05 11:06:55,141] multiqc                                            [DEBUG  ]  Ignoring file as matched an ignore pattern: 13733_H3NJ2BCXX-2_R1R2u.fastq.gz
[2022-08-05 11:06:56,001] multiqc                                            [DEBUG  ]  File ignored by ccs/v4 because it exceeded search pattern filesize limit: 13733_H3NJ2BCXX-2_R2p_fastqc.html
[2022-08-05 11:06:56,307] multiqc                                            [DEBUG  ]  File ignored by hicexplorer because it exceeded search pattern filesize limit: 13733_H3NJ2BCXX-2_R2p_fastqc.html
[2022-08-05 11:06:56,323] multiqc                                            [DEBUG  ]  File ignored by nanostat because it exceeded search pattern filesize limit: 13733_H3NJ2BCXX-2_R2p_fastqc.html
[2022-08-05 11:06:56,323] multiqc                                            [DEBUG  ]  File ignored by lima/summary because it exceeded search pattern filesize limit: 13733_H3NJ2BCXX-2_R2p_fastqc.html
[2022-08-05 11:06:56,392] multiqc                                            [DEBUG  ]  File ignored by vep/vep_txt because it exceeded search pattern filesize limit: 13733_H3NJ2BCXX-2_R2p_fastqc.html
[2022-08-05 11:06:56,392] multiqc                                            [DEBUG  ]  File ignored by longranger/invocation because it exceeded search pattern filesize limit: 13733_H3NJ2BCXX-2_R2p_fastqc.html
[2022-08-05 11:06:56,393] multiqc                                            [DEBUG  ]  File ignored by rockhopper because it exceeded search pattern filesize limit: 13733_H3NJ2BCXX-2_R2p_fastqc.html
[2022-08-05 11:06:56,393] multiqc                                            [DEBUG  ]  File ignored by rseqc/bam_stat because it exceeded search pattern filesize limit: 13733_H3NJ2BCXX-2_R2p_fastqc.html
[2022-08-05 11:06:56,393] multiqc                                            [DEBUG  ]  File ignored by rseqc/junction_annotation because it exceeded search pattern filesize limit: 13733_H3NJ2BCXX-2_R2p_fastqc.html
[2022-08-05 11:06:56,393] multiqc                                            [DEBUG  ]  File ignored by rseqc/read_distribution because it exceeded search pattern filesize limit: 13733_H3NJ2BCXX-2_R2p_fastqc.html
[2022-08-05 11:06:56,393] multiqc                                            [DEBUG  ]  File ignored by rseqc/infer_experiment because it exceeded search pattern filesize limit: 13733_H3NJ2BCXX-2_R2p_fastqc.html
[2022-08-05 11:06:56,602] multiqc                                            [DEBUG  ]  Ignoring file as matched an ignore pattern: 13733_H3NJ2BCXX-2_R2p.fastq.gz
[2022-08-05 11:06:56,603] multiqc                                            [DEBUG  ]  Ignoring file as matched an ignore pattern: 13733_QCreads.md5
[2022-08-05 11:06:57,556] multiqc.plots.bargraph                             [DEBUG  ]  Using matplotlib version 3.3.4
[2022-08-05 11:06:57,560] multiqc.plots.linegraph                            [DEBUG  ]  Using matplotlib version 3.3.4
[2022-08-05 11:06:57,562] multiqc                                            [DEBUG  ]  No samples found: custom_content
[2022-08-05 11:06:57,567] multiqc                                            [DEBUG  ]  No samples found: ccs
[2022-08-05 11:06:57,573] multiqc                                            [DEBUG  ]  No samples found: ngsderive
[2022-08-05 11:06:57,577] multiqc                                            [DEBUG  ]  No samples found: purple
[2022-08-05 11:06:57,581] multiqc                                            [DEBUG  ]  No samples found: conpair
[2022-08-05 11:06:57,585] multiqc                                            [DEBUG  ]  No samples found: lima
[2022-08-05 11:06:57,590] multiqc                                            [DEBUG  ]  No samples found: peddy
[2022-08-05 11:06:57,597] multiqc                                            [DEBUG  ]  No samples found: somalier
[2022-08-05 11:06:57,601] multiqc                                            [DEBUG  ]  No samples found: methylQA
[2022-08-05 11:06:57,611] multiqc.modules.mosdepth.mosdepth                  [DEBUG  ]  include_contigs: []
[2022-08-05 11:06:57,611] multiqc.modules.mosdepth.mosdepth                  [DEBUG  ]  exclude_contigs: []
[2022-08-05 11:06:57,611] multiqc                                            [DEBUG  ]  No samples found: mosdepth
[2022-08-05 11:06:57,615] multiqc                                            [DEBUG  ]  No samples found: phantompeakqualtools
[2022-08-05 11:06:57,618] multiqc                                            [DEBUG  ]  No samples found: qualimap
[2022-08-05 11:06:57,624] multiqc                                            [DEBUG  ]  No samples found: preseq
[2022-08-05 11:06:57,629] multiqc                                            [DEBUG  ]  No samples found: quast
[2022-08-05 11:06:57,633] multiqc                                            [DEBUG  ]  No samples found: qorts
[2022-08-05 11:06:57,638] multiqc                                            [DEBUG  ]  No samples found: rna_seqc
[2022-08-05 11:06:57,643] multiqc                                            [DEBUG  ]  No samples found: rockhopper
[2022-08-05 11:06:57,647] multiqc                                            [DEBUG  ]  No samples found: rsem
[2022-08-05 11:06:57,662] multiqc                                            [DEBUG  ]  No samples found: rseqc
[2022-08-05 11:06:57,666] multiqc                                            [DEBUG  ]  No samples found: busco
[2022-08-05 11:06:57,670] multiqc                                            [DEBUG  ]  No samples found: bustools
[2022-08-05 11:06:57,675] multiqc                                            [DEBUG  ]  No samples found: goleft_indexcov
[2022-08-05 11:06:57,680] multiqc                                            [DEBUG  ]  No samples found: gffcompare
[2022-08-05 11:06:57,684] multiqc                                            [DEBUG  ]  No samples found: disambiguate
[2022-08-05 11:06:57,690] multiqc                                            [DEBUG  ]  No samples found: supernova
[2022-08-05 11:06:57,705] multiqc                                            [DEBUG  ]  No samples found: deeptools
[2022-08-05 11:06:57,710] multiqc                                            [DEBUG  ]  No samples found: sargasso
[2022-08-05 11:06:57,714] multiqc                                            [DEBUG  ]  No samples found: verifybamid
[2022-08-05 11:06:57,720] multiqc                                            [DEBUG  ]  No samples found: mirtrace
[2022-08-05 11:06:57,724] multiqc                                            [DEBUG  ]  No samples found: happy
[2022-08-05 11:06:57,729] multiqc                                            [DEBUG  ]  No samples found: mirtop
[2022-08-05 11:06:57,734] multiqc                                            [DEBUG  ]  No samples found: sambamba
[2022-08-05 11:06:57,742] multiqc                                            [DEBUG  ]  No samples found: homer
[2022-08-05 11:06:57,745] multiqc                                            [DEBUG  ]  No samples found: hops
[2022-08-05 11:06:57,749] multiqc                                            [DEBUG  ]  No samples found: macs2
[2022-08-05 11:06:57,753] multiqc                                            [DEBUG  ]  No samples found: theta2
[2022-08-05 11:06:57,758] multiqc                                            [DEBUG  ]  No samples found: snpeff
[2022-08-05 11:06:57,766] multiqc                                            [DEBUG  ]  No samples found: gatk
[2022-08-05 11:06:57,770] multiqc                                            [DEBUG  ]  No samples found: htseq
[2022-08-05 11:06:57,776] multiqc                                            [DEBUG  ]  No samples found: bcftools
[2022-08-05 11:06:57,781] multiqc                                            [DEBUG  ]  No samples found: featureCounts
[2022-08-05 11:06:57,787] multiqc                                            [DEBUG  ]  No samples found: fgbio
[2022-08-05 11:06:57,803] multiqc                                            [DEBUG  ]  No samples found: dragen
[2022-08-05 11:06:57,807] multiqc                                            [DEBUG  ]  No samples found: dedup
[2022-08-05 11:06:57,812] multiqc                                            [DEBUG  ]  No samples found: damageprofiler
[2022-08-05 11:06:57,847] multiqc                                            [DEBUG  ]  No samples found: biobambam2
[2022-08-05 11:06:57,853] multiqc                                            [DEBUG  ]  No samples found: jcvi
[2022-08-05 11:06:57,857] multiqc                                            [DEBUG  ]  No samples found: mtnucratio
[2022-08-05 11:06:57,859] multiqc                                            [DEBUG  ]  No samples found: picard
[2022-08-05 11:06:57,864] multiqc                                            [DEBUG  ]  No samples found: vep
[2022-08-05 11:06:57,872] multiqc                                            [DEBUG  ]  No samples found: sentieon
[2022-08-05 11:06:57,876] multiqc                                            [DEBUG  ]  No samples found: prokka
[2022-08-05 11:06:57,883] multiqc                                            [DEBUG  ]  No samples found: qc3C
[2022-08-05 11:06:57,888] multiqc                                            [DEBUG  ]  No samples found: nanostat
[2022-08-05 11:06:57,892] multiqc                                            [DEBUG  ]  No samples found: samblaster
[2022-08-05 11:06:57,901] multiqc                                            [DEBUG  ]  No samples found: samtools
[2022-08-05 11:06:57,905] multiqc                                            [DEBUG  ]  No samples found: sexdeterrmine
[2022-08-05 11:06:57,909] multiqc                                            [DEBUG  ]  No samples found: eigenstratdatabasetools
[2022-08-05 11:06:57,914] multiqc                                            [DEBUG  ]  No samples found: bamtools
[2022-08-05 11:06:57,918] multiqc                                            [DEBUG  ]  No samples found: jellyfish
[2022-08-05 11:06:57,925] multiqc                                            [DEBUG  ]  No samples found: vcftools
[2022-08-05 11:06:57,930] multiqc                                            [DEBUG  ]  No samples found: longranger
[2022-08-05 11:06:58,165] multiqc                                            [DEBUG  ]  No samples found: stacks
[2022-08-05 11:06:58,170] multiqc                                            [DEBUG  ]  No samples found: varscan2
[2022-08-05 11:06:58,176] multiqc                                            [DEBUG  ]  No samples found: snippy
[2022-08-05 11:06:58,661] multiqc                                            [DEBUG  ]  No samples found: bbmap
[2022-08-05 11:06:58,667] multiqc                                            [DEBUG  ]  No samples found: bismark
[2022-08-05 11:06:58,676] multiqc                                            [DEBUG  ]  No samples found: biscuit
[2022-08-05 11:06:58,681] multiqc                                            [DEBUG  ]  No samples found: hicexplorer
[2022-08-05 11:06:58,686] multiqc                                            [DEBUG  ]  No samples found: hicup
[2022-08-05 11:06:58,691] multiqc                                            [DEBUG  ]  No samples found: hicpro
[2022-08-05 11:06:58,695] multiqc                                            [DEBUG  ]  No samples found: salmon
[2022-08-05 11:06:58,700] multiqc                                            [DEBUG  ]  No samples found: kallisto
[2022-08-05 11:06:58,706] multiqc                                            [DEBUG  ]  No samples found: slamdunk
[2022-08-05 11:06:58,712] multiqc                                            [DEBUG  ]  No samples found: star
[2022-08-05 11:06:58,716] multiqc                                            [DEBUG  ]  No samples found: hisat2
[2022-08-05 11:06:58,721] multiqc                                            [DEBUG  ]  No samples found: tophat
[2022-08-05 11:06:58,725] multiqc                                            [DEBUG  ]  No samples found: bowtie2
[2022-08-05 11:06:58,730] multiqc                                            [DEBUG  ]  No samples found: bowtie1
[2022-08-05 11:06:58,735] multiqc                                            [DEBUG  ]  No samples found: snpsplit
[2022-08-05 11:06:58,740] multiqc                                            [DEBUG  ]  No samples found: odgi
[2022-08-05 11:06:58,744] multiqc                                            [DEBUG  ]  No samples found: pangolin
[2022-08-05 11:06:58,748] multiqc                                            [DEBUG  ]  No samples found: kat
[2022-08-05 11:06:58,752] multiqc                                            [DEBUG  ]  No samples found: leehom
[2022-08-05 11:06:58,757] multiqc                                            [DEBUG  ]  No samples found: adapterRemoval
[2022-08-05 11:06:58,761] multiqc                                            [DEBUG  ]  No samples found: clipandmerge
[2022-08-05 11:06:58,766] multiqc                                            [DEBUG  ]  No samples found: cutadapt
[2022-08-05 11:06:58,770] multiqc                                            [DEBUG  ]  No samples found: flexbar
[2022-08-05 11:06:58,775] multiqc                                            [DEBUG  ]  No samples found: kaiju
[2022-08-05 11:06:58,780] multiqc                                            [DEBUG  ]  No samples found: kraken
[2022-08-05 11:06:58,785] multiqc                                            [DEBUG  ]  No samples found: malt
[2022-08-05 11:06:58,790] multiqc                                            [DEBUG  ]  No samples found: trimmomatic
[2022-08-05 11:06:58,794] multiqc                                            [DEBUG  ]  No samples found: sickle
[2022-08-05 11:06:58,798] multiqc                                            [DEBUG  ]  No samples found: skewer
[2022-08-05 11:06:58,803] multiqc                                            [DEBUG  ]  No samples found: sortmerna
[2022-08-05 11:06:58,807] multiqc                                            [DEBUG  ]  No samples found: biobloomtools
[2022-08-05 11:06:58,812] multiqc                                            [DEBUG  ]  No samples found: fastq_screen
[2022-08-05 11:06:58,816] multiqc                                            [DEBUG  ]  No samples found: afterqc
[2022-08-05 11:06:58,822] multiqc                                            [DEBUG  ]  No samples found: fastp
[2022-08-05 11:06:59,073] multiqc.modules.fastqc.fastqc                      [INFO   ]  Found 4 reports
[2022-08-05 11:06:59,154] multiqc                                            [DEBUG  ]  No samples found: pychopper
[2022-08-05 11:06:59,159] multiqc                                            [DEBUG  ]  No samples found: pycoqc
[2022-08-05 11:06:59,164] multiqc                                            [DEBUG  ]  No samples found: minionqc
[2022-08-05 11:06:59,169] multiqc                                            [DEBUG  ]  No samples found: multivcfanalyzer
[2022-08-05 11:06:59,175] multiqc                                            [DEBUG  ]  No samples found: clusterflow
[2022-08-05 11:06:59,181] multiqc                                            [DEBUG  ]  No samples found: bcl2fastq
[2022-08-05 11:06:59,418] multiqc                                            [DEBUG  ]  No samples found: bclconvert
[2022-08-05 11:06:59,423] multiqc                                            [DEBUG  ]  No samples found: interop
[2022-08-05 11:06:59,427] multiqc                                            [DEBUG  ]  No samples found: ivar
[2022-08-05 11:06:59,432] multiqc                                            [DEBUG  ]  No samples found: flash
[2022-08-05 11:06:59,436] multiqc                                            [DEBUG  ]  No samples found: seqyclean
[2022-08-05 11:06:59,440] multiqc                                            [DEBUG  ]  No samples found: optitype
[2022-08-05 11:06:59,445] multiqc                                            [INFO   ]  Compressing plot data
[2022-08-05 11:06:59,506] multiqc                                            [INFO   ]  Report      : 13733_MGSD_CSIRO.qc.stats/multiqc_report.html
[2022-08-05 11:06:59,506] multiqc                                            [INFO   ]  Data        : 13733_MGSD_CSIRO.qc.stats/multiqc_data
[2022-08-05 11:06:59,506] multiqc                                            [DEBUG  ]  Moving data file from '/tmp/smi9a9.8585389/tmpm5vkdbgh/multiqc_data' to '13733_MGSD_CSIRO.qc.stats/multiqc_data'
[2022-08-05 11:06:59,631] multiqc                                            [INFO   ]  MultiQC complete
