[2022-08-05 11:04:50,208] multiqc                                            [DEBUG  ]  This is MultiQC v1.11
[2022-08-05 11:04:50,208] multiqc                                            [DEBUG  ]  No MultiQC config found: /apps/multiqc/1.11/lib/python3.9/site-packages/multiqc_config.yaml
[2022-08-05 11:04:50,208] multiqc                                            [DEBUG  ]  No MultiQC config found: /home/smi9a9/.multiqc_config.yaml
[2022-08-05 11:04:50,209] multiqc                                            [DEBUG  ]  No MultiQC config found: multiqc_config.yaml
[2022-08-05 11:04:50,209] multiqc                                            [DEBUG  ]  Command used: /apps/multiqc/1.11/bin/multiqc ./12834_HFKW2BCXX-2_merged_fastqc.html ./12834_HFKW2BCXX-2_merged_fastqc.zip ./12834_HFKW2BCXX-2_merged.fastq.gz ./12834_HFKW2BCXX-2_R1p_fastqc.html ./12834_HFKW2BCXX-2_R1p_fastqc.zip ./12834_HFKW2BCXX-2_R1p.fastq.gz ./12834_HFKW2BCXX-2_R1R2u_fastqc.html ./12834_HFKW2BCXX-2_R1R2u_fastqc.zip ./12834_HFKW2BCXX-2_R1R2u.fastq.gz ./12834_HFKW2BCXX-2_R2p_fastqc.html ./12834_HFKW2BCXX-2_R2p_fastqc.zip ./12834_HFKW2BCXX-2_R2p.fastq.gz ./12834_QCreads.md5 -o 12834_MGSD_CSIRO.qc.stats
[2022-08-05 11:04:50,211] multiqc                                            [DEBUG  ]  Could not connect to multiqc.info for version check: <urlopen error [Errno 111] Connection refused>
[2022-08-05 11:04:50,211] multiqc                                            [DEBUG  ]  Command     : /apps/multiqc/1.11/bin/multiqc ./12834_HFKW2BCXX-2_merged_fastqc.html ./12834_HFKW2BCXX-2_merged_fastqc.zip ./12834_HFKW2BCXX-2_merged.fastq.gz ./12834_HFKW2BCXX-2_R1p_fastqc.html ./12834_HFKW2BCXX-2_R1p_fastqc.zip ./12834_HFKW2BCXX-2_R1p.fastq.gz ./12834_HFKW2BCXX-2_R1R2u_fastqc.html ./12834_HFKW2BCXX-2_R1R2u_fastqc.zip ./12834_HFKW2BCXX-2_R1R2u.fastq.gz ./12834_HFKW2BCXX-2_R2p_fastqc.html ./12834_HFKW2BCXX-2_R2p_fastqc.zip ./12834_HFKW2BCXX-2_R2p.fastq.gz ./12834_QCreads.md5 -o 12834_MGSD_CSIRO.qc.stats
[2022-08-05 11:04:50,211] multiqc                                            [DEBUG  ]  Working dir : /datasets/work/oa-amd/work/amd/Metagenome_QC_reads
[2022-08-05 11:04:50,211] multiqc                                            [DEBUG  ]  Template    : default
[2022-08-05 11:04:50,211] multiqc                                            [DEBUG  ]  Running Python 3.9.4 (default, Apr 25 2021, 16:13:27)  [GCC 10.3.0]
[2022-08-05 11:04:50,212] multiqc                                            [DEBUG  ]  Analysing modules: custom_content, ccs, ngsderive, purple, conpair, lima, peddy, somalier, methylQA, mosdepth, phantompeakqualtools, qualimap, preseq, quast, qorts, rna_seqc, rockhopper, rsem, rseqc, busco, bustools, goleft_indexcov, gffcompare, disambiguate, supernova, deeptools, sargasso, verifybamid, mirtrace, happy, mirtop, sambamba, homer, hops, macs2, theta2, snpeff, gatk, htseq, bcftools, featureCounts, fgbio, dragen, dedup, damageprofiler, biobambam2, jcvi, mtnucratio, picard, vep, sentieon, prokka, qc3C, nanostat, samblaster, samtools, sexdeterrmine, eigenstratdatabasetools, bamtools, jellyfish, vcftools, longranger, stacks, varscan2, snippy, bbmap, bismark, biscuit, hicexplorer, hicup, hicpro, salmon, kallisto, slamdunk, star, hisat2, tophat, bowtie2, bowtie1, snpsplit, odgi, pangolin, kat, leehom, adapterRemoval, clipandmerge, cutadapt, flexbar, kaiju, kraken, malt, trimmomatic, sickle, skewer, sortmerna, biobloomtools, fastq_screen, afterqc, fastp, fastqc, pychopper, pycoqc, minionqc, multivcfanalyzer, clusterflow, bcl2fastq, bclconvert, interop, ivar, flash, seqyclean, optitype
[2022-08-05 11:04:50,212] multiqc                                            [DEBUG  ]  Using temporary directory for creating report: /tmp/smi9a9.8584701/tmpue9w8yg_
[2022-08-05 11:04:50,503] multiqc                                            [INFO   ]  Search path : /datasets/work/oa-amd/work/amd/Metagenome_QC_reads/12834_HFKW2BCXX-2_merged_fastqc.html
[2022-08-05 11:04:50,503] multiqc                                            [INFO   ]  Search path : /datasets/work/oa-amd/work/amd/Metagenome_QC_reads/12834_HFKW2BCXX-2_merged_fastqc.zip
[2022-08-05 11:04:50,504] multiqc                                            [INFO   ]  Search path : /datasets/work/oa-amd/work/amd/Metagenome_QC_reads/12834_HFKW2BCXX-2_merged.fastq.gz
[2022-08-05 11:04:50,504] multiqc                                            [INFO   ]  Search path : /datasets/work/oa-amd/work/amd/Metagenome_QC_reads/12834_HFKW2BCXX-2_R1p_fastqc.html
[2022-08-05 11:04:50,504] multiqc                                            [INFO   ]  Search path : /datasets/work/oa-amd/work/amd/Metagenome_QC_reads/12834_HFKW2BCXX-2_R1p_fastqc.zip
[2022-08-05 11:04:50,504] multiqc                                            [INFO   ]  Search path : /datasets/work/oa-amd/work/amd/Metagenome_QC_reads/12834_HFKW2BCXX-2_R1p.fastq.gz
[2022-08-05 11:04:50,504] multiqc                                            [INFO   ]  Search path : /datasets/work/oa-amd/work/amd/Metagenome_QC_reads/12834_HFKW2BCXX-2_R1R2u_fastqc.html
[2022-08-05 11:04:50,504] multiqc                                            [INFO   ]  Search path : /datasets/work/oa-amd/work/amd/Metagenome_QC_reads/12834_HFKW2BCXX-2_R1R2u_fastqc.zip
[2022-08-05 11:04:50,504] multiqc                                            [INFO   ]  Search path : /datasets/work/oa-amd/work/amd/Metagenome_QC_reads/12834_HFKW2BCXX-2_R1R2u.fastq.gz
[2022-08-05 11:04:50,504] multiqc                                            [INFO   ]  Search path : /datasets/work/oa-amd/work/amd/Metagenome_QC_reads/12834_HFKW2BCXX-2_R2p_fastqc.html
[2022-08-05 11:04:50,504] multiqc                                            [INFO   ]  Search path : /datasets/work/oa-amd/work/amd/Metagenome_QC_reads/12834_HFKW2BCXX-2_R2p_fastqc.zip
[2022-08-05 11:04:50,504] multiqc                                            [INFO   ]  Search path : /datasets/work/oa-amd/work/amd/Metagenome_QC_reads/12834_HFKW2BCXX-2_R2p.fastq.gz
[2022-08-05 11:04:50,504] multiqc                                            [INFO   ]  Search path : /datasets/work/oa-amd/work/amd/Metagenome_QC_reads/12834_QCreads.md5
[2022-08-05 11:04:50,861] multiqc                                            [DEBUG  ]  File ignored by ccs/v4 because it exceeded search pattern filesize limit: 12834_HFKW2BCXX-2_merged_fastqc.html
[2022-08-05 11:04:50,885] multiqc                                            [DEBUG  ]  File ignored by hicexplorer because it exceeded search pattern filesize limit: 12834_HFKW2BCXX-2_merged_fastqc.html
[2022-08-05 11:04:50,886] multiqc                                            [DEBUG  ]  File ignored by nanostat because it exceeded search pattern filesize limit: 12834_HFKW2BCXX-2_merged_fastqc.html
[2022-08-05 11:04:50,886] multiqc                                            [DEBUG  ]  File ignored by lima/summary because it exceeded search pattern filesize limit: 12834_HFKW2BCXX-2_merged_fastqc.html
[2022-08-05 11:04:50,940] multiqc                                            [DEBUG  ]  File ignored by vep/vep_txt because it exceeded search pattern filesize limit: 12834_HFKW2BCXX-2_merged_fastqc.html
[2022-08-05 11:04:50,941] multiqc                                            [DEBUG  ]  File ignored by longranger/invocation because it exceeded search pattern filesize limit: 12834_HFKW2BCXX-2_merged_fastqc.html
[2022-08-05 11:04:50,941] multiqc                                            [DEBUG  ]  File ignored by rockhopper because it exceeded search pattern filesize limit: 12834_HFKW2BCXX-2_merged_fastqc.html
[2022-08-05 11:04:50,941] multiqc                                            [DEBUG  ]  File ignored by rseqc/bam_stat because it exceeded search pattern filesize limit: 12834_HFKW2BCXX-2_merged_fastqc.html
[2022-08-05 11:04:50,941] multiqc                                            [DEBUG  ]  File ignored by rseqc/junction_annotation because it exceeded search pattern filesize limit: 12834_HFKW2BCXX-2_merged_fastqc.html
[2022-08-05 11:04:50,941] multiqc                                            [DEBUG  ]  File ignored by rseqc/read_distribution because it exceeded search pattern filesize limit: 12834_HFKW2BCXX-2_merged_fastqc.html
[2022-08-05 11:04:50,941] multiqc                                            [DEBUG  ]  File ignored by rseqc/infer_experiment because it exceeded search pattern filesize limit: 12834_HFKW2BCXX-2_merged_fastqc.html
[2022-08-05 11:04:51,347] multiqc                                            [DEBUG  ]  Ignoring file as matched an ignore pattern: 12834_HFKW2BCXX-2_merged.fastq.gz
[2022-08-05 11:04:51,485] multiqc                                            [DEBUG  ]  File ignored by ccs/v4 because it exceeded search pattern filesize limit: 12834_HFKW2BCXX-2_R1p_fastqc.html
[2022-08-05 11:04:52,009] multiqc                                            [DEBUG  ]  File ignored by hicexplorer because it exceeded search pattern filesize limit: 12834_HFKW2BCXX-2_R1p_fastqc.html
[2022-08-05 11:04:52,010] multiqc                                            [DEBUG  ]  File ignored by nanostat because it exceeded search pattern filesize limit: 12834_HFKW2BCXX-2_R1p_fastqc.html
[2022-08-05 11:04:52,010] multiqc                                            [DEBUG  ]  File ignored by lima/summary because it exceeded search pattern filesize limit: 12834_HFKW2BCXX-2_R1p_fastqc.html
[2022-08-05 11:04:53,208] multiqc                                            [DEBUG  ]  File ignored by vep/vep_txt because it exceeded search pattern filesize limit: 12834_HFKW2BCXX-2_R1p_fastqc.html
[2022-08-05 11:04:53,208] multiqc                                            [DEBUG  ]  File ignored by longranger/invocation because it exceeded search pattern filesize limit: 12834_HFKW2BCXX-2_R1p_fastqc.html
[2022-08-05 11:04:53,208] multiqc                                            [DEBUG  ]  File ignored by rockhopper because it exceeded search pattern filesize limit: 12834_HFKW2BCXX-2_R1p_fastqc.html
[2022-08-05 11:04:53,208] multiqc                                            [DEBUG  ]  File ignored by rseqc/bam_stat because it exceeded search pattern filesize limit: 12834_HFKW2BCXX-2_R1p_fastqc.html
[2022-08-05 11:04:53,208] multiqc                                            [DEBUG  ]  File ignored by rseqc/junction_annotation because it exceeded search pattern filesize limit: 12834_HFKW2BCXX-2_R1p_fastqc.html
[2022-08-05 11:04:53,208] multiqc                                            [DEBUG  ]  File ignored by rseqc/read_distribution because it exceeded search pattern filesize limit: 12834_HFKW2BCXX-2_R1p_fastqc.html
[2022-08-05 11:04:53,208] multiqc                                            [DEBUG  ]  File ignored by rseqc/infer_experiment because it exceeded search pattern filesize limit: 12834_HFKW2BCXX-2_R1p_fastqc.html
[2022-08-05 11:04:53,298] multiqc                                            [DEBUG  ]  Ignoring file as matched an ignore pattern: 12834_HFKW2BCXX-2_R1p.fastq.gz
[2022-08-05 11:04:53,356] multiqc                                            [DEBUG  ]  File ignored by ccs/v4 because it exceeded search pattern filesize limit: 12834_HFKW2BCXX-2_R1R2u_fastqc.html
[2022-08-05 11:04:53,364] multiqc                                            [DEBUG  ]  File ignored by hicexplorer because it exceeded search pattern filesize limit: 12834_HFKW2BCXX-2_R1R2u_fastqc.html
[2022-08-05 11:04:53,365] multiqc                                            [DEBUG  ]  File ignored by nanostat because it exceeded search pattern filesize limit: 12834_HFKW2BCXX-2_R1R2u_fastqc.html
[2022-08-05 11:04:53,365] multiqc                                            [DEBUG  ]  File ignored by lima/summary because it exceeded search pattern filesize limit: 12834_HFKW2BCXX-2_R1R2u_fastqc.html
[2022-08-05 11:04:53,384] multiqc                                            [DEBUG  ]  File ignored by vep/vep_txt because it exceeded search pattern filesize limit: 12834_HFKW2BCXX-2_R1R2u_fastqc.html
[2022-08-05 11:04:53,384] multiqc                                            [DEBUG  ]  File ignored by longranger/invocation because it exceeded search pattern filesize limit: 12834_HFKW2BCXX-2_R1R2u_fastqc.html
[2022-08-05 11:04:53,437] multiqc                                            [DEBUG  ]  Ignoring file as matched an ignore pattern: 12834_HFKW2BCXX-2_R1R2u.fastq.gz
[2022-08-05 11:04:53,459] multiqc                                            [DEBUG  ]  File ignored by ccs/v4 because it exceeded search pattern filesize limit: 12834_HFKW2BCXX-2_R2p_fastqc.html
[2022-08-05 11:04:53,468] multiqc                                            [DEBUG  ]  File ignored by hicexplorer because it exceeded search pattern filesize limit: 12834_HFKW2BCXX-2_R2p_fastqc.html
[2022-08-05 11:04:53,468] multiqc                                            [DEBUG  ]  File ignored by nanostat because it exceeded search pattern filesize limit: 12834_HFKW2BCXX-2_R2p_fastqc.html
[2022-08-05 11:04:53,468] multiqc                                            [DEBUG  ]  File ignored by lima/summary because it exceeded search pattern filesize limit: 12834_HFKW2BCXX-2_R2p_fastqc.html
[2022-08-05 11:04:53,486] multiqc                                            [DEBUG  ]  File ignored by vep/vep_txt because it exceeded search pattern filesize limit: 12834_HFKW2BCXX-2_R2p_fastqc.html
[2022-08-05 11:04:53,486] multiqc                                            [DEBUG  ]  File ignored by longranger/invocation because it exceeded search pattern filesize limit: 12834_HFKW2BCXX-2_R2p_fastqc.html
[2022-08-05 11:04:53,486] multiqc                                            [DEBUG  ]  File ignored by rockhopper because it exceeded search pattern filesize limit: 12834_HFKW2BCXX-2_R2p_fastqc.html
[2022-08-05 11:04:53,486] multiqc                                            [DEBUG  ]  File ignored by rseqc/bam_stat because it exceeded search pattern filesize limit: 12834_HFKW2BCXX-2_R2p_fastqc.html
[2022-08-05 11:04:53,486] multiqc                                            [DEBUG  ]  File ignored by rseqc/junction_annotation because it exceeded search pattern filesize limit: 12834_HFKW2BCXX-2_R2p_fastqc.html
[2022-08-05 11:04:53,486] multiqc                                            [DEBUG  ]  File ignored by rseqc/read_distribution because it exceeded search pattern filesize limit: 12834_HFKW2BCXX-2_R2p_fastqc.html
[2022-08-05 11:04:53,486] multiqc                                            [DEBUG  ]  File ignored by rseqc/infer_experiment because it exceeded search pattern filesize limit: 12834_HFKW2BCXX-2_R2p_fastqc.html
[2022-08-05 11:04:54,190] multiqc                                            [DEBUG  ]  Ignoring file as matched an ignore pattern: 12834_HFKW2BCXX-2_R2p.fastq.gz
[2022-08-05 11:04:54,190] multiqc                                            [DEBUG  ]  Ignoring file as matched an ignore pattern: 12834_QCreads.md5
[2022-08-05 11:04:54,923] multiqc.plots.bargraph                             [DEBUG  ]  Using matplotlib version 3.3.4
[2022-08-05 11:04:54,927] multiqc.plots.linegraph                            [DEBUG  ]  Using matplotlib version 3.3.4
[2022-08-05 11:04:54,929] multiqc                                            [DEBUG  ]  No samples found: custom_content
[2022-08-05 11:04:54,934] multiqc                                            [DEBUG  ]  No samples found: ccs
[2022-08-05 11:04:54,940] multiqc                                            [DEBUG  ]  No samples found: ngsderive
[2022-08-05 11:04:54,944] multiqc                                            [DEBUG  ]  No samples found: purple
[2022-08-05 11:04:54,948] multiqc                                            [DEBUG  ]  No samples found: conpair
[2022-08-05 11:04:54,953] multiqc                                            [DEBUG  ]  No samples found: lima
[2022-08-05 11:04:54,958] multiqc                                            [DEBUG  ]  No samples found: peddy
[2022-08-05 11:04:54,965] multiqc                                            [DEBUG  ]  No samples found: somalier
[2022-08-05 11:04:54,969] multiqc                                            [DEBUG  ]  No samples found: methylQA
[2022-08-05 11:04:54,979] multiqc.modules.mosdepth.mosdepth                  [DEBUG  ]  include_contigs: []
[2022-08-05 11:04:54,979] multiqc.modules.mosdepth.mosdepth                  [DEBUG  ]  exclude_contigs: []
[2022-08-05 11:04:54,979] multiqc                                            [DEBUG  ]  No samples found: mosdepth
[2022-08-05 11:04:54,983] multiqc                                            [DEBUG  ]  No samples found: phantompeakqualtools
[2022-08-05 11:04:54,987] multiqc                                            [DEBUG  ]  No samples found: qualimap
[2022-08-05 11:04:54,992] multiqc                                            [DEBUG  ]  No samples found: preseq
[2022-08-05 11:04:54,997] multiqc                                            [DEBUG  ]  No samples found: quast
[2022-08-05 11:04:55,002] multiqc                                            [DEBUG  ]  No samples found: qorts
[2022-08-05 11:04:55,007] multiqc                                            [DEBUG  ]  No samples found: rna_seqc
[2022-08-05 11:04:55,012] multiqc                                            [DEBUG  ]  No samples found: rockhopper
[2022-08-05 11:04:55,016] multiqc                                            [DEBUG  ]  No samples found: rsem
[2022-08-05 11:04:55,262] multiqc                                            [DEBUG  ]  No samples found: rseqc
[2022-08-05 11:04:55,266] multiqc                                            [DEBUG  ]  No samples found: busco
[2022-08-05 11:04:55,271] multiqc                                            [DEBUG  ]  No samples found: bustools
[2022-08-05 11:04:55,275] multiqc                                            [DEBUG  ]  No samples found: goleft_indexcov
[2022-08-05 11:04:55,280] multiqc                                            [DEBUG  ]  No samples found: gffcompare
[2022-08-05 11:04:55,284] multiqc                                            [DEBUG  ]  No samples found: disambiguate
[2022-08-05 11:04:55,290] multiqc                                            [DEBUG  ]  No samples found: supernova
[2022-08-05 11:04:55,538] multiqc                                            [DEBUG  ]  No samples found: deeptools
[2022-08-05 11:04:55,542] multiqc                                            [DEBUG  ]  No samples found: sargasso
[2022-08-05 11:04:55,547] multiqc                                            [DEBUG  ]  No samples found: verifybamid
[2022-08-05 11:04:55,552] multiqc                                            [DEBUG  ]  No samples found: mirtrace
[2022-08-05 11:04:55,557] multiqc                                            [DEBUG  ]  No samples found: happy
[2022-08-05 11:04:55,792] multiqc                                            [DEBUG  ]  No samples found: mirtop
[2022-08-05 11:04:56,028] multiqc                                            [DEBUG  ]  No samples found: sambamba
[2022-08-05 11:04:56,036] multiqc                                            [DEBUG  ]  No samples found: homer
[2022-08-05 11:04:56,040] multiqc                                            [DEBUG  ]  No samples found: hops
[2022-08-05 11:04:56,045] multiqc                                            [DEBUG  ]  No samples found: macs2
[2022-08-05 11:04:56,049] multiqc                                            [DEBUG  ]  No samples found: theta2
[2022-08-05 11:04:56,054] multiqc                                            [DEBUG  ]  No samples found: snpeff
[2022-08-05 11:04:56,061] multiqc                                            [DEBUG  ]  No samples found: gatk
[2022-08-05 11:04:56,066] multiqc                                            [DEBUG  ]  No samples found: htseq
[2022-08-05 11:04:56,072] multiqc                                            [DEBUG  ]  No samples found: bcftools
[2022-08-05 11:04:56,077] multiqc                                            [DEBUG  ]  No samples found: featureCounts
[2022-08-05 11:04:56,314] multiqc                                            [DEBUG  ]  No samples found: fgbio
[2022-08-05 11:04:56,330] multiqc                                            [DEBUG  ]  No samples found: dragen
[2022-08-05 11:04:56,334] multiqc                                            [DEBUG  ]  No samples found: dedup
[2022-08-05 11:04:56,340] multiqc                                            [DEBUG  ]  No samples found: damageprofiler
[2022-08-05 11:04:56,379] multiqc                                            [DEBUG  ]  No samples found: biobambam2
[2022-08-05 11:04:56,385] multiqc                                            [DEBUG  ]  No samples found: jcvi
[2022-08-05 11:04:56,389] multiqc                                            [DEBUG  ]  No samples found: mtnucratio
[2022-08-05 11:04:56,391] multiqc                                            [DEBUG  ]  No samples found: picard
[2022-08-05 11:04:56,397] multiqc                                            [DEBUG  ]  No samples found: vep
[2022-08-05 11:04:56,406] multiqc                                            [DEBUG  ]  No samples found: sentieon
[2022-08-05 11:04:56,410] multiqc                                            [DEBUG  ]  No samples found: prokka
[2022-08-05 11:04:56,417] multiqc                                            [DEBUG  ]  No samples found: qc3C
[2022-08-05 11:04:56,422] multiqc                                            [DEBUG  ]  No samples found: nanostat
[2022-08-05 11:04:56,426] multiqc                                            [DEBUG  ]  No samples found: samblaster
[2022-08-05 11:04:56,437] multiqc                                            [DEBUG  ]  No samples found: samtools
[2022-08-05 11:04:56,442] multiqc                                            [DEBUG  ]  No samples found: sexdeterrmine
[2022-08-05 11:04:56,446] multiqc                                            [DEBUG  ]  No samples found: eigenstratdatabasetools
[2022-08-05 11:04:56,451] multiqc                                            [DEBUG  ]  No samples found: bamtools
[2022-08-05 11:04:56,455] multiqc                                            [DEBUG  ]  No samples found: jellyfish
[2022-08-05 11:04:56,463] multiqc                                            [DEBUG  ]  No samples found: vcftools
[2022-08-05 11:04:56,469] multiqc                                            [DEBUG  ]  No samples found: longranger
[2022-08-05 11:04:56,474] multiqc                                            [DEBUG  ]  No samples found: stacks
[2022-08-05 11:04:56,478] multiqc                                            [DEBUG  ]  No samples found: varscan2
[2022-08-05 11:04:56,482] multiqc                                            [DEBUG  ]  No samples found: snippy
[2022-08-05 11:04:56,729] multiqc                                            [DEBUG  ]  No samples found: bbmap
[2022-08-05 11:04:56,735] multiqc                                            [DEBUG  ]  No samples found: bismark
[2022-08-05 11:04:56,743] multiqc                                            [DEBUG  ]  No samples found: biscuit
[2022-08-05 11:04:56,748] multiqc                                            [DEBUG  ]  No samples found: hicexplorer
[2022-08-05 11:04:56,753] multiqc                                            [DEBUG  ]  No samples found: hicup
[2022-08-05 11:04:56,758] multiqc                                            [DEBUG  ]  No samples found: hicpro
[2022-08-05 11:04:56,762] multiqc                                            [DEBUG  ]  No samples found: salmon
[2022-08-05 11:04:56,766] multiqc                                            [DEBUG  ]  No samples found: kallisto
[2022-08-05 11:04:56,772] multiqc                                            [DEBUG  ]  No samples found: slamdunk
[2022-08-05 11:04:56,777] multiqc                                            [DEBUG  ]  No samples found: star
[2022-08-05 11:04:56,781] multiqc                                            [DEBUG  ]  No samples found: hisat2
[2022-08-05 11:04:56,785] multiqc                                            [DEBUG  ]  No samples found: tophat
[2022-08-05 11:04:56,790] multiqc                                            [DEBUG  ]  No samples found: bowtie2
[2022-08-05 11:04:56,794] multiqc                                            [DEBUG  ]  No samples found: bowtie1
[2022-08-05 11:04:56,799] multiqc                                            [DEBUG  ]  No samples found: snpsplit
[2022-08-05 11:04:56,803] multiqc                                            [DEBUG  ]  No samples found: odgi
[2022-08-05 11:04:56,808] multiqc                                            [DEBUG  ]  No samples found: pangolin
[2022-08-05 11:04:56,812] multiqc                                            [DEBUG  ]  No samples found: kat
[2022-08-05 11:04:56,816] multiqc                                            [DEBUG  ]  No samples found: leehom
[2022-08-05 11:04:56,821] multiqc                                            [DEBUG  ]  No samples found: adapterRemoval
[2022-08-05 11:04:56,825] multiqc                                            [DEBUG  ]  No samples found: clipandmerge
[2022-08-05 11:04:56,830] multiqc                                            [DEBUG  ]  No samples found: cutadapt
[2022-08-05 11:04:56,835] multiqc                                            [DEBUG  ]  No samples found: flexbar
[2022-08-05 11:04:56,840] multiqc                                            [DEBUG  ]  No samples found: kaiju
[2022-08-05 11:04:56,845] multiqc                                            [DEBUG  ]  No samples found: kraken
[2022-08-05 11:04:56,849] multiqc                                            [DEBUG  ]  No samples found: malt
[2022-08-05 11:04:56,854] multiqc                                            [DEBUG  ]  No samples found: trimmomatic
[2022-08-05 11:04:56,859] multiqc                                            [DEBUG  ]  No samples found: sickle
[2022-08-05 11:04:56,864] multiqc                                            [DEBUG  ]  No samples found: skewer
[2022-08-05 11:04:56,869] multiqc                                            [DEBUG  ]  No samples found: sortmerna
[2022-08-05 11:04:56,873] multiqc                                            [DEBUG  ]  No samples found: biobloomtools
[2022-08-05 11:04:56,879] multiqc                                            [DEBUG  ]  No samples found: fastq_screen
[2022-08-05 11:04:56,884] multiqc                                            [DEBUG  ]  No samples found: afterqc
[2022-08-05 11:04:56,890] multiqc                                            [DEBUG  ]  No samples found: fastp
[2022-08-05 11:04:58,501] multiqc.modules.fastqc.fastqc                      [INFO   ]  Found 4 reports
[2022-08-05 11:04:58,501] multiqc.modules.fastqc.fastqc                      [WARNING]  Sample had zero reads: '12834_HFKW2BCXX-2_R1R2u'
[2022-08-05 11:04:58,567] multiqc                                            [DEBUG  ]  No samples found: pychopper
[2022-08-05 11:04:58,572] multiqc                                            [DEBUG  ]  No samples found: pycoqc
[2022-08-05 11:04:58,576] multiqc                                            [DEBUG  ]  No samples found: minionqc
[2022-08-05 11:04:58,813] multiqc                                            [DEBUG  ]  No samples found: multivcfanalyzer
[2022-08-05 11:04:58,820] multiqc                                            [DEBUG  ]  No samples found: clusterflow
[2022-08-05 11:04:58,828] multiqc                                            [DEBUG  ]  No samples found: bcl2fastq
[2022-08-05 11:04:58,837] multiqc                                            [DEBUG  ]  No samples found: bclconvert
[2022-08-05 11:04:58,844] multiqc                                            [DEBUG  ]  No samples found: interop
[2022-08-05 11:04:58,850] multiqc                                            [DEBUG  ]  No samples found: ivar
[2022-08-05 11:04:58,854] multiqc                                            [DEBUG  ]  No samples found: flash
[2022-08-05 11:04:58,859] multiqc                                            [DEBUG  ]  No samples found: seqyclean
[2022-08-05 11:04:58,864] multiqc                                            [DEBUG  ]  No samples found: optitype
[2022-08-05 11:04:58,868] multiqc                                            [INFO   ]  Compressing plot data
[2022-08-05 11:04:58,919] multiqc                                            [INFO   ]  Report      : 12834_MGSD_CSIRO.qc.stats/multiqc_report.html
[2022-08-05 11:04:58,919] multiqc                                            [INFO   ]  Data        : 12834_MGSD_CSIRO.qc.stats/multiqc_data
[2022-08-05 11:04:58,919] multiqc                                            [DEBUG  ]  Moving data file from '/tmp/smi9a9.8584701/tmpue9w8yg_/multiqc_data' to '12834_MGSD_CSIRO.qc.stats/multiqc_data'
[2022-08-05 11:04:59,097] multiqc                                            [INFO   ]  MultiQC complete
