[2022-08-05 11:09:10,367] multiqc                                            [DEBUG  ]  This is MultiQC v1.11
[2022-08-05 11:09:10,367] multiqc                                            [DEBUG  ]  No MultiQC config found: /apps/multiqc/1.11/lib/python3.9/site-packages/multiqc_config.yaml
[2022-08-05 11:09:10,367] multiqc                                            [DEBUG  ]  No MultiQC config found: /home/smi9a9/.multiqc_config.yaml
[2022-08-05 11:09:10,373] multiqc                                            [DEBUG  ]  No MultiQC config found: multiqc_config.yaml
[2022-08-05 11:09:10,373] multiqc                                            [DEBUG  ]  Command used: /apps/multiqc/1.11/bin/multiqc ./9569_combined_merged_fastqc.html ./9569_combined_merged_fastqc.zip ./9569_combined_merged.fastq.gz ./9569_combined_R1p_fastqc.html ./9569_combined_R1p_fastqc.zip ./9569_combined_R1p.fastq.gz ./9569_combined_R1R2u_fastqc.html ./9569_combined_R1R2u_fastqc.zip ./9569_combined_R1R2u.fastq.gz ./9569_combined_R2p_fastqc.html ./9569_combined_R2p_fastqc.zip ./9569_combined_R2p.fastq.gz ./9569_QCreads.md5 -o 9569_MGSD_CSIRO.qc.stats
[2022-08-05 11:09:10,376] multiqc                                            [DEBUG  ]  Could not connect to multiqc.info for version check: <urlopen error [Errno 111] Connection refused>
[2022-08-05 11:09:10,376] multiqc                                            [DEBUG  ]  Command     : /apps/multiqc/1.11/bin/multiqc ./9569_combined_merged_fastqc.html ./9569_combined_merged_fastqc.zip ./9569_combined_merged.fastq.gz ./9569_combined_R1p_fastqc.html ./9569_combined_R1p_fastqc.zip ./9569_combined_R1p.fastq.gz ./9569_combined_R1R2u_fastqc.html ./9569_combined_R1R2u_fastqc.zip ./9569_combined_R1R2u.fastq.gz ./9569_combined_R2p_fastqc.html ./9569_combined_R2p_fastqc.zip ./9569_combined_R2p.fastq.gz ./9569_QCreads.md5 -o 9569_MGSD_CSIRO.qc.stats
[2022-08-05 11:09:10,376] multiqc                                            [DEBUG  ]  Working dir : /datasets/work/oa-amd/work/amd/Metagenome_QC_reads
[2022-08-05 11:09:10,376] multiqc                                            [DEBUG  ]  Template    : default
[2022-08-05 11:09:10,376] multiqc                                            [DEBUG  ]  Running Python 3.9.4 (default, Apr 25 2021, 16:13:27)  [GCC 10.3.0]
[2022-08-05 11:09:10,376] multiqc                                            [DEBUG  ]  Analysing modules: custom_content, ccs, ngsderive, purple, conpair, lima, peddy, somalier, methylQA, mosdepth, phantompeakqualtools, qualimap, preseq, quast, qorts, rna_seqc, rockhopper, rsem, rseqc, busco, bustools, goleft_indexcov, gffcompare, disambiguate, supernova, deeptools, sargasso, verifybamid, mirtrace, happy, mirtop, sambamba, homer, hops, macs2, theta2, snpeff, gatk, htseq, bcftools, featureCounts, fgbio, dragen, dedup, damageprofiler, biobambam2, jcvi, mtnucratio, picard, vep, sentieon, prokka, qc3C, nanostat, samblaster, samtools, sexdeterrmine, eigenstratdatabasetools, bamtools, jellyfish, vcftools, longranger, stacks, varscan2, snippy, bbmap, bismark, biscuit, hicexplorer, hicup, hicpro, salmon, kallisto, slamdunk, star, hisat2, tophat, bowtie2, bowtie1, snpsplit, odgi, pangolin, kat, leehom, adapterRemoval, clipandmerge, cutadapt, flexbar, kaiju, kraken, malt, trimmomatic, sickle, skewer, sortmerna, biobloomtools, fastq_screen, afterqc, fastp, fastqc, pychopper, pycoqc, minionqc, multivcfanalyzer, clusterflow, bcl2fastq, bclconvert, interop, ivar, flash, seqyclean, optitype
[2022-08-05 11:09:10,376] multiqc                                            [DEBUG  ]  Using temporary directory for creating report: /tmp/smi9a9.8585852/tmp9w9dtm23
[2022-08-05 11:09:10,666] multiqc                                            [INFO   ]  Search path : /datasets/work/oa-amd/work/amd/Metagenome_QC_reads/9569_combined_merged_fastqc.html
[2022-08-05 11:09:10,667] multiqc                                            [INFO   ]  Search path : /datasets/work/oa-amd/work/amd/Metagenome_QC_reads/9569_combined_merged_fastqc.zip
[2022-08-05 11:09:10,667] multiqc                                            [INFO   ]  Search path : /datasets/work/oa-amd/work/amd/Metagenome_QC_reads/9569_combined_merged.fastq.gz
[2022-08-05 11:09:10,667] multiqc                                            [INFO   ]  Search path : /datasets/work/oa-amd/work/amd/Metagenome_QC_reads/9569_combined_R1p_fastqc.html
[2022-08-05 11:09:10,667] multiqc                                            [INFO   ]  Search path : /datasets/work/oa-amd/work/amd/Metagenome_QC_reads/9569_combined_R1p_fastqc.zip
[2022-08-05 11:09:10,667] multiqc                                            [INFO   ]  Search path : /datasets/work/oa-amd/work/amd/Metagenome_QC_reads/9569_combined_R1p.fastq.gz
[2022-08-05 11:09:10,667] multiqc                                            [INFO   ]  Search path : /datasets/work/oa-amd/work/amd/Metagenome_QC_reads/9569_combined_R1R2u_fastqc.html
[2022-08-05 11:09:10,667] multiqc                                            [INFO   ]  Search path : /datasets/work/oa-amd/work/amd/Metagenome_QC_reads/9569_combined_R1R2u_fastqc.zip
[2022-08-05 11:09:10,667] multiqc                                            [INFO   ]  Search path : /datasets/work/oa-amd/work/amd/Metagenome_QC_reads/9569_combined_R1R2u.fastq.gz
[2022-08-05 11:09:10,667] multiqc                                            [INFO   ]  Search path : /datasets/work/oa-amd/work/amd/Metagenome_QC_reads/9569_combined_R2p_fastqc.html
[2022-08-05 11:09:10,667] multiqc                                            [INFO   ]  Search path : /datasets/work/oa-amd/work/amd/Metagenome_QC_reads/9569_combined_R2p_fastqc.zip
[2022-08-05 11:09:10,667] multiqc                                            [INFO   ]  Search path : /datasets/work/oa-amd/work/amd/Metagenome_QC_reads/9569_combined_R2p.fastq.gz
[2022-08-05 11:09:10,667] multiqc                                            [INFO   ]  Search path : /datasets/work/oa-amd/work/amd/Metagenome_QC_reads/9569_QCreads.md5
[2022-08-05 11:09:10,746] multiqc                                            [DEBUG  ]  File ignored by ccs/v4 because it exceeded search pattern filesize limit: 9569_combined_merged_fastqc.html
[2022-08-05 11:09:10,764] multiqc                                            [DEBUG  ]  File ignored by hicexplorer because it exceeded search pattern filesize limit: 9569_combined_merged_fastqc.html
[2022-08-05 11:09:10,764] multiqc                                            [DEBUG  ]  File ignored by nanostat because it exceeded search pattern filesize limit: 9569_combined_merged_fastqc.html
[2022-08-05 11:09:10,764] multiqc                                            [DEBUG  ]  File ignored by lima/summary because it exceeded search pattern filesize limit: 9569_combined_merged_fastqc.html
[2022-08-05 11:09:10,776] multiqc                                            [DEBUG  ]  File ignored by vep/vep_txt because it exceeded search pattern filesize limit: 9569_combined_merged_fastqc.html
[2022-08-05 11:09:10,776] multiqc                                            [DEBUG  ]  File ignored by longranger/invocation because it exceeded search pattern filesize limit: 9569_combined_merged_fastqc.html
[2022-08-05 11:09:10,776] multiqc                                            [DEBUG  ]  File ignored by rockhopper because it exceeded search pattern filesize limit: 9569_combined_merged_fastqc.html
[2022-08-05 11:09:10,776] multiqc                                            [DEBUG  ]  File ignored by rseqc/bam_stat because it exceeded search pattern filesize limit: 9569_combined_merged_fastqc.html
[2022-08-05 11:09:10,776] multiqc                                            [DEBUG  ]  File ignored by rseqc/junction_annotation because it exceeded search pattern filesize limit: 9569_combined_merged_fastqc.html
[2022-08-05 11:09:10,776] multiqc                                            [DEBUG  ]  File ignored by rseqc/read_distribution because it exceeded search pattern filesize limit: 9569_combined_merged_fastqc.html
[2022-08-05 11:09:10,776] multiqc                                            [DEBUG  ]  File ignored by rseqc/infer_experiment because it exceeded search pattern filesize limit: 9569_combined_merged_fastqc.html
[2022-08-05 11:09:11,115] multiqc                                            [DEBUG  ]  Ignoring file as matched an ignore pattern: 9569_combined_merged.fastq.gz
[2022-08-05 11:09:11,400] multiqc                                            [DEBUG  ]  File ignored by ccs/v4 because it exceeded search pattern filesize limit: 9569_combined_R1p_fastqc.html
[2022-08-05 11:09:11,651] multiqc                                            [DEBUG  ]  File ignored by hicexplorer because it exceeded search pattern filesize limit: 9569_combined_R1p_fastqc.html
[2022-08-05 11:09:11,652] multiqc                                            [DEBUG  ]  File ignored by nanostat because it exceeded search pattern filesize limit: 9569_combined_R1p_fastqc.html
[2022-08-05 11:09:11,652] multiqc                                            [DEBUG  ]  File ignored by lima/summary because it exceeded search pattern filesize limit: 9569_combined_R1p_fastqc.html
[2022-08-05 11:09:11,668] multiqc                                            [DEBUG  ]  File ignored by vep/vep_txt because it exceeded search pattern filesize limit: 9569_combined_R1p_fastqc.html
[2022-08-05 11:09:11,668] multiqc                                            [DEBUG  ]  File ignored by longranger/invocation because it exceeded search pattern filesize limit: 9569_combined_R1p_fastqc.html
[2022-08-05 11:09:11,668] multiqc                                            [DEBUG  ]  File ignored by rockhopper because it exceeded search pattern filesize limit: 9569_combined_R1p_fastqc.html
[2022-08-05 11:09:11,668] multiqc                                            [DEBUG  ]  File ignored by rseqc/bam_stat because it exceeded search pattern filesize limit: 9569_combined_R1p_fastqc.html
[2022-08-05 11:09:11,668] multiqc                                            [DEBUG  ]  File ignored by rseqc/junction_annotation because it exceeded search pattern filesize limit: 9569_combined_R1p_fastqc.html
[2022-08-05 11:09:11,668] multiqc                                            [DEBUG  ]  File ignored by rseqc/read_distribution because it exceeded search pattern filesize limit: 9569_combined_R1p_fastqc.html
[2022-08-05 11:09:11,668] multiqc                                            [DEBUG  ]  File ignored by rseqc/infer_experiment because it exceeded search pattern filesize limit: 9569_combined_R1p_fastqc.html
[2022-08-05 11:09:12,010] multiqc                                            [DEBUG  ]  Ignoring file as matched an ignore pattern: 9569_combined_R1p.fastq.gz
[2022-08-05 11:09:12,079] multiqc                                            [DEBUG  ]  File ignored by ccs/v4 because it exceeded search pattern filesize limit: 9569_combined_R1R2u_fastqc.html
[2022-08-05 11:09:12,088] multiqc                                            [DEBUG  ]  File ignored by hicexplorer because it exceeded search pattern filesize limit: 9569_combined_R1R2u_fastqc.html
[2022-08-05 11:09:12,089] multiqc                                            [DEBUG  ]  File ignored by nanostat because it exceeded search pattern filesize limit: 9569_combined_R1R2u_fastqc.html
[2022-08-05 11:09:12,089] multiqc                                            [DEBUG  ]  File ignored by lima/summary because it exceeded search pattern filesize limit: 9569_combined_R1R2u_fastqc.html
[2022-08-05 11:09:12,107] multiqc                                            [DEBUG  ]  File ignored by vep/vep_txt because it exceeded search pattern filesize limit: 9569_combined_R1R2u_fastqc.html
[2022-08-05 11:09:12,107] multiqc                                            [DEBUG  ]  File ignored by longranger/invocation because it exceeded search pattern filesize limit: 9569_combined_R1R2u_fastqc.html
[2022-08-05 11:09:12,107] multiqc                                            [DEBUG  ]  File ignored by rockhopper because it exceeded search pattern filesize limit: 9569_combined_R1R2u_fastqc.html
[2022-08-05 11:09:12,107] multiqc                                            [DEBUG  ]  File ignored by rseqc/bam_stat because it exceeded search pattern filesize limit: 9569_combined_R1R2u_fastqc.html
[2022-08-05 11:09:12,107] multiqc                                            [DEBUG  ]  File ignored by rseqc/junction_annotation because it exceeded search pattern filesize limit: 9569_combined_R1R2u_fastqc.html
[2022-08-05 11:09:12,107] multiqc                                            [DEBUG  ]  File ignored by rseqc/read_distribution because it exceeded search pattern filesize limit: 9569_combined_R1R2u_fastqc.html
[2022-08-05 11:09:12,107] multiqc                                            [DEBUG  ]  File ignored by rseqc/infer_experiment because it exceeded search pattern filesize limit: 9569_combined_R1R2u_fastqc.html
[2022-08-05 11:09:12,842] multiqc                                            [DEBUG  ]  Ignoring file as matched an ignore pattern: 9569_combined_R1R2u.fastq.gz
[2022-08-05 11:09:13,136] multiqc                                            [DEBUG  ]  File ignored by ccs/v4 because it exceeded search pattern filesize limit: 9569_combined_R2p_fastqc.html
[2022-08-05 11:09:13,145] multiqc                                            [DEBUG  ]  File ignored by hicexplorer because it exceeded search pattern filesize limit: 9569_combined_R2p_fastqc.html
[2022-08-05 11:09:13,145] multiqc                                            [DEBUG  ]  File ignored by nanostat because it exceeded search pattern filesize limit: 9569_combined_R2p_fastqc.html
[2022-08-05 11:09:13,145] multiqc                                            [DEBUG  ]  File ignored by lima/summary because it exceeded search pattern filesize limit: 9569_combined_R2p_fastqc.html
[2022-08-05 11:09:13,164] multiqc                                            [DEBUG  ]  File ignored by vep/vep_txt because it exceeded search pattern filesize limit: 9569_combined_R2p_fastqc.html
[2022-08-05 11:09:13,164] multiqc                                            [DEBUG  ]  File ignored by longranger/invocation because it exceeded search pattern filesize limit: 9569_combined_R2p_fastqc.html
[2022-08-05 11:09:13,164] multiqc                                            [DEBUG  ]  File ignored by rockhopper because it exceeded search pattern filesize limit: 9569_combined_R2p_fastqc.html
[2022-08-05 11:09:13,164] multiqc                                            [DEBUG  ]  File ignored by rseqc/bam_stat because it exceeded search pattern filesize limit: 9569_combined_R2p_fastqc.html
[2022-08-05 11:09:13,164] multiqc                                            [DEBUG  ]  File ignored by rseqc/junction_annotation because it exceeded search pattern filesize limit: 9569_combined_R2p_fastqc.html
[2022-08-05 11:09:13,164] multiqc                                            [DEBUG  ]  File ignored by rseqc/read_distribution because it exceeded search pattern filesize limit: 9569_combined_R2p_fastqc.html
[2022-08-05 11:09:13,164] multiqc                                            [DEBUG  ]  File ignored by rseqc/infer_experiment because it exceeded search pattern filesize limit: 9569_combined_R2p_fastqc.html
[2022-08-05 11:09:13,258] multiqc                                            [DEBUG  ]  Ignoring file as matched an ignore pattern: 9569_combined_R2p.fastq.gz
[2022-08-05 11:09:13,259] multiqc                                            [DEBUG  ]  Ignoring file as matched an ignore pattern: 9569_QCreads.md5
[2022-08-05 11:09:14,334] multiqc.plots.bargraph                             [DEBUG  ]  Using matplotlib version 3.3.4
[2022-08-05 11:09:14,338] multiqc.plots.linegraph                            [DEBUG  ]  Using matplotlib version 3.3.4
[2022-08-05 11:09:14,342] multiqc                                            [DEBUG  ]  No samples found: custom_content
[2022-08-05 11:09:14,348] multiqc                                            [DEBUG  ]  No samples found: ccs
[2022-08-05 11:09:14,354] multiqc                                            [DEBUG  ]  No samples found: ngsderive
[2022-08-05 11:09:14,360] multiqc                                            [DEBUG  ]  No samples found: purple
[2022-08-05 11:09:14,366] multiqc                                            [DEBUG  ]  No samples found: conpair
[2022-08-05 11:09:14,372] multiqc                                            [DEBUG  ]  No samples found: lima
[2022-08-05 11:09:14,378] multiqc                                            [DEBUG  ]  No samples found: peddy
[2022-08-05 11:09:14,616] multiqc                                            [DEBUG  ]  No samples found: somalier
[2022-08-05 11:09:14,621] multiqc                                            [DEBUG  ]  No samples found: methylQA
[2022-08-05 11:09:14,631] multiqc.modules.mosdepth.mosdepth                  [DEBUG  ]  include_contigs: []
[2022-08-05 11:09:14,631] multiqc.modules.mosdepth.mosdepth                  [DEBUG  ]  exclude_contigs: []
[2022-08-05 11:09:14,631] multiqc                                            [DEBUG  ]  No samples found: mosdepth
[2022-08-05 11:09:14,636] multiqc                                            [DEBUG  ]  No samples found: phantompeakqualtools
[2022-08-05 11:09:14,640] multiqc                                            [DEBUG  ]  No samples found: qualimap
[2022-08-05 11:09:14,646] multiqc                                            [DEBUG  ]  No samples found: preseq
[2022-08-05 11:09:14,652] multiqc                                            [DEBUG  ]  No samples found: quast
[2022-08-05 11:09:14,657] multiqc                                            [DEBUG  ]  No samples found: qorts
[2022-08-05 11:09:14,663] multiqc                                            [DEBUG  ]  No samples found: rna_seqc
[2022-08-05 11:09:14,668] multiqc                                            [DEBUG  ]  No samples found: rockhopper
[2022-08-05 11:09:14,673] multiqc                                            [DEBUG  ]  No samples found: rsem
[2022-08-05 11:09:14,690] multiqc                                            [DEBUG  ]  No samples found: rseqc
[2022-08-05 11:09:14,694] multiqc                                            [DEBUG  ]  No samples found: busco
[2022-08-05 11:09:14,699] multiqc                                            [DEBUG  ]  No samples found: bustools
[2022-08-05 11:09:14,704] multiqc                                            [DEBUG  ]  No samples found: goleft_indexcov
[2022-08-05 11:09:14,709] multiqc                                            [DEBUG  ]  No samples found: gffcompare
[2022-08-05 11:09:14,714] multiqc                                            [DEBUG  ]  No samples found: disambiguate
[2022-08-05 11:09:14,720] multiqc                                            [DEBUG  ]  No samples found: supernova
[2022-08-05 11:09:14,735] multiqc                                            [DEBUG  ]  No samples found: deeptools
[2022-08-05 11:09:14,740] multiqc                                            [DEBUG  ]  No samples found: sargasso
[2022-08-05 11:09:14,745] multiqc                                            [DEBUG  ]  No samples found: verifybamid
[2022-08-05 11:09:14,750] multiqc                                            [DEBUG  ]  No samples found: mirtrace
[2022-08-05 11:09:14,755] multiqc                                            [DEBUG  ]  No samples found: happy
[2022-08-05 11:09:14,761] multiqc                                            [DEBUG  ]  No samples found: mirtop
[2022-08-05 11:09:14,766] multiqc                                            [DEBUG  ]  No samples found: sambamba
[2022-08-05 11:09:14,775] multiqc                                            [DEBUG  ]  No samples found: homer
[2022-08-05 11:09:14,780] multiqc                                            [DEBUG  ]  No samples found: hops
[2022-08-05 11:09:14,785] multiqc                                            [DEBUG  ]  No samples found: macs2
[2022-08-05 11:09:14,790] multiqc                                            [DEBUG  ]  No samples found: theta2
[2022-08-05 11:09:14,795] multiqc                                            [DEBUG  ]  No samples found: snpeff
[2022-08-05 11:09:14,802] multiqc                                            [DEBUG  ]  No samples found: gatk
[2022-08-05 11:09:14,807] multiqc                                            [DEBUG  ]  No samples found: htseq
[2022-08-05 11:09:14,813] multiqc                                            [DEBUG  ]  No samples found: bcftools
[2022-08-05 11:09:14,818] multiqc                                            [DEBUG  ]  No samples found: featureCounts
[2022-08-05 11:09:14,825] multiqc                                            [DEBUG  ]  No samples found: fgbio
[2022-08-05 11:09:14,843] multiqc                                            [DEBUG  ]  No samples found: dragen
[2022-08-05 11:09:14,848] multiqc                                            [DEBUG  ]  No samples found: dedup
[2022-08-05 11:09:14,853] multiqc                                            [DEBUG  ]  No samples found: damageprofiler
[2022-08-05 11:09:14,894] multiqc                                            [DEBUG  ]  No samples found: biobambam2
[2022-08-05 11:09:14,899] multiqc                                            [DEBUG  ]  No samples found: jcvi
[2022-08-05 11:09:14,904] multiqc                                            [DEBUG  ]  No samples found: mtnucratio
[2022-08-05 11:09:14,906] multiqc                                            [DEBUG  ]  No samples found: picard
[2022-08-05 11:09:14,911] multiqc                                            [DEBUG  ]  No samples found: vep
[2022-08-05 11:09:14,920] multiqc                                            [DEBUG  ]  No samples found: sentieon
[2022-08-05 11:09:14,924] multiqc                                            [DEBUG  ]  No samples found: prokka
[2022-08-05 11:09:14,932] multiqc                                            [DEBUG  ]  No samples found: qc3C
[2022-08-05 11:09:14,937] multiqc                                            [DEBUG  ]  No samples found: nanostat
[2022-08-05 11:09:14,941] multiqc                                            [DEBUG  ]  No samples found: samblaster
[2022-08-05 11:09:14,952] multiqc                                            [DEBUG  ]  No samples found: samtools
[2022-08-05 11:09:14,956] multiqc                                            [DEBUG  ]  No samples found: sexdeterrmine
[2022-08-05 11:09:14,961] multiqc                                            [DEBUG  ]  No samples found: eigenstratdatabasetools
[2022-08-05 11:09:14,966] multiqc                                            [DEBUG  ]  No samples found: bamtools
[2022-08-05 11:09:14,971] multiqc                                            [DEBUG  ]  No samples found: jellyfish
[2022-08-05 11:09:15,209] multiqc                                            [DEBUG  ]  No samples found: vcftools
[2022-08-05 11:09:15,215] multiqc                                            [DEBUG  ]  No samples found: longranger
[2022-08-05 11:09:15,220] multiqc                                            [DEBUG  ]  No samples found: stacks
[2022-08-05 11:09:15,225] multiqc                                            [DEBUG  ]  No samples found: varscan2
[2022-08-05 11:09:15,230] multiqc                                            [DEBUG  ]  No samples found: snippy
[2022-08-05 11:09:15,249] multiqc                                            [DEBUG  ]  No samples found: bbmap
[2022-08-05 11:09:15,256] multiqc                                            [DEBUG  ]  No samples found: bismark
[2022-08-05 11:09:15,264] multiqc                                            [DEBUG  ]  No samples found: biscuit
[2022-08-05 11:09:15,269] multiqc                                            [DEBUG  ]  No samples found: hicexplorer
[2022-08-05 11:09:15,275] multiqc                                            [DEBUG  ]  No samples found: hicup
[2022-08-05 11:09:15,282] multiqc                                            [DEBUG  ]  No samples found: hicpro
[2022-08-05 11:09:15,287] multiqc                                            [DEBUG  ]  No samples found: salmon
[2022-08-05 11:09:15,292] multiqc                                            [DEBUG  ]  No samples found: kallisto
[2022-08-05 11:09:15,299] multiqc                                            [DEBUG  ]  No samples found: slamdunk
[2022-08-05 11:09:15,304] multiqc                                            [DEBUG  ]  No samples found: star
[2022-08-05 11:09:15,308] multiqc                                            [DEBUG  ]  No samples found: hisat2
[2022-08-05 11:09:15,313] multiqc                                            [DEBUG  ]  No samples found: tophat
[2022-08-05 11:09:15,318] multiqc                                            [DEBUG  ]  No samples found: bowtie2
[2022-08-05 11:09:15,322] multiqc                                            [DEBUG  ]  No samples found: bowtie1
[2022-08-05 11:09:15,327] multiqc                                            [DEBUG  ]  No samples found: snpsplit
[2022-08-05 11:09:15,332] multiqc                                            [DEBUG  ]  No samples found: odgi
[2022-08-05 11:09:15,337] multiqc                                            [DEBUG  ]  No samples found: pangolin
[2022-08-05 11:09:15,343] multiqc                                            [DEBUG  ]  No samples found: kat
[2022-08-05 11:09:15,347] multiqc                                            [DEBUG  ]  No samples found: leehom
[2022-08-05 11:09:15,353] multiqc                                            [DEBUG  ]  No samples found: adapterRemoval
[2022-08-05 11:09:15,357] multiqc                                            [DEBUG  ]  No samples found: clipandmerge
[2022-08-05 11:09:15,363] multiqc                                            [DEBUG  ]  No samples found: cutadapt
[2022-08-05 11:09:15,367] multiqc                                            [DEBUG  ]  No samples found: flexbar
[2022-08-05 11:09:15,373] multiqc                                            [DEBUG  ]  No samples found: kaiju
[2022-08-05 11:09:15,378] multiqc                                            [DEBUG  ]  No samples found: kraken
[2022-08-05 11:09:15,383] multiqc                                            [DEBUG  ]  No samples found: malt
[2022-08-05 11:09:15,387] multiqc                                            [DEBUG  ]  No samples found: trimmomatic
[2022-08-05 11:09:15,392] multiqc                                            [DEBUG  ]  No samples found: sickle
[2022-08-05 11:09:15,397] multiqc                                            [DEBUG  ]  No samples found: skewer
[2022-08-05 11:09:15,632] multiqc                                            [DEBUG  ]  No samples found: sortmerna
[2022-08-05 11:09:15,637] multiqc                                            [DEBUG  ]  No samples found: biobloomtools
[2022-08-05 11:09:15,643] multiqc                                            [DEBUG  ]  No samples found: fastq_screen
[2022-08-05 11:09:15,878] multiqc                                            [DEBUG  ]  No samples found: afterqc
[2022-08-05 11:09:15,884] multiqc                                            [DEBUG  ]  No samples found: fastp
[2022-08-05 11:09:16,581] multiqc.modules.fastqc.fastqc                      [INFO   ]  Found 4 reports
[2022-08-05 11:09:16,629] multiqc                                            [DEBUG  ]  No samples found: pychopper
[2022-08-05 11:09:16,635] multiqc                                            [DEBUG  ]  No samples found: pycoqc
[2022-08-05 11:09:16,640] multiqc                                            [DEBUG  ]  No samples found: minionqc
[2022-08-05 11:09:16,645] multiqc                                            [DEBUG  ]  No samples found: multivcfanalyzer
[2022-08-05 11:09:16,651] multiqc                                            [DEBUG  ]  No samples found: clusterflow
[2022-08-05 11:09:16,657] multiqc                                            [DEBUG  ]  No samples found: bcl2fastq
[2022-08-05 11:09:16,664] multiqc                                            [DEBUG  ]  No samples found: bclconvert
[2022-08-05 11:09:16,670] multiqc                                            [DEBUG  ]  No samples found: interop
[2022-08-05 11:09:16,675] multiqc                                            [DEBUG  ]  No samples found: ivar
[2022-08-05 11:09:16,910] multiqc                                            [DEBUG  ]  No samples found: flash
[2022-08-05 11:09:16,915] multiqc                                            [DEBUG  ]  No samples found: seqyclean
[2022-08-05 11:09:16,919] multiqc                                            [DEBUG  ]  No samples found: optitype
[2022-08-05 11:09:16,924] multiqc                                            [INFO   ]  Compressing plot data
[2022-08-05 11:09:16,988] multiqc                                            [INFO   ]  Report      : 9569_MGSD_CSIRO.qc.stats/multiqc_report.html
[2022-08-05 11:09:16,988] multiqc                                            [INFO   ]  Data        : 9569_MGSD_CSIRO.qc.stats/multiqc_data
[2022-08-05 11:09:16,988] multiqc                                            [DEBUG  ]  Moving data file from '/tmp/smi9a9.8585852/tmp9w9dtm23/multiqc_data' to '9569_MGSD_CSIRO.qc.stats/multiqc_data'
[2022-08-05 11:09:17,477] multiqc                                            [INFO   ]  MultiQC complete
