[2022-08-05 11:15:04,207] multiqc                                            [DEBUG  ]  This is MultiQC v1.11
[2022-08-05 11:15:04,207] multiqc                                            [DEBUG  ]  No MultiQC config found: /apps/multiqc/1.11/lib/python3.9/site-packages/multiqc_config.yaml
[2022-08-05 11:15:04,207] multiqc                                            [DEBUG  ]  No MultiQC config found: /home/smi9a9/.multiqc_config.yaml
[2022-08-05 11:15:10,631] multiqc                                            [DEBUG  ]  No MultiQC config found: multiqc_config.yaml
[2022-08-05 11:15:10,631] multiqc                                            [DEBUG  ]  Command used: /apps/multiqc/1.11/bin/multiqc ./401550_HL7J5DSX3-1_merged_fastqc.html ./401550_HL7J5DSX3-1_merged_fastqc.zip ./401550_HL7J5DSX3-1_merged.fastq.gz ./401550_HL7J5DSX3-1_R1p_fastqc.html ./401550_HL7J5DSX3-1_R1p_fastqc.zip ./401550_HL7J5DSX3-1_R1p.fastq.gz ./401550_HL7J5DSX3-1_R1R2u_fastqc.html ./401550_HL7J5DSX3-1_R1R2u_fastqc.zip ./401550_HL7J5DSX3-1_R1R2u.fastq.gz ./401550_HL7J5DSX3-1_R2p_fastqc.html ./401550_HL7J5DSX3-1_R2p_fastqc.zip ./401550_HL7J5DSX3-1_R2p.fastq.gz ./401550_QCreads.md5 -o 401550_MGSD_CSIRO.qc.stats
[2022-08-05 11:15:10,634] multiqc                                            [DEBUG  ]  Could not connect to multiqc.info for version check: <urlopen error [Errno 111] Connection refused>
[2022-08-05 11:15:10,634] multiqc                                            [DEBUG  ]  Command     : /apps/multiqc/1.11/bin/multiqc ./401550_HL7J5DSX3-1_merged_fastqc.html ./401550_HL7J5DSX3-1_merged_fastqc.zip ./401550_HL7J5DSX3-1_merged.fastq.gz ./401550_HL7J5DSX3-1_R1p_fastqc.html ./401550_HL7J5DSX3-1_R1p_fastqc.zip ./401550_HL7J5DSX3-1_R1p.fastq.gz ./401550_HL7J5DSX3-1_R1R2u_fastqc.html ./401550_HL7J5DSX3-1_R1R2u_fastqc.zip ./401550_HL7J5DSX3-1_R1R2u.fastq.gz ./401550_HL7J5DSX3-1_R2p_fastqc.html ./401550_HL7J5DSX3-1_R2p_fastqc.zip ./401550_HL7J5DSX3-1_R2p.fastq.gz ./401550_QCreads.md5 -o 401550_MGSD_CSIRO.qc.stats
[2022-08-05 11:15:10,634] multiqc                                            [DEBUG  ]  Working dir : /datasets/work/oa-amd/work/amd/Metagenome_QC_reads
[2022-08-05 11:15:10,634] multiqc                                            [DEBUG  ]  Template    : default
[2022-08-05 11:15:10,634] multiqc                                            [DEBUG  ]  Running Python 3.9.4 (default, Apr 25 2021, 16:13:27)  [GCC 10.3.0]
[2022-08-05 11:15:10,634] multiqc                                            [DEBUG  ]  Analysing modules: custom_content, ccs, ngsderive, purple, conpair, lima, peddy, somalier, methylQA, mosdepth, phantompeakqualtools, qualimap, preseq, quast, qorts, rna_seqc, rockhopper, rsem, rseqc, busco, bustools, goleft_indexcov, gffcompare, disambiguate, supernova, deeptools, sargasso, verifybamid, mirtrace, happy, mirtop, sambamba, homer, hops, macs2, theta2, snpeff, gatk, htseq, bcftools, featureCounts, fgbio, dragen, dedup, damageprofiler, biobambam2, jcvi, mtnucratio, picard, vep, sentieon, prokka, qc3C, nanostat, samblaster, samtools, sexdeterrmine, eigenstratdatabasetools, bamtools, jellyfish, vcftools, longranger, stacks, varscan2, snippy, bbmap, bismark, biscuit, hicexplorer, hicup, hicpro, salmon, kallisto, slamdunk, star, hisat2, tophat, bowtie2, bowtie1, snpsplit, odgi, pangolin, kat, leehom, adapterRemoval, clipandmerge, cutadapt, flexbar, kaiju, kraken, malt, trimmomatic, sickle, skewer, sortmerna, biobloomtools, fastq_screen, afterqc, fastp, fastqc, pychopper, pycoqc, minionqc, multivcfanalyzer, clusterflow, bcl2fastq, bclconvert, interop, ivar, flash, seqyclean, optitype
[2022-08-05 11:15:10,634] multiqc                                            [DEBUG  ]  Using temporary directory for creating report: /tmp/smi9a9.8585227/tmp_twa3t57
[2022-08-05 11:15:10,696] multiqc                                            [INFO   ]  Search path : /datasets/work/oa-amd/work/amd/Metagenome_QC_reads/401550_HL7J5DSX3-1_merged_fastqc.html
[2022-08-05 11:15:10,696] multiqc                                            [INFO   ]  Search path : /datasets/work/oa-amd/work/amd/Metagenome_QC_reads/401550_HL7J5DSX3-1_merged_fastqc.zip
[2022-08-05 11:15:10,697] multiqc                                            [INFO   ]  Search path : /datasets/work/oa-amd/work/amd/Metagenome_QC_reads/401550_HL7J5DSX3-1_merged.fastq.gz
[2022-08-05 11:15:10,697] multiqc                                            [INFO   ]  Search path : /datasets/work/oa-amd/work/amd/Metagenome_QC_reads/401550_HL7J5DSX3-1_R1p_fastqc.html
[2022-08-05 11:15:10,697] multiqc                                            [INFO   ]  Search path : /datasets/work/oa-amd/work/amd/Metagenome_QC_reads/401550_HL7J5DSX3-1_R1p_fastqc.zip
[2022-08-05 11:15:10,697] multiqc                                            [INFO   ]  Search path : /datasets/work/oa-amd/work/amd/Metagenome_QC_reads/401550_HL7J5DSX3-1_R1p.fastq.gz
[2022-08-05 11:15:10,697] multiqc                                            [INFO   ]  Search path : /datasets/work/oa-amd/work/amd/Metagenome_QC_reads/401550_HL7J5DSX3-1_R1R2u_fastqc.html
[2022-08-05 11:15:10,697] multiqc                                            [INFO   ]  Search path : /datasets/work/oa-amd/work/amd/Metagenome_QC_reads/401550_HL7J5DSX3-1_R1R2u_fastqc.zip
[2022-08-05 11:15:10,697] multiqc                                            [INFO   ]  Search path : /datasets/work/oa-amd/work/amd/Metagenome_QC_reads/401550_HL7J5DSX3-1_R1R2u.fastq.gz
[2022-08-05 11:15:10,697] multiqc                                            [INFO   ]  Search path : /datasets/work/oa-amd/work/amd/Metagenome_QC_reads/401550_HL7J5DSX3-1_R2p_fastqc.html
[2022-08-05 11:15:10,697] multiqc                                            [INFO   ]  Search path : /datasets/work/oa-amd/work/amd/Metagenome_QC_reads/401550_HL7J5DSX3-1_R2p_fastqc.zip
[2022-08-05 11:15:10,697] multiqc                                            [INFO   ]  Search path : /datasets/work/oa-amd/work/amd/Metagenome_QC_reads/401550_HL7J5DSX3-1_R2p.fastq.gz
[2022-08-05 11:15:10,697] multiqc                                            [INFO   ]  Search path : /datasets/work/oa-amd/work/amd/Metagenome_QC_reads/401550_QCreads.md5
[2022-08-05 11:15:11,088] multiqc                                            [DEBUG  ]  File ignored by ccs/v4 because it exceeded search pattern filesize limit: 401550_HL7J5DSX3-1_merged_fastqc.html
[2022-08-05 11:15:11,096] multiqc                                            [DEBUG  ]  File ignored by hicexplorer because it exceeded search pattern filesize limit: 401550_HL7J5DSX3-1_merged_fastqc.html
[2022-08-05 11:15:11,097] multiqc                                            [DEBUG  ]  File ignored by nanostat because it exceeded search pattern filesize limit: 401550_HL7J5DSX3-1_merged_fastqc.html
[2022-08-05 11:15:11,097] multiqc                                            [DEBUG  ]  File ignored by lima/summary because it exceeded search pattern filesize limit: 401550_HL7J5DSX3-1_merged_fastqc.html
[2022-08-05 11:15:11,336] multiqc                                            [DEBUG  ]  File ignored by vep/vep_txt because it exceeded search pattern filesize limit: 401550_HL7J5DSX3-1_merged_fastqc.html
[2022-08-05 11:15:11,336] multiqc                                            [DEBUG  ]  File ignored by longranger/invocation because it exceeded search pattern filesize limit: 401550_HL7J5DSX3-1_merged_fastqc.html
[2022-08-05 11:15:11,336] multiqc                                            [DEBUG  ]  File ignored by rockhopper because it exceeded search pattern filesize limit: 401550_HL7J5DSX3-1_merged_fastqc.html
[2022-08-05 11:15:11,336] multiqc                                            [DEBUG  ]  File ignored by rseqc/bam_stat because it exceeded search pattern filesize limit: 401550_HL7J5DSX3-1_merged_fastqc.html
[2022-08-05 11:15:11,336] multiqc                                            [DEBUG  ]  File ignored by rseqc/junction_annotation because it exceeded search pattern filesize limit: 401550_HL7J5DSX3-1_merged_fastqc.html
[2022-08-05 11:15:11,336] multiqc                                            [DEBUG  ]  File ignored by rseqc/read_distribution because it exceeded search pattern filesize limit: 401550_HL7J5DSX3-1_merged_fastqc.html
[2022-08-05 11:15:11,337] multiqc                                            [DEBUG  ]  File ignored by rseqc/infer_experiment because it exceeded search pattern filesize limit: 401550_HL7J5DSX3-1_merged_fastqc.html
[2022-08-05 11:15:11,806] multiqc                                            [DEBUG  ]  Ignoring file as matched an ignore pattern: 401550_HL7J5DSX3-1_merged.fastq.gz
[2022-08-05 11:15:11,922] multiqc                                            [DEBUG  ]  File ignored by ccs/v4 because it exceeded search pattern filesize limit: 401550_HL7J5DSX3-1_R1p_fastqc.html
[2022-08-05 11:15:11,929] multiqc                                            [DEBUG  ]  File ignored by hicexplorer because it exceeded search pattern filesize limit: 401550_HL7J5DSX3-1_R1p_fastqc.html
[2022-08-05 11:15:11,929] multiqc                                            [DEBUG  ]  File ignored by nanostat because it exceeded search pattern filesize limit: 401550_HL7J5DSX3-1_R1p_fastqc.html
[2022-08-05 11:15:11,929] multiqc                                            [DEBUG  ]  File ignored by lima/summary because it exceeded search pattern filesize limit: 401550_HL7J5DSX3-1_R1p_fastqc.html
[2022-08-05 11:15:11,945] multiqc                                            [DEBUG  ]  File ignored by vep/vep_txt because it exceeded search pattern filesize limit: 401550_HL7J5DSX3-1_R1p_fastqc.html
[2022-08-05 11:15:11,945] multiqc                                            [DEBUG  ]  File ignored by longranger/invocation because it exceeded search pattern filesize limit: 401550_HL7J5DSX3-1_R1p_fastqc.html
[2022-08-05 11:15:11,945] multiqc                                            [DEBUG  ]  File ignored by rockhopper because it exceeded search pattern filesize limit: 401550_HL7J5DSX3-1_R1p_fastqc.html
[2022-08-05 11:15:11,946] multiqc                                            [DEBUG  ]  File ignored by rseqc/bam_stat because it exceeded search pattern filesize limit: 401550_HL7J5DSX3-1_R1p_fastqc.html
[2022-08-05 11:15:11,946] multiqc                                            [DEBUG  ]  File ignored by rseqc/junction_annotation because it exceeded search pattern filesize limit: 401550_HL7J5DSX3-1_R1p_fastqc.html
[2022-08-05 11:15:11,946] multiqc                                            [DEBUG  ]  File ignored by rseqc/read_distribution because it exceeded search pattern filesize limit: 401550_HL7J5DSX3-1_R1p_fastqc.html
[2022-08-05 11:15:11,946] multiqc                                            [DEBUG  ]  File ignored by rseqc/infer_experiment because it exceeded search pattern filesize limit: 401550_HL7J5DSX3-1_R1p_fastqc.html
[2022-08-05 11:15:12,038] multiqc                                            [DEBUG  ]  Ignoring file as matched an ignore pattern: 401550_HL7J5DSX3-1_R1p.fastq.gz
[2022-08-05 11:15:12,294] multiqc                                            [DEBUG  ]  File ignored by ccs/v4 because it exceeded search pattern filesize limit: 401550_HL7J5DSX3-1_R1R2u_fastqc.html
[2022-08-05 11:15:12,302] multiqc                                            [DEBUG  ]  File ignored by hicexplorer because it exceeded search pattern filesize limit: 401550_HL7J5DSX3-1_R1R2u_fastqc.html
[2022-08-05 11:15:12,303] multiqc                                            [DEBUG  ]  File ignored by nanostat because it exceeded search pattern filesize limit: 401550_HL7J5DSX3-1_R1R2u_fastqc.html
[2022-08-05 11:15:12,303] multiqc                                            [DEBUG  ]  File ignored by lima/summary because it exceeded search pattern filesize limit: 401550_HL7J5DSX3-1_R1R2u_fastqc.html
[2022-08-05 11:15:12,319] multiqc                                            [DEBUG  ]  File ignored by vep/vep_txt because it exceeded search pattern filesize limit: 401550_HL7J5DSX3-1_R1R2u_fastqc.html
[2022-08-05 11:15:12,319] multiqc                                            [DEBUG  ]  File ignored by longranger/invocation because it exceeded search pattern filesize limit: 401550_HL7J5DSX3-1_R1R2u_fastqc.html
[2022-08-05 11:15:12,320] multiqc                                            [DEBUG  ]  File ignored by rockhopper because it exceeded search pattern filesize limit: 401550_HL7J5DSX3-1_R1R2u_fastqc.html
[2022-08-05 11:15:12,320] multiqc                                            [DEBUG  ]  File ignored by rseqc/bam_stat because it exceeded search pattern filesize limit: 401550_HL7J5DSX3-1_R1R2u_fastqc.html
[2022-08-05 11:15:12,320] multiqc                                            [DEBUG  ]  File ignored by rseqc/junction_annotation because it exceeded search pattern filesize limit: 401550_HL7J5DSX3-1_R1R2u_fastqc.html
[2022-08-05 11:15:12,320] multiqc                                            [DEBUG  ]  File ignored by rseqc/read_distribution because it exceeded search pattern filesize limit: 401550_HL7J5DSX3-1_R1R2u_fastqc.html
[2022-08-05 11:15:12,320] multiqc                                            [DEBUG  ]  File ignored by rseqc/infer_experiment because it exceeded search pattern filesize limit: 401550_HL7J5DSX3-1_R1R2u_fastqc.html
[2022-08-05 11:15:12,528] multiqc                                            [DEBUG  ]  Ignoring file as matched an ignore pattern: 401550_HL7J5DSX3-1_R1R2u.fastq.gz
[2022-08-05 11:15:12,606] multiqc                                            [DEBUG  ]  File ignored by ccs/v4 because it exceeded search pattern filesize limit: 401550_HL7J5DSX3-1_R2p_fastqc.html
[2022-08-05 11:15:12,619] multiqc                                            [DEBUG  ]  File ignored by hicexplorer because it exceeded search pattern filesize limit: 401550_HL7J5DSX3-1_R2p_fastqc.html
[2022-08-05 11:15:12,620] multiqc                                            [DEBUG  ]  File ignored by nanostat because it exceeded search pattern filesize limit: 401550_HL7J5DSX3-1_R2p_fastqc.html
[2022-08-05 11:15:12,620] multiqc                                            [DEBUG  ]  File ignored by lima/summary because it exceeded search pattern filesize limit: 401550_HL7J5DSX3-1_R2p_fastqc.html
[2022-08-05 11:15:12,640] multiqc                                            [DEBUG  ]  File ignored by vep/vep_txt because it exceeded search pattern filesize limit: 401550_HL7J5DSX3-1_R2p_fastqc.html
[2022-08-05 11:15:12,640] multiqc                                            [DEBUG  ]  File ignored by longranger/invocation because it exceeded search pattern filesize limit: 401550_HL7J5DSX3-1_R2p_fastqc.html
[2022-08-05 11:15:12,640] multiqc                                            [DEBUG  ]  File ignored by rockhopper because it exceeded search pattern filesize limit: 401550_HL7J5DSX3-1_R2p_fastqc.html
[2022-08-05 11:15:12,640] multiqc                                            [DEBUG  ]  File ignored by rseqc/bam_stat because it exceeded search pattern filesize limit: 401550_HL7J5DSX3-1_R2p_fastqc.html
[2022-08-05 11:15:12,641] multiqc                                            [DEBUG  ]  File ignored by rseqc/junction_annotation because it exceeded search pattern filesize limit: 401550_HL7J5DSX3-1_R2p_fastqc.html
[2022-08-05 11:15:12,641] multiqc                                            [DEBUG  ]  File ignored by rseqc/read_distribution because it exceeded search pattern filesize limit: 401550_HL7J5DSX3-1_R2p_fastqc.html
[2022-08-05 11:15:12,641] multiqc                                            [DEBUG  ]  File ignored by rseqc/infer_experiment because it exceeded search pattern filesize limit: 401550_HL7J5DSX3-1_R2p_fastqc.html
[2022-08-05 11:15:12,724] multiqc                                            [DEBUG  ]  Ignoring file as matched an ignore pattern: 401550_HL7J5DSX3-1_R2p.fastq.gz
[2022-08-05 11:15:12,725] multiqc                                            [DEBUG  ]  Ignoring file as matched an ignore pattern: 401550_QCreads.md5
[2022-08-05 11:15:14,784] multiqc.plots.bargraph                             [DEBUG  ]  Using matplotlib version 3.3.4
[2022-08-05 11:15:14,788] multiqc.plots.linegraph                            [DEBUG  ]  Using matplotlib version 3.3.4
[2022-08-05 11:15:14,792] multiqc                                            [DEBUG  ]  No samples found: custom_content
[2022-08-05 11:15:14,798] multiqc                                            [DEBUG  ]  No samples found: ccs
[2022-08-05 11:15:14,805] multiqc                                            [DEBUG  ]  No samples found: ngsderive
[2022-08-05 11:15:14,810] multiqc                                            [DEBUG  ]  No samples found: purple
[2022-08-05 11:15:14,815] multiqc                                            [DEBUG  ]  No samples found: conpair
[2022-08-05 11:15:14,822] multiqc                                            [DEBUG  ]  No samples found: lima
[2022-08-05 11:15:14,828] multiqc                                            [DEBUG  ]  No samples found: peddy
[2022-08-05 11:15:14,836] multiqc                                            [DEBUG  ]  No samples found: somalier
[2022-08-05 11:15:14,842] multiqc                                            [DEBUG  ]  No samples found: methylQA
[2022-08-05 11:15:14,854] multiqc.modules.mosdepth.mosdepth                  [DEBUG  ]  include_contigs: []
[2022-08-05 11:15:14,854] multiqc.modules.mosdepth.mosdepth                  [DEBUG  ]  exclude_contigs: []
[2022-08-05 11:15:14,854] multiqc                                            [DEBUG  ]  No samples found: mosdepth
[2022-08-05 11:15:14,859] multiqc                                            [DEBUG  ]  No samples found: phantompeakqualtools
[2022-08-05 11:15:14,863] multiqc                                            [DEBUG  ]  No samples found: qualimap
[2022-08-05 11:15:14,869] multiqc                                            [DEBUG  ]  No samples found: preseq
[2022-08-05 11:15:14,877] multiqc                                            [DEBUG  ]  No samples found: quast
[2022-08-05 11:15:14,882] multiqc                                            [DEBUG  ]  No samples found: qorts
[2022-08-05 11:15:14,888] multiqc                                            [DEBUG  ]  No samples found: rna_seqc
[2022-08-05 11:15:14,893] multiqc                                            [DEBUG  ]  No samples found: rockhopper
[2022-08-05 11:15:14,898] multiqc                                            [DEBUG  ]  No samples found: rsem
[2022-08-05 11:15:14,916] multiqc                                            [DEBUG  ]  No samples found: rseqc
[2022-08-05 11:15:14,921] multiqc                                            [DEBUG  ]  No samples found: busco
[2022-08-05 11:15:14,927] multiqc                                            [DEBUG  ]  No samples found: bustools
[2022-08-05 11:15:14,932] multiqc                                            [DEBUG  ]  No samples found: goleft_indexcov
[2022-08-05 11:15:14,938] multiqc                                            [DEBUG  ]  No samples found: gffcompare
[2022-08-05 11:15:14,943] multiqc                                            [DEBUG  ]  No samples found: disambiguate
[2022-08-05 11:15:14,950] multiqc                                            [DEBUG  ]  No samples found: supernova
[2022-08-05 11:15:14,969] multiqc                                            [DEBUG  ]  No samples found: deeptools
[2022-08-05 11:15:14,979] multiqc                                            [DEBUG  ]  No samples found: sargasso
[2022-08-05 11:15:14,984] multiqc                                            [DEBUG  ]  No samples found: verifybamid
[2022-08-05 11:15:14,991] multiqc                                            [DEBUG  ]  No samples found: mirtrace
[2022-08-05 11:15:14,996] multiqc                                            [DEBUG  ]  No samples found: happy
[2022-08-05 11:15:15,003] multiqc                                            [DEBUG  ]  No samples found: mirtop
[2022-08-05 11:15:15,010] multiqc                                            [DEBUG  ]  No samples found: sambamba
[2022-08-05 11:15:15,018] multiqc                                            [DEBUG  ]  No samples found: homer
[2022-08-05 11:15:15,023] multiqc                                            [DEBUG  ]  No samples found: hops
[2022-08-05 11:15:15,028] multiqc                                            [DEBUG  ]  No samples found: macs2
[2022-08-05 11:15:15,033] multiqc                                            [DEBUG  ]  No samples found: theta2
[2022-08-05 11:15:15,039] multiqc                                            [DEBUG  ]  No samples found: snpeff
[2022-08-05 11:15:15,048] multiqc                                            [DEBUG  ]  No samples found: gatk
[2022-08-05 11:15:15,053] multiqc                                            [DEBUG  ]  No samples found: htseq
[2022-08-05 11:15:15,060] multiqc                                            [DEBUG  ]  No samples found: bcftools
[2022-08-05 11:15:15,065] multiqc                                            [DEBUG  ]  No samples found: featureCounts
[2022-08-05 11:15:15,073] multiqc                                            [DEBUG  ]  No samples found: fgbio
[2022-08-05 11:15:15,096] multiqc                                            [DEBUG  ]  No samples found: dragen
[2022-08-05 11:15:15,102] multiqc                                            [DEBUG  ]  No samples found: dedup
[2022-08-05 11:15:15,107] multiqc                                            [DEBUG  ]  No samples found: damageprofiler
[2022-08-05 11:15:15,387] multiqc                                            [DEBUG  ]  No samples found: biobambam2
[2022-08-05 11:15:15,393] multiqc                                            [DEBUG  ]  No samples found: jcvi
[2022-08-05 11:15:15,398] multiqc                                            [DEBUG  ]  No samples found: mtnucratio
[2022-08-05 11:15:15,400] multiqc                                            [DEBUG  ]  No samples found: picard
[2022-08-05 11:15:15,407] multiqc                                            [DEBUG  ]  No samples found: vep
[2022-08-05 11:15:15,417] multiqc                                            [DEBUG  ]  No samples found: sentieon
[2022-08-05 11:15:15,423] multiqc                                            [DEBUG  ]  No samples found: prokka
[2022-08-05 11:15:15,662] multiqc                                            [DEBUG  ]  No samples found: qc3C
[2022-08-05 11:15:15,667] multiqc                                            [DEBUG  ]  No samples found: nanostat
[2022-08-05 11:15:15,671] multiqc                                            [DEBUG  ]  No samples found: samblaster
[2022-08-05 11:15:15,681] multiqc                                            [DEBUG  ]  No samples found: samtools
[2022-08-05 11:15:15,685] multiqc                                            [DEBUG  ]  No samples found: sexdeterrmine
[2022-08-05 11:15:15,689] multiqc                                            [DEBUG  ]  No samples found: eigenstratdatabasetools
[2022-08-05 11:15:15,695] multiqc                                            [DEBUG  ]  No samples found: bamtools
[2022-08-05 11:15:15,699] multiqc                                            [DEBUG  ]  No samples found: jellyfish
[2022-08-05 11:15:15,707] multiqc                                            [DEBUG  ]  No samples found: vcftools
[2022-08-05 11:15:15,712] multiqc                                            [DEBUG  ]  No samples found: longranger
[2022-08-05 11:15:15,718] multiqc                                            [DEBUG  ]  No samples found: stacks
[2022-08-05 11:15:15,723] multiqc                                            [DEBUG  ]  No samples found: varscan2
[2022-08-05 11:15:15,727] multiqc                                            [DEBUG  ]  No samples found: snippy
[2022-08-05 11:15:15,745] multiqc                                            [DEBUG  ]  No samples found: bbmap
[2022-08-05 11:15:15,750] multiqc                                            [DEBUG  ]  No samples found: bismark
[2022-08-05 11:15:15,758] multiqc                                            [DEBUG  ]  No samples found: biscuit
[2022-08-05 11:15:15,763] multiqc                                            [DEBUG  ]  No samples found: hicexplorer
[2022-08-05 11:15:15,768] multiqc                                            [DEBUG  ]  No samples found: hicup
[2022-08-05 11:15:15,773] multiqc                                            [DEBUG  ]  No samples found: hicpro
[2022-08-05 11:15:15,777] multiqc                                            [DEBUG  ]  No samples found: salmon
[2022-08-05 11:15:15,781] multiqc                                            [DEBUG  ]  No samples found: kallisto
[2022-08-05 11:15:15,787] multiqc                                            [DEBUG  ]  No samples found: slamdunk
[2022-08-05 11:15:15,792] multiqc                                            [DEBUG  ]  No samples found: star
[2022-08-05 11:15:15,796] multiqc                                            [DEBUG  ]  No samples found: hisat2
[2022-08-05 11:15:15,801] multiqc                                            [DEBUG  ]  No samples found: tophat
[2022-08-05 11:15:15,805] multiqc                                            [DEBUG  ]  No samples found: bowtie2
[2022-08-05 11:15:15,809] multiqc                                            [DEBUG  ]  No samples found: bowtie1
[2022-08-05 11:15:15,814] multiqc                                            [DEBUG  ]  No samples found: snpsplit
[2022-08-05 11:15:15,819] multiqc                                            [DEBUG  ]  No samples found: odgi
[2022-08-05 11:15:15,823] multiqc                                            [DEBUG  ]  No samples found: pangolin
[2022-08-05 11:15:15,828] multiqc                                            [DEBUG  ]  No samples found: kat
[2022-08-05 11:15:15,831] multiqc                                            [DEBUG  ]  No samples found: leehom
[2022-08-05 11:15:15,836] multiqc                                            [DEBUG  ]  No samples found: adapterRemoval
[2022-08-05 11:15:15,841] multiqc                                            [DEBUG  ]  No samples found: clipandmerge
[2022-08-05 11:15:15,845] multiqc                                            [DEBUG  ]  No samples found: cutadapt
[2022-08-05 11:15:15,850] multiqc                                            [DEBUG  ]  No samples found: flexbar
[2022-08-05 11:15:15,854] multiqc                                            [DEBUG  ]  No samples found: kaiju
[2022-08-05 11:15:15,860] multiqc                                            [DEBUG  ]  No samples found: kraken
[2022-08-05 11:15:15,864] multiqc                                            [DEBUG  ]  No samples found: malt
[2022-08-05 11:15:15,868] multiqc                                            [DEBUG  ]  No samples found: trimmomatic
[2022-08-05 11:15:15,873] multiqc                                            [DEBUG  ]  No samples found: sickle
[2022-08-05 11:15:15,879] multiqc                                            [DEBUG  ]  No samples found: skewer
[2022-08-05 11:15:15,883] multiqc                                            [DEBUG  ]  No samples found: sortmerna
[2022-08-05 11:15:15,887] multiqc                                            [DEBUG  ]  No samples found: biobloomtools
[2022-08-05 11:15:15,892] multiqc                                            [DEBUG  ]  No samples found: fastq_screen
[2022-08-05 11:15:15,896] multiqc                                            [DEBUG  ]  No samples found: afterqc
[2022-08-05 11:15:15,901] multiqc                                            [DEBUG  ]  No samples found: fastp
[2022-08-05 11:15:16,605] multiqc.modules.fastqc.fastqc                      [INFO   ]  Found 4 reports
[2022-08-05 11:15:16,653] multiqc                                            [DEBUG  ]  No samples found: pychopper
[2022-08-05 11:15:16,658] multiqc                                            [DEBUG  ]  No samples found: pycoqc
[2022-08-05 11:15:16,663] multiqc                                            [DEBUG  ]  No samples found: minionqc
[2022-08-05 11:15:16,667] multiqc                                            [DEBUG  ]  No samples found: multivcfanalyzer
[2022-08-05 11:15:16,672] multiqc                                            [DEBUG  ]  No samples found: clusterflow
[2022-08-05 11:15:16,678] multiqc                                            [DEBUG  ]  No samples found: bcl2fastq
[2022-08-05 11:15:16,685] multiqc                                            [DEBUG  ]  No samples found: bclconvert
[2022-08-05 11:15:16,690] multiqc                                            [DEBUG  ]  No samples found: interop
[2022-08-05 11:15:16,694] multiqc                                            [DEBUG  ]  No samples found: ivar
[2022-08-05 11:15:16,699] multiqc                                            [DEBUG  ]  No samples found: flash
[2022-08-05 11:15:16,703] multiqc                                            [DEBUG  ]  No samples found: seqyclean
[2022-08-05 11:15:16,707] multiqc                                            [DEBUG  ]  No samples found: optitype
[2022-08-05 11:15:16,712] multiqc                                            [INFO   ]  Compressing plot data
[2022-08-05 11:15:29,376] multiqc                                            [INFO   ]  Report      : 401550_MGSD_CSIRO.qc.stats/multiqc_report.html
[2022-08-05 11:15:29,377] multiqc                                            [INFO   ]  Data        : 401550_MGSD_CSIRO.qc.stats/multiqc_data
[2022-08-05 11:15:29,377] multiqc                                            [DEBUG  ]  Moving data file from '/tmp/smi9a9.8585227/tmp_twa3t57/multiqc_data' to '401550_MGSD_CSIRO.qc.stats/multiqc_data'
[2022-08-05 11:15:29,847] multiqc                                            [INFO   ]  MultiQC complete
