[2022-08-05 11:03:33,624] multiqc                                            [DEBUG  ]  This is MultiQC v1.11
[2022-08-05 11:03:33,624] multiqc                                            [DEBUG  ]  No MultiQC config found: /apps/multiqc/1.11/lib/python3.9/site-packages/multiqc_config.yaml
[2022-08-05 11:03:33,624] multiqc                                            [DEBUG  ]  No MultiQC config found: /home/smi9a9/.multiqc_config.yaml
[2022-08-05 11:03:33,626] multiqc                                            [DEBUG  ]  No MultiQC config found: multiqc_config.yaml
[2022-08-05 11:03:33,626] multiqc                                            [DEBUG  ]  Command used: /apps/multiqc/1.11/bin/multiqc ./12447_H3WL3BCXX-1_merged_fastqc.html ./12447_H3WL3BCXX-1_merged_fastqc.zip ./12447_H3WL3BCXX-1_merged.fastq.gz ./12447_H3WL3BCXX-1_R1p_fastqc.html ./12447_H3WL3BCXX-1_R1p_fastqc.zip ./12447_H3WL3BCXX-1_R1p.fastq.gz ./12447_H3WL3BCXX-1_R1R2u_fastqc.html ./12447_H3WL3BCXX-1_R1R2u_fastqc.zip ./12447_H3WL3BCXX-1_R1R2u.fastq.gz ./12447_H3WL3BCXX-1_R2p_fastqc.html ./12447_H3WL3BCXX-1_R2p_fastqc.zip ./12447_H3WL3BCXX-1_R2p.fastq.gz ./12447_QCreads.md5 -o 12447_MGSD_CSIRO.qc.stats
[2022-08-05 11:03:33,628] multiqc                                            [DEBUG  ]  Could not connect to multiqc.info for version check: <urlopen error [Errno 111] Connection refused>
[2022-08-05 11:03:33,628] multiqc                                            [DEBUG  ]  Command     : /apps/multiqc/1.11/bin/multiqc ./12447_H3WL3BCXX-1_merged_fastqc.html ./12447_H3WL3BCXX-1_merged_fastqc.zip ./12447_H3WL3BCXX-1_merged.fastq.gz ./12447_H3WL3BCXX-1_R1p_fastqc.html ./12447_H3WL3BCXX-1_R1p_fastqc.zip ./12447_H3WL3BCXX-1_R1p.fastq.gz ./12447_H3WL3BCXX-1_R1R2u_fastqc.html ./12447_H3WL3BCXX-1_R1R2u_fastqc.zip ./12447_H3WL3BCXX-1_R1R2u.fastq.gz ./12447_H3WL3BCXX-1_R2p_fastqc.html ./12447_H3WL3BCXX-1_R2p_fastqc.zip ./12447_H3WL3BCXX-1_R2p.fastq.gz ./12447_QCreads.md5 -o 12447_MGSD_CSIRO.qc.stats
[2022-08-05 11:03:33,628] multiqc                                            [DEBUG  ]  Working dir : /datasets/work/oa-amd/work/amd/Metagenome_QC_reads
[2022-08-05 11:03:33,628] multiqc                                            [DEBUG  ]  Template    : default
[2022-08-05 11:03:33,628] multiqc                                            [DEBUG  ]  Running Python 3.9.4 (default, Apr 25 2021, 16:13:27)  [GCC 10.3.0]
[2022-08-05 11:03:33,628] multiqc                                            [DEBUG  ]  Analysing modules: custom_content, ccs, ngsderive, purple, conpair, lima, peddy, somalier, methylQA, mosdepth, phantompeakqualtools, qualimap, preseq, quast, qorts, rna_seqc, rockhopper, rsem, rseqc, busco, bustools, goleft_indexcov, gffcompare, disambiguate, supernova, deeptools, sargasso, verifybamid, mirtrace, happy, mirtop, sambamba, homer, hops, macs2, theta2, snpeff, gatk, htseq, bcftools, featureCounts, fgbio, dragen, dedup, damageprofiler, biobambam2, jcvi, mtnucratio, picard, vep, sentieon, prokka, qc3C, nanostat, samblaster, samtools, sexdeterrmine, eigenstratdatabasetools, bamtools, jellyfish, vcftools, longranger, stacks, varscan2, snippy, bbmap, bismark, biscuit, hicexplorer, hicup, hicpro, salmon, kallisto, slamdunk, star, hisat2, tophat, bowtie2, bowtie1, snpsplit, odgi, pangolin, kat, leehom, adapterRemoval, clipandmerge, cutadapt, flexbar, kaiju, kraken, malt, trimmomatic, sickle, skewer, sortmerna, biobloomtools, fastq_screen, afterqc, fastp, fastqc, pychopper, pycoqc, minionqc, multivcfanalyzer, clusterflow, bcl2fastq, bclconvert, interop, ivar, flash, seqyclean, optitype
[2022-08-05 11:03:33,628] multiqc                                            [DEBUG  ]  Using temporary directory for creating report: /tmp/smi9a9.8585088/tmpbbdc7sz0
[2022-08-05 11:03:33,690] multiqc                                            [INFO   ]  Search path : /datasets/work/oa-amd/work/amd/Metagenome_QC_reads/12447_H3WL3BCXX-1_merged_fastqc.html
[2022-08-05 11:03:33,690] multiqc                                            [INFO   ]  Search path : /datasets/work/oa-amd/work/amd/Metagenome_QC_reads/12447_H3WL3BCXX-1_merged_fastqc.zip
[2022-08-05 11:03:33,690] multiqc                                            [INFO   ]  Search path : /datasets/work/oa-amd/work/amd/Metagenome_QC_reads/12447_H3WL3BCXX-1_merged.fastq.gz
[2022-08-05 11:03:33,690] multiqc                                            [INFO   ]  Search path : /datasets/work/oa-amd/work/amd/Metagenome_QC_reads/12447_H3WL3BCXX-1_R1p_fastqc.html
[2022-08-05 11:03:33,690] multiqc                                            [INFO   ]  Search path : /datasets/work/oa-amd/work/amd/Metagenome_QC_reads/12447_H3WL3BCXX-1_R1p_fastqc.zip
[2022-08-05 11:03:33,690] multiqc                                            [INFO   ]  Search path : /datasets/work/oa-amd/work/amd/Metagenome_QC_reads/12447_H3WL3BCXX-1_R1p.fastq.gz
[2022-08-05 11:03:33,690] multiqc                                            [INFO   ]  Search path : /datasets/work/oa-amd/work/amd/Metagenome_QC_reads/12447_H3WL3BCXX-1_R1R2u_fastqc.html
[2022-08-05 11:03:33,690] multiqc                                            [INFO   ]  Search path : /datasets/work/oa-amd/work/amd/Metagenome_QC_reads/12447_H3WL3BCXX-1_R1R2u_fastqc.zip
[2022-08-05 11:03:33,690] multiqc                                            [INFO   ]  Search path : /datasets/work/oa-amd/work/amd/Metagenome_QC_reads/12447_H3WL3BCXX-1_R1R2u.fastq.gz
[2022-08-05 11:03:33,690] multiqc                                            [INFO   ]  Search path : /datasets/work/oa-amd/work/amd/Metagenome_QC_reads/12447_H3WL3BCXX-1_R2p_fastqc.html
[2022-08-05 11:03:33,690] multiqc                                            [INFO   ]  Search path : /datasets/work/oa-amd/work/amd/Metagenome_QC_reads/12447_H3WL3BCXX-1_R2p_fastqc.zip
[2022-08-05 11:03:33,690] multiqc                                            [INFO   ]  Search path : /datasets/work/oa-amd/work/amd/Metagenome_QC_reads/12447_H3WL3BCXX-1_R2p.fastq.gz
[2022-08-05 11:03:33,690] multiqc                                            [INFO   ]  Search path : /datasets/work/oa-amd/work/amd/Metagenome_QC_reads/12447_QCreads.md5
[2022-08-05 11:03:33,798] multiqc                                            [DEBUG  ]  File ignored by ccs/v4 because it exceeded search pattern filesize limit: 12447_H3WL3BCXX-1_merged_fastqc.html
[2022-08-05 11:03:33,803] multiqc                                            [DEBUG  ]  File ignored by hicexplorer because it exceeded search pattern filesize limit: 12447_H3WL3BCXX-1_merged_fastqc.html
[2022-08-05 11:03:33,803] multiqc                                            [DEBUG  ]  File ignored by nanostat because it exceeded search pattern filesize limit: 12447_H3WL3BCXX-1_merged_fastqc.html
[2022-08-05 11:03:33,803] multiqc                                            [DEBUG  ]  File ignored by lima/summary because it exceeded search pattern filesize limit: 12447_H3WL3BCXX-1_merged_fastqc.html
[2022-08-05 11:03:33,817] multiqc                                            [DEBUG  ]  File ignored by vep/vep_txt because it exceeded search pattern filesize limit: 12447_H3WL3BCXX-1_merged_fastqc.html
[2022-08-05 11:03:33,817] multiqc                                            [DEBUG  ]  File ignored by longranger/invocation because it exceeded search pattern filesize limit: 12447_H3WL3BCXX-1_merged_fastqc.html
[2022-08-05 11:03:33,817] multiqc                                            [DEBUG  ]  File ignored by rockhopper because it exceeded search pattern filesize limit: 12447_H3WL3BCXX-1_merged_fastqc.html
[2022-08-05 11:03:33,817] multiqc                                            [DEBUG  ]  File ignored by rseqc/bam_stat because it exceeded search pattern filesize limit: 12447_H3WL3BCXX-1_merged_fastqc.html
[2022-08-05 11:03:33,817] multiqc                                            [DEBUG  ]  File ignored by rseqc/junction_annotation because it exceeded search pattern filesize limit: 12447_H3WL3BCXX-1_merged_fastqc.html
[2022-08-05 11:03:33,817] multiqc                                            [DEBUG  ]  File ignored by rseqc/read_distribution because it exceeded search pattern filesize limit: 12447_H3WL3BCXX-1_merged_fastqc.html
[2022-08-05 11:03:33,817] multiqc                                            [DEBUG  ]  File ignored by rseqc/infer_experiment because it exceeded search pattern filesize limit: 12447_H3WL3BCXX-1_merged_fastqc.html
[2022-08-05 11:03:33,895] multiqc                                            [DEBUG  ]  Ignoring file as matched an ignore pattern: 12447_H3WL3BCXX-1_merged.fastq.gz
[2022-08-05 11:03:33,954] multiqc                                            [DEBUG  ]  File ignored by ccs/v4 because it exceeded search pattern filesize limit: 12447_H3WL3BCXX-1_R1p_fastqc.html
[2022-08-05 11:03:33,961] multiqc                                            [DEBUG  ]  File ignored by hicexplorer because it exceeded search pattern filesize limit: 12447_H3WL3BCXX-1_R1p_fastqc.html
[2022-08-05 11:03:33,962] multiqc                                            [DEBUG  ]  File ignored by nanostat because it exceeded search pattern filesize limit: 12447_H3WL3BCXX-1_R1p_fastqc.html
[2022-08-05 11:03:33,962] multiqc                                            [DEBUG  ]  File ignored by lima/summary because it exceeded search pattern filesize limit: 12447_H3WL3BCXX-1_R1p_fastqc.html
[2022-08-05 11:03:34,064] multiqc                                            [DEBUG  ]  File ignored by vep/vep_txt because it exceeded search pattern filesize limit: 12447_H3WL3BCXX-1_R1p_fastqc.html
[2022-08-05 11:03:34,064] multiqc                                            [DEBUG  ]  File ignored by longranger/invocation because it exceeded search pattern filesize limit: 12447_H3WL3BCXX-1_R1p_fastqc.html
[2022-08-05 11:03:34,064] multiqc                                            [DEBUG  ]  File ignored by rockhopper because it exceeded search pattern filesize limit: 12447_H3WL3BCXX-1_R1p_fastqc.html
[2022-08-05 11:03:34,064] multiqc                                            [DEBUG  ]  File ignored by rseqc/bam_stat because it exceeded search pattern filesize limit: 12447_H3WL3BCXX-1_R1p_fastqc.html
[2022-08-05 11:03:34,064] multiqc                                            [DEBUG  ]  File ignored by rseqc/junction_annotation because it exceeded search pattern filesize limit: 12447_H3WL3BCXX-1_R1p_fastqc.html
[2022-08-05 11:03:34,064] multiqc                                            [DEBUG  ]  File ignored by rseqc/read_distribution because it exceeded search pattern filesize limit: 12447_H3WL3BCXX-1_R1p_fastqc.html
[2022-08-05 11:03:34,064] multiqc                                            [DEBUG  ]  File ignored by rseqc/infer_experiment because it exceeded search pattern filesize limit: 12447_H3WL3BCXX-1_R1p_fastqc.html
[2022-08-05 11:03:34,516] multiqc                                            [DEBUG  ]  Ignoring file as matched an ignore pattern: 12447_H3WL3BCXX-1_R1p.fastq.gz
[2022-08-05 11:03:34,785] multiqc                                            [DEBUG  ]  File ignored by ccs/v4 because it exceeded search pattern filesize limit: 12447_H3WL3BCXX-1_R1R2u_fastqc.html
[2022-08-05 11:03:34,789] multiqc                                            [DEBUG  ]  File ignored by hicexplorer because it exceeded search pattern filesize limit: 12447_H3WL3BCXX-1_R1R2u_fastqc.html
[2022-08-05 11:03:34,789] multiqc                                            [DEBUG  ]  File ignored by nanostat because it exceeded search pattern filesize limit: 12447_H3WL3BCXX-1_R1R2u_fastqc.html
[2022-08-05 11:03:34,789] multiqc                                            [DEBUG  ]  File ignored by lima/summary because it exceeded search pattern filesize limit: 12447_H3WL3BCXX-1_R1R2u_fastqc.html
[2022-08-05 11:03:34,800] multiqc                                            [DEBUG  ]  File ignored by vep/vep_txt because it exceeded search pattern filesize limit: 12447_H3WL3BCXX-1_R1R2u_fastqc.html
[2022-08-05 11:03:34,800] multiqc                                            [DEBUG  ]  File ignored by longranger/invocation because it exceeded search pattern filesize limit: 12447_H3WL3BCXX-1_R1R2u_fastqc.html
[2022-08-05 11:03:34,800] multiqc                                            [DEBUG  ]  File ignored by rockhopper because it exceeded search pattern filesize limit: 12447_H3WL3BCXX-1_R1R2u_fastqc.html
[2022-08-05 11:03:34,800] multiqc                                            [DEBUG  ]  File ignored by rseqc/bam_stat because it exceeded search pattern filesize limit: 12447_H3WL3BCXX-1_R1R2u_fastqc.html
[2022-08-05 11:03:34,800] multiqc                                            [DEBUG  ]  File ignored by rseqc/junction_annotation because it exceeded search pattern filesize limit: 12447_H3WL3BCXX-1_R1R2u_fastqc.html
[2022-08-05 11:03:34,800] multiqc                                            [DEBUG  ]  File ignored by rseqc/read_distribution because it exceeded search pattern filesize limit: 12447_H3WL3BCXX-1_R1R2u_fastqc.html
[2022-08-05 11:03:34,800] multiqc                                            [DEBUG  ]  File ignored by rseqc/infer_experiment because it exceeded search pattern filesize limit: 12447_H3WL3BCXX-1_R1R2u_fastqc.html
[2022-08-05 11:03:34,870] multiqc                                            [DEBUG  ]  Ignoring file as matched an ignore pattern: 12447_H3WL3BCXX-1_R1R2u.fastq.gz
[2022-08-05 11:03:34,962] multiqc                                            [DEBUG  ]  File ignored by ccs/v4 because it exceeded search pattern filesize limit: 12447_H3WL3BCXX-1_R2p_fastqc.html
[2022-08-05 11:03:34,971] multiqc                                            [DEBUG  ]  File ignored by hicexplorer because it exceeded search pattern filesize limit: 12447_H3WL3BCXX-1_R2p_fastqc.html
[2022-08-05 11:03:34,972] multiqc                                            [DEBUG  ]  File ignored by nanostat because it exceeded search pattern filesize limit: 12447_H3WL3BCXX-1_R2p_fastqc.html
[2022-08-05 11:03:34,972] multiqc                                            [DEBUG  ]  File ignored by lima/summary because it exceeded search pattern filesize limit: 12447_H3WL3BCXX-1_R2p_fastqc.html
[2022-08-05 11:03:34,986] multiqc                                            [DEBUG  ]  File ignored by vep/vep_txt because it exceeded search pattern filesize limit: 12447_H3WL3BCXX-1_R2p_fastqc.html
[2022-08-05 11:03:34,986] multiqc                                            [DEBUG  ]  File ignored by longranger/invocation because it exceeded search pattern filesize limit: 12447_H3WL3BCXX-1_R2p_fastqc.html
[2022-08-05 11:03:34,986] multiqc                                            [DEBUG  ]  File ignored by rockhopper because it exceeded search pattern filesize limit: 12447_H3WL3BCXX-1_R2p_fastqc.html
[2022-08-05 11:03:34,986] multiqc                                            [DEBUG  ]  File ignored by rseqc/bam_stat because it exceeded search pattern filesize limit: 12447_H3WL3BCXX-1_R2p_fastqc.html
[2022-08-05 11:03:34,986] multiqc                                            [DEBUG  ]  File ignored by rseqc/junction_annotation because it exceeded search pattern filesize limit: 12447_H3WL3BCXX-1_R2p_fastqc.html
[2022-08-05 11:03:34,986] multiqc                                            [DEBUG  ]  File ignored by rseqc/read_distribution because it exceeded search pattern filesize limit: 12447_H3WL3BCXX-1_R2p_fastqc.html
[2022-08-05 11:03:34,986] multiqc                                            [DEBUG  ]  File ignored by rseqc/infer_experiment because it exceeded search pattern filesize limit: 12447_H3WL3BCXX-1_R2p_fastqc.html
[2022-08-05 11:03:35,071] multiqc                                            [DEBUG  ]  Ignoring file as matched an ignore pattern: 12447_H3WL3BCXX-1_R2p.fastq.gz
[2022-08-05 11:03:35,072] multiqc                                            [DEBUG  ]  Ignoring file as matched an ignore pattern: 12447_QCreads.md5
[2022-08-05 11:03:36,086] multiqc.plots.bargraph                             [DEBUG  ]  Using matplotlib version 3.3.4
[2022-08-05 11:03:36,090] multiqc.plots.linegraph                            [DEBUG  ]  Using matplotlib version 3.3.4
[2022-08-05 11:03:36,092] multiqc                                            [DEBUG  ]  No samples found: custom_content
[2022-08-05 11:03:36,098] multiqc                                            [DEBUG  ]  No samples found: ccs
[2022-08-05 11:03:36,333] multiqc                                            [DEBUG  ]  No samples found: ngsderive
[2022-08-05 11:03:36,339] multiqc                                            [DEBUG  ]  No samples found: purple
[2022-08-05 11:03:36,344] multiqc                                            [DEBUG  ]  No samples found: conpair
[2022-08-05 11:03:36,348] multiqc                                            [DEBUG  ]  No samples found: lima
[2022-08-05 11:03:36,354] multiqc                                            [DEBUG  ]  No samples found: peddy
[2022-08-05 11:03:36,360] multiqc                                            [DEBUG  ]  No samples found: somalier
[2022-08-05 11:03:36,364] multiqc                                            [DEBUG  ]  No samples found: methylQA
[2022-08-05 11:03:36,374] multiqc.modules.mosdepth.mosdepth                  [DEBUG  ]  include_contigs: []
[2022-08-05 11:03:36,374] multiqc.modules.mosdepth.mosdepth                  [DEBUG  ]  exclude_contigs: []
[2022-08-05 11:03:36,374] multiqc                                            [DEBUG  ]  No samples found: mosdepth
[2022-08-05 11:03:36,378] multiqc                                            [DEBUG  ]  No samples found: phantompeakqualtools
[2022-08-05 11:03:36,382] multiqc                                            [DEBUG  ]  No samples found: qualimap
[2022-08-05 11:03:36,387] multiqc                                            [DEBUG  ]  No samples found: preseq
[2022-08-05 11:03:36,392] multiqc                                            [DEBUG  ]  No samples found: quast
[2022-08-05 11:03:36,470] multiqc                                            [DEBUG  ]  No samples found: qorts
[2022-08-05 11:03:36,475] multiqc                                            [DEBUG  ]  No samples found: rna_seqc
[2022-08-05 11:03:36,480] multiqc                                            [DEBUG  ]  No samples found: rockhopper
[2022-08-05 11:03:36,485] multiqc                                            [DEBUG  ]  No samples found: rsem
[2022-08-05 11:03:36,731] multiqc                                            [DEBUG  ]  No samples found: rseqc
[2022-08-05 11:03:36,736] multiqc                                            [DEBUG  ]  No samples found: busco
[2022-08-05 11:03:36,741] multiqc                                            [DEBUG  ]  No samples found: bustools
[2022-08-05 11:03:36,745] multiqc                                            [DEBUG  ]  No samples found: goleft_indexcov
[2022-08-05 11:03:36,750] multiqc                                            [DEBUG  ]  No samples found: gffcompare
[2022-08-05 11:03:36,755] multiqc                                            [DEBUG  ]  No samples found: disambiguate
[2022-08-05 11:03:36,761] multiqc                                            [DEBUG  ]  No samples found: supernova
[2022-08-05 11:03:37,574] multiqc                                            [DEBUG  ]  No samples found: deeptools
[2022-08-05 11:03:37,586] multiqc                                            [DEBUG  ]  No samples found: sargasso
[2022-08-05 11:03:37,593] multiqc                                            [DEBUG  ]  No samples found: verifybamid
[2022-08-05 11:03:37,603] multiqc                                            [DEBUG  ]  No samples found: mirtrace
[2022-08-05 11:03:37,613] multiqc                                            [DEBUG  ]  No samples found: happy
[2022-08-05 11:03:37,621] multiqc                                            [DEBUG  ]  No samples found: mirtop
[2022-08-05 11:03:37,629] multiqc                                            [DEBUG  ]  No samples found: sambamba
[2022-08-05 11:03:37,639] multiqc                                            [DEBUG  ]  No samples found: homer
[2022-08-05 11:03:37,643] multiqc                                            [DEBUG  ]  No samples found: hops
[2022-08-05 11:03:37,648] multiqc                                            [DEBUG  ]  No samples found: macs2
[2022-08-05 11:03:37,653] multiqc                                            [DEBUG  ]  No samples found: theta2
[2022-08-05 11:03:37,660] multiqc                                            [DEBUG  ]  No samples found: snpeff
[2022-08-05 11:03:37,904] multiqc                                            [DEBUG  ]  No samples found: gatk
[2022-08-05 11:03:37,910] multiqc                                            [DEBUG  ]  No samples found: htseq
[2022-08-05 11:03:37,917] multiqc                                            [DEBUG  ]  No samples found: bcftools
[2022-08-05 11:03:37,924] multiqc                                            [DEBUG  ]  No samples found: featureCounts
[2022-08-05 11:03:37,933] multiqc                                            [DEBUG  ]  No samples found: fgbio
[2022-08-05 11:03:37,952] multiqc                                            [DEBUG  ]  No samples found: dragen
[2022-08-05 11:03:38,187] multiqc                                            [DEBUG  ]  No samples found: dedup
[2022-08-05 11:03:38,194] multiqc                                            [DEBUG  ]  No samples found: damageprofiler
[2022-08-05 11:03:38,464] multiqc                                            [DEBUG  ]  No samples found: biobambam2
[2022-08-05 11:03:38,470] multiqc                                            [DEBUG  ]  No samples found: jcvi
[2022-08-05 11:03:38,474] multiqc                                            [DEBUG  ]  No samples found: mtnucratio
[2022-08-05 11:03:38,476] multiqc                                            [DEBUG  ]  No samples found: picard
[2022-08-05 11:03:38,483] multiqc                                            [DEBUG  ]  No samples found: vep
[2022-08-05 11:03:38,493] multiqc                                            [DEBUG  ]  No samples found: sentieon
[2022-08-05 11:03:38,499] multiqc                                            [DEBUG  ]  No samples found: prokka
[2022-08-05 11:03:38,508] multiqc                                            [DEBUG  ]  No samples found: qc3C
[2022-08-05 11:03:38,514] multiqc                                            [DEBUG  ]  No samples found: nanostat
[2022-08-05 11:03:38,520] multiqc                                            [DEBUG  ]  No samples found: samblaster
[2022-08-05 11:03:38,990] multiqc                                            [DEBUG  ]  No samples found: samtools
[2022-08-05 11:03:38,995] multiqc                                            [DEBUG  ]  No samples found: sexdeterrmine
[2022-08-05 11:03:38,999] multiqc                                            [DEBUG  ]  No samples found: eigenstratdatabasetools
[2022-08-05 11:03:39,460] multiqc                                            [DEBUG  ]  No samples found: bamtools
[2022-08-05 11:03:39,464] multiqc                                            [DEBUG  ]  No samples found: jellyfish
[2022-08-05 11:03:39,471] multiqc                                            [DEBUG  ]  No samples found: vcftools
[2022-08-05 11:03:39,476] multiqc                                            [DEBUG  ]  No samples found: longranger
[2022-08-05 11:03:39,480] multiqc                                            [DEBUG  ]  No samples found: stacks
[2022-08-05 11:03:39,484] multiqc                                            [DEBUG  ]  No samples found: varscan2
[2022-08-05 11:03:39,489] multiqc                                            [DEBUG  ]  No samples found: snippy
[2022-08-05 11:03:39,503] multiqc                                            [DEBUG  ]  No samples found: bbmap
[2022-08-05 11:03:39,738] multiqc                                            [DEBUG  ]  No samples found: bismark
[2022-08-05 11:03:39,746] multiqc                                            [DEBUG  ]  No samples found: biscuit
[2022-08-05 11:03:39,750] multiqc                                            [DEBUG  ]  No samples found: hicexplorer
[2022-08-05 11:03:39,755] multiqc                                            [DEBUG  ]  No samples found: hicup
[2022-08-05 11:03:39,760] multiqc                                            [DEBUG  ]  No samples found: hicpro
[2022-08-05 11:03:39,764] multiqc                                            [DEBUG  ]  No samples found: salmon
[2022-08-05 11:03:39,768] multiqc                                            [DEBUG  ]  No samples found: kallisto
[2022-08-05 11:03:39,774] multiqc                                            [DEBUG  ]  No samples found: slamdunk
[2022-08-05 11:03:39,778] multiqc                                            [DEBUG  ]  No samples found: star
[2022-08-05 11:03:39,782] multiqc                                            [DEBUG  ]  No samples found: hisat2
[2022-08-05 11:03:39,786] multiqc                                            [DEBUG  ]  No samples found: tophat
[2022-08-05 11:03:39,791] multiqc                                            [DEBUG  ]  No samples found: bowtie2
[2022-08-05 11:03:39,795] multiqc                                            [DEBUG  ]  No samples found: bowtie1
[2022-08-05 11:03:39,799] multiqc                                            [DEBUG  ]  No samples found: snpsplit
[2022-08-05 11:03:39,803] multiqc                                            [DEBUG  ]  No samples found: odgi
[2022-08-05 11:03:39,808] multiqc                                            [DEBUG  ]  No samples found: pangolin
[2022-08-05 11:03:39,811] multiqc                                            [DEBUG  ]  No samples found: kat
[2022-08-05 11:03:39,815] multiqc                                            [DEBUG  ]  No samples found: leehom
[2022-08-05 11:03:39,825] multiqc                                            [DEBUG  ]  No samples found: adapterRemoval
[2022-08-05 11:03:39,828] multiqc                                            [DEBUG  ]  No samples found: clipandmerge
[2022-08-05 11:03:39,834] multiqc                                            [DEBUG  ]  No samples found: cutadapt
[2022-08-05 11:03:39,838] multiqc                                            [DEBUG  ]  No samples found: flexbar
[2022-08-05 11:03:39,843] multiqc                                            [DEBUG  ]  No samples found: kaiju
[2022-08-05 11:03:39,849] multiqc                                            [DEBUG  ]  No samples found: kraken
[2022-08-05 11:03:39,855] multiqc                                            [DEBUG  ]  No samples found: malt
[2022-08-05 11:03:39,859] multiqc                                            [DEBUG  ]  No samples found: trimmomatic
[2022-08-05 11:03:39,864] multiqc                                            [DEBUG  ]  No samples found: sickle
[2022-08-05 11:03:40,099] multiqc                                            [DEBUG  ]  No samples found: skewer
[2022-08-05 11:03:40,105] multiqc                                            [DEBUG  ]  No samples found: sortmerna
[2022-08-05 11:03:40,109] multiqc                                            [DEBUG  ]  No samples found: biobloomtools
[2022-08-05 11:03:40,115] multiqc                                            [DEBUG  ]  No samples found: fastq_screen
[2022-08-05 11:03:40,119] multiqc                                            [DEBUG  ]  No samples found: afterqc
[2022-08-05 11:03:40,125] multiqc                                            [DEBUG  ]  No samples found: fastp
[2022-08-05 11:03:40,221] multiqc.modules.fastqc.fastqc                      [INFO   ]  Found 4 reports
[2022-08-05 11:03:40,303] multiqc                                            [DEBUG  ]  No samples found: pychopper
[2022-08-05 11:03:40,308] multiqc                                            [DEBUG  ]  No samples found: pycoqc
[2022-08-05 11:03:40,313] multiqc                                            [DEBUG  ]  No samples found: minionqc
[2022-08-05 11:03:40,318] multiqc                                            [DEBUG  ]  No samples found: multivcfanalyzer
[2022-08-05 11:03:40,323] multiqc                                            [DEBUG  ]  No samples found: clusterflow
[2022-08-05 11:03:40,330] multiqc                                            [DEBUG  ]  No samples found: bcl2fastq
[2022-08-05 11:03:40,337] multiqc                                            [DEBUG  ]  No samples found: bclconvert
[2022-08-05 11:03:40,343] multiqc                                            [DEBUG  ]  No samples found: interop
[2022-08-05 11:03:40,347] multiqc                                            [DEBUG  ]  No samples found: ivar
[2022-08-05 11:03:40,352] multiqc                                            [DEBUG  ]  No samples found: flash
[2022-08-05 11:03:40,357] multiqc                                            [DEBUG  ]  No samples found: seqyclean
[2022-08-05 11:03:40,361] multiqc                                            [DEBUG  ]  No samples found: optitype
[2022-08-05 11:03:40,365] multiqc                                            [INFO   ]  Compressing plot data
[2022-08-05 11:03:40,423] multiqc                                            [INFO   ]  Report      : 12447_MGSD_CSIRO.qc.stats/multiqc_report.html
[2022-08-05 11:03:40,423] multiqc                                            [INFO   ]  Data        : 12447_MGSD_CSIRO.qc.stats/multiqc_data
[2022-08-05 11:03:40,423] multiqc                                            [DEBUG  ]  Moving data file from '/tmp/smi9a9.8585088/tmpbbdc7sz0/multiqc_data' to '12447_MGSD_CSIRO.qc.stats/multiqc_data'
[2022-08-05 11:03:40,545] multiqc                                            [INFO   ]  MultiQC complete
