[2022-08-05 11:09:40,625] multiqc                                            [DEBUG  ]  This is MultiQC v1.11
[2022-08-05 11:09:40,625] multiqc                                            [DEBUG  ]  No MultiQC config found: /apps/multiqc/1.11/lib/python3.9/site-packages/multiqc_config.yaml
[2022-08-05 11:09:40,625] multiqc                                            [DEBUG  ]  No MultiQC config found: /home/smi9a9/.multiqc_config.yaml
[2022-08-05 11:09:40,627] multiqc                                            [DEBUG  ]  No MultiQC config found: multiqc_config.yaml
[2022-08-05 11:09:40,627] multiqc                                            [DEBUG  ]  Command used: /apps/multiqc/1.11/bin/multiqc ./15877_combined_merged_fastqc.html ./15877_combined_merged_fastqc.zip ./15877_combined_merged.fastq.gz ./15877_combined_R1p_fastqc.html ./15877_combined_R1p_fastqc.zip ./15877_combined_R1p.fastq.gz ./15877_combined_R1R2u_fastqc.html ./15877_combined_R1R2u_fastqc.zip ./15877_combined_R1R2u.fastq.gz ./15877_combined_R2p_fastqc.html ./15877_combined_R2p_fastqc.zip ./15877_combined_R2p.fastq.gz ./15877_QCreads.md5 -o 15877_MGSD_CSIRO.qc.stats
[2022-08-05 11:09:40,629] multiqc                                            [DEBUG  ]  Could not connect to multiqc.info for version check: <urlopen error [Errno 111] Connection refused>
[2022-08-05 11:09:40,629] multiqc                                            [DEBUG  ]  Command     : /apps/multiqc/1.11/bin/multiqc ./15877_combined_merged_fastqc.html ./15877_combined_merged_fastqc.zip ./15877_combined_merged.fastq.gz ./15877_combined_R1p_fastqc.html ./15877_combined_R1p_fastqc.zip ./15877_combined_R1p.fastq.gz ./15877_combined_R1R2u_fastqc.html ./15877_combined_R1R2u_fastqc.zip ./15877_combined_R1R2u.fastq.gz ./15877_combined_R2p_fastqc.html ./15877_combined_R2p_fastqc.zip ./15877_combined_R2p.fastq.gz ./15877_QCreads.md5 -o 15877_MGSD_CSIRO.qc.stats
[2022-08-05 11:09:40,629] multiqc                                            [DEBUG  ]  Working dir : /datasets/work/oa-amd/work/amd/Metagenome_QC_reads
[2022-08-05 11:09:40,629] multiqc                                            [DEBUG  ]  Template    : default
[2022-08-05 11:09:40,629] multiqc                                            [DEBUG  ]  Running Python 3.9.4 (default, Apr 25 2021, 16:13:27)  [GCC 10.3.0]
[2022-08-05 11:09:40,630] multiqc                                            [DEBUG  ]  Analysing modules: custom_content, ccs, ngsderive, purple, conpair, lima, peddy, somalier, methylQA, mosdepth, phantompeakqualtools, qualimap, preseq, quast, qorts, rna_seqc, rockhopper, rsem, rseqc, busco, bustools, goleft_indexcov, gffcompare, disambiguate, supernova, deeptools, sargasso, verifybamid, mirtrace, happy, mirtop, sambamba, homer, hops, macs2, theta2, snpeff, gatk, htseq, bcftools, featureCounts, fgbio, dragen, dedup, damageprofiler, biobambam2, jcvi, mtnucratio, picard, vep, sentieon, prokka, qc3C, nanostat, samblaster, samtools, sexdeterrmine, eigenstratdatabasetools, bamtools, jellyfish, vcftools, longranger, stacks, varscan2, snippy, bbmap, bismark, biscuit, hicexplorer, hicup, hicpro, salmon, kallisto, slamdunk, star, hisat2, tophat, bowtie2, bowtie1, snpsplit, odgi, pangolin, kat, leehom, adapterRemoval, clipandmerge, cutadapt, flexbar, kaiju, kraken, malt, trimmomatic, sickle, skewer, sortmerna, biobloomtools, fastq_screen, afterqc, fastp, fastqc, pychopper, pycoqc, minionqc, multivcfanalyzer, clusterflow, bcl2fastq, bclconvert, interop, ivar, flash, seqyclean, optitype
[2022-08-05 11:09:40,630] multiqc                                            [DEBUG  ]  Using temporary directory for creating report: /tmp/smi9a9.8585299/tmpb_t68raf
[2022-08-05 11:09:40,691] multiqc                                            [INFO   ]  Search path : /datasets/work/oa-amd/work/amd/Metagenome_QC_reads/15877_combined_merged_fastqc.html
[2022-08-05 11:09:40,691] multiqc                                            [INFO   ]  Search path : /datasets/work/oa-amd/work/amd/Metagenome_QC_reads/15877_combined_merged_fastqc.zip
[2022-08-05 11:09:40,691] multiqc                                            [INFO   ]  Search path : /datasets/work/oa-amd/work/amd/Metagenome_QC_reads/15877_combined_merged.fastq.gz
[2022-08-05 11:09:40,691] multiqc                                            [INFO   ]  Search path : /datasets/work/oa-amd/work/amd/Metagenome_QC_reads/15877_combined_R1p_fastqc.html
[2022-08-05 11:09:40,691] multiqc                                            [INFO   ]  Search path : /datasets/work/oa-amd/work/amd/Metagenome_QC_reads/15877_combined_R1p_fastqc.zip
[2022-08-05 11:09:40,691] multiqc                                            [INFO   ]  Search path : /datasets/work/oa-amd/work/amd/Metagenome_QC_reads/15877_combined_R1p.fastq.gz
[2022-08-05 11:09:40,691] multiqc                                            [INFO   ]  Search path : /datasets/work/oa-amd/work/amd/Metagenome_QC_reads/15877_combined_R1R2u_fastqc.html
[2022-08-05 11:09:40,691] multiqc                                            [INFO   ]  Search path : /datasets/work/oa-amd/work/amd/Metagenome_QC_reads/15877_combined_R1R2u_fastqc.zip
[2022-08-05 11:09:40,691] multiqc                                            [INFO   ]  Search path : /datasets/work/oa-amd/work/amd/Metagenome_QC_reads/15877_combined_R1R2u.fastq.gz
[2022-08-05 11:09:40,692] multiqc                                            [INFO   ]  Search path : /datasets/work/oa-amd/work/amd/Metagenome_QC_reads/15877_combined_R2p_fastqc.html
[2022-08-05 11:09:40,692] multiqc                                            [INFO   ]  Search path : /datasets/work/oa-amd/work/amd/Metagenome_QC_reads/15877_combined_R2p_fastqc.zip
[2022-08-05 11:09:40,692] multiqc                                            [INFO   ]  Search path : /datasets/work/oa-amd/work/amd/Metagenome_QC_reads/15877_combined_R2p.fastq.gz
[2022-08-05 11:09:40,692] multiqc                                            [INFO   ]  Search path : /datasets/work/oa-amd/work/amd/Metagenome_QC_reads/15877_QCreads.md5
[2022-08-05 11:09:41,332] multiqc                                            [DEBUG  ]  File ignored by ccs/v4 because it exceeded search pattern filesize limit: 15877_combined_merged_fastqc.html
[2022-08-05 11:09:41,348] multiqc                                            [DEBUG  ]  File ignored by hicexplorer because it exceeded search pattern filesize limit: 15877_combined_merged_fastqc.html
[2022-08-05 11:09:41,349] multiqc                                            [DEBUG  ]  File ignored by nanostat because it exceeded search pattern filesize limit: 15877_combined_merged_fastqc.html
[2022-08-05 11:09:41,349] multiqc                                            [DEBUG  ]  File ignored by lima/summary because it exceeded search pattern filesize limit: 15877_combined_merged_fastqc.html
[2022-08-05 11:09:41,359] multiqc                                            [DEBUG  ]  File ignored by vep/vep_txt because it exceeded search pattern filesize limit: 15877_combined_merged_fastqc.html
[2022-08-05 11:09:41,359] multiqc                                            [DEBUG  ]  File ignored by longranger/invocation because it exceeded search pattern filesize limit: 15877_combined_merged_fastqc.html
[2022-08-05 11:09:41,359] multiqc                                            [DEBUG  ]  File ignored by rockhopper because it exceeded search pattern filesize limit: 15877_combined_merged_fastqc.html
[2022-08-05 11:09:41,359] multiqc                                            [DEBUG  ]  File ignored by rseqc/bam_stat because it exceeded search pattern filesize limit: 15877_combined_merged_fastqc.html
[2022-08-05 11:09:41,359] multiqc                                            [DEBUG  ]  File ignored by rseqc/junction_annotation because it exceeded search pattern filesize limit: 15877_combined_merged_fastqc.html
[2022-08-05 11:09:41,359] multiqc                                            [DEBUG  ]  File ignored by rseqc/read_distribution because it exceeded search pattern filesize limit: 15877_combined_merged_fastqc.html
[2022-08-05 11:09:41,359] multiqc                                            [DEBUG  ]  File ignored by rseqc/infer_experiment because it exceeded search pattern filesize limit: 15877_combined_merged_fastqc.html
[2022-08-05 11:09:41,507] multiqc                                            [DEBUG  ]  Ignoring file as matched an ignore pattern: 15877_combined_merged.fastq.gz
[2022-08-05 11:09:41,785] multiqc                                            [DEBUG  ]  File ignored by ccs/v4 because it exceeded search pattern filesize limit: 15877_combined_R1p_fastqc.html
[2022-08-05 11:09:41,793] multiqc                                            [DEBUG  ]  File ignored by hicexplorer because it exceeded search pattern filesize limit: 15877_combined_R1p_fastqc.html
[2022-08-05 11:09:41,793] multiqc                                            [DEBUG  ]  File ignored by nanostat because it exceeded search pattern filesize limit: 15877_combined_R1p_fastqc.html
[2022-08-05 11:09:41,793] multiqc                                            [DEBUG  ]  File ignored by lima/summary because it exceeded search pattern filesize limit: 15877_combined_R1p_fastqc.html
[2022-08-05 11:09:41,822] multiqc                                            [DEBUG  ]  File ignored by vep/vep_txt because it exceeded search pattern filesize limit: 15877_combined_R1p_fastqc.html
[2022-08-05 11:09:41,822] multiqc                                            [DEBUG  ]  File ignored by longranger/invocation because it exceeded search pattern filesize limit: 15877_combined_R1p_fastqc.html
[2022-08-05 11:09:41,822] multiqc                                            [DEBUG  ]  File ignored by rockhopper because it exceeded search pattern filesize limit: 15877_combined_R1p_fastqc.html
[2022-08-05 11:09:41,822] multiqc                                            [DEBUG  ]  File ignored by rseqc/bam_stat because it exceeded search pattern filesize limit: 15877_combined_R1p_fastqc.html
[2022-08-05 11:09:41,822] multiqc                                            [DEBUG  ]  File ignored by rseqc/junction_annotation because it exceeded search pattern filesize limit: 15877_combined_R1p_fastqc.html
[2022-08-05 11:09:41,822] multiqc                                            [DEBUG  ]  File ignored by rseqc/read_distribution because it exceeded search pattern filesize limit: 15877_combined_R1p_fastqc.html
[2022-08-05 11:09:41,822] multiqc                                            [DEBUG  ]  File ignored by rseqc/infer_experiment because it exceeded search pattern filesize limit: 15877_combined_R1p_fastqc.html
[2022-08-05 11:09:42,361] multiqc                                            [DEBUG  ]  Ignoring file as matched an ignore pattern: 15877_combined_R1p.fastq.gz
[2022-08-05 11:09:43,420] multiqc                                            [DEBUG  ]  File ignored by ccs/v4 because it exceeded search pattern filesize limit: 15877_combined_R1R2u_fastqc.html
[2022-08-05 11:09:43,432] multiqc                                            [DEBUG  ]  File ignored by hicexplorer because it exceeded search pattern filesize limit: 15877_combined_R1R2u_fastqc.html
[2022-08-05 11:09:43,433] multiqc                                            [DEBUG  ]  File ignored by nanostat because it exceeded search pattern filesize limit: 15877_combined_R1R2u_fastqc.html
[2022-08-05 11:09:43,433] multiqc                                            [DEBUG  ]  File ignored by lima/summary because it exceeded search pattern filesize limit: 15877_combined_R1R2u_fastqc.html
[2022-08-05 11:09:43,447] multiqc                                            [DEBUG  ]  File ignored by vep/vep_txt because it exceeded search pattern filesize limit: 15877_combined_R1R2u_fastqc.html
[2022-08-05 11:09:43,447] multiqc                                            [DEBUG  ]  File ignored by longranger/invocation because it exceeded search pattern filesize limit: 15877_combined_R1R2u_fastqc.html
[2022-08-05 11:09:43,447] multiqc                                            [DEBUG  ]  File ignored by rockhopper because it exceeded search pattern filesize limit: 15877_combined_R1R2u_fastqc.html
[2022-08-05 11:09:43,447] multiqc                                            [DEBUG  ]  File ignored by rseqc/bam_stat because it exceeded search pattern filesize limit: 15877_combined_R1R2u_fastqc.html
[2022-08-05 11:09:43,447] multiqc                                            [DEBUG  ]  File ignored by rseqc/junction_annotation because it exceeded search pattern filesize limit: 15877_combined_R1R2u_fastqc.html
[2022-08-05 11:09:43,447] multiqc                                            [DEBUG  ]  File ignored by rseqc/read_distribution because it exceeded search pattern filesize limit: 15877_combined_R1R2u_fastqc.html
[2022-08-05 11:09:43,447] multiqc                                            [DEBUG  ]  File ignored by rseqc/infer_experiment because it exceeded search pattern filesize limit: 15877_combined_R1R2u_fastqc.html
[2022-08-05 11:09:43,534] multiqc                                            [DEBUG  ]  Ignoring file as matched an ignore pattern: 15877_combined_R1R2u.fastq.gz
[2022-08-05 11:09:43,826] multiqc                                            [DEBUG  ]  File ignored by ccs/v4 because it exceeded search pattern filesize limit: 15877_combined_R2p_fastqc.html
[2022-08-05 11:09:43,833] multiqc                                            [DEBUG  ]  File ignored by hicexplorer because it exceeded search pattern filesize limit: 15877_combined_R2p_fastqc.html
[2022-08-05 11:09:43,834] multiqc                                            [DEBUG  ]  File ignored by nanostat because it exceeded search pattern filesize limit: 15877_combined_R2p_fastqc.html
[2022-08-05 11:09:43,834] multiqc                                            [DEBUG  ]  File ignored by lima/summary because it exceeded search pattern filesize limit: 15877_combined_R2p_fastqc.html
[2022-08-05 11:09:43,852] multiqc                                            [DEBUG  ]  File ignored by vep/vep_txt because it exceeded search pattern filesize limit: 15877_combined_R2p_fastqc.html
[2022-08-05 11:09:43,852] multiqc                                            [DEBUG  ]  File ignored by longranger/invocation because it exceeded search pattern filesize limit: 15877_combined_R2p_fastqc.html
[2022-08-05 11:09:43,852] multiqc                                            [DEBUG  ]  File ignored by rockhopper because it exceeded search pattern filesize limit: 15877_combined_R2p_fastqc.html
[2022-08-05 11:09:43,852] multiqc                                            [DEBUG  ]  File ignored by rseqc/bam_stat because it exceeded search pattern filesize limit: 15877_combined_R2p_fastqc.html
[2022-08-05 11:09:43,852] multiqc                                            [DEBUG  ]  File ignored by rseqc/junction_annotation because it exceeded search pattern filesize limit: 15877_combined_R2p_fastqc.html
[2022-08-05 11:09:43,852] multiqc                                            [DEBUG  ]  File ignored by rseqc/read_distribution because it exceeded search pattern filesize limit: 15877_combined_R2p_fastqc.html
[2022-08-05 11:09:43,852] multiqc                                            [DEBUG  ]  File ignored by rseqc/infer_experiment because it exceeded search pattern filesize limit: 15877_combined_R2p_fastqc.html
[2022-08-05 11:09:43,938] multiqc                                            [DEBUG  ]  Ignoring file as matched an ignore pattern: 15877_combined_R2p.fastq.gz
[2022-08-05 11:09:43,938] multiqc                                            [DEBUG  ]  Ignoring file as matched an ignore pattern: 15877_QCreads.md5
[2022-08-05 11:09:44,947] multiqc.plots.bargraph                             [DEBUG  ]  Using matplotlib version 3.3.4
[2022-08-05 11:09:44,951] multiqc.plots.linegraph                            [DEBUG  ]  Using matplotlib version 3.3.4
[2022-08-05 11:09:44,954] multiqc                                            [DEBUG  ]  No samples found: custom_content
[2022-08-05 11:09:44,959] multiqc                                            [DEBUG  ]  No samples found: ccs
[2022-08-05 11:09:45,426] multiqc                                            [DEBUG  ]  No samples found: ngsderive
[2022-08-05 11:09:45,431] multiqc                                            [DEBUG  ]  No samples found: purple
[2022-08-05 11:09:45,668] multiqc                                            [DEBUG  ]  No samples found: conpair
[2022-08-05 11:09:45,673] multiqc                                            [DEBUG  ]  No samples found: lima
[2022-08-05 11:09:45,678] multiqc                                            [DEBUG  ]  No samples found: peddy
[2022-08-05 11:09:45,914] multiqc                                            [DEBUG  ]  No samples found: somalier
[2022-08-05 11:09:45,919] multiqc                                            [DEBUG  ]  No samples found: methylQA
[2022-08-05 11:09:46,413] multiqc.modules.mosdepth.mosdepth                  [DEBUG  ]  include_contigs: []
[2022-08-05 11:09:46,413] multiqc.modules.mosdepth.mosdepth                  [DEBUG  ]  exclude_contigs: []
[2022-08-05 11:09:46,413] multiqc                                            [DEBUG  ]  No samples found: mosdepth
[2022-08-05 11:09:46,659] multiqc                                            [DEBUG  ]  No samples found: phantompeakqualtools
[2022-08-05 11:09:46,663] multiqc                                            [DEBUG  ]  No samples found: qualimap
[2022-08-05 11:09:46,669] multiqc                                            [DEBUG  ]  No samples found: preseq
[2022-08-05 11:09:46,675] multiqc                                            [DEBUG  ]  No samples found: quast
[2022-08-05 11:09:46,683] multiqc                                            [DEBUG  ]  No samples found: qorts
[2022-08-05 11:09:46,692] multiqc                                            [DEBUG  ]  No samples found: rna_seqc
[2022-08-05 11:09:46,696] multiqc                                            [DEBUG  ]  No samples found: rockhopper
[2022-08-05 11:09:46,701] multiqc                                            [DEBUG  ]  No samples found: rsem
[2022-08-05 11:09:46,718] multiqc                                            [DEBUG  ]  No samples found: rseqc
[2022-08-05 11:09:46,722] multiqc                                            [DEBUG  ]  No samples found: busco
[2022-08-05 11:09:46,727] multiqc                                            [DEBUG  ]  No samples found: bustools
[2022-08-05 11:09:46,731] multiqc                                            [DEBUG  ]  No samples found: goleft_indexcov
[2022-08-05 11:09:46,736] multiqc                                            [DEBUG  ]  No samples found: gffcompare
[2022-08-05 11:09:46,740] multiqc                                            [DEBUG  ]  No samples found: disambiguate
[2022-08-05 11:09:46,746] multiqc                                            [DEBUG  ]  No samples found: supernova
[2022-08-05 11:09:46,762] multiqc                                            [DEBUG  ]  No samples found: deeptools
[2022-08-05 11:09:46,766] multiqc                                            [DEBUG  ]  No samples found: sargasso
[2022-08-05 11:09:46,771] multiqc                                            [DEBUG  ]  No samples found: verifybamid
[2022-08-05 11:09:47,006] multiqc                                            [DEBUG  ]  No samples found: mirtrace
[2022-08-05 11:09:47,011] multiqc                                            [DEBUG  ]  No samples found: happy
[2022-08-05 11:09:47,015] multiqc                                            [DEBUG  ]  No samples found: mirtop
[2022-08-05 11:09:47,021] multiqc                                            [DEBUG  ]  No samples found: sambamba
[2022-08-05 11:09:47,261] multiqc                                            [DEBUG  ]  No samples found: homer
[2022-08-05 11:09:47,265] multiqc                                            [DEBUG  ]  No samples found: hops
[2022-08-05 11:09:47,269] multiqc                                            [DEBUG  ]  No samples found: macs2
[2022-08-05 11:09:47,274] multiqc                                            [DEBUG  ]  No samples found: theta2
[2022-08-05 11:09:47,278] multiqc                                            [DEBUG  ]  No samples found: snpeff
[2022-08-05 11:09:47,286] multiqc                                            [DEBUG  ]  No samples found: gatk
[2022-08-05 11:09:47,291] multiqc                                            [DEBUG  ]  No samples found: htseq
[2022-08-05 11:09:47,297] multiqc                                            [DEBUG  ]  No samples found: bcftools
[2022-08-05 11:09:47,301] multiqc                                            [DEBUG  ]  No samples found: featureCounts
[2022-08-05 11:09:47,308] multiqc                                            [DEBUG  ]  No samples found: fgbio
[2022-08-05 11:09:47,556] multiqc                                            [DEBUG  ]  No samples found: dragen
[2022-08-05 11:09:47,561] multiqc                                            [DEBUG  ]  No samples found: dedup
[2022-08-05 11:09:47,566] multiqc                                            [DEBUG  ]  No samples found: damageprofiler
[2022-08-05 11:09:47,606] multiqc                                            [DEBUG  ]  No samples found: biobambam2
[2022-08-05 11:09:47,611] multiqc                                            [DEBUG  ]  No samples found: jcvi
[2022-08-05 11:09:47,615] multiqc                                            [DEBUG  ]  No samples found: mtnucratio
[2022-08-05 11:09:47,618] multiqc                                            [DEBUG  ]  No samples found: picard
[2022-08-05 11:09:47,624] multiqc                                            [DEBUG  ]  No samples found: vep
[2022-08-05 11:09:47,632] multiqc                                            [DEBUG  ]  No samples found: sentieon
[2022-08-05 11:09:47,637] multiqc                                            [DEBUG  ]  No samples found: prokka
[2022-08-05 11:09:47,645] multiqc                                            [DEBUG  ]  No samples found: qc3C
[2022-08-05 11:09:47,649] multiqc                                            [DEBUG  ]  No samples found: nanostat
[2022-08-05 11:09:47,655] multiqc                                            [DEBUG  ]  No samples found: samblaster
[2022-08-05 11:09:47,896] multiqc                                            [DEBUG  ]  No samples found: samtools
[2022-08-05 11:09:47,901] multiqc                                            [DEBUG  ]  No samples found: sexdeterrmine
[2022-08-05 11:09:47,905] multiqc                                            [DEBUG  ]  No samples found: eigenstratdatabasetools
[2022-08-05 11:09:47,911] multiqc                                            [DEBUG  ]  No samples found: bamtools
[2022-08-05 11:09:47,915] multiqc                                            [DEBUG  ]  No samples found: jellyfish
[2022-08-05 11:09:47,924] multiqc                                            [DEBUG  ]  No samples found: vcftools
[2022-08-05 11:09:47,929] multiqc                                            [DEBUG  ]  No samples found: longranger
[2022-08-05 11:09:47,935] multiqc                                            [DEBUG  ]  No samples found: stacks
[2022-08-05 11:09:47,940] multiqc                                            [DEBUG  ]  No samples found: varscan2
[2022-08-05 11:09:47,945] multiqc                                            [DEBUG  ]  No samples found: snippy
[2022-08-05 11:09:48,473] multiqc                                            [DEBUG  ]  No samples found: bbmap
[2022-08-05 11:09:48,480] multiqc                                            [DEBUG  ]  No samples found: bismark
[2022-08-05 11:09:48,490] multiqc                                            [DEBUG  ]  No samples found: biscuit
[2022-08-05 11:09:48,496] multiqc                                            [DEBUG  ]  No samples found: hicexplorer
[2022-08-05 11:09:48,502] multiqc                                            [DEBUG  ]  No samples found: hicup
[2022-08-05 11:09:48,508] multiqc                                            [DEBUG  ]  No samples found: hicpro
[2022-08-05 11:09:48,513] multiqc                                            [DEBUG  ]  No samples found: salmon
[2022-08-05 11:09:48,749] multiqc                                            [DEBUG  ]  No samples found: kallisto
[2022-08-05 11:09:48,756] multiqc                                            [DEBUG  ]  No samples found: slamdunk
[2022-08-05 11:09:48,762] multiqc                                            [DEBUG  ]  No samples found: star
[2022-08-05 11:09:48,766] multiqc                                            [DEBUG  ]  No samples found: hisat2
[2022-08-05 11:09:48,772] multiqc                                            [DEBUG  ]  No samples found: tophat
[2022-08-05 11:09:48,779] multiqc                                            [DEBUG  ]  No samples found: bowtie2
[2022-08-05 11:09:48,784] multiqc                                            [DEBUG  ]  No samples found: bowtie1
[2022-08-05 11:09:48,790] multiqc                                            [DEBUG  ]  No samples found: snpsplit
[2022-08-05 11:09:48,797] multiqc                                            [DEBUG  ]  No samples found: odgi
[2022-08-05 11:09:48,802] multiqc                                            [DEBUG  ]  No samples found: pangolin
[2022-08-05 11:09:48,808] multiqc                                            [DEBUG  ]  No samples found: kat
[2022-08-05 11:09:48,812] multiqc                                            [DEBUG  ]  No samples found: leehom
[2022-08-05 11:09:48,819] multiqc                                            [DEBUG  ]  No samples found: adapterRemoval
[2022-08-05 11:09:48,824] multiqc                                            [DEBUG  ]  No samples found: clipandmerge
[2022-08-05 11:09:48,829] multiqc                                            [DEBUG  ]  No samples found: cutadapt
[2022-08-05 11:09:48,833] multiqc                                            [DEBUG  ]  No samples found: flexbar
[2022-08-05 11:09:48,839] multiqc                                            [DEBUG  ]  No samples found: kaiju
[2022-08-05 11:09:48,844] multiqc                                            [DEBUG  ]  No samples found: kraken
[2022-08-05 11:09:48,850] multiqc                                            [DEBUG  ]  No samples found: malt
[2022-08-05 11:09:48,857] multiqc                                            [DEBUG  ]  No samples found: trimmomatic
[2022-08-05 11:09:48,862] multiqc                                            [DEBUG  ]  No samples found: sickle
[2022-08-05 11:09:48,868] multiqc                                            [DEBUG  ]  No samples found: skewer
[2022-08-05 11:09:48,875] multiqc                                            [DEBUG  ]  No samples found: sortmerna
[2022-08-05 11:09:48,880] multiqc                                            [DEBUG  ]  No samples found: biobloomtools
[2022-08-05 11:09:48,885] multiqc                                            [DEBUG  ]  No samples found: fastq_screen
[2022-08-05 11:09:48,890] multiqc                                            [DEBUG  ]  No samples found: afterqc
[2022-08-05 11:09:48,895] multiqc                                            [DEBUG  ]  No samples found: fastp
[2022-08-05 11:09:49,832] multiqc.modules.fastqc.fastqc                      [INFO   ]  Found 4 reports
[2022-08-05 11:09:49,881] multiqc                                            [DEBUG  ]  No samples found: pychopper
[2022-08-05 11:09:50,117] multiqc                                            [DEBUG  ]  No samples found: pycoqc
[2022-08-05 11:09:50,122] multiqc                                            [DEBUG  ]  No samples found: minionqc
[2022-08-05 11:09:50,128] multiqc                                            [DEBUG  ]  No samples found: multivcfanalyzer
[2022-08-05 11:09:50,133] multiqc                                            [DEBUG  ]  No samples found: clusterflow
[2022-08-05 11:09:50,370] multiqc                                            [DEBUG  ]  No samples found: bcl2fastq
[2022-08-05 11:09:50,377] multiqc                                            [DEBUG  ]  No samples found: bclconvert
[2022-08-05 11:09:50,382] multiqc                                            [DEBUG  ]  No samples found: interop
[2022-08-05 11:09:50,386] multiqc                                            [DEBUG  ]  No samples found: ivar
[2022-08-05 11:09:50,391] multiqc                                            [DEBUG  ]  No samples found: flash
[2022-08-05 11:09:50,396] multiqc                                            [DEBUG  ]  No samples found: seqyclean
[2022-08-05 11:09:50,401] multiqc                                            [DEBUG  ]  No samples found: optitype
[2022-08-05 11:09:50,405] multiqc                                            [INFO   ]  Compressing plot data
[2022-08-05 11:09:50,479] multiqc                                            [INFO   ]  Report      : 15877_MGSD_CSIRO.qc.stats/multiqc_report.html
[2022-08-05 11:09:50,479] multiqc                                            [INFO   ]  Data        : 15877_MGSD_CSIRO.qc.stats/multiqc_data
[2022-08-05 11:09:50,479] multiqc                                            [DEBUG  ]  Moving data file from '/tmp/smi9a9.8585299/tmpb_t68raf/multiqc_data' to '15877_MGSD_CSIRO.qc.stats/multiqc_data'
[2022-08-05 11:09:50,878] multiqc                                            [INFO   ]  MultiQC complete
