[2022-08-05 11:13:19,006] multiqc                                            [DEBUG  ]  This is MultiQC v1.11
[2022-08-05 11:13:19,006] multiqc                                            [DEBUG  ]  No MultiQC config found: /apps/multiqc/1.11/lib/python3.9/site-packages/multiqc_config.yaml
[2022-08-05 11:13:19,006] multiqc                                            [DEBUG  ]  No MultiQC config found: /home/smi9a9/.multiqc_config.yaml
[2022-08-05 11:13:30,466] multiqc                                            [DEBUG  ]  No MultiQC config found: multiqc_config.yaml
[2022-08-05 11:13:30,466] multiqc                                            [DEBUG  ]  Command used: /apps/multiqc/1.11/bin/multiqc ./12838_combined_merged_fastqc.html ./12838_combined_merged_fastqc.zip ./12838_combined_merged.fastq.gz ./12838_combined_R1p_fastqc.html ./12838_combined_R1p_fastqc.zip ./12838_combined_R1p.fastq.gz ./12838_combined_R1R2u_fastqc.html ./12838_combined_R1R2u_fastqc.zip ./12838_combined_R1R2u.fastq.gz ./12838_combined_R2p_fastqc.html ./12838_combined_R2p_fastqc.zip ./12838_combined_R2p.fastq.gz ./12838_QCreads.md5 -o 12838_MGSD_CSIRO.qc.stats
[2022-08-05 11:13:30,477] multiqc                                            [DEBUG  ]  Could not connect to multiqc.info for version check: <urlopen error [Errno 111] Connection refused>
[2022-08-05 11:13:30,477] multiqc                                            [DEBUG  ]  Command     : /apps/multiqc/1.11/bin/multiqc ./12838_combined_merged_fastqc.html ./12838_combined_merged_fastqc.zip ./12838_combined_merged.fastq.gz ./12838_combined_R1p_fastqc.html ./12838_combined_R1p_fastqc.zip ./12838_combined_R1p.fastq.gz ./12838_combined_R1R2u_fastqc.html ./12838_combined_R1R2u_fastqc.zip ./12838_combined_R1R2u.fastq.gz ./12838_combined_R2p_fastqc.html ./12838_combined_R2p_fastqc.zip ./12838_combined_R2p.fastq.gz ./12838_QCreads.md5 -o 12838_MGSD_CSIRO.qc.stats
[2022-08-05 11:13:30,477] multiqc                                            [DEBUG  ]  Working dir : /datasets/work/oa-amd/work/amd/Metagenome_QC_reads
[2022-08-05 11:13:30,477] multiqc                                            [DEBUG  ]  Template    : default
[2022-08-05 11:13:30,477] multiqc                                            [DEBUG  ]  Running Python 3.9.4 (default, Apr 25 2021, 16:13:27)  [GCC 10.3.0]
[2022-08-05 11:13:30,477] multiqc                                            [DEBUG  ]  Analysing modules: custom_content, ccs, ngsderive, purple, conpair, lima, peddy, somalier, methylQA, mosdepth, phantompeakqualtools, qualimap, preseq, quast, qorts, rna_seqc, rockhopper, rsem, rseqc, busco, bustools, goleft_indexcov, gffcompare, disambiguate, supernova, deeptools, sargasso, verifybamid, mirtrace, happy, mirtop, sambamba, homer, hops, macs2, theta2, snpeff, gatk, htseq, bcftools, featureCounts, fgbio, dragen, dedup, damageprofiler, biobambam2, jcvi, mtnucratio, picard, vep, sentieon, prokka, qc3C, nanostat, samblaster, samtools, sexdeterrmine, eigenstratdatabasetools, bamtools, jellyfish, vcftools, longranger, stacks, varscan2, snippy, bbmap, bismark, biscuit, hicexplorer, hicup, hicpro, salmon, kallisto, slamdunk, star, hisat2, tophat, bowtie2, bowtie1, snpsplit, odgi, pangolin, kat, leehom, adapterRemoval, clipandmerge, cutadapt, flexbar, kaiju, kraken, malt, trimmomatic, sickle, skewer, sortmerna, biobloomtools, fastq_screen, afterqc, fastp, fastqc, pychopper, pycoqc, minionqc, multivcfanalyzer, clusterflow, bcl2fastq, bclconvert, interop, ivar, flash, seqyclean, optitype
[2022-08-05 11:13:30,477] multiqc                                            [DEBUG  ]  Using temporary directory for creating report: /tmp/smi9a9.8585453/tmpvwij1h6r
[2022-08-05 11:13:30,769] multiqc                                            [INFO   ]  Search path : /datasets/work/oa-amd/work/amd/Metagenome_QC_reads/12838_combined_merged_fastqc.html
[2022-08-05 11:13:30,770] multiqc                                            [INFO   ]  Search path : /datasets/work/oa-amd/work/amd/Metagenome_QC_reads/12838_combined_merged_fastqc.zip
[2022-08-05 11:13:30,770] multiqc                                            [INFO   ]  Search path : /datasets/work/oa-amd/work/amd/Metagenome_QC_reads/12838_combined_merged.fastq.gz
[2022-08-05 11:13:30,770] multiqc                                            [INFO   ]  Search path : /datasets/work/oa-amd/work/amd/Metagenome_QC_reads/12838_combined_R1p_fastqc.html
[2022-08-05 11:13:30,770] multiqc                                            [INFO   ]  Search path : /datasets/work/oa-amd/work/amd/Metagenome_QC_reads/12838_combined_R1p_fastqc.zip
[2022-08-05 11:13:30,770] multiqc                                            [INFO   ]  Search path : /datasets/work/oa-amd/work/amd/Metagenome_QC_reads/12838_combined_R1p.fastq.gz
[2022-08-05 11:13:30,770] multiqc                                            [INFO   ]  Search path : /datasets/work/oa-amd/work/amd/Metagenome_QC_reads/12838_combined_R1R2u_fastqc.html
[2022-08-05 11:13:30,770] multiqc                                            [INFO   ]  Search path : /datasets/work/oa-amd/work/amd/Metagenome_QC_reads/12838_combined_R1R2u_fastqc.zip
[2022-08-05 11:13:30,770] multiqc                                            [INFO   ]  Search path : /datasets/work/oa-amd/work/amd/Metagenome_QC_reads/12838_combined_R1R2u.fastq.gz
[2022-08-05 11:13:30,770] multiqc                                            [INFO   ]  Search path : /datasets/work/oa-amd/work/amd/Metagenome_QC_reads/12838_combined_R2p_fastqc.html
[2022-08-05 11:13:30,770] multiqc                                            [INFO   ]  Search path : /datasets/work/oa-amd/work/amd/Metagenome_QC_reads/12838_combined_R2p_fastqc.zip
[2022-08-05 11:13:30,770] multiqc                                            [INFO   ]  Search path : /datasets/work/oa-amd/work/amd/Metagenome_QC_reads/12838_combined_R2p.fastq.gz
[2022-08-05 11:13:30,770] multiqc                                            [INFO   ]  Search path : /datasets/work/oa-amd/work/amd/Metagenome_QC_reads/12838_QCreads.md5
[2022-08-05 11:13:30,941] multiqc                                            [DEBUG  ]  File ignored by ccs/v4 because it exceeded search pattern filesize limit: 12838_combined_merged_fastqc.html
[2022-08-05 11:13:30,970] multiqc                                            [DEBUG  ]  File ignored by hicexplorer because it exceeded search pattern filesize limit: 12838_combined_merged_fastqc.html
[2022-08-05 11:13:30,970] multiqc                                            [DEBUG  ]  File ignored by nanostat because it exceeded search pattern filesize limit: 12838_combined_merged_fastqc.html
[2022-08-05 11:13:30,971] multiqc                                            [DEBUG  ]  File ignored by lima/summary because it exceeded search pattern filesize limit: 12838_combined_merged_fastqc.html
[2022-08-05 11:13:30,989] multiqc                                            [DEBUG  ]  File ignored by vep/vep_txt because it exceeded search pattern filesize limit: 12838_combined_merged_fastqc.html
[2022-08-05 11:13:30,989] multiqc                                            [DEBUG  ]  File ignored by longranger/invocation because it exceeded search pattern filesize limit: 12838_combined_merged_fastqc.html
[2022-08-05 11:13:30,989] multiqc                                            [DEBUG  ]  File ignored by rockhopper because it exceeded search pattern filesize limit: 12838_combined_merged_fastqc.html
[2022-08-05 11:13:30,989] multiqc                                            [DEBUG  ]  File ignored by rseqc/bam_stat because it exceeded search pattern filesize limit: 12838_combined_merged_fastqc.html
[2022-08-05 11:13:30,989] multiqc                                            [DEBUG  ]  File ignored by rseqc/junction_annotation because it exceeded search pattern filesize limit: 12838_combined_merged_fastqc.html
[2022-08-05 11:13:30,989] multiqc                                            [DEBUG  ]  File ignored by rseqc/read_distribution because it exceeded search pattern filesize limit: 12838_combined_merged_fastqc.html
[2022-08-05 11:13:30,989] multiqc                                            [DEBUG  ]  File ignored by rseqc/infer_experiment because it exceeded search pattern filesize limit: 12838_combined_merged_fastqc.html
[2022-08-05 11:13:31,390] multiqc                                            [DEBUG  ]  Ignoring file as matched an ignore pattern: 12838_combined_merged.fastq.gz
[2022-08-05 11:13:32,381] multiqc                                            [DEBUG  ]  File ignored by ccs/v4 because it exceeded search pattern filesize limit: 12838_combined_R1p_fastqc.html
[2022-08-05 11:13:32,390] multiqc                                            [DEBUG  ]  File ignored by hicexplorer because it exceeded search pattern filesize limit: 12838_combined_R1p_fastqc.html
[2022-08-05 11:13:32,390] multiqc                                            [DEBUG  ]  File ignored by nanostat because it exceeded search pattern filesize limit: 12838_combined_R1p_fastqc.html
[2022-08-05 11:13:32,390] multiqc                                            [DEBUG  ]  File ignored by lima/summary because it exceeded search pattern filesize limit: 12838_combined_R1p_fastqc.html
[2022-08-05 11:13:32,405] multiqc                                            [DEBUG  ]  File ignored by vep/vep_txt because it exceeded search pattern filesize limit: 12838_combined_R1p_fastqc.html
[2022-08-05 11:13:32,405] multiqc                                            [DEBUG  ]  File ignored by longranger/invocation because it exceeded search pattern filesize limit: 12838_combined_R1p_fastqc.html
[2022-08-05 11:13:32,405] multiqc                                            [DEBUG  ]  File ignored by rockhopper because it exceeded search pattern filesize limit: 12838_combined_R1p_fastqc.html
[2022-08-05 11:13:32,405] multiqc                                            [DEBUG  ]  File ignored by rseqc/bam_stat because it exceeded search pattern filesize limit: 12838_combined_R1p_fastqc.html
[2022-08-05 11:13:32,405] multiqc                                            [DEBUG  ]  File ignored by rseqc/junction_annotation because it exceeded search pattern filesize limit: 12838_combined_R1p_fastqc.html
[2022-08-05 11:13:32,405] multiqc                                            [DEBUG  ]  File ignored by rseqc/read_distribution because it exceeded search pattern filesize limit: 12838_combined_R1p_fastqc.html
[2022-08-05 11:13:32,405] multiqc                                            [DEBUG  ]  File ignored by rseqc/infer_experiment because it exceeded search pattern filesize limit: 12838_combined_R1p_fastqc.html
[2022-08-05 11:13:32,497] multiqc                                            [DEBUG  ]  Ignoring file as matched an ignore pattern: 12838_combined_R1p.fastq.gz
[2022-08-05 11:13:32,552] multiqc                                            [DEBUG  ]  File ignored by ccs/v4 because it exceeded search pattern filesize limit: 12838_combined_R1R2u_fastqc.html
[2022-08-05 11:13:32,572] multiqc                                            [DEBUG  ]  File ignored by hicexplorer because it exceeded search pattern filesize limit: 12838_combined_R1R2u_fastqc.html
[2022-08-05 11:13:32,574] multiqc                                            [DEBUG  ]  File ignored by nanostat because it exceeded search pattern filesize limit: 12838_combined_R1R2u_fastqc.html
[2022-08-05 11:13:32,574] multiqc                                            [DEBUG  ]  File ignored by lima/summary because it exceeded search pattern filesize limit: 12838_combined_R1R2u_fastqc.html
[2022-08-05 11:13:32,613] multiqc                                            [DEBUG  ]  File ignored by vep/vep_txt because it exceeded search pattern filesize limit: 12838_combined_R1R2u_fastqc.html
[2022-08-05 11:13:32,613] multiqc                                            [DEBUG  ]  File ignored by longranger/invocation because it exceeded search pattern filesize limit: 12838_combined_R1R2u_fastqc.html
[2022-08-05 11:13:32,613] multiqc                                            [DEBUG  ]  File ignored by rockhopper because it exceeded search pattern filesize limit: 12838_combined_R1R2u_fastqc.html
[2022-08-05 11:13:32,613] multiqc                                            [DEBUG  ]  File ignored by rseqc/bam_stat because it exceeded search pattern filesize limit: 12838_combined_R1R2u_fastqc.html
[2022-08-05 11:13:32,613] multiqc                                            [DEBUG  ]  File ignored by rseqc/junction_annotation because it exceeded search pattern filesize limit: 12838_combined_R1R2u_fastqc.html
[2022-08-05 11:13:32,613] multiqc                                            [DEBUG  ]  File ignored by rseqc/read_distribution because it exceeded search pattern filesize limit: 12838_combined_R1R2u_fastqc.html
[2022-08-05 11:13:32,613] multiqc                                            [DEBUG  ]  File ignored by rseqc/infer_experiment because it exceeded search pattern filesize limit: 12838_combined_R1R2u_fastqc.html
[2022-08-05 11:13:32,708] multiqc                                            [DEBUG  ]  Ignoring file as matched an ignore pattern: 12838_combined_R1R2u.fastq.gz
[2022-08-05 11:13:32,770] multiqc                                            [DEBUG  ]  File ignored by ccs/v4 because it exceeded search pattern filesize limit: 12838_combined_R2p_fastqc.html
[2022-08-05 11:13:32,781] multiqc                                            [DEBUG  ]  File ignored by hicexplorer because it exceeded search pattern filesize limit: 12838_combined_R2p_fastqc.html
[2022-08-05 11:13:32,782] multiqc                                            [DEBUG  ]  File ignored by nanostat because it exceeded search pattern filesize limit: 12838_combined_R2p_fastqc.html
[2022-08-05 11:13:32,782] multiqc                                            [DEBUG  ]  File ignored by lima/summary because it exceeded search pattern filesize limit: 12838_combined_R2p_fastqc.html
[2022-08-05 11:13:32,797] multiqc                                            [DEBUG  ]  File ignored by vep/vep_txt because it exceeded search pattern filesize limit: 12838_combined_R2p_fastqc.html
[2022-08-05 11:13:32,797] multiqc                                            [DEBUG  ]  File ignored by longranger/invocation because it exceeded search pattern filesize limit: 12838_combined_R2p_fastqc.html
[2022-08-05 11:13:32,797] multiqc                                            [DEBUG  ]  File ignored by rockhopper because it exceeded search pattern filesize limit: 12838_combined_R2p_fastqc.html
[2022-08-05 11:13:32,797] multiqc                                            [DEBUG  ]  File ignored by rseqc/bam_stat because it exceeded search pattern filesize limit: 12838_combined_R2p_fastqc.html
[2022-08-05 11:13:32,797] multiqc                                            [DEBUG  ]  File ignored by rseqc/junction_annotation because it exceeded search pattern filesize limit: 12838_combined_R2p_fastqc.html
[2022-08-05 11:13:32,797] multiqc                                            [DEBUG  ]  File ignored by rseqc/read_distribution because it exceeded search pattern filesize limit: 12838_combined_R2p_fastqc.html
[2022-08-05 11:13:32,797] multiqc                                            [DEBUG  ]  File ignored by rseqc/infer_experiment because it exceeded search pattern filesize limit: 12838_combined_R2p_fastqc.html
[2022-08-05 11:13:32,888] multiqc                                            [DEBUG  ]  Ignoring file as matched an ignore pattern: 12838_combined_R2p.fastq.gz
[2022-08-05 11:13:32,896] multiqc                                            [DEBUG  ]  Ignoring file as matched an ignore pattern: 12838_QCreads.md5
[2022-08-05 11:13:36,955] multiqc.plots.bargraph                             [DEBUG  ]  Using matplotlib version 3.3.4
[2022-08-05 11:13:36,959] multiqc.plots.linegraph                            [DEBUG  ]  Using matplotlib version 3.3.4
[2022-08-05 11:13:36,961] multiqc                                            [DEBUG  ]  No samples found: custom_content
[2022-08-05 11:13:36,966] multiqc                                            [DEBUG  ]  No samples found: ccs
[2022-08-05 11:13:36,972] multiqc                                            [DEBUG  ]  No samples found: ngsderive
[2022-08-05 11:13:36,976] multiqc                                            [DEBUG  ]  No samples found: purple
[2022-08-05 11:13:36,980] multiqc                                            [DEBUG  ]  No samples found: conpair
[2022-08-05 11:13:36,985] multiqc                                            [DEBUG  ]  No samples found: lima
[2022-08-05 11:13:36,990] multiqc                                            [DEBUG  ]  No samples found: peddy
[2022-08-05 11:13:36,996] multiqc                                            [DEBUG  ]  No samples found: somalier
[2022-08-05 11:13:37,001] multiqc                                            [DEBUG  ]  No samples found: methylQA
[2022-08-05 11:13:37,011] multiqc.modules.mosdepth.mosdepth                  [DEBUG  ]  include_contigs: []
[2022-08-05 11:13:37,011] multiqc.modules.mosdepth.mosdepth                  [DEBUG  ]  exclude_contigs: []
[2022-08-05 11:13:37,011] multiqc                                            [DEBUG  ]  No samples found: mosdepth
[2022-08-05 11:13:37,015] multiqc                                            [DEBUG  ]  No samples found: phantompeakqualtools
[2022-08-05 11:13:37,019] multiqc                                            [DEBUG  ]  No samples found: qualimap
[2022-08-05 11:13:37,024] multiqc                                            [DEBUG  ]  No samples found: preseq
[2022-08-05 11:13:37,029] multiqc                                            [DEBUG  ]  No samples found: quast
[2022-08-05 11:13:37,034] multiqc                                            [DEBUG  ]  No samples found: qorts
[2022-08-05 11:13:37,039] multiqc                                            [DEBUG  ]  No samples found: rna_seqc
[2022-08-05 11:13:37,044] multiqc                                            [DEBUG  ]  No samples found: rockhopper
[2022-08-05 11:13:37,048] multiqc                                            [DEBUG  ]  No samples found: rsem
[2022-08-05 11:13:37,064] multiqc                                            [DEBUG  ]  No samples found: rseqc
[2022-08-05 11:13:37,068] multiqc                                            [DEBUG  ]  No samples found: busco
[2022-08-05 11:13:37,072] multiqc                                            [DEBUG  ]  No samples found: bustools
[2022-08-05 11:13:37,077] multiqc                                            [DEBUG  ]  No samples found: goleft_indexcov
[2022-08-05 11:13:37,082] multiqc                                            [DEBUG  ]  No samples found: gffcompare
[2022-08-05 11:13:37,317] multiqc                                            [DEBUG  ]  No samples found: disambiguate
[2022-08-05 11:13:37,322] multiqc                                            [DEBUG  ]  No samples found: supernova
[2022-08-05 11:13:37,339] multiqc                                            [DEBUG  ]  No samples found: deeptools
[2022-08-05 11:13:37,343] multiqc                                            [DEBUG  ]  No samples found: sargasso
[2022-08-05 11:13:37,348] multiqc                                            [DEBUG  ]  No samples found: verifybamid
[2022-08-05 11:13:37,354] multiqc                                            [DEBUG  ]  No samples found: mirtrace
[2022-08-05 11:13:37,358] multiqc                                            [DEBUG  ]  No samples found: happy
[2022-08-05 11:13:37,363] multiqc                                            [DEBUG  ]  No samples found: mirtop
[2022-08-05 11:13:37,369] multiqc                                            [DEBUG  ]  No samples found: sambamba
[2022-08-05 11:13:37,608] multiqc                                            [DEBUG  ]  No samples found: homer
[2022-08-05 11:13:37,613] multiqc                                            [DEBUG  ]  No samples found: hops
[2022-08-05 11:13:37,617] multiqc                                            [DEBUG  ]  No samples found: macs2
[2022-08-05 11:13:37,622] multiqc                                            [DEBUG  ]  No samples found: theta2
[2022-08-05 11:13:37,627] multiqc                                            [DEBUG  ]  No samples found: snpeff
[2022-08-05 11:13:37,634] multiqc                                            [DEBUG  ]  No samples found: gatk
[2022-08-05 11:13:37,639] multiqc                                            [DEBUG  ]  No samples found: htseq
[2022-08-05 11:13:37,644] multiqc                                            [DEBUG  ]  No samples found: bcftools
[2022-08-05 11:13:37,649] multiqc                                            [DEBUG  ]  No samples found: featureCounts
[2022-08-05 11:13:37,655] multiqc                                            [DEBUG  ]  No samples found: fgbio
[2022-08-05 11:13:37,673] multiqc                                            [DEBUG  ]  No samples found: dragen
[2022-08-05 11:13:37,677] multiqc                                            [DEBUG  ]  No samples found: dedup
[2022-08-05 11:13:37,682] multiqc                                            [DEBUG  ]  No samples found: damageprofiler
[2022-08-05 11:13:37,721] multiqc                                            [DEBUG  ]  No samples found: biobambam2
[2022-08-05 11:13:37,726] multiqc                                            [DEBUG  ]  No samples found: jcvi
[2022-08-05 11:13:37,730] multiqc                                            [DEBUG  ]  No samples found: mtnucratio
[2022-08-05 11:13:37,732] multiqc                                            [DEBUG  ]  No samples found: picard
[2022-08-05 11:13:37,738] multiqc                                            [DEBUG  ]  No samples found: vep
[2022-08-05 11:13:37,748] multiqc                                            [DEBUG  ]  No samples found: sentieon
[2022-08-05 11:13:37,753] multiqc                                            [DEBUG  ]  No samples found: prokka
[2022-08-05 11:13:37,760] multiqc                                            [DEBUG  ]  No samples found: qc3C
[2022-08-05 11:13:37,765] multiqc                                            [DEBUG  ]  No samples found: nanostat
[2022-08-05 11:13:37,769] multiqc                                            [DEBUG  ]  No samples found: samblaster
[2022-08-05 11:13:37,779] multiqc                                            [DEBUG  ]  No samples found: samtools
[2022-08-05 11:13:37,784] multiqc                                            [DEBUG  ]  No samples found: sexdeterrmine
[2022-08-05 11:13:37,788] multiqc                                            [DEBUG  ]  No samples found: eigenstratdatabasetools
[2022-08-05 11:13:37,792] multiqc                                            [DEBUG  ]  No samples found: bamtools
[2022-08-05 11:13:37,796] multiqc                                            [DEBUG  ]  No samples found: jellyfish
[2022-08-05 11:13:37,804] multiqc                                            [DEBUG  ]  No samples found: vcftools
[2022-08-05 11:13:37,810] multiqc                                            [DEBUG  ]  No samples found: longranger
[2022-08-05 11:13:37,814] multiqc                                            [DEBUG  ]  No samples found: stacks
[2022-08-05 11:13:37,819] multiqc                                            [DEBUG  ]  No samples found: varscan2
[2022-08-05 11:13:37,823] multiqc                                            [DEBUG  ]  No samples found: snippy
[2022-08-05 11:13:37,840] multiqc                                            [DEBUG  ]  No samples found: bbmap
[2022-08-05 11:13:37,846] multiqc                                            [DEBUG  ]  No samples found: bismark
[2022-08-05 11:13:37,854] multiqc                                            [DEBUG  ]  No samples found: biscuit
[2022-08-05 11:13:37,859] multiqc                                            [DEBUG  ]  No samples found: hicexplorer
[2022-08-05 11:13:37,864] multiqc                                            [DEBUG  ]  No samples found: hicup
[2022-08-05 11:13:37,869] multiqc                                            [DEBUG  ]  No samples found: hicpro
[2022-08-05 11:13:37,873] multiqc                                            [DEBUG  ]  No samples found: salmon
[2022-08-05 11:13:37,877] multiqc                                            [DEBUG  ]  No samples found: kallisto
[2022-08-05 11:13:37,883] multiqc                                            [DEBUG  ]  No samples found: slamdunk
[2022-08-05 11:13:37,888] multiqc                                            [DEBUG  ]  No samples found: star
[2022-08-05 11:13:37,893] multiqc                                            [DEBUG  ]  No samples found: hisat2
[2022-08-05 11:13:37,897] multiqc                                            [DEBUG  ]  No samples found: tophat
[2022-08-05 11:13:37,901] multiqc                                            [DEBUG  ]  No samples found: bowtie2
[2022-08-05 11:13:37,906] multiqc                                            [DEBUG  ]  No samples found: bowtie1
[2022-08-05 11:13:37,911] multiqc                                            [DEBUG  ]  No samples found: snpsplit
[2022-08-05 11:13:37,915] multiqc                                            [DEBUG  ]  No samples found: odgi
[2022-08-05 11:13:37,920] multiqc                                            [DEBUG  ]  No samples found: pangolin
[2022-08-05 11:13:37,924] multiqc                                            [DEBUG  ]  No samples found: kat
[2022-08-05 11:13:37,928] multiqc                                            [DEBUG  ]  No samples found: leehom
[2022-08-05 11:13:37,933] multiqc                                            [DEBUG  ]  No samples found: adapterRemoval
[2022-08-05 11:13:37,937] multiqc                                            [DEBUG  ]  No samples found: clipandmerge
[2022-08-05 11:13:37,942] multiqc                                            [DEBUG  ]  No samples found: cutadapt
[2022-08-05 11:13:37,947] multiqc                                            [DEBUG  ]  No samples found: flexbar
[2022-08-05 11:13:37,951] multiqc                                            [DEBUG  ]  No samples found: kaiju
[2022-08-05 11:13:37,957] multiqc                                            [DEBUG  ]  No samples found: kraken
[2022-08-05 11:13:37,961] multiqc                                            [DEBUG  ]  No samples found: malt
[2022-08-05 11:13:37,966] multiqc                                            [DEBUG  ]  No samples found: trimmomatic
[2022-08-05 11:13:37,970] multiqc                                            [DEBUG  ]  No samples found: sickle
[2022-08-05 11:13:37,975] multiqc                                            [DEBUG  ]  No samples found: skewer
[2022-08-05 11:13:37,979] multiqc                                            [DEBUG  ]  No samples found: sortmerna
[2022-08-05 11:13:37,983] multiqc                                            [DEBUG  ]  No samples found: biobloomtools
[2022-08-05 11:13:37,989] multiqc                                            [DEBUG  ]  No samples found: fastq_screen
[2022-08-05 11:13:37,993] multiqc                                            [DEBUG  ]  No samples found: afterqc
[2022-08-05 11:13:37,998] multiqc                                            [DEBUG  ]  No samples found: fastp
[2022-08-05 11:13:38,191] multiqc.modules.fastqc.fastqc                      [INFO   ]  Found 4 reports
[2022-08-05 11:13:38,271] multiqc                                            [DEBUG  ]  No samples found: pychopper
[2022-08-05 11:13:38,276] multiqc                                            [DEBUG  ]  No samples found: pycoqc
[2022-08-05 11:13:38,512] multiqc                                            [DEBUG  ]  No samples found: minionqc
[2022-08-05 11:13:38,516] multiqc                                            [DEBUG  ]  No samples found: multivcfanalyzer
[2022-08-05 11:13:38,521] multiqc                                            [DEBUG  ]  No samples found: clusterflow
[2022-08-05 11:13:38,528] multiqc                                            [DEBUG  ]  No samples found: bcl2fastq
[2022-08-05 11:13:38,535] multiqc                                            [DEBUG  ]  No samples found: bclconvert
[2022-08-05 11:13:38,540] multiqc                                            [DEBUG  ]  No samples found: interop
[2022-08-05 11:13:38,545] multiqc                                            [DEBUG  ]  No samples found: ivar
[2022-08-05 11:13:38,550] multiqc                                            [DEBUG  ]  No samples found: flash
[2022-08-05 11:13:38,554] multiqc                                            [DEBUG  ]  No samples found: seqyclean
[2022-08-05 11:13:38,558] multiqc                                            [DEBUG  ]  No samples found: optitype
[2022-08-05 11:13:38,563] multiqc                                            [INFO   ]  Compressing plot data
[2022-08-05 11:13:46,723] multiqc                                            [INFO   ]  Report      : 12838_MGSD_CSIRO.qc.stats/multiqc_report.html
[2022-08-05 11:13:46,723] multiqc                                            [INFO   ]  Data        : 12838_MGSD_CSIRO.qc.stats/multiqc_data
[2022-08-05 11:13:46,723] multiqc                                            [DEBUG  ]  Moving data file from '/tmp/smi9a9.8585453/tmpvwij1h6r/multiqc_data' to '12838_MGSD_CSIRO.qc.stats/multiqc_data'
[2022-08-05 11:13:47,334] multiqc                                            [INFO   ]  MultiQC complete
