[2022-08-05 11:08:33,036] multiqc                                            [DEBUG  ]  This is MultiQC v1.11
[2022-08-05 11:08:33,036] multiqc                                            [DEBUG  ]  No MultiQC config found: /apps/multiqc/1.11/lib/python3.9/site-packages/multiqc_config.yaml
[2022-08-05 11:08:33,036] multiqc                                            [DEBUG  ]  No MultiQC config found: /home/smi9a9/.multiqc_config.yaml
[2022-08-05 11:08:33,036] multiqc                                            [DEBUG  ]  No MultiQC config found: multiqc_config.yaml
[2022-08-05 11:08:33,036] multiqc                                            [DEBUG  ]  Command used: /apps/multiqc/1.11/bin/multiqc ./401553_HL7J5DSX3-1_merged_fastqc.html ./401553_HL7J5DSX3-1_merged_fastqc.zip ./401553_HL7J5DSX3-1_merged.fastq.gz ./401553_HL7J5DSX3-1_R1p_fastqc.html ./401553_HL7J5DSX3-1_R1p_fastqc.zip ./401553_HL7J5DSX3-1_R1p.fastq.gz ./401553_HL7J5DSX3-1_R1R2u_fastqc.html ./401553_HL7J5DSX3-1_R1R2u_fastqc.zip ./401553_HL7J5DSX3-1_R1R2u.fastq.gz ./401553_HL7J5DSX3-1_R2p_fastqc.html ./401553_HL7J5DSX3-1_R2p_fastqc.zip ./401553_HL7J5DSX3-1_R2p.fastq.gz ./401553_QCreads.md5 -o 401553_MGSD_CSIRO.qc.stats
[2022-08-05 11:08:33,038] multiqc                                            [DEBUG  ]  Could not connect to multiqc.info for version check: <urlopen error [Errno 111] Connection refused>
[2022-08-05 11:08:33,038] multiqc                                            [DEBUG  ]  Command     : /apps/multiqc/1.11/bin/multiqc ./401553_HL7J5DSX3-1_merged_fastqc.html ./401553_HL7J5DSX3-1_merged_fastqc.zip ./401553_HL7J5DSX3-1_merged.fastq.gz ./401553_HL7J5DSX3-1_R1p_fastqc.html ./401553_HL7J5DSX3-1_R1p_fastqc.zip ./401553_HL7J5DSX3-1_R1p.fastq.gz ./401553_HL7J5DSX3-1_R1R2u_fastqc.html ./401553_HL7J5DSX3-1_R1R2u_fastqc.zip ./401553_HL7J5DSX3-1_R1R2u.fastq.gz ./401553_HL7J5DSX3-1_R2p_fastqc.html ./401553_HL7J5DSX3-1_R2p_fastqc.zip ./401553_HL7J5DSX3-1_R2p.fastq.gz ./401553_QCreads.md5 -o 401553_MGSD_CSIRO.qc.stats
[2022-08-05 11:08:33,038] multiqc                                            [DEBUG  ]  Working dir : /datasets/work/oa-amd/work/amd/Metagenome_QC_reads
[2022-08-05 11:08:33,038] multiqc                                            [DEBUG  ]  Template    : default
[2022-08-05 11:08:33,038] multiqc                                            [DEBUG  ]  Running Python 3.9.4 (default, Apr 25 2021, 16:13:27)  [GCC 10.3.0]
[2022-08-05 11:08:33,039] multiqc                                            [DEBUG  ]  Analysing modules: custom_content, ccs, ngsderive, purple, conpair, lima, peddy, somalier, methylQA, mosdepth, phantompeakqualtools, qualimap, preseq, quast, qorts, rna_seqc, rockhopper, rsem, rseqc, busco, bustools, goleft_indexcov, gffcompare, disambiguate, supernova, deeptools, sargasso, verifybamid, mirtrace, happy, mirtop, sambamba, homer, hops, macs2, theta2, snpeff, gatk, htseq, bcftools, featureCounts, fgbio, dragen, dedup, damageprofiler, biobambam2, jcvi, mtnucratio, picard, vep, sentieon, prokka, qc3C, nanostat, samblaster, samtools, sexdeterrmine, eigenstratdatabasetools, bamtools, jellyfish, vcftools, longranger, stacks, varscan2, snippy, bbmap, bismark, biscuit, hicexplorer, hicup, hicpro, salmon, kallisto, slamdunk, star, hisat2, tophat, bowtie2, bowtie1, snpsplit, odgi, pangolin, kat, leehom, adapterRemoval, clipandmerge, cutadapt, flexbar, kaiju, kraken, malt, trimmomatic, sickle, skewer, sortmerna, biobloomtools, fastq_screen, afterqc, fastp, fastqc, pychopper, pycoqc, minionqc, multivcfanalyzer, clusterflow, bcl2fastq, bclconvert, interop, ivar, flash, seqyclean, optitype
[2022-08-05 11:08:33,039] multiqc                                            [DEBUG  ]  Using temporary directory for creating report: /tmp/smi9a9.8585383/tmpbw8us85k
[2022-08-05 11:08:33,102] multiqc                                            [INFO   ]  Search path : /datasets/work/oa-amd/work/amd/Metagenome_QC_reads/401553_HL7J5DSX3-1_merged_fastqc.html
[2022-08-05 11:08:33,102] multiqc                                            [INFO   ]  Search path : /datasets/work/oa-amd/work/amd/Metagenome_QC_reads/401553_HL7J5DSX3-1_merged_fastqc.zip
[2022-08-05 11:08:33,102] multiqc                                            [INFO   ]  Search path : /datasets/work/oa-amd/work/amd/Metagenome_QC_reads/401553_HL7J5DSX3-1_merged.fastq.gz
[2022-08-05 11:08:33,102] multiqc                                            [INFO   ]  Search path : /datasets/work/oa-amd/work/amd/Metagenome_QC_reads/401553_HL7J5DSX3-1_R1p_fastqc.html
[2022-08-05 11:08:33,102] multiqc                                            [INFO   ]  Search path : /datasets/work/oa-amd/work/amd/Metagenome_QC_reads/401553_HL7J5DSX3-1_R1p_fastqc.zip
[2022-08-05 11:08:33,102] multiqc                                            [INFO   ]  Search path : /datasets/work/oa-amd/work/amd/Metagenome_QC_reads/401553_HL7J5DSX3-1_R1p.fastq.gz
[2022-08-05 11:08:33,102] multiqc                                            [INFO   ]  Search path : /datasets/work/oa-amd/work/amd/Metagenome_QC_reads/401553_HL7J5DSX3-1_R1R2u_fastqc.html
[2022-08-05 11:08:33,102] multiqc                                            [INFO   ]  Search path : /datasets/work/oa-amd/work/amd/Metagenome_QC_reads/401553_HL7J5DSX3-1_R1R2u_fastqc.zip
[2022-08-05 11:08:33,102] multiqc                                            [INFO   ]  Search path : /datasets/work/oa-amd/work/amd/Metagenome_QC_reads/401553_HL7J5DSX3-1_R1R2u.fastq.gz
[2022-08-05 11:08:33,102] multiqc                                            [INFO   ]  Search path : /datasets/work/oa-amd/work/amd/Metagenome_QC_reads/401553_HL7J5DSX3-1_R2p_fastqc.html
[2022-08-05 11:08:33,102] multiqc                                            [INFO   ]  Search path : /datasets/work/oa-amd/work/amd/Metagenome_QC_reads/401553_HL7J5DSX3-1_R2p_fastqc.zip
[2022-08-05 11:08:33,102] multiqc                                            [INFO   ]  Search path : /datasets/work/oa-amd/work/amd/Metagenome_QC_reads/401553_HL7J5DSX3-1_R2p.fastq.gz
[2022-08-05 11:08:33,103] multiqc                                            [INFO   ]  Search path : /datasets/work/oa-amd/work/amd/Metagenome_QC_reads/401553_QCreads.md5
[2022-08-05 11:08:33,321] multiqc                                            [DEBUG  ]  File ignored by ccs/v4 because it exceeded search pattern filesize limit: 401553_HL7J5DSX3-1_merged_fastqc.html
[2022-08-05 11:08:33,330] multiqc                                            [DEBUG  ]  File ignored by hicexplorer because it exceeded search pattern filesize limit: 401553_HL7J5DSX3-1_merged_fastqc.html
[2022-08-05 11:08:33,331] multiqc                                            [DEBUG  ]  File ignored by nanostat because it exceeded search pattern filesize limit: 401553_HL7J5DSX3-1_merged_fastqc.html
[2022-08-05 11:08:33,331] multiqc                                            [DEBUG  ]  File ignored by lima/summary because it exceeded search pattern filesize limit: 401553_HL7J5DSX3-1_merged_fastqc.html
[2022-08-05 11:08:34,209] multiqc                                            [DEBUG  ]  File ignored by vep/vep_txt because it exceeded search pattern filesize limit: 401553_HL7J5DSX3-1_merged_fastqc.html
[2022-08-05 11:08:34,209] multiqc                                            [DEBUG  ]  File ignored by longranger/invocation because it exceeded search pattern filesize limit: 401553_HL7J5DSX3-1_merged_fastqc.html
[2022-08-05 11:08:34,209] multiqc                                            [DEBUG  ]  File ignored by rockhopper because it exceeded search pattern filesize limit: 401553_HL7J5DSX3-1_merged_fastqc.html
[2022-08-05 11:08:34,210] multiqc                                            [DEBUG  ]  File ignored by rseqc/bam_stat because it exceeded search pattern filesize limit: 401553_HL7J5DSX3-1_merged_fastqc.html
[2022-08-05 11:08:34,210] multiqc                                            [DEBUG  ]  File ignored by rseqc/junction_annotation because it exceeded search pattern filesize limit: 401553_HL7J5DSX3-1_merged_fastqc.html
[2022-08-05 11:08:34,210] multiqc                                            [DEBUG  ]  File ignored by rseqc/read_distribution because it exceeded search pattern filesize limit: 401553_HL7J5DSX3-1_merged_fastqc.html
[2022-08-05 11:08:34,210] multiqc                                            [DEBUG  ]  File ignored by rseqc/infer_experiment because it exceeded search pattern filesize limit: 401553_HL7J5DSX3-1_merged_fastqc.html
[2022-08-05 11:08:34,710] multiqc                                            [DEBUG  ]  Ignoring file as matched an ignore pattern: 401553_HL7J5DSX3-1_merged.fastq.gz
[2022-08-05 11:08:35,019] multiqc                                            [DEBUG  ]  File ignored by ccs/v4 because it exceeded search pattern filesize limit: 401553_HL7J5DSX3-1_R1p_fastqc.html
[2022-08-05 11:08:35,029] multiqc                                            [DEBUG  ]  File ignored by hicexplorer because it exceeded search pattern filesize limit: 401553_HL7J5DSX3-1_R1p_fastqc.html
[2022-08-05 11:08:35,032] multiqc                                            [DEBUG  ]  File ignored by nanostat because it exceeded search pattern filesize limit: 401553_HL7J5DSX3-1_R1p_fastqc.html
[2022-08-05 11:08:35,032] multiqc                                            [DEBUG  ]  File ignored by lima/summary because it exceeded search pattern filesize limit: 401553_HL7J5DSX3-1_R1p_fastqc.html
[2022-08-05 11:08:35,056] multiqc                                            [DEBUG  ]  File ignored by vep/vep_txt because it exceeded search pattern filesize limit: 401553_HL7J5DSX3-1_R1p_fastqc.html
[2022-08-05 11:08:35,056] multiqc                                            [DEBUG  ]  File ignored by longranger/invocation because it exceeded search pattern filesize limit: 401553_HL7J5DSX3-1_R1p_fastqc.html
[2022-08-05 11:08:35,056] multiqc                                            [DEBUG  ]  File ignored by rockhopper because it exceeded search pattern filesize limit: 401553_HL7J5DSX3-1_R1p_fastqc.html
[2022-08-05 11:08:35,056] multiqc                                            [DEBUG  ]  File ignored by rseqc/bam_stat because it exceeded search pattern filesize limit: 401553_HL7J5DSX3-1_R1p_fastqc.html
[2022-08-05 11:08:35,056] multiqc                                            [DEBUG  ]  File ignored by rseqc/junction_annotation because it exceeded search pattern filesize limit: 401553_HL7J5DSX3-1_R1p_fastqc.html
[2022-08-05 11:08:35,056] multiqc                                            [DEBUG  ]  File ignored by rseqc/read_distribution because it exceeded search pattern filesize limit: 401553_HL7J5DSX3-1_R1p_fastqc.html
[2022-08-05 11:08:35,056] multiqc                                            [DEBUG  ]  File ignored by rseqc/infer_experiment because it exceeded search pattern filesize limit: 401553_HL7J5DSX3-1_R1p_fastqc.html
[2022-08-05 11:08:35,444] multiqc                                            [DEBUG  ]  Ignoring file as matched an ignore pattern: 401553_HL7J5DSX3-1_R1p.fastq.gz
[2022-08-05 11:08:36,789] multiqc                                            [DEBUG  ]  File ignored by ccs/v4 because it exceeded search pattern filesize limit: 401553_HL7J5DSX3-1_R1R2u_fastqc.html
[2022-08-05 11:08:36,815] multiqc                                            [DEBUG  ]  File ignored by hicexplorer because it exceeded search pattern filesize limit: 401553_HL7J5DSX3-1_R1R2u_fastqc.html
[2022-08-05 11:08:36,817] multiqc                                            [DEBUG  ]  File ignored by nanostat because it exceeded search pattern filesize limit: 401553_HL7J5DSX3-1_R1R2u_fastqc.html
[2022-08-05 11:08:36,817] multiqc                                            [DEBUG  ]  File ignored by lima/summary because it exceeded search pattern filesize limit: 401553_HL7J5DSX3-1_R1R2u_fastqc.html
[2022-08-05 11:08:37,206] multiqc                                            [DEBUG  ]  File ignored by vep/vep_txt because it exceeded search pattern filesize limit: 401553_HL7J5DSX3-1_R1R2u_fastqc.html
[2022-08-05 11:08:37,206] multiqc                                            [DEBUG  ]  File ignored by longranger/invocation because it exceeded search pattern filesize limit: 401553_HL7J5DSX3-1_R1R2u_fastqc.html
[2022-08-05 11:08:37,206] multiqc                                            [DEBUG  ]  File ignored by rockhopper because it exceeded search pattern filesize limit: 401553_HL7J5DSX3-1_R1R2u_fastqc.html
[2022-08-05 11:08:37,206] multiqc                                            [DEBUG  ]  File ignored by rseqc/bam_stat because it exceeded search pattern filesize limit: 401553_HL7J5DSX3-1_R1R2u_fastqc.html
[2022-08-05 11:08:37,206] multiqc                                            [DEBUG  ]  File ignored by rseqc/junction_annotation because it exceeded search pattern filesize limit: 401553_HL7J5DSX3-1_R1R2u_fastqc.html
[2022-08-05 11:08:37,206] multiqc                                            [DEBUG  ]  File ignored by rseqc/read_distribution because it exceeded search pattern filesize limit: 401553_HL7J5DSX3-1_R1R2u_fastqc.html
[2022-08-05 11:08:37,206] multiqc                                            [DEBUG  ]  File ignored by rseqc/infer_experiment because it exceeded search pattern filesize limit: 401553_HL7J5DSX3-1_R1R2u_fastqc.html
[2022-08-05 11:08:38,334] multiqc                                            [DEBUG  ]  Ignoring file as matched an ignore pattern: 401553_HL7J5DSX3-1_R1R2u.fastq.gz
[2022-08-05 11:08:38,375] multiqc                                            [DEBUG  ]  File ignored by ccs/v4 because it exceeded search pattern filesize limit: 401553_HL7J5DSX3-1_R2p_fastqc.html
[2022-08-05 11:08:38,501] multiqc                                            [DEBUG  ]  File ignored by hicexplorer because it exceeded search pattern filesize limit: 401553_HL7J5DSX3-1_R2p_fastqc.html
[2022-08-05 11:08:38,502] multiqc                                            [DEBUG  ]  File ignored by nanostat because it exceeded search pattern filesize limit: 401553_HL7J5DSX3-1_R2p_fastqc.html
[2022-08-05 11:08:38,502] multiqc                                            [DEBUG  ]  File ignored by lima/summary because it exceeded search pattern filesize limit: 401553_HL7J5DSX3-1_R2p_fastqc.html
[2022-08-05 11:08:38,527] multiqc                                            [DEBUG  ]  File ignored by vep/vep_txt because it exceeded search pattern filesize limit: 401553_HL7J5DSX3-1_R2p_fastqc.html
[2022-08-05 11:08:38,528] multiqc                                            [DEBUG  ]  File ignored by longranger/invocation because it exceeded search pattern filesize limit: 401553_HL7J5DSX3-1_R2p_fastqc.html
[2022-08-05 11:08:38,528] multiqc                                            [DEBUG  ]  File ignored by rockhopper because it exceeded search pattern filesize limit: 401553_HL7J5DSX3-1_R2p_fastqc.html
[2022-08-05 11:08:38,528] multiqc                                            [DEBUG  ]  File ignored by rseqc/bam_stat because it exceeded search pattern filesize limit: 401553_HL7J5DSX3-1_R2p_fastqc.html
[2022-08-05 11:08:38,528] multiqc                                            [DEBUG  ]  File ignored by rseqc/junction_annotation because it exceeded search pattern filesize limit: 401553_HL7J5DSX3-1_R2p_fastqc.html
[2022-08-05 11:08:38,528] multiqc                                            [DEBUG  ]  File ignored by rseqc/read_distribution because it exceeded search pattern filesize limit: 401553_HL7J5DSX3-1_R2p_fastqc.html
[2022-08-05 11:08:38,528] multiqc                                            [DEBUG  ]  File ignored by rseqc/infer_experiment because it exceeded search pattern filesize limit: 401553_HL7J5DSX3-1_R2p_fastqc.html
[2022-08-05 11:08:39,168] multiqc                                            [DEBUG  ]  Ignoring file as matched an ignore pattern: 401553_HL7J5DSX3-1_R2p.fastq.gz
[2022-08-05 11:08:39,169] multiqc                                            [DEBUG  ]  Ignoring file as matched an ignore pattern: 401553_QCreads.md5
[2022-08-05 11:08:41,492] multiqc.plots.bargraph                             [DEBUG  ]  Using matplotlib version 3.3.4
[2022-08-05 11:08:41,726] multiqc.plots.linegraph                            [DEBUG  ]  Using matplotlib version 3.3.4
[2022-08-05 11:08:41,729] multiqc                                            [DEBUG  ]  No samples found: custom_content
[2022-08-05 11:08:41,734] multiqc                                            [DEBUG  ]  No samples found: ccs
[2022-08-05 11:08:41,739] multiqc                                            [DEBUG  ]  No samples found: ngsderive
[2022-08-05 11:08:41,744] multiqc                                            [DEBUG  ]  No samples found: purple
[2022-08-05 11:08:41,979] multiqc                                            [DEBUG  ]  No samples found: conpair
[2022-08-05 11:08:42,214] multiqc                                            [DEBUG  ]  No samples found: lima
[2022-08-05 11:08:42,219] multiqc                                            [DEBUG  ]  No samples found: peddy
[2022-08-05 11:08:42,226] multiqc                                            [DEBUG  ]  No samples found: somalier
[2022-08-05 11:08:42,230] multiqc                                            [DEBUG  ]  No samples found: methylQA
[2022-08-05 11:08:42,239] multiqc.modules.mosdepth.mosdepth                  [DEBUG  ]  include_contigs: []
[2022-08-05 11:08:42,239] multiqc.modules.mosdepth.mosdepth                  [DEBUG  ]  exclude_contigs: []
[2022-08-05 11:08:42,239] multiqc                                            [DEBUG  ]  No samples found: mosdepth
[2022-08-05 11:08:42,244] multiqc                                            [DEBUG  ]  No samples found: phantompeakqualtools
[2022-08-05 11:08:42,247] multiqc                                            [DEBUG  ]  No samples found: qualimap
[2022-08-05 11:08:42,253] multiqc                                            [DEBUG  ]  No samples found: preseq
[2022-08-05 11:08:42,258] multiqc                                            [DEBUG  ]  No samples found: quast
[2022-08-05 11:08:42,262] multiqc                                            [DEBUG  ]  No samples found: qorts
[2022-08-05 11:08:42,270] multiqc                                            [DEBUG  ]  No samples found: rna_seqc
[2022-08-05 11:08:42,274] multiqc                                            [DEBUG  ]  No samples found: rockhopper
[2022-08-05 11:08:42,278] multiqc                                            [DEBUG  ]  No samples found: rsem
[2022-08-05 11:08:42,292] multiqc                                            [DEBUG  ]  No samples found: rseqc
[2022-08-05 11:08:42,295] multiqc                                            [DEBUG  ]  No samples found: busco
[2022-08-05 11:08:42,300] multiqc                                            [DEBUG  ]  No samples found: bustools
[2022-08-05 11:08:42,304] multiqc                                            [DEBUG  ]  No samples found: goleft_indexcov
[2022-08-05 11:08:42,309] multiqc                                            [DEBUG  ]  No samples found: gffcompare
[2022-08-05 11:08:42,313] multiqc                                            [DEBUG  ]  No samples found: disambiguate
[2022-08-05 11:08:42,318] multiqc                                            [DEBUG  ]  No samples found: supernova
[2022-08-05 11:08:42,333] multiqc                                            [DEBUG  ]  No samples found: deeptools
[2022-08-05 11:08:42,338] multiqc                                            [DEBUG  ]  No samples found: sargasso
[2022-08-05 11:08:42,342] multiqc                                            [DEBUG  ]  No samples found: verifybamid
[2022-08-05 11:08:42,347] multiqc                                            [DEBUG  ]  No samples found: mirtrace
[2022-08-05 11:08:42,351] multiqc                                            [DEBUG  ]  No samples found: happy
[2022-08-05 11:08:42,356] multiqc                                            [DEBUG  ]  No samples found: mirtop
[2022-08-05 11:08:42,361] multiqc                                            [DEBUG  ]  No samples found: sambamba
[2022-08-05 11:08:42,369] multiqc                                            [DEBUG  ]  No samples found: homer
[2022-08-05 11:08:42,373] multiqc                                            [DEBUG  ]  No samples found: hops
[2022-08-05 11:08:42,377] multiqc                                            [DEBUG  ]  No samples found: macs2
[2022-08-05 11:08:42,381] multiqc                                            [DEBUG  ]  No samples found: theta2
[2022-08-05 11:08:42,615] multiqc                                            [DEBUG  ]  No samples found: snpeff
[2022-08-05 11:08:42,623] multiqc                                            [DEBUG  ]  No samples found: gatk
[2022-08-05 11:08:42,859] multiqc                                            [DEBUG  ]  No samples found: htseq
[2022-08-05 11:08:43,327] multiqc                                            [DEBUG  ]  No samples found: bcftools
[2022-08-05 11:08:43,331] multiqc                                            [DEBUG  ]  No samples found: featureCounts
[2022-08-05 11:08:43,338] multiqc                                            [DEBUG  ]  No samples found: fgbio
[2022-08-05 11:08:43,357] multiqc                                            [DEBUG  ]  No samples found: dragen
[2022-08-05 11:08:43,591] multiqc                                            [DEBUG  ]  No samples found: dedup
[2022-08-05 11:08:43,597] multiqc                                            [DEBUG  ]  No samples found: damageprofiler
[2022-08-05 11:08:43,869] multiqc                                            [DEBUG  ]  No samples found: biobambam2
[2022-08-05 11:08:43,876] multiqc                                            [DEBUG  ]  No samples found: jcvi
[2022-08-05 11:08:43,881] multiqc                                            [DEBUG  ]  No samples found: mtnucratio
[2022-08-05 11:08:43,883] multiqc                                            [DEBUG  ]  No samples found: picard
[2022-08-05 11:08:43,889] multiqc                                            [DEBUG  ]  No samples found: vep
[2022-08-05 11:08:43,897] multiqc                                            [DEBUG  ]  No samples found: sentieon
[2022-08-05 11:08:43,902] multiqc                                            [DEBUG  ]  No samples found: prokka
[2022-08-05 11:08:43,910] multiqc                                            [DEBUG  ]  No samples found: qc3C
[2022-08-05 11:08:43,914] multiqc                                            [DEBUG  ]  No samples found: nanostat
[2022-08-05 11:08:43,919] multiqc                                            [DEBUG  ]  No samples found: samblaster
[2022-08-05 11:08:43,929] multiqc                                            [DEBUG  ]  No samples found: samtools
[2022-08-05 11:08:43,933] multiqc                                            [DEBUG  ]  No samples found: sexdeterrmine
[2022-08-05 11:08:43,938] multiqc                                            [DEBUG  ]  No samples found: eigenstratdatabasetools
[2022-08-05 11:08:43,943] multiqc                                            [DEBUG  ]  No samples found: bamtools
[2022-08-05 11:08:43,947] multiqc                                            [DEBUG  ]  No samples found: jellyfish
[2022-08-05 11:08:43,955] multiqc                                            [DEBUG  ]  No samples found: vcftools
[2022-08-05 11:08:43,960] multiqc                                            [DEBUG  ]  No samples found: longranger
[2022-08-05 11:08:43,964] multiqc                                            [DEBUG  ]  No samples found: stacks
[2022-08-05 11:08:43,969] multiqc                                            [DEBUG  ]  No samples found: varscan2
[2022-08-05 11:08:43,974] multiqc                                            [DEBUG  ]  No samples found: snippy
[2022-08-05 11:08:43,991] multiqc                                            [DEBUG  ]  No samples found: bbmap
[2022-08-05 11:08:43,997] multiqc                                            [DEBUG  ]  No samples found: bismark
[2022-08-05 11:08:44,005] multiqc                                            [DEBUG  ]  No samples found: biscuit
[2022-08-05 11:08:44,010] multiqc                                            [DEBUG  ]  No samples found: hicexplorer
[2022-08-05 11:08:44,014] multiqc                                            [DEBUG  ]  No samples found: hicup
[2022-08-05 11:08:44,020] multiqc                                            [DEBUG  ]  No samples found: hicpro
[2022-08-05 11:08:44,025] multiqc                                            [DEBUG  ]  No samples found: salmon
[2022-08-05 11:08:44,029] multiqc                                            [DEBUG  ]  No samples found: kallisto
[2022-08-05 11:08:44,035] multiqc                                            [DEBUG  ]  No samples found: slamdunk
[2022-08-05 11:08:44,040] multiqc                                            [DEBUG  ]  No samples found: star
[2022-08-05 11:08:44,044] multiqc                                            [DEBUG  ]  No samples found: hisat2
[2022-08-05 11:08:44,048] multiqc                                            [DEBUG  ]  No samples found: tophat
[2022-08-05 11:08:44,053] multiqc                                            [DEBUG  ]  No samples found: bowtie2
[2022-08-05 11:08:44,057] multiqc                                            [DEBUG  ]  No samples found: bowtie1
[2022-08-05 11:08:44,291] multiqc                                            [DEBUG  ]  No samples found: snpsplit
[2022-08-05 11:08:44,296] multiqc                                            [DEBUG  ]  No samples found: odgi
[2022-08-05 11:08:44,301] multiqc                                            [DEBUG  ]  No samples found: pangolin
[2022-08-05 11:08:44,306] multiqc                                            [DEBUG  ]  No samples found: kat
[2022-08-05 11:08:44,310] multiqc                                            [DEBUG  ]  No samples found: leehom
[2022-08-05 11:08:44,315] multiqc                                            [DEBUG  ]  No samples found: adapterRemoval
[2022-08-05 11:08:44,319] multiqc                                            [DEBUG  ]  No samples found: clipandmerge
[2022-08-05 11:08:44,323] multiqc                                            [DEBUG  ]  No samples found: cutadapt
[2022-08-05 11:08:44,329] multiqc                                            [DEBUG  ]  No samples found: flexbar
[2022-08-05 11:08:44,334] multiqc                                            [DEBUG  ]  No samples found: kaiju
[2022-08-05 11:08:44,340] multiqc                                            [DEBUG  ]  No samples found: kraken
[2022-08-05 11:08:44,345] multiqc                                            [DEBUG  ]  No samples found: malt
[2022-08-05 11:08:44,579] multiqc                                            [DEBUG  ]  No samples found: trimmomatic
[2022-08-05 11:08:44,816] multiqc                                            [DEBUG  ]  No samples found: sickle
[2022-08-05 11:08:44,821] multiqc                                            [DEBUG  ]  No samples found: skewer
[2022-08-05 11:08:45,056] multiqc                                            [DEBUG  ]  No samples found: sortmerna
[2022-08-05 11:08:45,062] multiqc                                            [DEBUG  ]  No samples found: biobloomtools
[2022-08-05 11:08:45,067] multiqc                                            [DEBUG  ]  No samples found: fastq_screen
[2022-08-05 11:08:45,072] multiqc                                            [DEBUG  ]  No samples found: afterqc
[2022-08-05 11:08:45,077] multiqc                                            [DEBUG  ]  No samples found: fastp
[2022-08-05 11:08:46,803] multiqc.modules.fastqc.fastqc                      [INFO   ]  Found 4 reports
[2022-08-05 11:08:46,850] multiqc                                            [DEBUG  ]  No samples found: pychopper
[2022-08-05 11:08:47,085] multiqc                                            [DEBUG  ]  No samples found: pycoqc
[2022-08-05 11:08:47,090] multiqc                                            [DEBUG  ]  No samples found: minionqc
[2022-08-05 11:08:47,095] multiqc                                            [DEBUG  ]  No samples found: multivcfanalyzer
[2022-08-05 11:08:47,100] multiqc                                            [DEBUG  ]  No samples found: clusterflow
[2022-08-05 11:08:47,107] multiqc                                            [DEBUG  ]  No samples found: bcl2fastq
[2022-08-05 11:08:47,113] multiqc                                            [DEBUG  ]  No samples found: bclconvert
[2022-08-05 11:08:47,119] multiqc                                            [DEBUG  ]  No samples found: interop
[2022-08-05 11:08:47,353] multiqc                                            [DEBUG  ]  No samples found: ivar
[2022-08-05 11:08:47,358] multiqc                                            [DEBUG  ]  No samples found: flash
[2022-08-05 11:08:47,362] multiqc                                            [DEBUG  ]  No samples found: seqyclean
[2022-08-05 11:08:47,366] multiqc                                            [DEBUG  ]  No samples found: optitype
[2022-08-05 11:08:47,371] multiqc                                            [INFO   ]  Compressing plot data
[2022-08-05 11:08:48,864] multiqc                                            [INFO   ]  Report      : 401553_MGSD_CSIRO.qc.stats/multiqc_report.html
[2022-08-05 11:08:48,864] multiqc                                            [INFO   ]  Data        : 401553_MGSD_CSIRO.qc.stats/multiqc_data
[2022-08-05 11:08:48,864] multiqc                                            [DEBUG  ]  Moving data file from '/tmp/smi9a9.8585383/tmpbw8us85k/multiqc_data' to '401553_MGSD_CSIRO.qc.stats/multiqc_data'
[2022-08-05 11:08:49,306] multiqc                                            [INFO   ]  MultiQC complete
