[2022-08-05 11:13:37,996] multiqc                                            [DEBUG  ]  This is MultiQC v1.11
[2022-08-05 11:13:37,996] multiqc                                            [DEBUG  ]  No MultiQC config found: /apps/multiqc/1.11/lib/python3.9/site-packages/multiqc_config.yaml
[2022-08-05 11:13:37,996] multiqc                                            [DEBUG  ]  No MultiQC config found: /home/smi9a9/.multiqc_config.yaml
[2022-08-05 11:13:45,803] multiqc                                            [DEBUG  ]  No MultiQC config found: multiqc_config.yaml
[2022-08-05 11:13:45,803] multiqc                                            [DEBUG  ]  Command used: /apps/multiqc/1.11/bin/multiqc ./401642_HL7J5DSX3-1_merged_fastqc.html ./401642_HL7J5DSX3-1_merged_fastqc.zip ./401642_HL7J5DSX3-1_merged.fastq.gz ./401642_HL7J5DSX3-1_R1p_fastqc.html ./401642_HL7J5DSX3-1_R1p_fastqc.zip ./401642_HL7J5DSX3-1_R1p.fastq.gz ./401642_HL7J5DSX3-1_R1R2u_fastqc.html ./401642_HL7J5DSX3-1_R1R2u_fastqc.zip ./401642_HL7J5DSX3-1_R1R2u.fastq.gz ./401642_HL7J5DSX3-1_R2p_fastqc.html ./401642_HL7J5DSX3-1_R2p_fastqc.zip ./401642_HL7J5DSX3-1_R2p.fastq.gz ./401642_QCreads.md5 -o 401642_MGSD_CSIRO.qc.stats
[2022-08-05 11:13:45,805] multiqc                                            [DEBUG  ]  Could not connect to multiqc.info for version check: <urlopen error [Errno 111] Connection refused>
[2022-08-05 11:13:45,806] multiqc                                            [DEBUG  ]  Command     : /apps/multiqc/1.11/bin/multiqc ./401642_HL7J5DSX3-1_merged_fastqc.html ./401642_HL7J5DSX3-1_merged_fastqc.zip ./401642_HL7J5DSX3-1_merged.fastq.gz ./401642_HL7J5DSX3-1_R1p_fastqc.html ./401642_HL7J5DSX3-1_R1p_fastqc.zip ./401642_HL7J5DSX3-1_R1p.fastq.gz ./401642_HL7J5DSX3-1_R1R2u_fastqc.html ./401642_HL7J5DSX3-1_R1R2u_fastqc.zip ./401642_HL7J5DSX3-1_R1R2u.fastq.gz ./401642_HL7J5DSX3-1_R2p_fastqc.html ./401642_HL7J5DSX3-1_R2p_fastqc.zip ./401642_HL7J5DSX3-1_R2p.fastq.gz ./401642_QCreads.md5 -o 401642_MGSD_CSIRO.qc.stats
[2022-08-05 11:13:45,806] multiqc                                            [DEBUG  ]  Working dir : /datasets/work/oa-amd/work/amd/Metagenome_QC_reads
[2022-08-05 11:13:45,806] multiqc                                            [DEBUG  ]  Template    : default
[2022-08-05 11:13:45,806] multiqc                                            [DEBUG  ]  Running Python 3.9.4 (default, Apr 25 2021, 16:13:27)  [GCC 10.3.0]
[2022-08-05 11:13:45,806] multiqc                                            [DEBUG  ]  Analysing modules: custom_content, ccs, ngsderive, purple, conpair, lima, peddy, somalier, methylQA, mosdepth, phantompeakqualtools, qualimap, preseq, quast, qorts, rna_seqc, rockhopper, rsem, rseqc, busco, bustools, goleft_indexcov, gffcompare, disambiguate, supernova, deeptools, sargasso, verifybamid, mirtrace, happy, mirtop, sambamba, homer, hops, macs2, theta2, snpeff, gatk, htseq, bcftools, featureCounts, fgbio, dragen, dedup, damageprofiler, biobambam2, jcvi, mtnucratio, picard, vep, sentieon, prokka, qc3C, nanostat, samblaster, samtools, sexdeterrmine, eigenstratdatabasetools, bamtools, jellyfish, vcftools, longranger, stacks, varscan2, snippy, bbmap, bismark, biscuit, hicexplorer, hicup, hicpro, salmon, kallisto, slamdunk, star, hisat2, tophat, bowtie2, bowtie1, snpsplit, odgi, pangolin, kat, leehom, adapterRemoval, clipandmerge, cutadapt, flexbar, kaiju, kraken, malt, trimmomatic, sickle, skewer, sortmerna, biobloomtools, fastq_screen, afterqc, fastp, fastqc, pychopper, pycoqc, minionqc, multivcfanalyzer, clusterflow, bcl2fastq, bclconvert, interop, ivar, flash, seqyclean, optitype
[2022-08-05 11:13:45,806] multiqc                                            [DEBUG  ]  Using temporary directory for creating report: /tmp/smi9a9.8586005/tmp5nmyvygn
[2022-08-05 11:13:45,868] multiqc                                            [INFO   ]  Search path : /datasets/work/oa-amd/work/amd/Metagenome_QC_reads/401642_HL7J5DSX3-1_merged_fastqc.html
[2022-08-05 11:13:45,868] multiqc                                            [INFO   ]  Search path : /datasets/work/oa-amd/work/amd/Metagenome_QC_reads/401642_HL7J5DSX3-1_merged_fastqc.zip
[2022-08-05 11:13:45,868] multiqc                                            [INFO   ]  Search path : /datasets/work/oa-amd/work/amd/Metagenome_QC_reads/401642_HL7J5DSX3-1_merged.fastq.gz
[2022-08-05 11:13:45,868] multiqc                                            [INFO   ]  Search path : /datasets/work/oa-amd/work/amd/Metagenome_QC_reads/401642_HL7J5DSX3-1_R1p_fastqc.html
[2022-08-05 11:13:45,868] multiqc                                            [INFO   ]  Search path : /datasets/work/oa-amd/work/amd/Metagenome_QC_reads/401642_HL7J5DSX3-1_R1p_fastqc.zip
[2022-08-05 11:13:45,868] multiqc                                            [INFO   ]  Search path : /datasets/work/oa-amd/work/amd/Metagenome_QC_reads/401642_HL7J5DSX3-1_R1p.fastq.gz
[2022-08-05 11:13:45,868] multiqc                                            [INFO   ]  Search path : /datasets/work/oa-amd/work/amd/Metagenome_QC_reads/401642_HL7J5DSX3-1_R1R2u_fastqc.html
[2022-08-05 11:13:45,868] multiqc                                            [INFO   ]  Search path : /datasets/work/oa-amd/work/amd/Metagenome_QC_reads/401642_HL7J5DSX3-1_R1R2u_fastqc.zip
[2022-08-05 11:13:45,868] multiqc                                            [INFO   ]  Search path : /datasets/work/oa-amd/work/amd/Metagenome_QC_reads/401642_HL7J5DSX3-1_R1R2u.fastq.gz
[2022-08-05 11:13:45,868] multiqc                                            [INFO   ]  Search path : /datasets/work/oa-amd/work/amd/Metagenome_QC_reads/401642_HL7J5DSX3-1_R2p_fastqc.html
[2022-08-05 11:13:45,868] multiqc                                            [INFO   ]  Search path : /datasets/work/oa-amd/work/amd/Metagenome_QC_reads/401642_HL7J5DSX3-1_R2p_fastqc.zip
[2022-08-05 11:13:45,868] multiqc                                            [INFO   ]  Search path : /datasets/work/oa-amd/work/amd/Metagenome_QC_reads/401642_HL7J5DSX3-1_R2p.fastq.gz
[2022-08-05 11:13:45,868] multiqc                                            [INFO   ]  Search path : /datasets/work/oa-amd/work/amd/Metagenome_QC_reads/401642_QCreads.md5
[2022-08-05 11:13:46,013] multiqc                                            [DEBUG  ]  File ignored by ccs/v4 because it exceeded search pattern filesize limit: 401642_HL7J5DSX3-1_merged_fastqc.html
[2022-08-05 11:13:46,023] multiqc                                            [DEBUG  ]  File ignored by hicexplorer because it exceeded search pattern filesize limit: 401642_HL7J5DSX3-1_merged_fastqc.html
[2022-08-05 11:13:46,024] multiqc                                            [DEBUG  ]  File ignored by nanostat because it exceeded search pattern filesize limit: 401642_HL7J5DSX3-1_merged_fastqc.html
[2022-08-05 11:13:46,024] multiqc                                            [DEBUG  ]  File ignored by lima/summary because it exceeded search pattern filesize limit: 401642_HL7J5DSX3-1_merged_fastqc.html
[2022-08-05 11:13:46,089] multiqc                                            [DEBUG  ]  File ignored by vep/vep_txt because it exceeded search pattern filesize limit: 401642_HL7J5DSX3-1_merged_fastqc.html
[2022-08-05 11:13:46,089] multiqc                                            [DEBUG  ]  File ignored by longranger/invocation because it exceeded search pattern filesize limit: 401642_HL7J5DSX3-1_merged_fastqc.html
[2022-08-05 11:13:46,089] multiqc                                            [DEBUG  ]  File ignored by rockhopper because it exceeded search pattern filesize limit: 401642_HL7J5DSX3-1_merged_fastqc.html
[2022-08-05 11:13:46,089] multiqc                                            [DEBUG  ]  File ignored by rseqc/bam_stat because it exceeded search pattern filesize limit: 401642_HL7J5DSX3-1_merged_fastqc.html
[2022-08-05 11:13:46,089] multiqc                                            [DEBUG  ]  File ignored by rseqc/junction_annotation because it exceeded search pattern filesize limit: 401642_HL7J5DSX3-1_merged_fastqc.html
[2022-08-05 11:13:46,089] multiqc                                            [DEBUG  ]  File ignored by rseqc/read_distribution because it exceeded search pattern filesize limit: 401642_HL7J5DSX3-1_merged_fastqc.html
[2022-08-05 11:13:46,089] multiqc                                            [DEBUG  ]  File ignored by rseqc/infer_experiment because it exceeded search pattern filesize limit: 401642_HL7J5DSX3-1_merged_fastqc.html
[2022-08-05 11:13:46,183] multiqc                                            [DEBUG  ]  Ignoring file as matched an ignore pattern: 401642_HL7J5DSX3-1_merged.fastq.gz
[2022-08-05 11:13:46,277] multiqc                                            [DEBUG  ]  File ignored by ccs/v4 because it exceeded search pattern filesize limit: 401642_HL7J5DSX3-1_R1p_fastqc.html
[2022-08-05 11:13:46,283] multiqc                                            [DEBUG  ]  File ignored by hicexplorer because it exceeded search pattern filesize limit: 401642_HL7J5DSX3-1_R1p_fastqc.html
[2022-08-05 11:13:46,284] multiqc                                            [DEBUG  ]  File ignored by nanostat because it exceeded search pattern filesize limit: 401642_HL7J5DSX3-1_R1p_fastqc.html
[2022-08-05 11:13:46,284] multiqc                                            [DEBUG  ]  File ignored by lima/summary because it exceeded search pattern filesize limit: 401642_HL7J5DSX3-1_R1p_fastqc.html
[2022-08-05 11:13:46,296] multiqc                                            [DEBUG  ]  File ignored by vep/vep_txt because it exceeded search pattern filesize limit: 401642_HL7J5DSX3-1_R1p_fastqc.html
[2022-08-05 11:13:46,296] multiqc                                            [DEBUG  ]  File ignored by longranger/invocation because it exceeded search pattern filesize limit: 401642_HL7J5DSX3-1_R1p_fastqc.html
[2022-08-05 11:13:46,296] multiqc                                            [DEBUG  ]  File ignored by rockhopper because it exceeded search pattern filesize limit: 401642_HL7J5DSX3-1_R1p_fastqc.html
[2022-08-05 11:13:46,296] multiqc                                            [DEBUG  ]  File ignored by rseqc/bam_stat because it exceeded search pattern filesize limit: 401642_HL7J5DSX3-1_R1p_fastqc.html
[2022-08-05 11:13:46,296] multiqc                                            [DEBUG  ]  File ignored by rseqc/junction_annotation because it exceeded search pattern filesize limit: 401642_HL7J5DSX3-1_R1p_fastqc.html
[2022-08-05 11:13:46,296] multiqc                                            [DEBUG  ]  File ignored by rseqc/read_distribution because it exceeded search pattern filesize limit: 401642_HL7J5DSX3-1_R1p_fastqc.html
[2022-08-05 11:13:46,296] multiqc                                            [DEBUG  ]  File ignored by rseqc/infer_experiment because it exceeded search pattern filesize limit: 401642_HL7J5DSX3-1_R1p_fastqc.html
[2022-08-05 11:13:46,683] multiqc                                            [DEBUG  ]  Ignoring file as matched an ignore pattern: 401642_HL7J5DSX3-1_R1p.fastq.gz
[2022-08-05 11:13:47,273] multiqc                                            [DEBUG  ]  File ignored by ccs/v4 because it exceeded search pattern filesize limit: 401642_HL7J5DSX3-1_R1R2u_fastqc.html
[2022-08-05 11:13:47,287] multiqc                                            [DEBUG  ]  File ignored by hicexplorer because it exceeded search pattern filesize limit: 401642_HL7J5DSX3-1_R1R2u_fastqc.html
[2022-08-05 11:13:47,289] multiqc                                            [DEBUG  ]  File ignored by nanostat because it exceeded search pattern filesize limit: 401642_HL7J5DSX3-1_R1R2u_fastqc.html
[2022-08-05 11:13:47,289] multiqc                                            [DEBUG  ]  File ignored by lima/summary because it exceeded search pattern filesize limit: 401642_HL7J5DSX3-1_R1R2u_fastqc.html
[2022-08-05 11:13:47,325] multiqc                                            [DEBUG  ]  File ignored by vep/vep_txt because it exceeded search pattern filesize limit: 401642_HL7J5DSX3-1_R1R2u_fastqc.html
[2022-08-05 11:13:47,325] multiqc                                            [DEBUG  ]  File ignored by longranger/invocation because it exceeded search pattern filesize limit: 401642_HL7J5DSX3-1_R1R2u_fastqc.html
[2022-08-05 11:13:47,325] multiqc                                            [DEBUG  ]  File ignored by rockhopper because it exceeded search pattern filesize limit: 401642_HL7J5DSX3-1_R1R2u_fastqc.html
[2022-08-05 11:13:47,325] multiqc                                            [DEBUG  ]  File ignored by rseqc/bam_stat because it exceeded search pattern filesize limit: 401642_HL7J5DSX3-1_R1R2u_fastqc.html
[2022-08-05 11:13:47,325] multiqc                                            [DEBUG  ]  File ignored by rseqc/junction_annotation because it exceeded search pattern filesize limit: 401642_HL7J5DSX3-1_R1R2u_fastqc.html
[2022-08-05 11:13:47,325] multiqc                                            [DEBUG  ]  File ignored by rseqc/read_distribution because it exceeded search pattern filesize limit: 401642_HL7J5DSX3-1_R1R2u_fastqc.html
[2022-08-05 11:13:47,325] multiqc                                            [DEBUG  ]  File ignored by rseqc/infer_experiment because it exceeded search pattern filesize limit: 401642_HL7J5DSX3-1_R1R2u_fastqc.html
[2022-08-05 11:13:47,433] multiqc                                            [DEBUG  ]  Ignoring file as matched an ignore pattern: 401642_HL7J5DSX3-1_R1R2u.fastq.gz
[2022-08-05 11:13:48,571] multiqc                                            [DEBUG  ]  File ignored by ccs/v4 because it exceeded search pattern filesize limit: 401642_HL7J5DSX3-1_R2p_fastqc.html
[2022-08-05 11:13:48,651] multiqc                                            [DEBUG  ]  File ignored by hicexplorer because it exceeded search pattern filesize limit: 401642_HL7J5DSX3-1_R2p_fastqc.html
[2022-08-05 11:13:48,674] multiqc                                            [DEBUG  ]  File ignored by nanostat because it exceeded search pattern filesize limit: 401642_HL7J5DSX3-1_R2p_fastqc.html
[2022-08-05 11:13:48,674] multiqc                                            [DEBUG  ]  File ignored by lima/summary because it exceeded search pattern filesize limit: 401642_HL7J5DSX3-1_R2p_fastqc.html
[2022-08-05 11:13:49,773] multiqc                                            [DEBUG  ]  File ignored by vep/vep_txt because it exceeded search pattern filesize limit: 401642_HL7J5DSX3-1_R2p_fastqc.html
[2022-08-05 11:13:49,773] multiqc                                            [DEBUG  ]  File ignored by longranger/invocation because it exceeded search pattern filesize limit: 401642_HL7J5DSX3-1_R2p_fastqc.html
[2022-08-05 11:13:49,773] multiqc                                            [DEBUG  ]  File ignored by rockhopper because it exceeded search pattern filesize limit: 401642_HL7J5DSX3-1_R2p_fastqc.html
[2022-08-05 11:13:49,773] multiqc                                            [DEBUG  ]  File ignored by rseqc/bam_stat because it exceeded search pattern filesize limit: 401642_HL7J5DSX3-1_R2p_fastqc.html
[2022-08-05 11:13:49,773] multiqc                                            [DEBUG  ]  File ignored by rseqc/junction_annotation because it exceeded search pattern filesize limit: 401642_HL7J5DSX3-1_R2p_fastqc.html
[2022-08-05 11:13:49,773] multiqc                                            [DEBUG  ]  File ignored by rseqc/read_distribution because it exceeded search pattern filesize limit: 401642_HL7J5DSX3-1_R2p_fastqc.html
[2022-08-05 11:13:49,773] multiqc                                            [DEBUG  ]  File ignored by rseqc/infer_experiment because it exceeded search pattern filesize limit: 401642_HL7J5DSX3-1_R2p_fastqc.html
[2022-08-05 11:13:50,020] multiqc                                            [DEBUG  ]  Ignoring file as matched an ignore pattern: 401642_HL7J5DSX3-1_R2p.fastq.gz
[2022-08-05 11:13:50,024] multiqc                                            [DEBUG  ]  Ignoring file as matched an ignore pattern: 401642_QCreads.md5
[2022-08-05 11:13:54,712] multiqc.plots.bargraph                             [DEBUG  ]  Using matplotlib version 3.3.4
[2022-08-05 11:13:54,716] multiqc.plots.linegraph                            [DEBUG  ]  Using matplotlib version 3.3.4
[2022-08-05 11:13:54,719] multiqc                                            [DEBUG  ]  No samples found: custom_content
[2022-08-05 11:13:54,725] multiqc                                            [DEBUG  ]  No samples found: ccs
[2022-08-05 11:13:54,731] multiqc                                            [DEBUG  ]  No samples found: ngsderive
[2022-08-05 11:13:54,736] multiqc                                            [DEBUG  ]  No samples found: purple
[2022-08-05 11:13:54,740] multiqc                                            [DEBUG  ]  No samples found: conpair
[2022-08-05 11:13:54,745] multiqc                                            [DEBUG  ]  No samples found: lima
[2022-08-05 11:13:54,751] multiqc                                            [DEBUG  ]  No samples found: peddy
[2022-08-05 11:13:54,757] multiqc                                            [DEBUG  ]  No samples found: somalier
[2022-08-05 11:13:54,762] multiqc                                            [DEBUG  ]  No samples found: methylQA
[2022-08-05 11:13:54,772] multiqc.modules.mosdepth.mosdepth                  [DEBUG  ]  include_contigs: []
[2022-08-05 11:13:54,772] multiqc.modules.mosdepth.mosdepth                  [DEBUG  ]  exclude_contigs: []
[2022-08-05 11:13:54,772] multiqc                                            [DEBUG  ]  No samples found: mosdepth
[2022-08-05 11:13:54,777] multiqc                                            [DEBUG  ]  No samples found: phantompeakqualtools
[2022-08-05 11:13:54,781] multiqc                                            [DEBUG  ]  No samples found: qualimap
[2022-08-05 11:13:54,786] multiqc                                            [DEBUG  ]  No samples found: preseq
[2022-08-05 11:13:54,792] multiqc                                            [DEBUG  ]  No samples found: quast
[2022-08-05 11:13:54,796] multiqc                                            [DEBUG  ]  No samples found: qorts
[2022-08-05 11:13:54,801] multiqc                                            [DEBUG  ]  No samples found: rna_seqc
[2022-08-05 11:13:54,806] multiqc                                            [DEBUG  ]  No samples found: rockhopper
[2022-08-05 11:13:54,810] multiqc                                            [DEBUG  ]  No samples found: rsem
[2022-08-05 11:13:54,826] multiqc                                            [DEBUG  ]  No samples found: rseqc
[2022-08-05 11:13:54,830] multiqc                                            [DEBUG  ]  No samples found: busco
[2022-08-05 11:13:54,836] multiqc                                            [DEBUG  ]  No samples found: bustools
[2022-08-05 11:13:54,841] multiqc                                            [DEBUG  ]  No samples found: goleft_indexcov
[2022-08-05 11:13:54,846] multiqc                                            [DEBUG  ]  No samples found: gffcompare
[2022-08-05 11:13:54,850] multiqc                                            [DEBUG  ]  No samples found: disambiguate
[2022-08-05 11:13:54,856] multiqc                                            [DEBUG  ]  No samples found: supernova
[2022-08-05 11:13:54,873] multiqc                                            [DEBUG  ]  No samples found: deeptools
[2022-08-05 11:13:54,877] multiqc                                            [DEBUG  ]  No samples found: sargasso
[2022-08-05 11:13:54,882] multiqc                                            [DEBUG  ]  No samples found: verifybamid
[2022-08-05 11:13:54,889] multiqc                                            [DEBUG  ]  No samples found: mirtrace
[2022-08-05 11:13:54,894] multiqc                                            [DEBUG  ]  No samples found: happy
[2022-08-05 11:13:54,899] multiqc                                            [DEBUG  ]  No samples found: mirtop
[2022-08-05 11:13:54,905] multiqc                                            [DEBUG  ]  No samples found: sambamba
[2022-08-05 11:13:54,913] multiqc                                            [DEBUG  ]  No samples found: homer
[2022-08-05 11:13:54,918] multiqc                                            [DEBUG  ]  No samples found: hops
[2022-08-05 11:13:54,923] multiqc                                            [DEBUG  ]  No samples found: macs2
[2022-08-05 11:13:54,928] multiqc                                            [DEBUG  ]  No samples found: theta2
[2022-08-05 11:13:54,933] multiqc                                            [DEBUG  ]  No samples found: snpeff
[2022-08-05 11:13:54,943] multiqc                                            [DEBUG  ]  No samples found: gatk
[2022-08-05 11:13:54,949] multiqc                                            [DEBUG  ]  No samples found: htseq
[2022-08-05 11:13:54,956] multiqc                                            [DEBUG  ]  No samples found: bcftools
[2022-08-05 11:13:54,963] multiqc                                            [DEBUG  ]  No samples found: featureCounts
[2022-08-05 11:13:54,973] multiqc                                            [DEBUG  ]  No samples found: fgbio
[2022-08-05 11:13:54,993] multiqc                                            [DEBUG  ]  No samples found: dragen
[2022-08-05 11:13:54,999] multiqc                                            [DEBUG  ]  No samples found: dedup
[2022-08-05 11:13:55,005] multiqc                                            [DEBUG  ]  No samples found: damageprofiler
[2022-08-05 11:13:55,050] multiqc                                            [DEBUG  ]  No samples found: biobambam2
[2022-08-05 11:13:55,056] multiqc                                            [DEBUG  ]  No samples found: jcvi
[2022-08-05 11:13:55,062] multiqc                                            [DEBUG  ]  No samples found: mtnucratio
[2022-08-05 11:13:55,064] multiqc                                            [DEBUG  ]  No samples found: picard
[2022-08-05 11:13:55,070] multiqc                                            [DEBUG  ]  No samples found: vep
[2022-08-05 11:13:55,080] multiqc                                            [DEBUG  ]  No samples found: sentieon
[2022-08-05 11:13:55,085] multiqc                                            [DEBUG  ]  No samples found: prokka
[2022-08-05 11:13:55,093] multiqc                                            [DEBUG  ]  No samples found: qc3C
[2022-08-05 11:13:55,099] multiqc                                            [DEBUG  ]  No samples found: nanostat
[2022-08-05 11:13:55,104] multiqc                                            [DEBUG  ]  No samples found: samblaster
[2022-08-05 11:13:55,115] multiqc                                            [DEBUG  ]  No samples found: samtools
[2022-08-05 11:13:55,120] multiqc                                            [DEBUG  ]  No samples found: sexdeterrmine
[2022-08-05 11:13:55,126] multiqc                                            [DEBUG  ]  No samples found: eigenstratdatabasetools
[2022-08-05 11:13:55,131] multiqc                                            [DEBUG  ]  No samples found: bamtools
[2022-08-05 11:13:55,136] multiqc                                            [DEBUG  ]  No samples found: jellyfish
[2022-08-05 11:13:55,145] multiqc                                            [DEBUG  ]  No samples found: vcftools
[2022-08-05 11:13:55,151] multiqc                                            [DEBUG  ]  No samples found: longranger
[2022-08-05 11:13:55,156] multiqc                                            [DEBUG  ]  No samples found: stacks
[2022-08-05 11:13:55,160] multiqc                                            [DEBUG  ]  No samples found: varscan2
[2022-08-05 11:13:55,165] multiqc                                            [DEBUG  ]  No samples found: snippy
[2022-08-05 11:13:55,186] multiqc                                            [DEBUG  ]  No samples found: bbmap
[2022-08-05 11:13:55,193] multiqc                                            [DEBUG  ]  No samples found: bismark
[2022-08-05 11:13:55,202] multiqc                                            [DEBUG  ]  No samples found: biscuit
[2022-08-05 11:13:55,208] multiqc                                            [DEBUG  ]  No samples found: hicexplorer
[2022-08-05 11:13:55,213] multiqc                                            [DEBUG  ]  No samples found: hicup
[2022-08-05 11:13:55,219] multiqc                                            [DEBUG  ]  No samples found: hicpro
[2022-08-05 11:13:55,224] multiqc                                            [DEBUG  ]  No samples found: salmon
[2022-08-05 11:13:55,229] multiqc                                            [DEBUG  ]  No samples found: kallisto
[2022-08-05 11:13:55,236] multiqc                                            [DEBUG  ]  No samples found: slamdunk
[2022-08-05 11:13:55,241] multiqc                                            [DEBUG  ]  No samples found: star
[2022-08-05 11:13:55,246] multiqc                                            [DEBUG  ]  No samples found: hisat2
[2022-08-05 11:13:55,251] multiqc                                            [DEBUG  ]  No samples found: tophat
[2022-08-05 11:13:55,256] multiqc                                            [DEBUG  ]  No samples found: bowtie2
[2022-08-05 11:13:55,261] multiqc                                            [DEBUG  ]  No samples found: bowtie1
[2022-08-05 11:13:55,266] multiqc                                            [DEBUG  ]  No samples found: snpsplit
[2022-08-05 11:13:55,271] multiqc                                            [DEBUG  ]  No samples found: odgi
[2022-08-05 11:13:55,277] multiqc                                            [DEBUG  ]  No samples found: pangolin
[2022-08-05 11:13:55,282] multiqc                                            [DEBUG  ]  No samples found: kat
[2022-08-05 11:13:55,286] multiqc                                            [DEBUG  ]  No samples found: leehom
[2022-08-05 11:13:55,291] multiqc                                            [DEBUG  ]  No samples found: adapterRemoval
[2022-08-05 11:13:55,296] multiqc                                            [DEBUG  ]  No samples found: clipandmerge
[2022-08-05 11:13:55,302] multiqc                                            [DEBUG  ]  No samples found: cutadapt
[2022-08-05 11:13:55,306] multiqc                                            [DEBUG  ]  No samples found: flexbar
[2022-08-05 11:13:55,312] multiqc                                            [DEBUG  ]  No samples found: kaiju
[2022-08-05 11:13:55,318] multiqc                                            [DEBUG  ]  No samples found: kraken
[2022-08-05 11:13:55,322] multiqc                                            [DEBUG  ]  No samples found: malt
[2022-08-05 11:13:55,327] multiqc                                            [DEBUG  ]  No samples found: trimmomatic
[2022-08-05 11:13:55,331] multiqc                                            [DEBUG  ]  No samples found: sickle
[2022-08-05 11:13:55,336] multiqc                                            [DEBUG  ]  No samples found: skewer
[2022-08-05 11:13:55,341] multiqc                                            [DEBUG  ]  No samples found: sortmerna
[2022-08-05 11:13:55,346] multiqc                                            [DEBUG  ]  No samples found: biobloomtools
[2022-08-05 11:13:55,352] multiqc                                            [DEBUG  ]  No samples found: fastq_screen
[2022-08-05 11:13:55,357] multiqc                                            [DEBUG  ]  No samples found: afterqc
[2022-08-05 11:13:55,362] multiqc                                            [DEBUG  ]  No samples found: fastp
[2022-08-05 11:13:56,081] multiqc.modules.fastqc.fastqc                      [INFO   ]  Found 4 reports
[2022-08-05 11:13:56,132] multiqc                                            [DEBUG  ]  No samples found: pychopper
[2022-08-05 11:13:56,367] multiqc                                            [DEBUG  ]  No samples found: pycoqc
[2022-08-05 11:13:56,372] multiqc                                            [DEBUG  ]  No samples found: minionqc
[2022-08-05 11:13:56,377] multiqc                                            [DEBUG  ]  No samples found: multivcfanalyzer
[2022-08-05 11:13:56,382] multiqc                                            [DEBUG  ]  No samples found: clusterflow
[2022-08-05 11:13:56,388] multiqc                                            [DEBUG  ]  No samples found: bcl2fastq
[2022-08-05 11:13:56,396] multiqc                                            [DEBUG  ]  No samples found: bclconvert
[2022-08-05 11:13:56,401] multiqc                                            [DEBUG  ]  No samples found: interop
[2022-08-05 11:13:56,405] multiqc                                            [DEBUG  ]  No samples found: ivar
[2022-08-05 11:13:56,410] multiqc                                            [DEBUG  ]  No samples found: flash
[2022-08-05 11:13:56,415] multiqc                                            [DEBUG  ]  No samples found: seqyclean
[2022-08-05 11:13:56,419] multiqc                                            [DEBUG  ]  No samples found: optitype
[2022-08-05 11:13:56,424] multiqc                                            [INFO   ]  Compressing plot data
[2022-08-05 11:14:09,543] multiqc                                            [INFO   ]  Report      : 401642_MGSD_CSIRO.qc.stats/multiqc_report.html
[2022-08-05 11:14:09,543] multiqc                                            [INFO   ]  Data        : 401642_MGSD_CSIRO.qc.stats/multiqc_data
[2022-08-05 11:14:09,543] multiqc                                            [DEBUG  ]  Moving data file from '/tmp/smi9a9.8586005/tmp5nmyvygn/multiqc_data' to '401642_MGSD_CSIRO.qc.stats/multiqc_data'
[2022-08-05 11:14:10,719] multiqc                                            [INFO   ]  MultiQC complete
