[2022-08-05 11:06:30,517] multiqc                                            [DEBUG  ]  This is MultiQC v1.11
[2022-08-05 11:06:30,517] multiqc                                            [DEBUG  ]  No MultiQC config found: /apps/multiqc/1.11/lib/python3.9/site-packages/multiqc_config.yaml
[2022-08-05 11:06:30,517] multiqc                                            [DEBUG  ]  No MultiQC config found: /home/smi9a9/.multiqc_config.yaml
[2022-08-05 11:06:30,518] multiqc                                            [DEBUG  ]  No MultiQC config found: multiqc_config.yaml
[2022-08-05 11:06:30,518] multiqc                                            [DEBUG  ]  Command used: /apps/multiqc/1.11/bin/multiqc ./138607_HJWT7DSX3-1_merged_fastqc.html ./138607_HJWT7DSX3-1_merged_fastqc.zip ./138607_HJWT7DSX3-1_merged.fastq.gz ./138607_HJWT7DSX3-1_R1p_fastqc.html ./138607_HJWT7DSX3-1_R1p_fastqc.zip ./138607_HJWT7DSX3-1_R1p.fastq.gz ./138607_HJWT7DSX3-1_R1R2u_fastqc.html ./138607_HJWT7DSX3-1_R1R2u_fastqc.zip ./138607_HJWT7DSX3-1_R1R2u.fastq.gz ./138607_HJWT7DSX3-1_R2p_fastqc.html ./138607_HJWT7DSX3-1_R2p_fastqc.zip ./138607_HJWT7DSX3-1_R2p.fastq.gz ./138607_QCreads.md5 -o 138607_MGSD_CSIRO.qc.stats
[2022-08-05 11:06:30,520] multiqc                                            [DEBUG  ]  Could not connect to multiqc.info for version check: <urlopen error [Errno 111] Connection refused>
[2022-08-05 11:06:30,520] multiqc                                            [DEBUG  ]  Command     : /apps/multiqc/1.11/bin/multiqc ./138607_HJWT7DSX3-1_merged_fastqc.html ./138607_HJWT7DSX3-1_merged_fastqc.zip ./138607_HJWT7DSX3-1_merged.fastq.gz ./138607_HJWT7DSX3-1_R1p_fastqc.html ./138607_HJWT7DSX3-1_R1p_fastqc.zip ./138607_HJWT7DSX3-1_R1p.fastq.gz ./138607_HJWT7DSX3-1_R1R2u_fastqc.html ./138607_HJWT7DSX3-1_R1R2u_fastqc.zip ./138607_HJWT7DSX3-1_R1R2u.fastq.gz ./138607_HJWT7DSX3-1_R2p_fastqc.html ./138607_HJWT7DSX3-1_R2p_fastqc.zip ./138607_HJWT7DSX3-1_R2p.fastq.gz ./138607_QCreads.md5 -o 138607_MGSD_CSIRO.qc.stats
[2022-08-05 11:06:30,520] multiqc                                            [DEBUG  ]  Working dir : /datasets/work/oa-amd/work/amd/Metagenome_QC_reads
[2022-08-05 11:06:30,520] multiqc                                            [DEBUG  ]  Template    : default
[2022-08-05 11:06:30,520] multiqc                                            [DEBUG  ]  Running Python 3.9.4 (default, Apr 25 2021, 16:13:27)  [GCC 10.3.0]
[2022-08-05 11:06:30,521] multiqc                                            [DEBUG  ]  Analysing modules: custom_content, ccs, ngsderive, purple, conpair, lima, peddy, somalier, methylQA, mosdepth, phantompeakqualtools, qualimap, preseq, quast, qorts, rna_seqc, rockhopper, rsem, rseqc, busco, bustools, goleft_indexcov, gffcompare, disambiguate, supernova, deeptools, sargasso, verifybamid, mirtrace, happy, mirtop, sambamba, homer, hops, macs2, theta2, snpeff, gatk, htseq, bcftools, featureCounts, fgbio, dragen, dedup, damageprofiler, biobambam2, jcvi, mtnucratio, picard, vep, sentieon, prokka, qc3C, nanostat, samblaster, samtools, sexdeterrmine, eigenstratdatabasetools, bamtools, jellyfish, vcftools, longranger, stacks, varscan2, snippy, bbmap, bismark, biscuit, hicexplorer, hicup, hicpro, salmon, kallisto, slamdunk, star, hisat2, tophat, bowtie2, bowtie1, snpsplit, odgi, pangolin, kat, leehom, adapterRemoval, clipandmerge, cutadapt, flexbar, kaiju, kraken, malt, trimmomatic, sickle, skewer, sortmerna, biobloomtools, fastq_screen, afterqc, fastp, fastqc, pychopper, pycoqc, minionqc, multivcfanalyzer, clusterflow, bcl2fastq, bclconvert, interop, ivar, flash, seqyclean, optitype
[2022-08-05 11:06:30,521] multiqc                                            [DEBUG  ]  Using temporary directory for creating report: /tmp/smi9a9.8585200/tmpcaydxput
[2022-08-05 11:06:30,583] multiqc                                            [INFO   ]  Search path : /datasets/work/oa-amd/work/amd/Metagenome_QC_reads/138607_HJWT7DSX3-1_merged_fastqc.html
[2022-08-05 11:06:30,583] multiqc                                            [INFO   ]  Search path : /datasets/work/oa-amd/work/amd/Metagenome_QC_reads/138607_HJWT7DSX3-1_merged_fastqc.zip
[2022-08-05 11:06:30,583] multiqc                                            [INFO   ]  Search path : /datasets/work/oa-amd/work/amd/Metagenome_QC_reads/138607_HJWT7DSX3-1_merged.fastq.gz
[2022-08-05 11:06:30,583] multiqc                                            [INFO   ]  Search path : /datasets/work/oa-amd/work/amd/Metagenome_QC_reads/138607_HJWT7DSX3-1_R1p_fastqc.html
[2022-08-05 11:06:30,584] multiqc                                            [INFO   ]  Search path : /datasets/work/oa-amd/work/amd/Metagenome_QC_reads/138607_HJWT7DSX3-1_R1p_fastqc.zip
[2022-08-05 11:06:30,584] multiqc                                            [INFO   ]  Search path : /datasets/work/oa-amd/work/amd/Metagenome_QC_reads/138607_HJWT7DSX3-1_R1p.fastq.gz
[2022-08-05 11:06:30,584] multiqc                                            [INFO   ]  Search path : /datasets/work/oa-amd/work/amd/Metagenome_QC_reads/138607_HJWT7DSX3-1_R1R2u_fastqc.html
[2022-08-05 11:06:30,584] multiqc                                            [INFO   ]  Search path : /datasets/work/oa-amd/work/amd/Metagenome_QC_reads/138607_HJWT7DSX3-1_R1R2u_fastqc.zip
[2022-08-05 11:06:30,584] multiqc                                            [INFO   ]  Search path : /datasets/work/oa-amd/work/amd/Metagenome_QC_reads/138607_HJWT7DSX3-1_R1R2u.fastq.gz
[2022-08-05 11:06:30,584] multiqc                                            [INFO   ]  Search path : /datasets/work/oa-amd/work/amd/Metagenome_QC_reads/138607_HJWT7DSX3-1_R2p_fastqc.html
[2022-08-05 11:06:30,584] multiqc                                            [INFO   ]  Search path : /datasets/work/oa-amd/work/amd/Metagenome_QC_reads/138607_HJWT7DSX3-1_R2p_fastqc.zip
[2022-08-05 11:06:30,584] multiqc                                            [INFO   ]  Search path : /datasets/work/oa-amd/work/amd/Metagenome_QC_reads/138607_HJWT7DSX3-1_R2p.fastq.gz
[2022-08-05 11:06:30,584] multiqc                                            [INFO   ]  Search path : /datasets/work/oa-amd/work/amd/Metagenome_QC_reads/138607_QCreads.md5
[2022-08-05 11:06:30,642] multiqc                                            [DEBUG  ]  File ignored by ccs/v4 because it exceeded search pattern filesize limit: 138607_HJWT7DSX3-1_merged_fastqc.html
[2022-08-05 11:06:30,650] multiqc                                            [DEBUG  ]  File ignored by hicexplorer because it exceeded search pattern filesize limit: 138607_HJWT7DSX3-1_merged_fastqc.html
[2022-08-05 11:06:30,651] multiqc                                            [DEBUG  ]  File ignored by nanostat because it exceeded search pattern filesize limit: 138607_HJWT7DSX3-1_merged_fastqc.html
[2022-08-05 11:06:30,651] multiqc                                            [DEBUG  ]  File ignored by lima/summary because it exceeded search pattern filesize limit: 138607_HJWT7DSX3-1_merged_fastqc.html
[2022-08-05 11:06:30,668] multiqc                                            [DEBUG  ]  File ignored by vep/vep_txt because it exceeded search pattern filesize limit: 138607_HJWT7DSX3-1_merged_fastqc.html
[2022-08-05 11:06:30,668] multiqc                                            [DEBUG  ]  File ignored by longranger/invocation because it exceeded search pattern filesize limit: 138607_HJWT7DSX3-1_merged_fastqc.html
[2022-08-05 11:06:30,668] multiqc                                            [DEBUG  ]  File ignored by rockhopper because it exceeded search pattern filesize limit: 138607_HJWT7DSX3-1_merged_fastqc.html
[2022-08-05 11:06:30,668] multiqc                                            [DEBUG  ]  File ignored by rseqc/bam_stat because it exceeded search pattern filesize limit: 138607_HJWT7DSX3-1_merged_fastqc.html
[2022-08-05 11:06:30,668] multiqc                                            [DEBUG  ]  File ignored by rseqc/junction_annotation because it exceeded search pattern filesize limit: 138607_HJWT7DSX3-1_merged_fastqc.html
[2022-08-05 11:06:30,668] multiqc                                            [DEBUG  ]  File ignored by rseqc/read_distribution because it exceeded search pattern filesize limit: 138607_HJWT7DSX3-1_merged_fastqc.html
[2022-08-05 11:06:30,668] multiqc                                            [DEBUG  ]  File ignored by rseqc/infer_experiment because it exceeded search pattern filesize limit: 138607_HJWT7DSX3-1_merged_fastqc.html
[2022-08-05 11:06:30,827] multiqc                                            [DEBUG  ]  Ignoring file as matched an ignore pattern: 138607_HJWT7DSX3-1_merged.fastq.gz
[2022-08-05 11:06:30,851] multiqc                                            [DEBUG  ]  File ignored by ccs/v4 because it exceeded search pattern filesize limit: 138607_HJWT7DSX3-1_R1p_fastqc.html
[2022-08-05 11:06:30,862] multiqc                                            [DEBUG  ]  File ignored by hicexplorer because it exceeded search pattern filesize limit: 138607_HJWT7DSX3-1_R1p_fastqc.html
[2022-08-05 11:06:30,863] multiqc                                            [DEBUG  ]  File ignored by nanostat because it exceeded search pattern filesize limit: 138607_HJWT7DSX3-1_R1p_fastqc.html
[2022-08-05 11:06:30,863] multiqc                                            [DEBUG  ]  File ignored by lima/summary because it exceeded search pattern filesize limit: 138607_HJWT7DSX3-1_R1p_fastqc.html
[2022-08-05 11:06:30,877] multiqc                                            [DEBUG  ]  File ignored by vep/vep_txt because it exceeded search pattern filesize limit: 138607_HJWT7DSX3-1_R1p_fastqc.html
[2022-08-05 11:06:30,877] multiqc                                            [DEBUG  ]  File ignored by longranger/invocation because it exceeded search pattern filesize limit: 138607_HJWT7DSX3-1_R1p_fastqc.html
[2022-08-05 11:06:30,877] multiqc                                            [DEBUG  ]  File ignored by rockhopper because it exceeded search pattern filesize limit: 138607_HJWT7DSX3-1_R1p_fastqc.html
[2022-08-05 11:06:30,877] multiqc                                            [DEBUG  ]  File ignored by rseqc/bam_stat because it exceeded search pattern filesize limit: 138607_HJWT7DSX3-1_R1p_fastqc.html
[2022-08-05 11:06:30,877] multiqc                                            [DEBUG  ]  File ignored by rseqc/junction_annotation because it exceeded search pattern filesize limit: 138607_HJWT7DSX3-1_R1p_fastqc.html
[2022-08-05 11:06:30,877] multiqc                                            [DEBUG  ]  File ignored by rseqc/read_distribution because it exceeded search pattern filesize limit: 138607_HJWT7DSX3-1_R1p_fastqc.html
[2022-08-05 11:06:30,877] multiqc                                            [DEBUG  ]  File ignored by rseqc/infer_experiment because it exceeded search pattern filesize limit: 138607_HJWT7DSX3-1_R1p_fastqc.html
[2022-08-05 11:06:30,968] multiqc                                            [DEBUG  ]  Ignoring file as matched an ignore pattern: 138607_HJWT7DSX3-1_R1p.fastq.gz
[2022-08-05 11:06:31,115] multiqc                                            [DEBUG  ]  File ignored by ccs/v4 because it exceeded search pattern filesize limit: 138607_HJWT7DSX3-1_R1R2u_fastqc.html
[2022-08-05 11:06:31,127] multiqc                                            [DEBUG  ]  File ignored by hicexplorer because it exceeded search pattern filesize limit: 138607_HJWT7DSX3-1_R1R2u_fastqc.html
[2022-08-05 11:06:31,128] multiqc                                            [DEBUG  ]  File ignored by nanostat because it exceeded search pattern filesize limit: 138607_HJWT7DSX3-1_R1R2u_fastqc.html
[2022-08-05 11:06:31,128] multiqc                                            [DEBUG  ]  File ignored by lima/summary because it exceeded search pattern filesize limit: 138607_HJWT7DSX3-1_R1R2u_fastqc.html
[2022-08-05 11:06:31,153] multiqc                                            [DEBUG  ]  File ignored by vep/vep_txt because it exceeded search pattern filesize limit: 138607_HJWT7DSX3-1_R1R2u_fastqc.html
[2022-08-05 11:06:31,153] multiqc                                            [DEBUG  ]  File ignored by longranger/invocation because it exceeded search pattern filesize limit: 138607_HJWT7DSX3-1_R1R2u_fastqc.html
[2022-08-05 11:06:31,153] multiqc                                            [DEBUG  ]  File ignored by rockhopper because it exceeded search pattern filesize limit: 138607_HJWT7DSX3-1_R1R2u_fastqc.html
[2022-08-05 11:06:31,153] multiqc                                            [DEBUG  ]  File ignored by rseqc/bam_stat because it exceeded search pattern filesize limit: 138607_HJWT7DSX3-1_R1R2u_fastqc.html
[2022-08-05 11:06:31,153] multiqc                                            [DEBUG  ]  File ignored by rseqc/junction_annotation because it exceeded search pattern filesize limit: 138607_HJWT7DSX3-1_R1R2u_fastqc.html
[2022-08-05 11:06:31,153] multiqc                                            [DEBUG  ]  File ignored by rseqc/read_distribution because it exceeded search pattern filesize limit: 138607_HJWT7DSX3-1_R1R2u_fastqc.html
[2022-08-05 11:06:31,154] multiqc                                            [DEBUG  ]  File ignored by rseqc/infer_experiment because it exceeded search pattern filesize limit: 138607_HJWT7DSX3-1_R1R2u_fastqc.html
[2022-08-05 11:06:31,305] multiqc                                            [DEBUG  ]  Ignoring file as matched an ignore pattern: 138607_HJWT7DSX3-1_R1R2u.fastq.gz
[2022-08-05 11:06:31,721] multiqc                                            [DEBUG  ]  File ignored by ccs/v4 because it exceeded search pattern filesize limit: 138607_HJWT7DSX3-1_R2p_fastqc.html
[2022-08-05 11:06:31,732] multiqc                                            [DEBUG  ]  File ignored by hicexplorer because it exceeded search pattern filesize limit: 138607_HJWT7DSX3-1_R2p_fastqc.html
[2022-08-05 11:06:31,733] multiqc                                            [DEBUG  ]  File ignored by nanostat because it exceeded search pattern filesize limit: 138607_HJWT7DSX3-1_R2p_fastqc.html
[2022-08-05 11:06:31,733] multiqc                                            [DEBUG  ]  File ignored by lima/summary because it exceeded search pattern filesize limit: 138607_HJWT7DSX3-1_R2p_fastqc.html
[2022-08-05 11:06:31,830] multiqc                                            [DEBUG  ]  File ignored by vep/vep_txt because it exceeded search pattern filesize limit: 138607_HJWT7DSX3-1_R2p_fastqc.html
[2022-08-05 11:06:31,830] multiqc                                            [DEBUG  ]  File ignored by longranger/invocation because it exceeded search pattern filesize limit: 138607_HJWT7DSX3-1_R2p_fastqc.html
[2022-08-05 11:06:31,830] multiqc                                            [DEBUG  ]  File ignored by rockhopper because it exceeded search pattern filesize limit: 138607_HJWT7DSX3-1_R2p_fastqc.html
[2022-08-05 11:06:31,830] multiqc                                            [DEBUG  ]  File ignored by rseqc/bam_stat because it exceeded search pattern filesize limit: 138607_HJWT7DSX3-1_R2p_fastqc.html
[2022-08-05 11:06:31,830] multiqc                                            [DEBUG  ]  File ignored by rseqc/junction_annotation because it exceeded search pattern filesize limit: 138607_HJWT7DSX3-1_R2p_fastqc.html
[2022-08-05 11:06:31,830] multiqc                                            [DEBUG  ]  File ignored by rseqc/read_distribution because it exceeded search pattern filesize limit: 138607_HJWT7DSX3-1_R2p_fastqc.html
[2022-08-05 11:06:31,830] multiqc                                            [DEBUG  ]  File ignored by rseqc/infer_experiment because it exceeded search pattern filesize limit: 138607_HJWT7DSX3-1_R2p_fastqc.html
[2022-08-05 11:06:32,087] multiqc                                            [DEBUG  ]  Ignoring file as matched an ignore pattern: 138607_HJWT7DSX3-1_R2p.fastq.gz
[2022-08-05 11:06:32,090] multiqc                                            [DEBUG  ]  Ignoring file as matched an ignore pattern: 138607_QCreads.md5
[2022-08-05 11:06:32,776] multiqc.plots.bargraph                             [DEBUG  ]  Using matplotlib version 3.3.4
[2022-08-05 11:06:32,780] multiqc.plots.linegraph                            [DEBUG  ]  Using matplotlib version 3.3.4
[2022-08-05 11:06:33,594] multiqc                                            [DEBUG  ]  No samples found: custom_content
[2022-08-05 11:06:33,599] multiqc                                            [DEBUG  ]  No samples found: ccs
[2022-08-05 11:06:33,605] multiqc                                            [DEBUG  ]  No samples found: ngsderive
[2022-08-05 11:06:33,609] multiqc                                            [DEBUG  ]  No samples found: purple
[2022-08-05 11:06:33,613] multiqc                                            [DEBUG  ]  No samples found: conpair
[2022-08-05 11:06:33,619] multiqc                                            [DEBUG  ]  No samples found: lima
[2022-08-05 11:06:33,624] multiqc                                            [DEBUG  ]  No samples found: peddy
[2022-08-05 11:06:33,630] multiqc                                            [DEBUG  ]  No samples found: somalier
[2022-08-05 11:06:33,634] multiqc                                            [DEBUG  ]  No samples found: methylQA
[2022-08-05 11:06:33,645] multiqc.modules.mosdepth.mosdepth                  [DEBUG  ]  include_contigs: []
[2022-08-05 11:06:33,645] multiqc.modules.mosdepth.mosdepth                  [DEBUG  ]  exclude_contigs: []
[2022-08-05 11:06:33,645] multiqc                                            [DEBUG  ]  No samples found: mosdepth
[2022-08-05 11:06:33,650] multiqc                                            [DEBUG  ]  No samples found: phantompeakqualtools
[2022-08-05 11:06:33,653] multiqc                                            [DEBUG  ]  No samples found: qualimap
[2022-08-05 11:06:33,659] multiqc                                            [DEBUG  ]  No samples found: preseq
[2022-08-05 11:06:33,664] multiqc                                            [DEBUG  ]  No samples found: quast
[2022-08-05 11:06:33,669] multiqc                                            [DEBUG  ]  No samples found: qorts
[2022-08-05 11:06:33,674] multiqc                                            [DEBUG  ]  No samples found: rna_seqc
[2022-08-05 11:06:33,678] multiqc                                            [DEBUG  ]  No samples found: rockhopper
[2022-08-05 11:06:33,683] multiqc                                            [DEBUG  ]  No samples found: rsem
[2022-08-05 11:06:33,699] multiqc                                            [DEBUG  ]  No samples found: rseqc
[2022-08-05 11:06:33,703] multiqc                                            [DEBUG  ]  No samples found: busco
[2022-08-05 11:06:33,707] multiqc                                            [DEBUG  ]  No samples found: bustools
[2022-08-05 11:06:33,712] multiqc                                            [DEBUG  ]  No samples found: goleft_indexcov
[2022-08-05 11:06:33,717] multiqc                                            [DEBUG  ]  No samples found: gffcompare
[2022-08-05 11:06:33,721] multiqc                                            [DEBUG  ]  No samples found: disambiguate
[2022-08-05 11:06:33,726] multiqc                                            [DEBUG  ]  No samples found: supernova
[2022-08-05 11:06:33,743] multiqc                                            [DEBUG  ]  No samples found: deeptools
[2022-08-05 11:06:33,747] multiqc                                            [DEBUG  ]  No samples found: sargasso
[2022-08-05 11:06:33,751] multiqc                                            [DEBUG  ]  No samples found: verifybamid
[2022-08-05 11:06:33,757] multiqc                                            [DEBUG  ]  No samples found: mirtrace
[2022-08-05 11:06:33,761] multiqc                                            [DEBUG  ]  No samples found: happy
[2022-08-05 11:06:33,765] multiqc                                            [DEBUG  ]  No samples found: mirtop
[2022-08-05 11:06:33,770] multiqc                                            [DEBUG  ]  No samples found: sambamba
[2022-08-05 11:06:33,946] multiqc                                            [DEBUG  ]  No samples found: homer
[2022-08-05 11:06:33,950] multiqc                                            [DEBUG  ]  No samples found: hops
[2022-08-05 11:06:33,954] multiqc                                            [DEBUG  ]  No samples found: macs2
[2022-08-05 11:06:33,958] multiqc                                            [DEBUG  ]  No samples found: theta2
[2022-08-05 11:06:33,963] multiqc                                            [DEBUG  ]  No samples found: snpeff
[2022-08-05 11:06:33,970] multiqc                                            [DEBUG  ]  No samples found: gatk
[2022-08-05 11:06:33,974] multiqc                                            [DEBUG  ]  No samples found: htseq
[2022-08-05 11:06:34,210] multiqc                                            [DEBUG  ]  No samples found: bcftools
[2022-08-05 11:06:34,214] multiqc                                            [DEBUG  ]  No samples found: featureCounts
[2022-08-05 11:06:34,221] multiqc                                            [DEBUG  ]  No samples found: fgbio
[2022-08-05 11:06:34,236] multiqc                                            [DEBUG  ]  No samples found: dragen
[2022-08-05 11:06:34,240] multiqc                                            [DEBUG  ]  No samples found: dedup
[2022-08-05 11:06:34,245] multiqc                                            [DEBUG  ]  No samples found: damageprofiler
[2022-08-05 11:06:34,279] multiqc                                            [DEBUG  ]  No samples found: biobambam2
[2022-08-05 11:06:34,284] multiqc                                            [DEBUG  ]  No samples found: jcvi
[2022-08-05 11:06:34,288] multiqc                                            [DEBUG  ]  No samples found: mtnucratio
[2022-08-05 11:06:34,290] multiqc                                            [DEBUG  ]  No samples found: picard
[2022-08-05 11:06:34,295] multiqc                                            [DEBUG  ]  No samples found: vep
[2022-08-05 11:06:34,303] multiqc                                            [DEBUG  ]  No samples found: sentieon
[2022-08-05 11:06:34,307] multiqc                                            [DEBUG  ]  No samples found: prokka
[2022-08-05 11:06:34,314] multiqc                                            [DEBUG  ]  No samples found: qc3C
[2022-08-05 11:06:34,319] multiqc                                            [DEBUG  ]  No samples found: nanostat
[2022-08-05 11:06:34,323] multiqc                                            [DEBUG  ]  No samples found: samblaster
[2022-08-05 11:06:34,332] multiqc                                            [DEBUG  ]  No samples found: samtools
[2022-08-05 11:06:34,336] multiqc                                            [DEBUG  ]  No samples found: sexdeterrmine
[2022-08-05 11:06:34,340] multiqc                                            [DEBUG  ]  No samples found: eigenstratdatabasetools
[2022-08-05 11:06:34,345] multiqc                                            [DEBUG  ]  No samples found: bamtools
[2022-08-05 11:06:34,349] multiqc                                            [DEBUG  ]  No samples found: jellyfish
[2022-08-05 11:06:34,356] multiqc                                            [DEBUG  ]  No samples found: vcftools
[2022-08-05 11:06:34,361] multiqc                                            [DEBUG  ]  No samples found: longranger
[2022-08-05 11:06:34,366] multiqc                                            [DEBUG  ]  No samples found: stacks
[2022-08-05 11:06:34,601] multiqc                                            [DEBUG  ]  No samples found: varscan2
[2022-08-05 11:06:34,605] multiqc                                            [DEBUG  ]  No samples found: snippy
[2022-08-05 11:06:34,621] multiqc                                            [DEBUG  ]  No samples found: bbmap
[2022-08-05 11:06:34,627] multiqc                                            [DEBUG  ]  No samples found: bismark
[2022-08-05 11:06:34,635] multiqc                                            [DEBUG  ]  No samples found: biscuit
[2022-08-05 11:06:34,640] multiqc                                            [DEBUG  ]  No samples found: hicexplorer
[2022-08-05 11:06:34,644] multiqc                                            [DEBUG  ]  No samples found: hicup
[2022-08-05 11:06:34,649] multiqc                                            [DEBUG  ]  No samples found: hicpro
[2022-08-05 11:06:34,653] multiqc                                            [DEBUG  ]  No samples found: salmon
[2022-08-05 11:06:34,657] multiqc                                            [DEBUG  ]  No samples found: kallisto
[2022-08-05 11:06:34,894] multiqc                                            [DEBUG  ]  No samples found: slamdunk
[2022-08-05 11:06:34,898] multiqc                                            [DEBUG  ]  No samples found: star
[2022-08-05 11:06:34,904] multiqc                                            [DEBUG  ]  No samples found: hisat2
[2022-08-05 11:06:34,908] multiqc                                            [DEBUG  ]  No samples found: tophat
[2022-08-05 11:06:34,913] multiqc                                            [DEBUG  ]  No samples found: bowtie2
[2022-08-05 11:06:34,917] multiqc                                            [DEBUG  ]  No samples found: bowtie1
[2022-08-05 11:06:34,921] multiqc                                            [DEBUG  ]  No samples found: snpsplit
[2022-08-05 11:06:34,926] multiqc                                            [DEBUG  ]  No samples found: odgi
[2022-08-05 11:06:34,931] multiqc                                            [DEBUG  ]  No samples found: pangolin
[2022-08-05 11:06:34,934] multiqc                                            [DEBUG  ]  No samples found: kat
[2022-08-05 11:06:34,938] multiqc                                            [DEBUG  ]  No samples found: leehom
[2022-08-05 11:06:34,943] multiqc                                            [DEBUG  ]  No samples found: adapterRemoval
[2022-08-05 11:06:34,947] multiqc                                            [DEBUG  ]  No samples found: clipandmerge
[2022-08-05 11:06:34,952] multiqc                                            [DEBUG  ]  No samples found: cutadapt
[2022-08-05 11:06:34,956] multiqc                                            [DEBUG  ]  No samples found: flexbar
[2022-08-05 11:06:34,960] multiqc                                            [DEBUG  ]  No samples found: kaiju
[2022-08-05 11:06:34,967] multiqc                                            [DEBUG  ]  No samples found: kraken
[2022-08-05 11:06:34,971] multiqc                                            [DEBUG  ]  No samples found: malt
[2022-08-05 11:06:35,110] multiqc                                            [DEBUG  ]  No samples found: trimmomatic
[2022-08-05 11:06:35,115] multiqc                                            [DEBUG  ]  No samples found: sickle
[2022-08-05 11:06:35,119] multiqc                                            [DEBUG  ]  No samples found: skewer
[2022-08-05 11:06:35,123] multiqc                                            [DEBUG  ]  No samples found: sortmerna
[2022-08-05 11:06:35,127] multiqc                                            [DEBUG  ]  No samples found: biobloomtools
[2022-08-05 11:06:35,132] multiqc                                            [DEBUG  ]  No samples found: fastq_screen
[2022-08-05 11:06:35,136] multiqc                                            [DEBUG  ]  No samples found: afterqc
[2022-08-05 11:06:35,372] multiqc                                            [DEBUG  ]  No samples found: fastp
[2022-08-05 11:06:36,764] multiqc.modules.fastqc.fastqc                      [INFO   ]  Found 4 reports
[2022-08-05 11:06:36,813] multiqc                                            [DEBUG  ]  No samples found: pychopper
[2022-08-05 11:06:36,817] multiqc                                            [DEBUG  ]  No samples found: pycoqc
[2022-08-05 11:06:36,822] multiqc                                            [DEBUG  ]  No samples found: minionqc
[2022-08-05 11:06:36,826] multiqc                                            [DEBUG  ]  No samples found: multivcfanalyzer
[2022-08-05 11:06:36,831] multiqc                                            [DEBUG  ]  No samples found: clusterflow
[2022-08-05 11:06:36,837] multiqc                                            [DEBUG  ]  No samples found: bcl2fastq
[2022-08-05 11:06:36,844] multiqc                                            [DEBUG  ]  No samples found: bclconvert
[2022-08-05 11:06:36,849] multiqc                                            [DEBUG  ]  No samples found: interop
[2022-08-05 11:06:36,854] multiqc                                            [DEBUG  ]  No samples found: ivar
[2022-08-05 11:06:36,858] multiqc                                            [DEBUG  ]  No samples found: flash
[2022-08-05 11:06:36,863] multiqc                                            [DEBUG  ]  No samples found: seqyclean
[2022-08-05 11:06:36,867] multiqc                                            [DEBUG  ]  No samples found: optitype
[2022-08-05 11:06:36,871] multiqc                                            [INFO   ]  Compressing plot data
[2022-08-05 11:06:38,488] multiqc                                            [INFO   ]  Report      : 138607_MGSD_CSIRO.qc.stats/multiqc_report.html
[2022-08-05 11:06:38,489] multiqc                                            [INFO   ]  Data        : 138607_MGSD_CSIRO.qc.stats/multiqc_data
[2022-08-05 11:06:38,489] multiqc                                            [DEBUG  ]  Moving data file from '/tmp/smi9a9.8585200/tmpcaydxput/multiqc_data' to '138607_MGSD_CSIRO.qc.stats/multiqc_data'
[2022-08-05 11:06:39,712] multiqc                                            [INFO   ]  MultiQC complete
