[2022-08-05 11:03:38,971] multiqc                                            [DEBUG  ]  This is MultiQC v1.11
[2022-08-05 11:03:38,971] multiqc                                            [DEBUG  ]  No MultiQC config found: /apps/multiqc/1.11/lib/python3.9/site-packages/multiqc_config.yaml
[2022-08-05 11:03:38,971] multiqc                                            [DEBUG  ]  No MultiQC config found: /home/smi9a9/.multiqc_config.yaml
[2022-08-05 11:03:38,975] multiqc                                            [DEBUG  ]  No MultiQC config found: multiqc_config.yaml
[2022-08-05 11:03:38,976] multiqc                                            [DEBUG  ]  Command used: /apps/multiqc/1.11/bin/multiqc ./12564_combined_merged_fastqc.html ./12564_combined_merged_fastqc.zip ./12564_combined_merged.fastq.gz ./12564_combined_R1p_fastqc.html ./12564_combined_R1p_fastqc.zip ./12564_combined_R1p.fastq.gz ./12564_combined_R1R2u_fastqc.html ./12564_combined_R1R2u_fastqc.zip ./12564_combined_R1R2u.fastq.gz ./12564_combined_R2p_fastqc.html ./12564_combined_R2p_fastqc.zip ./12564_combined_R2p.fastq.gz ./12564_QCreads.md5 -o 12564_MGSD_CSIRO.qc.stats
[2022-08-05 11:03:38,978] multiqc                                            [DEBUG  ]  Could not connect to multiqc.info for version check: <urlopen error [Errno 111] Connection refused>
[2022-08-05 11:03:38,978] multiqc                                            [DEBUG  ]  Command     : /apps/multiqc/1.11/bin/multiqc ./12564_combined_merged_fastqc.html ./12564_combined_merged_fastqc.zip ./12564_combined_merged.fastq.gz ./12564_combined_R1p_fastqc.html ./12564_combined_R1p_fastqc.zip ./12564_combined_R1p.fastq.gz ./12564_combined_R1R2u_fastqc.html ./12564_combined_R1R2u_fastqc.zip ./12564_combined_R1R2u.fastq.gz ./12564_combined_R2p_fastqc.html ./12564_combined_R2p_fastqc.zip ./12564_combined_R2p.fastq.gz ./12564_QCreads.md5 -o 12564_MGSD_CSIRO.qc.stats
[2022-08-05 11:03:38,978] multiqc                                            [DEBUG  ]  Working dir : /datasets/work/oa-amd/work/amd/Metagenome_QC_reads
[2022-08-05 11:03:38,978] multiqc                                            [DEBUG  ]  Template    : default
[2022-08-05 11:03:38,978] multiqc                                            [DEBUG  ]  Running Python 3.9.4 (default, Apr 25 2021, 16:13:27)  [GCC 10.3.0]
[2022-08-05 11:03:38,978] multiqc                                            [DEBUG  ]  Analysing modules: custom_content, ccs, ngsderive, purple, conpair, lima, peddy, somalier, methylQA, mosdepth, phantompeakqualtools, qualimap, preseq, quast, qorts, rna_seqc, rockhopper, rsem, rseqc, busco, bustools, goleft_indexcov, gffcompare, disambiguate, supernova, deeptools, sargasso, verifybamid, mirtrace, happy, mirtop, sambamba, homer, hops, macs2, theta2, snpeff, gatk, htseq, bcftools, featureCounts, fgbio, dragen, dedup, damageprofiler, biobambam2, jcvi, mtnucratio, picard, vep, sentieon, prokka, qc3C, nanostat, samblaster, samtools, sexdeterrmine, eigenstratdatabasetools, bamtools, jellyfish, vcftools, longranger, stacks, varscan2, snippy, bbmap, bismark, biscuit, hicexplorer, hicup, hicpro, salmon, kallisto, slamdunk, star, hisat2, tophat, bowtie2, bowtie1, snpsplit, odgi, pangolin, kat, leehom, adapterRemoval, clipandmerge, cutadapt, flexbar, kaiju, kraken, malt, trimmomatic, sickle, skewer, sortmerna, biobloomtools, fastq_screen, afterqc, fastp, fastqc, pychopper, pycoqc, minionqc, multivcfanalyzer, clusterflow, bcl2fastq, bclconvert, interop, ivar, flash, seqyclean, optitype
[2022-08-05 11:03:38,978] multiqc                                            [DEBUG  ]  Using temporary directory for creating report: /tmp/smi9a9.8585107/tmp0nbhenhl
[2022-08-05 11:03:39,038] multiqc                                            [INFO   ]  Search path : /datasets/work/oa-amd/work/amd/Metagenome_QC_reads/12564_combined_merged_fastqc.html
[2022-08-05 11:03:39,038] multiqc                                            [INFO   ]  Search path : /datasets/work/oa-amd/work/amd/Metagenome_QC_reads/12564_combined_merged_fastqc.zip
[2022-08-05 11:03:39,038] multiqc                                            [INFO   ]  Search path : /datasets/work/oa-amd/work/amd/Metagenome_QC_reads/12564_combined_merged.fastq.gz
[2022-08-05 11:03:39,038] multiqc                                            [INFO   ]  Search path : /datasets/work/oa-amd/work/amd/Metagenome_QC_reads/12564_combined_R1p_fastqc.html
[2022-08-05 11:03:39,038] multiqc                                            [INFO   ]  Search path : /datasets/work/oa-amd/work/amd/Metagenome_QC_reads/12564_combined_R1p_fastqc.zip
[2022-08-05 11:03:39,039] multiqc                                            [INFO   ]  Search path : /datasets/work/oa-amd/work/amd/Metagenome_QC_reads/12564_combined_R1p.fastq.gz
[2022-08-05 11:03:39,039] multiqc                                            [INFO   ]  Search path : /datasets/work/oa-amd/work/amd/Metagenome_QC_reads/12564_combined_R1R2u_fastqc.html
[2022-08-05 11:03:39,039] multiqc                                            [INFO   ]  Search path : /datasets/work/oa-amd/work/amd/Metagenome_QC_reads/12564_combined_R1R2u_fastqc.zip
[2022-08-05 11:03:39,039] multiqc                                            [INFO   ]  Search path : /datasets/work/oa-amd/work/amd/Metagenome_QC_reads/12564_combined_R1R2u.fastq.gz
[2022-08-05 11:03:39,039] multiqc                                            [INFO   ]  Search path : /datasets/work/oa-amd/work/amd/Metagenome_QC_reads/12564_combined_R2p_fastqc.html
[2022-08-05 11:03:39,039] multiqc                                            [INFO   ]  Search path : /datasets/work/oa-amd/work/amd/Metagenome_QC_reads/12564_combined_R2p_fastqc.zip
[2022-08-05 11:03:39,039] multiqc                                            [INFO   ]  Search path : /datasets/work/oa-amd/work/amd/Metagenome_QC_reads/12564_combined_R2p.fastq.gz
[2022-08-05 11:03:39,039] multiqc                                            [INFO   ]  Search path : /datasets/work/oa-amd/work/amd/Metagenome_QC_reads/12564_QCreads.md5
[2022-08-05 11:03:39,371] multiqc                                            [DEBUG  ]  File ignored by ccs/v4 because it exceeded search pattern filesize limit: 12564_combined_merged_fastqc.html
[2022-08-05 11:03:40,734] multiqc                                            [DEBUG  ]  File ignored by hicexplorer because it exceeded search pattern filesize limit: 12564_combined_merged_fastqc.html
[2022-08-05 11:03:40,735] multiqc                                            [DEBUG  ]  File ignored by nanostat because it exceeded search pattern filesize limit: 12564_combined_merged_fastqc.html
[2022-08-05 11:03:40,735] multiqc                                            [DEBUG  ]  File ignored by lima/summary because it exceeded search pattern filesize limit: 12564_combined_merged_fastqc.html
[2022-08-05 11:03:41,097] multiqc                                            [DEBUG  ]  File ignored by vep/vep_txt because it exceeded search pattern filesize limit: 12564_combined_merged_fastqc.html
[2022-08-05 11:03:41,097] multiqc                                            [DEBUG  ]  File ignored by longranger/invocation because it exceeded search pattern filesize limit: 12564_combined_merged_fastqc.html
[2022-08-05 11:03:41,097] multiqc                                            [DEBUG  ]  File ignored by rockhopper because it exceeded search pattern filesize limit: 12564_combined_merged_fastqc.html
[2022-08-05 11:03:41,097] multiqc                                            [DEBUG  ]  File ignored by rseqc/bam_stat because it exceeded search pattern filesize limit: 12564_combined_merged_fastqc.html
[2022-08-05 11:03:41,097] multiqc                                            [DEBUG  ]  File ignored by rseqc/junction_annotation because it exceeded search pattern filesize limit: 12564_combined_merged_fastqc.html
[2022-08-05 11:03:41,097] multiqc                                            [DEBUG  ]  File ignored by rseqc/read_distribution because it exceeded search pattern filesize limit: 12564_combined_merged_fastqc.html
[2022-08-05 11:03:41,098] multiqc                                            [DEBUG  ]  File ignored by rseqc/infer_experiment because it exceeded search pattern filesize limit: 12564_combined_merged_fastqc.html
[2022-08-05 11:03:41,259] multiqc                                            [DEBUG  ]  Ignoring file as matched an ignore pattern: 12564_combined_merged.fastq.gz
[2022-08-05 11:03:41,357] multiqc                                            [DEBUG  ]  File ignored by ccs/v4 because it exceeded search pattern filesize limit: 12564_combined_R1p_fastqc.html
[2022-08-05 11:03:41,449] multiqc                                            [DEBUG  ]  File ignored by hicexplorer because it exceeded search pattern filesize limit: 12564_combined_R1p_fastqc.html
[2022-08-05 11:03:41,450] multiqc                                            [DEBUG  ]  File ignored by nanostat because it exceeded search pattern filesize limit: 12564_combined_R1p_fastqc.html
[2022-08-05 11:03:41,450] multiqc                                            [DEBUG  ]  File ignored by lima/summary because it exceeded search pattern filesize limit: 12564_combined_R1p_fastqc.html
[2022-08-05 11:03:41,601] multiqc                                            [DEBUG  ]  File ignored by vep/vep_txt because it exceeded search pattern filesize limit: 12564_combined_R1p_fastqc.html
[2022-08-05 11:03:41,601] multiqc                                            [DEBUG  ]  File ignored by longranger/invocation because it exceeded search pattern filesize limit: 12564_combined_R1p_fastqc.html
[2022-08-05 11:03:41,601] multiqc                                            [DEBUG  ]  File ignored by rockhopper because it exceeded search pattern filesize limit: 12564_combined_R1p_fastqc.html
[2022-08-05 11:03:41,601] multiqc                                            [DEBUG  ]  File ignored by rseqc/bam_stat because it exceeded search pattern filesize limit: 12564_combined_R1p_fastqc.html
[2022-08-05 11:03:41,601] multiqc                                            [DEBUG  ]  File ignored by rseqc/junction_annotation because it exceeded search pattern filesize limit: 12564_combined_R1p_fastqc.html
[2022-08-05 11:03:41,601] multiqc                                            [DEBUG  ]  File ignored by rseqc/read_distribution because it exceeded search pattern filesize limit: 12564_combined_R1p_fastqc.html
[2022-08-05 11:03:41,601] multiqc                                            [DEBUG  ]  File ignored by rseqc/infer_experiment because it exceeded search pattern filesize limit: 12564_combined_R1p_fastqc.html
[2022-08-05 11:03:41,695] multiqc                                            [DEBUG  ]  Ignoring file as matched an ignore pattern: 12564_combined_R1p.fastq.gz
[2022-08-05 11:03:41,830] multiqc                                            [DEBUG  ]  File ignored by ccs/v4 because it exceeded search pattern filesize limit: 12564_combined_R1R2u_fastqc.html
[2022-08-05 11:03:41,879] multiqc                                            [DEBUG  ]  File ignored by hicexplorer because it exceeded search pattern filesize limit: 12564_combined_R1R2u_fastqc.html
[2022-08-05 11:03:41,880] multiqc                                            [DEBUG  ]  File ignored by nanostat because it exceeded search pattern filesize limit: 12564_combined_R1R2u_fastqc.html
[2022-08-05 11:03:41,880] multiqc                                            [DEBUG  ]  File ignored by lima/summary because it exceeded search pattern filesize limit: 12564_combined_R1R2u_fastqc.html
[2022-08-05 11:03:41,903] multiqc                                            [DEBUG  ]  File ignored by vep/vep_txt because it exceeded search pattern filesize limit: 12564_combined_R1R2u_fastqc.html
[2022-08-05 11:03:41,903] multiqc                                            [DEBUG  ]  File ignored by longranger/invocation because it exceeded search pattern filesize limit: 12564_combined_R1R2u_fastqc.html
[2022-08-05 11:03:41,903] multiqc                                            [DEBUG  ]  File ignored by rockhopper because it exceeded search pattern filesize limit: 12564_combined_R1R2u_fastqc.html
[2022-08-05 11:03:41,903] multiqc                                            [DEBUG  ]  File ignored by rseqc/bam_stat because it exceeded search pattern filesize limit: 12564_combined_R1R2u_fastqc.html
[2022-08-05 11:03:41,903] multiqc                                            [DEBUG  ]  File ignored by rseqc/junction_annotation because it exceeded search pattern filesize limit: 12564_combined_R1R2u_fastqc.html
[2022-08-05 11:03:41,903] multiqc                                            [DEBUG  ]  File ignored by rseqc/read_distribution because it exceeded search pattern filesize limit: 12564_combined_R1R2u_fastqc.html
[2022-08-05 11:03:41,903] multiqc                                            [DEBUG  ]  File ignored by rseqc/infer_experiment because it exceeded search pattern filesize limit: 12564_combined_R1R2u_fastqc.html
[2022-08-05 11:03:42,335] multiqc                                            [DEBUG  ]  Ignoring file as matched an ignore pattern: 12564_combined_R1R2u.fastq.gz
[2022-08-05 11:03:42,393] multiqc                                            [DEBUG  ]  File ignored by ccs/v4 because it exceeded search pattern filesize limit: 12564_combined_R2p_fastqc.html
[2022-08-05 11:03:42,428] multiqc                                            [DEBUG  ]  File ignored by hicexplorer because it exceeded search pattern filesize limit: 12564_combined_R2p_fastqc.html
[2022-08-05 11:03:42,429] multiqc                                            [DEBUG  ]  File ignored by nanostat because it exceeded search pattern filesize limit: 12564_combined_R2p_fastqc.html
[2022-08-05 11:03:42,429] multiqc                                            [DEBUG  ]  File ignored by lima/summary because it exceeded search pattern filesize limit: 12564_combined_R2p_fastqc.html
[2022-08-05 11:03:42,490] multiqc                                            [DEBUG  ]  File ignored by vep/vep_txt because it exceeded search pattern filesize limit: 12564_combined_R2p_fastqc.html
[2022-08-05 11:03:42,490] multiqc                                            [DEBUG  ]  File ignored by longranger/invocation because it exceeded search pattern filesize limit: 12564_combined_R2p_fastqc.html
[2022-08-05 11:03:42,490] multiqc                                            [DEBUG  ]  File ignored by rockhopper because it exceeded search pattern filesize limit: 12564_combined_R2p_fastqc.html
[2022-08-05 11:03:42,490] multiqc                                            [DEBUG  ]  File ignored by rseqc/bam_stat because it exceeded search pattern filesize limit: 12564_combined_R2p_fastqc.html
[2022-08-05 11:03:42,490] multiqc                                            [DEBUG  ]  File ignored by rseqc/junction_annotation because it exceeded search pattern filesize limit: 12564_combined_R2p_fastqc.html
[2022-08-05 11:03:42,490] multiqc                                            [DEBUG  ]  File ignored by rseqc/read_distribution because it exceeded search pattern filesize limit: 12564_combined_R2p_fastqc.html
[2022-08-05 11:03:42,490] multiqc                                            [DEBUG  ]  File ignored by rseqc/infer_experiment because it exceeded search pattern filesize limit: 12564_combined_R2p_fastqc.html
[2022-08-05 11:03:43,611] multiqc                                            [DEBUG  ]  Ignoring file as matched an ignore pattern: 12564_combined_R2p.fastq.gz
[2022-08-05 11:03:43,612] multiqc                                            [DEBUG  ]  Ignoring file as matched an ignore pattern: 12564_QCreads.md5
[2022-08-05 11:03:47,315] multiqc.plots.bargraph                             [DEBUG  ]  Using matplotlib version 3.3.4
[2022-08-05 11:03:47,321] multiqc.plots.linegraph                            [DEBUG  ]  Using matplotlib version 3.3.4
[2022-08-05 11:03:47,796] multiqc                                            [DEBUG  ]  No samples found: custom_content
[2022-08-05 11:03:47,817] multiqc                                            [DEBUG  ]  No samples found: ccs
[2022-08-05 11:03:47,836] multiqc                                            [DEBUG  ]  No samples found: ngsderive
[2022-08-05 11:03:47,847] multiqc                                            [DEBUG  ]  No samples found: purple
[2022-08-05 11:03:47,856] multiqc                                            [DEBUG  ]  No samples found: conpair
[2022-08-05 11:03:47,866] multiqc                                            [DEBUG  ]  No samples found: lima
[2022-08-05 11:03:47,876] multiqc                                            [DEBUG  ]  No samples found: peddy
[2022-08-05 11:03:47,887] multiqc                                            [DEBUG  ]  No samples found: somalier
[2022-08-05 11:03:47,896] multiqc                                            [DEBUG  ]  No samples found: methylQA
[2022-08-05 11:03:48,382] multiqc.modules.mosdepth.mosdepth                  [DEBUG  ]  include_contigs: []
[2022-08-05 11:03:48,382] multiqc.modules.mosdepth.mosdepth                  [DEBUG  ]  exclude_contigs: []
[2022-08-05 11:03:48,382] multiqc                                            [DEBUG  ]  No samples found: mosdepth
[2022-08-05 11:03:48,389] multiqc                                            [DEBUG  ]  No samples found: phantompeakqualtools
[2022-08-05 11:03:48,623] multiqc                                            [DEBUG  ]  No samples found: qualimap
[2022-08-05 11:03:48,632] multiqc                                            [DEBUG  ]  No samples found: preseq
[2022-08-05 11:03:48,642] multiqc                                            [DEBUG  ]  No samples found: quast
[2022-08-05 11:03:48,651] multiqc                                            [DEBUG  ]  No samples found: qorts
[2022-08-05 11:03:48,659] multiqc                                            [DEBUG  ]  No samples found: rna_seqc
[2022-08-05 11:03:48,669] multiqc                                            [DEBUG  ]  No samples found: rockhopper
[2022-08-05 11:03:48,677] multiqc                                            [DEBUG  ]  No samples found: rsem
[2022-08-05 11:03:48,938] multiqc                                            [DEBUG  ]  No samples found: rseqc
[2022-08-05 11:03:48,942] multiqc                                            [DEBUG  ]  No samples found: busco
[2022-08-05 11:03:48,946] multiqc                                            [DEBUG  ]  No samples found: bustools
[2022-08-05 11:03:48,950] multiqc                                            [DEBUG  ]  No samples found: goleft_indexcov
[2022-08-05 11:03:48,977] multiqc                                            [DEBUG  ]  No samples found: gffcompare
[2022-08-05 11:03:48,984] multiqc                                            [DEBUG  ]  No samples found: disambiguate
[2022-08-05 11:03:48,995] multiqc                                            [DEBUG  ]  No samples found: supernova
[2022-08-05 11:03:49,021] multiqc                                            [DEBUG  ]  No samples found: deeptools
[2022-08-05 11:03:49,028] multiqc                                            [DEBUG  ]  No samples found: sargasso
[2022-08-05 11:03:49,035] multiqc                                            [DEBUG  ]  No samples found: verifybamid
[2022-08-05 11:03:49,043] multiqc                                            [DEBUG  ]  No samples found: mirtrace
[2022-08-05 11:03:49,051] multiqc                                            [DEBUG  ]  No samples found: happy
[2022-08-05 11:03:49,058] multiqc                                            [DEBUG  ]  No samples found: mirtop
[2022-08-05 11:03:49,066] multiqc                                            [DEBUG  ]  No samples found: sambamba
[2022-08-05 11:03:49,307] multiqc                                            [DEBUG  ]  No samples found: homer
[2022-08-05 11:03:49,313] multiqc                                            [DEBUG  ]  No samples found: hops
[2022-08-05 11:03:49,552] multiqc                                            [DEBUG  ]  No samples found: macs2
[2022-08-05 11:03:49,788] multiqc                                            [DEBUG  ]  No samples found: theta2
[2022-08-05 11:03:50,027] multiqc                                            [DEBUG  ]  No samples found: snpeff
[2022-08-05 11:03:50,039] multiqc                                            [DEBUG  ]  No samples found: gatk
[2022-08-05 11:03:50,322] multiqc                                            [DEBUG  ]  No samples found: htseq
[2022-08-05 11:03:50,332] multiqc                                            [DEBUG  ]  No samples found: bcftools
[2022-08-05 11:03:50,569] multiqc                                            [DEBUG  ]  No samples found: featureCounts
[2022-08-05 11:03:51,040] multiqc                                            [DEBUG  ]  No samples found: fgbio
[2022-08-05 11:03:51,835] multiqc                                            [DEBUG  ]  No samples found: dragen
[2022-08-05 11:03:51,839] multiqc                                            [DEBUG  ]  No samples found: dedup
[2022-08-05 11:03:52,073] multiqc                                            [DEBUG  ]  No samples found: damageprofiler
[2022-08-05 11:03:52,339] multiqc                                            [DEBUG  ]  No samples found: biobambam2
[2022-08-05 11:03:52,345] multiqc                                            [DEBUG  ]  No samples found: jcvi
[2022-08-05 11:03:52,351] multiqc                                            [DEBUG  ]  No samples found: mtnucratio
[2022-08-05 11:03:52,353] multiqc                                            [DEBUG  ]  No samples found: picard
[2022-08-05 11:03:52,361] multiqc                                            [DEBUG  ]  No samples found: vep
[2022-08-05 11:03:52,374] multiqc                                            [DEBUG  ]  No samples found: sentieon
[2022-08-05 11:03:52,380] multiqc                                            [DEBUG  ]  No samples found: prokka
[2022-08-05 11:03:52,644] multiqc                                            [DEBUG  ]  No samples found: qc3C
[2022-08-05 11:03:52,652] multiqc                                            [DEBUG  ]  No samples found: nanostat
[2022-08-05 11:03:52,662] multiqc                                            [DEBUG  ]  No samples found: samblaster
[2022-08-05 11:03:52,962] multiqc                                            [DEBUG  ]  No samples found: samtools
[2022-08-05 11:03:53,242] multiqc                                            [DEBUG  ]  No samples found: sexdeterrmine
[2022-08-05 11:03:53,250] multiqc                                            [DEBUG  ]  No samples found: eigenstratdatabasetools
[2022-08-05 11:03:53,261] multiqc                                            [DEBUG  ]  No samples found: bamtools
[2022-08-05 11:03:53,268] multiqc                                            [DEBUG  ]  No samples found: jellyfish
[2022-08-05 11:03:53,282] multiqc                                            [DEBUG  ]  No samples found: vcftools
[2022-08-05 11:03:53,519] multiqc                                            [DEBUG  ]  No samples found: longranger
[2022-08-05 11:03:53,528] multiqc                                            [DEBUG  ]  No samples found: stacks
[2022-08-05 11:03:53,536] multiqc                                            [DEBUG  ]  No samples found: varscan2
[2022-08-05 11:03:53,545] multiqc                                            [DEBUG  ]  No samples found: snippy
[2022-08-05 11:03:53,812] multiqc                                            [DEBUG  ]  No samples found: bbmap
[2022-08-05 11:03:53,824] multiqc                                            [DEBUG  ]  No samples found: bismark
[2022-08-05 11:03:53,836] multiqc                                            [DEBUG  ]  No samples found: biscuit
[2022-08-05 11:03:54,075] multiqc                                            [DEBUG  ]  No samples found: hicexplorer
[2022-08-05 11:03:54,312] multiqc                                            [DEBUG  ]  No samples found: hicup
[2022-08-05 11:03:54,317] multiqc                                            [DEBUG  ]  No samples found: hicpro
[2022-08-05 11:03:54,321] multiqc                                            [DEBUG  ]  No samples found: salmon
[2022-08-05 11:03:54,325] multiqc                                            [DEBUG  ]  No samples found: kallisto
[2022-08-05 11:03:54,332] multiqc                                            [DEBUG  ]  No samples found: slamdunk
[2022-08-05 11:03:54,336] multiqc                                            [DEBUG  ]  No samples found: star
[2022-08-05 11:03:54,341] multiqc                                            [DEBUG  ]  No samples found: hisat2
[2022-08-05 11:03:54,346] multiqc                                            [DEBUG  ]  No samples found: tophat
[2022-08-05 11:03:54,352] multiqc                                            [DEBUG  ]  No samples found: bowtie2
[2022-08-05 11:03:54,359] multiqc                                            [DEBUG  ]  No samples found: bowtie1
[2022-08-05 11:03:54,367] multiqc                                            [DEBUG  ]  No samples found: snpsplit
[2022-08-05 11:03:54,605] multiqc                                            [DEBUG  ]  No samples found: odgi
[2022-08-05 11:03:55,303] multiqc                                            [DEBUG  ]  No samples found: pangolin
[2022-08-05 11:03:55,310] multiqc                                            [DEBUG  ]  No samples found: kat
[2022-08-05 11:03:55,546] multiqc                                            [DEBUG  ]  No samples found: leehom
[2022-08-05 11:03:55,554] multiqc                                            [DEBUG  ]  No samples found: adapterRemoval
[2022-08-05 11:03:55,560] multiqc                                            [DEBUG  ]  No samples found: clipandmerge
[2022-08-05 11:03:55,567] multiqc                                            [DEBUG  ]  No samples found: cutadapt
[2022-08-05 11:03:55,804] multiqc                                            [DEBUG  ]  No samples found: flexbar
[2022-08-05 11:03:55,812] multiqc                                            [DEBUG  ]  No samples found: kaiju
[2022-08-05 11:03:55,820] multiqc                                            [DEBUG  ]  No samples found: kraken
[2022-08-05 11:03:55,827] multiqc                                            [DEBUG  ]  No samples found: malt
[2022-08-05 11:03:55,835] multiqc                                            [DEBUG  ]  No samples found: trimmomatic
[2022-08-05 11:03:55,842] multiqc                                            [DEBUG  ]  No samples found: sickle
[2022-08-05 11:03:56,126] multiqc                                            [DEBUG  ]  No samples found: skewer
[2022-08-05 11:03:56,134] multiqc                                            [DEBUG  ]  No samples found: sortmerna
[2022-08-05 11:03:56,141] multiqc                                            [DEBUG  ]  No samples found: biobloomtools
[2022-08-05 11:03:56,148] multiqc                                            [DEBUG  ]  No samples found: fastq_screen
[2022-08-05 11:03:56,386] multiqc                                            [DEBUG  ]  No samples found: afterqc
[2022-08-05 11:03:56,395] multiqc                                            [DEBUG  ]  No samples found: fastp
[2022-08-05 11:03:56,869] multiqc.modules.fastqc.fastqc                      [INFO   ]  Found 4 reports
[2022-08-05 11:03:56,919] multiqc                                            [DEBUG  ]  No samples found: pychopper
[2022-08-05 11:03:57,156] multiqc                                            [DEBUG  ]  No samples found: pycoqc
[2022-08-05 11:03:57,164] multiqc                                            [DEBUG  ]  No samples found: minionqc
[2022-08-05 11:03:57,401] multiqc                                            [DEBUG  ]  No samples found: multivcfanalyzer
[2022-08-05 11:03:57,409] multiqc                                            [DEBUG  ]  No samples found: clusterflow
[2022-08-05 11:03:57,417] multiqc                                            [DEBUG  ]  No samples found: bcl2fastq
[2022-08-05 11:03:57,426] multiqc                                            [DEBUG  ]  No samples found: bclconvert
[2022-08-05 11:03:57,434] multiqc                                            [DEBUG  ]  No samples found: interop
[2022-08-05 11:03:57,441] multiqc                                            [DEBUG  ]  No samples found: ivar
[2022-08-05 11:03:57,448] multiqc                                            [DEBUG  ]  No samples found: flash
[2022-08-05 11:03:57,456] multiqc                                            [DEBUG  ]  No samples found: seqyclean
[2022-08-05 11:03:57,462] multiqc                                            [DEBUG  ]  No samples found: optitype
[2022-08-05 11:03:57,466] multiqc                                            [INFO   ]  Compressing plot data
[2022-08-05 11:03:58,180] multiqc                                            [INFO   ]  Report      : 12564_MGSD_CSIRO.qc.stats/multiqc_report.html
[2022-08-05 11:03:58,180] multiqc                                            [INFO   ]  Data        : 12564_MGSD_CSIRO.qc.stats/multiqc_data
[2022-08-05 11:03:58,180] multiqc                                            [DEBUG  ]  Moving data file from '/tmp/smi9a9.8585107/tmp0nbhenhl/multiqc_data' to '12564_MGSD_CSIRO.qc.stats/multiqc_data'
[2022-08-05 11:03:59,268] multiqc                                            [INFO   ]  MultiQC complete
