[2022-08-05 11:10:35,606] multiqc                                            [DEBUG  ]  This is MultiQC v1.11
[2022-08-05 11:10:35,606] multiqc                                            [DEBUG  ]  No MultiQC config found: /apps/multiqc/1.11/lib/python3.9/site-packages/multiqc_config.yaml
[2022-08-05 11:10:35,606] multiqc                                            [DEBUG  ]  No MultiQC config found: /home/smi9a9/.multiqc_config.yaml
[2022-08-05 11:10:35,635] multiqc                                            [DEBUG  ]  No MultiQC config found: multiqc_config.yaml
[2022-08-05 11:10:35,635] multiqc                                            [DEBUG  ]  Command used: /apps/multiqc/1.11/bin/multiqc ./138534_HG7NLDSX2-4_merged_fastqc.html ./138534_HG7NLDSX2-4_merged_fastqc.zip ./138534_HG7NLDSX2-4_merged.fastq.gz ./138534_HG7NLDSX2-4_R1p_fastqc.html ./138534_HG7NLDSX2-4_R1p_fastqc.zip ./138534_HG7NLDSX2-4_R1p.fastq.gz ./138534_HG7NLDSX2-4_R1R2u_fastqc.html ./138534_HG7NLDSX2-4_R1R2u_fastqc.zip ./138534_HG7NLDSX2-4_R1R2u.fastq.gz ./138534_HG7NLDSX2-4_R2p_fastqc.html ./138534_HG7NLDSX2-4_R2p_fastqc.zip ./138534_HG7NLDSX2-4_R2p.fastq.gz ./138534_QCreads.md5 -o 138534_MGSD_CSIRO.qc.stats
[2022-08-05 11:10:35,637] multiqc                                            [DEBUG  ]  Could not connect to multiqc.info for version check: <urlopen error [Errno 111] Connection refused>
[2022-08-05 11:10:35,637] multiqc                                            [DEBUG  ]  Command     : /apps/multiqc/1.11/bin/multiqc ./138534_HG7NLDSX2-4_merged_fastqc.html ./138534_HG7NLDSX2-4_merged_fastqc.zip ./138534_HG7NLDSX2-4_merged.fastq.gz ./138534_HG7NLDSX2-4_R1p_fastqc.html ./138534_HG7NLDSX2-4_R1p_fastqc.zip ./138534_HG7NLDSX2-4_R1p.fastq.gz ./138534_HG7NLDSX2-4_R1R2u_fastqc.html ./138534_HG7NLDSX2-4_R1R2u_fastqc.zip ./138534_HG7NLDSX2-4_R1R2u.fastq.gz ./138534_HG7NLDSX2-4_R2p_fastqc.html ./138534_HG7NLDSX2-4_R2p_fastqc.zip ./138534_HG7NLDSX2-4_R2p.fastq.gz ./138534_QCreads.md5 -o 138534_MGSD_CSIRO.qc.stats
[2022-08-05 11:10:35,638] multiqc                                            [DEBUG  ]  Working dir : /datasets/work/oa-amd/work/amd/Metagenome_QC_reads
[2022-08-05 11:10:35,638] multiqc                                            [DEBUG  ]  Template    : default
[2022-08-05 11:10:35,638] multiqc                                            [DEBUG  ]  Running Python 3.9.4 (default, Apr 25 2021, 16:13:27)  [GCC 10.3.0]
[2022-08-05 11:10:35,638] multiqc                                            [DEBUG  ]  Analysing modules: custom_content, ccs, ngsderive, purple, conpair, lima, peddy, somalier, methylQA, mosdepth, phantompeakqualtools, qualimap, preseq, quast, qorts, rna_seqc, rockhopper, rsem, rseqc, busco, bustools, goleft_indexcov, gffcompare, disambiguate, supernova, deeptools, sargasso, verifybamid, mirtrace, happy, mirtop, sambamba, homer, hops, macs2, theta2, snpeff, gatk, htseq, bcftools, featureCounts, fgbio, dragen, dedup, damageprofiler, biobambam2, jcvi, mtnucratio, picard, vep, sentieon, prokka, qc3C, nanostat, samblaster, samtools, sexdeterrmine, eigenstratdatabasetools, bamtools, jellyfish, vcftools, longranger, stacks, varscan2, snippy, bbmap, bismark, biscuit, hicexplorer, hicup, hicpro, salmon, kallisto, slamdunk, star, hisat2, tophat, bowtie2, bowtie1, snpsplit, odgi, pangolin, kat, leehom, adapterRemoval, clipandmerge, cutadapt, flexbar, kaiju, kraken, malt, trimmomatic, sickle, skewer, sortmerna, biobloomtools, fastq_screen, afterqc, fastp, fastqc, pychopper, pycoqc, minionqc, multivcfanalyzer, clusterflow, bcl2fastq, bclconvert, interop, ivar, flash, seqyclean, optitype
[2022-08-05 11:10:35,638] multiqc                                            [DEBUG  ]  Using temporary directory for creating report: /tmp/smi9a9.8585963/tmp45um__pj
[2022-08-05 11:10:36,405] multiqc                                            [INFO   ]  Search path : /datasets/work/oa-amd/work/amd/Metagenome_QC_reads/138534_HG7NLDSX2-4_merged_fastqc.html
[2022-08-05 11:10:36,405] multiqc                                            [INFO   ]  Search path : /datasets/work/oa-amd/work/amd/Metagenome_QC_reads/138534_HG7NLDSX2-4_merged_fastqc.zip
[2022-08-05 11:10:36,405] multiqc                                            [INFO   ]  Search path : /datasets/work/oa-amd/work/amd/Metagenome_QC_reads/138534_HG7NLDSX2-4_merged.fastq.gz
[2022-08-05 11:10:36,406] multiqc                                            [INFO   ]  Search path : /datasets/work/oa-amd/work/amd/Metagenome_QC_reads/138534_HG7NLDSX2-4_R1p_fastqc.html
[2022-08-05 11:10:36,406] multiqc                                            [INFO   ]  Search path : /datasets/work/oa-amd/work/amd/Metagenome_QC_reads/138534_HG7NLDSX2-4_R1p_fastqc.zip
[2022-08-05 11:10:36,406] multiqc                                            [INFO   ]  Search path : /datasets/work/oa-amd/work/amd/Metagenome_QC_reads/138534_HG7NLDSX2-4_R1p.fastq.gz
[2022-08-05 11:10:36,406] multiqc                                            [INFO   ]  Search path : /datasets/work/oa-amd/work/amd/Metagenome_QC_reads/138534_HG7NLDSX2-4_R1R2u_fastqc.html
[2022-08-05 11:10:36,406] multiqc                                            [INFO   ]  Search path : /datasets/work/oa-amd/work/amd/Metagenome_QC_reads/138534_HG7NLDSX2-4_R1R2u_fastqc.zip
[2022-08-05 11:10:36,406] multiqc                                            [INFO   ]  Search path : /datasets/work/oa-amd/work/amd/Metagenome_QC_reads/138534_HG7NLDSX2-4_R1R2u.fastq.gz
[2022-08-05 11:10:36,406] multiqc                                            [INFO   ]  Search path : /datasets/work/oa-amd/work/amd/Metagenome_QC_reads/138534_HG7NLDSX2-4_R2p_fastqc.html
[2022-08-05 11:10:36,406] multiqc                                            [INFO   ]  Search path : /datasets/work/oa-amd/work/amd/Metagenome_QC_reads/138534_HG7NLDSX2-4_R2p_fastqc.zip
[2022-08-05 11:10:36,406] multiqc                                            [INFO   ]  Search path : /datasets/work/oa-amd/work/amd/Metagenome_QC_reads/138534_HG7NLDSX2-4_R2p.fastq.gz
[2022-08-05 11:10:36,406] multiqc                                            [INFO   ]  Search path : /datasets/work/oa-amd/work/amd/Metagenome_QC_reads/138534_QCreads.md5
[2022-08-05 11:10:36,565] multiqc                                            [DEBUG  ]  File ignored by ccs/v4 because it exceeded search pattern filesize limit: 138534_HG7NLDSX2-4_merged_fastqc.html
[2022-08-05 11:10:36,574] multiqc                                            [DEBUG  ]  File ignored by hicexplorer because it exceeded search pattern filesize limit: 138534_HG7NLDSX2-4_merged_fastqc.html
[2022-08-05 11:10:36,575] multiqc                                            [DEBUG  ]  File ignored by nanostat because it exceeded search pattern filesize limit: 138534_HG7NLDSX2-4_merged_fastqc.html
[2022-08-05 11:10:36,575] multiqc                                            [DEBUG  ]  File ignored by lima/summary because it exceeded search pattern filesize limit: 138534_HG7NLDSX2-4_merged_fastqc.html
[2022-08-05 11:10:36,590] multiqc                                            [DEBUG  ]  File ignored by vep/vep_txt because it exceeded search pattern filesize limit: 138534_HG7NLDSX2-4_merged_fastqc.html
[2022-08-05 11:10:36,590] multiqc                                            [DEBUG  ]  File ignored by longranger/invocation because it exceeded search pattern filesize limit: 138534_HG7NLDSX2-4_merged_fastqc.html
[2022-08-05 11:10:36,590] multiqc                                            [DEBUG  ]  File ignored by rockhopper because it exceeded search pattern filesize limit: 138534_HG7NLDSX2-4_merged_fastqc.html
[2022-08-05 11:10:36,590] multiqc                                            [DEBUG  ]  File ignored by rseqc/bam_stat because it exceeded search pattern filesize limit: 138534_HG7NLDSX2-4_merged_fastqc.html
[2022-08-05 11:10:36,590] multiqc                                            [DEBUG  ]  File ignored by rseqc/junction_annotation because it exceeded search pattern filesize limit: 138534_HG7NLDSX2-4_merged_fastqc.html
[2022-08-05 11:10:36,590] multiqc                                            [DEBUG  ]  File ignored by rseqc/read_distribution because it exceeded search pattern filesize limit: 138534_HG7NLDSX2-4_merged_fastqc.html
[2022-08-05 11:10:36,590] multiqc                                            [DEBUG  ]  File ignored by rseqc/infer_experiment because it exceeded search pattern filesize limit: 138534_HG7NLDSX2-4_merged_fastqc.html
[2022-08-05 11:10:36,905] multiqc                                            [DEBUG  ]  Ignoring file as matched an ignore pattern: 138534_HG7NLDSX2-4_merged.fastq.gz
[2022-08-05 11:10:37,009] multiqc                                            [DEBUG  ]  File ignored by ccs/v4 because it exceeded search pattern filesize limit: 138534_HG7NLDSX2-4_R1p_fastqc.html
[2022-08-05 11:10:37,014] multiqc                                            [DEBUG  ]  File ignored by hicexplorer because it exceeded search pattern filesize limit: 138534_HG7NLDSX2-4_R1p_fastqc.html
[2022-08-05 11:10:37,014] multiqc                                            [DEBUG  ]  File ignored by nanostat because it exceeded search pattern filesize limit: 138534_HG7NLDSX2-4_R1p_fastqc.html
[2022-08-05 11:10:37,014] multiqc                                            [DEBUG  ]  File ignored by lima/summary because it exceeded search pattern filesize limit: 138534_HG7NLDSX2-4_R1p_fastqc.html
[2022-08-05 11:10:37,027] multiqc                                            [DEBUG  ]  File ignored by vep/vep_txt because it exceeded search pattern filesize limit: 138534_HG7NLDSX2-4_R1p_fastqc.html
[2022-08-05 11:10:37,027] multiqc                                            [DEBUG  ]  File ignored by longranger/invocation because it exceeded search pattern filesize limit: 138534_HG7NLDSX2-4_R1p_fastqc.html
[2022-08-05 11:10:37,027] multiqc                                            [DEBUG  ]  File ignored by rockhopper because it exceeded search pattern filesize limit: 138534_HG7NLDSX2-4_R1p_fastqc.html
[2022-08-05 11:10:37,027] multiqc                                            [DEBUG  ]  File ignored by rseqc/bam_stat because it exceeded search pattern filesize limit: 138534_HG7NLDSX2-4_R1p_fastqc.html
[2022-08-05 11:10:37,027] multiqc                                            [DEBUG  ]  File ignored by rseqc/junction_annotation because it exceeded search pattern filesize limit: 138534_HG7NLDSX2-4_R1p_fastqc.html
[2022-08-05 11:10:37,027] multiqc                                            [DEBUG  ]  File ignored by rseqc/read_distribution because it exceeded search pattern filesize limit: 138534_HG7NLDSX2-4_R1p_fastqc.html
[2022-08-05 11:10:37,027] multiqc                                            [DEBUG  ]  File ignored by rseqc/infer_experiment because it exceeded search pattern filesize limit: 138534_HG7NLDSX2-4_R1p_fastqc.html
[2022-08-05 11:10:37,090] multiqc                                            [DEBUG  ]  Ignoring file as matched an ignore pattern: 138534_HG7NLDSX2-4_R1p.fastq.gz
[2022-08-05 11:10:37,147] multiqc                                            [DEBUG  ]  File ignored by ccs/v4 because it exceeded search pattern filesize limit: 138534_HG7NLDSX2-4_R1R2u_fastqc.html
[2022-08-05 11:10:37,151] multiqc                                            [DEBUG  ]  File ignored by hicexplorer because it exceeded search pattern filesize limit: 138534_HG7NLDSX2-4_R1R2u_fastqc.html
[2022-08-05 11:10:37,151] multiqc                                            [DEBUG  ]  File ignored by nanostat because it exceeded search pattern filesize limit: 138534_HG7NLDSX2-4_R1R2u_fastqc.html
[2022-08-05 11:10:37,151] multiqc                                            [DEBUG  ]  File ignored by lima/summary because it exceeded search pattern filesize limit: 138534_HG7NLDSX2-4_R1R2u_fastqc.html
[2022-08-05 11:10:37,158] multiqc                                            [DEBUG  ]  File ignored by vep/vep_txt because it exceeded search pattern filesize limit: 138534_HG7NLDSX2-4_R1R2u_fastqc.html
[2022-08-05 11:10:37,158] multiqc                                            [DEBUG  ]  File ignored by longranger/invocation because it exceeded search pattern filesize limit: 138534_HG7NLDSX2-4_R1R2u_fastqc.html
[2022-08-05 11:10:37,158] multiqc                                            [DEBUG  ]  File ignored by rockhopper because it exceeded search pattern filesize limit: 138534_HG7NLDSX2-4_R1R2u_fastqc.html
[2022-08-05 11:10:37,158] multiqc                                            [DEBUG  ]  File ignored by rseqc/bam_stat because it exceeded search pattern filesize limit: 138534_HG7NLDSX2-4_R1R2u_fastqc.html
[2022-08-05 11:10:37,158] multiqc                                            [DEBUG  ]  File ignored by rseqc/junction_annotation because it exceeded search pattern filesize limit: 138534_HG7NLDSX2-4_R1R2u_fastqc.html
[2022-08-05 11:10:37,158] multiqc                                            [DEBUG  ]  File ignored by rseqc/read_distribution because it exceeded search pattern filesize limit: 138534_HG7NLDSX2-4_R1R2u_fastqc.html
[2022-08-05 11:10:37,158] multiqc                                            [DEBUG  ]  File ignored by rseqc/infer_experiment because it exceeded search pattern filesize limit: 138534_HG7NLDSX2-4_R1R2u_fastqc.html
[2022-08-05 11:10:37,459] multiqc                                            [DEBUG  ]  Ignoring file as matched an ignore pattern: 138534_HG7NLDSX2-4_R1R2u.fastq.gz
[2022-08-05 11:10:37,495] multiqc                                            [DEBUG  ]  File ignored by ccs/v4 because it exceeded search pattern filesize limit: 138534_HG7NLDSX2-4_R2p_fastqc.html
[2022-08-05 11:10:37,507] multiqc                                            [DEBUG  ]  File ignored by hicexplorer because it exceeded search pattern filesize limit: 138534_HG7NLDSX2-4_R2p_fastqc.html
[2022-08-05 11:10:37,508] multiqc                                            [DEBUG  ]  File ignored by nanostat because it exceeded search pattern filesize limit: 138534_HG7NLDSX2-4_R2p_fastqc.html
[2022-08-05 11:10:37,508] multiqc                                            [DEBUG  ]  File ignored by lima/summary because it exceeded search pattern filesize limit: 138534_HG7NLDSX2-4_R2p_fastqc.html
[2022-08-05 11:10:37,524] multiqc                                            [DEBUG  ]  File ignored by vep/vep_txt because it exceeded search pattern filesize limit: 138534_HG7NLDSX2-4_R2p_fastqc.html
[2022-08-05 11:10:37,524] multiqc                                            [DEBUG  ]  File ignored by longranger/invocation because it exceeded search pattern filesize limit: 138534_HG7NLDSX2-4_R2p_fastqc.html
[2022-08-05 11:10:37,524] multiqc                                            [DEBUG  ]  File ignored by rockhopper because it exceeded search pattern filesize limit: 138534_HG7NLDSX2-4_R2p_fastqc.html
[2022-08-05 11:10:37,524] multiqc                                            [DEBUG  ]  File ignored by rseqc/bam_stat because it exceeded search pattern filesize limit: 138534_HG7NLDSX2-4_R2p_fastqc.html
[2022-08-05 11:10:37,524] multiqc                                            [DEBUG  ]  File ignored by rseqc/junction_annotation because it exceeded search pattern filesize limit: 138534_HG7NLDSX2-4_R2p_fastqc.html
[2022-08-05 11:10:37,524] multiqc                                            [DEBUG  ]  File ignored by rseqc/read_distribution because it exceeded search pattern filesize limit: 138534_HG7NLDSX2-4_R2p_fastqc.html
[2022-08-05 11:10:37,524] multiqc                                            [DEBUG  ]  File ignored by rseqc/infer_experiment because it exceeded search pattern filesize limit: 138534_HG7NLDSX2-4_R2p_fastqc.html
[2022-08-05 11:10:37,601] multiqc                                            [DEBUG  ]  Ignoring file as matched an ignore pattern: 138534_HG7NLDSX2-4_R2p.fastq.gz
[2022-08-05 11:10:37,601] multiqc                                            [DEBUG  ]  Ignoring file as matched an ignore pattern: 138534_QCreads.md5
[2022-08-05 11:10:38,669] multiqc.plots.bargraph                             [DEBUG  ]  Using matplotlib version 3.3.4
[2022-08-05 11:10:38,673] multiqc.plots.linegraph                            [DEBUG  ]  Using matplotlib version 3.3.4
[2022-08-05 11:10:38,676] multiqc                                            [DEBUG  ]  No samples found: custom_content
[2022-08-05 11:10:38,684] multiqc                                            [DEBUG  ]  No samples found: ccs
[2022-08-05 11:10:38,690] multiqc                                            [DEBUG  ]  No samples found: ngsderive
[2022-08-05 11:10:38,695] multiqc                                            [DEBUG  ]  No samples found: purple
[2022-08-05 11:10:38,699] multiqc                                            [DEBUG  ]  No samples found: conpair
[2022-08-05 11:10:38,706] multiqc                                            [DEBUG  ]  No samples found: lima
[2022-08-05 11:10:38,711] multiqc                                            [DEBUG  ]  No samples found: peddy
[2022-08-05 11:10:38,719] multiqc                                            [DEBUG  ]  No samples found: somalier
[2022-08-05 11:10:38,726] multiqc                                            [DEBUG  ]  No samples found: methylQA
[2022-08-05 11:10:38,747] multiqc.modules.mosdepth.mosdepth                  [DEBUG  ]  include_contigs: []
[2022-08-05 11:10:38,747] multiqc.modules.mosdepth.mosdepth                  [DEBUG  ]  exclude_contigs: []
[2022-08-05 11:10:38,747] multiqc                                            [DEBUG  ]  No samples found: mosdepth
[2022-08-05 11:10:38,757] multiqc                                            [DEBUG  ]  No samples found: phantompeakqualtools
[2022-08-05 11:10:38,768] multiqc                                            [DEBUG  ]  No samples found: qualimap
[2022-08-05 11:10:38,774] multiqc                                            [DEBUG  ]  No samples found: preseq
[2022-08-05 11:10:38,780] multiqc                                            [DEBUG  ]  No samples found: quast
[2022-08-05 11:10:38,785] multiqc                                            [DEBUG  ]  No samples found: qorts
[2022-08-05 11:10:38,791] multiqc                                            [DEBUG  ]  No samples found: rna_seqc
[2022-08-05 11:10:38,796] multiqc                                            [DEBUG  ]  No samples found: rockhopper
[2022-08-05 11:10:38,802] multiqc                                            [DEBUG  ]  No samples found: rsem
[2022-08-05 11:10:38,822] multiqc                                            [DEBUG  ]  No samples found: rseqc
[2022-08-05 11:10:38,826] multiqc                                            [DEBUG  ]  No samples found: busco
[2022-08-05 11:10:38,833] multiqc                                            [DEBUG  ]  No samples found: bustools
[2022-08-05 11:10:38,838] multiqc                                            [DEBUG  ]  No samples found: goleft_indexcov
[2022-08-05 11:10:38,843] multiqc                                            [DEBUG  ]  No samples found: gffcompare
[2022-08-05 11:10:38,849] multiqc                                            [DEBUG  ]  No samples found: disambiguate
[2022-08-05 11:10:39,086] multiqc                                            [DEBUG  ]  No samples found: supernova
[2022-08-05 11:10:39,112] multiqc                                            [DEBUG  ]  No samples found: deeptools
[2022-08-05 11:10:39,117] multiqc                                            [DEBUG  ]  No samples found: sargasso
[2022-08-05 11:10:39,123] multiqc                                            [DEBUG  ]  No samples found: verifybamid
[2022-08-05 11:10:39,129] multiqc                                            [DEBUG  ]  No samples found: mirtrace
[2022-08-05 11:10:39,134] multiqc                                            [DEBUG  ]  No samples found: happy
[2022-08-05 11:10:39,140] multiqc                                            [DEBUG  ]  No samples found: mirtop
[2022-08-05 11:10:39,146] multiqc                                            [DEBUG  ]  No samples found: sambamba
[2022-08-05 11:10:39,154] multiqc                                            [DEBUG  ]  No samples found: homer
[2022-08-05 11:10:39,159] multiqc                                            [DEBUG  ]  No samples found: hops
[2022-08-05 11:10:39,164] multiqc                                            [DEBUG  ]  No samples found: macs2
[2022-08-05 11:10:39,168] multiqc                                            [DEBUG  ]  No samples found: theta2
[2022-08-05 11:10:39,174] multiqc                                            [DEBUG  ]  No samples found: snpeff
[2022-08-05 11:10:39,183] multiqc                                            [DEBUG  ]  No samples found: gatk
[2022-08-05 11:10:39,188] multiqc                                            [DEBUG  ]  No samples found: htseq
[2022-08-05 11:10:39,195] multiqc                                            [DEBUG  ]  No samples found: bcftools
[2022-08-05 11:10:39,201] multiqc                                            [DEBUG  ]  No samples found: featureCounts
[2022-08-05 11:10:39,209] multiqc                                            [DEBUG  ]  No samples found: fgbio
[2022-08-05 11:10:39,563] multiqc                                            [DEBUG  ]  No samples found: dragen
[2022-08-05 11:10:39,802] multiqc                                            [DEBUG  ]  No samples found: dedup
[2022-08-05 11:10:39,812] multiqc                                            [DEBUG  ]  No samples found: damageprofiler
[2022-08-05 11:10:39,872] multiqc                                            [DEBUG  ]  No samples found: biobambam2
[2022-08-05 11:10:39,878] multiqc                                            [DEBUG  ]  No samples found: jcvi
[2022-08-05 11:10:39,884] multiqc                                            [DEBUG  ]  No samples found: mtnucratio
[2022-08-05 11:10:39,886] multiqc                                            [DEBUG  ]  No samples found: picard
[2022-08-05 11:10:39,892] multiqc                                            [DEBUG  ]  No samples found: vep
[2022-08-05 11:10:39,901] multiqc                                            [DEBUG  ]  No samples found: sentieon
[2022-08-05 11:10:39,906] multiqc                                            [DEBUG  ]  No samples found: prokka
[2022-08-05 11:10:39,913] multiqc                                            [DEBUG  ]  No samples found: qc3C
[2022-08-05 11:10:39,918] multiqc                                            [DEBUG  ]  No samples found: nanostat
[2022-08-05 11:10:39,923] multiqc                                            [DEBUG  ]  No samples found: samblaster
[2022-08-05 11:10:39,933] multiqc                                            [DEBUG  ]  No samples found: samtools
[2022-08-05 11:10:39,938] multiqc                                            [DEBUG  ]  No samples found: sexdeterrmine
[2022-08-05 11:10:40,173] multiqc                                            [DEBUG  ]  No samples found: eigenstratdatabasetools
[2022-08-05 11:10:40,184] multiqc                                            [DEBUG  ]  No samples found: bamtools
[2022-08-05 11:10:40,189] multiqc                                            [DEBUG  ]  No samples found: jellyfish
[2022-08-05 11:10:40,197] multiqc                                            [DEBUG  ]  No samples found: vcftools
[2022-08-05 11:10:40,203] multiqc                                            [DEBUG  ]  No samples found: longranger
[2022-08-05 11:10:40,208] multiqc                                            [DEBUG  ]  No samples found: stacks
[2022-08-05 11:10:40,213] multiqc                                            [DEBUG  ]  No samples found: varscan2
[2022-08-05 11:10:40,218] multiqc                                            [DEBUG  ]  No samples found: snippy
[2022-08-05 11:10:40,468] multiqc                                            [DEBUG  ]  No samples found: bbmap
[2022-08-05 11:10:40,476] multiqc                                            [DEBUG  ]  No samples found: bismark
[2022-08-05 11:10:40,485] multiqc                                            [DEBUG  ]  No samples found: biscuit
[2022-08-05 11:10:40,489] multiqc                                            [DEBUG  ]  No samples found: hicexplorer
[2022-08-05 11:10:40,495] multiqc                                            [DEBUG  ]  No samples found: hicup
[2022-08-05 11:10:40,500] multiqc                                            [DEBUG  ]  No samples found: hicpro
[2022-08-05 11:10:40,505] multiqc                                            [DEBUG  ]  No samples found: salmon
[2022-08-05 11:10:40,509] multiqc                                            [DEBUG  ]  No samples found: kallisto
[2022-08-05 11:10:40,516] multiqc                                            [DEBUG  ]  No samples found: slamdunk
[2022-08-05 11:10:40,521] multiqc                                            [DEBUG  ]  No samples found: star
[2022-08-05 11:10:40,526] multiqc                                            [DEBUG  ]  No samples found: hisat2
[2022-08-05 11:10:40,530] multiqc                                            [DEBUG  ]  No samples found: tophat
[2022-08-05 11:10:40,535] multiqc                                            [DEBUG  ]  No samples found: bowtie2
[2022-08-05 11:10:40,540] multiqc                                            [DEBUG  ]  No samples found: bowtie1
[2022-08-05 11:10:40,544] multiqc                                            [DEBUG  ]  No samples found: snpsplit
[2022-08-05 11:10:40,549] multiqc                                            [DEBUG  ]  No samples found: odgi
[2022-08-05 11:10:40,554] multiqc                                            [DEBUG  ]  No samples found: pangolin
[2022-08-05 11:10:40,789] multiqc                                            [DEBUG  ]  No samples found: kat
[2022-08-05 11:10:40,793] multiqc                                            [DEBUG  ]  No samples found: leehom
[2022-08-05 11:10:40,798] multiqc                                            [DEBUG  ]  No samples found: adapterRemoval
[2022-08-05 11:10:40,802] multiqc                                            [DEBUG  ]  No samples found: clipandmerge
[2022-08-05 11:10:40,808] multiqc                                            [DEBUG  ]  No samples found: cutadapt
[2022-08-05 11:10:40,812] multiqc                                            [DEBUG  ]  No samples found: flexbar
[2022-08-05 11:10:40,817] multiqc                                            [DEBUG  ]  No samples found: kaiju
[2022-08-05 11:10:40,823] multiqc                                            [DEBUG  ]  No samples found: kraken
[2022-08-05 11:10:40,827] multiqc                                            [DEBUG  ]  No samples found: malt
[2022-08-05 11:10:40,832] multiqc                                            [DEBUG  ]  No samples found: trimmomatic
[2022-08-05 11:10:40,836] multiqc                                            [DEBUG  ]  No samples found: sickle
[2022-08-05 11:10:40,840] multiqc                                            [DEBUG  ]  No samples found: skewer
[2022-08-05 11:10:40,844] multiqc                                            [DEBUG  ]  No samples found: sortmerna
[2022-08-05 11:10:40,849] multiqc                                            [DEBUG  ]  No samples found: biobloomtools
[2022-08-05 11:10:41,085] multiqc                                            [DEBUG  ]  No samples found: fastq_screen
[2022-08-05 11:10:41,090] multiqc                                            [DEBUG  ]  No samples found: afterqc
[2022-08-05 11:10:41,096] multiqc                                            [DEBUG  ]  No samples found: fastp
[2022-08-05 11:10:41,695] multiqc.modules.fastqc.fastqc                      [INFO   ]  Found 4 reports
[2022-08-05 11:10:41,746] multiqc                                            [DEBUG  ]  No samples found: pychopper
[2022-08-05 11:10:41,752] multiqc                                            [DEBUG  ]  No samples found: pycoqc
[2022-08-05 11:10:41,757] multiqc                                            [DEBUG  ]  No samples found: minionqc
[2022-08-05 11:10:41,762] multiqc                                            [DEBUG  ]  No samples found: multivcfanalyzer
[2022-08-05 11:10:41,768] multiqc                                            [DEBUG  ]  No samples found: clusterflow
[2022-08-05 11:10:41,774] multiqc                                            [DEBUG  ]  No samples found: bcl2fastq
[2022-08-05 11:10:41,781] multiqc                                            [DEBUG  ]  No samples found: bclconvert
[2022-08-05 11:10:41,787] multiqc                                            [DEBUG  ]  No samples found: interop
[2022-08-05 11:10:41,791] multiqc                                            [DEBUG  ]  No samples found: ivar
[2022-08-05 11:10:41,796] multiqc                                            [DEBUG  ]  No samples found: flash
[2022-08-05 11:10:41,801] multiqc                                            [DEBUG  ]  No samples found: seqyclean
[2022-08-05 11:10:41,805] multiqc                                            [DEBUG  ]  No samples found: optitype
[2022-08-05 11:10:41,810] multiqc                                            [INFO   ]  Compressing plot data
[2022-08-05 11:10:41,911] multiqc                                            [INFO   ]  Report      : 138534_MGSD_CSIRO.qc.stats/multiqc_report.html
[2022-08-05 11:10:41,911] multiqc                                            [INFO   ]  Data        : 138534_MGSD_CSIRO.qc.stats/multiqc_data
[2022-08-05 11:10:41,911] multiqc                                            [DEBUG  ]  Moving data file from '/tmp/smi9a9.8585963/tmp45um__pj/multiqc_data' to '138534_MGSD_CSIRO.qc.stats/multiqc_data'
[2022-08-05 11:10:42,516] multiqc                                            [INFO   ]  MultiQC complete
