[2022-08-05 11:11:34,657] multiqc                                            [DEBUG  ]  This is MultiQC v1.11
[2022-08-05 11:11:34,657] multiqc                                            [DEBUG  ]  No MultiQC config found: /apps/multiqc/1.11/lib/python3.9/site-packages/multiqc_config.yaml
[2022-08-05 11:11:34,657] multiqc                                            [DEBUG  ]  No MultiQC config found: /home/smi9a9/.multiqc_config.yaml
[2022-08-05 11:11:48,705] multiqc                                            [DEBUG  ]  No MultiQC config found: multiqc_config.yaml
[2022-08-05 11:11:48,705] multiqc                                            [DEBUG  ]  Command used: /apps/multiqc/1.11/bin/multiqc ./401575_HL7J5DSX3-1_merged_fastqc.html ./401575_HL7J5DSX3-1_merged_fastqc.zip ./401575_HL7J5DSX3-1_merged.fastq.gz ./401575_HL7J5DSX3-1_R1p_fastqc.html ./401575_HL7J5DSX3-1_R1p_fastqc.zip ./401575_HL7J5DSX3-1_R1p.fastq.gz ./401575_HL7J5DSX3-1_R1R2u_fastqc.html ./401575_HL7J5DSX3-1_R1R2u_fastqc.zip ./401575_HL7J5DSX3-1_R1R2u.fastq.gz ./401575_HL7J5DSX3-1_R2p_fastqc.html ./401575_HL7J5DSX3-1_R2p_fastqc.zip ./401575_HL7J5DSX3-1_R2p.fastq.gz ./401575_QCreads.md5 -o 401575_MGSD_CSIRO.qc.stats
[2022-08-05 11:11:48,721] multiqc                                            [DEBUG  ]  Could not connect to multiqc.info for version check: <urlopen error [Errno 111] Connection refused>
[2022-08-05 11:11:48,721] multiqc                                            [DEBUG  ]  Command     : /apps/multiqc/1.11/bin/multiqc ./401575_HL7J5DSX3-1_merged_fastqc.html ./401575_HL7J5DSX3-1_merged_fastqc.zip ./401575_HL7J5DSX3-1_merged.fastq.gz ./401575_HL7J5DSX3-1_R1p_fastqc.html ./401575_HL7J5DSX3-1_R1p_fastqc.zip ./401575_HL7J5DSX3-1_R1p.fastq.gz ./401575_HL7J5DSX3-1_R1R2u_fastqc.html ./401575_HL7J5DSX3-1_R1R2u_fastqc.zip ./401575_HL7J5DSX3-1_R1R2u.fastq.gz ./401575_HL7J5DSX3-1_R2p_fastqc.html ./401575_HL7J5DSX3-1_R2p_fastqc.zip ./401575_HL7J5DSX3-1_R2p.fastq.gz ./401575_QCreads.md5 -o 401575_MGSD_CSIRO.qc.stats
[2022-08-05 11:11:48,721] multiqc                                            [DEBUG  ]  Working dir : /datasets/work/oa-amd/work/amd/Metagenome_QC_reads
[2022-08-05 11:11:48,721] multiqc                                            [DEBUG  ]  Template    : default
[2022-08-05 11:11:48,721] multiqc                                            [DEBUG  ]  Running Python 3.9.4 (default, Apr 25 2021, 16:13:27)  [GCC 10.3.0]
[2022-08-05 11:11:48,721] multiqc                                            [DEBUG  ]  Analysing modules: custom_content, ccs, ngsderive, purple, conpair, lima, peddy, somalier, methylQA, mosdepth, phantompeakqualtools, qualimap, preseq, quast, qorts, rna_seqc, rockhopper, rsem, rseqc, busco, bustools, goleft_indexcov, gffcompare, disambiguate, supernova, deeptools, sargasso, verifybamid, mirtrace, happy, mirtop, sambamba, homer, hops, macs2, theta2, snpeff, gatk, htseq, bcftools, featureCounts, fgbio, dragen, dedup, damageprofiler, biobambam2, jcvi, mtnucratio, picard, vep, sentieon, prokka, qc3C, nanostat, samblaster, samtools, sexdeterrmine, eigenstratdatabasetools, bamtools, jellyfish, vcftools, longranger, stacks, varscan2, snippy, bbmap, bismark, biscuit, hicexplorer, hicup, hicpro, salmon, kallisto, slamdunk, star, hisat2, tophat, bowtie2, bowtie1, snpsplit, odgi, pangolin, kat, leehom, adapterRemoval, clipandmerge, cutadapt, flexbar, kaiju, kraken, malt, trimmomatic, sickle, skewer, sortmerna, biobloomtools, fastq_screen, afterqc, fastp, fastqc, pychopper, pycoqc, minionqc, multivcfanalyzer, clusterflow, bcl2fastq, bclconvert, interop, ivar, flash, seqyclean, optitype
[2022-08-05 11:11:48,721] multiqc                                            [DEBUG  ]  Using temporary directory for creating report: /tmp/smi9a9.8585430/tmpki5tnsee
[2022-08-05 11:11:48,825] multiqc                                            [INFO   ]  Search path : /datasets/work/oa-amd/work/amd/Metagenome_QC_reads/401575_HL7J5DSX3-1_merged_fastqc.html
[2022-08-05 11:11:48,825] multiqc                                            [INFO   ]  Search path : /datasets/work/oa-amd/work/amd/Metagenome_QC_reads/401575_HL7J5DSX3-1_merged_fastqc.zip
[2022-08-05 11:11:48,825] multiqc                                            [INFO   ]  Search path : /datasets/work/oa-amd/work/amd/Metagenome_QC_reads/401575_HL7J5DSX3-1_merged.fastq.gz
[2022-08-05 11:11:48,825] multiqc                                            [INFO   ]  Search path : /datasets/work/oa-amd/work/amd/Metagenome_QC_reads/401575_HL7J5DSX3-1_R1p_fastqc.html
[2022-08-05 11:11:48,825] multiqc                                            [INFO   ]  Search path : /datasets/work/oa-amd/work/amd/Metagenome_QC_reads/401575_HL7J5DSX3-1_R1p_fastqc.zip
[2022-08-05 11:11:48,825] multiqc                                            [INFO   ]  Search path : /datasets/work/oa-amd/work/amd/Metagenome_QC_reads/401575_HL7J5DSX3-1_R1p.fastq.gz
[2022-08-05 11:11:48,825] multiqc                                            [INFO   ]  Search path : /datasets/work/oa-amd/work/amd/Metagenome_QC_reads/401575_HL7J5DSX3-1_R1R2u_fastqc.html
[2022-08-05 11:11:48,825] multiqc                                            [INFO   ]  Search path : /datasets/work/oa-amd/work/amd/Metagenome_QC_reads/401575_HL7J5DSX3-1_R1R2u_fastqc.zip
[2022-08-05 11:11:48,825] multiqc                                            [INFO   ]  Search path : /datasets/work/oa-amd/work/amd/Metagenome_QC_reads/401575_HL7J5DSX3-1_R1R2u.fastq.gz
[2022-08-05 11:11:48,825] multiqc                                            [INFO   ]  Search path : /datasets/work/oa-amd/work/amd/Metagenome_QC_reads/401575_HL7J5DSX3-1_R2p_fastqc.html
[2022-08-05 11:11:48,825] multiqc                                            [INFO   ]  Search path : /datasets/work/oa-amd/work/amd/Metagenome_QC_reads/401575_HL7J5DSX3-1_R2p_fastqc.zip
[2022-08-05 11:11:48,825] multiqc                                            [INFO   ]  Search path : /datasets/work/oa-amd/work/amd/Metagenome_QC_reads/401575_HL7J5DSX3-1_R2p.fastq.gz
[2022-08-05 11:11:48,825] multiqc                                            [INFO   ]  Search path : /datasets/work/oa-amd/work/amd/Metagenome_QC_reads/401575_QCreads.md5
[2022-08-05 11:11:49,216] multiqc                                            [DEBUG  ]  File ignored by ccs/v4 because it exceeded search pattern filesize limit: 401575_HL7J5DSX3-1_merged_fastqc.html
[2022-08-05 11:11:49,302] multiqc                                            [DEBUG  ]  File ignored by hicexplorer because it exceeded search pattern filesize limit: 401575_HL7J5DSX3-1_merged_fastqc.html
[2022-08-05 11:11:49,377] multiqc                                            [DEBUG  ]  File ignored by nanostat because it exceeded search pattern filesize limit: 401575_HL7J5DSX3-1_merged_fastqc.html
[2022-08-05 11:11:49,377] multiqc                                            [DEBUG  ]  File ignored by lima/summary because it exceeded search pattern filesize limit: 401575_HL7J5DSX3-1_merged_fastqc.html
[2022-08-05 11:11:49,412] multiqc                                            [DEBUG  ]  File ignored by vep/vep_txt because it exceeded search pattern filesize limit: 401575_HL7J5DSX3-1_merged_fastqc.html
[2022-08-05 11:11:49,412] multiqc                                            [DEBUG  ]  File ignored by longranger/invocation because it exceeded search pattern filesize limit: 401575_HL7J5DSX3-1_merged_fastqc.html
[2022-08-05 11:11:49,412] multiqc                                            [DEBUG  ]  File ignored by rockhopper because it exceeded search pattern filesize limit: 401575_HL7J5DSX3-1_merged_fastqc.html
[2022-08-05 11:11:49,412] multiqc                                            [DEBUG  ]  File ignored by rseqc/bam_stat because it exceeded search pattern filesize limit: 401575_HL7J5DSX3-1_merged_fastqc.html
[2022-08-05 11:11:49,412] multiqc                                            [DEBUG  ]  File ignored by rseqc/junction_annotation because it exceeded search pattern filesize limit: 401575_HL7J5DSX3-1_merged_fastqc.html
[2022-08-05 11:11:49,412] multiqc                                            [DEBUG  ]  File ignored by rseqc/read_distribution because it exceeded search pattern filesize limit: 401575_HL7J5DSX3-1_merged_fastqc.html
[2022-08-05 11:11:49,412] multiqc                                            [DEBUG  ]  File ignored by rseqc/infer_experiment because it exceeded search pattern filesize limit: 401575_HL7J5DSX3-1_merged_fastqc.html
[2022-08-05 11:11:50,670] multiqc                                            [DEBUG  ]  Ignoring file as matched an ignore pattern: 401575_HL7J5DSX3-1_merged.fastq.gz
[2022-08-05 11:11:50,711] multiqc                                            [DEBUG  ]  File ignored by ccs/v4 because it exceeded search pattern filesize limit: 401575_HL7J5DSX3-1_R1p_fastqc.html
[2022-08-05 11:11:50,719] multiqc                                            [DEBUG  ]  File ignored by hicexplorer because it exceeded search pattern filesize limit: 401575_HL7J5DSX3-1_R1p_fastqc.html
[2022-08-05 11:11:50,719] multiqc                                            [DEBUG  ]  File ignored by nanostat because it exceeded search pattern filesize limit: 401575_HL7J5DSX3-1_R1p_fastqc.html
[2022-08-05 11:11:50,719] multiqc                                            [DEBUG  ]  File ignored by lima/summary because it exceeded search pattern filesize limit: 401575_HL7J5DSX3-1_R1p_fastqc.html
[2022-08-05 11:11:50,732] multiqc                                            [DEBUG  ]  File ignored by vep/vep_txt because it exceeded search pattern filesize limit: 401575_HL7J5DSX3-1_R1p_fastqc.html
[2022-08-05 11:11:50,733] multiqc                                            [DEBUG  ]  File ignored by longranger/invocation because it exceeded search pattern filesize limit: 401575_HL7J5DSX3-1_R1p_fastqc.html
[2022-08-05 11:11:50,733] multiqc                                            [DEBUG  ]  File ignored by rockhopper because it exceeded search pattern filesize limit: 401575_HL7J5DSX3-1_R1p_fastqc.html
[2022-08-05 11:11:50,733] multiqc                                            [DEBUG  ]  File ignored by rseqc/bam_stat because it exceeded search pattern filesize limit: 401575_HL7J5DSX3-1_R1p_fastqc.html
[2022-08-05 11:11:50,733] multiqc                                            [DEBUG  ]  File ignored by rseqc/junction_annotation because it exceeded search pattern filesize limit: 401575_HL7J5DSX3-1_R1p_fastqc.html
[2022-08-05 11:11:50,733] multiqc                                            [DEBUG  ]  File ignored by rseqc/read_distribution because it exceeded search pattern filesize limit: 401575_HL7J5DSX3-1_R1p_fastqc.html
[2022-08-05 11:11:50,733] multiqc                                            [DEBUG  ]  File ignored by rseqc/infer_experiment because it exceeded search pattern filesize limit: 401575_HL7J5DSX3-1_R1p_fastqc.html
[2022-08-05 11:11:50,816] multiqc                                            [DEBUG  ]  Ignoring file as matched an ignore pattern: 401575_HL7J5DSX3-1_R1p.fastq.gz
[2022-08-05 11:11:51,674] multiqc                                            [DEBUG  ]  File ignored by ccs/v4 because it exceeded search pattern filesize limit: 401575_HL7J5DSX3-1_R1R2u_fastqc.html
[2022-08-05 11:11:51,681] multiqc                                            [DEBUG  ]  File ignored by hicexplorer because it exceeded search pattern filesize limit: 401575_HL7J5DSX3-1_R1R2u_fastqc.html
[2022-08-05 11:11:51,682] multiqc                                            [DEBUG  ]  File ignored by nanostat because it exceeded search pattern filesize limit: 401575_HL7J5DSX3-1_R1R2u_fastqc.html
[2022-08-05 11:11:51,682] multiqc                                            [DEBUG  ]  File ignored by lima/summary because it exceeded search pattern filesize limit: 401575_HL7J5DSX3-1_R1R2u_fastqc.html
[2022-08-05 11:11:51,694] multiqc                                            [DEBUG  ]  File ignored by vep/vep_txt because it exceeded search pattern filesize limit: 401575_HL7J5DSX3-1_R1R2u_fastqc.html
[2022-08-05 11:11:51,694] multiqc                                            [DEBUG  ]  File ignored by longranger/invocation because it exceeded search pattern filesize limit: 401575_HL7J5DSX3-1_R1R2u_fastqc.html
[2022-08-05 11:11:51,694] multiqc                                            [DEBUG  ]  File ignored by rockhopper because it exceeded search pattern filesize limit: 401575_HL7J5DSX3-1_R1R2u_fastqc.html
[2022-08-05 11:11:51,694] multiqc                                            [DEBUG  ]  File ignored by rseqc/bam_stat because it exceeded search pattern filesize limit: 401575_HL7J5DSX3-1_R1R2u_fastqc.html
[2022-08-05 11:11:51,694] multiqc                                            [DEBUG  ]  File ignored by rseqc/junction_annotation because it exceeded search pattern filesize limit: 401575_HL7J5DSX3-1_R1R2u_fastqc.html
[2022-08-05 11:11:51,694] multiqc                                            [DEBUG  ]  File ignored by rseqc/read_distribution because it exceeded search pattern filesize limit: 401575_HL7J5DSX3-1_R1R2u_fastqc.html
[2022-08-05 11:11:51,694] multiqc                                            [DEBUG  ]  File ignored by rseqc/infer_experiment because it exceeded search pattern filesize limit: 401575_HL7J5DSX3-1_R1R2u_fastqc.html
[2022-08-05 11:11:51,872] multiqc                                            [DEBUG  ]  Ignoring file as matched an ignore pattern: 401575_HL7J5DSX3-1_R1R2u.fastq.gz
[2022-08-05 11:11:52,076] multiqc                                            [DEBUG  ]  File ignored by ccs/v4 because it exceeded search pattern filesize limit: 401575_HL7J5DSX3-1_R2p_fastqc.html
[2022-08-05 11:11:52,083] multiqc                                            [DEBUG  ]  File ignored by hicexplorer because it exceeded search pattern filesize limit: 401575_HL7J5DSX3-1_R2p_fastqc.html
[2022-08-05 11:11:52,084] multiqc                                            [DEBUG  ]  File ignored by nanostat because it exceeded search pattern filesize limit: 401575_HL7J5DSX3-1_R2p_fastqc.html
[2022-08-05 11:11:52,084] multiqc                                            [DEBUG  ]  File ignored by lima/summary because it exceeded search pattern filesize limit: 401575_HL7J5DSX3-1_R2p_fastqc.html
[2022-08-05 11:11:52,526] multiqc                                            [DEBUG  ]  File ignored by vep/vep_txt because it exceeded search pattern filesize limit: 401575_HL7J5DSX3-1_R2p_fastqc.html
[2022-08-05 11:11:52,526] multiqc                                            [DEBUG  ]  File ignored by longranger/invocation because it exceeded search pattern filesize limit: 401575_HL7J5DSX3-1_R2p_fastqc.html
[2022-08-05 11:11:52,526] multiqc                                            [DEBUG  ]  File ignored by rockhopper because it exceeded search pattern filesize limit: 401575_HL7J5DSX3-1_R2p_fastqc.html
[2022-08-05 11:11:52,526] multiqc                                            [DEBUG  ]  File ignored by rseqc/bam_stat because it exceeded search pattern filesize limit: 401575_HL7J5DSX3-1_R2p_fastqc.html
[2022-08-05 11:11:52,527] multiqc                                            [DEBUG  ]  File ignored by rseqc/junction_annotation because it exceeded search pattern filesize limit: 401575_HL7J5DSX3-1_R2p_fastqc.html
[2022-08-05 11:11:52,527] multiqc                                            [DEBUG  ]  File ignored by rseqc/read_distribution because it exceeded search pattern filesize limit: 401575_HL7J5DSX3-1_R2p_fastqc.html
[2022-08-05 11:11:52,527] multiqc                                            [DEBUG  ]  File ignored by rseqc/infer_experiment because it exceeded search pattern filesize limit: 401575_HL7J5DSX3-1_R2p_fastqc.html
[2022-08-05 11:11:53,025] multiqc                                            [DEBUG  ]  Ignoring file as matched an ignore pattern: 401575_HL7J5DSX3-1_R2p.fastq.gz
[2022-08-05 11:11:53,025] multiqc                                            [DEBUG  ]  Ignoring file as matched an ignore pattern: 401575_QCreads.md5
[2022-08-05 11:11:58,747] multiqc.plots.bargraph                             [DEBUG  ]  Using matplotlib version 3.3.4
[2022-08-05 11:11:58,751] multiqc.plots.linegraph                            [DEBUG  ]  Using matplotlib version 3.3.4
[2022-08-05 11:11:58,758] multiqc                                            [DEBUG  ]  No samples found: custom_content
[2022-08-05 11:11:58,764] multiqc                                            [DEBUG  ]  No samples found: ccs
[2022-08-05 11:11:58,772] multiqc                                            [DEBUG  ]  No samples found: ngsderive
[2022-08-05 11:11:58,778] multiqc                                            [DEBUG  ]  No samples found: purple
[2022-08-05 11:11:58,785] multiqc                                            [DEBUG  ]  No samples found: conpair
[2022-08-05 11:11:58,791] multiqc                                            [DEBUG  ]  No samples found: lima
[2022-08-05 11:11:58,799] multiqc                                            [DEBUG  ]  No samples found: peddy
[2022-08-05 11:11:58,807] multiqc                                            [DEBUG  ]  No samples found: somalier
[2022-08-05 11:11:58,815] multiqc                                            [DEBUG  ]  No samples found: methylQA
[2022-08-05 11:11:58,841] multiqc.modules.mosdepth.mosdepth                  [DEBUG  ]  include_contigs: []
[2022-08-05 11:11:58,841] multiqc.modules.mosdepth.mosdepth                  [DEBUG  ]  exclude_contigs: []
[2022-08-05 11:11:58,841] multiqc                                            [DEBUG  ]  No samples found: mosdepth
[2022-08-05 11:11:58,847] multiqc                                            [DEBUG  ]  No samples found: phantompeakqualtools
[2022-08-05 11:11:58,851] multiqc                                            [DEBUG  ]  No samples found: qualimap
[2022-08-05 11:11:58,857] multiqc                                            [DEBUG  ]  No samples found: preseq
[2022-08-05 11:11:58,864] multiqc                                            [DEBUG  ]  No samples found: quast
[2022-08-05 11:11:58,869] multiqc                                            [DEBUG  ]  No samples found: qorts
[2022-08-05 11:11:58,875] multiqc                                            [DEBUG  ]  No samples found: rna_seqc
[2022-08-05 11:11:58,881] multiqc                                            [DEBUG  ]  No samples found: rockhopper
[2022-08-05 11:11:58,887] multiqc                                            [DEBUG  ]  No samples found: rsem
[2022-08-05 11:11:58,907] multiqc                                            [DEBUG  ]  No samples found: rseqc
[2022-08-05 11:11:58,912] multiqc                                            [DEBUG  ]  No samples found: busco
[2022-08-05 11:11:58,928] multiqc                                            [DEBUG  ]  No samples found: bustools
[2022-08-05 11:11:58,935] multiqc                                            [DEBUG  ]  No samples found: goleft_indexcov
[2022-08-05 11:11:58,940] multiqc                                            [DEBUG  ]  No samples found: gffcompare
[2022-08-05 11:11:58,945] multiqc                                            [DEBUG  ]  No samples found: disambiguate
[2022-08-05 11:11:58,952] multiqc                                            [DEBUG  ]  No samples found: supernova
[2022-08-05 11:11:58,971] multiqc                                            [DEBUG  ]  No samples found: deeptools
[2022-08-05 11:11:58,979] multiqc                                            [DEBUG  ]  No samples found: sargasso
[2022-08-05 11:11:58,985] multiqc                                            [DEBUG  ]  No samples found: verifybamid
[2022-08-05 11:11:58,993] multiqc                                            [DEBUG  ]  No samples found: mirtrace
[2022-08-05 11:11:58,999] multiqc                                            [DEBUG  ]  No samples found: happy
[2022-08-05 11:11:59,004] multiqc                                            [DEBUG  ]  No samples found: mirtop
[2022-08-05 11:11:59,010] multiqc                                            [DEBUG  ]  No samples found: sambamba
[2022-08-05 11:11:59,019] multiqc                                            [DEBUG  ]  No samples found: homer
[2022-08-05 11:11:59,024] multiqc                                            [DEBUG  ]  No samples found: hops
[2022-08-05 11:11:59,030] multiqc                                            [DEBUG  ]  No samples found: macs2
[2022-08-05 11:11:59,035] multiqc                                            [DEBUG  ]  No samples found: theta2
[2022-08-05 11:11:59,042] multiqc                                            [DEBUG  ]  No samples found: snpeff
[2022-08-05 11:11:59,062] multiqc                                            [DEBUG  ]  No samples found: gatk
[2022-08-05 11:11:59,068] multiqc                                            [DEBUG  ]  No samples found: htseq
[2022-08-05 11:11:59,076] multiqc                                            [DEBUG  ]  No samples found: bcftools
[2022-08-05 11:11:59,082] multiqc                                            [DEBUG  ]  No samples found: featureCounts
[2022-08-05 11:11:59,093] multiqc                                            [DEBUG  ]  No samples found: fgbio
[2022-08-05 11:11:59,111] multiqc                                            [DEBUG  ]  No samples found: dragen
[2022-08-05 11:11:59,117] multiqc                                            [DEBUG  ]  No samples found: dedup
[2022-08-05 11:11:59,123] multiqc                                            [DEBUG  ]  No samples found: damageprofiler
[2022-08-05 11:11:59,882] multiqc                                            [DEBUG  ]  No samples found: biobambam2
[2022-08-05 11:11:59,888] multiqc                                            [DEBUG  ]  No samples found: jcvi
[2022-08-05 11:11:59,893] multiqc                                            [DEBUG  ]  No samples found: mtnucratio
[2022-08-05 11:11:59,896] multiqc                                            [DEBUG  ]  No samples found: picard
[2022-08-05 11:11:59,902] multiqc                                            [DEBUG  ]  No samples found: vep
[2022-08-05 11:11:59,911] multiqc                                            [DEBUG  ]  No samples found: sentieon
[2022-08-05 11:11:59,917] multiqc                                            [DEBUG  ]  No samples found: prokka
[2022-08-05 11:11:59,925] multiqc                                            [DEBUG  ]  No samples found: qc3C
[2022-08-05 11:11:59,930] multiqc                                            [DEBUG  ]  No samples found: nanostat
[2022-08-05 11:11:59,935] multiqc                                            [DEBUG  ]  No samples found: samblaster
[2022-08-05 11:11:59,946] multiqc                                            [DEBUG  ]  No samples found: samtools
[2022-08-05 11:11:59,952] multiqc                                            [DEBUG  ]  No samples found: sexdeterrmine
[2022-08-05 11:11:59,956] multiqc                                            [DEBUG  ]  No samples found: eigenstratdatabasetools
[2022-08-05 11:11:59,962] multiqc                                            [DEBUG  ]  No samples found: bamtools
[2022-08-05 11:11:59,967] multiqc                                            [DEBUG  ]  No samples found: jellyfish
[2022-08-05 11:11:59,976] multiqc                                            [DEBUG  ]  No samples found: vcftools
[2022-08-05 11:11:59,982] multiqc                                            [DEBUG  ]  No samples found: longranger
[2022-08-05 11:11:59,988] multiqc                                            [DEBUG  ]  No samples found: stacks
[2022-08-05 11:11:59,992] multiqc                                            [DEBUG  ]  No samples found: varscan2
[2022-08-05 11:11:59,997] multiqc                                            [DEBUG  ]  No samples found: snippy
[2022-08-05 11:12:00,023] multiqc                                            [DEBUG  ]  No samples found: bbmap
[2022-08-05 11:12:00,030] multiqc                                            [DEBUG  ]  No samples found: bismark
[2022-08-05 11:12:00,039] multiqc                                            [DEBUG  ]  No samples found: biscuit
[2022-08-05 11:12:00,045] multiqc                                            [DEBUG  ]  No samples found: hicexplorer
[2022-08-05 11:12:00,050] multiqc                                            [DEBUG  ]  No samples found: hicup
[2022-08-05 11:12:00,057] multiqc                                            [DEBUG  ]  No samples found: hicpro
[2022-08-05 11:12:00,061] multiqc                                            [DEBUG  ]  No samples found: salmon
[2022-08-05 11:12:00,066] multiqc                                            [DEBUG  ]  No samples found: kallisto
[2022-08-05 11:12:00,073] multiqc                                            [DEBUG  ]  No samples found: slamdunk
[2022-08-05 11:12:00,079] multiqc                                            [DEBUG  ]  No samples found: star
[2022-08-05 11:12:00,086] multiqc                                            [DEBUG  ]  No samples found: hisat2
[2022-08-05 11:12:00,092] multiqc                                            [DEBUG  ]  No samples found: tophat
[2022-08-05 11:12:00,328] multiqc                                            [DEBUG  ]  No samples found: bowtie2
[2022-08-05 11:12:00,333] multiqc                                            [DEBUG  ]  No samples found: bowtie1
[2022-08-05 11:12:00,338] multiqc                                            [DEBUG  ]  No samples found: snpsplit
[2022-08-05 11:12:00,343] multiqc                                            [DEBUG  ]  No samples found: odgi
[2022-08-05 11:12:00,348] multiqc                                            [DEBUG  ]  No samples found: pangolin
[2022-08-05 11:12:00,352] multiqc                                            [DEBUG  ]  No samples found: kat
[2022-08-05 11:12:00,356] multiqc                                            [DEBUG  ]  No samples found: leehom
[2022-08-05 11:12:00,363] multiqc                                            [DEBUG  ]  No samples found: adapterRemoval
[2022-08-05 11:12:00,368] multiqc                                            [DEBUG  ]  No samples found: clipandmerge
[2022-08-05 11:12:00,373] multiqc                                            [DEBUG  ]  No samples found: cutadapt
[2022-08-05 11:12:00,378] multiqc                                            [DEBUG  ]  No samples found: flexbar
[2022-08-05 11:12:00,383] multiqc                                            [DEBUG  ]  No samples found: kaiju
[2022-08-05 11:12:00,389] multiqc                                            [DEBUG  ]  No samples found: kraken
[2022-08-05 11:12:00,394] multiqc                                            [DEBUG  ]  No samples found: malt
[2022-08-05 11:12:00,399] multiqc                                            [DEBUG  ]  No samples found: trimmomatic
[2022-08-05 11:12:00,634] multiqc                                            [DEBUG  ]  No samples found: sickle
[2022-08-05 11:12:00,639] multiqc                                            [DEBUG  ]  No samples found: skewer
[2022-08-05 11:12:00,644] multiqc                                            [DEBUG  ]  No samples found: sortmerna
[2022-08-05 11:12:00,648] multiqc                                            [DEBUG  ]  No samples found: biobloomtools
[2022-08-05 11:12:00,655] multiqc                                            [DEBUG  ]  No samples found: fastq_screen
[2022-08-05 11:12:00,659] multiqc                                            [DEBUG  ]  No samples found: afterqc
[2022-08-05 11:12:00,665] multiqc                                            [DEBUG  ]  No samples found: fastp
[2022-08-05 11:12:02,160] multiqc.modules.fastqc.fastqc                      [INFO   ]  Found 4 reports
[2022-08-05 11:12:02,208] multiqc                                            [DEBUG  ]  No samples found: pychopper
[2022-08-05 11:12:02,214] multiqc                                            [DEBUG  ]  No samples found: pycoqc
[2022-08-05 11:12:02,219] multiqc                                            [DEBUG  ]  No samples found: minionqc
[2022-08-05 11:12:02,224] multiqc                                            [DEBUG  ]  No samples found: multivcfanalyzer
[2022-08-05 11:12:02,230] multiqc                                            [DEBUG  ]  No samples found: clusterflow
[2022-08-05 11:12:02,237] multiqc                                            [DEBUG  ]  No samples found: bcl2fastq
[2022-08-05 11:12:02,244] multiqc                                            [DEBUG  ]  No samples found: bclconvert
[2022-08-05 11:12:02,250] multiqc                                            [DEBUG  ]  No samples found: interop
[2022-08-05 11:12:02,254] multiqc                                            [DEBUG  ]  No samples found: ivar
[2022-08-05 11:12:02,260] multiqc                                            [DEBUG  ]  No samples found: flash
[2022-08-05 11:12:02,265] multiqc                                            [DEBUG  ]  No samples found: seqyclean
[2022-08-05 11:12:02,269] multiqc                                            [DEBUG  ]  No samples found: optitype
[2022-08-05 11:12:02,273] multiqc                                            [INFO   ]  Compressing plot data
[2022-08-05 11:12:24,236] multiqc                                            [INFO   ]  Report      : 401575_MGSD_CSIRO.qc.stats/multiqc_report.html
[2022-08-05 11:12:24,237] multiqc                                            [INFO   ]  Data        : 401575_MGSD_CSIRO.qc.stats/multiqc_data
[2022-08-05 11:12:24,237] multiqc                                            [DEBUG  ]  Moving data file from '/tmp/smi9a9.8585430/tmpki5tnsee/multiqc_data' to '401575_MGSD_CSIRO.qc.stats/multiqc_data'
[2022-08-05 11:12:25,245] multiqc                                            [INFO   ]  MultiQC complete
