[2022-08-05 11:05:51,256] multiqc                                            [DEBUG  ]  This is MultiQC v1.11
[2022-08-05 11:05:51,256] multiqc                                            [DEBUG  ]  No MultiQC config found: /apps/multiqc/1.11/lib/python3.9/site-packages/multiqc_config.yaml
[2022-08-05 11:05:51,257] multiqc                                            [DEBUG  ]  No MultiQC config found: /home/smi9a9/.multiqc_config.yaml
[2022-08-05 11:05:51,258] multiqc                                            [DEBUG  ]  No MultiQC config found: multiqc_config.yaml
[2022-08-05 11:05:51,258] multiqc                                            [DEBUG  ]  Command used: /apps/multiqc/1.11/bin/multiqc ./7910_combined_merged_fastqc.html ./7910_combined_merged_fastqc.zip ./7910_combined_merged.fastq.gz ./7910_combined_R1p_fastqc.html ./7910_combined_R1p_fastqc.zip ./7910_combined_R1p.fastq.gz ./7910_combined_R1R2u_fastqc.html ./7910_combined_R1R2u_fastqc.zip ./7910_combined_R1R2u.fastq.gz ./7910_combined_R2p_fastqc.html ./7910_combined_R2p_fastqc.zip ./7910_combined_R2p.fastq.gz ./7910_QCreads.md5 -o 7910_MGSD_CSIRO.qc.stats
[2022-08-05 11:05:51,260] multiqc                                            [DEBUG  ]  Could not connect to multiqc.info for version check: <urlopen error [Errno 111] Connection refused>
[2022-08-05 11:05:51,260] multiqc                                            [DEBUG  ]  Command     : /apps/multiqc/1.11/bin/multiqc ./7910_combined_merged_fastqc.html ./7910_combined_merged_fastqc.zip ./7910_combined_merged.fastq.gz ./7910_combined_R1p_fastqc.html ./7910_combined_R1p_fastqc.zip ./7910_combined_R1p.fastq.gz ./7910_combined_R1R2u_fastqc.html ./7910_combined_R1R2u_fastqc.zip ./7910_combined_R1R2u.fastq.gz ./7910_combined_R2p_fastqc.html ./7910_combined_R2p_fastqc.zip ./7910_combined_R2p.fastq.gz ./7910_QCreads.md5 -o 7910_MGSD_CSIRO.qc.stats
[2022-08-05 11:05:51,260] multiqc                                            [DEBUG  ]  Working dir : /datasets/work/oa-amd/work/amd/Metagenome_QC_reads
[2022-08-05 11:05:51,260] multiqc                                            [DEBUG  ]  Template    : default
[2022-08-05 11:05:51,260] multiqc                                            [DEBUG  ]  Running Python 3.9.4 (default, Apr 25 2021, 16:13:27)  [GCC 10.3.0]
[2022-08-05 11:05:51,261] multiqc                                            [DEBUG  ]  Analysing modules: custom_content, ccs, ngsderive, purple, conpair, lima, peddy, somalier, methylQA, mosdepth, phantompeakqualtools, qualimap, preseq, quast, qorts, rna_seqc, rockhopper, rsem, rseqc, busco, bustools, goleft_indexcov, gffcompare, disambiguate, supernova, deeptools, sargasso, verifybamid, mirtrace, happy, mirtop, sambamba, homer, hops, macs2, theta2, snpeff, gatk, htseq, bcftools, featureCounts, fgbio, dragen, dedup, damageprofiler, biobambam2, jcvi, mtnucratio, picard, vep, sentieon, prokka, qc3C, nanostat, samblaster, samtools, sexdeterrmine, eigenstratdatabasetools, bamtools, jellyfish, vcftools, longranger, stacks, varscan2, snippy, bbmap, bismark, biscuit, hicexplorer, hicup, hicpro, salmon, kallisto, slamdunk, star, hisat2, tophat, bowtie2, bowtie1, snpsplit, odgi, pangolin, kat, leehom, adapterRemoval, clipandmerge, cutadapt, flexbar, kaiju, kraken, malt, trimmomatic, sickle, skewer, sortmerna, biobloomtools, fastq_screen, afterqc, fastp, fastqc, pychopper, pycoqc, minionqc, multivcfanalyzer, clusterflow, bcl2fastq, bclconvert, interop, ivar, flash, seqyclean, optitype
[2022-08-05 11:05:51,261] multiqc                                            [DEBUG  ]  Using temporary directory for creating report: /tmp/smi9a9.8584802/tmpd3d8rbx6
[2022-08-05 11:05:51,323] multiqc                                            [INFO   ]  Search path : /datasets/work/oa-amd/work/amd/Metagenome_QC_reads/7910_combined_merged_fastqc.html
[2022-08-05 11:05:51,323] multiqc                                            [INFO   ]  Search path : /datasets/work/oa-amd/work/amd/Metagenome_QC_reads/7910_combined_merged_fastqc.zip
[2022-08-05 11:05:51,323] multiqc                                            [INFO   ]  Search path : /datasets/work/oa-amd/work/amd/Metagenome_QC_reads/7910_combined_merged.fastq.gz
[2022-08-05 11:05:51,323] multiqc                                            [INFO   ]  Search path : /datasets/work/oa-amd/work/amd/Metagenome_QC_reads/7910_combined_R1p_fastqc.html
[2022-08-05 11:05:51,323] multiqc                                            [INFO   ]  Search path : /datasets/work/oa-amd/work/amd/Metagenome_QC_reads/7910_combined_R1p_fastqc.zip
[2022-08-05 11:05:51,323] multiqc                                            [INFO   ]  Search path : /datasets/work/oa-amd/work/amd/Metagenome_QC_reads/7910_combined_R1p.fastq.gz
[2022-08-05 11:05:51,323] multiqc                                            [INFO   ]  Search path : /datasets/work/oa-amd/work/amd/Metagenome_QC_reads/7910_combined_R1R2u_fastqc.html
[2022-08-05 11:05:51,323] multiqc                                            [INFO   ]  Search path : /datasets/work/oa-amd/work/amd/Metagenome_QC_reads/7910_combined_R1R2u_fastqc.zip
[2022-08-05 11:05:51,323] multiqc                                            [INFO   ]  Search path : /datasets/work/oa-amd/work/amd/Metagenome_QC_reads/7910_combined_R1R2u.fastq.gz
[2022-08-05 11:05:51,323] multiqc                                            [INFO   ]  Search path : /datasets/work/oa-amd/work/amd/Metagenome_QC_reads/7910_combined_R2p_fastqc.html
[2022-08-05 11:05:51,324] multiqc                                            [INFO   ]  Search path : /datasets/work/oa-amd/work/amd/Metagenome_QC_reads/7910_combined_R2p_fastqc.zip
[2022-08-05 11:05:51,324] multiqc                                            [INFO   ]  Search path : /datasets/work/oa-amd/work/amd/Metagenome_QC_reads/7910_combined_R2p.fastq.gz
[2022-08-05 11:05:51,324] multiqc                                            [INFO   ]  Search path : /datasets/work/oa-amd/work/amd/Metagenome_QC_reads/7910_QCreads.md5
[2022-08-05 11:05:51,433] multiqc                                            [DEBUG  ]  File ignored by ccs/v4 because it exceeded search pattern filesize limit: 7910_combined_merged_fastqc.html
[2022-08-05 11:05:51,444] multiqc                                            [DEBUG  ]  File ignored by hicexplorer because it exceeded search pattern filesize limit: 7910_combined_merged_fastqc.html
[2022-08-05 11:05:51,445] multiqc                                            [DEBUG  ]  File ignored by nanostat because it exceeded search pattern filesize limit: 7910_combined_merged_fastqc.html
[2022-08-05 11:05:51,445] multiqc                                            [DEBUG  ]  File ignored by lima/summary because it exceeded search pattern filesize limit: 7910_combined_merged_fastqc.html
[2022-08-05 11:05:51,462] multiqc                                            [DEBUG  ]  File ignored by vep/vep_txt because it exceeded search pattern filesize limit: 7910_combined_merged_fastqc.html
[2022-08-05 11:05:51,462] multiqc                                            [DEBUG  ]  File ignored by longranger/invocation because it exceeded search pattern filesize limit: 7910_combined_merged_fastqc.html
[2022-08-05 11:05:51,462] multiqc                                            [DEBUG  ]  File ignored by rockhopper because it exceeded search pattern filesize limit: 7910_combined_merged_fastqc.html
[2022-08-05 11:05:51,462] multiqc                                            [DEBUG  ]  File ignored by rseqc/bam_stat because it exceeded search pattern filesize limit: 7910_combined_merged_fastqc.html
[2022-08-05 11:05:51,462] multiqc                                            [DEBUG  ]  File ignored by rseqc/junction_annotation because it exceeded search pattern filesize limit: 7910_combined_merged_fastqc.html
[2022-08-05 11:05:51,462] multiqc                                            [DEBUG  ]  File ignored by rseqc/read_distribution because it exceeded search pattern filesize limit: 7910_combined_merged_fastqc.html
[2022-08-05 11:05:51,463] multiqc                                            [DEBUG  ]  File ignored by rseqc/infer_experiment because it exceeded search pattern filesize limit: 7910_combined_merged_fastqc.html
[2022-08-05 11:05:51,698] multiqc                                            [DEBUG  ]  Ignoring file as matched an ignore pattern: 7910_combined_merged.fastq.gz
[2022-08-05 11:05:52,090] multiqc                                            [DEBUG  ]  File ignored by ccs/v4 because it exceeded search pattern filesize limit: 7910_combined_R1p_fastqc.html
[2022-08-05 11:05:52,096] multiqc                                            [DEBUG  ]  File ignored by hicexplorer because it exceeded search pattern filesize limit: 7910_combined_R1p_fastqc.html
[2022-08-05 11:05:52,097] multiqc                                            [DEBUG  ]  File ignored by nanostat because it exceeded search pattern filesize limit: 7910_combined_R1p_fastqc.html
[2022-08-05 11:05:52,098] multiqc                                            [DEBUG  ]  File ignored by lima/summary because it exceeded search pattern filesize limit: 7910_combined_R1p_fastqc.html
[2022-08-05 11:05:52,115] multiqc                                            [DEBUG  ]  File ignored by vep/vep_txt because it exceeded search pattern filesize limit: 7910_combined_R1p_fastqc.html
[2022-08-05 11:05:52,115] multiqc                                            [DEBUG  ]  File ignored by longranger/invocation because it exceeded search pattern filesize limit: 7910_combined_R1p_fastqc.html
[2022-08-05 11:05:52,115] multiqc                                            [DEBUG  ]  File ignored by rockhopper because it exceeded search pattern filesize limit: 7910_combined_R1p_fastqc.html
[2022-08-05 11:05:52,115] multiqc                                            [DEBUG  ]  File ignored by rseqc/bam_stat because it exceeded search pattern filesize limit: 7910_combined_R1p_fastqc.html
[2022-08-05 11:05:52,115] multiqc                                            [DEBUG  ]  File ignored by rseqc/junction_annotation because it exceeded search pattern filesize limit: 7910_combined_R1p_fastqc.html
[2022-08-05 11:05:52,115] multiqc                                            [DEBUG  ]  File ignored by rseqc/read_distribution because it exceeded search pattern filesize limit: 7910_combined_R1p_fastqc.html
[2022-08-05 11:05:52,115] multiqc                                            [DEBUG  ]  File ignored by rseqc/infer_experiment because it exceeded search pattern filesize limit: 7910_combined_R1p_fastqc.html
[2022-08-05 11:05:52,193] multiqc                                            [DEBUG  ]  Ignoring file as matched an ignore pattern: 7910_combined_R1p.fastq.gz
[2022-08-05 11:05:52,735] multiqc                                            [DEBUG  ]  File ignored by ccs/v4 because it exceeded search pattern filesize limit: 7910_combined_R1R2u_fastqc.html
[2022-08-05 11:05:52,743] multiqc                                            [DEBUG  ]  File ignored by hicexplorer because it exceeded search pattern filesize limit: 7910_combined_R1R2u_fastqc.html
[2022-08-05 11:05:52,744] multiqc                                            [DEBUG  ]  File ignored by nanostat because it exceeded search pattern filesize limit: 7910_combined_R1R2u_fastqc.html
[2022-08-05 11:05:52,744] multiqc                                            [DEBUG  ]  File ignored by lima/summary because it exceeded search pattern filesize limit: 7910_combined_R1R2u_fastqc.html
[2022-08-05 11:05:52,786] multiqc                                            [DEBUG  ]  File ignored by vep/vep_txt because it exceeded search pattern filesize limit: 7910_combined_R1R2u_fastqc.html
[2022-08-05 11:05:52,786] multiqc                                            [DEBUG  ]  File ignored by longranger/invocation because it exceeded search pattern filesize limit: 7910_combined_R1R2u_fastqc.html
[2022-08-05 11:05:52,786] multiqc                                            [DEBUG  ]  File ignored by rockhopper because it exceeded search pattern filesize limit: 7910_combined_R1R2u_fastqc.html
[2022-08-05 11:05:52,786] multiqc                                            [DEBUG  ]  File ignored by rseqc/bam_stat because it exceeded search pattern filesize limit: 7910_combined_R1R2u_fastqc.html
[2022-08-05 11:05:52,786] multiqc                                            [DEBUG  ]  File ignored by rseqc/junction_annotation because it exceeded search pattern filesize limit: 7910_combined_R1R2u_fastqc.html
[2022-08-05 11:05:52,787] multiqc                                            [DEBUG  ]  File ignored by rseqc/read_distribution because it exceeded search pattern filesize limit: 7910_combined_R1R2u_fastqc.html
[2022-08-05 11:05:52,787] multiqc                                            [DEBUG  ]  File ignored by rseqc/infer_experiment because it exceeded search pattern filesize limit: 7910_combined_R1R2u_fastqc.html
[2022-08-05 11:05:54,467] multiqc                                            [DEBUG  ]  Ignoring file as matched an ignore pattern: 7910_combined_R1R2u.fastq.gz
[2022-08-05 11:05:54,676] multiqc                                            [DEBUG  ]  File ignored by ccs/v4 because it exceeded search pattern filesize limit: 7910_combined_R2p_fastqc.html
[2022-08-05 11:05:55,833] multiqc                                            [DEBUG  ]  File ignored by hicexplorer because it exceeded search pattern filesize limit: 7910_combined_R2p_fastqc.html
[2022-08-05 11:05:55,834] multiqc                                            [DEBUG  ]  File ignored by nanostat because it exceeded search pattern filesize limit: 7910_combined_R2p_fastqc.html
[2022-08-05 11:05:55,834] multiqc                                            [DEBUG  ]  File ignored by lima/summary because it exceeded search pattern filesize limit: 7910_combined_R2p_fastqc.html
[2022-08-05 11:05:55,861] multiqc                                            [DEBUG  ]  File ignored by vep/vep_txt because it exceeded search pattern filesize limit: 7910_combined_R2p_fastqc.html
[2022-08-05 11:05:55,861] multiqc                                            [DEBUG  ]  File ignored by longranger/invocation because it exceeded search pattern filesize limit: 7910_combined_R2p_fastqc.html
[2022-08-05 11:05:55,861] multiqc                                            [DEBUG  ]  File ignored by rockhopper because it exceeded search pattern filesize limit: 7910_combined_R2p_fastqc.html
[2022-08-05 11:05:55,861] multiqc                                            [DEBUG  ]  File ignored by rseqc/bam_stat because it exceeded search pattern filesize limit: 7910_combined_R2p_fastqc.html
[2022-08-05 11:05:55,861] multiqc                                            [DEBUG  ]  File ignored by rseqc/junction_annotation because it exceeded search pattern filesize limit: 7910_combined_R2p_fastqc.html
[2022-08-05 11:05:55,861] multiqc                                            [DEBUG  ]  File ignored by rseqc/read_distribution because it exceeded search pattern filesize limit: 7910_combined_R2p_fastqc.html
[2022-08-05 11:05:55,861] multiqc                                            [DEBUG  ]  File ignored by rseqc/infer_experiment because it exceeded search pattern filesize limit: 7910_combined_R2p_fastqc.html
[2022-08-05 11:05:55,948] multiqc                                            [DEBUG  ]  Ignoring file as matched an ignore pattern: 7910_combined_R2p.fastq.gz
[2022-08-05 11:05:55,948] multiqc                                            [DEBUG  ]  Ignoring file as matched an ignore pattern: 7910_QCreads.md5
[2022-08-05 11:05:56,678] multiqc.plots.bargraph                             [DEBUG  ]  Using matplotlib version 3.3.4
[2022-08-05 11:05:56,682] multiqc.plots.linegraph                            [DEBUG  ]  Using matplotlib version 3.3.4
[2022-08-05 11:05:56,684] multiqc                                            [DEBUG  ]  No samples found: custom_content
[2022-08-05 11:05:56,689] multiqc                                            [DEBUG  ]  No samples found: ccs
[2022-08-05 11:05:56,695] multiqc                                            [DEBUG  ]  No samples found: ngsderive
[2022-08-05 11:05:56,699] multiqc                                            [DEBUG  ]  No samples found: purple
[2022-08-05 11:05:56,703] multiqc                                            [DEBUG  ]  No samples found: conpair
[2022-08-05 11:05:56,939] multiqc                                            [DEBUG  ]  No samples found: lima
[2022-08-05 11:05:56,944] multiqc                                            [DEBUG  ]  No samples found: peddy
[2022-08-05 11:05:56,950] multiqc                                            [DEBUG  ]  No samples found: somalier
[2022-08-05 11:05:56,954] multiqc                                            [DEBUG  ]  No samples found: methylQA
[2022-08-05 11:05:56,963] multiqc.modules.mosdepth.mosdepth                  [DEBUG  ]  include_contigs: []
[2022-08-05 11:05:56,963] multiqc.modules.mosdepth.mosdepth                  [DEBUG  ]  exclude_contigs: []
[2022-08-05 11:05:56,963] multiqc                                            [DEBUG  ]  No samples found: mosdepth
[2022-08-05 11:05:56,967] multiqc                                            [DEBUG  ]  No samples found: phantompeakqualtools
[2022-08-05 11:05:56,971] multiqc                                            [DEBUG  ]  No samples found: qualimap
[2022-08-05 11:05:56,976] multiqc                                            [DEBUG  ]  No samples found: preseq
[2022-08-05 11:05:56,982] multiqc                                            [DEBUG  ]  No samples found: quast
[2022-08-05 11:05:56,989] multiqc                                            [DEBUG  ]  No samples found: qorts
[2022-08-05 11:05:56,995] multiqc                                            [DEBUG  ]  No samples found: rna_seqc
[2022-08-05 11:05:57,000] multiqc                                            [DEBUG  ]  No samples found: rockhopper
[2022-08-05 11:05:57,006] multiqc                                            [DEBUG  ]  No samples found: rsem
[2022-08-05 11:05:57,251] multiqc                                            [DEBUG  ]  No samples found: rseqc
[2022-08-05 11:05:57,255] multiqc                                            [DEBUG  ]  No samples found: busco
[2022-08-05 11:05:57,490] multiqc                                            [DEBUG  ]  No samples found: bustools
[2022-08-05 11:05:57,725] multiqc                                            [DEBUG  ]  No samples found: goleft_indexcov
[2022-08-05 11:05:57,730] multiqc                                            [DEBUG  ]  No samples found: gffcompare
[2022-08-05 11:05:57,735] multiqc                                            [DEBUG  ]  No samples found: disambiguate
[2022-08-05 11:05:57,742] multiqc                                            [DEBUG  ]  No samples found: supernova
[2022-08-05 11:05:58,740] multiqc                                            [DEBUG  ]  No samples found: deeptools
[2022-08-05 11:05:58,975] multiqc                                            [DEBUG  ]  No samples found: sargasso
[2022-08-05 11:05:58,980] multiqc                                            [DEBUG  ]  No samples found: verifybamid
[2022-08-05 11:05:58,986] multiqc                                            [DEBUG  ]  No samples found: mirtrace
[2022-08-05 11:05:58,991] multiqc                                            [DEBUG  ]  No samples found: happy
[2022-08-05 11:05:58,995] multiqc                                            [DEBUG  ]  No samples found: mirtop
[2022-08-05 11:05:59,001] multiqc                                            [DEBUG  ]  No samples found: sambamba
[2022-08-05 11:05:59,009] multiqc                                            [DEBUG  ]  No samples found: homer
[2022-08-05 11:05:59,013] multiqc                                            [DEBUG  ]  No samples found: hops
[2022-08-05 11:05:59,018] multiqc                                            [DEBUG  ]  No samples found: macs2
[2022-08-05 11:05:59,022] multiqc                                            [DEBUG  ]  No samples found: theta2
[2022-08-05 11:05:59,028] multiqc                                            [DEBUG  ]  No samples found: snpeff
[2022-08-05 11:05:59,266] multiqc                                            [DEBUG  ]  No samples found: gatk
[2022-08-05 11:05:59,499] multiqc                                            [DEBUG  ]  No samples found: htseq
[2022-08-05 11:05:59,504] multiqc                                            [DEBUG  ]  No samples found: bcftools
[2022-08-05 11:05:59,509] multiqc                                            [DEBUG  ]  No samples found: featureCounts
[2022-08-05 11:05:59,515] multiqc                                            [DEBUG  ]  No samples found: fgbio
[2022-08-05 11:05:59,530] multiqc                                            [DEBUG  ]  No samples found: dragen
[2022-08-05 11:05:59,535] multiqc                                            [DEBUG  ]  No samples found: dedup
[2022-08-05 11:05:59,539] multiqc                                            [DEBUG  ]  No samples found: damageprofiler
[2022-08-05 11:05:59,575] multiqc                                            [DEBUG  ]  No samples found: biobambam2
[2022-08-05 11:05:59,580] multiqc                                            [DEBUG  ]  No samples found: jcvi
[2022-08-05 11:05:59,584] multiqc                                            [DEBUG  ]  No samples found: mtnucratio
[2022-08-05 11:05:59,586] multiqc                                            [DEBUG  ]  No samples found: picard
[2022-08-05 11:05:59,821] multiqc                                            [DEBUG  ]  No samples found: vep
[2022-08-05 11:05:59,829] multiqc                                            [DEBUG  ]  No samples found: sentieon
[2022-08-05 11:05:59,833] multiqc                                            [DEBUG  ]  No samples found: prokka
[2022-08-05 11:05:59,840] multiqc                                            [DEBUG  ]  No samples found: qc3C
[2022-08-05 11:05:59,845] multiqc                                            [DEBUG  ]  No samples found: nanostat
[2022-08-05 11:05:59,849] multiqc                                            [DEBUG  ]  No samples found: samblaster
[2022-08-05 11:06:00,089] multiqc                                            [DEBUG  ]  No samples found: samtools
[2022-08-05 11:06:00,093] multiqc                                            [DEBUG  ]  No samples found: sexdeterrmine
[2022-08-05 11:06:00,097] multiqc                                            [DEBUG  ]  No samples found: eigenstratdatabasetools
[2022-08-05 11:06:00,102] multiqc                                            [DEBUG  ]  No samples found: bamtools
[2022-08-05 11:06:00,106] multiqc                                            [DEBUG  ]  No samples found: jellyfish
[2022-08-05 11:06:00,114] multiqc                                            [DEBUG  ]  No samples found: vcftools
[2022-08-05 11:06:00,119] multiqc                                            [DEBUG  ]  No samples found: longranger
[2022-08-05 11:06:00,124] multiqc                                            [DEBUG  ]  No samples found: stacks
[2022-08-05 11:06:00,611] multiqc                                            [DEBUG  ]  No samples found: varscan2
[2022-08-05 11:06:00,616] multiqc                                            [DEBUG  ]  No samples found: snippy
[2022-08-05 11:06:00,633] multiqc                                            [DEBUG  ]  No samples found: bbmap
[2022-08-05 11:06:00,639] multiqc                                            [DEBUG  ]  No samples found: bismark
[2022-08-05 11:06:00,647] multiqc                                            [DEBUG  ]  No samples found: biscuit
[2022-08-05 11:06:00,651] multiqc                                            [DEBUG  ]  No samples found: hicexplorer
[2022-08-05 11:06:00,886] multiqc                                            [DEBUG  ]  No samples found: hicup
[2022-08-05 11:06:00,891] multiqc                                            [DEBUG  ]  No samples found: hicpro
[2022-08-05 11:06:01,125] multiqc                                            [DEBUG  ]  No samples found: salmon
[2022-08-05 11:06:01,129] multiqc                                            [DEBUG  ]  No samples found: kallisto
[2022-08-05 11:06:01,135] multiqc                                            [DEBUG  ]  No samples found: slamdunk
[2022-08-05 11:06:01,140] multiqc                                            [DEBUG  ]  No samples found: star
[2022-08-05 11:06:01,375] multiqc                                            [DEBUG  ]  No samples found: hisat2
[2022-08-05 11:06:01,609] multiqc                                            [DEBUG  ]  No samples found: tophat
[2022-08-05 11:06:01,614] multiqc                                            [DEBUG  ]  No samples found: bowtie2
[2022-08-05 11:06:01,618] multiqc                                            [DEBUG  ]  No samples found: bowtie1
[2022-08-05 11:06:01,622] multiqc                                            [DEBUG  ]  No samples found: snpsplit
[2022-08-05 11:06:01,627] multiqc                                            [DEBUG  ]  No samples found: odgi
[2022-08-05 11:06:01,631] multiqc                                            [DEBUG  ]  No samples found: pangolin
[2022-08-05 11:06:01,635] multiqc                                            [DEBUG  ]  No samples found: kat
[2022-08-05 11:06:01,639] multiqc                                            [DEBUG  ]  No samples found: leehom
[2022-08-05 11:06:01,644] multiqc                                            [DEBUG  ]  No samples found: adapterRemoval
[2022-08-05 11:06:01,648] multiqc                                            [DEBUG  ]  No samples found: clipandmerge
[2022-08-05 11:06:01,653] multiqc                                            [DEBUG  ]  No samples found: cutadapt
[2022-08-05 11:06:01,656] multiqc                                            [DEBUG  ]  No samples found: flexbar
[2022-08-05 11:06:01,661] multiqc                                            [DEBUG  ]  No samples found: kaiju
[2022-08-05 11:06:01,896] multiqc                                            [DEBUG  ]  No samples found: kraken
[2022-08-05 11:06:01,901] multiqc                                            [DEBUG  ]  No samples found: malt
[2022-08-05 11:06:01,905] multiqc                                            [DEBUG  ]  No samples found: trimmomatic
[2022-08-05 11:06:01,909] multiqc                                            [DEBUG  ]  No samples found: sickle
[2022-08-05 11:06:01,913] multiqc                                            [DEBUG  ]  No samples found: skewer
[2022-08-05 11:06:01,917] multiqc                                            [DEBUG  ]  No samples found: sortmerna
[2022-08-05 11:06:01,921] multiqc                                            [DEBUG  ]  No samples found: biobloomtools
[2022-08-05 11:06:01,926] multiqc                                            [DEBUG  ]  No samples found: fastq_screen
[2022-08-05 11:06:01,931] multiqc                                            [DEBUG  ]  No samples found: afterqc
[2022-08-05 11:06:01,936] multiqc                                            [DEBUG  ]  No samples found: fastp
[2022-08-05 11:06:02,144] multiqc.modules.fastqc.fastqc                      [INFO   ]  Found 4 reports
[2022-08-05 11:06:02,191] multiqc                                            [DEBUG  ]  No samples found: pychopper
[2022-08-05 11:06:02,196] multiqc                                            [DEBUG  ]  No samples found: pycoqc
[2022-08-05 11:06:02,431] multiqc                                            [DEBUG  ]  No samples found: minionqc
[2022-08-05 11:06:02,436] multiqc                                            [DEBUG  ]  No samples found: multivcfanalyzer
[2022-08-05 11:06:02,442] multiqc                                            [DEBUG  ]  No samples found: clusterflow
[2022-08-05 11:06:02,448] multiqc                                            [DEBUG  ]  No samples found: bcl2fastq
[2022-08-05 11:06:02,455] multiqc                                            [DEBUG  ]  No samples found: bclconvert
[2022-08-05 11:06:02,461] multiqc                                            [DEBUG  ]  No samples found: interop
[2022-08-05 11:06:02,465] multiqc                                            [DEBUG  ]  No samples found: ivar
[2022-08-05 11:06:02,470] multiqc                                            [DEBUG  ]  No samples found: flash
[2022-08-05 11:06:02,475] multiqc                                            [DEBUG  ]  No samples found: seqyclean
[2022-08-05 11:06:02,478] multiqc                                            [DEBUG  ]  No samples found: optitype
[2022-08-05 11:06:02,483] multiqc                                            [INFO   ]  Compressing plot data
[2022-08-05 11:06:02,968] multiqc                                            [INFO   ]  Report      : 7910_MGSD_CSIRO.qc.stats/multiqc_report.html
[2022-08-05 11:06:02,968] multiqc                                            [INFO   ]  Data        : 7910_MGSD_CSIRO.qc.stats/multiqc_data
[2022-08-05 11:06:02,969] multiqc                                            [DEBUG  ]  Moving data file from '/tmp/smi9a9.8584802/tmpd3d8rbx6/multiqc_data' to '7910_MGSD_CSIRO.qc.stats/multiqc_data'
[2022-08-05 11:06:04,186] multiqc                                            [INFO   ]  MultiQC complete
