[2022-08-05 11:08:34,602] multiqc                                            [DEBUG  ]  This is MultiQC v1.11
[2022-08-05 11:08:34,602] multiqc                                            [DEBUG  ]  No MultiQC config found: /apps/multiqc/1.11/lib/python3.9/site-packages/multiqc_config.yaml
[2022-08-05 11:08:34,602] multiqc                                            [DEBUG  ]  No MultiQC config found: /home/smi9a9/.multiqc_config.yaml
[2022-08-05 11:08:34,603] multiqc                                            [DEBUG  ]  No MultiQC config found: multiqc_config.yaml
[2022-08-05 11:08:34,603] multiqc                                            [DEBUG  ]  Command used: /apps/multiqc/1.11/bin/multiqc ./401654_HL7J5DSX3-1_merged_fastqc.html ./401654_HL7J5DSX3-1_merged_fastqc.zip ./401654_HL7J5DSX3-1_merged.fastq.gz ./401654_HL7J5DSX3-1_R1p_fastqc.html ./401654_HL7J5DSX3-1_R1p_fastqc.zip ./401654_HL7J5DSX3-1_R1p.fastq.gz ./401654_HL7J5DSX3-1_R1R2u_fastqc.html ./401654_HL7J5DSX3-1_R1R2u_fastqc.zip ./401654_HL7J5DSX3-1_R1R2u.fastq.gz ./401654_HL7J5DSX3-1_R2p_fastqc.html ./401654_HL7J5DSX3-1_R2p_fastqc.zip ./401654_HL7J5DSX3-1_R2p.fastq.gz ./401654_QCreads.md5 -o 401654_MGSD_CSIRO.qc.stats
[2022-08-05 11:08:34,605] multiqc                                            [DEBUG  ]  Could not connect to multiqc.info for version check: <urlopen error [Errno 111] Connection refused>
[2022-08-05 11:08:34,605] multiqc                                            [DEBUG  ]  Command     : /apps/multiqc/1.11/bin/multiqc ./401654_HL7J5DSX3-1_merged_fastqc.html ./401654_HL7J5DSX3-1_merged_fastqc.zip ./401654_HL7J5DSX3-1_merged.fastq.gz ./401654_HL7J5DSX3-1_R1p_fastqc.html ./401654_HL7J5DSX3-1_R1p_fastqc.zip ./401654_HL7J5DSX3-1_R1p.fastq.gz ./401654_HL7J5DSX3-1_R1R2u_fastqc.html ./401654_HL7J5DSX3-1_R1R2u_fastqc.zip ./401654_HL7J5DSX3-1_R1R2u.fastq.gz ./401654_HL7J5DSX3-1_R2p_fastqc.html ./401654_HL7J5DSX3-1_R2p_fastqc.zip ./401654_HL7J5DSX3-1_R2p.fastq.gz ./401654_QCreads.md5 -o 401654_MGSD_CSIRO.qc.stats
[2022-08-05 11:08:34,605] multiqc                                            [DEBUG  ]  Working dir : /datasets/work/oa-amd/work/amd/Metagenome_QC_reads
[2022-08-05 11:08:34,605] multiqc                                            [DEBUG  ]  Template    : default
[2022-08-05 11:08:34,606] multiqc                                            [DEBUG  ]  Running Python 3.9.4 (default, Apr 25 2021, 16:13:27)  [GCC 10.3.0]
[2022-08-05 11:08:34,606] multiqc                                            [DEBUG  ]  Analysing modules: custom_content, ccs, ngsderive, purple, conpair, lima, peddy, somalier, methylQA, mosdepth, phantompeakqualtools, qualimap, preseq, quast, qorts, rna_seqc, rockhopper, rsem, rseqc, busco, bustools, goleft_indexcov, gffcompare, disambiguate, supernova, deeptools, sargasso, verifybamid, mirtrace, happy, mirtop, sambamba, homer, hops, macs2, theta2, snpeff, gatk, htseq, bcftools, featureCounts, fgbio, dragen, dedup, damageprofiler, biobambam2, jcvi, mtnucratio, picard, vep, sentieon, prokka, qc3C, nanostat, samblaster, samtools, sexdeterrmine, eigenstratdatabasetools, bamtools, jellyfish, vcftools, longranger, stacks, varscan2, snippy, bbmap, bismark, biscuit, hicexplorer, hicup, hicpro, salmon, kallisto, slamdunk, star, hisat2, tophat, bowtie2, bowtie1, snpsplit, odgi, pangolin, kat, leehom, adapterRemoval, clipandmerge, cutadapt, flexbar, kaiju, kraken, malt, trimmomatic, sickle, skewer, sortmerna, biobloomtools, fastq_screen, afterqc, fastp, fastqc, pychopper, pycoqc, minionqc, multivcfanalyzer, clusterflow, bcl2fastq, bclconvert, interop, ivar, flash, seqyclean, optitype
[2022-08-05 11:08:34,606] multiqc                                            [DEBUG  ]  Using temporary directory for creating report: /tmp/smi9a9.8585554/tmpahj_6ki7
[2022-08-05 11:08:34,668] multiqc                                            [INFO   ]  Search path : /datasets/work/oa-amd/work/amd/Metagenome_QC_reads/401654_HL7J5DSX3-1_merged_fastqc.html
[2022-08-05 11:08:34,668] multiqc                                            [INFO   ]  Search path : /datasets/work/oa-amd/work/amd/Metagenome_QC_reads/401654_HL7J5DSX3-1_merged_fastqc.zip
[2022-08-05 11:08:34,668] multiqc                                            [INFO   ]  Search path : /datasets/work/oa-amd/work/amd/Metagenome_QC_reads/401654_HL7J5DSX3-1_merged.fastq.gz
[2022-08-05 11:08:34,668] multiqc                                            [INFO   ]  Search path : /datasets/work/oa-amd/work/amd/Metagenome_QC_reads/401654_HL7J5DSX3-1_R1p_fastqc.html
[2022-08-05 11:08:34,668] multiqc                                            [INFO   ]  Search path : /datasets/work/oa-amd/work/amd/Metagenome_QC_reads/401654_HL7J5DSX3-1_R1p_fastqc.zip
[2022-08-05 11:08:34,668] multiqc                                            [INFO   ]  Search path : /datasets/work/oa-amd/work/amd/Metagenome_QC_reads/401654_HL7J5DSX3-1_R1p.fastq.gz
[2022-08-05 11:08:34,668] multiqc                                            [INFO   ]  Search path : /datasets/work/oa-amd/work/amd/Metagenome_QC_reads/401654_HL7J5DSX3-1_R1R2u_fastqc.html
[2022-08-05 11:08:34,668] multiqc                                            [INFO   ]  Search path : /datasets/work/oa-amd/work/amd/Metagenome_QC_reads/401654_HL7J5DSX3-1_R1R2u_fastqc.zip
[2022-08-05 11:08:34,668] multiqc                                            [INFO   ]  Search path : /datasets/work/oa-amd/work/amd/Metagenome_QC_reads/401654_HL7J5DSX3-1_R1R2u.fastq.gz
[2022-08-05 11:08:34,668] multiqc                                            [INFO   ]  Search path : /datasets/work/oa-amd/work/amd/Metagenome_QC_reads/401654_HL7J5DSX3-1_R2p_fastqc.html
[2022-08-05 11:08:34,668] multiqc                                            [INFO   ]  Search path : /datasets/work/oa-amd/work/amd/Metagenome_QC_reads/401654_HL7J5DSX3-1_R2p_fastqc.zip
[2022-08-05 11:08:34,668] multiqc                                            [INFO   ]  Search path : /datasets/work/oa-amd/work/amd/Metagenome_QC_reads/401654_HL7J5DSX3-1_R2p.fastq.gz
[2022-08-05 11:08:34,668] multiqc                                            [INFO   ]  Search path : /datasets/work/oa-amd/work/amd/Metagenome_QC_reads/401654_QCreads.md5
[2022-08-05 11:08:34,748] multiqc                                            [DEBUG  ]  File ignored by ccs/v4 because it exceeded search pattern filesize limit: 401654_HL7J5DSX3-1_merged_fastqc.html
[2022-08-05 11:08:34,767] multiqc                                            [DEBUG  ]  File ignored by hicexplorer because it exceeded search pattern filesize limit: 401654_HL7J5DSX3-1_merged_fastqc.html
[2022-08-05 11:08:34,768] multiqc                                            [DEBUG  ]  File ignored by nanostat because it exceeded search pattern filesize limit: 401654_HL7J5DSX3-1_merged_fastqc.html
[2022-08-05 11:08:34,768] multiqc                                            [DEBUG  ]  File ignored by lima/summary because it exceeded search pattern filesize limit: 401654_HL7J5DSX3-1_merged_fastqc.html
[2022-08-05 11:08:34,804] multiqc                                            [DEBUG  ]  File ignored by vep/vep_txt because it exceeded search pattern filesize limit: 401654_HL7J5DSX3-1_merged_fastqc.html
[2022-08-05 11:08:34,804] multiqc                                            [DEBUG  ]  File ignored by longranger/invocation because it exceeded search pattern filesize limit: 401654_HL7J5DSX3-1_merged_fastqc.html
[2022-08-05 11:08:34,804] multiqc                                            [DEBUG  ]  File ignored by rockhopper because it exceeded search pattern filesize limit: 401654_HL7J5DSX3-1_merged_fastqc.html
[2022-08-05 11:08:34,804] multiqc                                            [DEBUG  ]  File ignored by rseqc/bam_stat because it exceeded search pattern filesize limit: 401654_HL7J5DSX3-1_merged_fastqc.html
[2022-08-05 11:08:34,804] multiqc                                            [DEBUG  ]  File ignored by rseqc/junction_annotation because it exceeded search pattern filesize limit: 401654_HL7J5DSX3-1_merged_fastqc.html
[2022-08-05 11:08:34,804] multiqc                                            [DEBUG  ]  File ignored by rseqc/read_distribution because it exceeded search pattern filesize limit: 401654_HL7J5DSX3-1_merged_fastqc.html
[2022-08-05 11:08:34,804] multiqc                                            [DEBUG  ]  File ignored by rseqc/infer_experiment because it exceeded search pattern filesize limit: 401654_HL7J5DSX3-1_merged_fastqc.html
[2022-08-05 11:08:36,297] multiqc                                            [DEBUG  ]  Ignoring file as matched an ignore pattern: 401654_HL7J5DSX3-1_merged.fastq.gz
[2022-08-05 11:08:36,606] multiqc                                            [DEBUG  ]  File ignored by ccs/v4 because it exceeded search pattern filesize limit: 401654_HL7J5DSX3-1_R1p_fastqc.html
[2022-08-05 11:08:36,614] multiqc                                            [DEBUG  ]  File ignored by hicexplorer because it exceeded search pattern filesize limit: 401654_HL7J5DSX3-1_R1p_fastqc.html
[2022-08-05 11:08:36,615] multiqc                                            [DEBUG  ]  File ignored by nanostat because it exceeded search pattern filesize limit: 401654_HL7J5DSX3-1_R1p_fastqc.html
[2022-08-05 11:08:36,615] multiqc                                            [DEBUG  ]  File ignored by lima/summary because it exceeded search pattern filesize limit: 401654_HL7J5DSX3-1_R1p_fastqc.html
[2022-08-05 11:08:36,634] multiqc                                            [DEBUG  ]  File ignored by vep/vep_txt because it exceeded search pattern filesize limit: 401654_HL7J5DSX3-1_R1p_fastqc.html
[2022-08-05 11:08:36,634] multiqc                                            [DEBUG  ]  File ignored by longranger/invocation because it exceeded search pattern filesize limit: 401654_HL7J5DSX3-1_R1p_fastqc.html
[2022-08-05 11:08:36,634] multiqc                                            [DEBUG  ]  File ignored by rockhopper because it exceeded search pattern filesize limit: 401654_HL7J5DSX3-1_R1p_fastqc.html
[2022-08-05 11:08:36,635] multiqc                                            [DEBUG  ]  File ignored by rseqc/bam_stat because it exceeded search pattern filesize limit: 401654_HL7J5DSX3-1_R1p_fastqc.html
[2022-08-05 11:08:36,635] multiqc                                            [DEBUG  ]  File ignored by rseqc/junction_annotation because it exceeded search pattern filesize limit: 401654_HL7J5DSX3-1_R1p_fastqc.html
[2022-08-05 11:08:36,635] multiqc                                            [DEBUG  ]  File ignored by rseqc/read_distribution because it exceeded search pattern filesize limit: 401654_HL7J5DSX3-1_R1p_fastqc.html
[2022-08-05 11:08:36,635] multiqc                                            [DEBUG  ]  File ignored by rseqc/infer_experiment because it exceeded search pattern filesize limit: 401654_HL7J5DSX3-1_R1p_fastqc.html
[2022-08-05 11:08:36,721] multiqc                                            [DEBUG  ]  Ignoring file as matched an ignore pattern: 401654_HL7J5DSX3-1_R1p.fastq.gz
[2022-08-05 11:08:36,794] multiqc                                            [DEBUG  ]  File ignored by ccs/v4 because it exceeded search pattern filesize limit: 401654_HL7J5DSX3-1_R1R2u_fastqc.html
[2022-08-05 11:08:36,809] multiqc                                            [DEBUG  ]  File ignored by hicexplorer because it exceeded search pattern filesize limit: 401654_HL7J5DSX3-1_R1R2u_fastqc.html
[2022-08-05 11:08:36,810] multiqc                                            [DEBUG  ]  File ignored by nanostat because it exceeded search pattern filesize limit: 401654_HL7J5DSX3-1_R1R2u_fastqc.html
[2022-08-05 11:08:36,810] multiqc                                            [DEBUG  ]  File ignored by lima/summary because it exceeded search pattern filesize limit: 401654_HL7J5DSX3-1_R1R2u_fastqc.html
[2022-08-05 11:08:36,821] multiqc                                            [DEBUG  ]  File ignored by vep/vep_txt because it exceeded search pattern filesize limit: 401654_HL7J5DSX3-1_R1R2u_fastqc.html
[2022-08-05 11:08:36,821] multiqc                                            [DEBUG  ]  File ignored by longranger/invocation because it exceeded search pattern filesize limit: 401654_HL7J5DSX3-1_R1R2u_fastqc.html
[2022-08-05 11:08:36,821] multiqc                                            [DEBUG  ]  File ignored by rockhopper because it exceeded search pattern filesize limit: 401654_HL7J5DSX3-1_R1R2u_fastqc.html
[2022-08-05 11:08:36,821] multiqc                                            [DEBUG  ]  File ignored by rseqc/bam_stat because it exceeded search pattern filesize limit: 401654_HL7J5DSX3-1_R1R2u_fastqc.html
[2022-08-05 11:08:36,821] multiqc                                            [DEBUG  ]  File ignored by rseqc/junction_annotation because it exceeded search pattern filesize limit: 401654_HL7J5DSX3-1_R1R2u_fastqc.html
[2022-08-05 11:08:36,821] multiqc                                            [DEBUG  ]  File ignored by rseqc/read_distribution because it exceeded search pattern filesize limit: 401654_HL7J5DSX3-1_R1R2u_fastqc.html
[2022-08-05 11:08:36,821] multiqc                                            [DEBUG  ]  File ignored by rseqc/infer_experiment because it exceeded search pattern filesize limit: 401654_HL7J5DSX3-1_R1R2u_fastqc.html
[2022-08-05 11:08:37,702] multiqc                                            [DEBUG  ]  Ignoring file as matched an ignore pattern: 401654_HL7J5DSX3-1_R1R2u.fastq.gz
[2022-08-05 11:08:37,786] multiqc                                            [DEBUG  ]  File ignored by ccs/v4 because it exceeded search pattern filesize limit: 401654_HL7J5DSX3-1_R2p_fastqc.html
[2022-08-05 11:08:37,793] multiqc                                            [DEBUG  ]  File ignored by hicexplorer because it exceeded search pattern filesize limit: 401654_HL7J5DSX3-1_R2p_fastqc.html
[2022-08-05 11:08:37,794] multiqc                                            [DEBUG  ]  File ignored by nanostat because it exceeded search pattern filesize limit: 401654_HL7J5DSX3-1_R2p_fastqc.html
[2022-08-05 11:08:37,794] multiqc                                            [DEBUG  ]  File ignored by lima/summary because it exceeded search pattern filesize limit: 401654_HL7J5DSX3-1_R2p_fastqc.html
[2022-08-05 11:08:37,808] multiqc                                            [DEBUG  ]  File ignored by vep/vep_txt because it exceeded search pattern filesize limit: 401654_HL7J5DSX3-1_R2p_fastqc.html
[2022-08-05 11:08:37,808] multiqc                                            [DEBUG  ]  File ignored by longranger/invocation because it exceeded search pattern filesize limit: 401654_HL7J5DSX3-1_R2p_fastqc.html
[2022-08-05 11:08:37,808] multiqc                                            [DEBUG  ]  File ignored by rockhopper because it exceeded search pattern filesize limit: 401654_HL7J5DSX3-1_R2p_fastqc.html
[2022-08-05 11:08:37,808] multiqc                                            [DEBUG  ]  File ignored by rseqc/bam_stat because it exceeded search pattern filesize limit: 401654_HL7J5DSX3-1_R2p_fastqc.html
[2022-08-05 11:08:37,808] multiqc                                            [DEBUG  ]  File ignored by rseqc/junction_annotation because it exceeded search pattern filesize limit: 401654_HL7J5DSX3-1_R2p_fastqc.html
[2022-08-05 11:08:37,808] multiqc                                            [DEBUG  ]  File ignored by rseqc/read_distribution because it exceeded search pattern filesize limit: 401654_HL7J5DSX3-1_R2p_fastqc.html
[2022-08-05 11:08:37,808] multiqc                                            [DEBUG  ]  File ignored by rseqc/infer_experiment because it exceeded search pattern filesize limit: 401654_HL7J5DSX3-1_R2p_fastqc.html
[2022-08-05 11:08:38,391] multiqc                                            [DEBUG  ]  Ignoring file as matched an ignore pattern: 401654_HL7J5DSX3-1_R2p.fastq.gz
[2022-08-05 11:08:38,392] multiqc                                            [DEBUG  ]  Ignoring file as matched an ignore pattern: 401654_QCreads.md5
[2022-08-05 11:08:41,999] multiqc.plots.bargraph                             [DEBUG  ]  Using matplotlib version 3.3.4
[2022-08-05 11:08:42,003] multiqc.plots.linegraph                            [DEBUG  ]  Using matplotlib version 3.3.4
[2022-08-05 11:08:42,006] multiqc                                            [DEBUG  ]  No samples found: custom_content
[2022-08-05 11:08:42,011] multiqc                                            [DEBUG  ]  No samples found: ccs
[2022-08-05 11:08:42,017] multiqc                                            [DEBUG  ]  No samples found: ngsderive
[2022-08-05 11:08:42,022] multiqc                                            [DEBUG  ]  No samples found: purple
[2022-08-05 11:08:42,027] multiqc                                            [DEBUG  ]  No samples found: conpair
[2022-08-05 11:08:42,032] multiqc                                            [DEBUG  ]  No samples found: lima
[2022-08-05 11:08:42,037] multiqc                                            [DEBUG  ]  No samples found: peddy
[2022-08-05 11:08:42,044] multiqc                                            [DEBUG  ]  No samples found: somalier
[2022-08-05 11:08:42,049] multiqc                                            [DEBUG  ]  No samples found: methylQA
[2022-08-05 11:08:42,059] multiqc.modules.mosdepth.mosdepth                  [DEBUG  ]  include_contigs: []
[2022-08-05 11:08:42,059] multiqc.modules.mosdepth.mosdepth                  [DEBUG  ]  exclude_contigs: []
[2022-08-05 11:08:42,059] multiqc                                            [DEBUG  ]  No samples found: mosdepth
[2022-08-05 11:08:42,063] multiqc                                            [DEBUG  ]  No samples found: phantompeakqualtools
[2022-08-05 11:08:42,066] multiqc                                            [DEBUG  ]  No samples found: qualimap
[2022-08-05 11:08:42,072] multiqc                                            [DEBUG  ]  No samples found: preseq
[2022-08-05 11:08:42,078] multiqc                                            [DEBUG  ]  No samples found: quast
[2022-08-05 11:08:42,313] multiqc                                            [DEBUG  ]  No samples found: qorts
[2022-08-05 11:08:42,318] multiqc                                            [DEBUG  ]  No samples found: rna_seqc
[2022-08-05 11:08:42,323] multiqc                                            [DEBUG  ]  No samples found: rockhopper
[2022-08-05 11:08:42,327] multiqc                                            [DEBUG  ]  No samples found: rsem
[2022-08-05 11:08:42,342] multiqc                                            [DEBUG  ]  No samples found: rseqc
[2022-08-05 11:08:42,346] multiqc                                            [DEBUG  ]  No samples found: busco
[2022-08-05 11:08:42,351] multiqc                                            [DEBUG  ]  No samples found: bustools
[2022-08-05 11:08:42,356] multiqc                                            [DEBUG  ]  No samples found: goleft_indexcov
[2022-08-05 11:08:42,362] multiqc                                            [DEBUG  ]  No samples found: gffcompare
[2022-08-05 11:08:42,367] multiqc                                            [DEBUG  ]  No samples found: disambiguate
[2022-08-05 11:08:42,373] multiqc                                            [DEBUG  ]  No samples found: supernova
[2022-08-05 11:08:42,391] multiqc                                            [DEBUG  ]  No samples found: deeptools
[2022-08-05 11:08:42,395] multiqc                                            [DEBUG  ]  No samples found: sargasso
[2022-08-05 11:08:42,400] multiqc                                            [DEBUG  ]  No samples found: verifybamid
[2022-08-05 11:08:42,406] multiqc                                            [DEBUG  ]  No samples found: mirtrace
[2022-08-05 11:08:42,411] multiqc                                            [DEBUG  ]  No samples found: happy
[2022-08-05 11:08:42,417] multiqc                                            [DEBUG  ]  No samples found: mirtop
[2022-08-05 11:08:42,422] multiqc                                            [DEBUG  ]  No samples found: sambamba
[2022-08-05 11:08:42,431] multiqc                                            [DEBUG  ]  No samples found: homer
[2022-08-05 11:08:42,436] multiqc                                            [DEBUG  ]  No samples found: hops
[2022-08-05 11:08:42,440] multiqc                                            [DEBUG  ]  No samples found: macs2
[2022-08-05 11:08:42,445] multiqc                                            [DEBUG  ]  No samples found: theta2
[2022-08-05 11:08:42,450] multiqc                                            [DEBUG  ]  No samples found: snpeff
[2022-08-05 11:08:42,458] multiqc                                            [DEBUG  ]  No samples found: gatk
[2022-08-05 11:08:42,462] multiqc                                            [DEBUG  ]  No samples found: htseq
[2022-08-05 11:08:42,468] multiqc                                            [DEBUG  ]  No samples found: bcftools
[2022-08-05 11:08:42,473] multiqc                                            [DEBUG  ]  No samples found: featureCounts
[2022-08-05 11:08:42,479] multiqc                                            [DEBUG  ]  No samples found: fgbio
[2022-08-05 11:08:42,495] multiqc                                            [DEBUG  ]  No samples found: dragen
[2022-08-05 11:08:42,500] multiqc                                            [DEBUG  ]  No samples found: dedup
[2022-08-05 11:08:42,505] multiqc                                            [DEBUG  ]  No samples found: damageprofiler
[2022-08-05 11:08:42,774] multiqc                                            [DEBUG  ]  No samples found: biobambam2
[2022-08-05 11:08:42,779] multiqc                                            [DEBUG  ]  No samples found: jcvi
[2022-08-05 11:08:42,784] multiqc                                            [DEBUG  ]  No samples found: mtnucratio
[2022-08-05 11:08:42,786] multiqc                                            [DEBUG  ]  No samples found: picard
[2022-08-05 11:08:42,792] multiqc                                            [DEBUG  ]  No samples found: vep
[2022-08-05 11:08:42,799] multiqc                                            [DEBUG  ]  No samples found: sentieon
[2022-08-05 11:08:42,804] multiqc                                            [DEBUG  ]  No samples found: prokka
[2022-08-05 11:08:42,812] multiqc                                            [DEBUG  ]  No samples found: qc3C
[2022-08-05 11:08:42,817] multiqc                                            [DEBUG  ]  No samples found: nanostat
[2022-08-05 11:08:42,821] multiqc                                            [DEBUG  ]  No samples found: samblaster
[2022-08-05 11:08:42,832] multiqc                                            [DEBUG  ]  No samples found: samtools
[2022-08-05 11:08:42,837] multiqc                                            [DEBUG  ]  No samples found: sexdeterrmine
[2022-08-05 11:08:42,841] multiqc                                            [DEBUG  ]  No samples found: eigenstratdatabasetools
[2022-08-05 11:08:42,846] multiqc                                            [DEBUG  ]  No samples found: bamtools
[2022-08-05 11:08:42,851] multiqc                                            [DEBUG  ]  No samples found: jellyfish
[2022-08-05 11:08:42,862] multiqc                                            [DEBUG  ]  No samples found: vcftools
[2022-08-05 11:08:42,868] multiqc                                            [DEBUG  ]  No samples found: longranger
[2022-08-05 11:08:42,874] multiqc                                            [DEBUG  ]  No samples found: stacks
[2022-08-05 11:08:42,879] multiqc                                            [DEBUG  ]  No samples found: varscan2
[2022-08-05 11:08:42,884] multiqc                                            [DEBUG  ]  No samples found: snippy
[2022-08-05 11:08:42,903] multiqc                                            [DEBUG  ]  No samples found: bbmap
[2022-08-05 11:08:42,909] multiqc                                            [DEBUG  ]  No samples found: bismark
[2022-08-05 11:08:42,918] multiqc                                            [DEBUG  ]  No samples found: biscuit
[2022-08-05 11:08:42,923] multiqc                                            [DEBUG  ]  No samples found: hicexplorer
[2022-08-05 11:08:42,928] multiqc                                            [DEBUG  ]  No samples found: hicup
[2022-08-05 11:08:42,934] multiqc                                            [DEBUG  ]  No samples found: hicpro
[2022-08-05 11:08:42,938] multiqc                                            [DEBUG  ]  No samples found: salmon
[2022-08-05 11:08:42,942] multiqc                                            [DEBUG  ]  No samples found: kallisto
[2022-08-05 11:08:42,949] multiqc                                            [DEBUG  ]  No samples found: slamdunk
[2022-08-05 11:08:42,954] multiqc                                            [DEBUG  ]  No samples found: star
[2022-08-05 11:08:42,959] multiqc                                            [DEBUG  ]  No samples found: hisat2
[2022-08-05 11:08:42,964] multiqc                                            [DEBUG  ]  No samples found: tophat
[2022-08-05 11:08:42,969] multiqc                                            [DEBUG  ]  No samples found: bowtie2
[2022-08-05 11:08:42,973] multiqc                                            [DEBUG  ]  No samples found: bowtie1
[2022-08-05 11:08:42,978] multiqc                                            [DEBUG  ]  No samples found: snpsplit
[2022-08-05 11:08:42,984] multiqc                                            [DEBUG  ]  No samples found: odgi
[2022-08-05 11:08:42,989] multiqc                                            [DEBUG  ]  No samples found: pangolin
[2022-08-05 11:08:42,993] multiqc                                            [DEBUG  ]  No samples found: kat
[2022-08-05 11:08:42,998] multiqc                                            [DEBUG  ]  No samples found: leehom
[2022-08-05 11:08:43,004] multiqc                                            [DEBUG  ]  No samples found: adapterRemoval
[2022-08-05 11:08:43,008] multiqc                                            [DEBUG  ]  No samples found: clipandmerge
[2022-08-05 11:08:43,013] multiqc                                            [DEBUG  ]  No samples found: cutadapt
[2022-08-05 11:08:43,018] multiqc                                            [DEBUG  ]  No samples found: flexbar
[2022-08-05 11:08:43,023] multiqc                                            [DEBUG  ]  No samples found: kaiju
[2022-08-05 11:08:43,029] multiqc                                            [DEBUG  ]  No samples found: kraken
[2022-08-05 11:08:43,033] multiqc                                            [DEBUG  ]  No samples found: malt
[2022-08-05 11:08:43,038] multiqc                                            [DEBUG  ]  No samples found: trimmomatic
[2022-08-05 11:08:43,043] multiqc                                            [DEBUG  ]  No samples found: sickle
[2022-08-05 11:08:43,048] multiqc                                            [DEBUG  ]  No samples found: skewer
[2022-08-05 11:08:43,052] multiqc                                            [DEBUG  ]  No samples found: sortmerna
[2022-08-05 11:08:43,057] multiqc                                            [DEBUG  ]  No samples found: biobloomtools
[2022-08-05 11:08:43,292] multiqc                                            [DEBUG  ]  No samples found: fastq_screen
[2022-08-05 11:08:43,297] multiqc                                            [DEBUG  ]  No samples found: afterqc
[2022-08-05 11:08:43,304] multiqc                                            [DEBUG  ]  No samples found: fastp
[2022-08-05 11:08:44,913] multiqc.modules.fastqc.fastqc                      [INFO   ]  Found 4 reports
[2022-08-05 11:08:44,962] multiqc                                            [DEBUG  ]  No samples found: pychopper
[2022-08-05 11:08:44,967] multiqc                                            [DEBUG  ]  No samples found: pycoqc
[2022-08-05 11:08:44,973] multiqc                                            [DEBUG  ]  No samples found: minionqc
[2022-08-05 11:08:44,978] multiqc                                            [DEBUG  ]  No samples found: multivcfanalyzer
[2022-08-05 11:08:44,983] multiqc                                            [DEBUG  ]  No samples found: clusterflow
[2022-08-05 11:08:44,990] multiqc                                            [DEBUG  ]  No samples found: bcl2fastq
[2022-08-05 11:08:44,997] multiqc                                            [DEBUG  ]  No samples found: bclconvert
[2022-08-05 11:08:45,003] multiqc                                            [DEBUG  ]  No samples found: interop
[2022-08-05 11:08:45,007] multiqc                                            [DEBUG  ]  No samples found: ivar
[2022-08-05 11:08:45,012] multiqc                                            [DEBUG  ]  No samples found: flash
[2022-08-05 11:08:45,017] multiqc                                            [DEBUG  ]  No samples found: seqyclean
[2022-08-05 11:08:45,021] multiqc                                            [DEBUG  ]  No samples found: optitype
[2022-08-05 11:08:45,025] multiqc                                            [INFO   ]  Compressing plot data
[2022-08-05 11:08:45,126] multiqc                                            [INFO   ]  Report      : 401654_MGSD_CSIRO.qc.stats/multiqc_report.html
[2022-08-05 11:08:45,126] multiqc                                            [INFO   ]  Data        : 401654_MGSD_CSIRO.qc.stats/multiqc_data
[2022-08-05 11:08:45,126] multiqc                                            [DEBUG  ]  Moving data file from '/tmp/smi9a9.8585554/tmpahj_6ki7/multiqc_data' to '401654_MGSD_CSIRO.qc.stats/multiqc_data'
[2022-08-05 11:08:45,276] multiqc                                            [INFO   ]  MultiQC complete
