[2022-08-05 11:13:46,025] multiqc                                            [DEBUG  ]  This is MultiQC v1.11
[2022-08-05 11:13:46,025] multiqc                                            [DEBUG  ]  No MultiQC config found: /apps/multiqc/1.11/lib/python3.9/site-packages/multiqc_config.yaml
[2022-08-05 11:13:46,025] multiqc                                            [DEBUG  ]  No MultiQC config found: /home/smi9a9/.multiqc_config.yaml
[2022-08-05 11:13:52,196] multiqc                                            [DEBUG  ]  No MultiQC config found: multiqc_config.yaml
[2022-08-05 11:13:52,196] multiqc                                            [DEBUG  ]  Command used: /apps/multiqc/1.11/bin/multiqc ./13729_combined_merged_fastqc.html ./13729_combined_merged_fastqc.zip ./13729_combined_merged.fastq.gz ./13729_combined_R1p_fastqc.html ./13729_combined_R1p_fastqc.zip ./13729_combined_R1p.fastq.gz ./13729_combined_R1R2u_fastqc.html ./13729_combined_R1R2u_fastqc.zip ./13729_combined_R1R2u.fastq.gz ./13729_combined_R2p_fastqc.html ./13729_combined_R2p_fastqc.zip ./13729_combined_R2p.fastq.gz ./13729_QCreads.md5 -o 13729_MGSD_CSIRO.qc.stats
[2022-08-05 11:13:52,198] multiqc                                            [DEBUG  ]  Could not connect to multiqc.info for version check: <urlopen error [Errno 111] Connection refused>
[2022-08-05 11:13:52,199] multiqc                                            [DEBUG  ]  Command     : /apps/multiqc/1.11/bin/multiqc ./13729_combined_merged_fastqc.html ./13729_combined_merged_fastqc.zip ./13729_combined_merged.fastq.gz ./13729_combined_R1p_fastqc.html ./13729_combined_R1p_fastqc.zip ./13729_combined_R1p.fastq.gz ./13729_combined_R1R2u_fastqc.html ./13729_combined_R1R2u_fastqc.zip ./13729_combined_R1R2u.fastq.gz ./13729_combined_R2p_fastqc.html ./13729_combined_R2p_fastqc.zip ./13729_combined_R2p.fastq.gz ./13729_QCreads.md5 -o 13729_MGSD_CSIRO.qc.stats
[2022-08-05 11:13:52,199] multiqc                                            [DEBUG  ]  Working dir : /datasets/work/oa-amd/work/amd/Metagenome_QC_reads
[2022-08-05 11:13:52,199] multiqc                                            [DEBUG  ]  Template    : default
[2022-08-05 11:13:52,199] multiqc                                            [DEBUG  ]  Running Python 3.9.4 (default, Apr 25 2021, 16:13:27)  [GCC 10.3.0]
[2022-08-05 11:13:52,199] multiqc                                            [DEBUG  ]  Analysing modules: custom_content, ccs, ngsderive, purple, conpair, lima, peddy, somalier, methylQA, mosdepth, phantompeakqualtools, qualimap, preseq, quast, qorts, rna_seqc, rockhopper, rsem, rseqc, busco, bustools, goleft_indexcov, gffcompare, disambiguate, supernova, deeptools, sargasso, verifybamid, mirtrace, happy, mirtop, sambamba, homer, hops, macs2, theta2, snpeff, gatk, htseq, bcftools, featureCounts, fgbio, dragen, dedup, damageprofiler, biobambam2, jcvi, mtnucratio, picard, vep, sentieon, prokka, qc3C, nanostat, samblaster, samtools, sexdeterrmine, eigenstratdatabasetools, bamtools, jellyfish, vcftools, longranger, stacks, varscan2, snippy, bbmap, bismark, biscuit, hicexplorer, hicup, hicpro, salmon, kallisto, slamdunk, star, hisat2, tophat, bowtie2, bowtie1, snpsplit, odgi, pangolin, kat, leehom, adapterRemoval, clipandmerge, cutadapt, flexbar, kaiju, kraken, malt, trimmomatic, sickle, skewer, sortmerna, biobloomtools, fastq_screen, afterqc, fastp, fastqc, pychopper, pycoqc, minionqc, multivcfanalyzer, clusterflow, bcl2fastq, bclconvert, interop, ivar, flash, seqyclean, optitype
[2022-08-05 11:13:52,199] multiqc                                            [DEBUG  ]  Using temporary directory for creating report: /tmp/smi9a9.8586122/tmpplzwk27q
[2022-08-05 11:13:52,261] multiqc                                            [INFO   ]  Search path : /datasets/work/oa-amd/work/amd/Metagenome_QC_reads/13729_combined_merged_fastqc.html
[2022-08-05 11:13:52,261] multiqc                                            [INFO   ]  Search path : /datasets/work/oa-amd/work/amd/Metagenome_QC_reads/13729_combined_merged_fastqc.zip
[2022-08-05 11:13:52,261] multiqc                                            [INFO   ]  Search path : /datasets/work/oa-amd/work/amd/Metagenome_QC_reads/13729_combined_merged.fastq.gz
[2022-08-05 11:13:52,261] multiqc                                            [INFO   ]  Search path : /datasets/work/oa-amd/work/amd/Metagenome_QC_reads/13729_combined_R1p_fastqc.html
[2022-08-05 11:13:52,261] multiqc                                            [INFO   ]  Search path : /datasets/work/oa-amd/work/amd/Metagenome_QC_reads/13729_combined_R1p_fastqc.zip
[2022-08-05 11:13:52,261] multiqc                                            [INFO   ]  Search path : /datasets/work/oa-amd/work/amd/Metagenome_QC_reads/13729_combined_R1p.fastq.gz
[2022-08-05 11:13:52,261] multiqc                                            [INFO   ]  Search path : /datasets/work/oa-amd/work/amd/Metagenome_QC_reads/13729_combined_R1R2u_fastqc.html
[2022-08-05 11:13:52,261] multiqc                                            [INFO   ]  Search path : /datasets/work/oa-amd/work/amd/Metagenome_QC_reads/13729_combined_R1R2u_fastqc.zip
[2022-08-05 11:13:52,261] multiqc                                            [INFO   ]  Search path : /datasets/work/oa-amd/work/amd/Metagenome_QC_reads/13729_combined_R1R2u.fastq.gz
[2022-08-05 11:13:52,261] multiqc                                            [INFO   ]  Search path : /datasets/work/oa-amd/work/amd/Metagenome_QC_reads/13729_combined_R2p_fastqc.html
[2022-08-05 11:13:52,261] multiqc                                            [INFO   ]  Search path : /datasets/work/oa-amd/work/amd/Metagenome_QC_reads/13729_combined_R2p_fastqc.zip
[2022-08-05 11:13:52,261] multiqc                                            [INFO   ]  Search path : /datasets/work/oa-amd/work/amd/Metagenome_QC_reads/13729_combined_R2p.fastq.gz
[2022-08-05 11:13:52,261] multiqc                                            [INFO   ]  Search path : /datasets/work/oa-amd/work/amd/Metagenome_QC_reads/13729_QCreads.md5
[2022-08-05 11:13:53,004] multiqc                                            [DEBUG  ]  File ignored by ccs/v4 because it exceeded search pattern filesize limit: 13729_combined_merged_fastqc.html
[2022-08-05 11:13:53,012] multiqc                                            [DEBUG  ]  File ignored by hicexplorer because it exceeded search pattern filesize limit: 13729_combined_merged_fastqc.html
[2022-08-05 11:13:53,013] multiqc                                            [DEBUG  ]  File ignored by nanostat because it exceeded search pattern filesize limit: 13729_combined_merged_fastqc.html
[2022-08-05 11:13:53,013] multiqc                                            [DEBUG  ]  File ignored by lima/summary because it exceeded search pattern filesize limit: 13729_combined_merged_fastqc.html
[2022-08-05 11:13:53,029] multiqc                                            [DEBUG  ]  File ignored by vep/vep_txt because it exceeded search pattern filesize limit: 13729_combined_merged_fastqc.html
[2022-08-05 11:13:53,029] multiqc                                            [DEBUG  ]  File ignored by longranger/invocation because it exceeded search pattern filesize limit: 13729_combined_merged_fastqc.html
[2022-08-05 11:13:53,029] multiqc                                            [DEBUG  ]  File ignored by rockhopper because it exceeded search pattern filesize limit: 13729_combined_merged_fastqc.html
[2022-08-05 11:13:53,029] multiqc                                            [DEBUG  ]  File ignored by rseqc/bam_stat because it exceeded search pattern filesize limit: 13729_combined_merged_fastqc.html
[2022-08-05 11:13:53,029] multiqc                                            [DEBUG  ]  File ignored by rseqc/junction_annotation because it exceeded search pattern filesize limit: 13729_combined_merged_fastqc.html
[2022-08-05 11:13:53,029] multiqc                                            [DEBUG  ]  File ignored by rseqc/read_distribution because it exceeded search pattern filesize limit: 13729_combined_merged_fastqc.html
[2022-08-05 11:13:53,029] multiqc                                            [DEBUG  ]  File ignored by rseqc/infer_experiment because it exceeded search pattern filesize limit: 13729_combined_merged_fastqc.html
[2022-08-05 11:13:53,267] multiqc                                            [DEBUG  ]  Ignoring file as matched an ignore pattern: 13729_combined_merged.fastq.gz
[2022-08-05 11:13:53,349] multiqc                                            [DEBUG  ]  File ignored by ccs/v4 because it exceeded search pattern filesize limit: 13729_combined_R1p_fastqc.html
[2022-08-05 11:13:53,384] multiqc                                            [DEBUG  ]  File ignored by hicexplorer because it exceeded search pattern filesize limit: 13729_combined_R1p_fastqc.html
[2022-08-05 11:13:53,438] multiqc                                            [DEBUG  ]  File ignored by nanostat because it exceeded search pattern filesize limit: 13729_combined_R1p_fastqc.html
[2022-08-05 11:13:53,438] multiqc                                            [DEBUG  ]  File ignored by lima/summary because it exceeded search pattern filesize limit: 13729_combined_R1p_fastqc.html
[2022-08-05 11:13:53,452] multiqc                                            [DEBUG  ]  File ignored by vep/vep_txt because it exceeded search pattern filesize limit: 13729_combined_R1p_fastqc.html
[2022-08-05 11:13:53,452] multiqc                                            [DEBUG  ]  File ignored by longranger/invocation because it exceeded search pattern filesize limit: 13729_combined_R1p_fastqc.html
[2022-08-05 11:13:53,452] multiqc                                            [DEBUG  ]  File ignored by rockhopper because it exceeded search pattern filesize limit: 13729_combined_R1p_fastqc.html
[2022-08-05 11:13:53,452] multiqc                                            [DEBUG  ]  File ignored by rseqc/bam_stat because it exceeded search pattern filesize limit: 13729_combined_R1p_fastqc.html
[2022-08-05 11:13:53,452] multiqc                                            [DEBUG  ]  File ignored by rseqc/junction_annotation because it exceeded search pattern filesize limit: 13729_combined_R1p_fastqc.html
[2022-08-05 11:13:53,452] multiqc                                            [DEBUG  ]  File ignored by rseqc/read_distribution because it exceeded search pattern filesize limit: 13729_combined_R1p_fastqc.html
[2022-08-05 11:13:53,452] multiqc                                            [DEBUG  ]  File ignored by rseqc/infer_experiment because it exceeded search pattern filesize limit: 13729_combined_R1p_fastqc.html
[2022-08-05 11:13:53,813] multiqc                                            [DEBUG  ]  Ignoring file as matched an ignore pattern: 13729_combined_R1p.fastq.gz
[2022-08-05 11:13:54,010] multiqc                                            [DEBUG  ]  File ignored by ccs/v4 because it exceeded search pattern filesize limit: 13729_combined_R1R2u_fastqc.html
[2022-08-05 11:13:54,023] multiqc                                            [DEBUG  ]  File ignored by hicexplorer because it exceeded search pattern filesize limit: 13729_combined_R1R2u_fastqc.html
[2022-08-05 11:13:54,024] multiqc                                            [DEBUG  ]  File ignored by nanostat because it exceeded search pattern filesize limit: 13729_combined_R1R2u_fastqc.html
[2022-08-05 11:13:54,024] multiqc                                            [DEBUG  ]  File ignored by lima/summary because it exceeded search pattern filesize limit: 13729_combined_R1R2u_fastqc.html
[2022-08-05 11:13:54,038] multiqc                                            [DEBUG  ]  File ignored by vep/vep_txt because it exceeded search pattern filesize limit: 13729_combined_R1R2u_fastqc.html
[2022-08-05 11:13:54,038] multiqc                                            [DEBUG  ]  File ignored by longranger/invocation because it exceeded search pattern filesize limit: 13729_combined_R1R2u_fastqc.html
[2022-08-05 11:13:54,038] multiqc                                            [DEBUG  ]  File ignored by rockhopper because it exceeded search pattern filesize limit: 13729_combined_R1R2u_fastqc.html
[2022-08-05 11:13:54,038] multiqc                                            [DEBUG  ]  File ignored by rseqc/bam_stat because it exceeded search pattern filesize limit: 13729_combined_R1R2u_fastqc.html
[2022-08-05 11:13:54,038] multiqc                                            [DEBUG  ]  File ignored by rseqc/junction_annotation because it exceeded search pattern filesize limit: 13729_combined_R1R2u_fastqc.html
[2022-08-05 11:13:54,038] multiqc                                            [DEBUG  ]  File ignored by rseqc/read_distribution because it exceeded search pattern filesize limit: 13729_combined_R1R2u_fastqc.html
[2022-08-05 11:13:54,038] multiqc                                            [DEBUG  ]  File ignored by rseqc/infer_experiment because it exceeded search pattern filesize limit: 13729_combined_R1R2u_fastqc.html
[2022-08-05 11:13:54,124] multiqc                                            [DEBUG  ]  Ignoring file as matched an ignore pattern: 13729_combined_R1R2u.fastq.gz
[2022-08-05 11:13:54,258] multiqc                                            [DEBUG  ]  File ignored by ccs/v4 because it exceeded search pattern filesize limit: 13729_combined_R2p_fastqc.html
[2022-08-05 11:13:54,337] multiqc                                            [DEBUG  ]  File ignored by hicexplorer because it exceeded search pattern filesize limit: 13729_combined_R2p_fastqc.html
[2022-08-05 11:13:54,340] multiqc                                            [DEBUG  ]  File ignored by nanostat because it exceeded search pattern filesize limit: 13729_combined_R2p_fastqc.html
[2022-08-05 11:13:54,340] multiqc                                            [DEBUG  ]  File ignored by lima/summary because it exceeded search pattern filesize limit: 13729_combined_R2p_fastqc.html
[2022-08-05 11:13:54,495] multiqc                                            [DEBUG  ]  File ignored by vep/vep_txt because it exceeded search pattern filesize limit: 13729_combined_R2p_fastqc.html
[2022-08-05 11:13:54,495] multiqc                                            [DEBUG  ]  File ignored by longranger/invocation because it exceeded search pattern filesize limit: 13729_combined_R2p_fastqc.html
[2022-08-05 11:13:54,496] multiqc                                            [DEBUG  ]  File ignored by rockhopper because it exceeded search pattern filesize limit: 13729_combined_R2p_fastqc.html
[2022-08-05 11:13:54,496] multiqc                                            [DEBUG  ]  File ignored by rseqc/bam_stat because it exceeded search pattern filesize limit: 13729_combined_R2p_fastqc.html
[2022-08-05 11:13:54,496] multiqc                                            [DEBUG  ]  File ignored by rseqc/junction_annotation because it exceeded search pattern filesize limit: 13729_combined_R2p_fastqc.html
[2022-08-05 11:13:54,496] multiqc                                            [DEBUG  ]  File ignored by rseqc/read_distribution because it exceeded search pattern filesize limit: 13729_combined_R2p_fastqc.html
[2022-08-05 11:13:54,496] multiqc                                            [DEBUG  ]  File ignored by rseqc/infer_experiment because it exceeded search pattern filesize limit: 13729_combined_R2p_fastqc.html
[2022-08-05 11:13:54,774] multiqc                                            [DEBUG  ]  Ignoring file as matched an ignore pattern: 13729_combined_R2p.fastq.gz
[2022-08-05 11:13:54,774] multiqc                                            [DEBUG  ]  Ignoring file as matched an ignore pattern: 13729_QCreads.md5
[2022-08-05 11:13:56,419] multiqc.plots.bargraph                             [DEBUG  ]  Using matplotlib version 3.3.4
[2022-08-05 11:13:56,423] multiqc.plots.linegraph                            [DEBUG  ]  Using matplotlib version 3.3.4
[2022-08-05 11:13:56,426] multiqc                                            [DEBUG  ]  No samples found: custom_content
[2022-08-05 11:13:56,431] multiqc                                            [DEBUG  ]  No samples found: ccs
[2022-08-05 11:13:56,436] multiqc                                            [DEBUG  ]  No samples found: ngsderive
[2022-08-05 11:13:56,441] multiqc                                            [DEBUG  ]  No samples found: purple
[2022-08-05 11:13:56,445] multiqc                                            [DEBUG  ]  No samples found: conpair
[2022-08-05 11:13:56,450] multiqc                                            [DEBUG  ]  No samples found: lima
[2022-08-05 11:13:56,455] multiqc                                            [DEBUG  ]  No samples found: peddy
[2022-08-05 11:13:56,461] multiqc                                            [DEBUG  ]  No samples found: somalier
[2022-08-05 11:13:56,465] multiqc                                            [DEBUG  ]  No samples found: methylQA
[2022-08-05 11:13:56,475] multiqc.modules.mosdepth.mosdepth                  [DEBUG  ]  include_contigs: []
[2022-08-05 11:13:56,475] multiqc.modules.mosdepth.mosdepth                  [DEBUG  ]  exclude_contigs: []
[2022-08-05 11:13:56,475] multiqc                                            [DEBUG  ]  No samples found: mosdepth
[2022-08-05 11:13:56,479] multiqc                                            [DEBUG  ]  No samples found: phantompeakqualtools
[2022-08-05 11:13:56,482] multiqc                                            [DEBUG  ]  No samples found: qualimap
[2022-08-05 11:13:56,487] multiqc                                            [DEBUG  ]  No samples found: preseq
[2022-08-05 11:13:56,493] multiqc                                            [DEBUG  ]  No samples found: quast
[2022-08-05 11:13:56,497] multiqc                                            [DEBUG  ]  No samples found: qorts
[2022-08-05 11:13:56,502] multiqc                                            [DEBUG  ]  No samples found: rna_seqc
[2022-08-05 11:13:56,507] multiqc                                            [DEBUG  ]  No samples found: rockhopper
[2022-08-05 11:13:56,511] multiqc                                            [DEBUG  ]  No samples found: rsem
[2022-08-05 11:13:56,525] multiqc                                            [DEBUG  ]  No samples found: rseqc
[2022-08-05 11:13:56,530] multiqc                                            [DEBUG  ]  No samples found: busco
[2022-08-05 11:13:56,534] multiqc                                            [DEBUG  ]  No samples found: bustools
[2022-08-05 11:13:56,539] multiqc                                            [DEBUG  ]  No samples found: goleft_indexcov
[2022-08-05 11:13:56,543] multiqc                                            [DEBUG  ]  No samples found: gffcompare
[2022-08-05 11:13:56,547] multiqc                                            [DEBUG  ]  No samples found: disambiguate
[2022-08-05 11:13:56,553] multiqc                                            [DEBUG  ]  No samples found: supernova
[2022-08-05 11:13:56,568] multiqc                                            [DEBUG  ]  No samples found: deeptools
[2022-08-05 11:13:56,572] multiqc                                            [DEBUG  ]  No samples found: sargasso
[2022-08-05 11:13:56,577] multiqc                                            [DEBUG  ]  No samples found: verifybamid
[2022-08-05 11:13:56,582] multiqc                                            [DEBUG  ]  No samples found: mirtrace
[2022-08-05 11:13:56,586] multiqc                                            [DEBUG  ]  No samples found: happy
[2022-08-05 11:13:56,591] multiqc                                            [DEBUG  ]  No samples found: mirtop
[2022-08-05 11:13:56,596] multiqc                                            [DEBUG  ]  No samples found: sambamba
[2022-08-05 11:13:56,604] multiqc                                            [DEBUG  ]  No samples found: homer
[2022-08-05 11:13:56,608] multiqc                                            [DEBUG  ]  No samples found: hops
[2022-08-05 11:13:56,612] multiqc                                            [DEBUG  ]  No samples found: macs2
[2022-08-05 11:13:56,616] multiqc                                            [DEBUG  ]  No samples found: theta2
[2022-08-05 11:13:56,620] multiqc                                            [DEBUG  ]  No samples found: snpeff
[2022-08-05 11:13:56,628] multiqc                                            [DEBUG  ]  No samples found: gatk
[2022-08-05 11:13:56,632] multiqc                                            [DEBUG  ]  No samples found: htseq
[2022-08-05 11:13:56,637] multiqc                                            [DEBUG  ]  No samples found: bcftools
[2022-08-05 11:13:56,641] multiqc                                            [DEBUG  ]  No samples found: featureCounts
[2022-08-05 11:13:56,647] multiqc                                            [DEBUG  ]  No samples found: fgbio
[2022-08-05 11:13:56,662] multiqc                                            [DEBUG  ]  No samples found: dragen
[2022-08-05 11:13:56,666] multiqc                                            [DEBUG  ]  No samples found: dedup
[2022-08-05 11:13:56,671] multiqc                                            [DEBUG  ]  No samples found: damageprofiler
[2022-08-05 11:13:56,706] multiqc                                            [DEBUG  ]  No samples found: biobambam2
[2022-08-05 11:13:56,712] multiqc                                            [DEBUG  ]  No samples found: jcvi
[2022-08-05 11:13:56,716] multiqc                                            [DEBUG  ]  No samples found: mtnucratio
[2022-08-05 11:13:56,718] multiqc                                            [DEBUG  ]  No samples found: picard
[2022-08-05 11:13:56,723] multiqc                                            [DEBUG  ]  No samples found: vep
[2022-08-05 11:13:56,731] multiqc                                            [DEBUG  ]  No samples found: sentieon
[2022-08-05 11:13:56,735] multiqc                                            [DEBUG  ]  No samples found: prokka
[2022-08-05 11:13:56,742] multiqc                                            [DEBUG  ]  No samples found: qc3C
[2022-08-05 11:13:56,747] multiqc                                            [DEBUG  ]  No samples found: nanostat
[2022-08-05 11:13:56,751] multiqc                                            [DEBUG  ]  No samples found: samblaster
[2022-08-05 11:13:56,761] multiqc                                            [DEBUG  ]  No samples found: samtools
[2022-08-05 11:13:56,765] multiqc                                            [DEBUG  ]  No samples found: sexdeterrmine
[2022-08-05 11:13:56,769] multiqc                                            [DEBUG  ]  No samples found: eigenstratdatabasetools
[2022-08-05 11:13:56,774] multiqc                                            [DEBUG  ]  No samples found: bamtools
[2022-08-05 11:13:56,778] multiqc                                            [DEBUG  ]  No samples found: jellyfish
[2022-08-05 11:13:56,785] multiqc                                            [DEBUG  ]  No samples found: vcftools
[2022-08-05 11:13:56,790] multiqc                                            [DEBUG  ]  No samples found: longranger
[2022-08-05 11:13:56,795] multiqc                                            [DEBUG  ]  No samples found: stacks
[2022-08-05 11:13:56,799] multiqc                                            [DEBUG  ]  No samples found: varscan2
[2022-08-05 11:13:56,803] multiqc                                            [DEBUG  ]  No samples found: snippy
[2022-08-05 11:13:56,820] multiqc                                            [DEBUG  ]  No samples found: bbmap
[2022-08-05 11:13:56,827] multiqc                                            [DEBUG  ]  No samples found: bismark
[2022-08-05 11:13:56,835] multiqc                                            [DEBUG  ]  No samples found: biscuit
[2022-08-05 11:13:56,840] multiqc                                            [DEBUG  ]  No samples found: hicexplorer
[2022-08-05 11:13:56,844] multiqc                                            [DEBUG  ]  No samples found: hicup
[2022-08-05 11:13:56,850] multiqc                                            [DEBUG  ]  No samples found: hicpro
[2022-08-05 11:13:56,854] multiqc                                            [DEBUG  ]  No samples found: salmon
[2022-08-05 11:13:57,089] multiqc                                            [DEBUG  ]  No samples found: kallisto
[2022-08-05 11:13:57,096] multiqc                                            [DEBUG  ]  No samples found: slamdunk
[2022-08-05 11:13:57,101] multiqc                                            [DEBUG  ]  No samples found: star
[2022-08-05 11:13:57,105] multiqc                                            [DEBUG  ]  No samples found: hisat2
[2022-08-05 11:13:57,109] multiqc                                            [DEBUG  ]  No samples found: tophat
[2022-08-05 11:13:57,114] multiqc                                            [DEBUG  ]  No samples found: bowtie2
[2022-08-05 11:13:57,118] multiqc                                            [DEBUG  ]  No samples found: bowtie1
[2022-08-05 11:13:57,123] multiqc                                            [DEBUG  ]  No samples found: snpsplit
[2022-08-05 11:13:57,128] multiqc                                            [DEBUG  ]  No samples found: odgi
[2022-08-05 11:13:57,132] multiqc                                            [DEBUG  ]  No samples found: pangolin
[2022-08-05 11:13:57,136] multiqc                                            [DEBUG  ]  No samples found: kat
[2022-08-05 11:13:57,140] multiqc                                            [DEBUG  ]  No samples found: leehom
[2022-08-05 11:13:57,145] multiqc                                            [DEBUG  ]  No samples found: adapterRemoval
[2022-08-05 11:13:57,150] multiqc                                            [DEBUG  ]  No samples found: clipandmerge
[2022-08-05 11:13:57,155] multiqc                                            [DEBUG  ]  No samples found: cutadapt
[2022-08-05 11:13:57,159] multiqc                                            [DEBUG  ]  No samples found: flexbar
[2022-08-05 11:13:57,164] multiqc                                            [DEBUG  ]  No samples found: kaiju
[2022-08-05 11:13:57,169] multiqc                                            [DEBUG  ]  No samples found: kraken
[2022-08-05 11:13:57,173] multiqc                                            [DEBUG  ]  No samples found: malt
[2022-08-05 11:13:57,178] multiqc                                            [DEBUG  ]  No samples found: trimmomatic
[2022-08-05 11:13:57,182] multiqc                                            [DEBUG  ]  No samples found: sickle
[2022-08-05 11:13:57,186] multiqc                                            [DEBUG  ]  No samples found: skewer
[2022-08-05 11:13:57,191] multiqc                                            [DEBUG  ]  No samples found: sortmerna
[2022-08-05 11:13:57,195] multiqc                                            [DEBUG  ]  No samples found: biobloomtools
[2022-08-05 11:13:57,200] multiqc                                            [DEBUG  ]  No samples found: fastq_screen
[2022-08-05 11:13:57,204] multiqc                                            [DEBUG  ]  No samples found: afterqc
[2022-08-05 11:13:57,209] multiqc                                            [DEBUG  ]  No samples found: fastp
[2022-08-05 11:13:57,455] multiqc.modules.fastqc.fastqc                      [INFO   ]  Found 4 reports
[2022-08-05 11:13:57,578] multiqc                                            [DEBUG  ]  No samples found: pychopper
[2022-08-05 11:13:57,583] multiqc                                            [DEBUG  ]  No samples found: pycoqc
[2022-08-05 11:13:57,588] multiqc                                            [DEBUG  ]  No samples found: minionqc
[2022-08-05 11:13:57,593] multiqc                                            [DEBUG  ]  No samples found: multivcfanalyzer
[2022-08-05 11:13:57,598] multiqc                                            [DEBUG  ]  No samples found: clusterflow
[2022-08-05 11:13:57,604] multiqc                                            [DEBUG  ]  No samples found: bcl2fastq
[2022-08-05 11:13:57,610] multiqc                                            [DEBUG  ]  No samples found: bclconvert
[2022-08-05 11:13:57,616] multiqc                                            [DEBUG  ]  No samples found: interop
[2022-08-05 11:13:57,620] multiqc                                            [DEBUG  ]  No samples found: ivar
[2022-08-05 11:13:57,625] multiqc                                            [DEBUG  ]  No samples found: flash
[2022-08-05 11:13:57,629] multiqc                                            [DEBUG  ]  No samples found: seqyclean
[2022-08-05 11:13:57,633] multiqc                                            [DEBUG  ]  No samples found: optitype
[2022-08-05 11:13:57,637] multiqc                                            [INFO   ]  Compressing plot data
[2022-08-05 11:14:04,426] multiqc                                            [INFO   ]  Report      : 13729_MGSD_CSIRO.qc.stats/multiqc_report.html
[2022-08-05 11:14:04,427] multiqc                                            [INFO   ]  Data        : 13729_MGSD_CSIRO.qc.stats/multiqc_data
[2022-08-05 11:14:04,427] multiqc                                            [DEBUG  ]  Moving data file from '/tmp/smi9a9.8586122/tmpplzwk27q/multiqc_data' to '13729_MGSD_CSIRO.qc.stats/multiqc_data'
[2022-08-05 11:14:05,107] multiqc                                            [INFO   ]  MultiQC complete
