[2022-08-05 11:07:56,268] multiqc                                            [DEBUG  ]  This is MultiQC v1.11
[2022-08-05 11:07:56,268] multiqc                                            [DEBUG  ]  No MultiQC config found: /apps/multiqc/1.11/lib/python3.9/site-packages/multiqc_config.yaml
[2022-08-05 11:07:56,268] multiqc                                            [DEBUG  ]  No MultiQC config found: /home/smi9a9/.multiqc_config.yaml
[2022-08-05 11:07:56,702] multiqc                                            [DEBUG  ]  No MultiQC config found: multiqc_config.yaml
[2022-08-05 11:07:56,702] multiqc                                            [DEBUG  ]  Command used: /apps/multiqc/1.11/bin/multiqc ./401610_HL7J5DSX3-1_merged_fastqc.html ./401610_HL7J5DSX3-1_merged_fastqc.zip ./401610_HL7J5DSX3-1_merged.fastq.gz ./401610_HL7J5DSX3-1_R1p_fastqc.html ./401610_HL7J5DSX3-1_R1p_fastqc.zip ./401610_HL7J5DSX3-1_R1p.fastq.gz ./401610_HL7J5DSX3-1_R1R2u_fastqc.html ./401610_HL7J5DSX3-1_R1R2u_fastqc.zip ./401610_HL7J5DSX3-1_R1R2u.fastq.gz ./401610_HL7J5DSX3-1_R2p_fastqc.html ./401610_HL7J5DSX3-1_R2p_fastqc.zip ./401610_HL7J5DSX3-1_R2p.fastq.gz ./401610_QCreads.md5 -o 401610_MGSD_CSIRO.qc.stats
[2022-08-05 11:07:56,705] multiqc                                            [DEBUG  ]  Could not connect to multiqc.info for version check: <urlopen error [Errno 111] Connection refused>
[2022-08-05 11:07:56,705] multiqc                                            [DEBUG  ]  Command     : /apps/multiqc/1.11/bin/multiqc ./401610_HL7J5DSX3-1_merged_fastqc.html ./401610_HL7J5DSX3-1_merged_fastqc.zip ./401610_HL7J5DSX3-1_merged.fastq.gz ./401610_HL7J5DSX3-1_R1p_fastqc.html ./401610_HL7J5DSX3-1_R1p_fastqc.zip ./401610_HL7J5DSX3-1_R1p.fastq.gz ./401610_HL7J5DSX3-1_R1R2u_fastqc.html ./401610_HL7J5DSX3-1_R1R2u_fastqc.zip ./401610_HL7J5DSX3-1_R1R2u.fastq.gz ./401610_HL7J5DSX3-1_R2p_fastqc.html ./401610_HL7J5DSX3-1_R2p_fastqc.zip ./401610_HL7J5DSX3-1_R2p.fastq.gz ./401610_QCreads.md5 -o 401610_MGSD_CSIRO.qc.stats
[2022-08-05 11:07:56,705] multiqc                                            [DEBUG  ]  Working dir : /datasets/work/oa-amd/work/amd/Metagenome_QC_reads
[2022-08-05 11:07:56,705] multiqc                                            [DEBUG  ]  Template    : default
[2022-08-05 11:07:56,705] multiqc                                            [DEBUG  ]  Running Python 3.9.4 (default, Apr 25 2021, 16:13:27)  [GCC 10.3.0]
[2022-08-05 11:07:56,705] multiqc                                            [DEBUG  ]  Analysing modules: custom_content, ccs, ngsderive, purple, conpair, lima, peddy, somalier, methylQA, mosdepth, phantompeakqualtools, qualimap, preseq, quast, qorts, rna_seqc, rockhopper, rsem, rseqc, busco, bustools, goleft_indexcov, gffcompare, disambiguate, supernova, deeptools, sargasso, verifybamid, mirtrace, happy, mirtop, sambamba, homer, hops, macs2, theta2, snpeff, gatk, htseq, bcftools, featureCounts, fgbio, dragen, dedup, damageprofiler, biobambam2, jcvi, mtnucratio, picard, vep, sentieon, prokka, qc3C, nanostat, samblaster, samtools, sexdeterrmine, eigenstratdatabasetools, bamtools, jellyfish, vcftools, longranger, stacks, varscan2, snippy, bbmap, bismark, biscuit, hicexplorer, hicup, hicpro, salmon, kallisto, slamdunk, star, hisat2, tophat, bowtie2, bowtie1, snpsplit, odgi, pangolin, kat, leehom, adapterRemoval, clipandmerge, cutadapt, flexbar, kaiju, kraken, malt, trimmomatic, sickle, skewer, sortmerna, biobloomtools, fastq_screen, afterqc, fastp, fastqc, pychopper, pycoqc, minionqc, multivcfanalyzer, clusterflow, bcl2fastq, bclconvert, interop, ivar, flash, seqyclean, optitype
[2022-08-05 11:07:56,705] multiqc                                            [DEBUG  ]  Using temporary directory for creating report: /tmp/smi9a9.8585428/tmpuuwcjb9h
[2022-08-05 11:07:57,255] multiqc                                            [INFO   ]  Search path : /datasets/work/oa-amd/work/amd/Metagenome_QC_reads/401610_HL7J5DSX3-1_merged_fastqc.html
[2022-08-05 11:07:57,255] multiqc                                            [INFO   ]  Search path : /datasets/work/oa-amd/work/amd/Metagenome_QC_reads/401610_HL7J5DSX3-1_merged_fastqc.zip
[2022-08-05 11:07:57,255] multiqc                                            [INFO   ]  Search path : /datasets/work/oa-amd/work/amd/Metagenome_QC_reads/401610_HL7J5DSX3-1_merged.fastq.gz
[2022-08-05 11:07:57,255] multiqc                                            [INFO   ]  Search path : /datasets/work/oa-amd/work/amd/Metagenome_QC_reads/401610_HL7J5DSX3-1_R1p_fastqc.html
[2022-08-05 11:07:57,255] multiqc                                            [INFO   ]  Search path : /datasets/work/oa-amd/work/amd/Metagenome_QC_reads/401610_HL7J5DSX3-1_R1p_fastqc.zip
[2022-08-05 11:07:57,255] multiqc                                            [INFO   ]  Search path : /datasets/work/oa-amd/work/amd/Metagenome_QC_reads/401610_HL7J5DSX3-1_R1p.fastq.gz
[2022-08-05 11:07:57,255] multiqc                                            [INFO   ]  Search path : /datasets/work/oa-amd/work/amd/Metagenome_QC_reads/401610_HL7J5DSX3-1_R1R2u_fastqc.html
[2022-08-05 11:07:57,255] multiqc                                            [INFO   ]  Search path : /datasets/work/oa-amd/work/amd/Metagenome_QC_reads/401610_HL7J5DSX3-1_R1R2u_fastqc.zip
[2022-08-05 11:07:57,255] multiqc                                            [INFO   ]  Search path : /datasets/work/oa-amd/work/amd/Metagenome_QC_reads/401610_HL7J5DSX3-1_R1R2u.fastq.gz
[2022-08-05 11:07:57,255] multiqc                                            [INFO   ]  Search path : /datasets/work/oa-amd/work/amd/Metagenome_QC_reads/401610_HL7J5DSX3-1_R2p_fastqc.html
[2022-08-05 11:07:57,255] multiqc                                            [INFO   ]  Search path : /datasets/work/oa-amd/work/amd/Metagenome_QC_reads/401610_HL7J5DSX3-1_R2p_fastqc.zip
[2022-08-05 11:07:57,255] multiqc                                            [INFO   ]  Search path : /datasets/work/oa-amd/work/amd/Metagenome_QC_reads/401610_HL7J5DSX3-1_R2p.fastq.gz
[2022-08-05 11:07:57,255] multiqc                                            [INFO   ]  Search path : /datasets/work/oa-amd/work/amd/Metagenome_QC_reads/401610_QCreads.md5
[2022-08-05 11:07:57,460] multiqc                                            [DEBUG  ]  File ignored by ccs/v4 because it exceeded search pattern filesize limit: 401610_HL7J5DSX3-1_merged_fastqc.html
[2022-08-05 11:07:57,470] multiqc                                            [DEBUG  ]  File ignored by hicexplorer because it exceeded search pattern filesize limit: 401610_HL7J5DSX3-1_merged_fastqc.html
[2022-08-05 11:07:57,472] multiqc                                            [DEBUG  ]  File ignored by nanostat because it exceeded search pattern filesize limit: 401610_HL7J5DSX3-1_merged_fastqc.html
[2022-08-05 11:07:57,472] multiqc                                            [DEBUG  ]  File ignored by lima/summary because it exceeded search pattern filesize limit: 401610_HL7J5DSX3-1_merged_fastqc.html
[2022-08-05 11:07:57,617] multiqc                                            [DEBUG  ]  File ignored by vep/vep_txt because it exceeded search pattern filesize limit: 401610_HL7J5DSX3-1_merged_fastqc.html
[2022-08-05 11:07:57,617] multiqc                                            [DEBUG  ]  File ignored by longranger/invocation because it exceeded search pattern filesize limit: 401610_HL7J5DSX3-1_merged_fastqc.html
[2022-08-05 11:07:57,617] multiqc                                            [DEBUG  ]  File ignored by rockhopper because it exceeded search pattern filesize limit: 401610_HL7J5DSX3-1_merged_fastqc.html
[2022-08-05 11:07:57,617] multiqc                                            [DEBUG  ]  File ignored by rseqc/bam_stat because it exceeded search pattern filesize limit: 401610_HL7J5DSX3-1_merged_fastqc.html
[2022-08-05 11:07:57,617] multiqc                                            [DEBUG  ]  File ignored by rseqc/junction_annotation because it exceeded search pattern filesize limit: 401610_HL7J5DSX3-1_merged_fastqc.html
[2022-08-05 11:07:57,617] multiqc                                            [DEBUG  ]  File ignored by rseqc/read_distribution because it exceeded search pattern filesize limit: 401610_HL7J5DSX3-1_merged_fastqc.html
[2022-08-05 11:07:57,617] multiqc                                            [DEBUG  ]  File ignored by rseqc/infer_experiment because it exceeded search pattern filesize limit: 401610_HL7J5DSX3-1_merged_fastqc.html
[2022-08-05 11:07:57,707] multiqc                                            [DEBUG  ]  Ignoring file as matched an ignore pattern: 401610_HL7J5DSX3-1_merged.fastq.gz
[2022-08-05 11:07:57,748] multiqc                                            [DEBUG  ]  File ignored by ccs/v4 because it exceeded search pattern filesize limit: 401610_HL7J5DSX3-1_R1p_fastqc.html
[2022-08-05 11:07:57,758] multiqc                                            [DEBUG  ]  File ignored by hicexplorer because it exceeded search pattern filesize limit: 401610_HL7J5DSX3-1_R1p_fastqc.html
[2022-08-05 11:07:57,758] multiqc                                            [DEBUG  ]  File ignored by nanostat because it exceeded search pattern filesize limit: 401610_HL7J5DSX3-1_R1p_fastqc.html
[2022-08-05 11:07:57,758] multiqc                                            [DEBUG  ]  File ignored by lima/summary because it exceeded search pattern filesize limit: 401610_HL7J5DSX3-1_R1p_fastqc.html
[2022-08-05 11:07:57,908] multiqc                                            [DEBUG  ]  File ignored by vep/vep_txt because it exceeded search pattern filesize limit: 401610_HL7J5DSX3-1_R1p_fastqc.html
[2022-08-05 11:07:57,908] multiqc                                            [DEBUG  ]  File ignored by longranger/invocation because it exceeded search pattern filesize limit: 401610_HL7J5DSX3-1_R1p_fastqc.html
[2022-08-05 11:07:57,908] multiqc                                            [DEBUG  ]  File ignored by rockhopper because it exceeded search pattern filesize limit: 401610_HL7J5DSX3-1_R1p_fastqc.html
[2022-08-05 11:07:57,908] multiqc                                            [DEBUG  ]  File ignored by rseqc/bam_stat because it exceeded search pattern filesize limit: 401610_HL7J5DSX3-1_R1p_fastqc.html
[2022-08-05 11:07:57,908] multiqc                                            [DEBUG  ]  File ignored by rseqc/junction_annotation because it exceeded search pattern filesize limit: 401610_HL7J5DSX3-1_R1p_fastqc.html
[2022-08-05 11:07:57,908] multiqc                                            [DEBUG  ]  File ignored by rseqc/read_distribution because it exceeded search pattern filesize limit: 401610_HL7J5DSX3-1_R1p_fastqc.html
[2022-08-05 11:07:57,908] multiqc                                            [DEBUG  ]  File ignored by rseqc/infer_experiment because it exceeded search pattern filesize limit: 401610_HL7J5DSX3-1_R1p_fastqc.html
[2022-08-05 11:07:58,018] multiqc                                            [DEBUG  ]  Ignoring file as matched an ignore pattern: 401610_HL7J5DSX3-1_R1p.fastq.gz
[2022-08-05 11:07:58,260] multiqc                                            [DEBUG  ]  File ignored by ccs/v4 because it exceeded search pattern filesize limit: 401610_HL7J5DSX3-1_R1R2u_fastqc.html
[2022-08-05 11:07:58,707] multiqc                                            [DEBUG  ]  File ignored by hicexplorer because it exceeded search pattern filesize limit: 401610_HL7J5DSX3-1_R1R2u_fastqc.html
[2022-08-05 11:07:58,708] multiqc                                            [DEBUG  ]  File ignored by nanostat because it exceeded search pattern filesize limit: 401610_HL7J5DSX3-1_R1R2u_fastqc.html
[2022-08-05 11:07:58,709] multiqc                                            [DEBUG  ]  File ignored by lima/summary because it exceeded search pattern filesize limit: 401610_HL7J5DSX3-1_R1R2u_fastqc.html
[2022-08-05 11:07:58,725] multiqc                                            [DEBUG  ]  File ignored by vep/vep_txt because it exceeded search pattern filesize limit: 401610_HL7J5DSX3-1_R1R2u_fastqc.html
[2022-08-05 11:07:58,725] multiqc                                            [DEBUG  ]  File ignored by longranger/invocation because it exceeded search pattern filesize limit: 401610_HL7J5DSX3-1_R1R2u_fastqc.html
[2022-08-05 11:07:58,725] multiqc                                            [DEBUG  ]  File ignored by rockhopper because it exceeded search pattern filesize limit: 401610_HL7J5DSX3-1_R1R2u_fastqc.html
[2022-08-05 11:07:58,725] multiqc                                            [DEBUG  ]  File ignored by rseqc/bam_stat because it exceeded search pattern filesize limit: 401610_HL7J5DSX3-1_R1R2u_fastqc.html
[2022-08-05 11:07:58,725] multiqc                                            [DEBUG  ]  File ignored by rseqc/junction_annotation because it exceeded search pattern filesize limit: 401610_HL7J5DSX3-1_R1R2u_fastqc.html
[2022-08-05 11:07:58,725] multiqc                                            [DEBUG  ]  File ignored by rseqc/read_distribution because it exceeded search pattern filesize limit: 401610_HL7J5DSX3-1_R1R2u_fastqc.html
[2022-08-05 11:07:58,725] multiqc                                            [DEBUG  ]  File ignored by rseqc/infer_experiment because it exceeded search pattern filesize limit: 401610_HL7J5DSX3-1_R1R2u_fastqc.html
[2022-08-05 11:07:58,915] multiqc                                            [DEBUG  ]  Ignoring file as matched an ignore pattern: 401610_HL7J5DSX3-1_R1R2u.fastq.gz
[2022-08-05 11:07:58,994] multiqc                                            [DEBUG  ]  File ignored by ccs/v4 because it exceeded search pattern filesize limit: 401610_HL7J5DSX3-1_R2p_fastqc.html
[2022-08-05 11:07:59,034] multiqc                                            [DEBUG  ]  File ignored by hicexplorer because it exceeded search pattern filesize limit: 401610_HL7J5DSX3-1_R2p_fastqc.html
[2022-08-05 11:07:59,034] multiqc                                            [DEBUG  ]  File ignored by nanostat because it exceeded search pattern filesize limit: 401610_HL7J5DSX3-1_R2p_fastqc.html
[2022-08-05 11:07:59,034] multiqc                                            [DEBUG  ]  File ignored by lima/summary because it exceeded search pattern filesize limit: 401610_HL7J5DSX3-1_R2p_fastqc.html
[2022-08-05 11:07:59,045] multiqc                                            [DEBUG  ]  File ignored by vep/vep_txt because it exceeded search pattern filesize limit: 401610_HL7J5DSX3-1_R2p_fastqc.html
[2022-08-05 11:07:59,045] multiqc                                            [DEBUG  ]  File ignored by longranger/invocation because it exceeded search pattern filesize limit: 401610_HL7J5DSX3-1_R2p_fastqc.html
[2022-08-05 11:07:59,045] multiqc                                            [DEBUG  ]  File ignored by rockhopper because it exceeded search pattern filesize limit: 401610_HL7J5DSX3-1_R2p_fastqc.html
[2022-08-05 11:07:59,045] multiqc                                            [DEBUG  ]  File ignored by rseqc/bam_stat because it exceeded search pattern filesize limit: 401610_HL7J5DSX3-1_R2p_fastqc.html
[2022-08-05 11:07:59,045] multiqc                                            [DEBUG  ]  File ignored by rseqc/junction_annotation because it exceeded search pattern filesize limit: 401610_HL7J5DSX3-1_R2p_fastqc.html
[2022-08-05 11:07:59,045] multiqc                                            [DEBUG  ]  File ignored by rseqc/read_distribution because it exceeded search pattern filesize limit: 401610_HL7J5DSX3-1_R2p_fastqc.html
[2022-08-05 11:07:59,045] multiqc                                            [DEBUG  ]  File ignored by rseqc/infer_experiment because it exceeded search pattern filesize limit: 401610_HL7J5DSX3-1_R2p_fastqc.html
[2022-08-05 11:08:00,161] multiqc                                            [DEBUG  ]  Ignoring file as matched an ignore pattern: 401610_HL7J5DSX3-1_R2p.fastq.gz
[2022-08-05 11:08:00,176] multiqc                                            [DEBUG  ]  Ignoring file as matched an ignore pattern: 401610_QCreads.md5
[2022-08-05 11:08:02,771] multiqc.plots.bargraph                             [DEBUG  ]  Using matplotlib version 3.3.4
[2022-08-05 11:08:02,775] multiqc.plots.linegraph                            [DEBUG  ]  Using matplotlib version 3.3.4
[2022-08-05 11:08:02,777] multiqc                                            [DEBUG  ]  No samples found: custom_content
[2022-08-05 11:08:02,782] multiqc                                            [DEBUG  ]  No samples found: ccs
[2022-08-05 11:08:02,788] multiqc                                            [DEBUG  ]  No samples found: ngsderive
[2022-08-05 11:08:02,792] multiqc                                            [DEBUG  ]  No samples found: purple
[2022-08-05 11:08:02,797] multiqc                                            [DEBUG  ]  No samples found: conpair
[2022-08-05 11:08:02,803] multiqc                                            [DEBUG  ]  No samples found: lima
[2022-08-05 11:08:03,039] multiqc                                            [DEBUG  ]  No samples found: peddy
[2022-08-05 11:08:03,276] multiqc                                            [DEBUG  ]  No samples found: somalier
[2022-08-05 11:08:03,281] multiqc                                            [DEBUG  ]  No samples found: methylQA
[2022-08-05 11:08:03,292] multiqc.modules.mosdepth.mosdepth                  [DEBUG  ]  include_contigs: []
[2022-08-05 11:08:03,292] multiqc.modules.mosdepth.mosdepth                  [DEBUG  ]  exclude_contigs: []
[2022-08-05 11:08:03,293] multiqc                                            [DEBUG  ]  No samples found: mosdepth
[2022-08-05 11:08:03,297] multiqc                                            [DEBUG  ]  No samples found: phantompeakqualtools
[2022-08-05 11:08:03,301] multiqc                                            [DEBUG  ]  No samples found: qualimap
[2022-08-05 11:08:03,307] multiqc                                            [DEBUG  ]  No samples found: preseq
[2022-08-05 11:08:03,312] multiqc                                            [DEBUG  ]  No samples found: quast
[2022-08-05 11:08:03,320] multiqc                                            [DEBUG  ]  No samples found: qorts
[2022-08-05 11:08:03,326] multiqc                                            [DEBUG  ]  No samples found: rna_seqc
[2022-08-05 11:08:03,331] multiqc                                            [DEBUG  ]  No samples found: rockhopper
[2022-08-05 11:08:03,335] multiqc                                            [DEBUG  ]  No samples found: rsem
[2022-08-05 11:08:03,357] multiqc                                            [DEBUG  ]  No samples found: rseqc
[2022-08-05 11:08:03,362] multiqc                                            [DEBUG  ]  No samples found: busco
[2022-08-05 11:08:03,367] multiqc                                            [DEBUG  ]  No samples found: bustools
[2022-08-05 11:08:03,375] multiqc                                            [DEBUG  ]  No samples found: goleft_indexcov
[2022-08-05 11:08:03,381] multiqc                                            [DEBUG  ]  No samples found: gffcompare
[2022-08-05 11:08:03,386] multiqc                                            [DEBUG  ]  No samples found: disambiguate
[2022-08-05 11:08:03,392] multiqc                                            [DEBUG  ]  No samples found: supernova
[2022-08-05 11:08:03,410] multiqc                                            [DEBUG  ]  No samples found: deeptools
[2022-08-05 11:08:03,415] multiqc                                            [DEBUG  ]  No samples found: sargasso
[2022-08-05 11:08:03,420] multiqc                                            [DEBUG  ]  No samples found: verifybamid
[2022-08-05 11:08:03,425] multiqc                                            [DEBUG  ]  No samples found: mirtrace
[2022-08-05 11:08:03,432] multiqc                                            [DEBUG  ]  No samples found: happy
[2022-08-05 11:08:03,668] multiqc                                            [DEBUG  ]  No samples found: mirtop
[2022-08-05 11:08:03,674] multiqc                                            [DEBUG  ]  No samples found: sambamba
[2022-08-05 11:08:03,682] multiqc                                            [DEBUG  ]  No samples found: homer
[2022-08-05 11:08:03,686] multiqc                                            [DEBUG  ]  No samples found: hops
[2022-08-05 11:08:03,691] multiqc                                            [DEBUG  ]  No samples found: macs2
[2022-08-05 11:08:03,695] multiqc                                            [DEBUG  ]  No samples found: theta2
[2022-08-05 11:08:03,701] multiqc                                            [DEBUG  ]  No samples found: snpeff
[2022-08-05 11:08:03,709] multiqc                                            [DEBUG  ]  No samples found: gatk
[2022-08-05 11:08:03,714] multiqc                                            [DEBUG  ]  No samples found: htseq
[2022-08-05 11:08:03,720] multiqc                                            [DEBUG  ]  No samples found: bcftools
[2022-08-05 11:08:03,725] multiqc                                            [DEBUG  ]  No samples found: featureCounts
[2022-08-05 11:08:03,732] multiqc                                            [DEBUG  ]  No samples found: fgbio
[2022-08-05 11:08:03,751] multiqc                                            [DEBUG  ]  No samples found: dragen
[2022-08-05 11:08:03,756] multiqc                                            [DEBUG  ]  No samples found: dedup
[2022-08-05 11:08:03,761] multiqc                                            [DEBUG  ]  No samples found: damageprofiler
[2022-08-05 11:08:03,804] multiqc                                            [DEBUG  ]  No samples found: biobambam2
[2022-08-05 11:08:03,810] multiqc                                            [DEBUG  ]  No samples found: jcvi
[2022-08-05 11:08:03,814] multiqc                                            [DEBUG  ]  No samples found: mtnucratio
[2022-08-05 11:08:03,816] multiqc                                            [DEBUG  ]  No samples found: picard
[2022-08-05 11:08:03,822] multiqc                                            [DEBUG  ]  No samples found: vep
[2022-08-05 11:08:03,830] multiqc                                            [DEBUG  ]  No samples found: sentieon
[2022-08-05 11:08:03,835] multiqc                                            [DEBUG  ]  No samples found: prokka
[2022-08-05 11:08:03,842] multiqc                                            [DEBUG  ]  No samples found: qc3C
[2022-08-05 11:08:03,848] multiqc                                            [DEBUG  ]  No samples found: nanostat
[2022-08-05 11:08:03,852] multiqc                                            [DEBUG  ]  No samples found: samblaster
[2022-08-05 11:08:03,865] multiqc                                            [DEBUG  ]  No samples found: samtools
[2022-08-05 11:08:03,869] multiqc                                            [DEBUG  ]  No samples found: sexdeterrmine
[2022-08-05 11:08:03,874] multiqc                                            [DEBUG  ]  No samples found: eigenstratdatabasetools
[2022-08-05 11:08:03,879] multiqc                                            [DEBUG  ]  No samples found: bamtools
[2022-08-05 11:08:03,883] multiqc                                            [DEBUG  ]  No samples found: jellyfish
[2022-08-05 11:08:03,891] multiqc                                            [DEBUG  ]  No samples found: vcftools
[2022-08-05 11:08:03,896] multiqc                                            [DEBUG  ]  No samples found: longranger
[2022-08-05 11:08:03,900] multiqc                                            [DEBUG  ]  No samples found: stacks
[2022-08-05 11:08:04,369] multiqc                                            [DEBUG  ]  No samples found: varscan2
[2022-08-05 11:08:04,375] multiqc                                            [DEBUG  ]  No samples found: snippy
[2022-08-05 11:08:04,394] multiqc                                            [DEBUG  ]  No samples found: bbmap
[2022-08-05 11:08:04,400] multiqc                                            [DEBUG  ]  No samples found: bismark
[2022-08-05 11:08:04,408] multiqc                                            [DEBUG  ]  No samples found: biscuit
[2022-08-05 11:08:04,413] multiqc                                            [DEBUG  ]  No samples found: hicexplorer
[2022-08-05 11:08:04,418] multiqc                                            [DEBUG  ]  No samples found: hicup
[2022-08-05 11:08:04,423] multiqc                                            [DEBUG  ]  No samples found: hicpro
[2022-08-05 11:08:04,427] multiqc                                            [DEBUG  ]  No samples found: salmon
[2022-08-05 11:08:04,431] multiqc                                            [DEBUG  ]  No samples found: kallisto
[2022-08-05 11:08:04,437] multiqc                                            [DEBUG  ]  No samples found: slamdunk
[2022-08-05 11:08:04,442] multiqc                                            [DEBUG  ]  No samples found: star
[2022-08-05 11:08:04,446] multiqc                                            [DEBUG  ]  No samples found: hisat2
[2022-08-05 11:08:04,450] multiqc                                            [DEBUG  ]  No samples found: tophat
[2022-08-05 11:08:04,455] multiqc                                            [DEBUG  ]  No samples found: bowtie2
[2022-08-05 11:08:04,459] multiqc                                            [DEBUG  ]  No samples found: bowtie1
[2022-08-05 11:08:04,693] multiqc                                            [DEBUG  ]  No samples found: snpsplit
[2022-08-05 11:08:04,698] multiqc                                            [DEBUG  ]  No samples found: odgi
[2022-08-05 11:08:04,702] multiqc                                            [DEBUG  ]  No samples found: pangolin
[2022-08-05 11:08:04,706] multiqc                                            [DEBUG  ]  No samples found: kat
[2022-08-05 11:08:04,710] multiqc                                            [DEBUG  ]  No samples found: leehom
[2022-08-05 11:08:04,715] multiqc                                            [DEBUG  ]  No samples found: adapterRemoval
[2022-08-05 11:08:04,718] multiqc                                            [DEBUG  ]  No samples found: clipandmerge
[2022-08-05 11:08:04,723] multiqc                                            [DEBUG  ]  No samples found: cutadapt
[2022-08-05 11:08:04,727] multiqc                                            [DEBUG  ]  No samples found: flexbar
[2022-08-05 11:08:04,732] multiqc                                            [DEBUG  ]  No samples found: kaiju
[2022-08-05 11:08:04,737] multiqc                                            [DEBUG  ]  No samples found: kraken
[2022-08-05 11:08:04,741] multiqc                                            [DEBUG  ]  No samples found: malt
[2022-08-05 11:08:04,746] multiqc                                            [DEBUG  ]  No samples found: trimmomatic
[2022-08-05 11:08:04,750] multiqc                                            [DEBUG  ]  No samples found: sickle
[2022-08-05 11:08:04,754] multiqc                                            [DEBUG  ]  No samples found: skewer
[2022-08-05 11:08:04,758] multiqc                                            [DEBUG  ]  No samples found: sortmerna
[2022-08-05 11:08:04,762] multiqc                                            [DEBUG  ]  No samples found: biobloomtools
[2022-08-05 11:08:04,767] multiqc                                            [DEBUG  ]  No samples found: fastq_screen
[2022-08-05 11:08:04,772] multiqc                                            [DEBUG  ]  No samples found: afterqc
[2022-08-05 11:08:04,777] multiqc                                            [DEBUG  ]  No samples found: fastp
[2022-08-05 11:08:06,187] multiqc.modules.fastqc.fastqc                      [INFO   ]  Found 4 reports
[2022-08-05 11:08:06,776] multiqc                                            [DEBUG  ]  No samples found: pychopper
[2022-08-05 11:08:06,781] multiqc                                            [DEBUG  ]  No samples found: pycoqc
[2022-08-05 11:08:06,786] multiqc                                            [DEBUG  ]  No samples found: minionqc
[2022-08-05 11:08:06,792] multiqc                                            [DEBUG  ]  No samples found: multivcfanalyzer
[2022-08-05 11:08:06,798] multiqc                                            [DEBUG  ]  No samples found: clusterflow
[2022-08-05 11:08:06,804] multiqc                                            [DEBUG  ]  No samples found: bcl2fastq
[2022-08-05 11:08:06,810] multiqc                                            [DEBUG  ]  No samples found: bclconvert
[2022-08-05 11:08:06,815] multiqc                                            [DEBUG  ]  No samples found: interop
[2022-08-05 11:08:06,820] multiqc                                            [DEBUG  ]  No samples found: ivar
[2022-08-05 11:08:06,824] multiqc                                            [DEBUG  ]  No samples found: flash
[2022-08-05 11:08:06,828] multiqc                                            [DEBUG  ]  No samples found: seqyclean
[2022-08-05 11:08:06,832] multiqc                                            [DEBUG  ]  No samples found: optitype
[2022-08-05 11:08:06,837] multiqc                                            [INFO   ]  Compressing plot data
[2022-08-05 11:08:08,824] multiqc                                            [INFO   ]  Report      : 401610_MGSD_CSIRO.qc.stats/multiqc_report.html
[2022-08-05 11:08:08,824] multiqc                                            [INFO   ]  Data        : 401610_MGSD_CSIRO.qc.stats/multiqc_data
[2022-08-05 11:08:08,824] multiqc                                            [DEBUG  ]  Moving data file from '/tmp/smi9a9.8585428/tmpuuwcjb9h/multiqc_data' to '401610_MGSD_CSIRO.qc.stats/multiqc_data'
[2022-08-05 11:08:09,212] multiqc                                            [INFO   ]  MultiQC complete
