[2022-08-05 11:09:28,083] multiqc                                            [DEBUG  ]  This is MultiQC v1.11
[2022-08-05 11:09:28,083] multiqc                                            [DEBUG  ]  No MultiQC config found: /apps/multiqc/1.11/lib/python3.9/site-packages/multiqc_config.yaml
[2022-08-05 11:09:28,083] multiqc                                            [DEBUG  ]  No MultiQC config found: /home/smi9a9/.multiqc_config.yaml
[2022-08-05 11:09:28,084] multiqc                                            [DEBUG  ]  No MultiQC config found: multiqc_config.yaml
[2022-08-05 11:09:28,084] multiqc                                            [DEBUG  ]  Command used: /apps/multiqc/1.11/bin/multiqc ./12465_combined_merged_fastqc.html ./12465_combined_merged_fastqc.zip ./12465_combined_merged.fastq.gz ./12465_combined_R1p_fastqc.html ./12465_combined_R1p_fastqc.zip ./12465_combined_R1p.fastq.gz ./12465_combined_R1R2u_fastqc.html ./12465_combined_R1R2u_fastqc.zip ./12465_combined_R1R2u.fastq.gz ./12465_combined_R2p_fastqc.html ./12465_combined_R2p_fastqc.zip ./12465_combined_R2p.fastq.gz ./12465_QCreads.md5 -o 12465_MGSD_CSIRO.qc.stats
[2022-08-05 11:09:28,086] multiqc                                            [DEBUG  ]  Could not connect to multiqc.info for version check: <urlopen error [Errno 111] Connection refused>
[2022-08-05 11:09:28,086] multiqc                                            [DEBUG  ]  Command     : /apps/multiqc/1.11/bin/multiqc ./12465_combined_merged_fastqc.html ./12465_combined_merged_fastqc.zip ./12465_combined_merged.fastq.gz ./12465_combined_R1p_fastqc.html ./12465_combined_R1p_fastqc.zip ./12465_combined_R1p.fastq.gz ./12465_combined_R1R2u_fastqc.html ./12465_combined_R1R2u_fastqc.zip ./12465_combined_R1R2u.fastq.gz ./12465_combined_R2p_fastqc.html ./12465_combined_R2p_fastqc.zip ./12465_combined_R2p.fastq.gz ./12465_QCreads.md5 -o 12465_MGSD_CSIRO.qc.stats
[2022-08-05 11:09:28,086] multiqc                                            [DEBUG  ]  Working dir : /datasets/work/oa-amd/work/amd/Metagenome_QC_reads
[2022-08-05 11:09:28,086] multiqc                                            [DEBUG  ]  Template    : default
[2022-08-05 11:09:28,086] multiqc                                            [DEBUG  ]  Running Python 3.9.4 (default, Apr 25 2021, 16:13:27)  [GCC 10.3.0]
[2022-08-05 11:09:28,086] multiqc                                            [DEBUG  ]  Analysing modules: custom_content, ccs, ngsderive, purple, conpair, lima, peddy, somalier, methylQA, mosdepth, phantompeakqualtools, qualimap, preseq, quast, qorts, rna_seqc, rockhopper, rsem, rseqc, busco, bustools, goleft_indexcov, gffcompare, disambiguate, supernova, deeptools, sargasso, verifybamid, mirtrace, happy, mirtop, sambamba, homer, hops, macs2, theta2, snpeff, gatk, htseq, bcftools, featureCounts, fgbio, dragen, dedup, damageprofiler, biobambam2, jcvi, mtnucratio, picard, vep, sentieon, prokka, qc3C, nanostat, samblaster, samtools, sexdeterrmine, eigenstratdatabasetools, bamtools, jellyfish, vcftools, longranger, stacks, varscan2, snippy, bbmap, bismark, biscuit, hicexplorer, hicup, hicpro, salmon, kallisto, slamdunk, star, hisat2, tophat, bowtie2, bowtie1, snpsplit, odgi, pangolin, kat, leehom, adapterRemoval, clipandmerge, cutadapt, flexbar, kaiju, kraken, malt, trimmomatic, sickle, skewer, sortmerna, biobloomtools, fastq_screen, afterqc, fastp, fastqc, pychopper, pycoqc, minionqc, multivcfanalyzer, clusterflow, bcl2fastq, bclconvert, interop, ivar, flash, seqyclean, optitype
[2022-08-05 11:09:28,086] multiqc                                            [DEBUG  ]  Using temporary directory for creating report: /tmp/smi9a9.8584991/tmp5fwcmi_u
[2022-08-05 11:09:29,073] multiqc                                            [INFO   ]  Search path : /datasets/work/oa-amd/work/amd/Metagenome_QC_reads/12465_combined_merged_fastqc.html
[2022-08-05 11:09:29,073] multiqc                                            [INFO   ]  Search path : /datasets/work/oa-amd/work/amd/Metagenome_QC_reads/12465_combined_merged_fastqc.zip
[2022-08-05 11:09:29,074] multiqc                                            [INFO   ]  Search path : /datasets/work/oa-amd/work/amd/Metagenome_QC_reads/12465_combined_merged.fastq.gz
[2022-08-05 11:09:29,074] multiqc                                            [INFO   ]  Search path : /datasets/work/oa-amd/work/amd/Metagenome_QC_reads/12465_combined_R1p_fastqc.html
[2022-08-05 11:09:29,074] multiqc                                            [INFO   ]  Search path : /datasets/work/oa-amd/work/amd/Metagenome_QC_reads/12465_combined_R1p_fastqc.zip
[2022-08-05 11:09:29,074] multiqc                                            [INFO   ]  Search path : /datasets/work/oa-amd/work/amd/Metagenome_QC_reads/12465_combined_R1p.fastq.gz
[2022-08-05 11:09:29,074] multiqc                                            [INFO   ]  Search path : /datasets/work/oa-amd/work/amd/Metagenome_QC_reads/12465_combined_R1R2u_fastqc.html
[2022-08-05 11:09:29,074] multiqc                                            [INFO   ]  Search path : /datasets/work/oa-amd/work/amd/Metagenome_QC_reads/12465_combined_R1R2u_fastqc.zip
[2022-08-05 11:09:29,074] multiqc                                            [INFO   ]  Search path : /datasets/work/oa-amd/work/amd/Metagenome_QC_reads/12465_combined_R1R2u.fastq.gz
[2022-08-05 11:09:29,074] multiqc                                            [INFO   ]  Search path : /datasets/work/oa-amd/work/amd/Metagenome_QC_reads/12465_combined_R2p_fastqc.html
[2022-08-05 11:09:29,074] multiqc                                            [INFO   ]  Search path : /datasets/work/oa-amd/work/amd/Metagenome_QC_reads/12465_combined_R2p_fastqc.zip
[2022-08-05 11:09:29,074] multiqc                                            [INFO   ]  Search path : /datasets/work/oa-amd/work/amd/Metagenome_QC_reads/12465_combined_R2p.fastq.gz
[2022-08-05 11:09:29,074] multiqc                                            [INFO   ]  Search path : /datasets/work/oa-amd/work/amd/Metagenome_QC_reads/12465_QCreads.md5
[2022-08-05 11:09:29,853] multiqc                                            [DEBUG  ]  File ignored by ccs/v4 because it exceeded search pattern filesize limit: 12465_combined_merged_fastqc.html
[2022-08-05 11:09:29,864] multiqc                                            [DEBUG  ]  File ignored by hicexplorer because it exceeded search pattern filesize limit: 12465_combined_merged_fastqc.html
[2022-08-05 11:09:29,866] multiqc                                            [DEBUG  ]  File ignored by nanostat because it exceeded search pattern filesize limit: 12465_combined_merged_fastqc.html
[2022-08-05 11:09:29,866] multiqc                                            [DEBUG  ]  File ignored by lima/summary because it exceeded search pattern filesize limit: 12465_combined_merged_fastqc.html
[2022-08-05 11:09:30,548] multiqc                                            [DEBUG  ]  File ignored by vep/vep_txt because it exceeded search pattern filesize limit: 12465_combined_merged_fastqc.html
[2022-08-05 11:09:30,548] multiqc                                            [DEBUG  ]  File ignored by longranger/invocation because it exceeded search pattern filesize limit: 12465_combined_merged_fastqc.html
[2022-08-05 11:09:30,548] multiqc                                            [DEBUG  ]  File ignored by rockhopper because it exceeded search pattern filesize limit: 12465_combined_merged_fastqc.html
[2022-08-05 11:09:30,548] multiqc                                            [DEBUG  ]  File ignored by rseqc/bam_stat because it exceeded search pattern filesize limit: 12465_combined_merged_fastqc.html
[2022-08-05 11:09:30,549] multiqc                                            [DEBUG  ]  File ignored by rseqc/junction_annotation because it exceeded search pattern filesize limit: 12465_combined_merged_fastqc.html
[2022-08-05 11:09:30,549] multiqc                                            [DEBUG  ]  File ignored by rseqc/read_distribution because it exceeded search pattern filesize limit: 12465_combined_merged_fastqc.html
[2022-08-05 11:09:30,549] multiqc                                            [DEBUG  ]  File ignored by rseqc/infer_experiment because it exceeded search pattern filesize limit: 12465_combined_merged_fastqc.html
[2022-08-05 11:09:31,297] multiqc                                            [DEBUG  ]  Ignoring file as matched an ignore pattern: 12465_combined_merged.fastq.gz
[2022-08-05 11:09:32,411] multiqc                                            [DEBUG  ]  File ignored by ccs/v4 because it exceeded search pattern filesize limit: 12465_combined_R1p_fastqc.html
[2022-08-05 11:09:32,418] multiqc                                            [DEBUG  ]  File ignored by hicexplorer because it exceeded search pattern filesize limit: 12465_combined_R1p_fastqc.html
[2022-08-05 11:09:32,419] multiqc                                            [DEBUG  ]  File ignored by nanostat because it exceeded search pattern filesize limit: 12465_combined_R1p_fastqc.html
[2022-08-05 11:09:32,419] multiqc                                            [DEBUG  ]  File ignored by lima/summary because it exceeded search pattern filesize limit: 12465_combined_R1p_fastqc.html
[2022-08-05 11:09:32,616] multiqc                                            [DEBUG  ]  File ignored by vep/vep_txt because it exceeded search pattern filesize limit: 12465_combined_R1p_fastqc.html
[2022-08-05 11:09:32,616] multiqc                                            [DEBUG  ]  File ignored by longranger/invocation because it exceeded search pattern filesize limit: 12465_combined_R1p_fastqc.html
[2022-08-05 11:09:32,616] multiqc                                            [DEBUG  ]  File ignored by rockhopper because it exceeded search pattern filesize limit: 12465_combined_R1p_fastqc.html
[2022-08-05 11:09:32,616] multiqc                                            [DEBUG  ]  File ignored by rseqc/bam_stat because it exceeded search pattern filesize limit: 12465_combined_R1p_fastqc.html
[2022-08-05 11:09:32,616] multiqc                                            [DEBUG  ]  File ignored by rseqc/junction_annotation because it exceeded search pattern filesize limit: 12465_combined_R1p_fastqc.html
[2022-08-05 11:09:32,617] multiqc                                            [DEBUG  ]  File ignored by rseqc/read_distribution because it exceeded search pattern filesize limit: 12465_combined_R1p_fastqc.html
[2022-08-05 11:09:32,617] multiqc                                            [DEBUG  ]  File ignored by rseqc/infer_experiment because it exceeded search pattern filesize limit: 12465_combined_R1p_fastqc.html
[2022-08-05 11:09:32,690] multiqc                                            [DEBUG  ]  Ignoring file as matched an ignore pattern: 12465_combined_R1p.fastq.gz
[2022-08-05 11:09:32,830] multiqc                                            [DEBUG  ]  File ignored by ccs/v4 because it exceeded search pattern filesize limit: 12465_combined_R1R2u_fastqc.html
[2022-08-05 11:09:32,847] multiqc                                            [DEBUG  ]  File ignored by hicexplorer because it exceeded search pattern filesize limit: 12465_combined_R1R2u_fastqc.html
[2022-08-05 11:09:32,848] multiqc                                            [DEBUG  ]  File ignored by nanostat because it exceeded search pattern filesize limit: 12465_combined_R1R2u_fastqc.html
[2022-08-05 11:09:32,848] multiqc                                            [DEBUG  ]  File ignored by lima/summary because it exceeded search pattern filesize limit: 12465_combined_R1R2u_fastqc.html
[2022-08-05 11:09:32,861] multiqc                                            [DEBUG  ]  File ignored by vep/vep_txt because it exceeded search pattern filesize limit: 12465_combined_R1R2u_fastqc.html
[2022-08-05 11:09:32,861] multiqc                                            [DEBUG  ]  File ignored by longranger/invocation because it exceeded search pattern filesize limit: 12465_combined_R1R2u_fastqc.html
[2022-08-05 11:09:32,861] multiqc                                            [DEBUG  ]  File ignored by rockhopper because it exceeded search pattern filesize limit: 12465_combined_R1R2u_fastqc.html
[2022-08-05 11:09:32,861] multiqc                                            [DEBUG  ]  File ignored by rseqc/bam_stat because it exceeded search pattern filesize limit: 12465_combined_R1R2u_fastqc.html
[2022-08-05 11:09:32,861] multiqc                                            [DEBUG  ]  File ignored by rseqc/junction_annotation because it exceeded search pattern filesize limit: 12465_combined_R1R2u_fastqc.html
[2022-08-05 11:09:32,861] multiqc                                            [DEBUG  ]  File ignored by rseqc/read_distribution because it exceeded search pattern filesize limit: 12465_combined_R1R2u_fastqc.html
[2022-08-05 11:09:32,861] multiqc                                            [DEBUG  ]  File ignored by rseqc/infer_experiment because it exceeded search pattern filesize limit: 12465_combined_R1R2u_fastqc.html
[2022-08-05 11:09:33,693] multiqc                                            [DEBUG  ]  Ignoring file as matched an ignore pattern: 12465_combined_R1R2u.fastq.gz
[2022-08-05 11:09:33,941] multiqc                                            [DEBUG  ]  File ignored by ccs/v4 because it exceeded search pattern filesize limit: 12465_combined_R2p_fastqc.html
[2022-08-05 11:09:34,221] multiqc                                            [DEBUG  ]  File ignored by hicexplorer because it exceeded search pattern filesize limit: 12465_combined_R2p_fastqc.html
[2022-08-05 11:09:34,224] multiqc                                            [DEBUG  ]  File ignored by nanostat because it exceeded search pattern filesize limit: 12465_combined_R2p_fastqc.html
[2022-08-05 11:09:34,224] multiqc                                            [DEBUG  ]  File ignored by lima/summary because it exceeded search pattern filesize limit: 12465_combined_R2p_fastqc.html
[2022-08-05 11:09:35,978] multiqc                                            [DEBUG  ]  File ignored by vep/vep_txt because it exceeded search pattern filesize limit: 12465_combined_R2p_fastqc.html
[2022-08-05 11:09:35,978] multiqc                                            [DEBUG  ]  File ignored by longranger/invocation because it exceeded search pattern filesize limit: 12465_combined_R2p_fastqc.html
[2022-08-05 11:09:35,978] multiqc                                            [DEBUG  ]  File ignored by rockhopper because it exceeded search pattern filesize limit: 12465_combined_R2p_fastqc.html
[2022-08-05 11:09:35,978] multiqc                                            [DEBUG  ]  File ignored by rseqc/bam_stat because it exceeded search pattern filesize limit: 12465_combined_R2p_fastqc.html
[2022-08-05 11:09:35,978] multiqc                                            [DEBUG  ]  File ignored by rseqc/junction_annotation because it exceeded search pattern filesize limit: 12465_combined_R2p_fastqc.html
[2022-08-05 11:09:35,978] multiqc                                            [DEBUG  ]  File ignored by rseqc/read_distribution because it exceeded search pattern filesize limit: 12465_combined_R2p_fastqc.html
[2022-08-05 11:09:35,978] multiqc                                            [DEBUG  ]  File ignored by rseqc/infer_experiment because it exceeded search pattern filesize limit: 12465_combined_R2p_fastqc.html
[2022-08-05 11:09:36,062] multiqc                                            [DEBUG  ]  Ignoring file as matched an ignore pattern: 12465_combined_R2p.fastq.gz
[2022-08-05 11:09:36,070] multiqc                                            [DEBUG  ]  Ignoring file as matched an ignore pattern: 12465_QCreads.md5
[2022-08-05 11:09:38,155] multiqc.plots.bargraph                             [DEBUG  ]  Using matplotlib version 3.3.4
[2022-08-05 11:09:38,159] multiqc.plots.linegraph                            [DEBUG  ]  Using matplotlib version 3.3.4
[2022-08-05 11:09:38,161] multiqc                                            [DEBUG  ]  No samples found: custom_content
[2022-08-05 11:09:38,167] multiqc                                            [DEBUG  ]  No samples found: ccs
[2022-08-05 11:09:38,175] multiqc                                            [DEBUG  ]  No samples found: ngsderive
[2022-08-05 11:09:38,180] multiqc                                            [DEBUG  ]  No samples found: purple
[2022-08-05 11:09:38,187] multiqc                                            [DEBUG  ]  No samples found: conpair
[2022-08-05 11:09:38,194] multiqc                                            [DEBUG  ]  No samples found: lima
[2022-08-05 11:09:38,200] multiqc                                            [DEBUG  ]  No samples found: peddy
[2022-08-05 11:09:38,207] multiqc                                            [DEBUG  ]  No samples found: somalier
[2022-08-05 11:09:38,211] multiqc                                            [DEBUG  ]  No samples found: methylQA
[2022-08-05 11:09:38,221] multiqc.modules.mosdepth.mosdepth                  [DEBUG  ]  include_contigs: []
[2022-08-05 11:09:38,222] multiqc.modules.mosdepth.mosdepth                  [DEBUG  ]  exclude_contigs: []
[2022-08-05 11:09:38,222] multiqc                                            [DEBUG  ]  No samples found: mosdepth
[2022-08-05 11:09:38,226] multiqc                                            [DEBUG  ]  No samples found: phantompeakqualtools
[2022-08-05 11:09:38,230] multiqc                                            [DEBUG  ]  No samples found: qualimap
[2022-08-05 11:09:38,235] multiqc                                            [DEBUG  ]  No samples found: preseq
[2022-08-05 11:09:38,240] multiqc                                            [DEBUG  ]  No samples found: quast
[2022-08-05 11:09:38,477] multiqc                                            [DEBUG  ]  No samples found: qorts
[2022-08-05 11:09:38,716] multiqc                                            [DEBUG  ]  No samples found: rna_seqc
[2022-08-05 11:09:38,724] multiqc                                            [DEBUG  ]  No samples found: rockhopper
[2022-08-05 11:09:38,960] multiqc                                            [DEBUG  ]  No samples found: rsem
[2022-08-05 11:09:38,978] multiqc                                            [DEBUG  ]  No samples found: rseqc
[2022-08-05 11:09:38,988] multiqc                                            [DEBUG  ]  No samples found: busco
[2022-08-05 11:09:38,999] multiqc                                            [DEBUG  ]  No samples found: bustools
[2022-08-05 11:09:39,009] multiqc                                            [DEBUG  ]  No samples found: goleft_indexcov
[2022-08-05 11:09:39,017] multiqc                                            [DEBUG  ]  No samples found: gffcompare
[2022-08-05 11:09:39,024] multiqc                                            [DEBUG  ]  No samples found: disambiguate
[2022-08-05 11:09:39,031] multiqc                                            [DEBUG  ]  No samples found: supernova
[2022-08-05 11:09:39,518] multiqc                                            [DEBUG  ]  No samples found: deeptools
[2022-08-05 11:09:39,525] multiqc                                            [DEBUG  ]  No samples found: sargasso
[2022-08-05 11:09:39,530] multiqc                                            [DEBUG  ]  No samples found: verifybamid
[2022-08-05 11:09:39,537] multiqc                                            [DEBUG  ]  No samples found: mirtrace
[2022-08-05 11:09:39,543] multiqc                                            [DEBUG  ]  No samples found: happy
[2022-08-05 11:09:39,550] multiqc                                            [DEBUG  ]  No samples found: mirtop
[2022-08-05 11:09:39,786] multiqc                                            [DEBUG  ]  No samples found: sambamba
[2022-08-05 11:09:39,795] multiqc                                            [DEBUG  ]  No samples found: homer
[2022-08-05 11:09:39,800] multiqc                                            [DEBUG  ]  No samples found: hops
[2022-08-05 11:09:39,805] multiqc                                            [DEBUG  ]  No samples found: macs2
[2022-08-05 11:09:39,809] multiqc                                            [DEBUG  ]  No samples found: theta2
[2022-08-05 11:09:39,814] multiqc                                            [DEBUG  ]  No samples found: snpeff
[2022-08-05 11:09:39,822] multiqc                                            [DEBUG  ]  No samples found: gatk
[2022-08-05 11:09:39,827] multiqc                                            [DEBUG  ]  No samples found: htseq
[2022-08-05 11:09:39,833] multiqc                                            [DEBUG  ]  No samples found: bcftools
[2022-08-05 11:09:39,838] multiqc                                            [DEBUG  ]  No samples found: featureCounts
[2022-08-05 11:09:39,844] multiqc                                            [DEBUG  ]  No samples found: fgbio
[2022-08-05 11:09:39,862] multiqc                                            [DEBUG  ]  No samples found: dragen
[2022-08-05 11:09:39,867] multiqc                                            [DEBUG  ]  No samples found: dedup
[2022-08-05 11:09:39,874] multiqc                                            [DEBUG  ]  No samples found: damageprofiler
[2022-08-05 11:09:40,603] multiqc                                            [DEBUG  ]  No samples found: biobambam2
[2022-08-05 11:09:40,609] multiqc                                            [DEBUG  ]  No samples found: jcvi
[2022-08-05 11:09:40,613] multiqc                                            [DEBUG  ]  No samples found: mtnucratio
[2022-08-05 11:09:40,615] multiqc                                            [DEBUG  ]  No samples found: picard
[2022-08-05 11:09:40,622] multiqc                                            [DEBUG  ]  No samples found: vep
[2022-08-05 11:09:40,638] multiqc                                            [DEBUG  ]  No samples found: sentieon
[2022-08-05 11:09:40,642] multiqc                                            [DEBUG  ]  No samples found: prokka
[2022-08-05 11:09:40,880] multiqc                                            [DEBUG  ]  No samples found: qc3C
[2022-08-05 11:09:40,885] multiqc                                            [DEBUG  ]  No samples found: nanostat
[2022-08-05 11:09:40,890] multiqc                                            [DEBUG  ]  No samples found: samblaster
[2022-08-05 11:09:40,900] multiqc                                            [DEBUG  ]  No samples found: samtools
[2022-08-05 11:09:40,905] multiqc                                            [DEBUG  ]  No samples found: sexdeterrmine
[2022-08-05 11:09:41,140] multiqc                                            [DEBUG  ]  No samples found: eigenstratdatabasetools
[2022-08-05 11:09:41,145] multiqc                                            [DEBUG  ]  No samples found: bamtools
[2022-08-05 11:09:41,150] multiqc                                            [DEBUG  ]  No samples found: jellyfish
[2022-08-05 11:09:41,159] multiqc                                            [DEBUG  ]  No samples found: vcftools
[2022-08-05 11:09:41,165] multiqc                                            [DEBUG  ]  No samples found: longranger
[2022-08-05 11:09:41,170] multiqc                                            [DEBUG  ]  No samples found: stacks
[2022-08-05 11:09:41,175] multiqc                                            [DEBUG  ]  No samples found: varscan2
[2022-08-05 11:09:41,180] multiqc                                            [DEBUG  ]  No samples found: snippy
[2022-08-05 11:09:41,200] multiqc                                            [DEBUG  ]  No samples found: bbmap
[2022-08-05 11:09:41,206] multiqc                                            [DEBUG  ]  No samples found: bismark
[2022-08-05 11:09:41,214] multiqc                                            [DEBUG  ]  No samples found: biscuit
[2022-08-05 11:09:41,219] multiqc                                            [DEBUG  ]  No samples found: hicexplorer
[2022-08-05 11:09:41,224] multiqc                                            [DEBUG  ]  No samples found: hicup
[2022-08-05 11:09:41,230] multiqc                                            [DEBUG  ]  No samples found: hicpro
[2022-08-05 11:09:41,235] multiqc                                            [DEBUG  ]  No samples found: salmon
[2022-08-05 11:09:41,239] multiqc                                            [DEBUG  ]  No samples found: kallisto
[2022-08-05 11:09:41,246] multiqc                                            [DEBUG  ]  No samples found: slamdunk
[2022-08-05 11:09:41,251] multiqc                                            [DEBUG  ]  No samples found: star
[2022-08-05 11:09:41,256] multiqc                                            [DEBUG  ]  No samples found: hisat2
[2022-08-05 11:09:41,261] multiqc                                            [DEBUG  ]  No samples found: tophat
[2022-08-05 11:09:41,266] multiqc                                            [DEBUG  ]  No samples found: bowtie2
[2022-08-05 11:09:41,271] multiqc                                            [DEBUG  ]  No samples found: bowtie1
[2022-08-05 11:09:41,277] multiqc                                            [DEBUG  ]  No samples found: snpsplit
[2022-08-05 11:09:41,282] multiqc                                            [DEBUG  ]  No samples found: odgi
[2022-08-05 11:09:41,287] multiqc                                            [DEBUG  ]  No samples found: pangolin
[2022-08-05 11:09:41,291] multiqc                                            [DEBUG  ]  No samples found: kat
[2022-08-05 11:09:41,295] multiqc                                            [DEBUG  ]  No samples found: leehom
[2022-08-05 11:09:41,301] multiqc                                            [DEBUG  ]  No samples found: adapterRemoval
[2022-08-05 11:09:41,305] multiqc                                            [DEBUG  ]  No samples found: clipandmerge
[2022-08-05 11:09:41,311] multiqc                                            [DEBUG  ]  No samples found: cutadapt
[2022-08-05 11:09:41,315] multiqc                                            [DEBUG  ]  No samples found: flexbar
[2022-08-05 11:09:41,320] multiqc                                            [DEBUG  ]  No samples found: kaiju
[2022-08-05 11:09:41,326] multiqc                                            [DEBUG  ]  No samples found: kraken
[2022-08-05 11:09:41,331] multiqc                                            [DEBUG  ]  No samples found: malt
[2022-08-05 11:09:41,336] multiqc                                            [DEBUG  ]  No samples found: trimmomatic
[2022-08-05 11:09:41,340] multiqc                                            [DEBUG  ]  No samples found: sickle
[2022-08-05 11:09:41,348] multiqc                                            [DEBUG  ]  No samples found: skewer
[2022-08-05 11:09:41,352] multiqc                                            [DEBUG  ]  No samples found: sortmerna
[2022-08-05 11:09:41,587] multiqc                                            [DEBUG  ]  No samples found: biobloomtools
[2022-08-05 11:09:41,825] multiqc                                            [DEBUG  ]  No samples found: fastq_screen
[2022-08-05 11:09:41,830] multiqc                                            [DEBUG  ]  No samples found: afterqc
[2022-08-05 11:09:41,835] multiqc                                            [DEBUG  ]  No samples found: fastp
[2022-08-05 11:09:41,991] multiqc.modules.fastqc.fastqc                      [INFO   ]  Found 4 reports
[2022-08-05 11:09:42,442] multiqc                                            [DEBUG  ]  No samples found: pychopper
[2022-08-05 11:09:42,449] multiqc                                            [DEBUG  ]  No samples found: pycoqc
[2022-08-05 11:09:42,455] multiqc                                            [DEBUG  ]  No samples found: minionqc
[2022-08-05 11:09:42,690] multiqc                                            [DEBUG  ]  No samples found: multivcfanalyzer
[2022-08-05 11:09:42,696] multiqc                                            [DEBUG  ]  No samples found: clusterflow
[2022-08-05 11:09:42,704] multiqc                                            [DEBUG  ]  No samples found: bcl2fastq
[2022-08-05 11:09:42,712] multiqc                                            [DEBUG  ]  No samples found: bclconvert
[2022-08-05 11:09:42,718] multiqc                                            [DEBUG  ]  No samples found: interop
[2022-08-05 11:09:42,954] multiqc                                            [DEBUG  ]  No samples found: ivar
[2022-08-05 11:09:42,960] multiqc                                            [DEBUG  ]  No samples found: flash
[2022-08-05 11:09:42,966] multiqc                                            [DEBUG  ]  No samples found: seqyclean
[2022-08-05 11:09:42,971] multiqc                                            [DEBUG  ]  No samples found: optitype
[2022-08-05 11:09:42,975] multiqc                                            [INFO   ]  Compressing plot data
[2022-08-05 11:09:44,139] multiqc                                            [INFO   ]  Report      : 12465_MGSD_CSIRO.qc.stats/multiqc_report.html
[2022-08-05 11:09:44,139] multiqc                                            [INFO   ]  Data        : 12465_MGSD_CSIRO.qc.stats/multiqc_data
[2022-08-05 11:09:44,139] multiqc                                            [DEBUG  ]  Moving data file from '/tmp/smi9a9.8584991/tmp5fwcmi_u/multiqc_data' to '12465_MGSD_CSIRO.qc.stats/multiqc_data'
[2022-08-05 11:09:45,973] multiqc                                            [INFO   ]  MultiQC complete
