[2022-08-05 11:13:25,802] multiqc                                            [DEBUG  ]  This is MultiQC v1.11
[2022-08-05 11:13:25,802] multiqc                                            [DEBUG  ]  No MultiQC config found: /apps/multiqc/1.11/lib/python3.9/site-packages/multiqc_config.yaml
[2022-08-05 11:13:25,802] multiqc                                            [DEBUG  ]  No MultiQC config found: /home/smi9a9/.multiqc_config.yaml
[2022-08-05 11:13:25,802] multiqc                                            [DEBUG  ]  No MultiQC config found: multiqc_config.yaml
[2022-08-05 11:13:25,802] multiqc                                            [DEBUG  ]  Command used: /apps/multiqc/1.11/bin/multiqc ./401564_HL7J5DSX3-1_merged_fastqc.html ./401564_HL7J5DSX3-1_merged_fastqc.zip ./401564_HL7J5DSX3-1_merged.fastq.gz ./401564_HL7J5DSX3-1_R1p_fastqc.html ./401564_HL7J5DSX3-1_R1p_fastqc.zip ./401564_HL7J5DSX3-1_R1p.fastq.gz ./401564_HL7J5DSX3-1_R1R2u_fastqc.html ./401564_HL7J5DSX3-1_R1R2u_fastqc.zip ./401564_HL7J5DSX3-1_R1R2u.fastq.gz ./401564_HL7J5DSX3-1_R2p_fastqc.html ./401564_HL7J5DSX3-1_R2p_fastqc.zip ./401564_HL7J5DSX3-1_R2p.fastq.gz ./401564_QCreads.md5 -o 401564_MGSD_CSIRO.qc.stats
[2022-08-05 11:13:25,804] multiqc                                            [DEBUG  ]  Could not connect to multiqc.info for version check: <urlopen error [Errno 111] Connection refused>
[2022-08-05 11:13:25,805] multiqc                                            [DEBUG  ]  Command     : /apps/multiqc/1.11/bin/multiqc ./401564_HL7J5DSX3-1_merged_fastqc.html ./401564_HL7J5DSX3-1_merged_fastqc.zip ./401564_HL7J5DSX3-1_merged.fastq.gz ./401564_HL7J5DSX3-1_R1p_fastqc.html ./401564_HL7J5DSX3-1_R1p_fastqc.zip ./401564_HL7J5DSX3-1_R1p.fastq.gz ./401564_HL7J5DSX3-1_R1R2u_fastqc.html ./401564_HL7J5DSX3-1_R1R2u_fastqc.zip ./401564_HL7J5DSX3-1_R1R2u.fastq.gz ./401564_HL7J5DSX3-1_R2p_fastqc.html ./401564_HL7J5DSX3-1_R2p_fastqc.zip ./401564_HL7J5DSX3-1_R2p.fastq.gz ./401564_QCreads.md5 -o 401564_MGSD_CSIRO.qc.stats
[2022-08-05 11:13:25,805] multiqc                                            [DEBUG  ]  Working dir : /datasets/work/oa-amd/work/amd/Metagenome_QC_reads
[2022-08-05 11:13:25,805] multiqc                                            [DEBUG  ]  Template    : default
[2022-08-05 11:13:25,805] multiqc                                            [DEBUG  ]  Running Python 3.9.4 (default, Apr 25 2021, 16:13:27)  [GCC 10.3.0]
[2022-08-05 11:13:25,805] multiqc                                            [DEBUG  ]  Analysing modules: custom_content, ccs, ngsderive, purple, conpair, lima, peddy, somalier, methylQA, mosdepth, phantompeakqualtools, qualimap, preseq, quast, qorts, rna_seqc, rockhopper, rsem, rseqc, busco, bustools, goleft_indexcov, gffcompare, disambiguate, supernova, deeptools, sargasso, verifybamid, mirtrace, happy, mirtop, sambamba, homer, hops, macs2, theta2, snpeff, gatk, htseq, bcftools, featureCounts, fgbio, dragen, dedup, damageprofiler, biobambam2, jcvi, mtnucratio, picard, vep, sentieon, prokka, qc3C, nanostat, samblaster, samtools, sexdeterrmine, eigenstratdatabasetools, bamtools, jellyfish, vcftools, longranger, stacks, varscan2, snippy, bbmap, bismark, biscuit, hicexplorer, hicup, hicpro, salmon, kallisto, slamdunk, star, hisat2, tophat, bowtie2, bowtie1, snpsplit, odgi, pangolin, kat, leehom, adapterRemoval, clipandmerge, cutadapt, flexbar, kaiju, kraken, malt, trimmomatic, sickle, skewer, sortmerna, biobloomtools, fastq_screen, afterqc, fastp, fastqc, pychopper, pycoqc, minionqc, multivcfanalyzer, clusterflow, bcl2fastq, bclconvert, interop, ivar, flash, seqyclean, optitype
[2022-08-05 11:13:25,806] multiqc                                            [DEBUG  ]  Using temporary directory for creating report: /tmp/smi9a9.8585960/tmpkkkfto2s
[2022-08-05 11:13:25,867] multiqc                                            [INFO   ]  Search path : /datasets/work/oa-amd/work/amd/Metagenome_QC_reads/401564_HL7J5DSX3-1_merged_fastqc.html
[2022-08-05 11:13:25,867] multiqc                                            [INFO   ]  Search path : /datasets/work/oa-amd/work/amd/Metagenome_QC_reads/401564_HL7J5DSX3-1_merged_fastqc.zip
[2022-08-05 11:13:25,867] multiqc                                            [INFO   ]  Search path : /datasets/work/oa-amd/work/amd/Metagenome_QC_reads/401564_HL7J5DSX3-1_merged.fastq.gz
[2022-08-05 11:13:25,867] multiqc                                            [INFO   ]  Search path : /datasets/work/oa-amd/work/amd/Metagenome_QC_reads/401564_HL7J5DSX3-1_R1p_fastqc.html
[2022-08-05 11:13:25,867] multiqc                                            [INFO   ]  Search path : /datasets/work/oa-amd/work/amd/Metagenome_QC_reads/401564_HL7J5DSX3-1_R1p_fastqc.zip
[2022-08-05 11:13:25,868] multiqc                                            [INFO   ]  Search path : /datasets/work/oa-amd/work/amd/Metagenome_QC_reads/401564_HL7J5DSX3-1_R1p.fastq.gz
[2022-08-05 11:13:25,868] multiqc                                            [INFO   ]  Search path : /datasets/work/oa-amd/work/amd/Metagenome_QC_reads/401564_HL7J5DSX3-1_R1R2u_fastqc.html
[2022-08-05 11:13:25,868] multiqc                                            [INFO   ]  Search path : /datasets/work/oa-amd/work/amd/Metagenome_QC_reads/401564_HL7J5DSX3-1_R1R2u_fastqc.zip
[2022-08-05 11:13:25,868] multiqc                                            [INFO   ]  Search path : /datasets/work/oa-amd/work/amd/Metagenome_QC_reads/401564_HL7J5DSX3-1_R1R2u.fastq.gz
[2022-08-05 11:13:25,868] multiqc                                            [INFO   ]  Search path : /datasets/work/oa-amd/work/amd/Metagenome_QC_reads/401564_HL7J5DSX3-1_R2p_fastqc.html
[2022-08-05 11:13:25,868] multiqc                                            [INFO   ]  Search path : /datasets/work/oa-amd/work/amd/Metagenome_QC_reads/401564_HL7J5DSX3-1_R2p_fastqc.zip
[2022-08-05 11:13:25,868] multiqc                                            [INFO   ]  Search path : /datasets/work/oa-amd/work/amd/Metagenome_QC_reads/401564_HL7J5DSX3-1_R2p.fastq.gz
[2022-08-05 11:13:25,868] multiqc                                            [INFO   ]  Search path : /datasets/work/oa-amd/work/amd/Metagenome_QC_reads/401564_QCreads.md5
[2022-08-05 11:13:25,970] multiqc                                            [DEBUG  ]  File ignored by ccs/v4 because it exceeded search pattern filesize limit: 401564_HL7J5DSX3-1_merged_fastqc.html
[2022-08-05 11:13:25,989] multiqc                                            [DEBUG  ]  File ignored by hicexplorer because it exceeded search pattern filesize limit: 401564_HL7J5DSX3-1_merged_fastqc.html
[2022-08-05 11:13:25,990] multiqc                                            [DEBUG  ]  File ignored by nanostat because it exceeded search pattern filesize limit: 401564_HL7J5DSX3-1_merged_fastqc.html
[2022-08-05 11:13:25,990] multiqc                                            [DEBUG  ]  File ignored by lima/summary because it exceeded search pattern filesize limit: 401564_HL7J5DSX3-1_merged_fastqc.html
[2022-08-05 11:13:26,028] multiqc                                            [DEBUG  ]  File ignored by vep/vep_txt because it exceeded search pattern filesize limit: 401564_HL7J5DSX3-1_merged_fastqc.html
[2022-08-05 11:13:26,028] multiqc                                            [DEBUG  ]  File ignored by longranger/invocation because it exceeded search pattern filesize limit: 401564_HL7J5DSX3-1_merged_fastqc.html
[2022-08-05 11:13:26,028] multiqc                                            [DEBUG  ]  File ignored by rockhopper because it exceeded search pattern filesize limit: 401564_HL7J5DSX3-1_merged_fastqc.html
[2022-08-05 11:13:26,028] multiqc                                            [DEBUG  ]  File ignored by rseqc/bam_stat because it exceeded search pattern filesize limit: 401564_HL7J5DSX3-1_merged_fastqc.html
[2022-08-05 11:13:26,028] multiqc                                            [DEBUG  ]  File ignored by rseqc/junction_annotation because it exceeded search pattern filesize limit: 401564_HL7J5DSX3-1_merged_fastqc.html
[2022-08-05 11:13:26,028] multiqc                                            [DEBUG  ]  File ignored by rseqc/read_distribution because it exceeded search pattern filesize limit: 401564_HL7J5DSX3-1_merged_fastqc.html
[2022-08-05 11:13:26,029] multiqc                                            [DEBUG  ]  File ignored by rseqc/infer_experiment because it exceeded search pattern filesize limit: 401564_HL7J5DSX3-1_merged_fastqc.html
[2022-08-05 11:13:26,115] multiqc                                            [DEBUG  ]  Ignoring file as matched an ignore pattern: 401564_HL7J5DSX3-1_merged.fastq.gz
[2022-08-05 11:13:26,158] multiqc                                            [DEBUG  ]  File ignored by ccs/v4 because it exceeded search pattern filesize limit: 401564_HL7J5DSX3-1_R1p_fastqc.html
[2022-08-05 11:13:26,165] multiqc                                            [DEBUG  ]  File ignored by hicexplorer because it exceeded search pattern filesize limit: 401564_HL7J5DSX3-1_R1p_fastqc.html
[2022-08-05 11:13:26,166] multiqc                                            [DEBUG  ]  File ignored by nanostat because it exceeded search pattern filesize limit: 401564_HL7J5DSX3-1_R1p_fastqc.html
[2022-08-05 11:13:26,166] multiqc                                            [DEBUG  ]  File ignored by lima/summary because it exceeded search pattern filesize limit: 401564_HL7J5DSX3-1_R1p_fastqc.html
[2022-08-05 11:13:26,180] multiqc                                            [DEBUG  ]  File ignored by vep/vep_txt because it exceeded search pattern filesize limit: 401564_HL7J5DSX3-1_R1p_fastqc.html
[2022-08-05 11:13:26,180] multiqc                                            [DEBUG  ]  File ignored by longranger/invocation because it exceeded search pattern filesize limit: 401564_HL7J5DSX3-1_R1p_fastqc.html
[2022-08-05 11:13:26,180] multiqc                                            [DEBUG  ]  File ignored by rockhopper because it exceeded search pattern filesize limit: 401564_HL7J5DSX3-1_R1p_fastqc.html
[2022-08-05 11:13:26,180] multiqc                                            [DEBUG  ]  File ignored by rseqc/bam_stat because it exceeded search pattern filesize limit: 401564_HL7J5DSX3-1_R1p_fastqc.html
[2022-08-05 11:13:26,180] multiqc                                            [DEBUG  ]  File ignored by rseqc/junction_annotation because it exceeded search pattern filesize limit: 401564_HL7J5DSX3-1_R1p_fastqc.html
[2022-08-05 11:13:26,180] multiqc                                            [DEBUG  ]  File ignored by rseqc/read_distribution because it exceeded search pattern filesize limit: 401564_HL7J5DSX3-1_R1p_fastqc.html
[2022-08-05 11:13:26,180] multiqc                                            [DEBUG  ]  File ignored by rseqc/infer_experiment because it exceeded search pattern filesize limit: 401564_HL7J5DSX3-1_R1p_fastqc.html
[2022-08-05 11:13:26,253] multiqc                                            [DEBUG  ]  Ignoring file as matched an ignore pattern: 401564_HL7J5DSX3-1_R1p.fastq.gz
[2022-08-05 11:13:26,349] multiqc                                            [DEBUG  ]  File ignored by ccs/v4 because it exceeded search pattern filesize limit: 401564_HL7J5DSX3-1_R1R2u_fastqc.html
[2022-08-05 11:13:26,359] multiqc                                            [DEBUG  ]  File ignored by hicexplorer because it exceeded search pattern filesize limit: 401564_HL7J5DSX3-1_R1R2u_fastqc.html
[2022-08-05 11:13:26,359] multiqc                                            [DEBUG  ]  File ignored by nanostat because it exceeded search pattern filesize limit: 401564_HL7J5DSX3-1_R1R2u_fastqc.html
[2022-08-05 11:13:26,359] multiqc                                            [DEBUG  ]  File ignored by lima/summary because it exceeded search pattern filesize limit: 401564_HL7J5DSX3-1_R1R2u_fastqc.html
[2022-08-05 11:13:26,373] multiqc                                            [DEBUG  ]  File ignored by vep/vep_txt because it exceeded search pattern filesize limit: 401564_HL7J5DSX3-1_R1R2u_fastqc.html
[2022-08-05 11:13:26,373] multiqc                                            [DEBUG  ]  File ignored by longranger/invocation because it exceeded search pattern filesize limit: 401564_HL7J5DSX3-1_R1R2u_fastqc.html
[2022-08-05 11:13:26,373] multiqc                                            [DEBUG  ]  File ignored by rockhopper because it exceeded search pattern filesize limit: 401564_HL7J5DSX3-1_R1R2u_fastqc.html
[2022-08-05 11:13:26,373] multiqc                                            [DEBUG  ]  File ignored by rseqc/bam_stat because it exceeded search pattern filesize limit: 401564_HL7J5DSX3-1_R1R2u_fastqc.html
[2022-08-05 11:13:26,373] multiqc                                            [DEBUG  ]  File ignored by rseqc/junction_annotation because it exceeded search pattern filesize limit: 401564_HL7J5DSX3-1_R1R2u_fastqc.html
[2022-08-05 11:13:26,373] multiqc                                            [DEBUG  ]  File ignored by rseqc/read_distribution because it exceeded search pattern filesize limit: 401564_HL7J5DSX3-1_R1R2u_fastqc.html
[2022-08-05 11:13:26,373] multiqc                                            [DEBUG  ]  File ignored by rseqc/infer_experiment because it exceeded search pattern filesize limit: 401564_HL7J5DSX3-1_R1R2u_fastqc.html
[2022-08-05 11:13:26,466] multiqc                                            [DEBUG  ]  Ignoring file as matched an ignore pattern: 401564_HL7J5DSX3-1_R1R2u.fastq.gz
[2022-08-05 11:13:26,510] multiqc                                            [DEBUG  ]  File ignored by ccs/v4 because it exceeded search pattern filesize limit: 401564_HL7J5DSX3-1_R2p_fastqc.html
[2022-08-05 11:13:26,518] multiqc                                            [DEBUG  ]  File ignored by hicexplorer because it exceeded search pattern filesize limit: 401564_HL7J5DSX3-1_R2p_fastqc.html
[2022-08-05 11:13:26,520] multiqc                                            [DEBUG  ]  File ignored by nanostat because it exceeded search pattern filesize limit: 401564_HL7J5DSX3-1_R2p_fastqc.html
[2022-08-05 11:13:26,520] multiqc                                            [DEBUG  ]  File ignored by lima/summary because it exceeded search pattern filesize limit: 401564_HL7J5DSX3-1_R2p_fastqc.html
[2022-08-05 11:13:26,537] multiqc                                            [DEBUG  ]  File ignored by vep/vep_txt because it exceeded search pattern filesize limit: 401564_HL7J5DSX3-1_R2p_fastqc.html
[2022-08-05 11:13:26,537] multiqc                                            [DEBUG  ]  File ignored by longranger/invocation because it exceeded search pattern filesize limit: 401564_HL7J5DSX3-1_R2p_fastqc.html
[2022-08-05 11:13:26,537] multiqc                                            [DEBUG  ]  File ignored by rockhopper because it exceeded search pattern filesize limit: 401564_HL7J5DSX3-1_R2p_fastqc.html
[2022-08-05 11:13:26,537] multiqc                                            [DEBUG  ]  File ignored by rseqc/bam_stat because it exceeded search pattern filesize limit: 401564_HL7J5DSX3-1_R2p_fastqc.html
[2022-08-05 11:13:26,537] multiqc                                            [DEBUG  ]  File ignored by rseqc/junction_annotation because it exceeded search pattern filesize limit: 401564_HL7J5DSX3-1_R2p_fastqc.html
[2022-08-05 11:13:26,537] multiqc                                            [DEBUG  ]  File ignored by rseqc/read_distribution because it exceeded search pattern filesize limit: 401564_HL7J5DSX3-1_R2p_fastqc.html
[2022-08-05 11:13:26,537] multiqc                                            [DEBUG  ]  File ignored by rseqc/infer_experiment because it exceeded search pattern filesize limit: 401564_HL7J5DSX3-1_R2p_fastqc.html
[2022-08-05 11:13:26,611] multiqc                                            [DEBUG  ]  Ignoring file as matched an ignore pattern: 401564_HL7J5DSX3-1_R2p.fastq.gz
[2022-08-05 11:13:26,611] multiqc                                            [DEBUG  ]  Ignoring file as matched an ignore pattern: 401564_QCreads.md5
[2022-08-05 11:13:27,130] multiqc.plots.bargraph                             [DEBUG  ]  Using matplotlib version 3.3.4
[2022-08-05 11:13:27,134] multiqc.plots.linegraph                            [DEBUG  ]  Using matplotlib version 3.3.4
[2022-08-05 11:13:27,137] multiqc                                            [DEBUG  ]  No samples found: custom_content
[2022-08-05 11:13:27,143] multiqc                                            [DEBUG  ]  No samples found: ccs
[2022-08-05 11:13:27,148] multiqc                                            [DEBUG  ]  No samples found: ngsderive
[2022-08-05 11:13:27,156] multiqc                                            [DEBUG  ]  No samples found: purple
[2022-08-05 11:13:27,161] multiqc                                            [DEBUG  ]  No samples found: conpair
[2022-08-05 11:13:27,166] multiqc                                            [DEBUG  ]  No samples found: lima
[2022-08-05 11:13:27,171] multiqc                                            [DEBUG  ]  No samples found: peddy
[2022-08-05 11:13:27,178] multiqc                                            [DEBUG  ]  No samples found: somalier
[2022-08-05 11:13:27,183] multiqc                                            [DEBUG  ]  No samples found: methylQA
[2022-08-05 11:13:27,194] multiqc.modules.mosdepth.mosdepth                  [DEBUG  ]  include_contigs: []
[2022-08-05 11:13:27,194] multiqc.modules.mosdepth.mosdepth                  [DEBUG  ]  exclude_contigs: []
[2022-08-05 11:13:27,194] multiqc                                            [DEBUG  ]  No samples found: mosdepth
[2022-08-05 11:13:27,199] multiqc                                            [DEBUG  ]  No samples found: phantompeakqualtools
[2022-08-05 11:13:27,202] multiqc                                            [DEBUG  ]  No samples found: qualimap
[2022-08-05 11:13:27,208] multiqc                                            [DEBUG  ]  No samples found: preseq
[2022-08-05 11:13:27,214] multiqc                                            [DEBUG  ]  No samples found: quast
[2022-08-05 11:13:27,219] multiqc                                            [DEBUG  ]  No samples found: qorts
[2022-08-05 11:13:27,225] multiqc                                            [DEBUG  ]  No samples found: rna_seqc
[2022-08-05 11:13:27,230] multiqc                                            [DEBUG  ]  No samples found: rockhopper
[2022-08-05 11:13:27,235] multiqc                                            [DEBUG  ]  No samples found: rsem
[2022-08-05 11:13:27,251] multiqc                                            [DEBUG  ]  No samples found: rseqc
[2022-08-05 11:13:27,256] multiqc                                            [DEBUG  ]  No samples found: busco
[2022-08-05 11:13:27,261] multiqc                                            [DEBUG  ]  No samples found: bustools
[2022-08-05 11:13:27,266] multiqc                                            [DEBUG  ]  No samples found: goleft_indexcov
[2022-08-05 11:13:27,271] multiqc                                            [DEBUG  ]  No samples found: gffcompare
[2022-08-05 11:13:27,276] multiqc                                            [DEBUG  ]  No samples found: disambiguate
[2022-08-05 11:13:27,282] multiqc                                            [DEBUG  ]  No samples found: supernova
[2022-08-05 11:13:27,301] multiqc                                            [DEBUG  ]  No samples found: deeptools
[2022-08-05 11:13:27,306] multiqc                                            [DEBUG  ]  No samples found: sargasso
[2022-08-05 11:13:27,312] multiqc                                            [DEBUG  ]  No samples found: verifybamid
[2022-08-05 11:13:27,318] multiqc                                            [DEBUG  ]  No samples found: mirtrace
[2022-08-05 11:13:27,323] multiqc                                            [DEBUG  ]  No samples found: happy
[2022-08-05 11:13:27,328] multiqc                                            [DEBUG  ]  No samples found: mirtop
[2022-08-05 11:13:27,333] multiqc                                            [DEBUG  ]  No samples found: sambamba
[2022-08-05 11:13:27,342] multiqc                                            [DEBUG  ]  No samples found: homer
[2022-08-05 11:13:27,346] multiqc                                            [DEBUG  ]  No samples found: hops
[2022-08-05 11:13:27,352] multiqc                                            [DEBUG  ]  No samples found: macs2
[2022-08-05 11:13:27,356] multiqc                                            [DEBUG  ]  No samples found: theta2
[2022-08-05 11:13:27,362] multiqc                                            [DEBUG  ]  No samples found: snpeff
[2022-08-05 11:13:27,370] multiqc                                            [DEBUG  ]  No samples found: gatk
[2022-08-05 11:13:27,374] multiqc                                            [DEBUG  ]  No samples found: htseq
[2022-08-05 11:13:27,381] multiqc                                            [DEBUG  ]  No samples found: bcftools
[2022-08-05 11:13:27,385] multiqc                                            [DEBUG  ]  No samples found: featureCounts
[2022-08-05 11:13:27,392] multiqc                                            [DEBUG  ]  No samples found: fgbio
[2022-08-05 11:13:27,409] multiqc                                            [DEBUG  ]  No samples found: dragen
[2022-08-05 11:13:27,414] multiqc                                            [DEBUG  ]  No samples found: dedup
[2022-08-05 11:13:27,419] multiqc                                            [DEBUG  ]  No samples found: damageprofiler
[2022-08-05 11:13:27,461] multiqc                                            [DEBUG  ]  No samples found: biobambam2
[2022-08-05 11:13:27,467] multiqc                                            [DEBUG  ]  No samples found: jcvi
[2022-08-05 11:13:27,472] multiqc                                            [DEBUG  ]  No samples found: mtnucratio
[2022-08-05 11:13:27,474] multiqc                                            [DEBUG  ]  No samples found: picard
[2022-08-05 11:13:27,482] multiqc                                            [DEBUG  ]  No samples found: vep
[2022-08-05 11:13:27,490] multiqc                                            [DEBUG  ]  No samples found: sentieon
[2022-08-05 11:13:27,495] multiqc                                            [DEBUG  ]  No samples found: prokka
[2022-08-05 11:13:27,503] multiqc                                            [DEBUG  ]  No samples found: qc3C
[2022-08-05 11:13:27,508] multiqc                                            [DEBUG  ]  No samples found: nanostat
[2022-08-05 11:13:27,513] multiqc                                            [DEBUG  ]  No samples found: samblaster
[2022-08-05 11:13:27,523] multiqc                                            [DEBUG  ]  No samples found: samtools
[2022-08-05 11:13:27,529] multiqc                                            [DEBUG  ]  No samples found: sexdeterrmine
[2022-08-05 11:13:27,533] multiqc                                            [DEBUG  ]  No samples found: eigenstratdatabasetools
[2022-08-05 11:13:27,539] multiqc                                            [DEBUG  ]  No samples found: bamtools
[2022-08-05 11:13:27,544] multiqc                                            [DEBUG  ]  No samples found: jellyfish
[2022-08-05 11:13:27,552] multiqc                                            [DEBUG  ]  No samples found: vcftools
[2022-08-05 11:13:27,558] multiqc                                            [DEBUG  ]  No samples found: longranger
[2022-08-05 11:13:27,563] multiqc                                            [DEBUG  ]  No samples found: stacks
[2022-08-05 11:13:27,568] multiqc                                            [DEBUG  ]  No samples found: varscan2
[2022-08-05 11:13:27,573] multiqc                                            [DEBUG  ]  No samples found: snippy
[2022-08-05 11:13:27,591] multiqc                                            [DEBUG  ]  No samples found: bbmap
[2022-08-05 11:13:27,597] multiqc                                            [DEBUG  ]  No samples found: bismark
[2022-08-05 11:13:27,606] multiqc                                            [DEBUG  ]  No samples found: biscuit
[2022-08-05 11:13:27,611] multiqc                                            [DEBUG  ]  No samples found: hicexplorer
[2022-08-05 11:13:27,616] multiqc                                            [DEBUG  ]  No samples found: hicup
[2022-08-05 11:13:27,622] multiqc                                            [DEBUG  ]  No samples found: hicpro
[2022-08-05 11:13:27,626] multiqc                                            [DEBUG  ]  No samples found: salmon
[2022-08-05 11:13:27,631] multiqc                                            [DEBUG  ]  No samples found: kallisto
[2022-08-05 11:13:27,637] multiqc                                            [DEBUG  ]  No samples found: slamdunk
[2022-08-05 11:13:27,642] multiqc                                            [DEBUG  ]  No samples found: star
[2022-08-05 11:13:27,647] multiqc                                            [DEBUG  ]  No samples found: hisat2
[2022-08-05 11:13:27,652] multiqc                                            [DEBUG  ]  No samples found: tophat
[2022-08-05 11:13:27,656] multiqc                                            [DEBUG  ]  No samples found: bowtie2
[2022-08-05 11:13:27,661] multiqc                                            [DEBUG  ]  No samples found: bowtie1
[2022-08-05 11:13:27,666] multiqc                                            [DEBUG  ]  No samples found: snpsplit
[2022-08-05 11:13:27,671] multiqc                                            [DEBUG  ]  No samples found: odgi
[2022-08-05 11:13:27,676] multiqc                                            [DEBUG  ]  No samples found: pangolin
[2022-08-05 11:13:27,680] multiqc                                            [DEBUG  ]  No samples found: kat
[2022-08-05 11:13:27,684] multiqc                                            [DEBUG  ]  No samples found: leehom
[2022-08-05 11:13:27,690] multiqc                                            [DEBUG  ]  No samples found: adapterRemoval
[2022-08-05 11:13:27,694] multiqc                                            [DEBUG  ]  No samples found: clipandmerge
[2022-08-05 11:13:27,700] multiqc                                            [DEBUG  ]  No samples found: cutadapt
[2022-08-05 11:13:27,704] multiqc                                            [DEBUG  ]  No samples found: flexbar
[2022-08-05 11:13:27,710] multiqc                                            [DEBUG  ]  No samples found: kaiju
[2022-08-05 11:13:27,718] multiqc                                            [DEBUG  ]  No samples found: kraken
[2022-08-05 11:13:27,722] multiqc                                            [DEBUG  ]  No samples found: malt
[2022-08-05 11:13:27,728] multiqc                                            [DEBUG  ]  No samples found: trimmomatic
[2022-08-05 11:13:27,734] multiqc                                            [DEBUG  ]  No samples found: sickle
[2022-08-05 11:13:27,739] multiqc                                            [DEBUG  ]  No samples found: skewer
[2022-08-05 11:13:27,745] multiqc                                            [DEBUG  ]  No samples found: sortmerna
[2022-08-05 11:13:27,749] multiqc                                            [DEBUG  ]  No samples found: biobloomtools
[2022-08-05 11:13:27,755] multiqc                                            [DEBUG  ]  No samples found: fastq_screen
[2022-08-05 11:13:27,759] multiqc                                            [DEBUG  ]  No samples found: afterqc
[2022-08-05 11:13:27,765] multiqc                                            [DEBUG  ]  No samples found: fastp
[2022-08-05 11:13:28,742] multiqc.modules.fastqc.fastqc                      [INFO   ]  Found 4 reports
[2022-08-05 11:13:28,790] multiqc                                            [DEBUG  ]  No samples found: pychopper
[2022-08-05 11:13:28,796] multiqc                                            [DEBUG  ]  No samples found: pycoqc
[2022-08-05 11:13:28,801] multiqc                                            [DEBUG  ]  No samples found: minionqc
[2022-08-05 11:13:28,807] multiqc                                            [DEBUG  ]  No samples found: multivcfanalyzer
[2022-08-05 11:13:28,813] multiqc                                            [DEBUG  ]  No samples found: clusterflow
[2022-08-05 11:13:28,819] multiqc                                            [DEBUG  ]  No samples found: bcl2fastq
[2022-08-05 11:13:28,827] multiqc                                            [DEBUG  ]  No samples found: bclconvert
[2022-08-05 11:13:28,833] multiqc                                            [DEBUG  ]  No samples found: interop
[2022-08-05 11:13:28,838] multiqc                                            [DEBUG  ]  No samples found: ivar
[2022-08-05 11:13:28,843] multiqc                                            [DEBUG  ]  No samples found: flash
[2022-08-05 11:13:28,848] multiqc                                            [DEBUG  ]  No samples found: seqyclean
[2022-08-05 11:13:28,853] multiqc                                            [DEBUG  ]  No samples found: optitype
[2022-08-05 11:13:28,857] multiqc                                            [INFO   ]  Compressing plot data
[2022-08-05 11:13:29,050] multiqc                                            [INFO   ]  Report      : 401564_MGSD_CSIRO.qc.stats/multiqc_report.html
[2022-08-05 11:13:29,050] multiqc                                            [INFO   ]  Data        : 401564_MGSD_CSIRO.qc.stats/multiqc_data
[2022-08-05 11:13:29,050] multiqc                                            [DEBUG  ]  Moving data file from '/tmp/smi9a9.8585960/tmpkkkfto2s/multiqc_data' to '401564_MGSD_CSIRO.qc.stats/multiqc_data'
[2022-08-05 11:13:29,359] multiqc                                            [INFO   ]  MultiQC complete
