[2022-08-05 11:06:44,536] multiqc                                            [DEBUG  ]  This is MultiQC v1.11
[2022-08-05 11:06:44,537] multiqc                                            [DEBUG  ]  No MultiQC config found: /apps/multiqc/1.11/lib/python3.9/site-packages/multiqc_config.yaml
[2022-08-05 11:06:44,537] multiqc                                            [DEBUG  ]  No MultiQC config found: /home/smi9a9/.multiqc_config.yaml
[2022-08-05 11:06:46,642] multiqc                                            [DEBUG  ]  No MultiQC config found: multiqc_config.yaml
[2022-08-05 11:06:46,642] multiqc                                            [DEBUG  ]  Command used: /apps/multiqc/1.11/bin/multiqc ./8497_combined_merged_fastqc.html ./8497_combined_merged_fastqc.zip ./8497_combined_merged.fastq.gz ./8497_combined_R1p_fastqc.html ./8497_combined_R1p_fastqc.zip ./8497_combined_R1p.fastq.gz ./8497_combined_R1R2u_fastqc.html ./8497_combined_R1R2u_fastqc.zip ./8497_combined_R1R2u.fastq.gz ./8497_combined_R2p_fastqc.html ./8497_combined_R2p_fastqc.zip ./8497_combined_R2p.fastq.gz ./8497_QCreads.md5 -o 8497_MGSD_CSIRO.qc.stats
[2022-08-05 11:06:46,644] multiqc                                            [DEBUG  ]  Could not connect to multiqc.info for version check: <urlopen error [Errno 111] Connection refused>
[2022-08-05 11:06:46,644] multiqc                                            [DEBUG  ]  Command     : /apps/multiqc/1.11/bin/multiqc ./8497_combined_merged_fastqc.html ./8497_combined_merged_fastqc.zip ./8497_combined_merged.fastq.gz ./8497_combined_R1p_fastqc.html ./8497_combined_R1p_fastqc.zip ./8497_combined_R1p.fastq.gz ./8497_combined_R1R2u_fastqc.html ./8497_combined_R1R2u_fastqc.zip ./8497_combined_R1R2u.fastq.gz ./8497_combined_R2p_fastqc.html ./8497_combined_R2p_fastqc.zip ./8497_combined_R2p.fastq.gz ./8497_QCreads.md5 -o 8497_MGSD_CSIRO.qc.stats
[2022-08-05 11:06:46,645] multiqc                                            [DEBUG  ]  Working dir : /datasets/work/oa-amd/work/amd/Metagenome_QC_reads
[2022-08-05 11:06:46,645] multiqc                                            [DEBUG  ]  Template    : default
[2022-08-05 11:06:46,645] multiqc                                            [DEBUG  ]  Running Python 3.9.4 (default, Apr 25 2021, 16:13:27)  [GCC 10.3.0]
[2022-08-05 11:06:46,645] multiqc                                            [DEBUG  ]  Analysing modules: custom_content, ccs, ngsderive, purple, conpair, lima, peddy, somalier, methylQA, mosdepth, phantompeakqualtools, qualimap, preseq, quast, qorts, rna_seqc, rockhopper, rsem, rseqc, busco, bustools, goleft_indexcov, gffcompare, disambiguate, supernova, deeptools, sargasso, verifybamid, mirtrace, happy, mirtop, sambamba, homer, hops, macs2, theta2, snpeff, gatk, htseq, bcftools, featureCounts, fgbio, dragen, dedup, damageprofiler, biobambam2, jcvi, mtnucratio, picard, vep, sentieon, prokka, qc3C, nanostat, samblaster, samtools, sexdeterrmine, eigenstratdatabasetools, bamtools, jellyfish, vcftools, longranger, stacks, varscan2, snippy, bbmap, bismark, biscuit, hicexplorer, hicup, hicpro, salmon, kallisto, slamdunk, star, hisat2, tophat, bowtie2, bowtie1, snpsplit, odgi, pangolin, kat, leehom, adapterRemoval, clipandmerge, cutadapt, flexbar, kaiju, kraken, malt, trimmomatic, sickle, skewer, sortmerna, biobloomtools, fastq_screen, afterqc, fastp, fastqc, pychopper, pycoqc, minionqc, multivcfanalyzer, clusterflow, bcl2fastq, bclconvert, interop, ivar, flash, seqyclean, optitype
[2022-08-05 11:06:46,645] multiqc                                            [DEBUG  ]  Using temporary directory for creating report: /tmp/smi9a9.8585608/tmp60t2xt87
[2022-08-05 11:06:46,706] multiqc                                            [INFO   ]  Search path : /datasets/work/oa-amd/work/amd/Metagenome_QC_reads/8497_combined_merged_fastqc.html
[2022-08-05 11:06:46,706] multiqc                                            [INFO   ]  Search path : /datasets/work/oa-amd/work/amd/Metagenome_QC_reads/8497_combined_merged_fastqc.zip
[2022-08-05 11:06:46,706] multiqc                                            [INFO   ]  Search path : /datasets/work/oa-amd/work/amd/Metagenome_QC_reads/8497_combined_merged.fastq.gz
[2022-08-05 11:06:46,706] multiqc                                            [INFO   ]  Search path : /datasets/work/oa-amd/work/amd/Metagenome_QC_reads/8497_combined_R1p_fastqc.html
[2022-08-05 11:06:46,706] multiqc                                            [INFO   ]  Search path : /datasets/work/oa-amd/work/amd/Metagenome_QC_reads/8497_combined_R1p_fastqc.zip
[2022-08-05 11:06:46,706] multiqc                                            [INFO   ]  Search path : /datasets/work/oa-amd/work/amd/Metagenome_QC_reads/8497_combined_R1p.fastq.gz
[2022-08-05 11:06:46,706] multiqc                                            [INFO   ]  Search path : /datasets/work/oa-amd/work/amd/Metagenome_QC_reads/8497_combined_R1R2u_fastqc.html
[2022-08-05 11:06:46,706] multiqc                                            [INFO   ]  Search path : /datasets/work/oa-amd/work/amd/Metagenome_QC_reads/8497_combined_R1R2u_fastqc.zip
[2022-08-05 11:06:46,706] multiqc                                            [INFO   ]  Search path : /datasets/work/oa-amd/work/amd/Metagenome_QC_reads/8497_combined_R1R2u.fastq.gz
[2022-08-05 11:06:46,706] multiqc                                            [INFO   ]  Search path : /datasets/work/oa-amd/work/amd/Metagenome_QC_reads/8497_combined_R2p_fastqc.html
[2022-08-05 11:06:46,706] multiqc                                            [INFO   ]  Search path : /datasets/work/oa-amd/work/amd/Metagenome_QC_reads/8497_combined_R2p_fastqc.zip
[2022-08-05 11:06:46,706] multiqc                                            [INFO   ]  Search path : /datasets/work/oa-amd/work/amd/Metagenome_QC_reads/8497_combined_R2p.fastq.gz
[2022-08-05 11:06:46,706] multiqc                                            [INFO   ]  Search path : /datasets/work/oa-amd/work/amd/Metagenome_QC_reads/8497_QCreads.md5
[2022-08-05 11:06:46,777] multiqc                                            [DEBUG  ]  File ignored by ccs/v4 because it exceeded search pattern filesize limit: 8497_combined_merged_fastqc.html
[2022-08-05 11:06:46,785] multiqc                                            [DEBUG  ]  File ignored by hicexplorer because it exceeded search pattern filesize limit: 8497_combined_merged_fastqc.html
[2022-08-05 11:06:46,786] multiqc                                            [DEBUG  ]  File ignored by nanostat because it exceeded search pattern filesize limit: 8497_combined_merged_fastqc.html
[2022-08-05 11:06:46,786] multiqc                                            [DEBUG  ]  File ignored by lima/summary because it exceeded search pattern filesize limit: 8497_combined_merged_fastqc.html
[2022-08-05 11:06:46,804] multiqc                                            [DEBUG  ]  File ignored by vep/vep_txt because it exceeded search pattern filesize limit: 8497_combined_merged_fastqc.html
[2022-08-05 11:06:46,804] multiqc                                            [DEBUG  ]  File ignored by longranger/invocation because it exceeded search pattern filesize limit: 8497_combined_merged_fastqc.html
[2022-08-05 11:06:46,804] multiqc                                            [DEBUG  ]  File ignored by rockhopper because it exceeded search pattern filesize limit: 8497_combined_merged_fastqc.html
[2022-08-05 11:06:46,804] multiqc                                            [DEBUG  ]  File ignored by rseqc/bam_stat because it exceeded search pattern filesize limit: 8497_combined_merged_fastqc.html
[2022-08-05 11:06:46,804] multiqc                                            [DEBUG  ]  File ignored by rseqc/junction_annotation because it exceeded search pattern filesize limit: 8497_combined_merged_fastqc.html
[2022-08-05 11:06:46,804] multiqc                                            [DEBUG  ]  File ignored by rseqc/read_distribution because it exceeded search pattern filesize limit: 8497_combined_merged_fastqc.html
[2022-08-05 11:06:46,804] multiqc                                            [DEBUG  ]  File ignored by rseqc/infer_experiment because it exceeded search pattern filesize limit: 8497_combined_merged_fastqc.html
[2022-08-05 11:06:46,891] multiqc                                            [DEBUG  ]  Ignoring file as matched an ignore pattern: 8497_combined_merged.fastq.gz
[2022-08-05 11:06:46,921] multiqc                                            [DEBUG  ]  File ignored by ccs/v4 because it exceeded search pattern filesize limit: 8497_combined_R1p_fastqc.html
[2022-08-05 11:06:46,933] multiqc                                            [DEBUG  ]  File ignored by hicexplorer because it exceeded search pattern filesize limit: 8497_combined_R1p_fastqc.html
[2022-08-05 11:06:46,934] multiqc                                            [DEBUG  ]  File ignored by nanostat because it exceeded search pattern filesize limit: 8497_combined_R1p_fastqc.html
[2022-08-05 11:06:46,934] multiqc                                            [DEBUG  ]  File ignored by lima/summary because it exceeded search pattern filesize limit: 8497_combined_R1p_fastqc.html
[2022-08-05 11:06:46,974] multiqc                                            [DEBUG  ]  File ignored by vep/vep_txt because it exceeded search pattern filesize limit: 8497_combined_R1p_fastqc.html
[2022-08-05 11:06:46,974] multiqc                                            [DEBUG  ]  File ignored by longranger/invocation because it exceeded search pattern filesize limit: 8497_combined_R1p_fastqc.html
[2022-08-05 11:06:46,974] multiqc                                            [DEBUG  ]  File ignored by rockhopper because it exceeded search pattern filesize limit: 8497_combined_R1p_fastqc.html
[2022-08-05 11:06:46,974] multiqc                                            [DEBUG  ]  File ignored by rseqc/bam_stat because it exceeded search pattern filesize limit: 8497_combined_R1p_fastqc.html
[2022-08-05 11:06:46,974] multiqc                                            [DEBUG  ]  File ignored by rseqc/junction_annotation because it exceeded search pattern filesize limit: 8497_combined_R1p_fastqc.html
[2022-08-05 11:06:46,974] multiqc                                            [DEBUG  ]  File ignored by rseqc/read_distribution because it exceeded search pattern filesize limit: 8497_combined_R1p_fastqc.html
[2022-08-05 11:06:46,974] multiqc                                            [DEBUG  ]  File ignored by rseqc/infer_experiment because it exceeded search pattern filesize limit: 8497_combined_R1p_fastqc.html
[2022-08-05 11:06:47,560] multiqc                                            [DEBUG  ]  Ignoring file as matched an ignore pattern: 8497_combined_R1p.fastq.gz
[2022-08-05 11:06:47,682] multiqc                                            [DEBUG  ]  File ignored by ccs/v4 because it exceeded search pattern filesize limit: 8497_combined_R1R2u_fastqc.html
[2022-08-05 11:06:47,700] multiqc                                            [DEBUG  ]  File ignored by hicexplorer because it exceeded search pattern filesize limit: 8497_combined_R1R2u_fastqc.html
[2022-08-05 11:06:47,700] multiqc                                            [DEBUG  ]  File ignored by nanostat because it exceeded search pattern filesize limit: 8497_combined_R1R2u_fastqc.html
[2022-08-05 11:06:47,701] multiqc                                            [DEBUG  ]  File ignored by lima/summary because it exceeded search pattern filesize limit: 8497_combined_R1R2u_fastqc.html
[2022-08-05 11:06:47,735] multiqc                                            [DEBUG  ]  File ignored by vep/vep_txt because it exceeded search pattern filesize limit: 8497_combined_R1R2u_fastqc.html
[2022-08-05 11:06:47,735] multiqc                                            [DEBUG  ]  File ignored by longranger/invocation because it exceeded search pattern filesize limit: 8497_combined_R1R2u_fastqc.html
[2022-08-05 11:06:47,735] multiqc                                            [DEBUG  ]  File ignored by rockhopper because it exceeded search pattern filesize limit: 8497_combined_R1R2u_fastqc.html
[2022-08-05 11:06:47,735] multiqc                                            [DEBUG  ]  File ignored by rseqc/bam_stat because it exceeded search pattern filesize limit: 8497_combined_R1R2u_fastqc.html
[2022-08-05 11:06:47,735] multiqc                                            [DEBUG  ]  File ignored by rseqc/junction_annotation because it exceeded search pattern filesize limit: 8497_combined_R1R2u_fastqc.html
[2022-08-05 11:06:47,735] multiqc                                            [DEBUG  ]  File ignored by rseqc/read_distribution because it exceeded search pattern filesize limit: 8497_combined_R1R2u_fastqc.html
[2022-08-05 11:06:47,735] multiqc                                            [DEBUG  ]  File ignored by rseqc/infer_experiment because it exceeded search pattern filesize limit: 8497_combined_R1R2u_fastqc.html
[2022-08-05 11:06:49,062] multiqc                                            [DEBUG  ]  Ignoring file as matched an ignore pattern: 8497_combined_R1R2u.fastq.gz
[2022-08-05 11:06:49,082] multiqc                                            [DEBUG  ]  File ignored by ccs/v4 because it exceeded search pattern filesize limit: 8497_combined_R2p_fastqc.html
[2022-08-05 11:06:49,098] multiqc                                            [DEBUG  ]  File ignored by hicexplorer because it exceeded search pattern filesize limit: 8497_combined_R2p_fastqc.html
[2022-08-05 11:06:49,100] multiqc                                            [DEBUG  ]  File ignored by nanostat because it exceeded search pattern filesize limit: 8497_combined_R2p_fastqc.html
[2022-08-05 11:06:49,100] multiqc                                            [DEBUG  ]  File ignored by lima/summary because it exceeded search pattern filesize limit: 8497_combined_R2p_fastqc.html
[2022-08-05 11:06:49,125] multiqc                                            [DEBUG  ]  File ignored by vep/vep_txt because it exceeded search pattern filesize limit: 8497_combined_R2p_fastqc.html
[2022-08-05 11:06:49,126] multiqc                                            [DEBUG  ]  File ignored by longranger/invocation because it exceeded search pattern filesize limit: 8497_combined_R2p_fastqc.html
[2022-08-05 11:06:49,126] multiqc                                            [DEBUG  ]  File ignored by rockhopper because it exceeded search pattern filesize limit: 8497_combined_R2p_fastqc.html
[2022-08-05 11:06:49,126] multiqc                                            [DEBUG  ]  File ignored by rseqc/bam_stat because it exceeded search pattern filesize limit: 8497_combined_R2p_fastqc.html
[2022-08-05 11:06:49,126] multiqc                                            [DEBUG  ]  File ignored by rseqc/junction_annotation because it exceeded search pattern filesize limit: 8497_combined_R2p_fastqc.html
[2022-08-05 11:06:49,126] multiqc                                            [DEBUG  ]  File ignored by rseqc/read_distribution because it exceeded search pattern filesize limit: 8497_combined_R2p_fastqc.html
[2022-08-05 11:06:49,126] multiqc                                            [DEBUG  ]  File ignored by rseqc/infer_experiment because it exceeded search pattern filesize limit: 8497_combined_R2p_fastqc.html
[2022-08-05 11:06:49,289] multiqc                                            [DEBUG  ]  Ignoring file as matched an ignore pattern: 8497_combined_R2p.fastq.gz
[2022-08-05 11:06:49,289] multiqc                                            [DEBUG  ]  Ignoring file as matched an ignore pattern: 8497_QCreads.md5
[2022-08-05 11:06:51,459] multiqc.plots.bargraph                             [DEBUG  ]  Using matplotlib version 3.3.4
[2022-08-05 11:06:51,463] multiqc.plots.linegraph                            [DEBUG  ]  Using matplotlib version 3.3.4
[2022-08-05 11:06:51,466] multiqc                                            [DEBUG  ]  No samples found: custom_content
[2022-08-05 11:06:51,470] multiqc                                            [DEBUG  ]  No samples found: ccs
[2022-08-05 11:06:51,705] multiqc                                            [DEBUG  ]  No samples found: ngsderive
[2022-08-05 11:06:51,710] multiqc                                            [DEBUG  ]  No samples found: purple
[2022-08-05 11:06:51,944] multiqc                                            [DEBUG  ]  No samples found: conpair
[2022-08-05 11:06:51,949] multiqc                                            [DEBUG  ]  No samples found: lima
[2022-08-05 11:06:51,953] multiqc                                            [DEBUG  ]  No samples found: peddy
[2022-08-05 11:06:51,959] multiqc                                            [DEBUG  ]  No samples found: somalier
[2022-08-05 11:06:51,963] multiqc                                            [DEBUG  ]  No samples found: methylQA
[2022-08-05 11:06:51,972] multiqc.modules.mosdepth.mosdepth                  [DEBUG  ]  include_contigs: []
[2022-08-05 11:06:51,972] multiqc.modules.mosdepth.mosdepth                  [DEBUG  ]  exclude_contigs: []
[2022-08-05 11:06:51,972] multiqc                                            [DEBUG  ]  No samples found: mosdepth
[2022-08-05 11:06:51,976] multiqc                                            [DEBUG  ]  No samples found: phantompeakqualtools
[2022-08-05 11:06:51,979] multiqc                                            [DEBUG  ]  No samples found: qualimap
[2022-08-05 11:06:51,984] multiqc                                            [DEBUG  ]  No samples found: preseq
[2022-08-05 11:06:51,989] multiqc                                            [DEBUG  ]  No samples found: quast
[2022-08-05 11:06:51,993] multiqc                                            [DEBUG  ]  No samples found: qorts
[2022-08-05 11:06:51,998] multiqc                                            [DEBUG  ]  No samples found: rna_seqc
[2022-08-05 11:06:52,002] multiqc                                            [DEBUG  ]  No samples found: rockhopper
[2022-08-05 11:06:52,006] multiqc                                            [DEBUG  ]  No samples found: rsem
[2022-08-05 11:06:52,020] multiqc                                            [DEBUG  ]  No samples found: rseqc
[2022-08-05 11:06:52,024] multiqc                                            [DEBUG  ]  No samples found: busco
[2022-08-05 11:06:52,259] multiqc                                            [DEBUG  ]  No samples found: bustools
[2022-08-05 11:06:52,263] multiqc                                            [DEBUG  ]  No samples found: goleft_indexcov
[2022-08-05 11:06:52,268] multiqc                                            [DEBUG  ]  No samples found: gffcompare
[2022-08-05 11:06:52,271] multiqc                                            [DEBUG  ]  No samples found: disambiguate
[2022-08-05 11:06:52,277] multiqc                                            [DEBUG  ]  No samples found: supernova
[2022-08-05 11:06:52,291] multiqc                                            [DEBUG  ]  No samples found: deeptools
[2022-08-05 11:06:52,295] multiqc                                            [DEBUG  ]  No samples found: sargasso
[2022-08-05 11:06:52,299] multiqc                                            [DEBUG  ]  No samples found: verifybamid
[2022-08-05 11:06:52,304] multiqc                                            [DEBUG  ]  No samples found: mirtrace
[2022-08-05 11:06:52,308] multiqc                                            [DEBUG  ]  No samples found: happy
[2022-08-05 11:06:52,313] multiqc                                            [DEBUG  ]  No samples found: mirtop
[2022-08-05 11:06:52,317] multiqc                                            [DEBUG  ]  No samples found: sambamba
[2022-08-05 11:06:52,325] multiqc                                            [DEBUG  ]  No samples found: homer
[2022-08-05 11:06:52,329] multiqc                                            [DEBUG  ]  No samples found: hops
[2022-08-05 11:06:52,333] multiqc                                            [DEBUG  ]  No samples found: macs2
[2022-08-05 11:06:52,336] multiqc                                            [DEBUG  ]  No samples found: theta2
[2022-08-05 11:06:52,341] multiqc                                            [DEBUG  ]  No samples found: snpeff
[2022-08-05 11:06:52,348] multiqc                                            [DEBUG  ]  No samples found: gatk
[2022-08-05 11:06:52,352] multiqc                                            [DEBUG  ]  No samples found: htseq
[2022-08-05 11:06:52,588] multiqc                                            [DEBUG  ]  No samples found: bcftools
[2022-08-05 11:06:52,592] multiqc                                            [DEBUG  ]  No samples found: featureCounts
[2022-08-05 11:06:52,598] multiqc                                            [DEBUG  ]  No samples found: fgbio
[2022-08-05 11:06:52,844] multiqc                                            [DEBUG  ]  No samples found: dragen
[2022-08-05 11:06:52,848] multiqc                                            [DEBUG  ]  No samples found: dedup
[2022-08-05 11:06:53,088] multiqc                                            [DEBUG  ]  No samples found: damageprofiler
[2022-08-05 11:06:53,133] multiqc                                            [DEBUG  ]  No samples found: biobambam2
[2022-08-05 11:06:53,139] multiqc                                            [DEBUG  ]  No samples found: jcvi
[2022-08-05 11:06:53,144] multiqc                                            [DEBUG  ]  No samples found: mtnucratio
[2022-08-05 11:06:53,146] multiqc                                            [DEBUG  ]  No samples found: picard
[2022-08-05 11:06:53,152] multiqc                                            [DEBUG  ]  No samples found: vep
[2022-08-05 11:06:53,163] multiqc                                            [DEBUG  ]  No samples found: sentieon
[2022-08-05 11:06:53,168] multiqc                                            [DEBUG  ]  No samples found: prokka
[2022-08-05 11:06:53,175] multiqc                                            [DEBUG  ]  No samples found: qc3C
[2022-08-05 11:06:53,180] multiqc                                            [DEBUG  ]  No samples found: nanostat
[2022-08-05 11:06:53,185] multiqc                                            [DEBUG  ]  No samples found: samblaster
[2022-08-05 11:06:53,196] multiqc                                            [DEBUG  ]  No samples found: samtools
[2022-08-05 11:06:53,201] multiqc                                            [DEBUG  ]  No samples found: sexdeterrmine
[2022-08-05 11:06:53,205] multiqc                                            [DEBUG  ]  No samples found: eigenstratdatabasetools
[2022-08-05 11:06:53,210] multiqc                                            [DEBUG  ]  No samples found: bamtools
[2022-08-05 11:06:53,448] multiqc                                            [DEBUG  ]  No samples found: jellyfish
[2022-08-05 11:06:53,457] multiqc                                            [DEBUG  ]  No samples found: vcftools
[2022-08-05 11:06:53,463] multiqc                                            [DEBUG  ]  No samples found: longranger
[2022-08-05 11:06:53,698] multiqc                                            [DEBUG  ]  No samples found: stacks
[2022-08-05 11:06:53,703] multiqc                                            [DEBUG  ]  No samples found: varscan2
[2022-08-05 11:06:53,707] multiqc                                            [DEBUG  ]  No samples found: snippy
[2022-08-05 11:06:53,954] multiqc                                            [DEBUG  ]  No samples found: bbmap
[2022-08-05 11:06:53,961] multiqc                                            [DEBUG  ]  No samples found: bismark
[2022-08-05 11:06:53,969] multiqc                                            [DEBUG  ]  No samples found: biscuit
[2022-08-05 11:06:53,973] multiqc                                            [DEBUG  ]  No samples found: hicexplorer
[2022-08-05 11:06:53,978] multiqc                                            [DEBUG  ]  No samples found: hicup
[2022-08-05 11:06:53,984] multiqc                                            [DEBUG  ]  No samples found: hicpro
[2022-08-05 11:06:53,988] multiqc                                            [DEBUG  ]  No samples found: salmon
[2022-08-05 11:06:53,992] multiqc                                            [DEBUG  ]  No samples found: kallisto
[2022-08-05 11:06:53,998] multiqc                                            [DEBUG  ]  No samples found: slamdunk
[2022-08-05 11:06:54,004] multiqc                                            [DEBUG  ]  No samples found: star
[2022-08-05 11:06:54,009] multiqc                                            [DEBUG  ]  No samples found: hisat2
[2022-08-05 11:06:54,243] multiqc                                            [DEBUG  ]  No samples found: tophat
[2022-08-05 11:06:54,247] multiqc                                            [DEBUG  ]  No samples found: bowtie2
[2022-08-05 11:06:54,251] multiqc                                            [DEBUG  ]  No samples found: bowtie1
[2022-08-05 11:06:54,256] multiqc                                            [DEBUG  ]  No samples found: snpsplit
[2022-08-05 11:06:54,260] multiqc                                            [DEBUG  ]  No samples found: odgi
[2022-08-05 11:06:54,264] multiqc                                            [DEBUG  ]  No samples found: pangolin
[2022-08-05 11:06:54,498] multiqc                                            [DEBUG  ]  No samples found: kat
[2022-08-05 11:06:54,502] multiqc                                            [DEBUG  ]  No samples found: leehom
[2022-08-05 11:06:54,507] multiqc                                            [DEBUG  ]  No samples found: adapterRemoval
[2022-08-05 11:06:54,511] multiqc                                            [DEBUG  ]  No samples found: clipandmerge
[2022-08-05 11:06:54,516] multiqc                                            [DEBUG  ]  No samples found: cutadapt
[2022-08-05 11:06:54,520] multiqc                                            [DEBUG  ]  No samples found: flexbar
[2022-08-05 11:06:54,524] multiqc                                            [DEBUG  ]  No samples found: kaiju
[2022-08-05 11:06:54,759] multiqc                                            [DEBUG  ]  No samples found: kraken
[2022-08-05 11:06:54,764] multiqc                                            [DEBUG  ]  No samples found: malt
[2022-08-05 11:06:54,768] multiqc                                            [DEBUG  ]  No samples found: trimmomatic
[2022-08-05 11:06:54,772] multiqc                                            [DEBUG  ]  No samples found: sickle
[2022-08-05 11:06:54,777] multiqc                                            [DEBUG  ]  No samples found: skewer
[2022-08-05 11:06:54,781] multiqc                                            [DEBUG  ]  No samples found: sortmerna
[2022-08-05 11:06:54,784] multiqc                                            [DEBUG  ]  No samples found: biobloomtools
[2022-08-05 11:06:54,789] multiqc                                            [DEBUG  ]  No samples found: fastq_screen
[2022-08-05 11:06:54,793] multiqc                                            [DEBUG  ]  No samples found: afterqc
[2022-08-05 11:06:54,798] multiqc                                            [DEBUG  ]  No samples found: fastp
[2022-08-05 11:06:54,881] multiqc.modules.fastqc.fastqc                      [INFO   ]  Found 4 reports
[2022-08-05 11:06:54,928] multiqc                                            [DEBUG  ]  No samples found: pychopper
[2022-08-05 11:06:54,933] multiqc                                            [DEBUG  ]  No samples found: pycoqc
[2022-08-05 11:06:54,938] multiqc                                            [DEBUG  ]  No samples found: minionqc
[2022-08-05 11:06:54,943] multiqc                                            [DEBUG  ]  No samples found: multivcfanalyzer
[2022-08-05 11:06:54,949] multiqc                                            [DEBUG  ]  No samples found: clusterflow
[2022-08-05 11:06:54,955] multiqc                                            [DEBUG  ]  No samples found: bcl2fastq
[2022-08-05 11:06:54,962] multiqc                                            [DEBUG  ]  No samples found: bclconvert
[2022-08-05 11:06:54,967] multiqc                                            [DEBUG  ]  No samples found: interop
[2022-08-05 11:06:54,971] multiqc                                            [DEBUG  ]  No samples found: ivar
[2022-08-05 11:06:54,976] multiqc                                            [DEBUG  ]  No samples found: flash
[2022-08-05 11:06:54,980] multiqc                                            [DEBUG  ]  No samples found: seqyclean
[2022-08-05 11:06:54,984] multiqc                                            [DEBUG  ]  No samples found: optitype
[2022-08-05 11:06:54,988] multiqc                                            [INFO   ]  Compressing plot data
[2022-08-05 11:06:55,841] multiqc                                            [INFO   ]  Report      : 8497_MGSD_CSIRO.qc.stats/multiqc_report.html
[2022-08-05 11:06:55,841] multiqc                                            [INFO   ]  Data        : 8497_MGSD_CSIRO.qc.stats/multiqc_data
[2022-08-05 11:06:55,841] multiqc                                            [DEBUG  ]  Moving data file from '/tmp/smi9a9.8585608/tmp60t2xt87/multiqc_data' to '8497_MGSD_CSIRO.qc.stats/multiqc_data'
[2022-08-05 11:06:56,690] multiqc                                            [INFO   ]  MultiQC complete
