[2022-08-05 11:07:57,265] multiqc                                            [DEBUG  ]  This is MultiQC v1.11
[2022-08-05 11:07:57,265] multiqc                                            [DEBUG  ]  No MultiQC config found: /apps/multiqc/1.11/lib/python3.9/site-packages/multiqc_config.yaml
[2022-08-05 11:07:57,265] multiqc                                            [DEBUG  ]  No MultiQC config found: /home/smi9a9/.multiqc_config.yaml
[2022-08-05 11:07:57,266] multiqc                                            [DEBUG  ]  No MultiQC config found: multiqc_config.yaml
[2022-08-05 11:07:57,266] multiqc                                            [DEBUG  ]  Command used: /apps/multiqc/1.11/bin/multiqc ./7904_combined_merged_fastqc.html ./7904_combined_merged_fastqc.zip ./7904_combined_merged.fastq.gz ./7904_combined_R1p_fastqc.html ./7904_combined_R1p_fastqc.zip ./7904_combined_R1p.fastq.gz ./7904_combined_R1R2u_fastqc.html ./7904_combined_R1R2u_fastqc.zip ./7904_combined_R1R2u.fastq.gz ./7904_combined_R2p_fastqc.html ./7904_combined_R2p_fastqc.zip ./7904_combined_R2p.fastq.gz ./7904_QCreads.md5 -o 7904_MGSD_CSIRO.qc.stats
[2022-08-05 11:07:57,268] multiqc                                            [DEBUG  ]  Could not connect to multiqc.info for version check: <urlopen error [Errno 111] Connection refused>
[2022-08-05 11:07:57,268] multiqc                                            [DEBUG  ]  Command     : /apps/multiqc/1.11/bin/multiqc ./7904_combined_merged_fastqc.html ./7904_combined_merged_fastqc.zip ./7904_combined_merged.fastq.gz ./7904_combined_R1p_fastqc.html ./7904_combined_R1p_fastqc.zip ./7904_combined_R1p.fastq.gz ./7904_combined_R1R2u_fastqc.html ./7904_combined_R1R2u_fastqc.zip ./7904_combined_R1R2u.fastq.gz ./7904_combined_R2p_fastqc.html ./7904_combined_R2p_fastqc.zip ./7904_combined_R2p.fastq.gz ./7904_QCreads.md5 -o 7904_MGSD_CSIRO.qc.stats
[2022-08-05 11:07:57,268] multiqc                                            [DEBUG  ]  Working dir : /datasets/work/oa-amd/work/amd/Metagenome_QC_reads
[2022-08-05 11:07:57,268] multiqc                                            [DEBUG  ]  Template    : default
[2022-08-05 11:07:57,268] multiqc                                            [DEBUG  ]  Running Python 3.9.4 (default, Apr 25 2021, 16:13:27)  [GCC 10.3.0]
[2022-08-05 11:07:57,269] multiqc                                            [DEBUG  ]  Analysing modules: custom_content, ccs, ngsderive, purple, conpair, lima, peddy, somalier, methylQA, mosdepth, phantompeakqualtools, qualimap, preseq, quast, qorts, rna_seqc, rockhopper, rsem, rseqc, busco, bustools, goleft_indexcov, gffcompare, disambiguate, supernova, deeptools, sargasso, verifybamid, mirtrace, happy, mirtop, sambamba, homer, hops, macs2, theta2, snpeff, gatk, htseq, bcftools, featureCounts, fgbio, dragen, dedup, damageprofiler, biobambam2, jcvi, mtnucratio, picard, vep, sentieon, prokka, qc3C, nanostat, samblaster, samtools, sexdeterrmine, eigenstratdatabasetools, bamtools, jellyfish, vcftools, longranger, stacks, varscan2, snippy, bbmap, bismark, biscuit, hicexplorer, hicup, hicpro, salmon, kallisto, slamdunk, star, hisat2, tophat, bowtie2, bowtie1, snpsplit, odgi, pangolin, kat, leehom, adapterRemoval, clipandmerge, cutadapt, flexbar, kaiju, kraken, malt, trimmomatic, sickle, skewer, sortmerna, biobloomtools, fastq_screen, afterqc, fastp, fastqc, pychopper, pycoqc, minionqc, multivcfanalyzer, clusterflow, bcl2fastq, bclconvert, interop, ivar, flash, seqyclean, optitype
[2022-08-05 11:07:57,269] multiqc                                            [DEBUG  ]  Using temporary directory for creating report: /tmp/smi9a9.8585649/tmp5kxg296s
[2022-08-05 11:07:57,333] multiqc                                            [INFO   ]  Search path : /datasets/work/oa-amd/work/amd/Metagenome_QC_reads/7904_combined_merged_fastqc.html
[2022-08-05 11:07:57,333] multiqc                                            [INFO   ]  Search path : /datasets/work/oa-amd/work/amd/Metagenome_QC_reads/7904_combined_merged_fastqc.zip
[2022-08-05 11:07:57,333] multiqc                                            [INFO   ]  Search path : /datasets/work/oa-amd/work/amd/Metagenome_QC_reads/7904_combined_merged.fastq.gz
[2022-08-05 11:07:57,333] multiqc                                            [INFO   ]  Search path : /datasets/work/oa-amd/work/amd/Metagenome_QC_reads/7904_combined_R1p_fastqc.html
[2022-08-05 11:07:57,333] multiqc                                            [INFO   ]  Search path : /datasets/work/oa-amd/work/amd/Metagenome_QC_reads/7904_combined_R1p_fastqc.zip
[2022-08-05 11:07:57,333] multiqc                                            [INFO   ]  Search path : /datasets/work/oa-amd/work/amd/Metagenome_QC_reads/7904_combined_R1p.fastq.gz
[2022-08-05 11:07:57,333] multiqc                                            [INFO   ]  Search path : /datasets/work/oa-amd/work/amd/Metagenome_QC_reads/7904_combined_R1R2u_fastqc.html
[2022-08-05 11:07:57,333] multiqc                                            [INFO   ]  Search path : /datasets/work/oa-amd/work/amd/Metagenome_QC_reads/7904_combined_R1R2u_fastqc.zip
[2022-08-05 11:07:57,333] multiqc                                            [INFO   ]  Search path : /datasets/work/oa-amd/work/amd/Metagenome_QC_reads/7904_combined_R1R2u.fastq.gz
[2022-08-05 11:07:57,333] multiqc                                            [INFO   ]  Search path : /datasets/work/oa-amd/work/amd/Metagenome_QC_reads/7904_combined_R2p_fastqc.html
[2022-08-05 11:07:57,333] multiqc                                            [INFO   ]  Search path : /datasets/work/oa-amd/work/amd/Metagenome_QC_reads/7904_combined_R2p_fastqc.zip
[2022-08-05 11:07:57,333] multiqc                                            [INFO   ]  Search path : /datasets/work/oa-amd/work/amd/Metagenome_QC_reads/7904_combined_R2p.fastq.gz
[2022-08-05 11:07:57,333] multiqc                                            [INFO   ]  Search path : /datasets/work/oa-amd/work/amd/Metagenome_QC_reads/7904_QCreads.md5
[2022-08-05 11:07:57,469] multiqc                                            [DEBUG  ]  File ignored by ccs/v4 because it exceeded search pattern filesize limit: 7904_combined_merged_fastqc.html
[2022-08-05 11:07:57,478] multiqc                                            [DEBUG  ]  File ignored by hicexplorer because it exceeded search pattern filesize limit: 7904_combined_merged_fastqc.html
[2022-08-05 11:07:57,479] multiqc                                            [DEBUG  ]  File ignored by nanostat because it exceeded search pattern filesize limit: 7904_combined_merged_fastqc.html
[2022-08-05 11:07:57,479] multiqc                                            [DEBUG  ]  File ignored by lima/summary because it exceeded search pattern filesize limit: 7904_combined_merged_fastqc.html
[2022-08-05 11:07:57,494] multiqc                                            [DEBUG  ]  File ignored by vep/vep_txt because it exceeded search pattern filesize limit: 7904_combined_merged_fastqc.html
[2022-08-05 11:07:57,494] multiqc                                            [DEBUG  ]  File ignored by longranger/invocation because it exceeded search pattern filesize limit: 7904_combined_merged_fastqc.html
[2022-08-05 11:07:57,494] multiqc                                            [DEBUG  ]  File ignored by rockhopper because it exceeded search pattern filesize limit: 7904_combined_merged_fastqc.html
[2022-08-05 11:07:57,494] multiqc                                            [DEBUG  ]  File ignored by rseqc/bam_stat because it exceeded search pattern filesize limit: 7904_combined_merged_fastqc.html
[2022-08-05 11:07:57,494] multiqc                                            [DEBUG  ]  File ignored by rseqc/junction_annotation because it exceeded search pattern filesize limit: 7904_combined_merged_fastqc.html
[2022-08-05 11:07:57,495] multiqc                                            [DEBUG  ]  File ignored by rseqc/read_distribution because it exceeded search pattern filesize limit: 7904_combined_merged_fastqc.html
[2022-08-05 11:07:57,495] multiqc                                            [DEBUG  ]  File ignored by rseqc/infer_experiment because it exceeded search pattern filesize limit: 7904_combined_merged_fastqc.html
[2022-08-05 11:07:57,583] multiqc                                            [DEBUG  ]  Ignoring file as matched an ignore pattern: 7904_combined_merged.fastq.gz
[2022-08-05 11:07:57,657] multiqc                                            [DEBUG  ]  File ignored by ccs/v4 because it exceeded search pattern filesize limit: 7904_combined_R1p_fastqc.html
[2022-08-05 11:07:57,664] multiqc                                            [DEBUG  ]  File ignored by hicexplorer because it exceeded search pattern filesize limit: 7904_combined_R1p_fastqc.html
[2022-08-05 11:07:57,665] multiqc                                            [DEBUG  ]  File ignored by nanostat because it exceeded search pattern filesize limit: 7904_combined_R1p_fastqc.html
[2022-08-05 11:07:57,665] multiqc                                            [DEBUG  ]  File ignored by lima/summary because it exceeded search pattern filesize limit: 7904_combined_R1p_fastqc.html
[2022-08-05 11:07:57,680] multiqc                                            [DEBUG  ]  File ignored by vep/vep_txt because it exceeded search pattern filesize limit: 7904_combined_R1p_fastqc.html
[2022-08-05 11:07:57,680] multiqc                                            [DEBUG  ]  File ignored by longranger/invocation because it exceeded search pattern filesize limit: 7904_combined_R1p_fastqc.html
[2022-08-05 11:07:57,680] multiqc                                            [DEBUG  ]  File ignored by rockhopper because it exceeded search pattern filesize limit: 7904_combined_R1p_fastqc.html
[2022-08-05 11:07:57,680] multiqc                                            [DEBUG  ]  File ignored by rseqc/bam_stat because it exceeded search pattern filesize limit: 7904_combined_R1p_fastqc.html
[2022-08-05 11:07:57,680] multiqc                                            [DEBUG  ]  File ignored by rseqc/junction_annotation because it exceeded search pattern filesize limit: 7904_combined_R1p_fastqc.html
[2022-08-05 11:07:57,680] multiqc                                            [DEBUG  ]  File ignored by rseqc/read_distribution because it exceeded search pattern filesize limit: 7904_combined_R1p_fastqc.html
[2022-08-05 11:07:57,680] multiqc                                            [DEBUG  ]  File ignored by rseqc/infer_experiment because it exceeded search pattern filesize limit: 7904_combined_R1p_fastqc.html
[2022-08-05 11:07:57,754] multiqc                                            [DEBUG  ]  Ignoring file as matched an ignore pattern: 7904_combined_R1p.fastq.gz
[2022-08-05 11:07:57,820] multiqc                                            [DEBUG  ]  File ignored by ccs/v4 because it exceeded search pattern filesize limit: 7904_combined_R1R2u_fastqc.html
[2022-08-05 11:07:57,827] multiqc                                            [DEBUG  ]  File ignored by hicexplorer because it exceeded search pattern filesize limit: 7904_combined_R1R2u_fastqc.html
[2022-08-05 11:07:57,828] multiqc                                            [DEBUG  ]  File ignored by nanostat because it exceeded search pattern filesize limit: 7904_combined_R1R2u_fastqc.html
[2022-08-05 11:07:57,828] multiqc                                            [DEBUG  ]  File ignored by lima/summary because it exceeded search pattern filesize limit: 7904_combined_R1R2u_fastqc.html
[2022-08-05 11:07:57,852] multiqc                                            [DEBUG  ]  File ignored by vep/vep_txt because it exceeded search pattern filesize limit: 7904_combined_R1R2u_fastqc.html
[2022-08-05 11:07:57,852] multiqc                                            [DEBUG  ]  File ignored by longranger/invocation because it exceeded search pattern filesize limit: 7904_combined_R1R2u_fastqc.html
[2022-08-05 11:07:57,852] multiqc                                            [DEBUG  ]  File ignored by rockhopper because it exceeded search pattern filesize limit: 7904_combined_R1R2u_fastqc.html
[2022-08-05 11:07:57,852] multiqc                                            [DEBUG  ]  File ignored by rseqc/bam_stat because it exceeded search pattern filesize limit: 7904_combined_R1R2u_fastqc.html
[2022-08-05 11:07:57,852] multiqc                                            [DEBUG  ]  File ignored by rseqc/junction_annotation because it exceeded search pattern filesize limit: 7904_combined_R1R2u_fastqc.html
[2022-08-05 11:07:57,852] multiqc                                            [DEBUG  ]  File ignored by rseqc/read_distribution because it exceeded search pattern filesize limit: 7904_combined_R1R2u_fastqc.html
[2022-08-05 11:07:57,852] multiqc                                            [DEBUG  ]  File ignored by rseqc/infer_experiment because it exceeded search pattern filesize limit: 7904_combined_R1R2u_fastqc.html
[2022-08-05 11:07:57,920] multiqc                                            [DEBUG  ]  Ignoring file as matched an ignore pattern: 7904_combined_R1R2u.fastq.gz
[2022-08-05 11:07:58,044] multiqc                                            [DEBUG  ]  File ignored by ccs/v4 because it exceeded search pattern filesize limit: 7904_combined_R2p_fastqc.html
[2022-08-05 11:07:58,054] multiqc                                            [DEBUG  ]  File ignored by hicexplorer because it exceeded search pattern filesize limit: 7904_combined_R2p_fastqc.html
[2022-08-05 11:07:58,055] multiqc                                            [DEBUG  ]  File ignored by nanostat because it exceeded search pattern filesize limit: 7904_combined_R2p_fastqc.html
[2022-08-05 11:07:58,055] multiqc                                            [DEBUG  ]  File ignored by lima/summary because it exceeded search pattern filesize limit: 7904_combined_R2p_fastqc.html
[2022-08-05 11:07:58,991] multiqc                                            [DEBUG  ]  File ignored by vep/vep_txt because it exceeded search pattern filesize limit: 7904_combined_R2p_fastqc.html
[2022-08-05 11:07:58,991] multiqc                                            [DEBUG  ]  File ignored by longranger/invocation because it exceeded search pattern filesize limit: 7904_combined_R2p_fastqc.html
[2022-08-05 11:07:58,991] multiqc                                            [DEBUG  ]  File ignored by rockhopper because it exceeded search pattern filesize limit: 7904_combined_R2p_fastqc.html
[2022-08-05 11:07:58,991] multiqc                                            [DEBUG  ]  File ignored by rseqc/bam_stat because it exceeded search pattern filesize limit: 7904_combined_R2p_fastqc.html
[2022-08-05 11:07:58,991] multiqc                                            [DEBUG  ]  File ignored by rseqc/junction_annotation because it exceeded search pattern filesize limit: 7904_combined_R2p_fastqc.html
[2022-08-05 11:07:58,991] multiqc                                            [DEBUG  ]  File ignored by rseqc/read_distribution because it exceeded search pattern filesize limit: 7904_combined_R2p_fastqc.html
[2022-08-05 11:07:58,991] multiqc                                            [DEBUG  ]  File ignored by rseqc/infer_experiment because it exceeded search pattern filesize limit: 7904_combined_R2p_fastqc.html
[2022-08-05 11:07:59,076] multiqc                                            [DEBUG  ]  Ignoring file as matched an ignore pattern: 7904_combined_R2p.fastq.gz
[2022-08-05 11:07:59,076] multiqc                                            [DEBUG  ]  Ignoring file as matched an ignore pattern: 7904_QCreads.md5
[2022-08-05 11:08:01,063] multiqc.plots.bargraph                             [DEBUG  ]  Using matplotlib version 3.3.4
[2022-08-05 11:08:01,067] multiqc.plots.linegraph                            [DEBUG  ]  Using matplotlib version 3.3.4
[2022-08-05 11:08:01,070] multiqc                                            [DEBUG  ]  No samples found: custom_content
[2022-08-05 11:08:01,076] multiqc                                            [DEBUG  ]  No samples found: ccs
[2022-08-05 11:08:01,359] multiqc                                            [DEBUG  ]  No samples found: ngsderive
[2022-08-05 11:08:01,363] multiqc                                            [DEBUG  ]  No samples found: purple
[2022-08-05 11:08:01,368] multiqc                                            [DEBUG  ]  No samples found: conpair
[2022-08-05 11:08:01,373] multiqc                                            [DEBUG  ]  No samples found: lima
[2022-08-05 11:08:01,378] multiqc                                            [DEBUG  ]  No samples found: peddy
[2022-08-05 11:08:01,385] multiqc                                            [DEBUG  ]  No samples found: somalier
[2022-08-05 11:08:01,391] multiqc                                            [DEBUG  ]  No samples found: methylQA
[2022-08-05 11:08:01,593] multiqc.modules.mosdepth.mosdepth                  [DEBUG  ]  include_contigs: []
[2022-08-05 11:08:01,593] multiqc.modules.mosdepth.mosdepth                  [DEBUG  ]  exclude_contigs: []
[2022-08-05 11:08:01,593] multiqc                                            [DEBUG  ]  No samples found: mosdepth
[2022-08-05 11:08:01,598] multiqc                                            [DEBUG  ]  No samples found: phantompeakqualtools
[2022-08-05 11:08:01,601] multiqc                                            [DEBUG  ]  No samples found: qualimap
[2022-08-05 11:08:01,608] multiqc                                            [DEBUG  ]  No samples found: preseq
[2022-08-05 11:08:01,613] multiqc                                            [DEBUG  ]  No samples found: quast
[2022-08-05 11:08:01,849] multiqc                                            [DEBUG  ]  No samples found: qorts
[2022-08-05 11:08:01,855] multiqc                                            [DEBUG  ]  No samples found: rna_seqc
[2022-08-05 11:08:01,860] multiqc                                            [DEBUG  ]  No samples found: rockhopper
[2022-08-05 11:08:01,865] multiqc                                            [DEBUG  ]  No samples found: rsem
[2022-08-05 11:08:02,112] multiqc                                            [DEBUG  ]  No samples found: rseqc
[2022-08-05 11:08:02,117] multiqc                                            [DEBUG  ]  No samples found: busco
[2022-08-05 11:08:02,122] multiqc                                            [DEBUG  ]  No samples found: bustools
[2022-08-05 11:08:02,127] multiqc                                            [DEBUG  ]  No samples found: goleft_indexcov
[2022-08-05 11:08:02,362] multiqc                                            [DEBUG  ]  No samples found: gffcompare
[2022-08-05 11:08:02,367] multiqc                                            [DEBUG  ]  No samples found: disambiguate
[2022-08-05 11:08:02,373] multiqc                                            [DEBUG  ]  No samples found: supernova
[2022-08-05 11:08:02,389] multiqc                                            [DEBUG  ]  No samples found: deeptools
[2022-08-05 11:08:02,394] multiqc                                            [DEBUG  ]  No samples found: sargasso
[2022-08-05 11:08:02,399] multiqc                                            [DEBUG  ]  No samples found: verifybamid
[2022-08-05 11:08:02,635] multiqc                                            [DEBUG  ]  No samples found: mirtrace
[2022-08-05 11:08:02,641] multiqc                                            [DEBUG  ]  No samples found: happy
[2022-08-05 11:08:02,649] multiqc                                            [DEBUG  ]  No samples found: mirtop
[2022-08-05 11:08:02,654] multiqc                                            [DEBUG  ]  No samples found: sambamba
[2022-08-05 11:08:02,662] multiqc                                            [DEBUG  ]  No samples found: homer
[2022-08-05 11:08:02,667] multiqc                                            [DEBUG  ]  No samples found: hops
[2022-08-05 11:08:02,671] multiqc                                            [DEBUG  ]  No samples found: macs2
[2022-08-05 11:08:02,675] multiqc                                            [DEBUG  ]  No samples found: theta2
[2022-08-05 11:08:02,680] multiqc                                            [DEBUG  ]  No samples found: snpeff
[2022-08-05 11:08:02,688] multiqc                                            [DEBUG  ]  No samples found: gatk
[2022-08-05 11:08:02,692] multiqc                                            [DEBUG  ]  No samples found: htseq
[2022-08-05 11:08:02,698] multiqc                                            [DEBUG  ]  No samples found: bcftools
[2022-08-05 11:08:02,703] multiqc                                            [DEBUG  ]  No samples found: featureCounts
[2022-08-05 11:08:02,710] multiqc                                            [DEBUG  ]  No samples found: fgbio
[2022-08-05 11:08:02,957] multiqc                                            [DEBUG  ]  No samples found: dragen
[2022-08-05 11:08:03,221] multiqc                                            [DEBUG  ]  No samples found: dedup
[2022-08-05 11:08:03,228] multiqc                                            [DEBUG  ]  No samples found: damageprofiler
[2022-08-05 11:08:03,277] multiqc                                            [DEBUG  ]  No samples found: biobambam2
[2022-08-05 11:08:03,283] multiqc                                            [DEBUG  ]  No samples found: jcvi
[2022-08-05 11:08:03,288] multiqc                                            [DEBUG  ]  No samples found: mtnucratio
[2022-08-05 11:08:03,290] multiqc                                            [DEBUG  ]  No samples found: picard
[2022-08-05 11:08:03,297] multiqc                                            [DEBUG  ]  No samples found: vep
[2022-08-05 11:08:03,309] multiqc                                            [DEBUG  ]  No samples found: sentieon
[2022-08-05 11:08:03,315] multiqc                                            [DEBUG  ]  No samples found: prokka
[2022-08-05 11:08:03,555] multiqc                                            [DEBUG  ]  No samples found: qc3C
[2022-08-05 11:08:03,560] multiqc                                            [DEBUG  ]  No samples found: nanostat
[2022-08-05 11:08:03,565] multiqc                                            [DEBUG  ]  No samples found: samblaster
[2022-08-05 11:08:03,575] multiqc                                            [DEBUG  ]  No samples found: samtools
[2022-08-05 11:08:03,580] multiqc                                            [DEBUG  ]  No samples found: sexdeterrmine
[2022-08-05 11:08:03,585] multiqc                                            [DEBUG  ]  No samples found: eigenstratdatabasetools
[2022-08-05 11:08:03,821] multiqc                                            [DEBUG  ]  No samples found: bamtools
[2022-08-05 11:08:03,826] multiqc                                            [DEBUG  ]  No samples found: jellyfish
[2022-08-05 11:08:03,836] multiqc                                            [DEBUG  ]  No samples found: vcftools
[2022-08-05 11:08:03,843] multiqc                                            [DEBUG  ]  No samples found: longranger
[2022-08-05 11:08:03,851] multiqc                                            [DEBUG  ]  No samples found: stacks
[2022-08-05 11:08:03,857] multiqc                                            [DEBUG  ]  No samples found: varscan2
[2022-08-05 11:08:03,862] multiqc                                            [DEBUG  ]  No samples found: snippy
[2022-08-05 11:08:03,881] multiqc                                            [DEBUG  ]  No samples found: bbmap
[2022-08-05 11:08:03,887] multiqc                                            [DEBUG  ]  No samples found: bismark
[2022-08-05 11:08:03,895] multiqc                                            [DEBUG  ]  No samples found: biscuit
[2022-08-05 11:08:03,901] multiqc                                            [DEBUG  ]  No samples found: hicexplorer
[2022-08-05 11:08:03,905] multiqc                                            [DEBUG  ]  No samples found: hicup
[2022-08-05 11:08:03,911] multiqc                                            [DEBUG  ]  No samples found: hicpro
[2022-08-05 11:08:03,915] multiqc                                            [DEBUG  ]  No samples found: salmon
[2022-08-05 11:08:03,920] multiqc                                            [DEBUG  ]  No samples found: kallisto
[2022-08-05 11:08:03,927] multiqc                                            [DEBUG  ]  No samples found: slamdunk
[2022-08-05 11:08:03,932] multiqc                                            [DEBUG  ]  No samples found: star
[2022-08-05 11:08:03,937] multiqc                                            [DEBUG  ]  No samples found: hisat2
[2022-08-05 11:08:03,942] multiqc                                            [DEBUG  ]  No samples found: tophat
[2022-08-05 11:08:04,177] multiqc                                            [DEBUG  ]  No samples found: bowtie2
[2022-08-05 11:08:04,183] multiqc                                            [DEBUG  ]  No samples found: bowtie1
[2022-08-05 11:08:04,188] multiqc                                            [DEBUG  ]  No samples found: snpsplit
[2022-08-05 11:08:04,194] multiqc                                            [DEBUG  ]  No samples found: odgi
[2022-08-05 11:08:04,200] multiqc                                            [DEBUG  ]  No samples found: pangolin
[2022-08-05 11:08:04,206] multiqc                                            [DEBUG  ]  No samples found: kat
[2022-08-05 11:08:04,440] multiqc                                            [DEBUG  ]  No samples found: leehom
[2022-08-05 11:08:04,914] multiqc                                            [DEBUG  ]  No samples found: adapterRemoval
[2022-08-05 11:08:04,919] multiqc                                            [DEBUG  ]  No samples found: clipandmerge
[2022-08-05 11:08:04,924] multiqc                                            [DEBUG  ]  No samples found: cutadapt
[2022-08-05 11:08:04,929] multiqc                                            [DEBUG  ]  No samples found: flexbar
[2022-08-05 11:08:04,934] multiqc                                            [DEBUG  ]  No samples found: kaiju
[2022-08-05 11:08:04,973] multiqc                                            [DEBUG  ]  No samples found: kraken
[2022-08-05 11:08:04,978] multiqc                                            [DEBUG  ]  No samples found: malt
[2022-08-05 11:08:05,213] multiqc                                            [DEBUG  ]  No samples found: trimmomatic
[2022-08-05 11:08:05,218] multiqc                                            [DEBUG  ]  No samples found: sickle
[2022-08-05 11:08:05,223] multiqc                                            [DEBUG  ]  No samples found: skewer
[2022-08-05 11:08:05,228] multiqc                                            [DEBUG  ]  No samples found: sortmerna
[2022-08-05 11:08:05,232] multiqc                                            [DEBUG  ]  No samples found: biobloomtools
[2022-08-05 11:08:05,238] multiqc                                            [DEBUG  ]  No samples found: fastq_screen
[2022-08-05 11:08:05,243] multiqc                                            [DEBUG  ]  No samples found: afterqc
[2022-08-05 11:08:05,249] multiqc                                            [DEBUG  ]  No samples found: fastp
[2022-08-05 11:08:06,340] multiqc.modules.fastqc.fastqc                      [INFO   ]  Found 4 reports
[2022-08-05 11:08:06,410] multiqc                                            [DEBUG  ]  No samples found: pychopper
[2022-08-05 11:08:06,416] multiqc                                            [DEBUG  ]  No samples found: pycoqc
[2022-08-05 11:08:06,421] multiqc                                            [DEBUG  ]  No samples found: minionqc
[2022-08-05 11:08:06,426] multiqc                                            [DEBUG  ]  No samples found: multivcfanalyzer
[2022-08-05 11:08:06,432] multiqc                                            [DEBUG  ]  No samples found: clusterflow
[2022-08-05 11:08:06,438] multiqc                                            [DEBUG  ]  No samples found: bcl2fastq
[2022-08-05 11:08:06,445] multiqc                                            [DEBUG  ]  No samples found: bclconvert
[2022-08-05 11:08:06,451] multiqc                                            [DEBUG  ]  No samples found: interop
[2022-08-05 11:08:06,455] multiqc                                            [DEBUG  ]  No samples found: ivar
[2022-08-05 11:08:06,461] multiqc                                            [DEBUG  ]  No samples found: flash
[2022-08-05 11:08:06,466] multiqc                                            [DEBUG  ]  No samples found: seqyclean
[2022-08-05 11:08:06,472] multiqc                                            [DEBUG  ]  No samples found: optitype
[2022-08-05 11:08:06,476] multiqc                                            [INFO   ]  Compressing plot data
[2022-08-05 11:08:06,552] multiqc                                            [INFO   ]  Report      : 7904_MGSD_CSIRO.qc.stats/multiqc_report.html
[2022-08-05 11:08:06,552] multiqc                                            [INFO   ]  Data        : 7904_MGSD_CSIRO.qc.stats/multiqc_data
[2022-08-05 11:08:06,552] multiqc                                            [DEBUG  ]  Moving data file from '/tmp/smi9a9.8585649/tmp5kxg296s/multiqc_data' to '7904_MGSD_CSIRO.qc.stats/multiqc_data'
[2022-08-05 11:08:06,703] multiqc                                            [INFO   ]  MultiQC complete
