[2022-08-05 11:04:22,448] multiqc                                            [DEBUG  ]  This is MultiQC v1.11
[2022-08-05 11:04:22,448] multiqc                                            [DEBUG  ]  No MultiQC config found: /apps/multiqc/1.11/lib/python3.9/site-packages/multiqc_config.yaml
[2022-08-05 11:04:22,448] multiqc                                            [DEBUG  ]  No MultiQC config found: /home/smi9a9/.multiqc_config.yaml
[2022-08-05 11:04:22,450] multiqc                                            [DEBUG  ]  No MultiQC config found: multiqc_config.yaml
[2022-08-05 11:04:22,450] multiqc                                            [DEBUG  ]  Command used: /apps/multiqc/1.11/bin/multiqc ./13264_combined_merged_fastqc.html ./13264_combined_merged_fastqc.zip ./13264_combined_merged.fastq.gz ./13264_combined_R1p_fastqc.html ./13264_combined_R1p_fastqc.zip ./13264_combined_R1p.fastq.gz ./13264_combined_R1R2u_fastqc.html ./13264_combined_R1R2u_fastqc.zip ./13264_combined_R1R2u.fastq.gz ./13264_combined_R2p_fastqc.html ./13264_combined_R2p_fastqc.zip ./13264_combined_R2p.fastq.gz ./13264_QCreads.md5 -o 13264_MGSD_CSIRO.qc.stats
[2022-08-05 11:04:22,452] multiqc                                            [DEBUG  ]  Could not connect to multiqc.info for version check: <urlopen error [Errno 111] Connection refused>
[2022-08-05 11:04:22,452] multiqc                                            [DEBUG  ]  Command     : /apps/multiqc/1.11/bin/multiqc ./13264_combined_merged_fastqc.html ./13264_combined_merged_fastqc.zip ./13264_combined_merged.fastq.gz ./13264_combined_R1p_fastqc.html ./13264_combined_R1p_fastqc.zip ./13264_combined_R1p.fastq.gz ./13264_combined_R1R2u_fastqc.html ./13264_combined_R1R2u_fastqc.zip ./13264_combined_R1R2u.fastq.gz ./13264_combined_R2p_fastqc.html ./13264_combined_R2p_fastqc.zip ./13264_combined_R2p.fastq.gz ./13264_QCreads.md5 -o 13264_MGSD_CSIRO.qc.stats
[2022-08-05 11:04:22,452] multiqc                                            [DEBUG  ]  Working dir : /datasets/work/oa-amd/work/amd/Metagenome_QC_reads
[2022-08-05 11:04:22,452] multiqc                                            [DEBUG  ]  Template    : default
[2022-08-05 11:04:22,452] multiqc                                            [DEBUG  ]  Running Python 3.9.4 (default, Apr 25 2021, 16:13:27)  [GCC 10.3.0]
[2022-08-05 11:04:22,453] multiqc                                            [DEBUG  ]  Analysing modules: custom_content, ccs, ngsderive, purple, conpair, lima, peddy, somalier, methylQA, mosdepth, phantompeakqualtools, qualimap, preseq, quast, qorts, rna_seqc, rockhopper, rsem, rseqc, busco, bustools, goleft_indexcov, gffcompare, disambiguate, supernova, deeptools, sargasso, verifybamid, mirtrace, happy, mirtop, sambamba, homer, hops, macs2, theta2, snpeff, gatk, htseq, bcftools, featureCounts, fgbio, dragen, dedup, damageprofiler, biobambam2, jcvi, mtnucratio, picard, vep, sentieon, prokka, qc3C, nanostat, samblaster, samtools, sexdeterrmine, eigenstratdatabasetools, bamtools, jellyfish, vcftools, longranger, stacks, varscan2, snippy, bbmap, bismark, biscuit, hicexplorer, hicup, hicpro, salmon, kallisto, slamdunk, star, hisat2, tophat, bowtie2, bowtie1, snpsplit, odgi, pangolin, kat, leehom, adapterRemoval, clipandmerge, cutadapt, flexbar, kaiju, kraken, malt, trimmomatic, sickle, skewer, sortmerna, biobloomtools, fastq_screen, afterqc, fastp, fastqc, pychopper, pycoqc, minionqc, multivcfanalyzer, clusterflow, bcl2fastq, bclconvert, interop, ivar, flash, seqyclean, optitype
[2022-08-05 11:04:22,453] multiqc                                            [DEBUG  ]  Using temporary directory for creating report: /tmp/smi9a9.8584699/tmp5y721lc7
[2022-08-05 11:04:22,522] multiqc                                            [INFO   ]  Search path : /datasets/work/oa-amd/work/amd/Metagenome_QC_reads/13264_combined_merged_fastqc.html
[2022-08-05 11:04:22,522] multiqc                                            [INFO   ]  Search path : /datasets/work/oa-amd/work/amd/Metagenome_QC_reads/13264_combined_merged_fastqc.zip
[2022-08-05 11:04:22,522] multiqc                                            [INFO   ]  Search path : /datasets/work/oa-amd/work/amd/Metagenome_QC_reads/13264_combined_merged.fastq.gz
[2022-08-05 11:04:22,522] multiqc                                            [INFO   ]  Search path : /datasets/work/oa-amd/work/amd/Metagenome_QC_reads/13264_combined_R1p_fastqc.html
[2022-08-05 11:04:22,522] multiqc                                            [INFO   ]  Search path : /datasets/work/oa-amd/work/amd/Metagenome_QC_reads/13264_combined_R1p_fastqc.zip
[2022-08-05 11:04:22,522] multiqc                                            [INFO   ]  Search path : /datasets/work/oa-amd/work/amd/Metagenome_QC_reads/13264_combined_R1p.fastq.gz
[2022-08-05 11:04:22,522] multiqc                                            [INFO   ]  Search path : /datasets/work/oa-amd/work/amd/Metagenome_QC_reads/13264_combined_R1R2u_fastqc.html
[2022-08-05 11:04:22,522] multiqc                                            [INFO   ]  Search path : /datasets/work/oa-amd/work/amd/Metagenome_QC_reads/13264_combined_R1R2u_fastqc.zip
[2022-08-05 11:04:22,523] multiqc                                            [INFO   ]  Search path : /datasets/work/oa-amd/work/amd/Metagenome_QC_reads/13264_combined_R1R2u.fastq.gz
[2022-08-05 11:04:22,523] multiqc                                            [INFO   ]  Search path : /datasets/work/oa-amd/work/amd/Metagenome_QC_reads/13264_combined_R2p_fastqc.html
[2022-08-05 11:04:22,523] multiqc                                            [INFO   ]  Search path : /datasets/work/oa-amd/work/amd/Metagenome_QC_reads/13264_combined_R2p_fastqc.zip
[2022-08-05 11:04:22,523] multiqc                                            [INFO   ]  Search path : /datasets/work/oa-amd/work/amd/Metagenome_QC_reads/13264_combined_R2p.fastq.gz
[2022-08-05 11:04:22,523] multiqc                                            [INFO   ]  Search path : /datasets/work/oa-amd/work/amd/Metagenome_QC_reads/13264_QCreads.md5
[2022-08-05 11:04:22,617] multiqc                                            [DEBUG  ]  File ignored by ccs/v4 because it exceeded search pattern filesize limit: 13264_combined_merged_fastqc.html
[2022-08-05 11:04:22,626] multiqc                                            [DEBUG  ]  File ignored by hicexplorer because it exceeded search pattern filesize limit: 13264_combined_merged_fastqc.html
[2022-08-05 11:04:22,628] multiqc                                            [DEBUG  ]  File ignored by nanostat because it exceeded search pattern filesize limit: 13264_combined_merged_fastqc.html
[2022-08-05 11:04:22,628] multiqc                                            [DEBUG  ]  File ignored by lima/summary because it exceeded search pattern filesize limit: 13264_combined_merged_fastqc.html
[2022-08-05 11:04:22,659] multiqc                                            [DEBUG  ]  File ignored by vep/vep_txt because it exceeded search pattern filesize limit: 13264_combined_merged_fastqc.html
[2022-08-05 11:04:22,659] multiqc                                            [DEBUG  ]  File ignored by longranger/invocation because it exceeded search pattern filesize limit: 13264_combined_merged_fastqc.html
[2022-08-05 11:04:22,659] multiqc                                            [DEBUG  ]  File ignored by rockhopper because it exceeded search pattern filesize limit: 13264_combined_merged_fastqc.html
[2022-08-05 11:04:22,659] multiqc                                            [DEBUG  ]  File ignored by rseqc/bam_stat because it exceeded search pattern filesize limit: 13264_combined_merged_fastqc.html
[2022-08-05 11:04:22,659] multiqc                                            [DEBUG  ]  File ignored by rseqc/junction_annotation because it exceeded search pattern filesize limit: 13264_combined_merged_fastqc.html
[2022-08-05 11:04:22,659] multiqc                                            [DEBUG  ]  File ignored by rseqc/read_distribution because it exceeded search pattern filesize limit: 13264_combined_merged_fastqc.html
[2022-08-05 11:04:22,659] multiqc                                            [DEBUG  ]  File ignored by rseqc/infer_experiment because it exceeded search pattern filesize limit: 13264_combined_merged_fastqc.html
[2022-08-05 11:04:23,761] multiqc                                            [DEBUG  ]  Ignoring file as matched an ignore pattern: 13264_combined_merged.fastq.gz
[2022-08-05 11:04:23,820] multiqc                                            [DEBUG  ]  File ignored by ccs/v4 because it exceeded search pattern filesize limit: 13264_combined_R1p_fastqc.html
[2022-08-05 11:04:23,828] multiqc                                            [DEBUG  ]  File ignored by hicexplorer because it exceeded search pattern filesize limit: 13264_combined_R1p_fastqc.html
[2022-08-05 11:04:23,830] multiqc                                            [DEBUG  ]  File ignored by nanostat because it exceeded search pattern filesize limit: 13264_combined_R1p_fastqc.html
[2022-08-05 11:04:23,830] multiqc                                            [DEBUG  ]  File ignored by lima/summary because it exceeded search pattern filesize limit: 13264_combined_R1p_fastqc.html
[2022-08-05 11:04:23,897] multiqc                                            [DEBUG  ]  File ignored by vep/vep_txt because it exceeded search pattern filesize limit: 13264_combined_R1p_fastqc.html
[2022-08-05 11:04:23,897] multiqc                                            [DEBUG  ]  File ignored by longranger/invocation because it exceeded search pattern filesize limit: 13264_combined_R1p_fastqc.html
[2022-08-05 11:04:23,897] multiqc                                            [DEBUG  ]  File ignored by rockhopper because it exceeded search pattern filesize limit: 13264_combined_R1p_fastqc.html
[2022-08-05 11:04:23,897] multiqc                                            [DEBUG  ]  File ignored by rseqc/bam_stat because it exceeded search pattern filesize limit: 13264_combined_R1p_fastqc.html
[2022-08-05 11:04:23,897] multiqc                                            [DEBUG  ]  File ignored by rseqc/junction_annotation because it exceeded search pattern filesize limit: 13264_combined_R1p_fastqc.html
[2022-08-05 11:04:23,898] multiqc                                            [DEBUG  ]  File ignored by rseqc/read_distribution because it exceeded search pattern filesize limit: 13264_combined_R1p_fastqc.html
[2022-08-05 11:04:23,898] multiqc                                            [DEBUG  ]  File ignored by rseqc/infer_experiment because it exceeded search pattern filesize limit: 13264_combined_R1p_fastqc.html
[2022-08-05 11:04:24,518] multiqc                                            [DEBUG  ]  Ignoring file as matched an ignore pattern: 13264_combined_R1p.fastq.gz
[2022-08-05 11:04:24,872] multiqc                                            [DEBUG  ]  File ignored by ccs/v4 because it exceeded search pattern filesize limit: 13264_combined_R1R2u_fastqc.html
[2022-08-05 11:04:24,881] multiqc                                            [DEBUG  ]  File ignored by hicexplorer because it exceeded search pattern filesize limit: 13264_combined_R1R2u_fastqc.html
[2022-08-05 11:04:24,882] multiqc                                            [DEBUG  ]  File ignored by nanostat because it exceeded search pattern filesize limit: 13264_combined_R1R2u_fastqc.html
[2022-08-05 11:04:24,882] multiqc                                            [DEBUG  ]  File ignored by lima/summary because it exceeded search pattern filesize limit: 13264_combined_R1R2u_fastqc.html
[2022-08-05 11:04:24,901] multiqc                                            [DEBUG  ]  File ignored by vep/vep_txt because it exceeded search pattern filesize limit: 13264_combined_R1R2u_fastqc.html
[2022-08-05 11:04:24,901] multiqc                                            [DEBUG  ]  File ignored by longranger/invocation because it exceeded search pattern filesize limit: 13264_combined_R1R2u_fastqc.html
[2022-08-05 11:04:24,901] multiqc                                            [DEBUG  ]  File ignored by rockhopper because it exceeded search pattern filesize limit: 13264_combined_R1R2u_fastqc.html
[2022-08-05 11:04:24,901] multiqc                                            [DEBUG  ]  File ignored by rseqc/bam_stat because it exceeded search pattern filesize limit: 13264_combined_R1R2u_fastqc.html
[2022-08-05 11:04:24,901] multiqc                                            [DEBUG  ]  File ignored by rseqc/junction_annotation because it exceeded search pattern filesize limit: 13264_combined_R1R2u_fastqc.html
[2022-08-05 11:04:24,901] multiqc                                            [DEBUG  ]  File ignored by rseqc/read_distribution because it exceeded search pattern filesize limit: 13264_combined_R1R2u_fastqc.html
[2022-08-05 11:04:24,901] multiqc                                            [DEBUG  ]  File ignored by rseqc/infer_experiment because it exceeded search pattern filesize limit: 13264_combined_R1R2u_fastqc.html
[2022-08-05 11:04:25,044] multiqc                                            [DEBUG  ]  Ignoring file as matched an ignore pattern: 13264_combined_R1R2u.fastq.gz
[2022-08-05 11:04:25,132] multiqc                                            [DEBUG  ]  File ignored by ccs/v4 because it exceeded search pattern filesize limit: 13264_combined_R2p_fastqc.html
[2022-08-05 11:04:25,141] multiqc                                            [DEBUG  ]  File ignored by hicexplorer because it exceeded search pattern filesize limit: 13264_combined_R2p_fastqc.html
[2022-08-05 11:04:25,142] multiqc                                            [DEBUG  ]  File ignored by nanostat because it exceeded search pattern filesize limit: 13264_combined_R2p_fastqc.html
[2022-08-05 11:04:25,142] multiqc                                            [DEBUG  ]  File ignored by lima/summary because it exceeded search pattern filesize limit: 13264_combined_R2p_fastqc.html
[2022-08-05 11:04:25,164] multiqc                                            [DEBUG  ]  File ignored by vep/vep_txt because it exceeded search pattern filesize limit: 13264_combined_R2p_fastqc.html
[2022-08-05 11:04:25,164] multiqc                                            [DEBUG  ]  File ignored by longranger/invocation because it exceeded search pattern filesize limit: 13264_combined_R2p_fastqc.html
[2022-08-05 11:04:25,164] multiqc                                            [DEBUG  ]  File ignored by rockhopper because it exceeded search pattern filesize limit: 13264_combined_R2p_fastqc.html
[2022-08-05 11:04:25,164] multiqc                                            [DEBUG  ]  File ignored by rseqc/bam_stat because it exceeded search pattern filesize limit: 13264_combined_R2p_fastqc.html
[2022-08-05 11:04:25,164] multiqc                                            [DEBUG  ]  File ignored by rseqc/junction_annotation because it exceeded search pattern filesize limit: 13264_combined_R2p_fastqc.html
[2022-08-05 11:04:25,164] multiqc                                            [DEBUG  ]  File ignored by rseqc/read_distribution because it exceeded search pattern filesize limit: 13264_combined_R2p_fastqc.html
[2022-08-05 11:04:25,164] multiqc                                            [DEBUG  ]  File ignored by rseqc/infer_experiment because it exceeded search pattern filesize limit: 13264_combined_R2p_fastqc.html
[2022-08-05 11:04:25,262] multiqc                                            [DEBUG  ]  Ignoring file as matched an ignore pattern: 13264_combined_R2p.fastq.gz
[2022-08-05 11:04:25,262] multiqc                                            [DEBUG  ]  Ignoring file as matched an ignore pattern: 13264_QCreads.md5
[2022-08-05 11:04:27,304] multiqc.plots.bargraph                             [DEBUG  ]  Using matplotlib version 3.3.4
[2022-08-05 11:04:27,309] multiqc.plots.linegraph                            [DEBUG  ]  Using matplotlib version 3.3.4
[2022-08-05 11:04:27,313] multiqc                                            [DEBUG  ]  No samples found: custom_content
[2022-08-05 11:04:27,320] multiqc                                            [DEBUG  ]  No samples found: ccs
[2022-08-05 11:04:27,556] multiqc                                            [DEBUG  ]  No samples found: ngsderive
[2022-08-05 11:04:27,560] multiqc                                            [DEBUG  ]  No samples found: purple
[2022-08-05 11:04:27,564] multiqc                                            [DEBUG  ]  No samples found: conpair
[2022-08-05 11:04:27,569] multiqc                                            [DEBUG  ]  No samples found: lima
[2022-08-05 11:04:27,573] multiqc                                            [DEBUG  ]  No samples found: peddy
[2022-08-05 11:04:27,579] multiqc                                            [DEBUG  ]  No samples found: somalier
[2022-08-05 11:04:27,583] multiqc                                            [DEBUG  ]  No samples found: methylQA
[2022-08-05 11:04:27,592] multiqc.modules.mosdepth.mosdepth                  [DEBUG  ]  include_contigs: []
[2022-08-05 11:04:27,592] multiqc.modules.mosdepth.mosdepth                  [DEBUG  ]  exclude_contigs: []
[2022-08-05 11:04:27,592] multiqc                                            [DEBUG  ]  No samples found: mosdepth
[2022-08-05 11:04:27,596] multiqc                                            [DEBUG  ]  No samples found: phantompeakqualtools
[2022-08-05 11:04:27,600] multiqc                                            [DEBUG  ]  No samples found: qualimap
[2022-08-05 11:04:27,605] multiqc                                            [DEBUG  ]  No samples found: preseq
[2022-08-05 11:04:27,610] multiqc                                            [DEBUG  ]  No samples found: quast
[2022-08-05 11:04:27,614] multiqc                                            [DEBUG  ]  No samples found: qorts
[2022-08-05 11:04:27,619] multiqc                                            [DEBUG  ]  No samples found: rna_seqc
[2022-08-05 11:04:27,624] multiqc                                            [DEBUG  ]  No samples found: rockhopper
[2022-08-05 11:04:27,628] multiqc                                            [DEBUG  ]  No samples found: rsem
[2022-08-05 11:04:27,642] multiqc                                            [DEBUG  ]  No samples found: rseqc
[2022-08-05 11:04:27,646] multiqc                                            [DEBUG  ]  No samples found: busco
[2022-08-05 11:04:27,650] multiqc                                            [DEBUG  ]  No samples found: bustools
[2022-08-05 11:04:27,654] multiqc                                            [DEBUG  ]  No samples found: goleft_indexcov
[2022-08-05 11:04:27,659] multiqc                                            [DEBUG  ]  No samples found: gffcompare
[2022-08-05 11:04:27,664] multiqc                                            [DEBUG  ]  No samples found: disambiguate
[2022-08-05 11:04:27,670] multiqc                                            [DEBUG  ]  No samples found: supernova
[2022-08-05 11:04:27,979] multiqc                                            [DEBUG  ]  No samples found: deeptools
[2022-08-05 11:04:28,493] multiqc                                            [DEBUG  ]  No samples found: sargasso
[2022-08-05 11:04:28,502] multiqc                                            [DEBUG  ]  No samples found: verifybamid
[2022-08-05 11:04:28,743] multiqc                                            [DEBUG  ]  No samples found: mirtrace
[2022-08-05 11:04:28,750] multiqc                                            [DEBUG  ]  No samples found: happy
[2022-08-05 11:04:28,757] multiqc                                            [DEBUG  ]  No samples found: mirtop
[2022-08-05 11:04:28,765] multiqc                                            [DEBUG  ]  No samples found: sambamba
[2022-08-05 11:04:29,007] multiqc                                            [DEBUG  ]  No samples found: homer
[2022-08-05 11:04:29,011] multiqc                                            [DEBUG  ]  No samples found: hops
[2022-08-05 11:04:29,015] multiqc                                            [DEBUG  ]  No samples found: macs2
[2022-08-05 11:04:29,019] multiqc                                            [DEBUG  ]  No samples found: theta2
[2022-08-05 11:04:29,024] multiqc                                            [DEBUG  ]  No samples found: snpeff
[2022-08-05 11:04:29,031] multiqc                                            [DEBUG  ]  No samples found: gatk
[2022-08-05 11:04:29,035] multiqc                                            [DEBUG  ]  No samples found: htseq
[2022-08-05 11:04:29,040] multiqc                                            [DEBUG  ]  No samples found: bcftools
[2022-08-05 11:04:29,044] multiqc                                            [DEBUG  ]  No samples found: featureCounts
[2022-08-05 11:04:29,053] multiqc                                            [DEBUG  ]  No samples found: fgbio
[2022-08-05 11:04:29,117] multiqc                                            [DEBUG  ]  No samples found: dragen
[2022-08-05 11:04:29,124] multiqc                                            [DEBUG  ]  No samples found: dedup
[2022-08-05 11:04:29,131] multiqc                                            [DEBUG  ]  No samples found: damageprofiler
[2022-08-05 11:04:30,418] multiqc                                            [DEBUG  ]  No samples found: biobambam2
[2022-08-05 11:04:30,426] multiqc                                            [DEBUG  ]  No samples found: jcvi
[2022-08-05 11:04:30,433] multiqc                                            [DEBUG  ]  No samples found: mtnucratio
[2022-08-05 11:04:30,435] multiqc                                            [DEBUG  ]  No samples found: picard
[2022-08-05 11:04:30,444] multiqc                                            [DEBUG  ]  No samples found: vep
[2022-08-05 11:04:30,458] multiqc                                            [DEBUG  ]  No samples found: sentieon
[2022-08-05 11:04:30,465] multiqc                                            [DEBUG  ]  No samples found: prokka
[2022-08-05 11:04:30,474] multiqc                                            [DEBUG  ]  No samples found: qc3C
[2022-08-05 11:04:30,482] multiqc                                            [DEBUG  ]  No samples found: nanostat
[2022-08-05 11:04:30,488] multiqc                                            [DEBUG  ]  No samples found: samblaster
[2022-08-05 11:04:30,503] multiqc                                            [DEBUG  ]  No samples found: samtools
[2022-08-05 11:04:30,510] multiqc                                            [DEBUG  ]  No samples found: sexdeterrmine
[2022-08-05 11:04:30,517] multiqc                                            [DEBUG  ]  No samples found: eigenstratdatabasetools
[2022-08-05 11:04:30,525] multiqc                                            [DEBUG  ]  No samples found: bamtools
[2022-08-05 11:04:30,532] multiqc                                            [DEBUG  ]  No samples found: jellyfish
[2022-08-05 11:04:30,545] multiqc                                            [DEBUG  ]  No samples found: vcftools
[2022-08-05 11:04:30,553] multiqc                                            [DEBUG  ]  No samples found: longranger
[2022-08-05 11:04:30,561] multiqc                                            [DEBUG  ]  No samples found: stacks
[2022-08-05 11:04:30,798] multiqc                                            [DEBUG  ]  No samples found: varscan2
[2022-08-05 11:04:30,850] multiqc                                            [DEBUG  ]  No samples found: snippy
[2022-08-05 11:04:31,107] multiqc                                            [DEBUG  ]  No samples found: bbmap
[2022-08-05 11:04:31,115] multiqc                                            [DEBUG  ]  No samples found: bismark
[2022-08-05 11:04:31,126] multiqc                                            [DEBUG  ]  No samples found: biscuit
[2022-08-05 11:04:31,134] multiqc                                            [DEBUG  ]  No samples found: hicexplorer
[2022-08-05 11:04:31,142] multiqc                                            [DEBUG  ]  No samples found: hicup
[2022-08-05 11:04:31,150] multiqc                                            [DEBUG  ]  No samples found: hicpro
[2022-08-05 11:04:31,157] multiqc                                            [DEBUG  ]  No samples found: salmon
[2022-08-05 11:04:31,164] multiqc                                            [DEBUG  ]  No samples found: kallisto
[2022-08-05 11:04:31,172] multiqc                                            [DEBUG  ]  No samples found: slamdunk
[2022-08-05 11:04:31,180] multiqc                                            [DEBUG  ]  No samples found: star
[2022-08-05 11:04:31,461] multiqc                                            [DEBUG  ]  No samples found: hisat2
[2022-08-05 11:04:31,468] multiqc                                            [DEBUG  ]  No samples found: tophat
[2022-08-05 11:04:31,476] multiqc                                            [DEBUG  ]  No samples found: bowtie2
[2022-08-05 11:04:31,483] multiqc                                            [DEBUG  ]  No samples found: bowtie1
[2022-08-05 11:04:31,721] multiqc                                            [DEBUG  ]  No samples found: snpsplit
[2022-08-05 11:04:32,155] multiqc                                            [DEBUG  ]  No samples found: odgi
[2022-08-05 11:04:32,162] multiqc                                            [DEBUG  ]  No samples found: pangolin
[2022-08-05 11:04:32,169] multiqc                                            [DEBUG  ]  No samples found: kat
[2022-08-05 11:04:32,175] multiqc                                            [DEBUG  ]  No samples found: leehom
[2022-08-05 11:04:32,183] multiqc                                            [DEBUG  ]  No samples found: adapterRemoval
[2022-08-05 11:04:32,190] multiqc                                            [DEBUG  ]  No samples found: clipandmerge
[2022-08-05 11:04:32,198] multiqc                                            [DEBUG  ]  No samples found: cutadapt
[2022-08-05 11:04:32,205] multiqc                                            [DEBUG  ]  No samples found: flexbar
[2022-08-05 11:04:32,212] multiqc                                            [DEBUG  ]  No samples found: kaiju
[2022-08-05 11:04:32,220] multiqc                                            [DEBUG  ]  No samples found: kraken
[2022-08-05 11:04:32,227] multiqc                                            [DEBUG  ]  No samples found: malt
[2022-08-05 11:04:32,234] multiqc                                            [DEBUG  ]  No samples found: trimmomatic
[2022-08-05 11:04:32,241] multiqc                                            [DEBUG  ]  No samples found: sickle
[2022-08-05 11:04:32,247] multiqc                                            [DEBUG  ]  No samples found: skewer
[2022-08-05 11:04:32,254] multiqc                                            [DEBUG  ]  No samples found: sortmerna
[2022-08-05 11:04:32,260] multiqc                                            [DEBUG  ]  No samples found: biobloomtools
[2022-08-05 11:04:32,546] multiqc                                            [DEBUG  ]  No samples found: fastq_screen
[2022-08-05 11:04:32,553] multiqc                                            [DEBUG  ]  No samples found: afterqc
[2022-08-05 11:04:32,561] multiqc                                            [DEBUG  ]  No samples found: fastp
[2022-08-05 11:04:32,780] multiqc.modules.fastqc.fastqc                      [INFO   ]  Found 4 reports
[2022-08-05 11:04:32,828] multiqc                                            [DEBUG  ]  No samples found: pychopper
[2022-08-05 11:04:32,833] multiqc                                            [DEBUG  ]  No samples found: pycoqc
[2022-08-05 11:04:32,839] multiqc                                            [DEBUG  ]  No samples found: minionqc
[2022-08-05 11:04:32,844] multiqc                                            [DEBUG  ]  No samples found: multivcfanalyzer
[2022-08-05 11:04:32,849] multiqc                                            [DEBUG  ]  No samples found: clusterflow
[2022-08-05 11:04:32,860] multiqc                                            [DEBUG  ]  No samples found: bcl2fastq
[2022-08-05 11:04:33,098] multiqc                                            [DEBUG  ]  No samples found: bclconvert
[2022-08-05 11:04:33,103] multiqc                                            [DEBUG  ]  No samples found: interop
[2022-08-05 11:04:33,108] multiqc                                            [DEBUG  ]  No samples found: ivar
[2022-08-05 11:04:33,113] multiqc                                            [DEBUG  ]  No samples found: flash
[2022-08-05 11:04:33,137] multiqc                                            [DEBUG  ]  No samples found: seqyclean
[2022-08-05 11:04:33,145] multiqc                                            [DEBUG  ]  No samples found: optitype
[2022-08-05 11:04:33,149] multiqc                                            [INFO   ]  Compressing plot data
[2022-08-05 11:04:33,206] multiqc                                            [INFO   ]  Report      : 13264_MGSD_CSIRO.qc.stats/multiqc_report.html
[2022-08-05 11:04:33,207] multiqc                                            [INFO   ]  Data        : 13264_MGSD_CSIRO.qc.stats/multiqc_data
[2022-08-05 11:04:33,207] multiqc                                            [DEBUG  ]  Moving data file from '/tmp/smi9a9.8584699/tmp5y721lc7/multiqc_data' to '13264_MGSD_CSIRO.qc.stats/multiqc_data'
[2022-08-05 11:04:33,345] multiqc                                            [INFO   ]  MultiQC complete
