[2022-08-05 11:10:29,260] multiqc                                            [DEBUG  ]  This is MultiQC v1.11
[2022-08-05 11:10:29,260] multiqc                                            [DEBUG  ]  No MultiQC config found: /apps/multiqc/1.11/lib/python3.9/site-packages/multiqc_config.yaml
[2022-08-05 11:10:29,260] multiqc                                            [DEBUG  ]  No MultiQC config found: /home/smi9a9/.multiqc_config.yaml
[2022-08-05 11:10:29,339] multiqc                                            [DEBUG  ]  No MultiQC config found: multiqc_config.yaml
[2022-08-05 11:10:29,339] multiqc                                            [DEBUG  ]  Command used: /apps/multiqc/1.11/bin/multiqc ./12891_HCN77BCXX-1_merged_fastqc.html ./12891_HCN77BCXX-1_merged_fastqc.zip ./12891_HCN77BCXX-1_merged.fastq.gz ./12891_HCN77BCXX-1_R1p_fastqc.html ./12891_HCN77BCXX-1_R1p_fastqc.zip ./12891_HCN77BCXX-1_R1p.fastq.gz ./12891_HCN77BCXX-1_R1R2u_fastqc.html ./12891_HCN77BCXX-1_R1R2u_fastqc.zip ./12891_HCN77BCXX-1_R1R2u.fastq.gz ./12891_HCN77BCXX-1_R2p_fastqc.html ./12891_HCN77BCXX-1_R2p_fastqc.zip ./12891_HCN77BCXX-1_R2p.fastq.gz ./12891_QCreads.md5 -o 12891_MGSD_CSIRO.qc.stats
[2022-08-05 11:10:29,342] multiqc                                            [DEBUG  ]  Could not connect to multiqc.info for version check: <urlopen error [Errno 111] Connection refused>
[2022-08-05 11:10:29,342] multiqc                                            [DEBUG  ]  Command     : /apps/multiqc/1.11/bin/multiqc ./12891_HCN77BCXX-1_merged_fastqc.html ./12891_HCN77BCXX-1_merged_fastqc.zip ./12891_HCN77BCXX-1_merged.fastq.gz ./12891_HCN77BCXX-1_R1p_fastqc.html ./12891_HCN77BCXX-1_R1p_fastqc.zip ./12891_HCN77BCXX-1_R1p.fastq.gz ./12891_HCN77BCXX-1_R1R2u_fastqc.html ./12891_HCN77BCXX-1_R1R2u_fastqc.zip ./12891_HCN77BCXX-1_R1R2u.fastq.gz ./12891_HCN77BCXX-1_R2p_fastqc.html ./12891_HCN77BCXX-1_R2p_fastqc.zip ./12891_HCN77BCXX-1_R2p.fastq.gz ./12891_QCreads.md5 -o 12891_MGSD_CSIRO.qc.stats
[2022-08-05 11:10:29,342] multiqc                                            [DEBUG  ]  Working dir : /datasets/work/oa-amd/work/amd/Metagenome_QC_reads
[2022-08-05 11:10:29,342] multiqc                                            [DEBUG  ]  Template    : default
[2022-08-05 11:10:29,342] multiqc                                            [DEBUG  ]  Running Python 3.9.4 (default, Apr 25 2021, 16:13:27)  [GCC 10.3.0]
[2022-08-05 11:10:29,343] multiqc                                            [DEBUG  ]  Analysing modules: custom_content, ccs, ngsderive, purple, conpair, lima, peddy, somalier, methylQA, mosdepth, phantompeakqualtools, qualimap, preseq, quast, qorts, rna_seqc, rockhopper, rsem, rseqc, busco, bustools, goleft_indexcov, gffcompare, disambiguate, supernova, deeptools, sargasso, verifybamid, mirtrace, happy, mirtop, sambamba, homer, hops, macs2, theta2, snpeff, gatk, htseq, bcftools, featureCounts, fgbio, dragen, dedup, damageprofiler, biobambam2, jcvi, mtnucratio, picard, vep, sentieon, prokka, qc3C, nanostat, samblaster, samtools, sexdeterrmine, eigenstratdatabasetools, bamtools, jellyfish, vcftools, longranger, stacks, varscan2, snippy, bbmap, bismark, biscuit, hicexplorer, hicup, hicpro, salmon, kallisto, slamdunk, star, hisat2, tophat, bowtie2, bowtie1, snpsplit, odgi, pangolin, kat, leehom, adapterRemoval, clipandmerge, cutadapt, flexbar, kaiju, kraken, malt, trimmomatic, sickle, skewer, sortmerna, biobloomtools, fastq_screen, afterqc, fastp, fastqc, pychopper, pycoqc, minionqc, multivcfanalyzer, clusterflow, bcl2fastq, bclconvert, interop, ivar, flash, seqyclean, optitype
[2022-08-05 11:10:29,343] multiqc                                            [DEBUG  ]  Using temporary directory for creating report: /tmp/smi9a9.8585295/tmpb4elmmgi
[2022-08-05 11:10:29,639] multiqc                                            [INFO   ]  Search path : /datasets/work/oa-amd/work/amd/Metagenome_QC_reads/12891_HCN77BCXX-1_merged_fastqc.html
[2022-08-05 11:10:29,639] multiqc                                            [INFO   ]  Search path : /datasets/work/oa-amd/work/amd/Metagenome_QC_reads/12891_HCN77BCXX-1_merged_fastqc.zip
[2022-08-05 11:10:29,639] multiqc                                            [INFO   ]  Search path : /datasets/work/oa-amd/work/amd/Metagenome_QC_reads/12891_HCN77BCXX-1_merged.fastq.gz
[2022-08-05 11:10:29,639] multiqc                                            [INFO   ]  Search path : /datasets/work/oa-amd/work/amd/Metagenome_QC_reads/12891_HCN77BCXX-1_R1p_fastqc.html
[2022-08-05 11:10:29,639] multiqc                                            [INFO   ]  Search path : /datasets/work/oa-amd/work/amd/Metagenome_QC_reads/12891_HCN77BCXX-1_R1p_fastqc.zip
[2022-08-05 11:10:29,639] multiqc                                            [INFO   ]  Search path : /datasets/work/oa-amd/work/amd/Metagenome_QC_reads/12891_HCN77BCXX-1_R1p.fastq.gz
[2022-08-05 11:10:29,639] multiqc                                            [INFO   ]  Search path : /datasets/work/oa-amd/work/amd/Metagenome_QC_reads/12891_HCN77BCXX-1_R1R2u_fastqc.html
[2022-08-05 11:10:29,639] multiqc                                            [INFO   ]  Search path : /datasets/work/oa-amd/work/amd/Metagenome_QC_reads/12891_HCN77BCXX-1_R1R2u_fastqc.zip
[2022-08-05 11:10:29,639] multiqc                                            [INFO   ]  Search path : /datasets/work/oa-amd/work/amd/Metagenome_QC_reads/12891_HCN77BCXX-1_R1R2u.fastq.gz
[2022-08-05 11:10:29,639] multiqc                                            [INFO   ]  Search path : /datasets/work/oa-amd/work/amd/Metagenome_QC_reads/12891_HCN77BCXX-1_R2p_fastqc.html
[2022-08-05 11:10:29,639] multiqc                                            [INFO   ]  Search path : /datasets/work/oa-amd/work/amd/Metagenome_QC_reads/12891_HCN77BCXX-1_R2p_fastqc.zip
[2022-08-05 11:10:29,639] multiqc                                            [INFO   ]  Search path : /datasets/work/oa-amd/work/amd/Metagenome_QC_reads/12891_HCN77BCXX-1_R2p.fastq.gz
[2022-08-05 11:10:29,640] multiqc                                            [INFO   ]  Search path : /datasets/work/oa-amd/work/amd/Metagenome_QC_reads/12891_QCreads.md5
[2022-08-05 11:10:30,163] multiqc                                            [DEBUG  ]  File ignored by ccs/v4 because it exceeded search pattern filesize limit: 12891_HCN77BCXX-1_merged_fastqc.html
[2022-08-05 11:10:30,171] multiqc                                            [DEBUG  ]  File ignored by hicexplorer because it exceeded search pattern filesize limit: 12891_HCN77BCXX-1_merged_fastqc.html
[2022-08-05 11:10:30,172] multiqc                                            [DEBUG  ]  File ignored by nanostat because it exceeded search pattern filesize limit: 12891_HCN77BCXX-1_merged_fastqc.html
[2022-08-05 11:10:30,172] multiqc                                            [DEBUG  ]  File ignored by lima/summary because it exceeded search pattern filesize limit: 12891_HCN77BCXX-1_merged_fastqc.html
[2022-08-05 11:10:30,196] multiqc                                            [DEBUG  ]  File ignored by vep/vep_txt because it exceeded search pattern filesize limit: 12891_HCN77BCXX-1_merged_fastqc.html
[2022-08-05 11:10:30,196] multiqc                                            [DEBUG  ]  File ignored by longranger/invocation because it exceeded search pattern filesize limit: 12891_HCN77BCXX-1_merged_fastqc.html
[2022-08-05 11:10:30,197] multiqc                                            [DEBUG  ]  File ignored by rockhopper because it exceeded search pattern filesize limit: 12891_HCN77BCXX-1_merged_fastqc.html
[2022-08-05 11:10:30,197] multiqc                                            [DEBUG  ]  File ignored by rseqc/bam_stat because it exceeded search pattern filesize limit: 12891_HCN77BCXX-1_merged_fastqc.html
[2022-08-05 11:10:30,197] multiqc                                            [DEBUG  ]  File ignored by rseqc/junction_annotation because it exceeded search pattern filesize limit: 12891_HCN77BCXX-1_merged_fastqc.html
[2022-08-05 11:10:30,197] multiqc                                            [DEBUG  ]  File ignored by rseqc/read_distribution because it exceeded search pattern filesize limit: 12891_HCN77BCXX-1_merged_fastqc.html
[2022-08-05 11:10:30,197] multiqc                                            [DEBUG  ]  File ignored by rseqc/infer_experiment because it exceeded search pattern filesize limit: 12891_HCN77BCXX-1_merged_fastqc.html
[2022-08-05 11:10:30,584] multiqc                                            [DEBUG  ]  Ignoring file as matched an ignore pattern: 12891_HCN77BCXX-1_merged.fastq.gz
[2022-08-05 11:10:30,593] multiqc                                            [DEBUG  ]  File ignored by ccs/v4 because it exceeded search pattern filesize limit: 12891_HCN77BCXX-1_R1p_fastqc.html
[2022-08-05 11:10:30,598] multiqc                                            [DEBUG  ]  File ignored by hicexplorer because it exceeded search pattern filesize limit: 12891_HCN77BCXX-1_R1p_fastqc.html
[2022-08-05 11:10:30,598] multiqc                                            [DEBUG  ]  File ignored by nanostat because it exceeded search pattern filesize limit: 12891_HCN77BCXX-1_R1p_fastqc.html
[2022-08-05 11:10:30,598] multiqc                                            [DEBUG  ]  File ignored by lima/summary because it exceeded search pattern filesize limit: 12891_HCN77BCXX-1_R1p_fastqc.html
[2022-08-05 11:10:30,607] multiqc                                            [DEBUG  ]  File ignored by vep/vep_txt because it exceeded search pattern filesize limit: 12891_HCN77BCXX-1_R1p_fastqc.html
[2022-08-05 11:10:30,607] multiqc                                            [DEBUG  ]  File ignored by longranger/invocation because it exceeded search pattern filesize limit: 12891_HCN77BCXX-1_R1p_fastqc.html
[2022-08-05 11:10:30,607] multiqc                                            [DEBUG  ]  File ignored by rockhopper because it exceeded search pattern filesize limit: 12891_HCN77BCXX-1_R1p_fastqc.html
[2022-08-05 11:10:30,607] multiqc                                            [DEBUG  ]  File ignored by rseqc/bam_stat because it exceeded search pattern filesize limit: 12891_HCN77BCXX-1_R1p_fastqc.html
[2022-08-05 11:10:30,607] multiqc                                            [DEBUG  ]  File ignored by rseqc/junction_annotation because it exceeded search pattern filesize limit: 12891_HCN77BCXX-1_R1p_fastqc.html
[2022-08-05 11:10:30,607] multiqc                                            [DEBUG  ]  File ignored by rseqc/read_distribution because it exceeded search pattern filesize limit: 12891_HCN77BCXX-1_R1p_fastqc.html
[2022-08-05 11:10:30,607] multiqc                                            [DEBUG  ]  File ignored by rseqc/infer_experiment because it exceeded search pattern filesize limit: 12891_HCN77BCXX-1_R1p_fastqc.html
[2022-08-05 11:10:30,701] multiqc                                            [DEBUG  ]  Ignoring file as matched an ignore pattern: 12891_HCN77BCXX-1_R1p.fastq.gz
[2022-08-05 11:10:31,039] multiqc                                            [DEBUG  ]  File ignored by ccs/v4 because it exceeded search pattern filesize limit: 12891_HCN77BCXX-1_R1R2u_fastqc.html
[2022-08-05 11:10:31,047] multiqc                                            [DEBUG  ]  File ignored by hicexplorer because it exceeded search pattern filesize limit: 12891_HCN77BCXX-1_R1R2u_fastqc.html
[2022-08-05 11:10:31,048] multiqc                                            [DEBUG  ]  File ignored by nanostat because it exceeded search pattern filesize limit: 12891_HCN77BCXX-1_R1R2u_fastqc.html
[2022-08-05 11:10:31,048] multiqc                                            [DEBUG  ]  File ignored by lima/summary because it exceeded search pattern filesize limit: 12891_HCN77BCXX-1_R1R2u_fastqc.html
[2022-08-05 11:10:31,066] multiqc                                            [DEBUG  ]  File ignored by vep/vep_txt because it exceeded search pattern filesize limit: 12891_HCN77BCXX-1_R1R2u_fastqc.html
[2022-08-05 11:10:31,066] multiqc                                            [DEBUG  ]  File ignored by longranger/invocation because it exceeded search pattern filesize limit: 12891_HCN77BCXX-1_R1R2u_fastqc.html
[2022-08-05 11:10:31,066] multiqc                                            [DEBUG  ]  File ignored by rockhopper because it exceeded search pattern filesize limit: 12891_HCN77BCXX-1_R1R2u_fastqc.html
[2022-08-05 11:10:31,066] multiqc                                            [DEBUG  ]  File ignored by rseqc/bam_stat because it exceeded search pattern filesize limit: 12891_HCN77BCXX-1_R1R2u_fastqc.html
[2022-08-05 11:10:31,066] multiqc                                            [DEBUG  ]  File ignored by rseqc/junction_annotation because it exceeded search pattern filesize limit: 12891_HCN77BCXX-1_R1R2u_fastqc.html
[2022-08-05 11:10:31,066] multiqc                                            [DEBUG  ]  File ignored by rseqc/read_distribution because it exceeded search pattern filesize limit: 12891_HCN77BCXX-1_R1R2u_fastqc.html
[2022-08-05 11:10:31,066] multiqc                                            [DEBUG  ]  File ignored by rseqc/infer_experiment because it exceeded search pattern filesize limit: 12891_HCN77BCXX-1_R1R2u_fastqc.html
[2022-08-05 11:10:31,206] multiqc                                            [DEBUG  ]  Ignoring file as matched an ignore pattern: 12891_HCN77BCXX-1_R1R2u.fastq.gz
[2022-08-05 11:10:31,504] multiqc                                            [DEBUG  ]  File ignored by ccs/v4 because it exceeded search pattern filesize limit: 12891_HCN77BCXX-1_R2p_fastqc.html
[2022-08-05 11:10:31,513] multiqc                                            [DEBUG  ]  File ignored by hicexplorer because it exceeded search pattern filesize limit: 12891_HCN77BCXX-1_R2p_fastqc.html
[2022-08-05 11:10:31,514] multiqc                                            [DEBUG  ]  File ignored by nanostat because it exceeded search pattern filesize limit: 12891_HCN77BCXX-1_R2p_fastqc.html
[2022-08-05 11:10:31,514] multiqc                                            [DEBUG  ]  File ignored by lima/summary because it exceeded search pattern filesize limit: 12891_HCN77BCXX-1_R2p_fastqc.html
[2022-08-05 11:10:31,536] multiqc                                            [DEBUG  ]  File ignored by vep/vep_txt because it exceeded search pattern filesize limit: 12891_HCN77BCXX-1_R2p_fastqc.html
[2022-08-05 11:10:31,536] multiqc                                            [DEBUG  ]  File ignored by longranger/invocation because it exceeded search pattern filesize limit: 12891_HCN77BCXX-1_R2p_fastqc.html
[2022-08-05 11:10:31,536] multiqc                                            [DEBUG  ]  File ignored by rockhopper because it exceeded search pattern filesize limit: 12891_HCN77BCXX-1_R2p_fastqc.html
[2022-08-05 11:10:31,536] multiqc                                            [DEBUG  ]  File ignored by rseqc/bam_stat because it exceeded search pattern filesize limit: 12891_HCN77BCXX-1_R2p_fastqc.html
[2022-08-05 11:10:31,536] multiqc                                            [DEBUG  ]  File ignored by rseqc/junction_annotation because it exceeded search pattern filesize limit: 12891_HCN77BCXX-1_R2p_fastqc.html
[2022-08-05 11:10:31,536] multiqc                                            [DEBUG  ]  File ignored by rseqc/read_distribution because it exceeded search pattern filesize limit: 12891_HCN77BCXX-1_R2p_fastqc.html
[2022-08-05 11:10:31,536] multiqc                                            [DEBUG  ]  File ignored by rseqc/infer_experiment because it exceeded search pattern filesize limit: 12891_HCN77BCXX-1_R2p_fastqc.html
[2022-08-05 11:10:31,639] multiqc                                            [DEBUG  ]  Ignoring file as matched an ignore pattern: 12891_HCN77BCXX-1_R2p.fastq.gz
[2022-08-05 11:10:31,639] multiqc                                            [DEBUG  ]  Ignoring file as matched an ignore pattern: 12891_QCreads.md5
[2022-08-05 11:10:33,358] multiqc.plots.bargraph                             [DEBUG  ]  Using matplotlib version 3.3.4
[2022-08-05 11:10:33,592] multiqc.plots.linegraph                            [DEBUG  ]  Using matplotlib version 3.3.4
[2022-08-05 11:10:33,596] multiqc                                            [DEBUG  ]  No samples found: custom_content
[2022-08-05 11:10:33,602] multiqc                                            [DEBUG  ]  No samples found: ccs
[2022-08-05 11:10:33,610] multiqc                                            [DEBUG  ]  No samples found: ngsderive
[2022-08-05 11:10:33,615] multiqc                                            [DEBUG  ]  No samples found: purple
[2022-08-05 11:10:33,620] multiqc                                            [DEBUG  ]  No samples found: conpair
[2022-08-05 11:10:33,626] multiqc                                            [DEBUG  ]  No samples found: lima
[2022-08-05 11:10:33,632] multiqc                                            [DEBUG  ]  No samples found: peddy
[2022-08-05 11:10:33,640] multiqc                                            [DEBUG  ]  No samples found: somalier
[2022-08-05 11:10:33,645] multiqc                                            [DEBUG  ]  No samples found: methylQA
[2022-08-05 11:10:33,659] multiqc.modules.mosdepth.mosdepth                  [DEBUG  ]  include_contigs: []
[2022-08-05 11:10:33,659] multiqc.modules.mosdepth.mosdepth                  [DEBUG  ]  exclude_contigs: []
[2022-08-05 11:10:33,659] multiqc                                            [DEBUG  ]  No samples found: mosdepth
[2022-08-05 11:10:33,664] multiqc                                            [DEBUG  ]  No samples found: phantompeakqualtools
[2022-08-05 11:10:33,668] multiqc                                            [DEBUG  ]  No samples found: qualimap
[2022-08-05 11:10:33,674] multiqc                                            [DEBUG  ]  No samples found: preseq
[2022-08-05 11:10:33,680] multiqc                                            [DEBUG  ]  No samples found: quast
[2022-08-05 11:10:33,686] multiqc                                            [DEBUG  ]  No samples found: qorts
[2022-08-05 11:10:33,692] multiqc                                            [DEBUG  ]  No samples found: rna_seqc
[2022-08-05 11:10:33,698] multiqc                                            [DEBUG  ]  No samples found: rockhopper
[2022-08-05 11:10:33,704] multiqc                                            [DEBUG  ]  No samples found: rsem
[2022-08-05 11:10:33,731] multiqc                                            [DEBUG  ]  No samples found: rseqc
[2022-08-05 11:10:33,736] multiqc                                            [DEBUG  ]  No samples found: busco
[2022-08-05 11:10:33,743] multiqc                                            [DEBUG  ]  No samples found: bustools
[2022-08-05 11:10:33,748] multiqc                                            [DEBUG  ]  No samples found: goleft_indexcov
[2022-08-05 11:10:33,760] multiqc                                            [DEBUG  ]  No samples found: gffcompare
[2022-08-05 11:10:33,765] multiqc                                            [DEBUG  ]  No samples found: disambiguate
[2022-08-05 11:10:33,772] multiqc                                            [DEBUG  ]  No samples found: supernova
[2022-08-05 11:10:33,790] multiqc                                            [DEBUG  ]  No samples found: deeptools
[2022-08-05 11:10:33,795] multiqc                                            [DEBUG  ]  No samples found: sargasso
[2022-08-05 11:10:34,031] multiqc                                            [DEBUG  ]  No samples found: verifybamid
[2022-08-05 11:10:34,037] multiqc                                            [DEBUG  ]  No samples found: mirtrace
[2022-08-05 11:10:34,042] multiqc                                            [DEBUG  ]  No samples found: happy
[2022-08-05 11:10:34,048] multiqc                                            [DEBUG  ]  No samples found: mirtop
[2022-08-05 11:10:34,055] multiqc                                            [DEBUG  ]  No samples found: sambamba
[2022-08-05 11:10:34,064] multiqc                                            [DEBUG  ]  No samples found: homer
[2022-08-05 11:10:34,069] multiqc                                            [DEBUG  ]  No samples found: hops
[2022-08-05 11:10:34,074] multiqc                                            [DEBUG  ]  No samples found: macs2
[2022-08-05 11:10:34,080] multiqc                                            [DEBUG  ]  No samples found: theta2
[2022-08-05 11:10:34,086] multiqc                                            [DEBUG  ]  No samples found: snpeff
[2022-08-05 11:10:34,096] multiqc                                            [DEBUG  ]  No samples found: gatk
[2022-08-05 11:10:34,100] multiqc                                            [DEBUG  ]  No samples found: htseq
[2022-08-05 11:10:34,337] multiqc                                            [DEBUG  ]  No samples found: bcftools
[2022-08-05 11:10:34,341] multiqc                                            [DEBUG  ]  No samples found: featureCounts
[2022-08-05 11:10:34,348] multiqc                                            [DEBUG  ]  No samples found: fgbio
[2022-08-05 11:10:34,366] multiqc                                            [DEBUG  ]  No samples found: dragen
[2022-08-05 11:10:34,371] multiqc                                            [DEBUG  ]  No samples found: dedup
[2022-08-05 11:10:34,376] multiqc                                            [DEBUG  ]  No samples found: damageprofiler
[2022-08-05 11:10:34,416] multiqc                                            [DEBUG  ]  No samples found: biobambam2
[2022-08-05 11:10:34,421] multiqc                                            [DEBUG  ]  No samples found: jcvi
[2022-08-05 11:10:34,426] multiqc                                            [DEBUG  ]  No samples found: mtnucratio
[2022-08-05 11:10:34,428] multiqc                                            [DEBUG  ]  No samples found: picard
[2022-08-05 11:10:34,434] multiqc                                            [DEBUG  ]  No samples found: vep
[2022-08-05 11:10:34,444] multiqc                                            [DEBUG  ]  No samples found: sentieon
[2022-08-05 11:10:34,449] multiqc                                            [DEBUG  ]  No samples found: prokka
[2022-08-05 11:10:34,457] multiqc                                            [DEBUG  ]  No samples found: qc3C
[2022-08-05 11:10:34,462] multiqc                                            [DEBUG  ]  No samples found: nanostat
[2022-08-05 11:10:34,467] multiqc                                            [DEBUG  ]  No samples found: samblaster
[2022-08-05 11:10:34,477] multiqc                                            [DEBUG  ]  No samples found: samtools
[2022-08-05 11:10:34,482] multiqc                                            [DEBUG  ]  No samples found: sexdeterrmine
[2022-08-05 11:10:34,487] multiqc                                            [DEBUG  ]  No samples found: eigenstratdatabasetools
[2022-08-05 11:10:34,493] multiqc                                            [DEBUG  ]  No samples found: bamtools
[2022-08-05 11:10:34,498] multiqc                                            [DEBUG  ]  No samples found: jellyfish
[2022-08-05 11:10:34,506] multiqc                                            [DEBUG  ]  No samples found: vcftools
[2022-08-05 11:10:34,513] multiqc                                            [DEBUG  ]  No samples found: longranger
[2022-08-05 11:10:34,520] multiqc                                            [DEBUG  ]  No samples found: stacks
[2022-08-05 11:10:34,756] multiqc                                            [DEBUG  ]  No samples found: varscan2
[2022-08-05 11:10:34,762] multiqc                                            [DEBUG  ]  No samples found: snippy
[2022-08-05 11:10:34,782] multiqc                                            [DEBUG  ]  No samples found: bbmap
[2022-08-05 11:10:34,789] multiqc                                            [DEBUG  ]  No samples found: bismark
[2022-08-05 11:10:34,798] multiqc                                            [DEBUG  ]  No samples found: biscuit
[2022-08-05 11:10:34,803] multiqc                                            [DEBUG  ]  No samples found: hicexplorer
[2022-08-05 11:10:34,808] multiqc                                            [DEBUG  ]  No samples found: hicup
[2022-08-05 11:10:34,814] multiqc                                            [DEBUG  ]  No samples found: hicpro
[2022-08-05 11:10:34,818] multiqc                                            [DEBUG  ]  No samples found: salmon
[2022-08-05 11:10:34,823] multiqc                                            [DEBUG  ]  No samples found: kallisto
[2022-08-05 11:10:34,830] multiqc                                            [DEBUG  ]  No samples found: slamdunk
[2022-08-05 11:10:34,835] multiqc                                            [DEBUG  ]  No samples found: star
[2022-08-05 11:10:34,840] multiqc                                            [DEBUG  ]  No samples found: hisat2
[2022-08-05 11:10:34,845] multiqc                                            [DEBUG  ]  No samples found: tophat
[2022-08-05 11:10:34,850] multiqc                                            [DEBUG  ]  No samples found: bowtie2
[2022-08-05 11:10:34,855] multiqc                                            [DEBUG  ]  No samples found: bowtie1
[2022-08-05 11:10:34,860] multiqc                                            [DEBUG  ]  No samples found: snpsplit
[2022-08-05 11:10:34,866] multiqc                                            [DEBUG  ]  No samples found: odgi
[2022-08-05 11:10:34,871] multiqc                                            [DEBUG  ]  No samples found: pangolin
[2022-08-05 11:10:34,876] multiqc                                            [DEBUG  ]  No samples found: kat
[2022-08-05 11:10:34,881] multiqc                                            [DEBUG  ]  No samples found: leehom
[2022-08-05 11:10:34,886] multiqc                                            [DEBUG  ]  No samples found: adapterRemoval
[2022-08-05 11:10:34,891] multiqc                                            [DEBUG  ]  No samples found: clipandmerge
[2022-08-05 11:10:34,896] multiqc                                            [DEBUG  ]  No samples found: cutadapt
[2022-08-05 11:10:34,900] multiqc                                            [DEBUG  ]  No samples found: flexbar
[2022-08-05 11:10:34,906] multiqc                                            [DEBUG  ]  No samples found: kaiju
[2022-08-05 11:10:34,911] multiqc                                            [DEBUG  ]  No samples found: kraken
[2022-08-05 11:10:34,916] multiqc                                            [DEBUG  ]  No samples found: malt
[2022-08-05 11:10:34,921] multiqc                                            [DEBUG  ]  No samples found: trimmomatic
[2022-08-05 11:10:34,925] multiqc                                            [DEBUG  ]  No samples found: sickle
[2022-08-05 11:10:34,930] multiqc                                            [DEBUG  ]  No samples found: skewer
[2022-08-05 11:10:34,935] multiqc                                            [DEBUG  ]  No samples found: sortmerna
[2022-08-05 11:10:34,939] multiqc                                            [DEBUG  ]  No samples found: biobloomtools
[2022-08-05 11:10:34,945] multiqc                                            [DEBUG  ]  No samples found: fastq_screen
[2022-08-05 11:10:34,950] multiqc                                            [DEBUG  ]  No samples found: afterqc
[2022-08-05 11:10:34,955] multiqc                                            [DEBUG  ]  No samples found: fastp
[2022-08-05 11:10:35,491] multiqc.modules.fastqc.fastqc                      [INFO   ]  Found 4 reports
[2022-08-05 11:10:35,573] multiqc                                            [DEBUG  ]  No samples found: pychopper
[2022-08-05 11:10:35,579] multiqc                                            [DEBUG  ]  No samples found: pycoqc
[2022-08-05 11:10:35,815] multiqc                                            [DEBUG  ]  No samples found: minionqc
[2022-08-05 11:10:35,820] multiqc                                            [DEBUG  ]  No samples found: multivcfanalyzer
[2022-08-05 11:10:36,056] multiqc                                            [DEBUG  ]  No samples found: clusterflow
[2022-08-05 11:10:36,063] multiqc                                            [DEBUG  ]  No samples found: bcl2fastq
[2022-08-05 11:10:36,071] multiqc                                            [DEBUG  ]  No samples found: bclconvert
[2022-08-05 11:10:36,078] multiqc                                            [DEBUG  ]  No samples found: interop
[2022-08-05 11:10:36,082] multiqc                                            [DEBUG  ]  No samples found: ivar
[2022-08-05 11:10:36,088] multiqc                                            [DEBUG  ]  No samples found: flash
[2022-08-05 11:10:36,092] multiqc                                            [DEBUG  ]  No samples found: seqyclean
[2022-08-05 11:10:36,097] multiqc                                            [DEBUG  ]  No samples found: optitype
[2022-08-05 11:10:36,101] multiqc                                            [INFO   ]  Compressing plot data
[2022-08-05 11:10:36,180] multiqc                                            [INFO   ]  Report      : 12891_MGSD_CSIRO.qc.stats/multiqc_report.html
[2022-08-05 11:10:36,180] multiqc                                            [INFO   ]  Data        : 12891_MGSD_CSIRO.qc.stats/multiqc_data
[2022-08-05 11:10:36,180] multiqc                                            [DEBUG  ]  Moving data file from '/tmp/smi9a9.8585295/tmpb4elmmgi/multiqc_data' to '12891_MGSD_CSIRO.qc.stats/multiqc_data'
[2022-08-05 11:10:36,479] multiqc                                            [INFO   ]  MultiQC complete
