[2022-08-05 11:12:51,150] multiqc                                            [DEBUG  ]  This is MultiQC v1.11
[2022-08-05 11:12:51,152] multiqc                                            [DEBUG  ]  No MultiQC config found: /apps/multiqc/1.11/lib/python3.9/site-packages/multiqc_config.yaml
[2022-08-05 11:12:51,152] multiqc                                            [DEBUG  ]  No MultiQC config found: /home/smi9a9/.multiqc_config.yaml
[2022-08-05 11:12:51,160] multiqc                                            [DEBUG  ]  No MultiQC config found: multiqc_config.yaml
[2022-08-05 11:12:51,160] multiqc                                            [DEBUG  ]  Command used: /apps/multiqc/1.11/bin/multiqc ./401554_HL7J5DSX3-1_merged_fastqc.html ./401554_HL7J5DSX3-1_merged_fastqc.zip ./401554_HL7J5DSX3-1_merged.fastq.gz ./401554_HL7J5DSX3-1_R1p_fastqc.html ./401554_HL7J5DSX3-1_R1p_fastqc.zip ./401554_HL7J5DSX3-1_R1p.fastq.gz ./401554_HL7J5DSX3-1_R1R2u_fastqc.html ./401554_HL7J5DSX3-1_R1R2u_fastqc.zip ./401554_HL7J5DSX3-1_R1R2u.fastq.gz ./401554_HL7J5DSX3-1_R2p_fastqc.html ./401554_HL7J5DSX3-1_R2p_fastqc.zip ./401554_HL7J5DSX3-1_R2p.fastq.gz ./401554_QCreads.md5 -o 401554_MGSD_CSIRO.qc.stats
[2022-08-05 11:12:51,164] multiqc                                            [DEBUG  ]  Could not connect to multiqc.info for version check: <urlopen error [Errno 111] Connection refused>
[2022-08-05 11:12:51,164] multiqc                                            [DEBUG  ]  Command     : /apps/multiqc/1.11/bin/multiqc ./401554_HL7J5DSX3-1_merged_fastqc.html ./401554_HL7J5DSX3-1_merged_fastqc.zip ./401554_HL7J5DSX3-1_merged.fastq.gz ./401554_HL7J5DSX3-1_R1p_fastqc.html ./401554_HL7J5DSX3-1_R1p_fastqc.zip ./401554_HL7J5DSX3-1_R1p.fastq.gz ./401554_HL7J5DSX3-1_R1R2u_fastqc.html ./401554_HL7J5DSX3-1_R1R2u_fastqc.zip ./401554_HL7J5DSX3-1_R1R2u.fastq.gz ./401554_HL7J5DSX3-1_R2p_fastqc.html ./401554_HL7J5DSX3-1_R2p_fastqc.zip ./401554_HL7J5DSX3-1_R2p.fastq.gz ./401554_QCreads.md5 -o 401554_MGSD_CSIRO.qc.stats
[2022-08-05 11:12:51,164] multiqc                                            [DEBUG  ]  Working dir : /datasets/work/oa-amd/work/amd/Metagenome_QC_reads
[2022-08-05 11:12:51,164] multiqc                                            [DEBUG  ]  Template    : default
[2022-08-05 11:12:51,164] multiqc                                            [DEBUG  ]  Running Python 3.9.4 (default, Apr 25 2021, 16:13:27)  [GCC 10.3.0]
[2022-08-05 11:12:51,164] multiqc                                            [DEBUG  ]  Analysing modules: custom_content, ccs, ngsderive, purple, conpair, lima, peddy, somalier, methylQA, mosdepth, phantompeakqualtools, qualimap, preseq, quast, qorts, rna_seqc, rockhopper, rsem, rseqc, busco, bustools, goleft_indexcov, gffcompare, disambiguate, supernova, deeptools, sargasso, verifybamid, mirtrace, happy, mirtop, sambamba, homer, hops, macs2, theta2, snpeff, gatk, htseq, bcftools, featureCounts, fgbio, dragen, dedup, damageprofiler, biobambam2, jcvi, mtnucratio, picard, vep, sentieon, prokka, qc3C, nanostat, samblaster, samtools, sexdeterrmine, eigenstratdatabasetools, bamtools, jellyfish, vcftools, longranger, stacks, varscan2, snippy, bbmap, bismark, biscuit, hicexplorer, hicup, hicpro, salmon, kallisto, slamdunk, star, hisat2, tophat, bowtie2, bowtie1, snpsplit, odgi, pangolin, kat, leehom, adapterRemoval, clipandmerge, cutadapt, flexbar, kaiju, kraken, malt, trimmomatic, sickle, skewer, sortmerna, biobloomtools, fastq_screen, afterqc, fastp, fastqc, pychopper, pycoqc, minionqc, multivcfanalyzer, clusterflow, bcl2fastq, bclconvert, interop, ivar, flash, seqyclean, optitype
[2022-08-05 11:12:51,164] multiqc                                            [DEBUG  ]  Using temporary directory for creating report: /tmp/smi9a9.8585904/tmpd73vwnoe
[2022-08-05 11:12:51,240] multiqc                                            [INFO   ]  Search path : /datasets/work/oa-amd/work/amd/Metagenome_QC_reads/401554_HL7J5DSX3-1_merged_fastqc.html
[2022-08-05 11:12:51,241] multiqc                                            [INFO   ]  Search path : /datasets/work/oa-amd/work/amd/Metagenome_QC_reads/401554_HL7J5DSX3-1_merged_fastqc.zip
[2022-08-05 11:12:51,241] multiqc                                            [INFO   ]  Search path : /datasets/work/oa-amd/work/amd/Metagenome_QC_reads/401554_HL7J5DSX3-1_merged.fastq.gz
[2022-08-05 11:12:51,241] multiqc                                            [INFO   ]  Search path : /datasets/work/oa-amd/work/amd/Metagenome_QC_reads/401554_HL7J5DSX3-1_R1p_fastqc.html
[2022-08-05 11:12:51,241] multiqc                                            [INFO   ]  Search path : /datasets/work/oa-amd/work/amd/Metagenome_QC_reads/401554_HL7J5DSX3-1_R1p_fastqc.zip
[2022-08-05 11:12:51,241] multiqc                                            [INFO   ]  Search path : /datasets/work/oa-amd/work/amd/Metagenome_QC_reads/401554_HL7J5DSX3-1_R1p.fastq.gz
[2022-08-05 11:12:51,241] multiqc                                            [INFO   ]  Search path : /datasets/work/oa-amd/work/amd/Metagenome_QC_reads/401554_HL7J5DSX3-1_R1R2u_fastqc.html
[2022-08-05 11:12:51,241] multiqc                                            [INFO   ]  Search path : /datasets/work/oa-amd/work/amd/Metagenome_QC_reads/401554_HL7J5DSX3-1_R1R2u_fastqc.zip
[2022-08-05 11:12:51,241] multiqc                                            [INFO   ]  Search path : /datasets/work/oa-amd/work/amd/Metagenome_QC_reads/401554_HL7J5DSX3-1_R1R2u.fastq.gz
[2022-08-05 11:12:51,241] multiqc                                            [INFO   ]  Search path : /datasets/work/oa-amd/work/amd/Metagenome_QC_reads/401554_HL7J5DSX3-1_R2p_fastqc.html
[2022-08-05 11:12:51,241] multiqc                                            [INFO   ]  Search path : /datasets/work/oa-amd/work/amd/Metagenome_QC_reads/401554_HL7J5DSX3-1_R2p_fastqc.zip
[2022-08-05 11:12:51,241] multiqc                                            [INFO   ]  Search path : /datasets/work/oa-amd/work/amd/Metagenome_QC_reads/401554_HL7J5DSX3-1_R2p.fastq.gz
[2022-08-05 11:12:51,241] multiqc                                            [INFO   ]  Search path : /datasets/work/oa-amd/work/amd/Metagenome_QC_reads/401554_QCreads.md5
[2022-08-05 11:12:52,578] multiqc                                            [DEBUG  ]  File ignored by ccs/v4 because it exceeded search pattern filesize limit: 401554_HL7J5DSX3-1_merged_fastqc.html
[2022-08-05 11:12:52,612] multiqc                                            [DEBUG  ]  File ignored by hicexplorer because it exceeded search pattern filesize limit: 401554_HL7J5DSX3-1_merged_fastqc.html
[2022-08-05 11:12:52,613] multiqc                                            [DEBUG  ]  File ignored by nanostat because it exceeded search pattern filesize limit: 401554_HL7J5DSX3-1_merged_fastqc.html
[2022-08-05 11:12:52,614] multiqc                                            [DEBUG  ]  File ignored by lima/summary because it exceeded search pattern filesize limit: 401554_HL7J5DSX3-1_merged_fastqc.html
[2022-08-05 11:12:52,638] multiqc                                            [DEBUG  ]  File ignored by vep/vep_txt because it exceeded search pattern filesize limit: 401554_HL7J5DSX3-1_merged_fastqc.html
[2022-08-05 11:12:52,638] multiqc                                            [DEBUG  ]  File ignored by longranger/invocation because it exceeded search pattern filesize limit: 401554_HL7J5DSX3-1_merged_fastqc.html
[2022-08-05 11:12:52,638] multiqc                                            [DEBUG  ]  File ignored by rockhopper because it exceeded search pattern filesize limit: 401554_HL7J5DSX3-1_merged_fastqc.html
[2022-08-05 11:12:52,638] multiqc                                            [DEBUG  ]  File ignored by rseqc/bam_stat because it exceeded search pattern filesize limit: 401554_HL7J5DSX3-1_merged_fastqc.html
[2022-08-05 11:12:52,638] multiqc                                            [DEBUG  ]  File ignored by rseqc/junction_annotation because it exceeded search pattern filesize limit: 401554_HL7J5DSX3-1_merged_fastqc.html
[2022-08-05 11:12:52,638] multiqc                                            [DEBUG  ]  File ignored by rseqc/read_distribution because it exceeded search pattern filesize limit: 401554_HL7J5DSX3-1_merged_fastqc.html
[2022-08-05 11:12:52,638] multiqc                                            [DEBUG  ]  File ignored by rseqc/infer_experiment because it exceeded search pattern filesize limit: 401554_HL7J5DSX3-1_merged_fastqc.html
[2022-08-05 11:12:53,062] multiqc                                            [DEBUG  ]  Ignoring file as matched an ignore pattern: 401554_HL7J5DSX3-1_merged.fastq.gz
[2022-08-05 11:12:53,745] multiqc                                            [DEBUG  ]  File ignored by ccs/v4 because it exceeded search pattern filesize limit: 401554_HL7J5DSX3-1_R1p_fastqc.html
[2022-08-05 11:12:53,757] multiqc                                            [DEBUG  ]  File ignored by hicexplorer because it exceeded search pattern filesize limit: 401554_HL7J5DSX3-1_R1p_fastqc.html
[2022-08-05 11:12:53,758] multiqc                                            [DEBUG  ]  File ignored by nanostat because it exceeded search pattern filesize limit: 401554_HL7J5DSX3-1_R1p_fastqc.html
[2022-08-05 11:12:53,759] multiqc                                            [DEBUG  ]  File ignored by lima/summary because it exceeded search pattern filesize limit: 401554_HL7J5DSX3-1_R1p_fastqc.html
[2022-08-05 11:12:53,781] multiqc                                            [DEBUG  ]  File ignored by vep/vep_txt because it exceeded search pattern filesize limit: 401554_HL7J5DSX3-1_R1p_fastqc.html
[2022-08-05 11:12:53,781] multiqc                                            [DEBUG  ]  File ignored by longranger/invocation because it exceeded search pattern filesize limit: 401554_HL7J5DSX3-1_R1p_fastqc.html
[2022-08-05 11:12:53,781] multiqc                                            [DEBUG  ]  File ignored by rockhopper because it exceeded search pattern filesize limit: 401554_HL7J5DSX3-1_R1p_fastqc.html
[2022-08-05 11:12:53,781] multiqc                                            [DEBUG  ]  File ignored by rseqc/bam_stat because it exceeded search pattern filesize limit: 401554_HL7J5DSX3-1_R1p_fastqc.html
[2022-08-05 11:12:53,781] multiqc                                            [DEBUG  ]  File ignored by rseqc/junction_annotation because it exceeded search pattern filesize limit: 401554_HL7J5DSX3-1_R1p_fastqc.html
[2022-08-05 11:12:53,781] multiqc                                            [DEBUG  ]  File ignored by rseqc/read_distribution because it exceeded search pattern filesize limit: 401554_HL7J5DSX3-1_R1p_fastqc.html
[2022-08-05 11:12:53,781] multiqc                                            [DEBUG  ]  File ignored by rseqc/infer_experiment because it exceeded search pattern filesize limit: 401554_HL7J5DSX3-1_R1p_fastqc.html
[2022-08-05 11:12:54,633] multiqc                                            [DEBUG  ]  Ignoring file as matched an ignore pattern: 401554_HL7J5DSX3-1_R1p.fastq.gz
[2022-08-05 11:12:54,688] multiqc                                            [DEBUG  ]  File ignored by ccs/v4 because it exceeded search pattern filesize limit: 401554_HL7J5DSX3-1_R1R2u_fastqc.html
[2022-08-05 11:12:54,698] multiqc                                            [DEBUG  ]  File ignored by hicexplorer because it exceeded search pattern filesize limit: 401554_HL7J5DSX3-1_R1R2u_fastqc.html
[2022-08-05 11:12:54,699] multiqc                                            [DEBUG  ]  File ignored by nanostat because it exceeded search pattern filesize limit: 401554_HL7J5DSX3-1_R1R2u_fastqc.html
[2022-08-05 11:12:54,699] multiqc                                            [DEBUG  ]  File ignored by lima/summary because it exceeded search pattern filesize limit: 401554_HL7J5DSX3-1_R1R2u_fastqc.html
[2022-08-05 11:12:54,721] multiqc                                            [DEBUG  ]  File ignored by vep/vep_txt because it exceeded search pattern filesize limit: 401554_HL7J5DSX3-1_R1R2u_fastqc.html
[2022-08-05 11:12:54,721] multiqc                                            [DEBUG  ]  File ignored by longranger/invocation because it exceeded search pattern filesize limit: 401554_HL7J5DSX3-1_R1R2u_fastqc.html
[2022-08-05 11:12:54,721] multiqc                                            [DEBUG  ]  File ignored by rockhopper because it exceeded search pattern filesize limit: 401554_HL7J5DSX3-1_R1R2u_fastqc.html
[2022-08-05 11:12:54,722] multiqc                                            [DEBUG  ]  File ignored by rseqc/bam_stat because it exceeded search pattern filesize limit: 401554_HL7J5DSX3-1_R1R2u_fastqc.html
[2022-08-05 11:12:54,722] multiqc                                            [DEBUG  ]  File ignored by rseqc/junction_annotation because it exceeded search pattern filesize limit: 401554_HL7J5DSX3-1_R1R2u_fastqc.html
[2022-08-05 11:12:54,722] multiqc                                            [DEBUG  ]  File ignored by rseqc/read_distribution because it exceeded search pattern filesize limit: 401554_HL7J5DSX3-1_R1R2u_fastqc.html
[2022-08-05 11:12:54,722] multiqc                                            [DEBUG  ]  File ignored by rseqc/infer_experiment because it exceeded search pattern filesize limit: 401554_HL7J5DSX3-1_R1R2u_fastqc.html
[2022-08-05 11:12:54,826] multiqc                                            [DEBUG  ]  Ignoring file as matched an ignore pattern: 401554_HL7J5DSX3-1_R1R2u.fastq.gz
[2022-08-05 11:12:54,915] multiqc                                            [DEBUG  ]  File ignored by ccs/v4 because it exceeded search pattern filesize limit: 401554_HL7J5DSX3-1_R2p_fastqc.html
[2022-08-05 11:12:54,929] multiqc                                            [DEBUG  ]  File ignored by hicexplorer because it exceeded search pattern filesize limit: 401554_HL7J5DSX3-1_R2p_fastqc.html
[2022-08-05 11:12:54,931] multiqc                                            [DEBUG  ]  File ignored by nanostat because it exceeded search pattern filesize limit: 401554_HL7J5DSX3-1_R2p_fastqc.html
[2022-08-05 11:12:54,931] multiqc                                            [DEBUG  ]  File ignored by lima/summary because it exceeded search pattern filesize limit: 401554_HL7J5DSX3-1_R2p_fastqc.html
[2022-08-05 11:12:55,019] multiqc                                            [DEBUG  ]  File ignored by vep/vep_txt because it exceeded search pattern filesize limit: 401554_HL7J5DSX3-1_R2p_fastqc.html
[2022-08-05 11:12:55,019] multiqc                                            [DEBUG  ]  File ignored by longranger/invocation because it exceeded search pattern filesize limit: 401554_HL7J5DSX3-1_R2p_fastqc.html
[2022-08-05 11:12:55,019] multiqc                                            [DEBUG  ]  File ignored by rockhopper because it exceeded search pattern filesize limit: 401554_HL7J5DSX3-1_R2p_fastqc.html
[2022-08-05 11:12:55,019] multiqc                                            [DEBUG  ]  File ignored by rseqc/bam_stat because it exceeded search pattern filesize limit: 401554_HL7J5DSX3-1_R2p_fastqc.html
[2022-08-05 11:12:55,019] multiqc                                            [DEBUG  ]  File ignored by rseqc/junction_annotation because it exceeded search pattern filesize limit: 401554_HL7J5DSX3-1_R2p_fastqc.html
[2022-08-05 11:12:55,019] multiqc                                            [DEBUG  ]  File ignored by rseqc/read_distribution because it exceeded search pattern filesize limit: 401554_HL7J5DSX3-1_R2p_fastqc.html
[2022-08-05 11:12:55,019] multiqc                                            [DEBUG  ]  File ignored by rseqc/infer_experiment because it exceeded search pattern filesize limit: 401554_HL7J5DSX3-1_R2p_fastqc.html
[2022-08-05 11:12:55,805] multiqc                                            [DEBUG  ]  Ignoring file as matched an ignore pattern: 401554_HL7J5DSX3-1_R2p.fastq.gz
[2022-08-05 11:12:55,807] multiqc                                            [DEBUG  ]  Ignoring file as matched an ignore pattern: 401554_QCreads.md5
[2022-08-05 11:12:58,095] multiqc.plots.bargraph                             [DEBUG  ]  Using matplotlib version 3.3.4
[2022-08-05 11:12:58,099] multiqc.plots.linegraph                            [DEBUG  ]  Using matplotlib version 3.3.4
[2022-08-05 11:12:58,103] multiqc                                            [DEBUG  ]  No samples found: custom_content
[2022-08-05 11:12:58,109] multiqc                                            [DEBUG  ]  No samples found: ccs
[2022-08-05 11:12:58,115] multiqc                                            [DEBUG  ]  No samples found: ngsderive
[2022-08-05 11:12:58,121] multiqc                                            [DEBUG  ]  No samples found: purple
[2022-08-05 11:12:58,126] multiqc                                            [DEBUG  ]  No samples found: conpair
[2022-08-05 11:12:58,132] multiqc                                            [DEBUG  ]  No samples found: lima
[2022-08-05 11:12:58,137] multiqc                                            [DEBUG  ]  No samples found: peddy
[2022-08-05 11:12:58,145] multiqc                                            [DEBUG  ]  No samples found: somalier
[2022-08-05 11:12:58,150] multiqc                                            [DEBUG  ]  No samples found: methylQA
[2022-08-05 11:12:58,162] multiqc.modules.mosdepth.mosdepth                  [DEBUG  ]  include_contigs: []
[2022-08-05 11:12:58,162] multiqc.modules.mosdepth.mosdepth                  [DEBUG  ]  exclude_contigs: []
[2022-08-05 11:12:58,162] multiqc                                            [DEBUG  ]  No samples found: mosdepth
[2022-08-05 11:12:58,167] multiqc                                            [DEBUG  ]  No samples found: phantompeakqualtools
[2022-08-05 11:12:58,170] multiqc                                            [DEBUG  ]  No samples found: qualimap
[2022-08-05 11:12:58,177] multiqc                                            [DEBUG  ]  No samples found: preseq
[2022-08-05 11:12:58,183] multiqc                                            [DEBUG  ]  No samples found: quast
[2022-08-05 11:12:58,188] multiqc                                            [DEBUG  ]  No samples found: qorts
[2022-08-05 11:12:58,194] multiqc                                            [DEBUG  ]  No samples found: rna_seqc
[2022-08-05 11:12:58,431] multiqc                                            [DEBUG  ]  No samples found: rockhopper
[2022-08-05 11:12:58,436] multiqc                                            [DEBUG  ]  No samples found: rsem
[2022-08-05 11:12:58,455] multiqc                                            [DEBUG  ]  No samples found: rseqc
[2022-08-05 11:12:58,461] multiqc                                            [DEBUG  ]  No samples found: busco
[2022-08-05 11:12:58,468] multiqc                                            [DEBUG  ]  No samples found: bustools
[2022-08-05 11:12:58,474] multiqc                                            [DEBUG  ]  No samples found: goleft_indexcov
[2022-08-05 11:12:58,480] multiqc                                            [DEBUG  ]  No samples found: gffcompare
[2022-08-05 11:12:58,485] multiqc                                            [DEBUG  ]  No samples found: disambiguate
[2022-08-05 11:12:58,492] multiqc                                            [DEBUG  ]  No samples found: supernova
[2022-08-05 11:12:58,511] multiqc                                            [DEBUG  ]  No samples found: deeptools
[2022-08-05 11:12:58,517] multiqc                                            [DEBUG  ]  No samples found: sargasso
[2022-08-05 11:12:58,523] multiqc                                            [DEBUG  ]  No samples found: verifybamid
[2022-08-05 11:12:58,759] multiqc                                            [DEBUG  ]  No samples found: mirtrace
[2022-08-05 11:12:58,765] multiqc                                            [DEBUG  ]  No samples found: happy
[2022-08-05 11:12:58,770] multiqc                                            [DEBUG  ]  No samples found: mirtop
[2022-08-05 11:12:58,777] multiqc                                            [DEBUG  ]  No samples found: sambamba
[2022-08-05 11:12:58,789] multiqc                                            [DEBUG  ]  No samples found: homer
[2022-08-05 11:12:58,793] multiqc                                            [DEBUG  ]  No samples found: hops
[2022-08-05 11:12:58,798] multiqc                                            [DEBUG  ]  No samples found: macs2
[2022-08-05 11:12:58,804] multiqc                                            [DEBUG  ]  No samples found: theta2
[2022-08-05 11:12:58,810] multiqc                                            [DEBUG  ]  No samples found: snpeff
[2022-08-05 11:12:58,822] multiqc                                            [DEBUG  ]  No samples found: gatk
[2022-08-05 11:12:58,829] multiqc                                            [DEBUG  ]  No samples found: htseq
[2022-08-05 11:12:58,839] multiqc                                            [DEBUG  ]  No samples found: bcftools
[2022-08-05 11:12:58,849] multiqc                                            [DEBUG  ]  No samples found: featureCounts
[2022-08-05 11:12:58,865] multiqc                                            [DEBUG  ]  No samples found: fgbio
[2022-08-05 11:12:58,916] multiqc                                            [DEBUG  ]  No samples found: dragen
[2022-08-05 11:12:58,922] multiqc                                            [DEBUG  ]  No samples found: dedup
[2022-08-05 11:12:58,929] multiqc                                            [DEBUG  ]  No samples found: damageprofiler
[2022-08-05 11:12:59,003] multiqc                                            [DEBUG  ]  No samples found: biobambam2
[2022-08-05 11:12:59,011] multiqc                                            [DEBUG  ]  No samples found: jcvi
[2022-08-05 11:12:59,018] multiqc                                            [DEBUG  ]  No samples found: mtnucratio
[2022-08-05 11:12:59,020] multiqc                                            [DEBUG  ]  No samples found: picard
[2022-08-05 11:12:59,026] multiqc                                            [DEBUG  ]  No samples found: vep
[2022-08-05 11:12:59,043] multiqc                                            [DEBUG  ]  No samples found: sentieon
[2022-08-05 11:12:59,059] multiqc                                            [DEBUG  ]  No samples found: prokka
[2022-08-05 11:12:59,069] multiqc                                            [DEBUG  ]  No samples found: qc3C
[2022-08-05 11:12:59,077] multiqc                                            [DEBUG  ]  No samples found: nanostat
[2022-08-05 11:12:59,083] multiqc                                            [DEBUG  ]  No samples found: samblaster
[2022-08-05 11:12:59,097] multiqc                                            [DEBUG  ]  No samples found: samtools
[2022-08-05 11:12:59,103] multiqc                                            [DEBUG  ]  No samples found: sexdeterrmine
[2022-08-05 11:12:59,109] multiqc                                            [DEBUG  ]  No samples found: eigenstratdatabasetools
[2022-08-05 11:12:59,346] multiqc                                            [DEBUG  ]  No samples found: bamtools
[2022-08-05 11:12:59,355] multiqc                                            [DEBUG  ]  No samples found: jellyfish
[2022-08-05 11:12:59,368] multiqc                                            [DEBUG  ]  No samples found: vcftools
[2022-08-05 11:12:59,376] multiqc                                            [DEBUG  ]  No samples found: longranger
[2022-08-05 11:12:59,384] multiqc                                            [DEBUG  ]  No samples found: stacks
[2022-08-05 11:12:59,394] multiqc                                            [DEBUG  ]  No samples found: varscan2
[2022-08-05 11:12:59,631] multiqc                                            [DEBUG  ]  No samples found: snippy
[2022-08-05 11:12:59,655] multiqc                                            [DEBUG  ]  No samples found: bbmap
[2022-08-05 11:12:59,662] multiqc                                            [DEBUG  ]  No samples found: bismark
[2022-08-05 11:12:59,672] multiqc                                            [DEBUG  ]  No samples found: biscuit
[2022-08-05 11:12:59,678] multiqc                                            [DEBUG  ]  No samples found: hicexplorer
[2022-08-05 11:12:59,684] multiqc                                            [DEBUG  ]  No samples found: hicup
[2022-08-05 11:12:59,689] multiqc                                            [DEBUG  ]  No samples found: hicpro
[2022-08-05 11:12:59,694] multiqc                                            [DEBUG  ]  No samples found: salmon
[2022-08-05 11:12:59,705] multiqc                                            [DEBUG  ]  No samples found: kallisto
[2022-08-05 11:12:59,712] multiqc                                            [DEBUG  ]  No samples found: slamdunk
[2022-08-05 11:12:59,717] multiqc                                            [DEBUG  ]  No samples found: star
[2022-08-05 11:12:59,722] multiqc                                            [DEBUG  ]  No samples found: hisat2
[2022-08-05 11:12:59,727] multiqc                                            [DEBUG  ]  No samples found: tophat
[2022-08-05 11:12:59,732] multiqc                                            [DEBUG  ]  No samples found: bowtie2
[2022-08-05 11:12:59,737] multiqc                                            [DEBUG  ]  No samples found: bowtie1
[2022-08-05 11:12:59,742] multiqc                                            [DEBUG  ]  No samples found: snpsplit
[2022-08-05 11:12:59,979] multiqc                                            [DEBUG  ]  No samples found: odgi
[2022-08-05 11:12:59,987] multiqc                                            [DEBUG  ]  No samples found: pangolin
[2022-08-05 11:12:59,993] multiqc                                            [DEBUG  ]  No samples found: kat
[2022-08-05 11:12:59,998] multiqc                                            [DEBUG  ]  No samples found: leehom
[2022-08-05 11:13:00,005] multiqc                                            [DEBUG  ]  No samples found: adapterRemoval
[2022-08-05 11:13:00,010] multiqc                                            [DEBUG  ]  No samples found: clipandmerge
[2022-08-05 11:13:00,016] multiqc                                            [DEBUG  ]  No samples found: cutadapt
[2022-08-05 11:13:00,022] multiqc                                            [DEBUG  ]  No samples found: flexbar
[2022-08-05 11:13:00,028] multiqc                                            [DEBUG  ]  No samples found: kaiju
[2022-08-05 11:13:00,036] multiqc                                            [DEBUG  ]  No samples found: kraken
[2022-08-05 11:13:00,041] multiqc                                            [DEBUG  ]  No samples found: malt
[2022-08-05 11:13:00,047] multiqc                                            [DEBUG  ]  No samples found: trimmomatic
[2022-08-05 11:13:00,054] multiqc                                            [DEBUG  ]  No samples found: sickle
[2022-08-05 11:13:00,060] multiqc                                            [DEBUG  ]  No samples found: skewer
[2022-08-05 11:13:00,066] multiqc                                            [DEBUG  ]  No samples found: sortmerna
[2022-08-05 11:13:00,302] multiqc                                            [DEBUG  ]  No samples found: biobloomtools
[2022-08-05 11:13:00,308] multiqc                                            [DEBUG  ]  No samples found: fastq_screen
[2022-08-05 11:13:00,313] multiqc                                            [DEBUG  ]  No samples found: afterqc
[2022-08-05 11:13:00,320] multiqc                                            [DEBUG  ]  No samples found: fastp
[2022-08-05 11:13:01,488] multiqc.modules.fastqc.fastqc                      [INFO   ]  Found 4 reports
[2022-08-05 11:13:01,538] multiqc                                            [DEBUG  ]  No samples found: pychopper
[2022-08-05 11:13:01,544] multiqc                                            [DEBUG  ]  No samples found: pycoqc
[2022-08-05 11:13:01,550] multiqc                                            [DEBUG  ]  No samples found: minionqc
[2022-08-05 11:13:01,555] multiqc                                            [DEBUG  ]  No samples found: multivcfanalyzer
[2022-08-05 11:13:01,561] multiqc                                            [DEBUG  ]  No samples found: clusterflow
[2022-08-05 11:13:01,568] multiqc                                            [DEBUG  ]  No samples found: bcl2fastq
[2022-08-05 11:13:01,576] multiqc                                            [DEBUG  ]  No samples found: bclconvert
[2022-08-05 11:13:01,583] multiqc                                            [DEBUG  ]  No samples found: interop
[2022-08-05 11:13:01,589] multiqc                                            [DEBUG  ]  No samples found: ivar
[2022-08-05 11:13:01,594] multiqc                                            [DEBUG  ]  No samples found: flash
[2022-08-05 11:13:01,600] multiqc                                            [DEBUG  ]  No samples found: seqyclean
[2022-08-05 11:13:01,607] multiqc                                            [DEBUG  ]  No samples found: optitype
[2022-08-05 11:13:01,611] multiqc                                            [INFO   ]  Compressing plot data
[2022-08-05 11:13:08,325] multiqc                                            [INFO   ]  Report      : 401554_MGSD_CSIRO.qc.stats/multiqc_report.html
[2022-08-05 11:13:08,325] multiqc                                            [INFO   ]  Data        : 401554_MGSD_CSIRO.qc.stats/multiqc_data
[2022-08-05 11:13:08,325] multiqc                                            [DEBUG  ]  Moving data file from '/tmp/smi9a9.8585904/tmpd73vwnoe/multiqc_data' to '401554_MGSD_CSIRO.qc.stats/multiqc_data'
[2022-08-05 11:13:09,261] multiqc                                            [INFO   ]  MultiQC complete
