[2022-08-05 11:07:40,633] multiqc                                            [DEBUG  ]  This is MultiQC v1.11
[2022-08-05 11:07:40,633] multiqc                                            [DEBUG  ]  No MultiQC config found: /apps/multiqc/1.11/lib/python3.9/site-packages/multiqc_config.yaml
[2022-08-05 11:07:40,634] multiqc                                            [DEBUG  ]  No MultiQC config found: /home/smi9a9/.multiqc_config.yaml
[2022-08-05 11:07:40,635] multiqc                                            [DEBUG  ]  No MultiQC config found: multiqc_config.yaml
[2022-08-05 11:07:40,635] multiqc                                            [DEBUG  ]  Command used: /apps/multiqc/1.11/bin/multiqc ./401588_HL7J5DSX3-1_merged_fastqc.html ./401588_HL7J5DSX3-1_merged_fastqc.zip ./401588_HL7J5DSX3-1_merged.fastq.gz ./401588_HL7J5DSX3-1_R1p_fastqc.html ./401588_HL7J5DSX3-1_R1p_fastqc.zip ./401588_HL7J5DSX3-1_R1p.fastq.gz ./401588_HL7J5DSX3-1_R1R2u_fastqc.html ./401588_HL7J5DSX3-1_R1R2u_fastqc.zip ./401588_HL7J5DSX3-1_R1R2u.fastq.gz ./401588_HL7J5DSX3-1_R2p_fastqc.html ./401588_HL7J5DSX3-1_R2p_fastqc.zip ./401588_HL7J5DSX3-1_R2p.fastq.gz ./401588_QCreads.md5 -o 401588_MGSD_CSIRO.qc.stats
[2022-08-05 11:07:40,637] multiqc                                            [DEBUG  ]  Could not connect to multiqc.info for version check: <urlopen error [Errno 111] Connection refused>
[2022-08-05 11:07:40,637] multiqc                                            [DEBUG  ]  Command     : /apps/multiqc/1.11/bin/multiqc ./401588_HL7J5DSX3-1_merged_fastqc.html ./401588_HL7J5DSX3-1_merged_fastqc.zip ./401588_HL7J5DSX3-1_merged.fastq.gz ./401588_HL7J5DSX3-1_R1p_fastqc.html ./401588_HL7J5DSX3-1_R1p_fastqc.zip ./401588_HL7J5DSX3-1_R1p.fastq.gz ./401588_HL7J5DSX3-1_R1R2u_fastqc.html ./401588_HL7J5DSX3-1_R1R2u_fastqc.zip ./401588_HL7J5DSX3-1_R1R2u.fastq.gz ./401588_HL7J5DSX3-1_R2p_fastqc.html ./401588_HL7J5DSX3-1_R2p_fastqc.zip ./401588_HL7J5DSX3-1_R2p.fastq.gz ./401588_QCreads.md5 -o 401588_MGSD_CSIRO.qc.stats
[2022-08-05 11:07:40,637] multiqc                                            [DEBUG  ]  Working dir : /datasets/work/oa-amd/work/amd/Metagenome_QC_reads
[2022-08-05 11:07:40,637] multiqc                                            [DEBUG  ]  Template    : default
[2022-08-05 11:07:40,637] multiqc                                            [DEBUG  ]  Running Python 3.9.4 (default, Apr 25 2021, 16:13:27)  [GCC 10.3.0]
[2022-08-05 11:07:40,638] multiqc                                            [DEBUG  ]  Analysing modules: custom_content, ccs, ngsderive, purple, conpair, lima, peddy, somalier, methylQA, mosdepth, phantompeakqualtools, qualimap, preseq, quast, qorts, rna_seqc, rockhopper, rsem, rseqc, busco, bustools, goleft_indexcov, gffcompare, disambiguate, supernova, deeptools, sargasso, verifybamid, mirtrace, happy, mirtop, sambamba, homer, hops, macs2, theta2, snpeff, gatk, htseq, bcftools, featureCounts, fgbio, dragen, dedup, damageprofiler, biobambam2, jcvi, mtnucratio, picard, vep, sentieon, prokka, qc3C, nanostat, samblaster, samtools, sexdeterrmine, eigenstratdatabasetools, bamtools, jellyfish, vcftools, longranger, stacks, varscan2, snippy, bbmap, bismark, biscuit, hicexplorer, hicup, hicpro, salmon, kallisto, slamdunk, star, hisat2, tophat, bowtie2, bowtie1, snpsplit, odgi, pangolin, kat, leehom, adapterRemoval, clipandmerge, cutadapt, flexbar, kaiju, kraken, malt, trimmomatic, sickle, skewer, sortmerna, biobloomtools, fastq_screen, afterqc, fastp, fastqc, pychopper, pycoqc, minionqc, multivcfanalyzer, clusterflow, bcl2fastq, bclconvert, interop, ivar, flash, seqyclean, optitype
[2022-08-05 11:07:40,638] multiqc                                            [DEBUG  ]  Using temporary directory for creating report: /tmp/smi9a9.8584795/tmpjgyr1c6j
[2022-08-05 11:07:40,698] multiqc                                            [INFO   ]  Search path : /datasets/work/oa-amd/work/amd/Metagenome_QC_reads/401588_HL7J5DSX3-1_merged_fastqc.html
[2022-08-05 11:07:40,698] multiqc                                            [INFO   ]  Search path : /datasets/work/oa-amd/work/amd/Metagenome_QC_reads/401588_HL7J5DSX3-1_merged_fastqc.zip
[2022-08-05 11:07:40,698] multiqc                                            [INFO   ]  Search path : /datasets/work/oa-amd/work/amd/Metagenome_QC_reads/401588_HL7J5DSX3-1_merged.fastq.gz
[2022-08-05 11:07:40,698] multiqc                                            [INFO   ]  Search path : /datasets/work/oa-amd/work/amd/Metagenome_QC_reads/401588_HL7J5DSX3-1_R1p_fastqc.html
[2022-08-05 11:07:40,698] multiqc                                            [INFO   ]  Search path : /datasets/work/oa-amd/work/amd/Metagenome_QC_reads/401588_HL7J5DSX3-1_R1p_fastqc.zip
[2022-08-05 11:07:40,698] multiqc                                            [INFO   ]  Search path : /datasets/work/oa-amd/work/amd/Metagenome_QC_reads/401588_HL7J5DSX3-1_R1p.fastq.gz
[2022-08-05 11:07:40,698] multiqc                                            [INFO   ]  Search path : /datasets/work/oa-amd/work/amd/Metagenome_QC_reads/401588_HL7J5DSX3-1_R1R2u_fastqc.html
[2022-08-05 11:07:40,698] multiqc                                            [INFO   ]  Search path : /datasets/work/oa-amd/work/amd/Metagenome_QC_reads/401588_HL7J5DSX3-1_R1R2u_fastqc.zip
[2022-08-05 11:07:40,698] multiqc                                            [INFO   ]  Search path : /datasets/work/oa-amd/work/amd/Metagenome_QC_reads/401588_HL7J5DSX3-1_R1R2u.fastq.gz
[2022-08-05 11:07:40,698] multiqc                                            [INFO   ]  Search path : /datasets/work/oa-amd/work/amd/Metagenome_QC_reads/401588_HL7J5DSX3-1_R2p_fastqc.html
[2022-08-05 11:07:40,699] multiqc                                            [INFO   ]  Search path : /datasets/work/oa-amd/work/amd/Metagenome_QC_reads/401588_HL7J5DSX3-1_R2p_fastqc.zip
[2022-08-05 11:07:40,699] multiqc                                            [INFO   ]  Search path : /datasets/work/oa-amd/work/amd/Metagenome_QC_reads/401588_HL7J5DSX3-1_R2p.fastq.gz
[2022-08-05 11:07:40,699] multiqc                                            [INFO   ]  Search path : /datasets/work/oa-amd/work/amd/Metagenome_QC_reads/401588_QCreads.md5
[2022-08-05 11:07:40,765] multiqc                                            [DEBUG  ]  File ignored by ccs/v4 because it exceeded search pattern filesize limit: 401588_HL7J5DSX3-1_merged_fastqc.html
[2022-08-05 11:07:40,770] multiqc                                            [DEBUG  ]  File ignored by hicexplorer because it exceeded search pattern filesize limit: 401588_HL7J5DSX3-1_merged_fastqc.html
[2022-08-05 11:07:40,771] multiqc                                            [DEBUG  ]  File ignored by nanostat because it exceeded search pattern filesize limit: 401588_HL7J5DSX3-1_merged_fastqc.html
[2022-08-05 11:07:40,771] multiqc                                            [DEBUG  ]  File ignored by lima/summary because it exceeded search pattern filesize limit: 401588_HL7J5DSX3-1_merged_fastqc.html
[2022-08-05 11:07:40,779] multiqc                                            [DEBUG  ]  File ignored by vep/vep_txt because it exceeded search pattern filesize limit: 401588_HL7J5DSX3-1_merged_fastqc.html
[2022-08-05 11:07:40,779] multiqc                                            [DEBUG  ]  File ignored by longranger/invocation because it exceeded search pattern filesize limit: 401588_HL7J5DSX3-1_merged_fastqc.html
[2022-08-05 11:07:40,779] multiqc                                            [DEBUG  ]  File ignored by rockhopper because it exceeded search pattern filesize limit: 401588_HL7J5DSX3-1_merged_fastqc.html
[2022-08-05 11:07:40,779] multiqc                                            [DEBUG  ]  File ignored by rseqc/bam_stat because it exceeded search pattern filesize limit: 401588_HL7J5DSX3-1_merged_fastqc.html
[2022-08-05 11:07:40,779] multiqc                                            [DEBUG  ]  File ignored by rseqc/junction_annotation because it exceeded search pattern filesize limit: 401588_HL7J5DSX3-1_merged_fastqc.html
[2022-08-05 11:07:40,779] multiqc                                            [DEBUG  ]  File ignored by rseqc/read_distribution because it exceeded search pattern filesize limit: 401588_HL7J5DSX3-1_merged_fastqc.html
[2022-08-05 11:07:40,779] multiqc                                            [DEBUG  ]  File ignored by rseqc/infer_experiment because it exceeded search pattern filesize limit: 401588_HL7J5DSX3-1_merged_fastqc.html
[2022-08-05 11:07:40,851] multiqc                                            [DEBUG  ]  Ignoring file as matched an ignore pattern: 401588_HL7J5DSX3-1_merged.fastq.gz
[2022-08-05 11:07:41,135] multiqc                                            [DEBUG  ]  File ignored by ccs/v4 because it exceeded search pattern filesize limit: 401588_HL7J5DSX3-1_R1p_fastqc.html
[2022-08-05 11:07:41,152] multiqc                                            [DEBUG  ]  File ignored by hicexplorer because it exceeded search pattern filesize limit: 401588_HL7J5DSX3-1_R1p_fastqc.html
[2022-08-05 11:07:41,152] multiqc                                            [DEBUG  ]  File ignored by nanostat because it exceeded search pattern filesize limit: 401588_HL7J5DSX3-1_R1p_fastqc.html
[2022-08-05 11:07:41,152] multiqc                                            [DEBUG  ]  File ignored by lima/summary because it exceeded search pattern filesize limit: 401588_HL7J5DSX3-1_R1p_fastqc.html
[2022-08-05 11:07:41,641] multiqc                                            [DEBUG  ]  File ignored by vep/vep_txt because it exceeded search pattern filesize limit: 401588_HL7J5DSX3-1_R1p_fastqc.html
[2022-08-05 11:07:41,641] multiqc                                            [DEBUG  ]  File ignored by longranger/invocation because it exceeded search pattern filesize limit: 401588_HL7J5DSX3-1_R1p_fastqc.html
[2022-08-05 11:07:41,641] multiqc                                            [DEBUG  ]  File ignored by rockhopper because it exceeded search pattern filesize limit: 401588_HL7J5DSX3-1_R1p_fastqc.html
[2022-08-05 11:07:41,641] multiqc                                            [DEBUG  ]  File ignored by rseqc/bam_stat because it exceeded search pattern filesize limit: 401588_HL7J5DSX3-1_R1p_fastqc.html
[2022-08-05 11:07:41,641] multiqc                                            [DEBUG  ]  File ignored by rseqc/junction_annotation because it exceeded search pattern filesize limit: 401588_HL7J5DSX3-1_R1p_fastqc.html
[2022-08-05 11:07:41,642] multiqc                                            [DEBUG  ]  File ignored by rseqc/read_distribution because it exceeded search pattern filesize limit: 401588_HL7J5DSX3-1_R1p_fastqc.html
[2022-08-05 11:07:41,642] multiqc                                            [DEBUG  ]  File ignored by rseqc/infer_experiment because it exceeded search pattern filesize limit: 401588_HL7J5DSX3-1_R1p_fastqc.html
[2022-08-05 11:07:41,728] multiqc                                            [DEBUG  ]  Ignoring file as matched an ignore pattern: 401588_HL7J5DSX3-1_R1p.fastq.gz
[2022-08-05 11:07:41,782] multiqc                                            [DEBUG  ]  File ignored by ccs/v4 because it exceeded search pattern filesize limit: 401588_HL7J5DSX3-1_R1R2u_fastqc.html
[2022-08-05 11:07:41,786] multiqc                                            [DEBUG  ]  File ignored by hicexplorer because it exceeded search pattern filesize limit: 401588_HL7J5DSX3-1_R1R2u_fastqc.html
[2022-08-05 11:07:41,787] multiqc                                            [DEBUG  ]  File ignored by nanostat because it exceeded search pattern filesize limit: 401588_HL7J5DSX3-1_R1R2u_fastqc.html
[2022-08-05 11:07:41,787] multiqc                                            [DEBUG  ]  File ignored by lima/summary because it exceeded search pattern filesize limit: 401588_HL7J5DSX3-1_R1R2u_fastqc.html
[2022-08-05 11:07:41,796] multiqc                                            [DEBUG  ]  File ignored by vep/vep_txt because it exceeded search pattern filesize limit: 401588_HL7J5DSX3-1_R1R2u_fastqc.html
[2022-08-05 11:07:41,796] multiqc                                            [DEBUG  ]  File ignored by longranger/invocation because it exceeded search pattern filesize limit: 401588_HL7J5DSX3-1_R1R2u_fastqc.html
[2022-08-05 11:07:41,796] multiqc                                            [DEBUG  ]  File ignored by rockhopper because it exceeded search pattern filesize limit: 401588_HL7J5DSX3-1_R1R2u_fastqc.html
[2022-08-05 11:07:41,796] multiqc                                            [DEBUG  ]  File ignored by rseqc/bam_stat because it exceeded search pattern filesize limit: 401588_HL7J5DSX3-1_R1R2u_fastqc.html
[2022-08-05 11:07:41,796] multiqc                                            [DEBUG  ]  File ignored by rseqc/junction_annotation because it exceeded search pattern filesize limit: 401588_HL7J5DSX3-1_R1R2u_fastqc.html
[2022-08-05 11:07:41,796] multiqc                                            [DEBUG  ]  File ignored by rseqc/read_distribution because it exceeded search pattern filesize limit: 401588_HL7J5DSX3-1_R1R2u_fastqc.html
[2022-08-05 11:07:41,796] multiqc                                            [DEBUG  ]  File ignored by rseqc/infer_experiment because it exceeded search pattern filesize limit: 401588_HL7J5DSX3-1_R1R2u_fastqc.html
[2022-08-05 11:07:41,866] multiqc                                            [DEBUG  ]  Ignoring file as matched an ignore pattern: 401588_HL7J5DSX3-1_R1R2u.fastq.gz
[2022-08-05 11:07:42,351] multiqc                                            [DEBUG  ]  File ignored by ccs/v4 because it exceeded search pattern filesize limit: 401588_HL7J5DSX3-1_R2p_fastqc.html
[2022-08-05 11:07:42,357] multiqc                                            [DEBUG  ]  File ignored by hicexplorer because it exceeded search pattern filesize limit: 401588_HL7J5DSX3-1_R2p_fastqc.html
[2022-08-05 11:07:42,357] multiqc                                            [DEBUG  ]  File ignored by nanostat because it exceeded search pattern filesize limit: 401588_HL7J5DSX3-1_R2p_fastqc.html
[2022-08-05 11:07:42,357] multiqc                                            [DEBUG  ]  File ignored by lima/summary because it exceeded search pattern filesize limit: 401588_HL7J5DSX3-1_R2p_fastqc.html
[2022-08-05 11:07:42,368] multiqc                                            [DEBUG  ]  File ignored by vep/vep_txt because it exceeded search pattern filesize limit: 401588_HL7J5DSX3-1_R2p_fastqc.html
[2022-08-05 11:07:42,368] multiqc                                            [DEBUG  ]  File ignored by longranger/invocation because it exceeded search pattern filesize limit: 401588_HL7J5DSX3-1_R2p_fastqc.html
[2022-08-05 11:07:42,368] multiqc                                            [DEBUG  ]  File ignored by rockhopper because it exceeded search pattern filesize limit: 401588_HL7J5DSX3-1_R2p_fastqc.html
[2022-08-05 11:07:42,368] multiqc                                            [DEBUG  ]  File ignored by rseqc/bam_stat because it exceeded search pattern filesize limit: 401588_HL7J5DSX3-1_R2p_fastqc.html
[2022-08-05 11:07:42,368] multiqc                                            [DEBUG  ]  File ignored by rseqc/junction_annotation because it exceeded search pattern filesize limit: 401588_HL7J5DSX3-1_R2p_fastqc.html
[2022-08-05 11:07:42,368] multiqc                                            [DEBUG  ]  File ignored by rseqc/read_distribution because it exceeded search pattern filesize limit: 401588_HL7J5DSX3-1_R2p_fastqc.html
[2022-08-05 11:07:42,368] multiqc                                            [DEBUG  ]  File ignored by rseqc/infer_experiment because it exceeded search pattern filesize limit: 401588_HL7J5DSX3-1_R2p_fastqc.html
[2022-08-05 11:07:42,510] multiqc                                            [DEBUG  ]  Ignoring file as matched an ignore pattern: 401588_HL7J5DSX3-1_R2p.fastq.gz
[2022-08-05 11:07:42,510] multiqc                                            [DEBUG  ]  Ignoring file as matched an ignore pattern: 401588_QCreads.md5
[2022-08-05 11:07:44,003] multiqc.plots.bargraph                             [DEBUG  ]  Using matplotlib version 3.3.4
[2022-08-05 11:07:44,007] multiqc.plots.linegraph                            [DEBUG  ]  Using matplotlib version 3.3.4
[2022-08-05 11:07:44,010] multiqc                                            [DEBUG  ]  No samples found: custom_content
[2022-08-05 11:07:44,016] multiqc                                            [DEBUG  ]  No samples found: ccs
[2022-08-05 11:07:44,023] multiqc                                            [DEBUG  ]  No samples found: ngsderive
[2022-08-05 11:07:44,029] multiqc                                            [DEBUG  ]  No samples found: purple
[2022-08-05 11:07:44,264] multiqc                                            [DEBUG  ]  No samples found: conpair
[2022-08-05 11:07:44,270] multiqc                                            [DEBUG  ]  No samples found: lima
[2022-08-05 11:07:44,277] multiqc                                            [DEBUG  ]  No samples found: peddy
[2022-08-05 11:07:44,284] multiqc                                            [DEBUG  ]  No samples found: somalier
[2022-08-05 11:07:44,290] multiqc                                            [DEBUG  ]  No samples found: methylQA
[2022-08-05 11:07:44,301] multiqc.modules.mosdepth.mosdepth                  [DEBUG  ]  include_contigs: []
[2022-08-05 11:07:44,301] multiqc.modules.mosdepth.mosdepth                  [DEBUG  ]  exclude_contigs: []
[2022-08-05 11:07:44,301] multiqc                                            [DEBUG  ]  No samples found: mosdepth
[2022-08-05 11:07:44,306] multiqc                                            [DEBUG  ]  No samples found: phantompeakqualtools
[2022-08-05 11:07:44,310] multiqc                                            [DEBUG  ]  No samples found: qualimap
[2022-08-05 11:07:44,316] multiqc                                            [DEBUG  ]  No samples found: preseq
[2022-08-05 11:07:44,322] multiqc                                            [DEBUG  ]  No samples found: quast
[2022-08-05 11:07:44,327] multiqc                                            [DEBUG  ]  No samples found: qorts
[2022-08-05 11:07:44,333] multiqc                                            [DEBUG  ]  No samples found: rna_seqc
[2022-08-05 11:07:44,339] multiqc                                            [DEBUG  ]  No samples found: rockhopper
[2022-08-05 11:07:44,346] multiqc                                            [DEBUG  ]  No samples found: rsem
[2022-08-05 11:07:44,365] multiqc                                            [DEBUG  ]  No samples found: rseqc
[2022-08-05 11:07:44,601] multiqc                                            [DEBUG  ]  No samples found: busco
[2022-08-05 11:07:44,606] multiqc                                            [DEBUG  ]  No samples found: bustools
[2022-08-05 11:07:44,612] multiqc                                            [DEBUG  ]  No samples found: goleft_indexcov
[2022-08-05 11:07:44,617] multiqc                                            [DEBUG  ]  No samples found: gffcompare
[2022-08-05 11:07:44,621] multiqc                                            [DEBUG  ]  No samples found: disambiguate
[2022-08-05 11:07:44,628] multiqc                                            [DEBUG  ]  No samples found: supernova
[2022-08-05 11:07:44,873] multiqc                                            [DEBUG  ]  No samples found: deeptools
[2022-08-05 11:07:44,879] multiqc                                            [DEBUG  ]  No samples found: sargasso
[2022-08-05 11:07:44,884] multiqc                                            [DEBUG  ]  No samples found: verifybamid
[2022-08-05 11:07:44,890] multiqc                                            [DEBUG  ]  No samples found: mirtrace
[2022-08-05 11:07:44,895] multiqc                                            [DEBUG  ]  No samples found: happy
[2022-08-05 11:07:44,900] multiqc                                            [DEBUG  ]  No samples found: mirtop
[2022-08-05 11:07:44,905] multiqc                                            [DEBUG  ]  No samples found: sambamba
[2022-08-05 11:07:45,144] multiqc                                            [DEBUG  ]  No samples found: homer
[2022-08-05 11:07:45,379] multiqc                                            [DEBUG  ]  No samples found: hops
[2022-08-05 11:07:45,384] multiqc                                            [DEBUG  ]  No samples found: macs2
[2022-08-05 11:07:45,389] multiqc                                            [DEBUG  ]  No samples found: theta2
[2022-08-05 11:07:45,394] multiqc                                            [DEBUG  ]  No samples found: snpeff
[2022-08-05 11:07:45,402] multiqc                                            [DEBUG  ]  No samples found: gatk
[2022-08-05 11:07:45,406] multiqc                                            [DEBUG  ]  No samples found: htseq
[2022-08-05 11:07:45,412] multiqc                                            [DEBUG  ]  No samples found: bcftools
[2022-08-05 11:07:45,648] multiqc                                            [DEBUG  ]  No samples found: featureCounts
[2022-08-05 11:07:45,656] multiqc                                            [DEBUG  ]  No samples found: fgbio
[2022-08-05 11:07:45,904] multiqc                                            [DEBUG  ]  No samples found: dragen
[2022-08-05 11:07:45,909] multiqc                                            [DEBUG  ]  No samples found: dedup
[2022-08-05 11:07:45,913] multiqc                                            [DEBUG  ]  No samples found: damageprofiler
[2022-08-05 11:07:46,184] multiqc                                            [DEBUG  ]  No samples found: biobambam2
[2022-08-05 11:07:46,190] multiqc                                            [DEBUG  ]  No samples found: jcvi
[2022-08-05 11:07:46,195] multiqc                                            [DEBUG  ]  No samples found: mtnucratio
[2022-08-05 11:07:46,198] multiqc                                            [DEBUG  ]  No samples found: picard
[2022-08-05 11:07:46,203] multiqc                                            [DEBUG  ]  No samples found: vep
[2022-08-05 11:07:46,212] multiqc                                            [DEBUG  ]  No samples found: sentieon
[2022-08-05 11:07:46,217] multiqc                                            [DEBUG  ]  No samples found: prokka
[2022-08-05 11:07:46,225] multiqc                                            [DEBUG  ]  No samples found: qc3C
[2022-08-05 11:07:46,230] multiqc                                            [DEBUG  ]  No samples found: nanostat
[2022-08-05 11:07:46,235] multiqc                                            [DEBUG  ]  No samples found: samblaster
[2022-08-05 11:07:46,475] multiqc                                            [DEBUG  ]  No samples found: samtools
[2022-08-05 11:07:46,479] multiqc                                            [DEBUG  ]  No samples found: sexdeterrmine
[2022-08-05 11:07:46,483] multiqc                                            [DEBUG  ]  No samples found: eigenstratdatabasetools
[2022-08-05 11:07:46,489] multiqc                                            [DEBUG  ]  No samples found: bamtools
[2022-08-05 11:07:46,494] multiqc                                            [DEBUG  ]  No samples found: jellyfish
[2022-08-05 11:07:46,502] multiqc                                            [DEBUG  ]  No samples found: vcftools
[2022-08-05 11:07:46,507] multiqc                                            [DEBUG  ]  No samples found: longranger
[2022-08-05 11:07:46,513] multiqc                                            [DEBUG  ]  No samples found: stacks
[2022-08-05 11:07:46,521] multiqc                                            [DEBUG  ]  No samples found: varscan2
[2022-08-05 11:07:46,526] multiqc                                            [DEBUG  ]  No samples found: snippy
[2022-08-05 11:07:46,545] multiqc                                            [DEBUG  ]  No samples found: bbmap
[2022-08-05 11:07:46,551] multiqc                                            [DEBUG  ]  No samples found: bismark
[2022-08-05 11:07:46,560] multiqc                                            [DEBUG  ]  No samples found: biscuit
[2022-08-05 11:07:46,565] multiqc                                            [DEBUG  ]  No samples found: hicexplorer
[2022-08-05 11:07:46,570] multiqc                                            [DEBUG  ]  No samples found: hicup
[2022-08-05 11:07:46,576] multiqc                                            [DEBUG  ]  No samples found: hicpro
[2022-08-05 11:07:46,580] multiqc                                            [DEBUG  ]  No samples found: salmon
[2022-08-05 11:07:46,585] multiqc                                            [DEBUG  ]  No samples found: kallisto
[2022-08-05 11:07:46,591] multiqc                                            [DEBUG  ]  No samples found: slamdunk
[2022-08-05 11:07:46,597] multiqc                                            [DEBUG  ]  No samples found: star
[2022-08-05 11:07:46,601] multiqc                                            [DEBUG  ]  No samples found: hisat2
[2022-08-05 11:07:46,606] multiqc                                            [DEBUG  ]  No samples found: tophat
[2022-08-05 11:07:46,610] multiqc                                            [DEBUG  ]  No samples found: bowtie2
[2022-08-05 11:07:46,615] multiqc                                            [DEBUG  ]  No samples found: bowtie1
[2022-08-05 11:07:46,620] multiqc                                            [DEBUG  ]  No samples found: snpsplit
[2022-08-05 11:07:46,625] multiqc                                            [DEBUG  ]  No samples found: odgi
[2022-08-05 11:07:46,630] multiqc                                            [DEBUG  ]  No samples found: pangolin
[2022-08-05 11:07:46,634] multiqc                                            [DEBUG  ]  No samples found: kat
[2022-08-05 11:07:46,638] multiqc                                            [DEBUG  ]  No samples found: leehom
[2022-08-05 11:07:46,644] multiqc                                            [DEBUG  ]  No samples found: adapterRemoval
[2022-08-05 11:07:46,649] multiqc                                            [DEBUG  ]  No samples found: clipandmerge
[2022-08-05 11:07:46,654] multiqc                                            [DEBUG  ]  No samples found: cutadapt
[2022-08-05 11:07:46,659] multiqc                                            [DEBUG  ]  No samples found: flexbar
[2022-08-05 11:07:46,664] multiqc                                            [DEBUG  ]  No samples found: kaiju
[2022-08-05 11:07:46,670] multiqc                                            [DEBUG  ]  No samples found: kraken
[2022-08-05 11:07:46,675] multiqc                                            [DEBUG  ]  No samples found: malt
[2022-08-05 11:07:46,910] multiqc                                            [DEBUG  ]  No samples found: trimmomatic
[2022-08-05 11:07:46,915] multiqc                                            [DEBUG  ]  No samples found: sickle
[2022-08-05 11:07:46,920] multiqc                                            [DEBUG  ]  No samples found: skewer
[2022-08-05 11:07:46,925] multiqc                                            [DEBUG  ]  No samples found: sortmerna
[2022-08-05 11:07:46,929] multiqc                                            [DEBUG  ]  No samples found: biobloomtools
[2022-08-05 11:07:46,935] multiqc                                            [DEBUG  ]  No samples found: fastq_screen
[2022-08-05 11:07:46,942] multiqc                                            [DEBUG  ]  No samples found: afterqc
[2022-08-05 11:07:46,947] multiqc                                            [DEBUG  ]  No samples found: fastp
[2022-08-05 11:07:47,360] multiqc.modules.fastqc.fastqc                      [INFO   ]  Found 4 reports
[2022-08-05 11:07:47,408] multiqc                                            [DEBUG  ]  No samples found: pychopper
[2022-08-05 11:07:47,413] multiqc                                            [DEBUG  ]  No samples found: pycoqc
[2022-08-05 11:07:47,418] multiqc                                            [DEBUG  ]  No samples found: minionqc
[2022-08-05 11:07:47,423] multiqc                                            [DEBUG  ]  No samples found: multivcfanalyzer
[2022-08-05 11:07:47,429] multiqc                                            [DEBUG  ]  No samples found: clusterflow
[2022-08-05 11:07:47,435] multiqc                                            [DEBUG  ]  No samples found: bcl2fastq
[2022-08-05 11:07:47,442] multiqc                                            [DEBUG  ]  No samples found: bclconvert
[2022-08-05 11:07:47,448] multiqc                                            [DEBUG  ]  No samples found: interop
[2022-08-05 11:07:47,453] multiqc                                            [DEBUG  ]  No samples found: ivar
[2022-08-05 11:07:47,459] multiqc                                            [DEBUG  ]  No samples found: flash
[2022-08-05 11:07:47,463] multiqc                                            [DEBUG  ]  No samples found: seqyclean
[2022-08-05 11:07:47,467] multiqc                                            [DEBUG  ]  No samples found: optitype
[2022-08-05 11:07:47,472] multiqc                                            [INFO   ]  Compressing plot data
[2022-08-05 11:07:47,518] multiqc                                            [INFO   ]  Report      : 401588_MGSD_CSIRO.qc.stats/multiqc_report.html
[2022-08-05 11:07:47,518] multiqc                                            [INFO   ]  Data        : 401588_MGSD_CSIRO.qc.stats/multiqc_data
[2022-08-05 11:07:47,518] multiqc                                            [DEBUG  ]  Moving data file from '/tmp/smi9a9.8584795/tmpjgyr1c6j/multiqc_data' to '401588_MGSD_CSIRO.qc.stats/multiqc_data'
[2022-08-05 11:07:47,908] multiqc                                            [INFO   ]  MultiQC complete
