[2022-08-05 11:09:49,916] multiqc                                            [DEBUG  ]  This is MultiQC v1.11
[2022-08-05 11:09:49,916] multiqc                                            [DEBUG  ]  No MultiQC config found: /apps/multiqc/1.11/lib/python3.9/site-packages/multiqc_config.yaml
[2022-08-05 11:09:49,916] multiqc                                            [DEBUG  ]  No MultiQC config found: /home/smi9a9/.multiqc_config.yaml
[2022-08-05 11:09:49,916] multiqc                                            [DEBUG  ]  No MultiQC config found: multiqc_config.yaml
[2022-08-05 11:09:49,917] multiqc                                            [DEBUG  ]  Command used: /apps/multiqc/1.11/bin/multiqc ./12467_combined_merged_fastqc.html ./12467_combined_merged_fastqc.zip ./12467_combined_merged.fastq.gz ./12467_combined_R1p_fastqc.html ./12467_combined_R1p_fastqc.zip ./12467_combined_R1p.fastq.gz ./12467_combined_R1R2u_fastqc.html ./12467_combined_R1R2u_fastqc.zip ./12467_combined_R1R2u.fastq.gz ./12467_combined_R2p_fastqc.html ./12467_combined_R2p_fastqc.zip ./12467_combined_R2p.fastq.gz ./12467_QCreads.md5 -o 12467_MGSD_CSIRO.qc.stats
[2022-08-05 11:09:49,919] multiqc                                            [DEBUG  ]  Could not connect to multiqc.info for version check: <urlopen error [Errno 111] Connection refused>
[2022-08-05 11:09:49,919] multiqc                                            [DEBUG  ]  Command     : /apps/multiqc/1.11/bin/multiqc ./12467_combined_merged_fastqc.html ./12467_combined_merged_fastqc.zip ./12467_combined_merged.fastq.gz ./12467_combined_R1p_fastqc.html ./12467_combined_R1p_fastqc.zip ./12467_combined_R1p.fastq.gz ./12467_combined_R1R2u_fastqc.html ./12467_combined_R1R2u_fastqc.zip ./12467_combined_R1R2u.fastq.gz ./12467_combined_R2p_fastqc.html ./12467_combined_R2p_fastqc.zip ./12467_combined_R2p.fastq.gz ./12467_QCreads.md5 -o 12467_MGSD_CSIRO.qc.stats
[2022-08-05 11:09:49,919] multiqc                                            [DEBUG  ]  Working dir : /datasets/work/oa-amd/work/amd/Metagenome_QC_reads
[2022-08-05 11:09:49,919] multiqc                                            [DEBUG  ]  Template    : default
[2022-08-05 11:09:49,919] multiqc                                            [DEBUG  ]  Running Python 3.9.4 (default, Apr 25 2021, 16:13:27)  [GCC 10.3.0]
[2022-08-05 11:09:49,919] multiqc                                            [DEBUG  ]  Analysing modules: custom_content, ccs, ngsderive, purple, conpair, lima, peddy, somalier, methylQA, mosdepth, phantompeakqualtools, qualimap, preseq, quast, qorts, rna_seqc, rockhopper, rsem, rseqc, busco, bustools, goleft_indexcov, gffcompare, disambiguate, supernova, deeptools, sargasso, verifybamid, mirtrace, happy, mirtop, sambamba, homer, hops, macs2, theta2, snpeff, gatk, htseq, bcftools, featureCounts, fgbio, dragen, dedup, damageprofiler, biobambam2, jcvi, mtnucratio, picard, vep, sentieon, prokka, qc3C, nanostat, samblaster, samtools, sexdeterrmine, eigenstratdatabasetools, bamtools, jellyfish, vcftools, longranger, stacks, varscan2, snippy, bbmap, bismark, biscuit, hicexplorer, hicup, hicpro, salmon, kallisto, slamdunk, star, hisat2, tophat, bowtie2, bowtie1, snpsplit, odgi, pangolin, kat, leehom, adapterRemoval, clipandmerge, cutadapt, flexbar, kaiju, kraken, malt, trimmomatic, sickle, skewer, sortmerna, biobloomtools, fastq_screen, afterqc, fastp, fastqc, pychopper, pycoqc, minionqc, multivcfanalyzer, clusterflow, bcl2fastq, bclconvert, interop, ivar, flash, seqyclean, optitype
[2022-08-05 11:09:49,919] multiqc                                            [DEBUG  ]  Using temporary directory for creating report: /tmp/smi9a9.8585374/tmpfipn8n5n
[2022-08-05 11:09:49,983] multiqc                                            [INFO   ]  Search path : /datasets/work/oa-amd/work/amd/Metagenome_QC_reads/12467_combined_merged_fastqc.html
[2022-08-05 11:09:49,983] multiqc                                            [INFO   ]  Search path : /datasets/work/oa-amd/work/amd/Metagenome_QC_reads/12467_combined_merged_fastqc.zip
[2022-08-05 11:09:49,983] multiqc                                            [INFO   ]  Search path : /datasets/work/oa-amd/work/amd/Metagenome_QC_reads/12467_combined_merged.fastq.gz
[2022-08-05 11:09:49,983] multiqc                                            [INFO   ]  Search path : /datasets/work/oa-amd/work/amd/Metagenome_QC_reads/12467_combined_R1p_fastqc.html
[2022-08-05 11:09:49,983] multiqc                                            [INFO   ]  Search path : /datasets/work/oa-amd/work/amd/Metagenome_QC_reads/12467_combined_R1p_fastqc.zip
[2022-08-05 11:09:49,983] multiqc                                            [INFO   ]  Search path : /datasets/work/oa-amd/work/amd/Metagenome_QC_reads/12467_combined_R1p.fastq.gz
[2022-08-05 11:09:49,983] multiqc                                            [INFO   ]  Search path : /datasets/work/oa-amd/work/amd/Metagenome_QC_reads/12467_combined_R1R2u_fastqc.html
[2022-08-05 11:09:49,983] multiqc                                            [INFO   ]  Search path : /datasets/work/oa-amd/work/amd/Metagenome_QC_reads/12467_combined_R1R2u_fastqc.zip
[2022-08-05 11:09:49,983] multiqc                                            [INFO   ]  Search path : /datasets/work/oa-amd/work/amd/Metagenome_QC_reads/12467_combined_R1R2u.fastq.gz
[2022-08-05 11:09:49,983] multiqc                                            [INFO   ]  Search path : /datasets/work/oa-amd/work/amd/Metagenome_QC_reads/12467_combined_R2p_fastqc.html
[2022-08-05 11:09:49,983] multiqc                                            [INFO   ]  Search path : /datasets/work/oa-amd/work/amd/Metagenome_QC_reads/12467_combined_R2p_fastqc.zip
[2022-08-05 11:09:49,983] multiqc                                            [INFO   ]  Search path : /datasets/work/oa-amd/work/amd/Metagenome_QC_reads/12467_combined_R2p.fastq.gz
[2022-08-05 11:09:49,983] multiqc                                            [INFO   ]  Search path : /datasets/work/oa-amd/work/amd/Metagenome_QC_reads/12467_QCreads.md5
[2022-08-05 11:09:50,016] multiqc                                            [DEBUG  ]  File ignored by ccs/v4 because it exceeded search pattern filesize limit: 12467_combined_merged_fastqc.html
[2022-08-05 11:09:50,021] multiqc                                            [DEBUG  ]  File ignored by hicexplorer because it exceeded search pattern filesize limit: 12467_combined_merged_fastqc.html
[2022-08-05 11:09:50,021] multiqc                                            [DEBUG  ]  File ignored by nanostat because it exceeded search pattern filesize limit: 12467_combined_merged_fastqc.html
[2022-08-05 11:09:50,021] multiqc                                            [DEBUG  ]  File ignored by lima/summary because it exceeded search pattern filesize limit: 12467_combined_merged_fastqc.html
[2022-08-05 11:09:50,051] multiqc                                            [DEBUG  ]  File ignored by vep/vep_txt because it exceeded search pattern filesize limit: 12467_combined_merged_fastqc.html
[2022-08-05 11:09:50,051] multiqc                                            [DEBUG  ]  File ignored by longranger/invocation because it exceeded search pattern filesize limit: 12467_combined_merged_fastqc.html
[2022-08-05 11:09:50,051] multiqc                                            [DEBUG  ]  File ignored by rockhopper because it exceeded search pattern filesize limit: 12467_combined_merged_fastqc.html
[2022-08-05 11:09:50,051] multiqc                                            [DEBUG  ]  File ignored by rseqc/bam_stat because it exceeded search pattern filesize limit: 12467_combined_merged_fastqc.html
[2022-08-05 11:09:50,051] multiqc                                            [DEBUG  ]  File ignored by rseqc/junction_annotation because it exceeded search pattern filesize limit: 12467_combined_merged_fastqc.html
[2022-08-05 11:09:50,051] multiqc                                            [DEBUG  ]  File ignored by rseqc/read_distribution because it exceeded search pattern filesize limit: 12467_combined_merged_fastqc.html
[2022-08-05 11:09:50,051] multiqc                                            [DEBUG  ]  File ignored by rseqc/infer_experiment because it exceeded search pattern filesize limit: 12467_combined_merged_fastqc.html
[2022-08-05 11:09:50,134] multiqc                                            [DEBUG  ]  Ignoring file as matched an ignore pattern: 12467_combined_merged.fastq.gz
[2022-08-05 11:09:50,163] multiqc                                            [DEBUG  ]  File ignored by ccs/v4 because it exceeded search pattern filesize limit: 12467_combined_R1p_fastqc.html
[2022-08-05 11:09:50,172] multiqc                                            [DEBUG  ]  File ignored by hicexplorer because it exceeded search pattern filesize limit: 12467_combined_R1p_fastqc.html
[2022-08-05 11:09:50,173] multiqc                                            [DEBUG  ]  File ignored by nanostat because it exceeded search pattern filesize limit: 12467_combined_R1p_fastqc.html
[2022-08-05 11:09:50,173] multiqc                                            [DEBUG  ]  File ignored by lima/summary because it exceeded search pattern filesize limit: 12467_combined_R1p_fastqc.html
[2022-08-05 11:09:50,191] multiqc                                            [DEBUG  ]  File ignored by vep/vep_txt because it exceeded search pattern filesize limit: 12467_combined_R1p_fastqc.html
[2022-08-05 11:09:50,191] multiqc                                            [DEBUG  ]  File ignored by longranger/invocation because it exceeded search pattern filesize limit: 12467_combined_R1p_fastqc.html
[2022-08-05 11:09:50,191] multiqc                                            [DEBUG  ]  File ignored by rockhopper because it exceeded search pattern filesize limit: 12467_combined_R1p_fastqc.html
[2022-08-05 11:09:50,191] multiqc                                            [DEBUG  ]  File ignored by rseqc/bam_stat because it exceeded search pattern filesize limit: 12467_combined_R1p_fastqc.html
[2022-08-05 11:09:50,191] multiqc                                            [DEBUG  ]  File ignored by rseqc/junction_annotation because it exceeded search pattern filesize limit: 12467_combined_R1p_fastqc.html
[2022-08-05 11:09:50,191] multiqc                                            [DEBUG  ]  File ignored by rseqc/read_distribution because it exceeded search pattern filesize limit: 12467_combined_R1p_fastqc.html
[2022-08-05 11:09:50,191] multiqc                                            [DEBUG  ]  File ignored by rseqc/infer_experiment because it exceeded search pattern filesize limit: 12467_combined_R1p_fastqc.html
[2022-08-05 11:09:50,364] multiqc                                            [DEBUG  ]  Ignoring file as matched an ignore pattern: 12467_combined_R1p.fastq.gz
[2022-08-05 11:09:50,672] multiqc                                            [DEBUG  ]  File ignored by ccs/v4 because it exceeded search pattern filesize limit: 12467_combined_R1R2u_fastqc.html
[2022-08-05 11:09:50,681] multiqc                                            [DEBUG  ]  File ignored by hicexplorer because it exceeded search pattern filesize limit: 12467_combined_R1R2u_fastqc.html
[2022-08-05 11:09:50,682] multiqc                                            [DEBUG  ]  File ignored by nanostat because it exceeded search pattern filesize limit: 12467_combined_R1R2u_fastqc.html
[2022-08-05 11:09:50,682] multiqc                                            [DEBUG  ]  File ignored by lima/summary because it exceeded search pattern filesize limit: 12467_combined_R1R2u_fastqc.html
[2022-08-05 11:09:50,696] multiqc                                            [DEBUG  ]  File ignored by vep/vep_txt because it exceeded search pattern filesize limit: 12467_combined_R1R2u_fastqc.html
[2022-08-05 11:09:50,696] multiqc                                            [DEBUG  ]  File ignored by longranger/invocation because it exceeded search pattern filesize limit: 12467_combined_R1R2u_fastqc.html
[2022-08-05 11:09:50,696] multiqc                                            [DEBUG  ]  File ignored by rockhopper because it exceeded search pattern filesize limit: 12467_combined_R1R2u_fastqc.html
[2022-08-05 11:09:50,697] multiqc                                            [DEBUG  ]  File ignored by rseqc/bam_stat because it exceeded search pattern filesize limit: 12467_combined_R1R2u_fastqc.html
[2022-08-05 11:09:50,697] multiqc                                            [DEBUG  ]  File ignored by rseqc/junction_annotation because it exceeded search pattern filesize limit: 12467_combined_R1R2u_fastqc.html
[2022-08-05 11:09:50,697] multiqc                                            [DEBUG  ]  File ignored by rseqc/read_distribution because it exceeded search pattern filesize limit: 12467_combined_R1R2u_fastqc.html
[2022-08-05 11:09:50,697] multiqc                                            [DEBUG  ]  File ignored by rseqc/infer_experiment because it exceeded search pattern filesize limit: 12467_combined_R1R2u_fastqc.html
[2022-08-05 11:09:50,774] multiqc                                            [DEBUG  ]  Ignoring file as matched an ignore pattern: 12467_combined_R1R2u.fastq.gz
[2022-08-05 11:09:50,790] multiqc                                            [DEBUG  ]  File ignored by ccs/v4 because it exceeded search pattern filesize limit: 12467_combined_R2p_fastqc.html
[2022-08-05 11:09:50,800] multiqc                                            [DEBUG  ]  File ignored by hicexplorer because it exceeded search pattern filesize limit: 12467_combined_R2p_fastqc.html
[2022-08-05 11:09:50,801] multiqc                                            [DEBUG  ]  File ignored by nanostat because it exceeded search pattern filesize limit: 12467_combined_R2p_fastqc.html
[2022-08-05 11:09:50,801] multiqc                                            [DEBUG  ]  File ignored by lima/summary because it exceeded search pattern filesize limit: 12467_combined_R2p_fastqc.html
[2022-08-05 11:09:50,816] multiqc                                            [DEBUG  ]  File ignored by vep/vep_txt because it exceeded search pattern filesize limit: 12467_combined_R2p_fastqc.html
[2022-08-05 11:09:50,816] multiqc                                            [DEBUG  ]  File ignored by longranger/invocation because it exceeded search pattern filesize limit: 12467_combined_R2p_fastqc.html
[2022-08-05 11:09:50,816] multiqc                                            [DEBUG  ]  File ignored by rockhopper because it exceeded search pattern filesize limit: 12467_combined_R2p_fastqc.html
[2022-08-05 11:09:50,816] multiqc                                            [DEBUG  ]  File ignored by rseqc/bam_stat because it exceeded search pattern filesize limit: 12467_combined_R2p_fastqc.html
[2022-08-05 11:09:50,816] multiqc                                            [DEBUG  ]  File ignored by rseqc/junction_annotation because it exceeded search pattern filesize limit: 12467_combined_R2p_fastqc.html
[2022-08-05 11:09:50,816] multiqc                                            [DEBUG  ]  File ignored by rseqc/read_distribution because it exceeded search pattern filesize limit: 12467_combined_R2p_fastqc.html
[2022-08-05 11:09:50,816] multiqc                                            [DEBUG  ]  File ignored by rseqc/infer_experiment because it exceeded search pattern filesize limit: 12467_combined_R2p_fastqc.html
[2022-08-05 11:09:50,891] multiqc                                            [DEBUG  ]  Ignoring file as matched an ignore pattern: 12467_combined_R2p.fastq.gz
[2022-08-05 11:09:50,891] multiqc                                            [DEBUG  ]  Ignoring file as matched an ignore pattern: 12467_QCreads.md5
[2022-08-05 11:09:51,765] multiqc.plots.bargraph                             [DEBUG  ]  Using matplotlib version 3.3.4
[2022-08-05 11:09:51,769] multiqc.plots.linegraph                            [DEBUG  ]  Using matplotlib version 3.3.4
[2022-08-05 11:09:51,772] multiqc                                            [DEBUG  ]  No samples found: custom_content
[2022-08-05 11:09:51,777] multiqc                                            [DEBUG  ]  No samples found: ccs
[2022-08-05 11:09:51,783] multiqc                                            [DEBUG  ]  No samples found: ngsderive
[2022-08-05 11:09:52,018] multiqc                                            [DEBUG  ]  No samples found: purple
[2022-08-05 11:09:52,022] multiqc                                            [DEBUG  ]  No samples found: conpair
[2022-08-05 11:09:52,027] multiqc                                            [DEBUG  ]  No samples found: lima
[2022-08-05 11:09:52,032] multiqc                                            [DEBUG  ]  No samples found: peddy
[2022-08-05 11:09:52,038] multiqc                                            [DEBUG  ]  No samples found: somalier
[2022-08-05 11:09:52,042] multiqc                                            [DEBUG  ]  No samples found: methylQA
[2022-08-05 11:09:52,051] multiqc.modules.mosdepth.mosdepth                  [DEBUG  ]  include_contigs: []
[2022-08-05 11:09:52,051] multiqc.modules.mosdepth.mosdepth                  [DEBUG  ]  exclude_contigs: []
[2022-08-05 11:09:52,051] multiqc                                            [DEBUG  ]  No samples found: mosdepth
[2022-08-05 11:09:52,055] multiqc                                            [DEBUG  ]  No samples found: phantompeakqualtools
[2022-08-05 11:09:52,058] multiqc                                            [DEBUG  ]  No samples found: qualimap
[2022-08-05 11:09:52,293] multiqc                                            [DEBUG  ]  No samples found: preseq
[2022-08-05 11:09:52,299] multiqc                                            [DEBUG  ]  No samples found: quast
[2022-08-05 11:09:52,303] multiqc                                            [DEBUG  ]  No samples found: qorts
[2022-08-05 11:09:52,308] multiqc                                            [DEBUG  ]  No samples found: rna_seqc
[2022-08-05 11:09:52,313] multiqc                                            [DEBUG  ]  No samples found: rockhopper
[2022-08-05 11:09:52,317] multiqc                                            [DEBUG  ]  No samples found: rsem
[2022-08-05 11:09:52,332] multiqc                                            [DEBUG  ]  No samples found: rseqc
[2022-08-05 11:09:52,336] multiqc                                            [DEBUG  ]  No samples found: busco
[2022-08-05 11:09:52,341] multiqc                                            [DEBUG  ]  No samples found: bustools
[2022-08-05 11:09:52,346] multiqc                                            [DEBUG  ]  No samples found: goleft_indexcov
[2022-08-05 11:09:52,352] multiqc                                            [DEBUG  ]  No samples found: gffcompare
[2022-08-05 11:09:52,356] multiqc                                            [DEBUG  ]  No samples found: disambiguate
[2022-08-05 11:09:52,362] multiqc                                            [DEBUG  ]  No samples found: supernova
[2022-08-05 11:09:52,377] multiqc                                            [DEBUG  ]  No samples found: deeptools
[2022-08-05 11:09:52,381] multiqc                                            [DEBUG  ]  No samples found: sargasso
[2022-08-05 11:09:52,386] multiqc                                            [DEBUG  ]  No samples found: verifybamid
[2022-08-05 11:09:52,391] multiqc                                            [DEBUG  ]  No samples found: mirtrace
[2022-08-05 11:09:52,395] multiqc                                            [DEBUG  ]  No samples found: happy
[2022-08-05 11:09:52,400] multiqc                                            [DEBUG  ]  No samples found: mirtop
[2022-08-05 11:09:52,405] multiqc                                            [DEBUG  ]  No samples found: sambamba
[2022-08-05 11:09:52,413] multiqc                                            [DEBUG  ]  No samples found: homer
[2022-08-05 11:09:52,417] multiqc                                            [DEBUG  ]  No samples found: hops
[2022-08-05 11:09:52,421] multiqc                                            [DEBUG  ]  No samples found: macs2
[2022-08-05 11:09:52,426] multiqc                                            [DEBUG  ]  No samples found: theta2
[2022-08-05 11:09:52,660] multiqc                                            [DEBUG  ]  No samples found: snpeff
[2022-08-05 11:09:52,668] multiqc                                            [DEBUG  ]  No samples found: gatk
[2022-08-05 11:09:52,672] multiqc                                            [DEBUG  ]  No samples found: htseq
[2022-08-05 11:09:52,678] multiqc                                            [DEBUG  ]  No samples found: bcftools
[2022-08-05 11:09:52,682] multiqc                                            [DEBUG  ]  No samples found: featureCounts
[2022-08-05 11:09:52,689] multiqc                                            [DEBUG  ]  No samples found: fgbio
[2022-08-05 11:09:52,704] multiqc                                            [DEBUG  ]  No samples found: dragen
[2022-08-05 11:09:52,709] multiqc                                            [DEBUG  ]  No samples found: dedup
[2022-08-05 11:09:52,713] multiqc                                            [DEBUG  ]  No samples found: damageprofiler
[2022-08-05 11:09:52,748] multiqc                                            [DEBUG  ]  No samples found: biobambam2
[2022-08-05 11:09:52,752] multiqc                                            [DEBUG  ]  No samples found: jcvi
[2022-08-05 11:09:52,756] multiqc                                            [DEBUG  ]  No samples found: mtnucratio
[2022-08-05 11:09:52,758] multiqc                                            [DEBUG  ]  No samples found: picard
[2022-08-05 11:09:52,764] multiqc                                            [DEBUG  ]  No samples found: vep
[2022-08-05 11:09:52,771] multiqc                                            [DEBUG  ]  No samples found: sentieon
[2022-08-05 11:09:52,775] multiqc                                            [DEBUG  ]  No samples found: prokka
[2022-08-05 11:09:52,782] multiqc                                            [DEBUG  ]  No samples found: qc3C
[2022-08-05 11:09:52,787] multiqc                                            [DEBUG  ]  No samples found: nanostat
[2022-08-05 11:09:52,792] multiqc                                            [DEBUG  ]  No samples found: samblaster
[2022-08-05 11:09:53,032] multiqc                                            [DEBUG  ]  No samples found: samtools
[2022-08-05 11:09:53,036] multiqc                                            [DEBUG  ]  No samples found: sexdeterrmine
[2022-08-05 11:09:53,040] multiqc                                            [DEBUG  ]  No samples found: eigenstratdatabasetools
[2022-08-05 11:09:53,045] multiqc                                            [DEBUG  ]  No samples found: bamtools
[2022-08-05 11:09:53,049] multiqc                                            [DEBUG  ]  No samples found: jellyfish
[2022-08-05 11:09:53,056] multiqc                                            [DEBUG  ]  No samples found: vcftools
[2022-08-05 11:09:53,062] multiqc                                            [DEBUG  ]  No samples found: longranger
[2022-08-05 11:09:53,067] multiqc                                            [DEBUG  ]  No samples found: stacks
[2022-08-05 11:09:53,071] multiqc                                            [DEBUG  ]  No samples found: varscan2
[2022-08-05 11:09:53,075] multiqc                                            [DEBUG  ]  No samples found: snippy
[2022-08-05 11:09:53,323] multiqc                                            [DEBUG  ]  No samples found: bbmap
[2022-08-05 11:09:53,329] multiqc                                            [DEBUG  ]  No samples found: bismark
[2022-08-05 11:09:53,337] multiqc                                            [DEBUG  ]  No samples found: biscuit
[2022-08-05 11:09:53,573] multiqc                                            [DEBUG  ]  No samples found: hicexplorer
[2022-08-05 11:09:53,579] multiqc                                            [DEBUG  ]  No samples found: hicup
[2022-08-05 11:09:53,584] multiqc                                            [DEBUG  ]  No samples found: hicpro
[2022-08-05 11:09:53,588] multiqc                                            [DEBUG  ]  No samples found: salmon
[2022-08-05 11:09:53,593] multiqc                                            [DEBUG  ]  No samples found: kallisto
[2022-08-05 11:09:53,601] multiqc                                            [DEBUG  ]  No samples found: slamdunk
[2022-08-05 11:09:53,607] multiqc                                            [DEBUG  ]  No samples found: star
[2022-08-05 11:09:53,615] multiqc                                            [DEBUG  ]  No samples found: hisat2
[2022-08-05 11:09:53,620] multiqc                                            [DEBUG  ]  No samples found: tophat
[2022-08-05 11:09:53,625] multiqc                                            [DEBUG  ]  No samples found: bowtie2
[2022-08-05 11:09:53,629] multiqc                                            [DEBUG  ]  No samples found: bowtie1
[2022-08-05 11:09:53,635] multiqc                                            [DEBUG  ]  No samples found: snpsplit
[2022-08-05 11:09:53,870] multiqc                                            [DEBUG  ]  No samples found: odgi
[2022-08-05 11:09:53,876] multiqc                                            [DEBUG  ]  No samples found: pangolin
[2022-08-05 11:09:53,880] multiqc                                            [DEBUG  ]  No samples found: kat
[2022-08-05 11:09:53,884] multiqc                                            [DEBUG  ]  No samples found: leehom
[2022-08-05 11:09:53,891] multiqc                                            [DEBUG  ]  No samples found: adapterRemoval
[2022-08-05 11:09:54,126] multiqc                                            [DEBUG  ]  No samples found: clipandmerge
[2022-08-05 11:09:54,132] multiqc                                            [DEBUG  ]  No samples found: cutadapt
[2022-08-05 11:09:54,136] multiqc                                            [DEBUG  ]  No samples found: flexbar
[2022-08-05 11:09:54,141] multiqc                                            [DEBUG  ]  No samples found: kaiju
[2022-08-05 11:09:54,147] multiqc                                            [DEBUG  ]  No samples found: kraken
[2022-08-05 11:09:54,151] multiqc                                            [DEBUG  ]  No samples found: malt
[2022-08-05 11:09:54,156] multiqc                                            [DEBUG  ]  No samples found: trimmomatic
[2022-08-05 11:09:54,160] multiqc                                            [DEBUG  ]  No samples found: sickle
[2022-08-05 11:09:54,395] multiqc                                            [DEBUG  ]  No samples found: skewer
[2022-08-05 11:09:54,400] multiqc                                            [DEBUG  ]  No samples found: sortmerna
[2022-08-05 11:09:54,405] multiqc                                            [DEBUG  ]  No samples found: biobloomtools
[2022-08-05 11:09:54,641] multiqc                                            [DEBUG  ]  No samples found: fastq_screen
[2022-08-05 11:09:54,645] multiqc                                            [DEBUG  ]  No samples found: afterqc
[2022-08-05 11:09:54,650] multiqc                                            [DEBUG  ]  No samples found: fastp
[2022-08-05 11:09:55,147] multiqc.modules.fastqc.fastqc                      [INFO   ]  Found 4 reports
[2022-08-05 11:09:55,194] multiqc                                            [DEBUG  ]  No samples found: pychopper
[2022-08-05 11:09:55,199] multiqc                                            [DEBUG  ]  No samples found: pycoqc
[2022-08-05 11:09:55,204] multiqc                                            [DEBUG  ]  No samples found: minionqc
[2022-08-05 11:09:55,208] multiqc                                            [DEBUG  ]  No samples found: multivcfanalyzer
[2022-08-05 11:09:55,214] multiqc                                            [DEBUG  ]  No samples found: clusterflow
[2022-08-05 11:09:55,220] multiqc                                            [DEBUG  ]  No samples found: bcl2fastq
[2022-08-05 11:09:55,226] multiqc                                            [DEBUG  ]  No samples found: bclconvert
[2022-08-05 11:09:55,232] multiqc                                            [DEBUG  ]  No samples found: interop
[2022-08-05 11:09:55,236] multiqc                                            [DEBUG  ]  No samples found: ivar
[2022-08-05 11:09:55,241] multiqc                                            [DEBUG  ]  No samples found: flash
[2022-08-05 11:09:55,245] multiqc                                            [DEBUG  ]  No samples found: seqyclean
[2022-08-05 11:09:55,249] multiqc                                            [DEBUG  ]  No samples found: optitype
[2022-08-05 11:09:55,253] multiqc                                            [INFO   ]  Compressing plot data
[2022-08-05 11:09:58,685] multiqc                                            [INFO   ]  Report      : 12467_MGSD_CSIRO.qc.stats/multiqc_report.html
[2022-08-05 11:09:58,685] multiqc                                            [INFO   ]  Data        : 12467_MGSD_CSIRO.qc.stats/multiqc_data
[2022-08-05 11:09:58,685] multiqc                                            [DEBUG  ]  Moving data file from '/tmp/smi9a9.8585374/tmpfipn8n5n/multiqc_data' to '12467_MGSD_CSIRO.qc.stats/multiqc_data'
[2022-08-05 11:09:59,612] multiqc                                            [INFO   ]  MultiQC complete
