[2022-08-05 11:12:21,648] multiqc                                            [DEBUG  ]  This is MultiQC v1.11
[2022-08-05 11:12:21,648] multiqc                                            [DEBUG  ]  No MultiQC config found: /apps/multiqc/1.11/lib/python3.9/site-packages/multiqc_config.yaml
[2022-08-05 11:12:21,648] multiqc                                            [DEBUG  ]  No MultiQC config found: /home/smi9a9/.multiqc_config.yaml
[2022-08-05 11:12:21,670] multiqc                                            [DEBUG  ]  No MultiQC config found: multiqc_config.yaml
[2022-08-05 11:12:21,670] multiqc                                            [DEBUG  ]  Command used: /apps/multiqc/1.11/bin/multiqc ./401581_HL7J5DSX3-1_merged_fastqc.html ./401581_HL7J5DSX3-1_merged_fastqc.zip ./401581_HL7J5DSX3-1_merged.fastq.gz ./401581_HL7J5DSX3-1_R1p_fastqc.html ./401581_HL7J5DSX3-1_R1p_fastqc.zip ./401581_HL7J5DSX3-1_R1p.fastq.gz ./401581_HL7J5DSX3-1_R1R2u_fastqc.html ./401581_HL7J5DSX3-1_R1R2u_fastqc.zip ./401581_HL7J5DSX3-1_R1R2u.fastq.gz ./401581_HL7J5DSX3-1_R2p_fastqc.html ./401581_HL7J5DSX3-1_R2p_fastqc.zip ./401581_HL7J5DSX3-1_R2p.fastq.gz ./401581_QCreads.md5 -o 401581_MGSD_CSIRO.qc.stats
[2022-08-05 11:12:21,672] multiqc                                            [DEBUG  ]  Could not connect to multiqc.info for version check: <urlopen error [Errno 111] Connection refused>
[2022-08-05 11:12:21,672] multiqc                                            [DEBUG  ]  Command     : /apps/multiqc/1.11/bin/multiqc ./401581_HL7J5DSX3-1_merged_fastqc.html ./401581_HL7J5DSX3-1_merged_fastqc.zip ./401581_HL7J5DSX3-1_merged.fastq.gz ./401581_HL7J5DSX3-1_R1p_fastqc.html ./401581_HL7J5DSX3-1_R1p_fastqc.zip ./401581_HL7J5DSX3-1_R1p.fastq.gz ./401581_HL7J5DSX3-1_R1R2u_fastqc.html ./401581_HL7J5DSX3-1_R1R2u_fastqc.zip ./401581_HL7J5DSX3-1_R1R2u.fastq.gz ./401581_HL7J5DSX3-1_R2p_fastqc.html ./401581_HL7J5DSX3-1_R2p_fastqc.zip ./401581_HL7J5DSX3-1_R2p.fastq.gz ./401581_QCreads.md5 -o 401581_MGSD_CSIRO.qc.stats
[2022-08-05 11:12:21,672] multiqc                                            [DEBUG  ]  Working dir : /datasets/work/oa-amd/work/amd/Metagenome_QC_reads
[2022-08-05 11:12:21,672] multiqc                                            [DEBUG  ]  Template    : default
[2022-08-05 11:12:21,672] multiqc                                            [DEBUG  ]  Running Python 3.9.4 (default, Apr 25 2021, 16:13:27)  [GCC 10.3.0]
[2022-08-05 11:12:21,673] multiqc                                            [DEBUG  ]  Analysing modules: custom_content, ccs, ngsderive, purple, conpair, lima, peddy, somalier, methylQA, mosdepth, phantompeakqualtools, qualimap, preseq, quast, qorts, rna_seqc, rockhopper, rsem, rseqc, busco, bustools, goleft_indexcov, gffcompare, disambiguate, supernova, deeptools, sargasso, verifybamid, mirtrace, happy, mirtop, sambamba, homer, hops, macs2, theta2, snpeff, gatk, htseq, bcftools, featureCounts, fgbio, dragen, dedup, damageprofiler, biobambam2, jcvi, mtnucratio, picard, vep, sentieon, prokka, qc3C, nanostat, samblaster, samtools, sexdeterrmine, eigenstratdatabasetools, bamtools, jellyfish, vcftools, longranger, stacks, varscan2, snippy, bbmap, bismark, biscuit, hicexplorer, hicup, hicpro, salmon, kallisto, slamdunk, star, hisat2, tophat, bowtie2, bowtie1, snpsplit, odgi, pangolin, kat, leehom, adapterRemoval, clipandmerge, cutadapt, flexbar, kaiju, kraken, malt, trimmomatic, sickle, skewer, sortmerna, biobloomtools, fastq_screen, afterqc, fastp, fastqc, pychopper, pycoqc, minionqc, multivcfanalyzer, clusterflow, bcl2fastq, bclconvert, interop, ivar, flash, seqyclean, optitype
[2022-08-05 11:12:21,673] multiqc                                            [DEBUG  ]  Using temporary directory for creating report: /tmp/smi9a9.8586207/tmpj_k6357t
[2022-08-05 11:12:21,735] multiqc                                            [INFO   ]  Search path : /datasets/work/oa-amd/work/amd/Metagenome_QC_reads/401581_HL7J5DSX3-1_merged_fastqc.html
[2022-08-05 11:12:21,735] multiqc                                            [INFO   ]  Search path : /datasets/work/oa-amd/work/amd/Metagenome_QC_reads/401581_HL7J5DSX3-1_merged_fastqc.zip
[2022-08-05 11:12:21,735] multiqc                                            [INFO   ]  Search path : /datasets/work/oa-amd/work/amd/Metagenome_QC_reads/401581_HL7J5DSX3-1_merged.fastq.gz
[2022-08-05 11:12:21,735] multiqc                                            [INFO   ]  Search path : /datasets/work/oa-amd/work/amd/Metagenome_QC_reads/401581_HL7J5DSX3-1_R1p_fastqc.html
[2022-08-05 11:12:21,735] multiqc                                            [INFO   ]  Search path : /datasets/work/oa-amd/work/amd/Metagenome_QC_reads/401581_HL7J5DSX3-1_R1p_fastqc.zip
[2022-08-05 11:12:21,735] multiqc                                            [INFO   ]  Search path : /datasets/work/oa-amd/work/amd/Metagenome_QC_reads/401581_HL7J5DSX3-1_R1p.fastq.gz
[2022-08-05 11:12:21,735] multiqc                                            [INFO   ]  Search path : /datasets/work/oa-amd/work/amd/Metagenome_QC_reads/401581_HL7J5DSX3-1_R1R2u_fastqc.html
[2022-08-05 11:12:21,735] multiqc                                            [INFO   ]  Search path : /datasets/work/oa-amd/work/amd/Metagenome_QC_reads/401581_HL7J5DSX3-1_R1R2u_fastqc.zip
[2022-08-05 11:12:21,735] multiqc                                            [INFO   ]  Search path : /datasets/work/oa-amd/work/amd/Metagenome_QC_reads/401581_HL7J5DSX3-1_R1R2u.fastq.gz
[2022-08-05 11:12:21,735] multiqc                                            [INFO   ]  Search path : /datasets/work/oa-amd/work/amd/Metagenome_QC_reads/401581_HL7J5DSX3-1_R2p_fastqc.html
[2022-08-05 11:12:21,735] multiqc                                            [INFO   ]  Search path : /datasets/work/oa-amd/work/amd/Metagenome_QC_reads/401581_HL7J5DSX3-1_R2p_fastqc.zip
[2022-08-05 11:12:21,735] multiqc                                            [INFO   ]  Search path : /datasets/work/oa-amd/work/amd/Metagenome_QC_reads/401581_HL7J5DSX3-1_R2p.fastq.gz
[2022-08-05 11:12:21,735] multiqc                                            [INFO   ]  Search path : /datasets/work/oa-amd/work/amd/Metagenome_QC_reads/401581_QCreads.md5
[2022-08-05 11:12:21,832] multiqc                                            [DEBUG  ]  File ignored by ccs/v4 because it exceeded search pattern filesize limit: 401581_HL7J5DSX3-1_merged_fastqc.html
[2022-08-05 11:12:21,853] multiqc                                            [DEBUG  ]  File ignored by hicexplorer because it exceeded search pattern filesize limit: 401581_HL7J5DSX3-1_merged_fastqc.html
[2022-08-05 11:12:21,854] multiqc                                            [DEBUG  ]  File ignored by nanostat because it exceeded search pattern filesize limit: 401581_HL7J5DSX3-1_merged_fastqc.html
[2022-08-05 11:12:21,854] multiqc                                            [DEBUG  ]  File ignored by lima/summary because it exceeded search pattern filesize limit: 401581_HL7J5DSX3-1_merged_fastqc.html
[2022-08-05 11:12:21,874] multiqc                                            [DEBUG  ]  File ignored by vep/vep_txt because it exceeded search pattern filesize limit: 401581_HL7J5DSX3-1_merged_fastqc.html
[2022-08-05 11:12:21,874] multiqc                                            [DEBUG  ]  File ignored by longranger/invocation because it exceeded search pattern filesize limit: 401581_HL7J5DSX3-1_merged_fastqc.html
[2022-08-05 11:12:21,874] multiqc                                            [DEBUG  ]  File ignored by rockhopper because it exceeded search pattern filesize limit: 401581_HL7J5DSX3-1_merged_fastqc.html
[2022-08-05 11:12:21,874] multiqc                                            [DEBUG  ]  File ignored by rseqc/bam_stat because it exceeded search pattern filesize limit: 401581_HL7J5DSX3-1_merged_fastqc.html
[2022-08-05 11:12:21,874] multiqc                                            [DEBUG  ]  File ignored by rseqc/junction_annotation because it exceeded search pattern filesize limit: 401581_HL7J5DSX3-1_merged_fastqc.html
[2022-08-05 11:12:21,874] multiqc                                            [DEBUG  ]  File ignored by rseqc/read_distribution because it exceeded search pattern filesize limit: 401581_HL7J5DSX3-1_merged_fastqc.html
[2022-08-05 11:12:21,874] multiqc                                            [DEBUG  ]  File ignored by rseqc/infer_experiment because it exceeded search pattern filesize limit: 401581_HL7J5DSX3-1_merged_fastqc.html
[2022-08-05 11:12:21,967] multiqc                                            [DEBUG  ]  Ignoring file as matched an ignore pattern: 401581_HL7J5DSX3-1_merged.fastq.gz
[2022-08-05 11:12:22,038] multiqc                                            [DEBUG  ]  File ignored by ccs/v4 because it exceeded search pattern filesize limit: 401581_HL7J5DSX3-1_R1p_fastqc.html
[2022-08-05 11:12:22,050] multiqc                                            [DEBUG  ]  File ignored by hicexplorer because it exceeded search pattern filesize limit: 401581_HL7J5DSX3-1_R1p_fastqc.html
[2022-08-05 11:12:22,051] multiqc                                            [DEBUG  ]  File ignored by nanostat because it exceeded search pattern filesize limit: 401581_HL7J5DSX3-1_R1p_fastqc.html
[2022-08-05 11:12:22,051] multiqc                                            [DEBUG  ]  File ignored by lima/summary because it exceeded search pattern filesize limit: 401581_HL7J5DSX3-1_R1p_fastqc.html
[2022-08-05 11:12:22,068] multiqc                                            [DEBUG  ]  File ignored by vep/vep_txt because it exceeded search pattern filesize limit: 401581_HL7J5DSX3-1_R1p_fastqc.html
[2022-08-05 11:12:22,068] multiqc                                            [DEBUG  ]  File ignored by longranger/invocation because it exceeded search pattern filesize limit: 401581_HL7J5DSX3-1_R1p_fastqc.html
[2022-08-05 11:12:22,068] multiqc                                            [DEBUG  ]  File ignored by rockhopper because it exceeded search pattern filesize limit: 401581_HL7J5DSX3-1_R1p_fastqc.html
[2022-08-05 11:12:22,068] multiqc                                            [DEBUG  ]  File ignored by rseqc/bam_stat because it exceeded search pattern filesize limit: 401581_HL7J5DSX3-1_R1p_fastqc.html
[2022-08-05 11:12:22,068] multiqc                                            [DEBUG  ]  File ignored by rseqc/junction_annotation because it exceeded search pattern filesize limit: 401581_HL7J5DSX3-1_R1p_fastqc.html
[2022-08-05 11:12:22,069] multiqc                                            [DEBUG  ]  File ignored by rseqc/read_distribution because it exceeded search pattern filesize limit: 401581_HL7J5DSX3-1_R1p_fastqc.html
[2022-08-05 11:12:22,069] multiqc                                            [DEBUG  ]  File ignored by rseqc/infer_experiment because it exceeded search pattern filesize limit: 401581_HL7J5DSX3-1_R1p_fastqc.html
[2022-08-05 11:12:22,195] multiqc                                            [DEBUG  ]  Ignoring file as matched an ignore pattern: 401581_HL7J5DSX3-1_R1p.fastq.gz
[2022-08-05 11:12:22,366] multiqc                                            [DEBUG  ]  File ignored by ccs/v4 because it exceeded search pattern filesize limit: 401581_HL7J5DSX3-1_R1R2u_fastqc.html
[2022-08-05 11:12:22,657] multiqc                                            [DEBUG  ]  File ignored by hicexplorer because it exceeded search pattern filesize limit: 401581_HL7J5DSX3-1_R1R2u_fastqc.html
[2022-08-05 11:12:22,658] multiqc                                            [DEBUG  ]  File ignored by nanostat because it exceeded search pattern filesize limit: 401581_HL7J5DSX3-1_R1R2u_fastqc.html
[2022-08-05 11:12:22,658] multiqc                                            [DEBUG  ]  File ignored by lima/summary because it exceeded search pattern filesize limit: 401581_HL7J5DSX3-1_R1R2u_fastqc.html
[2022-08-05 11:12:22,678] multiqc                                            [DEBUG  ]  File ignored by vep/vep_txt because it exceeded search pattern filesize limit: 401581_HL7J5DSX3-1_R1R2u_fastqc.html
[2022-08-05 11:12:22,678] multiqc                                            [DEBUG  ]  File ignored by longranger/invocation because it exceeded search pattern filesize limit: 401581_HL7J5DSX3-1_R1R2u_fastqc.html
[2022-08-05 11:12:22,678] multiqc                                            [DEBUG  ]  File ignored by rockhopper because it exceeded search pattern filesize limit: 401581_HL7J5DSX3-1_R1R2u_fastqc.html
[2022-08-05 11:12:22,678] multiqc                                            [DEBUG  ]  File ignored by rseqc/bam_stat because it exceeded search pattern filesize limit: 401581_HL7J5DSX3-1_R1R2u_fastqc.html
[2022-08-05 11:12:22,678] multiqc                                            [DEBUG  ]  File ignored by rseqc/junction_annotation because it exceeded search pattern filesize limit: 401581_HL7J5DSX3-1_R1R2u_fastqc.html
[2022-08-05 11:12:22,678] multiqc                                            [DEBUG  ]  File ignored by rseqc/read_distribution because it exceeded search pattern filesize limit: 401581_HL7J5DSX3-1_R1R2u_fastqc.html
[2022-08-05 11:12:22,678] multiqc                                            [DEBUG  ]  File ignored by rseqc/infer_experiment because it exceeded search pattern filesize limit: 401581_HL7J5DSX3-1_R1R2u_fastqc.html
[2022-08-05 11:12:22,785] multiqc                                            [DEBUG  ]  Ignoring file as matched an ignore pattern: 401581_HL7J5DSX3-1_R1R2u.fastq.gz
[2022-08-05 11:12:23,512] multiqc                                            [DEBUG  ]  File ignored by ccs/v4 because it exceeded search pattern filesize limit: 401581_HL7J5DSX3-1_R2p_fastqc.html
[2022-08-05 11:12:23,519] multiqc                                            [DEBUG  ]  File ignored by hicexplorer because it exceeded search pattern filesize limit: 401581_HL7J5DSX3-1_R2p_fastqc.html
[2022-08-05 11:12:23,520] multiqc                                            [DEBUG  ]  File ignored by nanostat because it exceeded search pattern filesize limit: 401581_HL7J5DSX3-1_R2p_fastqc.html
[2022-08-05 11:12:23,520] multiqc                                            [DEBUG  ]  File ignored by lima/summary because it exceeded search pattern filesize limit: 401581_HL7J5DSX3-1_R2p_fastqc.html
[2022-08-05 11:12:23,536] multiqc                                            [DEBUG  ]  File ignored by vep/vep_txt because it exceeded search pattern filesize limit: 401581_HL7J5DSX3-1_R2p_fastqc.html
[2022-08-05 11:12:23,536] multiqc                                            [DEBUG  ]  File ignored by longranger/invocation because it exceeded search pattern filesize limit: 401581_HL7J5DSX3-1_R2p_fastqc.html
[2022-08-05 11:12:23,536] multiqc                                            [DEBUG  ]  File ignored by rockhopper because it exceeded search pattern filesize limit: 401581_HL7J5DSX3-1_R2p_fastqc.html
[2022-08-05 11:12:23,536] multiqc                                            [DEBUG  ]  File ignored by rseqc/bam_stat because it exceeded search pattern filesize limit: 401581_HL7J5DSX3-1_R2p_fastqc.html
[2022-08-05 11:12:23,536] multiqc                                            [DEBUG  ]  File ignored by rseqc/junction_annotation because it exceeded search pattern filesize limit: 401581_HL7J5DSX3-1_R2p_fastqc.html
[2022-08-05 11:12:23,536] multiqc                                            [DEBUG  ]  File ignored by rseqc/read_distribution because it exceeded search pattern filesize limit: 401581_HL7J5DSX3-1_R2p_fastqc.html
[2022-08-05 11:12:23,536] multiqc                                            [DEBUG  ]  File ignored by rseqc/infer_experiment because it exceeded search pattern filesize limit: 401581_HL7J5DSX3-1_R2p_fastqc.html
[2022-08-05 11:12:23,607] multiqc                                            [DEBUG  ]  Ignoring file as matched an ignore pattern: 401581_HL7J5DSX3-1_R2p.fastq.gz
[2022-08-05 11:12:23,609] multiqc                                            [DEBUG  ]  Ignoring file as matched an ignore pattern: 401581_QCreads.md5
[2022-08-05 11:12:24,148] multiqc.plots.bargraph                             [DEBUG  ]  Using matplotlib version 3.3.4
[2022-08-05 11:12:24,152] multiqc.plots.linegraph                            [DEBUG  ]  Using matplotlib version 3.3.4
[2022-08-05 11:12:24,155] multiqc                                            [DEBUG  ]  No samples found: custom_content
[2022-08-05 11:12:24,160] multiqc                                            [DEBUG  ]  No samples found: ccs
[2022-08-05 11:12:24,166] multiqc                                            [DEBUG  ]  No samples found: ngsderive
[2022-08-05 11:12:24,170] multiqc                                            [DEBUG  ]  No samples found: purple
[2022-08-05 11:12:24,174] multiqc                                            [DEBUG  ]  No samples found: conpair
[2022-08-05 11:12:24,179] multiqc                                            [DEBUG  ]  No samples found: lima
[2022-08-05 11:12:24,184] multiqc                                            [DEBUG  ]  No samples found: peddy
[2022-08-05 11:12:24,191] multiqc                                            [DEBUG  ]  No samples found: somalier
[2022-08-05 11:12:24,196] multiqc                                            [DEBUG  ]  No samples found: methylQA
[2022-08-05 11:12:24,211] multiqc.modules.mosdepth.mosdepth                  [DEBUG  ]  include_contigs: []
[2022-08-05 11:12:24,211] multiqc.modules.mosdepth.mosdepth                  [DEBUG  ]  exclude_contigs: []
[2022-08-05 11:12:24,211] multiqc                                            [DEBUG  ]  No samples found: mosdepth
[2022-08-05 11:12:24,215] multiqc                                            [DEBUG  ]  No samples found: phantompeakqualtools
[2022-08-05 11:12:24,219] multiqc                                            [DEBUG  ]  No samples found: qualimap
[2022-08-05 11:12:24,225] multiqc                                            [DEBUG  ]  No samples found: preseq
[2022-08-05 11:12:24,230] multiqc                                            [DEBUG  ]  No samples found: quast
[2022-08-05 11:12:24,235] multiqc                                            [DEBUG  ]  No samples found: qorts
[2022-08-05 11:12:24,240] multiqc                                            [DEBUG  ]  No samples found: rna_seqc
[2022-08-05 11:12:24,245] multiqc                                            [DEBUG  ]  No samples found: rockhopper
[2022-08-05 11:12:24,252] multiqc                                            [DEBUG  ]  No samples found: rsem
[2022-08-05 11:12:24,283] multiqc                                            [DEBUG  ]  No samples found: rseqc
[2022-08-05 11:12:24,287] multiqc                                            [DEBUG  ]  No samples found: busco
[2022-08-05 11:12:24,292] multiqc                                            [DEBUG  ]  No samples found: bustools
[2022-08-05 11:12:24,296] multiqc                                            [DEBUG  ]  No samples found: goleft_indexcov
[2022-08-05 11:12:24,303] multiqc                                            [DEBUG  ]  No samples found: gffcompare
[2022-08-05 11:12:24,308] multiqc                                            [DEBUG  ]  No samples found: disambiguate
[2022-08-05 11:12:24,314] multiqc                                            [DEBUG  ]  No samples found: supernova
[2022-08-05 11:12:24,340] multiqc                                            [DEBUG  ]  No samples found: deeptools
[2022-08-05 11:12:24,344] multiqc                                            [DEBUG  ]  No samples found: sargasso
[2022-08-05 11:12:24,349] multiqc                                            [DEBUG  ]  No samples found: verifybamid
[2022-08-05 11:12:24,354] multiqc                                            [DEBUG  ]  No samples found: mirtrace
[2022-08-05 11:12:24,359] multiqc                                            [DEBUG  ]  No samples found: happy
[2022-08-05 11:12:24,364] multiqc                                            [DEBUG  ]  No samples found: mirtop
[2022-08-05 11:12:24,371] multiqc                                            [DEBUG  ]  No samples found: sambamba
[2022-08-05 11:12:24,382] multiqc                                            [DEBUG  ]  No samples found: homer
[2022-08-05 11:12:24,386] multiqc                                            [DEBUG  ]  No samples found: hops
[2022-08-05 11:12:24,390] multiqc                                            [DEBUG  ]  No samples found: macs2
[2022-08-05 11:12:24,394] multiqc                                            [DEBUG  ]  No samples found: theta2
[2022-08-05 11:12:24,399] multiqc                                            [DEBUG  ]  No samples found: snpeff
[2022-08-05 11:12:24,407] multiqc                                            [DEBUG  ]  No samples found: gatk
[2022-08-05 11:12:24,412] multiqc                                            [DEBUG  ]  No samples found: htseq
[2022-08-05 11:12:24,418] multiqc                                            [DEBUG  ]  No samples found: bcftools
[2022-08-05 11:12:24,422] multiqc                                            [DEBUG  ]  No samples found: featureCounts
[2022-08-05 11:12:24,430] multiqc                                            [DEBUG  ]  No samples found: fgbio
[2022-08-05 11:12:24,449] multiqc                                            [DEBUG  ]  No samples found: dragen
[2022-08-05 11:12:24,455] multiqc                                            [DEBUG  ]  No samples found: dedup
[2022-08-05 11:12:24,461] multiqc                                            [DEBUG  ]  No samples found: damageprofiler
[2022-08-05 11:12:24,506] multiqc                                            [DEBUG  ]  No samples found: biobambam2
[2022-08-05 11:12:24,511] multiqc                                            [DEBUG  ]  No samples found: jcvi
[2022-08-05 11:12:24,516] multiqc                                            [DEBUG  ]  No samples found: mtnucratio
[2022-08-05 11:12:24,518] multiqc                                            [DEBUG  ]  No samples found: picard
[2022-08-05 11:12:24,524] multiqc                                            [DEBUG  ]  No samples found: vep
[2022-08-05 11:12:24,532] multiqc                                            [DEBUG  ]  No samples found: sentieon
[2022-08-05 11:12:24,538] multiqc                                            [DEBUG  ]  No samples found: prokka
[2022-08-05 11:12:24,546] multiqc                                            [DEBUG  ]  No samples found: qc3C
[2022-08-05 11:12:24,551] multiqc                                            [DEBUG  ]  No samples found: nanostat
[2022-08-05 11:12:24,556] multiqc                                            [DEBUG  ]  No samples found: samblaster
[2022-08-05 11:12:24,568] multiqc                                            [DEBUG  ]  No samples found: samtools
[2022-08-05 11:12:24,573] multiqc                                            [DEBUG  ]  No samples found: sexdeterrmine
[2022-08-05 11:12:24,578] multiqc                                            [DEBUG  ]  No samples found: eigenstratdatabasetools
[2022-08-05 11:12:24,583] multiqc                                            [DEBUG  ]  No samples found: bamtools
[2022-08-05 11:12:24,588] multiqc                                            [DEBUG  ]  No samples found: jellyfish
[2022-08-05 11:12:24,596] multiqc                                            [DEBUG  ]  No samples found: vcftools
[2022-08-05 11:12:24,602] multiqc                                            [DEBUG  ]  No samples found: longranger
[2022-08-05 11:12:24,607] multiqc                                            [DEBUG  ]  No samples found: stacks
[2022-08-05 11:12:24,612] multiqc                                            [DEBUG  ]  No samples found: varscan2
[2022-08-05 11:12:24,617] multiqc                                            [DEBUG  ]  No samples found: snippy
[2022-08-05 11:12:24,638] multiqc                                            [DEBUG  ]  No samples found: bbmap
[2022-08-05 11:12:24,645] multiqc                                            [DEBUG  ]  No samples found: bismark
[2022-08-05 11:12:24,654] multiqc                                            [DEBUG  ]  No samples found: biscuit
[2022-08-05 11:12:24,660] multiqc                                            [DEBUG  ]  No samples found: hicexplorer
[2022-08-05 11:12:24,666] multiqc                                            [DEBUG  ]  No samples found: hicup
[2022-08-05 11:12:24,672] multiqc                                            [DEBUG  ]  No samples found: hicpro
[2022-08-05 11:12:24,908] multiqc                                            [DEBUG  ]  No samples found: salmon
[2022-08-05 11:12:24,913] multiqc                                            [DEBUG  ]  No samples found: kallisto
[2022-08-05 11:12:24,921] multiqc                                            [DEBUG  ]  No samples found: slamdunk
[2022-08-05 11:12:24,926] multiqc                                            [DEBUG  ]  No samples found: star
[2022-08-05 11:12:24,931] multiqc                                            [DEBUG  ]  No samples found: hisat2
[2022-08-05 11:12:24,937] multiqc                                            [DEBUG  ]  No samples found: tophat
[2022-08-05 11:12:24,942] multiqc                                            [DEBUG  ]  No samples found: bowtie2
[2022-08-05 11:12:24,948] multiqc                                            [DEBUG  ]  No samples found: bowtie1
[2022-08-05 11:12:24,953] multiqc                                            [DEBUG  ]  No samples found: snpsplit
[2022-08-05 11:12:24,959] multiqc                                            [DEBUG  ]  No samples found: odgi
[2022-08-05 11:12:24,965] multiqc                                            [DEBUG  ]  No samples found: pangolin
[2022-08-05 11:12:24,970] multiqc                                            [DEBUG  ]  No samples found: kat
[2022-08-05 11:12:24,974] multiqc                                            [DEBUG  ]  No samples found: leehom
[2022-08-05 11:12:24,980] multiqc                                            [DEBUG  ]  No samples found: adapterRemoval
[2022-08-05 11:12:24,986] multiqc                                            [DEBUG  ]  No samples found: clipandmerge
[2022-08-05 11:12:24,991] multiqc                                            [DEBUG  ]  No samples found: cutadapt
[2022-08-05 11:12:24,996] multiqc                                            [DEBUG  ]  No samples found: flexbar
[2022-08-05 11:12:25,002] multiqc                                            [DEBUG  ]  No samples found: kaiju
[2022-08-05 11:12:25,008] multiqc                                            [DEBUG  ]  No samples found: kraken
[2022-08-05 11:12:25,012] multiqc                                            [DEBUG  ]  No samples found: malt
[2022-08-05 11:12:25,017] multiqc                                            [DEBUG  ]  No samples found: trimmomatic
[2022-08-05 11:12:25,022] multiqc                                            [DEBUG  ]  No samples found: sickle
[2022-08-05 11:12:25,027] multiqc                                            [DEBUG  ]  No samples found: skewer
[2022-08-05 11:12:25,032] multiqc                                            [DEBUG  ]  No samples found: sortmerna
[2022-08-05 11:12:25,036] multiqc                                            [DEBUG  ]  No samples found: biobloomtools
[2022-08-05 11:12:25,042] multiqc                                            [DEBUG  ]  No samples found: fastq_screen
[2022-08-05 11:12:25,047] multiqc                                            [DEBUG  ]  No samples found: afterqc
[2022-08-05 11:12:25,053] multiqc                                            [DEBUG  ]  No samples found: fastp
[2022-08-05 11:12:25,757] multiqc.modules.fastqc.fastqc                      [INFO   ]  Found 4 reports
[2022-08-05 11:12:25,804] multiqc                                            [DEBUG  ]  No samples found: pychopper
[2022-08-05 11:12:25,809] multiqc                                            [DEBUG  ]  No samples found: pycoqc
[2022-08-05 11:12:25,814] multiqc                                            [DEBUG  ]  No samples found: minionqc
[2022-08-05 11:12:25,818] multiqc                                            [DEBUG  ]  No samples found: multivcfanalyzer
[2022-08-05 11:12:25,823] multiqc                                            [DEBUG  ]  No samples found: clusterflow
[2022-08-05 11:12:25,829] multiqc                                            [DEBUG  ]  No samples found: bcl2fastq
[2022-08-05 11:12:25,836] multiqc                                            [DEBUG  ]  No samples found: bclconvert
[2022-08-05 11:12:25,841] multiqc                                            [DEBUG  ]  No samples found: interop
[2022-08-05 11:12:25,845] multiqc                                            [DEBUG  ]  No samples found: ivar
[2022-08-05 11:12:25,851] multiqc                                            [DEBUG  ]  No samples found: flash
[2022-08-05 11:12:25,855] multiqc                                            [DEBUG  ]  No samples found: seqyclean
[2022-08-05 11:12:25,859] multiqc                                            [DEBUG  ]  No samples found: optitype
[2022-08-05 11:12:25,863] multiqc                                            [INFO   ]  Compressing plot data
[2022-08-05 11:12:25,989] multiqc                                            [INFO   ]  Report      : 401581_MGSD_CSIRO.qc.stats/multiqc_report.html
[2022-08-05 11:12:25,989] multiqc                                            [INFO   ]  Data        : 401581_MGSD_CSIRO.qc.stats/multiqc_data
[2022-08-05 11:12:25,990] multiqc                                            [DEBUG  ]  Moving data file from '/tmp/smi9a9.8586207/tmpj_k6357t/multiqc_data' to '401581_MGSD_CSIRO.qc.stats/multiqc_data'
[2022-08-05 11:12:26,214] multiqc                                            [INFO   ]  MultiQC complete
