[2022-08-05 11:12:04,076] multiqc                                            [DEBUG  ]  This is MultiQC v1.11
[2022-08-05 11:12:04,076] multiqc                                            [DEBUG  ]  No MultiQC config found: /apps/multiqc/1.11/lib/python3.9/site-packages/multiqc_config.yaml
[2022-08-05 11:12:04,076] multiqc                                            [DEBUG  ]  No MultiQC config found: /home/smi9a9/.multiqc_config.yaml
[2022-08-05 11:12:05,513] multiqc                                            [DEBUG  ]  No MultiQC config found: multiqc_config.yaml
[2022-08-05 11:12:05,513] multiqc                                            [DEBUG  ]  Command used: /apps/multiqc/1.11/bin/multiqc ./9438_combined_merged_fastqc.html ./9438_combined_merged_fastqc.zip ./9438_combined_merged.fastq.gz ./9438_combined_R1p_fastqc.html ./9438_combined_R1p_fastqc.zip ./9438_combined_R1p.fastq.gz ./9438_combined_R1R2u_fastqc.html ./9438_combined_R1R2u_fastqc.zip ./9438_combined_R1R2u.fastq.gz ./9438_combined_R2p_fastqc.html ./9438_combined_R2p_fastqc.zip ./9438_combined_R2p.fastq.gz ./9438_QCreads.md5 -o 9438_MGSD_CSIRO.qc.stats
[2022-08-05 11:12:05,515] multiqc                                            [DEBUG  ]  Could not connect to multiqc.info for version check: <urlopen error [Errno 111] Connection refused>
[2022-08-05 11:12:05,515] multiqc                                            [DEBUG  ]  Command     : /apps/multiqc/1.11/bin/multiqc ./9438_combined_merged_fastqc.html ./9438_combined_merged_fastqc.zip ./9438_combined_merged.fastq.gz ./9438_combined_R1p_fastqc.html ./9438_combined_R1p_fastqc.zip ./9438_combined_R1p.fastq.gz ./9438_combined_R1R2u_fastqc.html ./9438_combined_R1R2u_fastqc.zip ./9438_combined_R1R2u.fastq.gz ./9438_combined_R2p_fastqc.html ./9438_combined_R2p_fastqc.zip ./9438_combined_R2p.fastq.gz ./9438_QCreads.md5 -o 9438_MGSD_CSIRO.qc.stats
[2022-08-05 11:12:05,515] multiqc                                            [DEBUG  ]  Working dir : /datasets/work/oa-amd/work/amd/Metagenome_QC_reads
[2022-08-05 11:12:05,515] multiqc                                            [DEBUG  ]  Template    : default
[2022-08-05 11:12:05,515] multiqc                                            [DEBUG  ]  Running Python 3.9.4 (default, Apr 25 2021, 16:13:27)  [GCC 10.3.0]
[2022-08-05 11:12:05,516] multiqc                                            [DEBUG  ]  Analysing modules: custom_content, ccs, ngsderive, purple, conpair, lima, peddy, somalier, methylQA, mosdepth, phantompeakqualtools, qualimap, preseq, quast, qorts, rna_seqc, rockhopper, rsem, rseqc, busco, bustools, goleft_indexcov, gffcompare, disambiguate, supernova, deeptools, sargasso, verifybamid, mirtrace, happy, mirtop, sambamba, homer, hops, macs2, theta2, snpeff, gatk, htseq, bcftools, featureCounts, fgbio, dragen, dedup, damageprofiler, biobambam2, jcvi, mtnucratio, picard, vep, sentieon, prokka, qc3C, nanostat, samblaster, samtools, sexdeterrmine, eigenstratdatabasetools, bamtools, jellyfish, vcftools, longranger, stacks, varscan2, snippy, bbmap, bismark, biscuit, hicexplorer, hicup, hicpro, salmon, kallisto, slamdunk, star, hisat2, tophat, bowtie2, bowtie1, snpsplit, odgi, pangolin, kat, leehom, adapterRemoval, clipandmerge, cutadapt, flexbar, kaiju, kraken, malt, trimmomatic, sickle, skewer, sortmerna, biobloomtools, fastq_screen, afterqc, fastp, fastqc, pychopper, pycoqc, minionqc, multivcfanalyzer, clusterflow, bcl2fastq, bclconvert, interop, ivar, flash, seqyclean, optitype
[2022-08-05 11:12:05,516] multiqc                                            [DEBUG  ]  Using temporary directory for creating report: /tmp/smi9a9.8585896/tmpqquafl1r
[2022-08-05 11:12:05,579] multiqc                                            [INFO   ]  Search path : /datasets/work/oa-amd/work/amd/Metagenome_QC_reads/9438_combined_merged_fastqc.html
[2022-08-05 11:12:05,579] multiqc                                            [INFO   ]  Search path : /datasets/work/oa-amd/work/amd/Metagenome_QC_reads/9438_combined_merged_fastqc.zip
[2022-08-05 11:12:05,579] multiqc                                            [INFO   ]  Search path : /datasets/work/oa-amd/work/amd/Metagenome_QC_reads/9438_combined_merged.fastq.gz
[2022-08-05 11:12:05,579] multiqc                                            [INFO   ]  Search path : /datasets/work/oa-amd/work/amd/Metagenome_QC_reads/9438_combined_R1p_fastqc.html
[2022-08-05 11:12:05,579] multiqc                                            [INFO   ]  Search path : /datasets/work/oa-amd/work/amd/Metagenome_QC_reads/9438_combined_R1p_fastqc.zip
[2022-08-05 11:12:05,579] multiqc                                            [INFO   ]  Search path : /datasets/work/oa-amd/work/amd/Metagenome_QC_reads/9438_combined_R1p.fastq.gz
[2022-08-05 11:12:05,579] multiqc                                            [INFO   ]  Search path : /datasets/work/oa-amd/work/amd/Metagenome_QC_reads/9438_combined_R1R2u_fastqc.html
[2022-08-05 11:12:05,579] multiqc                                            [INFO   ]  Search path : /datasets/work/oa-amd/work/amd/Metagenome_QC_reads/9438_combined_R1R2u_fastqc.zip
[2022-08-05 11:12:05,579] multiqc                                            [INFO   ]  Search path : /datasets/work/oa-amd/work/amd/Metagenome_QC_reads/9438_combined_R1R2u.fastq.gz
[2022-08-05 11:12:05,579] multiqc                                            [INFO   ]  Search path : /datasets/work/oa-amd/work/amd/Metagenome_QC_reads/9438_combined_R2p_fastqc.html
[2022-08-05 11:12:05,579] multiqc                                            [INFO   ]  Search path : /datasets/work/oa-amd/work/amd/Metagenome_QC_reads/9438_combined_R2p_fastqc.zip
[2022-08-05 11:12:05,579] multiqc                                            [INFO   ]  Search path : /datasets/work/oa-amd/work/amd/Metagenome_QC_reads/9438_combined_R2p.fastq.gz
[2022-08-05 11:12:05,579] multiqc                                            [INFO   ]  Search path : /datasets/work/oa-amd/work/amd/Metagenome_QC_reads/9438_QCreads.md5
[2022-08-05 11:12:06,790] multiqc                                            [DEBUG  ]  File ignored by ccs/v4 because it exceeded search pattern filesize limit: 9438_combined_merged_fastqc.html
[2022-08-05 11:12:06,798] multiqc                                            [DEBUG  ]  File ignored by hicexplorer because it exceeded search pattern filesize limit: 9438_combined_merged_fastqc.html
[2022-08-05 11:12:06,799] multiqc                                            [DEBUG  ]  File ignored by nanostat because it exceeded search pattern filesize limit: 9438_combined_merged_fastqc.html
[2022-08-05 11:12:06,799] multiqc                                            [DEBUG  ]  File ignored by lima/summary because it exceeded search pattern filesize limit: 9438_combined_merged_fastqc.html
[2022-08-05 11:12:06,815] multiqc                                            [DEBUG  ]  File ignored by vep/vep_txt because it exceeded search pattern filesize limit: 9438_combined_merged_fastqc.html
[2022-08-05 11:12:06,815] multiqc                                            [DEBUG  ]  File ignored by longranger/invocation because it exceeded search pattern filesize limit: 9438_combined_merged_fastqc.html
[2022-08-05 11:12:06,815] multiqc                                            [DEBUG  ]  File ignored by rockhopper because it exceeded search pattern filesize limit: 9438_combined_merged_fastqc.html
[2022-08-05 11:12:06,815] multiqc                                            [DEBUG  ]  File ignored by rseqc/bam_stat because it exceeded search pattern filesize limit: 9438_combined_merged_fastqc.html
[2022-08-05 11:12:06,815] multiqc                                            [DEBUG  ]  File ignored by rseqc/junction_annotation because it exceeded search pattern filesize limit: 9438_combined_merged_fastqc.html
[2022-08-05 11:12:06,815] multiqc                                            [DEBUG  ]  File ignored by rseqc/read_distribution because it exceeded search pattern filesize limit: 9438_combined_merged_fastqc.html
[2022-08-05 11:12:06,816] multiqc                                            [DEBUG  ]  File ignored by rseqc/infer_experiment because it exceeded search pattern filesize limit: 9438_combined_merged_fastqc.html
[2022-08-05 11:12:07,435] multiqc                                            [DEBUG  ]  Ignoring file as matched an ignore pattern: 9438_combined_merged.fastq.gz
[2022-08-05 11:12:07,861] multiqc                                            [DEBUG  ]  File ignored by ccs/v4 because it exceeded search pattern filesize limit: 9438_combined_R1p_fastqc.html
[2022-08-05 11:12:07,868] multiqc                                            [DEBUG  ]  File ignored by hicexplorer because it exceeded search pattern filesize limit: 9438_combined_R1p_fastqc.html
[2022-08-05 11:12:07,868] multiqc                                            [DEBUG  ]  File ignored by nanostat because it exceeded search pattern filesize limit: 9438_combined_R1p_fastqc.html
[2022-08-05 11:12:07,868] multiqc                                            [DEBUG  ]  File ignored by lima/summary because it exceeded search pattern filesize limit: 9438_combined_R1p_fastqc.html
[2022-08-05 11:12:08,003] multiqc                                            [DEBUG  ]  File ignored by vep/vep_txt because it exceeded search pattern filesize limit: 9438_combined_R1p_fastqc.html
[2022-08-05 11:12:08,003] multiqc                                            [DEBUG  ]  File ignored by longranger/invocation because it exceeded search pattern filesize limit: 9438_combined_R1p_fastqc.html
[2022-08-05 11:12:08,003] multiqc                                            [DEBUG  ]  File ignored by rockhopper because it exceeded search pattern filesize limit: 9438_combined_R1p_fastqc.html
[2022-08-05 11:12:08,003] multiqc                                            [DEBUG  ]  File ignored by rseqc/bam_stat because it exceeded search pattern filesize limit: 9438_combined_R1p_fastqc.html
[2022-08-05 11:12:08,003] multiqc                                            [DEBUG  ]  File ignored by rseqc/junction_annotation because it exceeded search pattern filesize limit: 9438_combined_R1p_fastqc.html
[2022-08-05 11:12:08,003] multiqc                                            [DEBUG  ]  File ignored by rseqc/read_distribution because it exceeded search pattern filesize limit: 9438_combined_R1p_fastqc.html
[2022-08-05 11:12:08,003] multiqc                                            [DEBUG  ]  File ignored by rseqc/infer_experiment because it exceeded search pattern filesize limit: 9438_combined_R1p_fastqc.html
[2022-08-05 11:12:08,141] multiqc                                            [DEBUG  ]  Ignoring file as matched an ignore pattern: 9438_combined_R1p.fastq.gz
[2022-08-05 11:12:08,624] multiqc                                            [DEBUG  ]  File ignored by ccs/v4 because it exceeded search pattern filesize limit: 9438_combined_R1R2u_fastqc.html
[2022-08-05 11:12:08,631] multiqc                                            [DEBUG  ]  File ignored by hicexplorer because it exceeded search pattern filesize limit: 9438_combined_R1R2u_fastqc.html
[2022-08-05 11:12:08,632] multiqc                                            [DEBUG  ]  File ignored by nanostat because it exceeded search pattern filesize limit: 9438_combined_R1R2u_fastqc.html
[2022-08-05 11:12:08,632] multiqc                                            [DEBUG  ]  File ignored by lima/summary because it exceeded search pattern filesize limit: 9438_combined_R1R2u_fastqc.html
[2022-08-05 11:12:08,644] multiqc                                            [DEBUG  ]  File ignored by vep/vep_txt because it exceeded search pattern filesize limit: 9438_combined_R1R2u_fastqc.html
[2022-08-05 11:12:08,644] multiqc                                            [DEBUG  ]  File ignored by longranger/invocation because it exceeded search pattern filesize limit: 9438_combined_R1R2u_fastqc.html
[2022-08-05 11:12:08,644] multiqc                                            [DEBUG  ]  File ignored by rockhopper because it exceeded search pattern filesize limit: 9438_combined_R1R2u_fastqc.html
[2022-08-05 11:12:08,644] multiqc                                            [DEBUG  ]  File ignored by rseqc/bam_stat because it exceeded search pattern filesize limit: 9438_combined_R1R2u_fastqc.html
[2022-08-05 11:12:08,644] multiqc                                            [DEBUG  ]  File ignored by rseqc/junction_annotation because it exceeded search pattern filesize limit: 9438_combined_R1R2u_fastqc.html
[2022-08-05 11:12:08,644] multiqc                                            [DEBUG  ]  File ignored by rseqc/read_distribution because it exceeded search pattern filesize limit: 9438_combined_R1R2u_fastqc.html
[2022-08-05 11:12:08,644] multiqc                                            [DEBUG  ]  File ignored by rseqc/infer_experiment because it exceeded search pattern filesize limit: 9438_combined_R1R2u_fastqc.html
[2022-08-05 11:12:09,907] multiqc                                            [DEBUG  ]  Ignoring file as matched an ignore pattern: 9438_combined_R1R2u.fastq.gz
[2022-08-05 11:12:10,032] multiqc                                            [DEBUG  ]  File ignored by ccs/v4 because it exceeded search pattern filesize limit: 9438_combined_R2p_fastqc.html
[2022-08-05 11:12:10,065] multiqc                                            [DEBUG  ]  File ignored by hicexplorer because it exceeded search pattern filesize limit: 9438_combined_R2p_fastqc.html
[2022-08-05 11:12:10,083] multiqc                                            [DEBUG  ]  File ignored by nanostat because it exceeded search pattern filesize limit: 9438_combined_R2p_fastqc.html
[2022-08-05 11:12:10,083] multiqc                                            [DEBUG  ]  File ignored by lima/summary because it exceeded search pattern filesize limit: 9438_combined_R2p_fastqc.html
[2022-08-05 11:12:10,100] multiqc                                            [DEBUG  ]  File ignored by vep/vep_txt because it exceeded search pattern filesize limit: 9438_combined_R2p_fastqc.html
[2022-08-05 11:12:10,100] multiqc                                            [DEBUG  ]  File ignored by longranger/invocation because it exceeded search pattern filesize limit: 9438_combined_R2p_fastqc.html
[2022-08-05 11:12:10,100] multiqc                                            [DEBUG  ]  File ignored by rockhopper because it exceeded search pattern filesize limit: 9438_combined_R2p_fastqc.html
[2022-08-05 11:12:10,100] multiqc                                            [DEBUG  ]  File ignored by rseqc/bam_stat because it exceeded search pattern filesize limit: 9438_combined_R2p_fastqc.html
[2022-08-05 11:12:10,101] multiqc                                            [DEBUG  ]  File ignored by rseqc/junction_annotation because it exceeded search pattern filesize limit: 9438_combined_R2p_fastqc.html
[2022-08-05 11:12:10,101] multiqc                                            [DEBUG  ]  File ignored by rseqc/read_distribution because it exceeded search pattern filesize limit: 9438_combined_R2p_fastqc.html
[2022-08-05 11:12:10,101] multiqc                                            [DEBUG  ]  File ignored by rseqc/infer_experiment because it exceeded search pattern filesize limit: 9438_combined_R2p_fastqc.html
[2022-08-05 11:12:11,482] multiqc                                            [DEBUG  ]  Ignoring file as matched an ignore pattern: 9438_combined_R2p.fastq.gz
[2022-08-05 11:12:11,482] multiqc                                            [DEBUG  ]  Ignoring file as matched an ignore pattern: 9438_QCreads.md5
[2022-08-05 11:12:17,942] multiqc.plots.bargraph                             [DEBUG  ]  Using matplotlib version 3.3.4
[2022-08-05 11:12:17,946] multiqc.plots.linegraph                            [DEBUG  ]  Using matplotlib version 3.3.4
[2022-08-05 11:12:17,949] multiqc                                            [DEBUG  ]  No samples found: custom_content
[2022-08-05 11:12:17,954] multiqc                                            [DEBUG  ]  No samples found: ccs
[2022-08-05 11:12:17,960] multiqc                                            [DEBUG  ]  No samples found: ngsderive
[2022-08-05 11:12:17,964] multiqc                                            [DEBUG  ]  No samples found: purple
[2022-08-05 11:12:17,968] multiqc                                            [DEBUG  ]  No samples found: conpair
[2022-08-05 11:12:17,973] multiqc                                            [DEBUG  ]  No samples found: lima
[2022-08-05 11:12:17,978] multiqc                                            [DEBUG  ]  No samples found: peddy
[2022-08-05 11:12:17,984] multiqc                                            [DEBUG  ]  No samples found: somalier
[2022-08-05 11:12:17,989] multiqc                                            [DEBUG  ]  No samples found: methylQA
[2022-08-05 11:12:17,998] multiqc.modules.mosdepth.mosdepth                  [DEBUG  ]  include_contigs: []
[2022-08-05 11:12:17,998] multiqc.modules.mosdepth.mosdepth                  [DEBUG  ]  exclude_contigs: []
[2022-08-05 11:12:17,998] multiqc                                            [DEBUG  ]  No samples found: mosdepth
[2022-08-05 11:12:18,002] multiqc                                            [DEBUG  ]  No samples found: phantompeakqualtools
[2022-08-05 11:12:18,006] multiqc                                            [DEBUG  ]  No samples found: qualimap
[2022-08-05 11:12:18,011] multiqc                                            [DEBUG  ]  No samples found: preseq
[2022-08-05 11:12:18,017] multiqc                                            [DEBUG  ]  No samples found: quast
[2022-08-05 11:12:18,021] multiqc                                            [DEBUG  ]  No samples found: qorts
[2022-08-05 11:12:18,027] multiqc                                            [DEBUG  ]  No samples found: rna_seqc
[2022-08-05 11:12:18,031] multiqc                                            [DEBUG  ]  No samples found: rockhopper
[2022-08-05 11:12:18,035] multiqc                                            [DEBUG  ]  No samples found: rsem
[2022-08-05 11:12:18,050] multiqc                                            [DEBUG  ]  No samples found: rseqc
[2022-08-05 11:12:18,054] multiqc                                            [DEBUG  ]  No samples found: busco
[2022-08-05 11:12:18,059] multiqc                                            [DEBUG  ]  No samples found: bustools
[2022-08-05 11:12:18,063] multiqc                                            [DEBUG  ]  No samples found: goleft_indexcov
[2022-08-05 11:12:18,068] multiqc                                            [DEBUG  ]  No samples found: gffcompare
[2022-08-05 11:12:18,072] multiqc                                            [DEBUG  ]  No samples found: disambiguate
[2022-08-05 11:12:18,078] multiqc                                            [DEBUG  ]  No samples found: supernova
[2022-08-05 11:12:18,323] multiqc                                            [DEBUG  ]  No samples found: deeptools
[2022-08-05 11:12:18,327] multiqc                                            [DEBUG  ]  No samples found: sargasso
[2022-08-05 11:12:18,332] multiqc                                            [DEBUG  ]  No samples found: verifybamid
[2022-08-05 11:12:18,337] multiqc                                            [DEBUG  ]  No samples found: mirtrace
[2022-08-05 11:12:18,342] multiqc                                            [DEBUG  ]  No samples found: happy
[2022-08-05 11:12:18,346] multiqc                                            [DEBUG  ]  No samples found: mirtop
[2022-08-05 11:12:18,351] multiqc                                            [DEBUG  ]  No samples found: sambamba
[2022-08-05 11:12:18,359] multiqc                                            [DEBUG  ]  No samples found: homer
[2022-08-05 11:12:18,363] multiqc                                            [DEBUG  ]  No samples found: hops
[2022-08-05 11:12:18,368] multiqc                                            [DEBUG  ]  No samples found: macs2
[2022-08-05 11:12:18,372] multiqc                                            [DEBUG  ]  No samples found: theta2
[2022-08-05 11:12:18,377] multiqc                                            [DEBUG  ]  No samples found: snpeff
[2022-08-05 11:12:18,385] multiqc                                            [DEBUG  ]  No samples found: gatk
[2022-08-05 11:12:18,389] multiqc                                            [DEBUG  ]  No samples found: htseq
[2022-08-05 11:12:18,394] multiqc                                            [DEBUG  ]  No samples found: bcftools
[2022-08-05 11:12:18,398] multiqc                                            [DEBUG  ]  No samples found: featureCounts
[2022-08-05 11:12:18,404] multiqc                                            [DEBUG  ]  No samples found: fgbio
[2022-08-05 11:12:18,651] multiqc                                            [DEBUG  ]  No samples found: dragen
[2022-08-05 11:12:18,657] multiqc                                            [DEBUG  ]  No samples found: dedup
[2022-08-05 11:12:18,662] multiqc                                            [DEBUG  ]  No samples found: damageprofiler
[2022-08-05 11:12:19,160] multiqc                                            [DEBUG  ]  No samples found: biobambam2
[2022-08-05 11:12:19,165] multiqc                                            [DEBUG  ]  No samples found: jcvi
[2022-08-05 11:12:19,169] multiqc                                            [DEBUG  ]  No samples found: mtnucratio
[2022-08-05 11:12:19,172] multiqc                                            [DEBUG  ]  No samples found: picard
[2022-08-05 11:12:19,177] multiqc                                            [DEBUG  ]  No samples found: vep
[2022-08-05 11:12:19,186] multiqc                                            [DEBUG  ]  No samples found: sentieon
[2022-08-05 11:12:19,191] multiqc                                            [DEBUG  ]  No samples found: prokka
[2022-08-05 11:12:19,199] multiqc                                            [DEBUG  ]  No samples found: qc3C
[2022-08-05 11:12:19,213] multiqc                                            [DEBUG  ]  No samples found: nanostat
[2022-08-05 11:12:19,217] multiqc                                            [DEBUG  ]  No samples found: samblaster
[2022-08-05 11:12:19,227] multiqc                                            [DEBUG  ]  No samples found: samtools
[2022-08-05 11:12:19,233] multiqc                                            [DEBUG  ]  No samples found: sexdeterrmine
[2022-08-05 11:12:19,237] multiqc                                            [DEBUG  ]  No samples found: eigenstratdatabasetools
[2022-08-05 11:12:19,242] multiqc                                            [DEBUG  ]  No samples found: bamtools
[2022-08-05 11:12:19,246] multiqc                                            [DEBUG  ]  No samples found: jellyfish
[2022-08-05 11:12:19,255] multiqc                                            [DEBUG  ]  No samples found: vcftools
[2022-08-05 11:12:19,261] multiqc                                            [DEBUG  ]  No samples found: longranger
[2022-08-05 11:12:19,266] multiqc                                            [DEBUG  ]  No samples found: stacks
[2022-08-05 11:12:19,270] multiqc                                            [DEBUG  ]  No samples found: varscan2
[2022-08-05 11:12:19,275] multiqc                                            [DEBUG  ]  No samples found: snippy
[2022-08-05 11:12:19,296] multiqc                                            [DEBUG  ]  No samples found: bbmap
[2022-08-05 11:12:19,302] multiqc                                            [DEBUG  ]  No samples found: bismark
[2022-08-05 11:12:19,310] multiqc                                            [DEBUG  ]  No samples found: biscuit
[2022-08-05 11:12:19,315] multiqc                                            [DEBUG  ]  No samples found: hicexplorer
[2022-08-05 11:12:19,320] multiqc                                            [DEBUG  ]  No samples found: hicup
[2022-08-05 11:12:19,326] multiqc                                            [DEBUG  ]  No samples found: hicpro
[2022-08-05 11:12:19,330] multiqc                                            [DEBUG  ]  No samples found: salmon
[2022-08-05 11:12:19,334] multiqc                                            [DEBUG  ]  No samples found: kallisto
[2022-08-05 11:12:19,341] multiqc                                            [DEBUG  ]  No samples found: slamdunk
[2022-08-05 11:12:19,346] multiqc                                            [DEBUG  ]  No samples found: star
[2022-08-05 11:12:19,351] multiqc                                            [DEBUG  ]  No samples found: hisat2
[2022-08-05 11:12:19,355] multiqc                                            [DEBUG  ]  No samples found: tophat
[2022-08-05 11:12:19,360] multiqc                                            [DEBUG  ]  No samples found: bowtie2
[2022-08-05 11:12:19,364] multiqc                                            [DEBUG  ]  No samples found: bowtie1
[2022-08-05 11:12:19,369] multiqc                                            [DEBUG  ]  No samples found: snpsplit
[2022-08-05 11:12:19,373] multiqc                                            [DEBUG  ]  No samples found: odgi
[2022-08-05 11:12:19,378] multiqc                                            [DEBUG  ]  No samples found: pangolin
[2022-08-05 11:12:19,382] multiqc                                            [DEBUG  ]  No samples found: kat
[2022-08-05 11:12:19,386] multiqc                                            [DEBUG  ]  No samples found: leehom
[2022-08-05 11:12:19,392] multiqc                                            [DEBUG  ]  No samples found: adapterRemoval
[2022-08-05 11:12:19,397] multiqc                                            [DEBUG  ]  No samples found: clipandmerge
[2022-08-05 11:12:19,403] multiqc                                            [DEBUG  ]  No samples found: cutadapt
[2022-08-05 11:12:19,407] multiqc                                            [DEBUG  ]  No samples found: flexbar
[2022-08-05 11:12:19,412] multiqc                                            [DEBUG  ]  No samples found: kaiju
[2022-08-05 11:12:19,417] multiqc                                            [DEBUG  ]  No samples found: kraken
[2022-08-05 11:12:19,422] multiqc                                            [DEBUG  ]  No samples found: malt
[2022-08-05 11:12:19,426] multiqc                                            [DEBUG  ]  No samples found: trimmomatic
[2022-08-05 11:12:19,431] multiqc                                            [DEBUG  ]  No samples found: sickle
[2022-08-05 11:12:19,441] multiqc                                            [DEBUG  ]  No samples found: skewer
[2022-08-05 11:12:19,448] multiqc                                            [DEBUG  ]  No samples found: sortmerna
[2022-08-05 11:12:19,452] multiqc                                            [DEBUG  ]  No samples found: biobloomtools
[2022-08-05 11:12:19,461] multiqc                                            [DEBUG  ]  No samples found: fastq_screen
[2022-08-05 11:12:19,465] multiqc                                            [DEBUG  ]  No samples found: afterqc
[2022-08-05 11:12:19,471] multiqc                                            [DEBUG  ]  No samples found: fastp
[2022-08-05 11:12:20,173] multiqc.modules.fastqc.fastqc                      [INFO   ]  Found 4 reports
[2022-08-05 11:12:20,220] multiqc                                            [DEBUG  ]  No samples found: pychopper
[2022-08-05 11:12:20,225] multiqc                                            [DEBUG  ]  No samples found: pycoqc
[2022-08-05 11:12:20,230] multiqc                                            [DEBUG  ]  No samples found: minionqc
[2022-08-05 11:12:20,235] multiqc                                            [DEBUG  ]  No samples found: multivcfanalyzer
[2022-08-05 11:12:20,240] multiqc                                            [DEBUG  ]  No samples found: clusterflow
[2022-08-05 11:12:20,246] multiqc                                            [DEBUG  ]  No samples found: bcl2fastq
[2022-08-05 11:12:20,253] multiqc                                            [DEBUG  ]  No samples found: bclconvert
[2022-08-05 11:12:20,258] multiqc                                            [DEBUG  ]  No samples found: interop
[2022-08-05 11:12:20,263] multiqc                                            [DEBUG  ]  No samples found: ivar
[2022-08-05 11:12:20,268] multiqc                                            [DEBUG  ]  No samples found: flash
[2022-08-05 11:12:20,273] multiqc                                            [DEBUG  ]  No samples found: seqyclean
[2022-08-05 11:12:20,277] multiqc                                            [DEBUG  ]  No samples found: optitype
[2022-08-05 11:12:20,281] multiqc                                            [INFO   ]  Compressing plot data
[2022-08-05 11:12:36,750] multiqc                                            [INFO   ]  Report      : 9438_MGSD_CSIRO.qc.stats/multiqc_report.html
[2022-08-05 11:12:36,750] multiqc                                            [INFO   ]  Data        : 9438_MGSD_CSIRO.qc.stats/multiqc_data
[2022-08-05 11:12:36,750] multiqc                                            [DEBUG  ]  Moving data file from '/tmp/smi9a9.8585896/tmpqquafl1r/multiqc_data' to '9438_MGSD_CSIRO.qc.stats/multiqc_data'
[2022-08-05 11:12:37,383] multiqc                                            [INFO   ]  MultiQC complete
