[2022-08-05 11:04:06,891] multiqc                                            [DEBUG  ]  This is MultiQC v1.11
[2022-08-05 11:04:06,891] multiqc                                            [DEBUG  ]  No MultiQC config found: /apps/multiqc/1.11/lib/python3.9/site-packages/multiqc_config.yaml
[2022-08-05 11:04:06,891] multiqc                                            [DEBUG  ]  No MultiQC config found: /home/smi9a9/.multiqc_config.yaml
[2022-08-05 11:04:06,892] multiqc                                            [DEBUG  ]  No MultiQC config found: multiqc_config.yaml
[2022-08-05 11:04:06,892] multiqc                                            [DEBUG  ]  Command used: /apps/multiqc/1.11/bin/multiqc ./401593_HL7J5DSX3-1_merged_fastqc.html ./401593_HL7J5DSX3-1_merged_fastqc.zip ./401593_HL7J5DSX3-1_merged.fastq.gz ./401593_HL7J5DSX3-1_R1p_fastqc.html ./401593_HL7J5DSX3-1_R1p_fastqc.zip ./401593_HL7J5DSX3-1_R1p.fastq.gz ./401593_HL7J5DSX3-1_R1R2u_fastqc.html ./401593_HL7J5DSX3-1_R1R2u_fastqc.zip ./401593_HL7J5DSX3-1_R1R2u.fastq.gz ./401593_HL7J5DSX3-1_R2p_fastqc.html ./401593_HL7J5DSX3-1_R2p_fastqc.zip ./401593_HL7J5DSX3-1_R2p.fastq.gz ./401593_QCreads.md5 -o 401593_MGSD_CSIRO.qc.stats
[2022-08-05 11:04:06,899] multiqc                                            [DEBUG  ]  Could not connect to multiqc.info for version check: <urlopen error [Errno 111] Connection refused>
[2022-08-05 11:04:06,899] multiqc                                            [DEBUG  ]  Command     : /apps/multiqc/1.11/bin/multiqc ./401593_HL7J5DSX3-1_merged_fastqc.html ./401593_HL7J5DSX3-1_merged_fastqc.zip ./401593_HL7J5DSX3-1_merged.fastq.gz ./401593_HL7J5DSX3-1_R1p_fastqc.html ./401593_HL7J5DSX3-1_R1p_fastqc.zip ./401593_HL7J5DSX3-1_R1p.fastq.gz ./401593_HL7J5DSX3-1_R1R2u_fastqc.html ./401593_HL7J5DSX3-1_R1R2u_fastqc.zip ./401593_HL7J5DSX3-1_R1R2u.fastq.gz ./401593_HL7J5DSX3-1_R2p_fastqc.html ./401593_HL7J5DSX3-1_R2p_fastqc.zip ./401593_HL7J5DSX3-1_R2p.fastq.gz ./401593_QCreads.md5 -o 401593_MGSD_CSIRO.qc.stats
[2022-08-05 11:04:06,899] multiqc                                            [DEBUG  ]  Working dir : /datasets/work/oa-amd/work/amd/Metagenome_QC_reads
[2022-08-05 11:04:06,899] multiqc                                            [DEBUG  ]  Template    : default
[2022-08-05 11:04:06,899] multiqc                                            [DEBUG  ]  Running Python 3.9.4 (default, Apr 25 2021, 16:13:27)  [GCC 10.3.0]
[2022-08-05 11:04:06,899] multiqc                                            [DEBUG  ]  Analysing modules: custom_content, ccs, ngsderive, purple, conpair, lima, peddy, somalier, methylQA, mosdepth, phantompeakqualtools, qualimap, preseq, quast, qorts, rna_seqc, rockhopper, rsem, rseqc, busco, bustools, goleft_indexcov, gffcompare, disambiguate, supernova, deeptools, sargasso, verifybamid, mirtrace, happy, mirtop, sambamba, homer, hops, macs2, theta2, snpeff, gatk, htseq, bcftools, featureCounts, fgbio, dragen, dedup, damageprofiler, biobambam2, jcvi, mtnucratio, picard, vep, sentieon, prokka, qc3C, nanostat, samblaster, samtools, sexdeterrmine, eigenstratdatabasetools, bamtools, jellyfish, vcftools, longranger, stacks, varscan2, snippy, bbmap, bismark, biscuit, hicexplorer, hicup, hicpro, salmon, kallisto, slamdunk, star, hisat2, tophat, bowtie2, bowtie1, snpsplit, odgi, pangolin, kat, leehom, adapterRemoval, clipandmerge, cutadapt, flexbar, kaiju, kraken, malt, trimmomatic, sickle, skewer, sortmerna, biobloomtools, fastq_screen, afterqc, fastp, fastqc, pychopper, pycoqc, minionqc, multivcfanalyzer, clusterflow, bcl2fastq, bclconvert, interop, ivar, flash, seqyclean, optitype
[2022-08-05 11:04:06,899] multiqc                                            [DEBUG  ]  Using temporary directory for creating report: /tmp/smi9a9.8584859/tmp1t_4tk2x
[2022-08-05 11:04:07,190] multiqc                                            [INFO   ]  Search path : /datasets/work/oa-amd/work/amd/Metagenome_QC_reads/401593_HL7J5DSX3-1_merged_fastqc.html
[2022-08-05 11:04:07,190] multiqc                                            [INFO   ]  Search path : /datasets/work/oa-amd/work/amd/Metagenome_QC_reads/401593_HL7J5DSX3-1_merged_fastqc.zip
[2022-08-05 11:04:07,190] multiqc                                            [INFO   ]  Search path : /datasets/work/oa-amd/work/amd/Metagenome_QC_reads/401593_HL7J5DSX3-1_merged.fastq.gz
[2022-08-05 11:04:07,190] multiqc                                            [INFO   ]  Search path : /datasets/work/oa-amd/work/amd/Metagenome_QC_reads/401593_HL7J5DSX3-1_R1p_fastqc.html
[2022-08-05 11:04:07,191] multiqc                                            [INFO   ]  Search path : /datasets/work/oa-amd/work/amd/Metagenome_QC_reads/401593_HL7J5DSX3-1_R1p_fastqc.zip
[2022-08-05 11:04:07,191] multiqc                                            [INFO   ]  Search path : /datasets/work/oa-amd/work/amd/Metagenome_QC_reads/401593_HL7J5DSX3-1_R1p.fastq.gz
[2022-08-05 11:04:07,191] multiqc                                            [INFO   ]  Search path : /datasets/work/oa-amd/work/amd/Metagenome_QC_reads/401593_HL7J5DSX3-1_R1R2u_fastqc.html
[2022-08-05 11:04:07,191] multiqc                                            [INFO   ]  Search path : /datasets/work/oa-amd/work/amd/Metagenome_QC_reads/401593_HL7J5DSX3-1_R1R2u_fastqc.zip
[2022-08-05 11:04:07,191] multiqc                                            [INFO   ]  Search path : /datasets/work/oa-amd/work/amd/Metagenome_QC_reads/401593_HL7J5DSX3-1_R1R2u.fastq.gz
[2022-08-05 11:04:07,191] multiqc                                            [INFO   ]  Search path : /datasets/work/oa-amd/work/amd/Metagenome_QC_reads/401593_HL7J5DSX3-1_R2p_fastqc.html
[2022-08-05 11:04:07,191] multiqc                                            [INFO   ]  Search path : /datasets/work/oa-amd/work/amd/Metagenome_QC_reads/401593_HL7J5DSX3-1_R2p_fastqc.zip
[2022-08-05 11:04:07,191] multiqc                                            [INFO   ]  Search path : /datasets/work/oa-amd/work/amd/Metagenome_QC_reads/401593_HL7J5DSX3-1_R2p.fastq.gz
[2022-08-05 11:04:07,191] multiqc                                            [INFO   ]  Search path : /datasets/work/oa-amd/work/amd/Metagenome_QC_reads/401593_QCreads.md5
[2022-08-05 11:04:07,374] multiqc                                            [DEBUG  ]  File ignored by ccs/v4 because it exceeded search pattern filesize limit: 401593_HL7J5DSX3-1_merged_fastqc.html
[2022-08-05 11:04:07,381] multiqc                                            [DEBUG  ]  File ignored by hicexplorer because it exceeded search pattern filesize limit: 401593_HL7J5DSX3-1_merged_fastqc.html
[2022-08-05 11:04:07,382] multiqc                                            [DEBUG  ]  File ignored by nanostat because it exceeded search pattern filesize limit: 401593_HL7J5DSX3-1_merged_fastqc.html
[2022-08-05 11:04:07,382] multiqc                                            [DEBUG  ]  File ignored by lima/summary because it exceeded search pattern filesize limit: 401593_HL7J5DSX3-1_merged_fastqc.html
[2022-08-05 11:04:07,396] multiqc                                            [DEBUG  ]  File ignored by vep/vep_txt because it exceeded search pattern filesize limit: 401593_HL7J5DSX3-1_merged_fastqc.html
[2022-08-05 11:04:07,396] multiqc                                            [DEBUG  ]  File ignored by longranger/invocation because it exceeded search pattern filesize limit: 401593_HL7J5DSX3-1_merged_fastqc.html
[2022-08-05 11:04:07,396] multiqc                                            [DEBUG  ]  File ignored by rockhopper because it exceeded search pattern filesize limit: 401593_HL7J5DSX3-1_merged_fastqc.html
[2022-08-05 11:04:07,396] multiqc                                            [DEBUG  ]  File ignored by rseqc/bam_stat because it exceeded search pattern filesize limit: 401593_HL7J5DSX3-1_merged_fastqc.html
[2022-08-05 11:04:07,396] multiqc                                            [DEBUG  ]  File ignored by rseqc/junction_annotation because it exceeded search pattern filesize limit: 401593_HL7J5DSX3-1_merged_fastqc.html
[2022-08-05 11:04:07,396] multiqc                                            [DEBUG  ]  File ignored by rseqc/read_distribution because it exceeded search pattern filesize limit: 401593_HL7J5DSX3-1_merged_fastqc.html
[2022-08-05 11:04:07,396] multiqc                                            [DEBUG  ]  File ignored by rseqc/infer_experiment because it exceeded search pattern filesize limit: 401593_HL7J5DSX3-1_merged_fastqc.html
[2022-08-05 11:04:07,488] multiqc                                            [DEBUG  ]  Ignoring file as matched an ignore pattern: 401593_HL7J5DSX3-1_merged.fastq.gz
[2022-08-05 11:04:07,513] multiqc                                            [DEBUG  ]  File ignored by ccs/v4 because it exceeded search pattern filesize limit: 401593_HL7J5DSX3-1_R1p_fastqc.html
[2022-08-05 11:04:07,522] multiqc                                            [DEBUG  ]  File ignored by hicexplorer because it exceeded search pattern filesize limit: 401593_HL7J5DSX3-1_R1p_fastqc.html
[2022-08-05 11:04:07,522] multiqc                                            [DEBUG  ]  File ignored by nanostat because it exceeded search pattern filesize limit: 401593_HL7J5DSX3-1_R1p_fastqc.html
[2022-08-05 11:04:07,522] multiqc                                            [DEBUG  ]  File ignored by lima/summary because it exceeded search pattern filesize limit: 401593_HL7J5DSX3-1_R1p_fastqc.html
[2022-08-05 11:04:07,615] multiqc                                            [DEBUG  ]  File ignored by vep/vep_txt because it exceeded search pattern filesize limit: 401593_HL7J5DSX3-1_R1p_fastqc.html
[2022-08-05 11:04:07,615] multiqc                                            [DEBUG  ]  File ignored by longranger/invocation because it exceeded search pattern filesize limit: 401593_HL7J5DSX3-1_R1p_fastqc.html
[2022-08-05 11:04:07,615] multiqc                                            [DEBUG  ]  File ignored by rockhopper because it exceeded search pattern filesize limit: 401593_HL7J5DSX3-1_R1p_fastqc.html
[2022-08-05 11:04:07,615] multiqc                                            [DEBUG  ]  File ignored by rseqc/bam_stat because it exceeded search pattern filesize limit: 401593_HL7J5DSX3-1_R1p_fastqc.html
[2022-08-05 11:04:07,615] multiqc                                            [DEBUG  ]  File ignored by rseqc/junction_annotation because it exceeded search pattern filesize limit: 401593_HL7J5DSX3-1_R1p_fastqc.html
[2022-08-05 11:04:07,615] multiqc                                            [DEBUG  ]  File ignored by rseqc/read_distribution because it exceeded search pattern filesize limit: 401593_HL7J5DSX3-1_R1p_fastqc.html
[2022-08-05 11:04:07,616] multiqc                                            [DEBUG  ]  File ignored by rseqc/infer_experiment because it exceeded search pattern filesize limit: 401593_HL7J5DSX3-1_R1p_fastqc.html
[2022-08-05 11:04:07,690] multiqc                                            [DEBUG  ]  Ignoring file as matched an ignore pattern: 401593_HL7J5DSX3-1_R1p.fastq.gz
[2022-08-05 11:04:07,950] multiqc                                            [DEBUG  ]  File ignored by ccs/v4 because it exceeded search pattern filesize limit: 401593_HL7J5DSX3-1_R1R2u_fastqc.html
[2022-08-05 11:04:07,958] multiqc                                            [DEBUG  ]  File ignored by hicexplorer because it exceeded search pattern filesize limit: 401593_HL7J5DSX3-1_R1R2u_fastqc.html
[2022-08-05 11:04:07,959] multiqc                                            [DEBUG  ]  File ignored by nanostat because it exceeded search pattern filesize limit: 401593_HL7J5DSX3-1_R1R2u_fastqc.html
[2022-08-05 11:04:07,959] multiqc                                            [DEBUG  ]  File ignored by lima/summary because it exceeded search pattern filesize limit: 401593_HL7J5DSX3-1_R1R2u_fastqc.html
[2022-08-05 11:04:07,972] multiqc                                            [DEBUG  ]  File ignored by vep/vep_txt because it exceeded search pattern filesize limit: 401593_HL7J5DSX3-1_R1R2u_fastqc.html
[2022-08-05 11:04:07,972] multiqc                                            [DEBUG  ]  File ignored by longranger/invocation because it exceeded search pattern filesize limit: 401593_HL7J5DSX3-1_R1R2u_fastqc.html
[2022-08-05 11:04:07,972] multiqc                                            [DEBUG  ]  File ignored by rockhopper because it exceeded search pattern filesize limit: 401593_HL7J5DSX3-1_R1R2u_fastqc.html
[2022-08-05 11:04:07,972] multiqc                                            [DEBUG  ]  File ignored by rseqc/bam_stat because it exceeded search pattern filesize limit: 401593_HL7J5DSX3-1_R1R2u_fastqc.html
[2022-08-05 11:04:07,972] multiqc                                            [DEBUG  ]  File ignored by rseqc/junction_annotation because it exceeded search pattern filesize limit: 401593_HL7J5DSX3-1_R1R2u_fastqc.html
[2022-08-05 11:04:07,973] multiqc                                            [DEBUG  ]  File ignored by rseqc/read_distribution because it exceeded search pattern filesize limit: 401593_HL7J5DSX3-1_R1R2u_fastqc.html
[2022-08-05 11:04:07,973] multiqc                                            [DEBUG  ]  File ignored by rseqc/infer_experiment because it exceeded search pattern filesize limit: 401593_HL7J5DSX3-1_R1R2u_fastqc.html
[2022-08-05 11:04:08,062] multiqc                                            [DEBUG  ]  Ignoring file as matched an ignore pattern: 401593_HL7J5DSX3-1_R1R2u.fastq.gz
[2022-08-05 11:04:08,323] multiqc                                            [DEBUG  ]  File ignored by ccs/v4 because it exceeded search pattern filesize limit: 401593_HL7J5DSX3-1_R2p_fastqc.html
[2022-08-05 11:04:08,331] multiqc                                            [DEBUG  ]  File ignored by hicexplorer because it exceeded search pattern filesize limit: 401593_HL7J5DSX3-1_R2p_fastqc.html
[2022-08-05 11:04:08,332] multiqc                                            [DEBUG  ]  File ignored by nanostat because it exceeded search pattern filesize limit: 401593_HL7J5DSX3-1_R2p_fastqc.html
[2022-08-05 11:04:08,332] multiqc                                            [DEBUG  ]  File ignored by lima/summary because it exceeded search pattern filesize limit: 401593_HL7J5DSX3-1_R2p_fastqc.html
[2022-08-05 11:04:08,348] multiqc                                            [DEBUG  ]  File ignored by vep/vep_txt because it exceeded search pattern filesize limit: 401593_HL7J5DSX3-1_R2p_fastqc.html
[2022-08-05 11:04:08,348] multiqc                                            [DEBUG  ]  File ignored by longranger/invocation because it exceeded search pattern filesize limit: 401593_HL7J5DSX3-1_R2p_fastqc.html
[2022-08-05 11:04:08,348] multiqc                                            [DEBUG  ]  File ignored by rockhopper because it exceeded search pattern filesize limit: 401593_HL7J5DSX3-1_R2p_fastqc.html
[2022-08-05 11:04:08,348] multiqc                                            [DEBUG  ]  File ignored by rseqc/bam_stat because it exceeded search pattern filesize limit: 401593_HL7J5DSX3-1_R2p_fastqc.html
[2022-08-05 11:04:08,348] multiqc                                            [DEBUG  ]  File ignored by rseqc/junction_annotation because it exceeded search pattern filesize limit: 401593_HL7J5DSX3-1_R2p_fastqc.html
[2022-08-05 11:04:08,348] multiqc                                            [DEBUG  ]  File ignored by rseqc/read_distribution because it exceeded search pattern filesize limit: 401593_HL7J5DSX3-1_R2p_fastqc.html
[2022-08-05 11:04:08,348] multiqc                                            [DEBUG  ]  File ignored by rseqc/infer_experiment because it exceeded search pattern filesize limit: 401593_HL7J5DSX3-1_R2p_fastqc.html
[2022-08-05 11:04:08,425] multiqc                                            [DEBUG  ]  Ignoring file as matched an ignore pattern: 401593_HL7J5DSX3-1_R2p.fastq.gz
[2022-08-05 11:04:08,425] multiqc                                            [DEBUG  ]  Ignoring file as matched an ignore pattern: 401593_QCreads.md5
[2022-08-05 11:04:11,490] multiqc.plots.bargraph                             [DEBUG  ]  Using matplotlib version 3.3.4
[2022-08-05 11:04:11,495] multiqc.plots.linegraph                            [DEBUG  ]  Using matplotlib version 3.3.4
[2022-08-05 11:04:11,498] multiqc                                            [DEBUG  ]  No samples found: custom_content
[2022-08-05 11:04:11,733] multiqc                                            [DEBUG  ]  No samples found: ccs
[2022-08-05 11:04:11,739] multiqc                                            [DEBUG  ]  No samples found: ngsderive
[2022-08-05 11:04:11,744] multiqc                                            [DEBUG  ]  No samples found: purple
[2022-08-05 11:04:11,749] multiqc                                            [DEBUG  ]  No samples found: conpair
[2022-08-05 11:04:11,984] multiqc                                            [DEBUG  ]  No samples found: lima
[2022-08-05 11:04:11,990] multiqc                                            [DEBUG  ]  No samples found: peddy
[2022-08-05 11:04:11,998] multiqc                                            [DEBUG  ]  No samples found: somalier
[2022-08-05 11:04:12,002] multiqc                                            [DEBUG  ]  No samples found: methylQA
[2022-08-05 11:04:12,242] multiqc.modules.mosdepth.mosdepth                  [DEBUG  ]  include_contigs: []
[2022-08-05 11:04:12,243] multiqc.modules.mosdepth.mosdepth                  [DEBUG  ]  exclude_contigs: []
[2022-08-05 11:04:12,243] multiqc                                            [DEBUG  ]  No samples found: mosdepth
[2022-08-05 11:04:12,247] multiqc                                            [DEBUG  ]  No samples found: phantompeakqualtools
[2022-08-05 11:04:12,250] multiqc                                            [DEBUG  ]  No samples found: qualimap
[2022-08-05 11:04:12,256] multiqc                                            [DEBUG  ]  No samples found: preseq
[2022-08-05 11:04:12,261] multiqc                                            [DEBUG  ]  No samples found: quast
[2022-08-05 11:04:12,266] multiqc                                            [DEBUG  ]  No samples found: qorts
[2022-08-05 11:04:12,501] multiqc                                            [DEBUG  ]  No samples found: rna_seqc
[2022-08-05 11:04:12,735] multiqc                                            [DEBUG  ]  No samples found: rockhopper
[2022-08-05 11:04:12,743] multiqc                                            [DEBUG  ]  No samples found: rsem
[2022-08-05 11:04:12,993] multiqc                                            [DEBUG  ]  No samples found: rseqc
[2022-08-05 11:04:13,228] multiqc                                            [DEBUG  ]  No samples found: busco
[2022-08-05 11:04:13,234] multiqc                                            [DEBUG  ]  No samples found: bustools
[2022-08-05 11:04:13,238] multiqc                                            [DEBUG  ]  No samples found: goleft_indexcov
[2022-08-05 11:04:13,244] multiqc                                            [DEBUG  ]  No samples found: gffcompare
[2022-08-05 11:04:13,248] multiqc                                            [DEBUG  ]  No samples found: disambiguate
[2022-08-05 11:04:13,255] multiqc                                            [DEBUG  ]  No samples found: supernova
[2022-08-05 11:04:13,275] multiqc                                            [DEBUG  ]  No samples found: deeptools
[2022-08-05 11:04:13,280] multiqc                                            [DEBUG  ]  No samples found: sargasso
[2022-08-05 11:04:13,285] multiqc                                            [DEBUG  ]  No samples found: verifybamid
[2022-08-05 11:04:13,290] multiqc                                            [DEBUG  ]  No samples found: mirtrace
[2022-08-05 11:04:13,296] multiqc                                            [DEBUG  ]  No samples found: happy
[2022-08-05 11:04:13,531] multiqc                                            [DEBUG  ]  No samples found: mirtop
[2022-08-05 11:04:13,538] multiqc                                            [DEBUG  ]  No samples found: sambamba
[2022-08-05 11:04:13,777] multiqc                                            [DEBUG  ]  No samples found: homer
[2022-08-05 11:04:13,782] multiqc                                            [DEBUG  ]  No samples found: hops
[2022-08-05 11:04:13,786] multiqc                                            [DEBUG  ]  No samples found: macs2
[2022-08-05 11:04:13,791] multiqc                                            [DEBUG  ]  No samples found: theta2
[2022-08-05 11:04:13,797] multiqc                                            [DEBUG  ]  No samples found: snpeff
[2022-08-05 11:04:13,806] multiqc                                            [DEBUG  ]  No samples found: gatk
[2022-08-05 11:04:13,811] multiqc                                            [DEBUG  ]  No samples found: htseq
[2022-08-05 11:04:13,819] multiqc                                            [DEBUG  ]  No samples found: bcftools
[2022-08-05 11:04:13,824] multiqc                                            [DEBUG  ]  No samples found: featureCounts
[2022-08-05 11:04:13,831] multiqc                                            [DEBUG  ]  No samples found: fgbio
[2022-08-05 11:04:14,079] multiqc                                            [DEBUG  ]  No samples found: dragen
[2022-08-05 11:04:14,083] multiqc                                            [DEBUG  ]  No samples found: dedup
[2022-08-05 11:04:14,088] multiqc                                            [DEBUG  ]  No samples found: damageprofiler
[2022-08-05 11:04:14,363] multiqc                                            [DEBUG  ]  No samples found: biobambam2
[2022-08-05 11:04:14,369] multiqc                                            [DEBUG  ]  No samples found: jcvi
[2022-08-05 11:04:14,604] multiqc                                            [DEBUG  ]  No samples found: mtnucratio
[2022-08-05 11:04:14,606] multiqc                                            [DEBUG  ]  No samples found: picard
[2022-08-05 11:04:14,612] multiqc                                            [DEBUG  ]  No samples found: vep
[2022-08-05 11:04:14,621] multiqc                                            [DEBUG  ]  No samples found: sentieon
[2022-08-05 11:04:14,625] multiqc                                            [DEBUG  ]  No samples found: prokka
[2022-08-05 11:04:14,633] multiqc                                            [DEBUG  ]  No samples found: qc3C
[2022-08-05 11:04:14,638] multiqc                                            [DEBUG  ]  No samples found: nanostat
[2022-08-05 11:04:14,874] multiqc                                            [DEBUG  ]  No samples found: samblaster
[2022-08-05 11:04:14,885] multiqc                                            [DEBUG  ]  No samples found: samtools
[2022-08-05 11:04:14,890] multiqc                                            [DEBUG  ]  No samples found: sexdeterrmine
[2022-08-05 11:04:14,895] multiqc                                            [DEBUG  ]  No samples found: eigenstratdatabasetools
[2022-08-05 11:04:14,901] multiqc                                            [DEBUG  ]  No samples found: bamtools
[2022-08-05 11:04:14,905] multiqc                                            [DEBUG  ]  No samples found: jellyfish
[2022-08-05 11:04:14,915] multiqc                                            [DEBUG  ]  No samples found: vcftools
[2022-08-05 11:04:15,151] multiqc                                            [DEBUG  ]  No samples found: longranger
[2022-08-05 11:04:15,156] multiqc                                            [DEBUG  ]  No samples found: stacks
[2022-08-05 11:04:15,161] multiqc                                            [DEBUG  ]  No samples found: varscan2
[2022-08-05 11:04:15,166] multiqc                                            [DEBUG  ]  No samples found: snippy
[2022-08-05 11:04:15,415] multiqc                                            [DEBUG  ]  No samples found: bbmap
[2022-08-05 11:04:15,651] multiqc                                            [DEBUG  ]  No samples found: bismark
[2022-08-05 11:04:15,660] multiqc                                            [DEBUG  ]  No samples found: biscuit
[2022-08-05 11:04:15,665] multiqc                                            [DEBUG  ]  No samples found: hicexplorer
[2022-08-05 11:04:15,900] multiqc                                            [DEBUG  ]  No samples found: hicup
[2022-08-05 11:04:16,371] multiqc                                            [DEBUG  ]  No samples found: hicpro
[2022-08-05 11:04:16,376] multiqc                                            [DEBUG  ]  No samples found: salmon
[2022-08-05 11:04:16,380] multiqc                                            [DEBUG  ]  No samples found: kallisto
[2022-08-05 11:04:16,386] multiqc                                            [DEBUG  ]  No samples found: slamdunk
[2022-08-05 11:04:16,391] multiqc                                            [DEBUG  ]  No samples found: star
[2022-08-05 11:04:16,396] multiqc                                            [DEBUG  ]  No samples found: hisat2
[2022-08-05 11:04:16,400] multiqc                                            [DEBUG  ]  No samples found: tophat
[2022-08-05 11:04:16,404] multiqc                                            [DEBUG  ]  No samples found: bowtie2
[2022-08-05 11:04:16,409] multiqc                                            [DEBUG  ]  No samples found: bowtie1
[2022-08-05 11:04:16,413] multiqc                                            [DEBUG  ]  No samples found: snpsplit
[2022-08-05 11:04:16,418] multiqc                                            [DEBUG  ]  No samples found: odgi
[2022-08-05 11:04:16,422] multiqc                                            [DEBUG  ]  No samples found: pangolin
[2022-08-05 11:04:16,426] multiqc                                            [DEBUG  ]  No samples found: kat
[2022-08-05 11:04:16,430] multiqc                                            [DEBUG  ]  No samples found: leehom
[2022-08-05 11:04:16,436] multiqc                                            [DEBUG  ]  No samples found: adapterRemoval
[2022-08-05 11:04:16,440] multiqc                                            [DEBUG  ]  No samples found: clipandmerge
[2022-08-05 11:04:16,445] multiqc                                            [DEBUG  ]  No samples found: cutadapt
[2022-08-05 11:04:16,449] multiqc                                            [DEBUG  ]  No samples found: flexbar
[2022-08-05 11:04:16,454] multiqc                                            [DEBUG  ]  No samples found: kaiju
[2022-08-05 11:04:16,460] multiqc                                            [DEBUG  ]  No samples found: kraken
[2022-08-05 11:04:16,464] multiqc                                            [DEBUG  ]  No samples found: malt
[2022-08-05 11:04:16,468] multiqc                                            [DEBUG  ]  No samples found: trimmomatic
[2022-08-05 11:04:16,472] multiqc                                            [DEBUG  ]  No samples found: sickle
[2022-08-05 11:04:16,477] multiqc                                            [DEBUG  ]  No samples found: skewer
[2022-08-05 11:04:16,481] multiqc                                            [DEBUG  ]  No samples found: sortmerna
[2022-08-05 11:04:16,485] multiqc                                            [DEBUG  ]  No samples found: biobloomtools
[2022-08-05 11:04:16,722] multiqc                                            [DEBUG  ]  No samples found: fastq_screen
[2022-08-05 11:04:16,726] multiqc                                            [DEBUG  ]  No samples found: afterqc
[2022-08-05 11:04:16,732] multiqc                                            [DEBUG  ]  No samples found: fastp
[2022-08-05 11:04:17,724] multiqc.modules.fastqc.fastqc                      [INFO   ]  Found 4 reports
[2022-08-05 11:04:17,774] multiqc                                            [DEBUG  ]  No samples found: pychopper
[2022-08-05 11:04:17,779] multiqc                                            [DEBUG  ]  No samples found: pycoqc
[2022-08-05 11:04:17,786] multiqc                                            [DEBUG  ]  No samples found: minionqc
[2022-08-05 11:04:18,024] multiqc                                            [DEBUG  ]  No samples found: multivcfanalyzer
[2022-08-05 11:04:18,492] multiqc                                            [DEBUG  ]  No samples found: clusterflow
[2022-08-05 11:04:18,503] multiqc                                            [DEBUG  ]  No samples found: bcl2fastq
[2022-08-05 11:04:18,512] multiqc                                            [DEBUG  ]  No samples found: bclconvert
[2022-08-05 11:04:18,518] multiqc                                            [DEBUG  ]  No samples found: interop
[2022-08-05 11:04:18,522] multiqc                                            [DEBUG  ]  No samples found: ivar
[2022-08-05 11:04:18,528] multiqc                                            [DEBUG  ]  No samples found: flash
[2022-08-05 11:04:18,533] multiqc                                            [DEBUG  ]  No samples found: seqyclean
[2022-08-05 11:04:18,537] multiqc                                            [DEBUG  ]  No samples found: optitype
[2022-08-05 11:04:18,541] multiqc                                            [INFO   ]  Compressing plot data
[2022-08-05 11:04:18,590] multiqc                                            [INFO   ]  Report      : 401593_MGSD_CSIRO.qc.stats/multiqc_report.html
[2022-08-05 11:04:18,590] multiqc                                            [INFO   ]  Data        : 401593_MGSD_CSIRO.qc.stats/multiqc_data
[2022-08-05 11:04:18,590] multiqc                                            [DEBUG  ]  Moving data file from '/tmp/smi9a9.8584859/tmp1t_4tk2x/multiqc_data' to '401593_MGSD_CSIRO.qc.stats/multiqc_data'
[2022-08-05 11:04:18,715] multiqc                                            [INFO   ]  MultiQC complete
