[2022-08-05 11:04:37,043] multiqc                                            [DEBUG  ]  This is MultiQC v1.11
[2022-08-05 11:04:37,043] multiqc                                            [DEBUG  ]  No MultiQC config found: /apps/multiqc/1.11/lib/python3.9/site-packages/multiqc_config.yaml
[2022-08-05 11:04:37,043] multiqc                                            [DEBUG  ]  No MultiQC config found: /home/smi9a9/.multiqc_config.yaml
[2022-08-05 11:04:37,053] multiqc                                            [DEBUG  ]  No MultiQC config found: multiqc_config.yaml
[2022-08-05 11:04:37,053] multiqc                                            [DEBUG  ]  Command used: /apps/multiqc/1.11/bin/multiqc ./8122_combined_merged_fastqc.html ./8122_combined_merged_fastqc.zip ./8122_combined_merged.fastq.gz ./8122_combined_R1p_fastqc.html ./8122_combined_R1p_fastqc.zip ./8122_combined_R1p.fastq.gz ./8122_combined_R1R2u_fastqc.html ./8122_combined_R1R2u_fastqc.zip ./8122_combined_R1R2u.fastq.gz ./8122_combined_R2p_fastqc.html ./8122_combined_R2p_fastqc.zip ./8122_combined_R2p.fastq.gz ./8122_QCreads.md5 -o 8122_MGSD_CSIRO.qc.stats
[2022-08-05 11:04:37,055] multiqc                                            [DEBUG  ]  Could not connect to multiqc.info for version check: <urlopen error [Errno 111] Connection refused>
[2022-08-05 11:04:37,055] multiqc                                            [DEBUG  ]  Command     : /apps/multiqc/1.11/bin/multiqc ./8122_combined_merged_fastqc.html ./8122_combined_merged_fastqc.zip ./8122_combined_merged.fastq.gz ./8122_combined_R1p_fastqc.html ./8122_combined_R1p_fastqc.zip ./8122_combined_R1p.fastq.gz ./8122_combined_R1R2u_fastqc.html ./8122_combined_R1R2u_fastqc.zip ./8122_combined_R1R2u.fastq.gz ./8122_combined_R2p_fastqc.html ./8122_combined_R2p_fastqc.zip ./8122_combined_R2p.fastq.gz ./8122_QCreads.md5 -o 8122_MGSD_CSIRO.qc.stats
[2022-08-05 11:04:37,055] multiqc                                            [DEBUG  ]  Working dir : /datasets/work/oa-amd/work/amd/Metagenome_QC_reads
[2022-08-05 11:04:37,055] multiqc                                            [DEBUG  ]  Template    : default
[2022-08-05 11:04:37,055] multiqc                                            [DEBUG  ]  Running Python 3.9.4 (default, Apr 25 2021, 16:13:27)  [GCC 10.3.0]
[2022-08-05 11:04:37,056] multiqc                                            [DEBUG  ]  Analysing modules: custom_content, ccs, ngsderive, purple, conpair, lima, peddy, somalier, methylQA, mosdepth, phantompeakqualtools, qualimap, preseq, quast, qorts, rna_seqc, rockhopper, rsem, rseqc, busco, bustools, goleft_indexcov, gffcompare, disambiguate, supernova, deeptools, sargasso, verifybamid, mirtrace, happy, mirtop, sambamba, homer, hops, macs2, theta2, snpeff, gatk, htseq, bcftools, featureCounts, fgbio, dragen, dedup, damageprofiler, biobambam2, jcvi, mtnucratio, picard, vep, sentieon, prokka, qc3C, nanostat, samblaster, samtools, sexdeterrmine, eigenstratdatabasetools, bamtools, jellyfish, vcftools, longranger, stacks, varscan2, snippy, bbmap, bismark, biscuit, hicexplorer, hicup, hicpro, salmon, kallisto, slamdunk, star, hisat2, tophat, bowtie2, bowtie1, snpsplit, odgi, pangolin, kat, leehom, adapterRemoval, clipandmerge, cutadapt, flexbar, kaiju, kraken, malt, trimmomatic, sickle, skewer, sortmerna, biobloomtools, fastq_screen, afterqc, fastp, fastqc, pychopper, pycoqc, minionqc, multivcfanalyzer, clusterflow, bcl2fastq, bclconvert, interop, ivar, flash, seqyclean, optitype
[2022-08-05 11:04:37,056] multiqc                                            [DEBUG  ]  Using temporary directory for creating report: /tmp/smi9a9.8584816/tmp117ase09
[2022-08-05 11:04:37,119] multiqc                                            [INFO   ]  Search path : /datasets/work/oa-amd/work/amd/Metagenome_QC_reads/8122_combined_merged_fastqc.html
[2022-08-05 11:04:37,119] multiqc                                            [INFO   ]  Search path : /datasets/work/oa-amd/work/amd/Metagenome_QC_reads/8122_combined_merged_fastqc.zip
[2022-08-05 11:04:37,119] multiqc                                            [INFO   ]  Search path : /datasets/work/oa-amd/work/amd/Metagenome_QC_reads/8122_combined_merged.fastq.gz
[2022-08-05 11:04:37,119] multiqc                                            [INFO   ]  Search path : /datasets/work/oa-amd/work/amd/Metagenome_QC_reads/8122_combined_R1p_fastqc.html
[2022-08-05 11:04:37,119] multiqc                                            [INFO   ]  Search path : /datasets/work/oa-amd/work/amd/Metagenome_QC_reads/8122_combined_R1p_fastqc.zip
[2022-08-05 11:04:37,119] multiqc                                            [INFO   ]  Search path : /datasets/work/oa-amd/work/amd/Metagenome_QC_reads/8122_combined_R1p.fastq.gz
[2022-08-05 11:04:37,119] multiqc                                            [INFO   ]  Search path : /datasets/work/oa-amd/work/amd/Metagenome_QC_reads/8122_combined_R1R2u_fastqc.html
[2022-08-05 11:04:37,119] multiqc                                            [INFO   ]  Search path : /datasets/work/oa-amd/work/amd/Metagenome_QC_reads/8122_combined_R1R2u_fastqc.zip
[2022-08-05 11:04:37,119] multiqc                                            [INFO   ]  Search path : /datasets/work/oa-amd/work/amd/Metagenome_QC_reads/8122_combined_R1R2u.fastq.gz
[2022-08-05 11:04:37,119] multiqc                                            [INFO   ]  Search path : /datasets/work/oa-amd/work/amd/Metagenome_QC_reads/8122_combined_R2p_fastqc.html
[2022-08-05 11:04:37,119] multiqc                                            [INFO   ]  Search path : /datasets/work/oa-amd/work/amd/Metagenome_QC_reads/8122_combined_R2p_fastqc.zip
[2022-08-05 11:04:37,119] multiqc                                            [INFO   ]  Search path : /datasets/work/oa-amd/work/amd/Metagenome_QC_reads/8122_combined_R2p.fastq.gz
[2022-08-05 11:04:37,119] multiqc                                            [INFO   ]  Search path : /datasets/work/oa-amd/work/amd/Metagenome_QC_reads/8122_QCreads.md5
[2022-08-05 11:04:37,624] multiqc                                            [DEBUG  ]  File ignored by ccs/v4 because it exceeded search pattern filesize limit: 8122_combined_merged_fastqc.html
[2022-08-05 11:04:37,646] multiqc                                            [DEBUG  ]  File ignored by hicexplorer because it exceeded search pattern filesize limit: 8122_combined_merged_fastqc.html
[2022-08-05 11:04:37,647] multiqc                                            [DEBUG  ]  File ignored by nanostat because it exceeded search pattern filesize limit: 8122_combined_merged_fastqc.html
[2022-08-05 11:04:37,647] multiqc                                            [DEBUG  ]  File ignored by lima/summary because it exceeded search pattern filesize limit: 8122_combined_merged_fastqc.html
[2022-08-05 11:04:37,664] multiqc                                            [DEBUG  ]  File ignored by vep/vep_txt because it exceeded search pattern filesize limit: 8122_combined_merged_fastqc.html
[2022-08-05 11:04:37,664] multiqc                                            [DEBUG  ]  File ignored by longranger/invocation because it exceeded search pattern filesize limit: 8122_combined_merged_fastqc.html
[2022-08-05 11:04:37,664] multiqc                                            [DEBUG  ]  File ignored by rockhopper because it exceeded search pattern filesize limit: 8122_combined_merged_fastqc.html
[2022-08-05 11:04:37,664] multiqc                                            [DEBUG  ]  File ignored by rseqc/bam_stat because it exceeded search pattern filesize limit: 8122_combined_merged_fastqc.html
[2022-08-05 11:04:37,664] multiqc                                            [DEBUG  ]  File ignored by rseqc/junction_annotation because it exceeded search pattern filesize limit: 8122_combined_merged_fastqc.html
[2022-08-05 11:04:37,664] multiqc                                            [DEBUG  ]  File ignored by rseqc/read_distribution because it exceeded search pattern filesize limit: 8122_combined_merged_fastqc.html
[2022-08-05 11:04:37,664] multiqc                                            [DEBUG  ]  File ignored by rseqc/infer_experiment because it exceeded search pattern filesize limit: 8122_combined_merged_fastqc.html
[2022-08-05 11:04:37,764] multiqc                                            [DEBUG  ]  Ignoring file as matched an ignore pattern: 8122_combined_merged.fastq.gz
[2022-08-05 11:04:37,786] multiqc                                            [DEBUG  ]  File ignored by ccs/v4 because it exceeded search pattern filesize limit: 8122_combined_R1p_fastqc.html
[2022-08-05 11:04:37,795] multiqc                                            [DEBUG  ]  File ignored by hicexplorer because it exceeded search pattern filesize limit: 8122_combined_R1p_fastqc.html
[2022-08-05 11:04:37,796] multiqc                                            [DEBUG  ]  File ignored by nanostat because it exceeded search pattern filesize limit: 8122_combined_R1p_fastqc.html
[2022-08-05 11:04:37,796] multiqc                                            [DEBUG  ]  File ignored by lima/summary because it exceeded search pattern filesize limit: 8122_combined_R1p_fastqc.html
[2022-08-05 11:04:37,809] multiqc                                            [DEBUG  ]  File ignored by vep/vep_txt because it exceeded search pattern filesize limit: 8122_combined_R1p_fastqc.html
[2022-08-05 11:04:37,809] multiqc                                            [DEBUG  ]  File ignored by longranger/invocation because it exceeded search pattern filesize limit: 8122_combined_R1p_fastqc.html
[2022-08-05 11:04:37,809] multiqc                                            [DEBUG  ]  File ignored by rockhopper because it exceeded search pattern filesize limit: 8122_combined_R1p_fastqc.html
[2022-08-05 11:04:37,809] multiqc                                            [DEBUG  ]  File ignored by rseqc/bam_stat because it exceeded search pattern filesize limit: 8122_combined_R1p_fastqc.html
[2022-08-05 11:04:37,809] multiqc                                            [DEBUG  ]  File ignored by rseqc/junction_annotation because it exceeded search pattern filesize limit: 8122_combined_R1p_fastqc.html
[2022-08-05 11:04:37,809] multiqc                                            [DEBUG  ]  File ignored by rseqc/read_distribution because it exceeded search pattern filesize limit: 8122_combined_R1p_fastqc.html
[2022-08-05 11:04:37,809] multiqc                                            [DEBUG  ]  File ignored by rseqc/infer_experiment because it exceeded search pattern filesize limit: 8122_combined_R1p_fastqc.html
[2022-08-05 11:04:37,938] multiqc                                            [DEBUG  ]  Ignoring file as matched an ignore pattern: 8122_combined_R1p.fastq.gz
[2022-08-05 11:04:38,011] multiqc                                            [DEBUG  ]  File ignored by ccs/v4 because it exceeded search pattern filesize limit: 8122_combined_R1R2u_fastqc.html
[2022-08-05 11:04:38,020] multiqc                                            [DEBUG  ]  File ignored by hicexplorer because it exceeded search pattern filesize limit: 8122_combined_R1R2u_fastqc.html
[2022-08-05 11:04:38,020] multiqc                                            [DEBUG  ]  File ignored by nanostat because it exceeded search pattern filesize limit: 8122_combined_R1R2u_fastqc.html
[2022-08-05 11:04:38,020] multiqc                                            [DEBUG  ]  File ignored by lima/summary because it exceeded search pattern filesize limit: 8122_combined_R1R2u_fastqc.html
[2022-08-05 11:04:38,062] multiqc                                            [DEBUG  ]  File ignored by vep/vep_txt because it exceeded search pattern filesize limit: 8122_combined_R1R2u_fastqc.html
[2022-08-05 11:04:38,063] multiqc                                            [DEBUG  ]  File ignored by longranger/invocation because it exceeded search pattern filesize limit: 8122_combined_R1R2u_fastqc.html
[2022-08-05 11:04:38,063] multiqc                                            [DEBUG  ]  File ignored by rockhopper because it exceeded search pattern filesize limit: 8122_combined_R1R2u_fastqc.html
[2022-08-05 11:04:38,063] multiqc                                            [DEBUG  ]  File ignored by rseqc/bam_stat because it exceeded search pattern filesize limit: 8122_combined_R1R2u_fastqc.html
[2022-08-05 11:04:38,063] multiqc                                            [DEBUG  ]  File ignored by rseqc/junction_annotation because it exceeded search pattern filesize limit: 8122_combined_R1R2u_fastqc.html
[2022-08-05 11:04:38,063] multiqc                                            [DEBUG  ]  File ignored by rseqc/read_distribution because it exceeded search pattern filesize limit: 8122_combined_R1R2u_fastqc.html
[2022-08-05 11:04:38,063] multiqc                                            [DEBUG  ]  File ignored by rseqc/infer_experiment because it exceeded search pattern filesize limit: 8122_combined_R1R2u_fastqc.html
[2022-08-05 11:04:38,185] multiqc                                            [DEBUG  ]  Ignoring file as matched an ignore pattern: 8122_combined_R1R2u.fastq.gz
[2022-08-05 11:04:38,318] multiqc                                            [DEBUG  ]  File ignored by ccs/v4 because it exceeded search pattern filesize limit: 8122_combined_R2p_fastqc.html
[2022-08-05 11:04:38,340] multiqc                                            [DEBUG  ]  File ignored by hicexplorer because it exceeded search pattern filesize limit: 8122_combined_R2p_fastqc.html
[2022-08-05 11:04:38,341] multiqc                                            [DEBUG  ]  File ignored by nanostat because it exceeded search pattern filesize limit: 8122_combined_R2p_fastqc.html
[2022-08-05 11:04:38,341] multiqc                                            [DEBUG  ]  File ignored by lima/summary because it exceeded search pattern filesize limit: 8122_combined_R2p_fastqc.html
[2022-08-05 11:04:38,354] multiqc                                            [DEBUG  ]  File ignored by vep/vep_txt because it exceeded search pattern filesize limit: 8122_combined_R2p_fastqc.html
[2022-08-05 11:04:38,354] multiqc                                            [DEBUG  ]  File ignored by longranger/invocation because it exceeded search pattern filesize limit: 8122_combined_R2p_fastqc.html
[2022-08-05 11:04:38,354] multiqc                                            [DEBUG  ]  File ignored by rockhopper because it exceeded search pattern filesize limit: 8122_combined_R2p_fastqc.html
[2022-08-05 11:04:38,354] multiqc                                            [DEBUG  ]  File ignored by rseqc/bam_stat because it exceeded search pattern filesize limit: 8122_combined_R2p_fastqc.html
[2022-08-05 11:04:38,354] multiqc                                            [DEBUG  ]  File ignored by rseqc/junction_annotation because it exceeded search pattern filesize limit: 8122_combined_R2p_fastqc.html
[2022-08-05 11:04:38,354] multiqc                                            [DEBUG  ]  File ignored by rseqc/read_distribution because it exceeded search pattern filesize limit: 8122_combined_R2p_fastqc.html
[2022-08-05 11:04:38,354] multiqc                                            [DEBUG  ]  File ignored by rseqc/infer_experiment because it exceeded search pattern filesize limit: 8122_combined_R2p_fastqc.html
[2022-08-05 11:04:38,555] multiqc                                            [DEBUG  ]  Ignoring file as matched an ignore pattern: 8122_combined_R2p.fastq.gz
[2022-08-05 11:04:38,556] multiqc                                            [DEBUG  ]  Ignoring file as matched an ignore pattern: 8122_QCreads.md5
[2022-08-05 11:04:39,430] multiqc.plots.bargraph                             [DEBUG  ]  Using matplotlib version 3.3.4
[2022-08-05 11:04:39,434] multiqc.plots.linegraph                            [DEBUG  ]  Using matplotlib version 3.3.4
[2022-08-05 11:04:39,437] multiqc                                            [DEBUG  ]  No samples found: custom_content
[2022-08-05 11:04:39,442] multiqc                                            [DEBUG  ]  No samples found: ccs
[2022-08-05 11:04:39,448] multiqc                                            [DEBUG  ]  No samples found: ngsderive
[2022-08-05 11:04:39,453] multiqc                                            [DEBUG  ]  No samples found: purple
[2022-08-05 11:04:39,456] multiqc                                            [DEBUG  ]  No samples found: conpair
[2022-08-05 11:04:39,461] multiqc                                            [DEBUG  ]  No samples found: lima
[2022-08-05 11:04:39,466] multiqc                                            [DEBUG  ]  No samples found: peddy
[2022-08-05 11:04:39,472] multiqc                                            [DEBUG  ]  No samples found: somalier
[2022-08-05 11:04:39,476] multiqc                                            [DEBUG  ]  No samples found: methylQA
[2022-08-05 11:04:39,486] multiqc.modules.mosdepth.mosdepth                  [DEBUG  ]  include_contigs: []
[2022-08-05 11:04:39,486] multiqc.modules.mosdepth.mosdepth                  [DEBUG  ]  exclude_contigs: []
[2022-08-05 11:04:39,486] multiqc                                            [DEBUG  ]  No samples found: mosdepth
[2022-08-05 11:04:39,490] multiqc                                            [DEBUG  ]  No samples found: phantompeakqualtools
[2022-08-05 11:04:39,493] multiqc                                            [DEBUG  ]  No samples found: qualimap
[2022-08-05 11:04:39,499] multiqc                                            [DEBUG  ]  No samples found: preseq
[2022-08-05 11:04:39,505] multiqc                                            [DEBUG  ]  No samples found: quast
[2022-08-05 11:04:39,509] multiqc                                            [DEBUG  ]  No samples found: qorts
[2022-08-05 11:04:39,514] multiqc                                            [DEBUG  ]  No samples found: rna_seqc
[2022-08-05 11:04:39,518] multiqc                                            [DEBUG  ]  No samples found: rockhopper
[2022-08-05 11:04:39,522] multiqc                                            [DEBUG  ]  No samples found: rsem
[2022-08-05 11:04:39,536] multiqc                                            [DEBUG  ]  No samples found: rseqc
[2022-08-05 11:04:39,540] multiqc                                            [DEBUG  ]  No samples found: busco
[2022-08-05 11:04:39,545] multiqc                                            [DEBUG  ]  No samples found: bustools
[2022-08-05 11:04:39,549] multiqc                                            [DEBUG  ]  No samples found: goleft_indexcov
[2022-08-05 11:04:39,553] multiqc                                            [DEBUG  ]  No samples found: gffcompare
[2022-08-05 11:04:39,558] multiqc                                            [DEBUG  ]  No samples found: disambiguate
[2022-08-05 11:04:39,563] multiqc                                            [DEBUG  ]  No samples found: supernova
[2022-08-05 11:04:39,806] multiqc                                            [DEBUG  ]  No samples found: deeptools
[2022-08-05 11:04:39,810] multiqc                                            [DEBUG  ]  No samples found: sargasso
[2022-08-05 11:04:39,814] multiqc                                            [DEBUG  ]  No samples found: verifybamid
[2022-08-05 11:04:39,819] multiqc                                            [DEBUG  ]  No samples found: mirtrace
[2022-08-05 11:04:39,823] multiqc                                            [DEBUG  ]  No samples found: happy
[2022-08-05 11:04:40,259] multiqc                                            [DEBUG  ]  No samples found: mirtop
[2022-08-05 11:04:40,495] multiqc                                            [DEBUG  ]  No samples found: sambamba
[2022-08-05 11:04:40,733] multiqc                                            [DEBUG  ]  No samples found: homer
[2022-08-05 11:04:40,738] multiqc                                            [DEBUG  ]  No samples found: hops
[2022-08-05 11:04:40,742] multiqc                                            [DEBUG  ]  No samples found: macs2
[2022-08-05 11:04:40,746] multiqc                                            [DEBUG  ]  No samples found: theta2
[2022-08-05 11:04:40,751] multiqc                                            [DEBUG  ]  No samples found: snpeff
[2022-08-05 11:04:40,760] multiqc                                            [DEBUG  ]  No samples found: gatk
[2022-08-05 11:04:40,764] multiqc                                            [DEBUG  ]  No samples found: htseq
[2022-08-05 11:04:40,770] multiqc                                            [DEBUG  ]  No samples found: bcftools
[2022-08-05 11:04:40,775] multiqc                                            [DEBUG  ]  No samples found: featureCounts
[2022-08-05 11:04:40,782] multiqc                                            [DEBUG  ]  No samples found: fgbio
[2022-08-05 11:04:40,799] multiqc                                            [DEBUG  ]  No samples found: dragen
[2022-08-05 11:04:40,803] multiqc                                            [DEBUG  ]  No samples found: dedup
[2022-08-05 11:04:40,809] multiqc                                            [DEBUG  ]  No samples found: damageprofiler
[2022-08-05 11:04:40,849] multiqc                                            [DEBUG  ]  No samples found: biobambam2
[2022-08-05 11:04:40,855] multiqc                                            [DEBUG  ]  No samples found: jcvi
[2022-08-05 11:04:40,859] multiqc                                            [DEBUG  ]  No samples found: mtnucratio
[2022-08-05 11:04:40,861] multiqc                                            [DEBUG  ]  No samples found: picard
[2022-08-05 11:04:40,866] multiqc                                            [DEBUG  ]  No samples found: vep
[2022-08-05 11:04:40,874] multiqc                                            [DEBUG  ]  No samples found: sentieon
[2022-08-05 11:04:40,879] multiqc                                            [DEBUG  ]  No samples found: prokka
[2022-08-05 11:04:40,886] multiqc                                            [DEBUG  ]  No samples found: qc3C
[2022-08-05 11:04:40,892] multiqc                                            [DEBUG  ]  No samples found: nanostat
[2022-08-05 11:04:40,897] multiqc                                            [DEBUG  ]  No samples found: samblaster
[2022-08-05 11:04:40,906] multiqc                                            [DEBUG  ]  No samples found: samtools
[2022-08-05 11:04:40,911] multiqc                                            [DEBUG  ]  No samples found: sexdeterrmine
[2022-08-05 11:04:40,915] multiqc                                            [DEBUG  ]  No samples found: eigenstratdatabasetools
[2022-08-05 11:04:41,152] multiqc                                            [DEBUG  ]  No samples found: bamtools
[2022-08-05 11:04:41,156] multiqc                                            [DEBUG  ]  No samples found: jellyfish
[2022-08-05 11:04:41,393] multiqc                                            [DEBUG  ]  No samples found: vcftools
[2022-08-05 11:04:41,399] multiqc                                            [DEBUG  ]  No samples found: longranger
[2022-08-05 11:04:41,404] multiqc                                            [DEBUG  ]  No samples found: stacks
[2022-08-05 11:04:41,409] multiqc                                            [DEBUG  ]  No samples found: varscan2
[2022-08-05 11:04:41,413] multiqc                                            [DEBUG  ]  No samples found: snippy
[2022-08-05 11:04:41,661] multiqc                                            [DEBUG  ]  No samples found: bbmap
[2022-08-05 11:04:41,667] multiqc                                            [DEBUG  ]  No samples found: bismark
[2022-08-05 11:04:41,676] multiqc                                            [DEBUG  ]  No samples found: biscuit
[2022-08-05 11:04:41,681] multiqc                                            [DEBUG  ]  No samples found: hicexplorer
[2022-08-05 11:04:41,686] multiqc                                            [DEBUG  ]  No samples found: hicup
[2022-08-05 11:04:41,692] multiqc                                            [DEBUG  ]  No samples found: hicpro
[2022-08-05 11:04:41,696] multiqc                                            [DEBUG  ]  No samples found: salmon
[2022-08-05 11:04:41,701] multiqc                                            [DEBUG  ]  No samples found: kallisto
[2022-08-05 11:04:41,707] multiqc                                            [DEBUG  ]  No samples found: slamdunk
[2022-08-05 11:04:41,712] multiqc                                            [DEBUG  ]  No samples found: star
[2022-08-05 11:04:41,717] multiqc                                            [DEBUG  ]  No samples found: hisat2
[2022-08-05 11:04:41,721] multiqc                                            [DEBUG  ]  No samples found: tophat
[2022-08-05 11:04:41,726] multiqc                                            [DEBUG  ]  No samples found: bowtie2
[2022-08-05 11:04:41,731] multiqc                                            [DEBUG  ]  No samples found: bowtie1
[2022-08-05 11:04:41,736] multiqc                                            [DEBUG  ]  No samples found: snpsplit
[2022-08-05 11:04:41,741] multiqc                                            [DEBUG  ]  No samples found: odgi
[2022-08-05 11:04:41,977] multiqc                                            [DEBUG  ]  No samples found: pangolin
[2022-08-05 11:04:41,981] multiqc                                            [DEBUG  ]  No samples found: kat
[2022-08-05 11:04:42,474] multiqc                                            [DEBUG  ]  No samples found: leehom
[2022-08-05 11:04:42,479] multiqc                                            [DEBUG  ]  No samples found: adapterRemoval
[2022-08-05 11:04:42,483] multiqc                                            [DEBUG  ]  No samples found: clipandmerge
[2022-08-05 11:04:42,489] multiqc                                            [DEBUG  ]  No samples found: cutadapt
[2022-08-05 11:04:42,494] multiqc                                            [DEBUG  ]  No samples found: flexbar
[2022-08-05 11:04:42,499] multiqc                                            [DEBUG  ]  No samples found: kaiju
[2022-08-05 11:04:42,505] multiqc                                            [DEBUG  ]  No samples found: kraken
[2022-08-05 11:04:42,509] multiqc                                            [DEBUG  ]  No samples found: malt
[2022-08-05 11:04:42,514] multiqc                                            [DEBUG  ]  No samples found: trimmomatic
[2022-08-05 11:04:42,518] multiqc                                            [DEBUG  ]  No samples found: sickle
[2022-08-05 11:04:42,523] multiqc                                            [DEBUG  ]  No samples found: skewer
[2022-08-05 11:04:42,528] multiqc                                            [DEBUG  ]  No samples found: sortmerna
[2022-08-05 11:04:42,532] multiqc                                            [DEBUG  ]  No samples found: biobloomtools
[2022-08-05 11:04:42,537] multiqc                                            [DEBUG  ]  No samples found: fastq_screen
[2022-08-05 11:04:42,542] multiqc                                            [DEBUG  ]  No samples found: afterqc
[2022-08-05 11:04:42,547] multiqc                                            [DEBUG  ]  No samples found: fastp
[2022-08-05 11:04:46,575] multiqc.modules.fastqc.fastqc                      [INFO   ]  Found 4 reports
[2022-08-05 11:04:46,622] multiqc                                            [DEBUG  ]  No samples found: pychopper
[2022-08-05 11:04:46,628] multiqc                                            [DEBUG  ]  No samples found: pycoqc
[2022-08-05 11:04:46,633] multiqc                                            [DEBUG  ]  No samples found: minionqc
[2022-08-05 11:04:46,637] multiqc                                            [DEBUG  ]  No samples found: multivcfanalyzer
[2022-08-05 11:04:46,642] multiqc                                            [DEBUG  ]  No samples found: clusterflow
[2022-08-05 11:04:46,648] multiqc                                            [DEBUG  ]  No samples found: bcl2fastq
[2022-08-05 11:04:46,655] multiqc                                            [DEBUG  ]  No samples found: bclconvert
[2022-08-05 11:04:46,890] multiqc                                            [DEBUG  ]  No samples found: interop
[2022-08-05 11:04:46,895] multiqc                                            [DEBUG  ]  No samples found: ivar
[2022-08-05 11:04:46,900] multiqc                                            [DEBUG  ]  No samples found: flash
[2022-08-05 11:04:46,905] multiqc                                            [DEBUG  ]  No samples found: seqyclean
[2022-08-05 11:04:46,909] multiqc                                            [DEBUG  ]  No samples found: optitype
[2022-08-05 11:04:46,913] multiqc                                            [INFO   ]  Compressing plot data
[2022-08-05 11:04:48,766] multiqc                                            [INFO   ]  Report      : 8122_MGSD_CSIRO.qc.stats/multiqc_report.html
[2022-08-05 11:04:48,766] multiqc                                            [INFO   ]  Data        : 8122_MGSD_CSIRO.qc.stats/multiqc_data
[2022-08-05 11:04:48,766] multiqc                                            [DEBUG  ]  Moving data file from '/tmp/smi9a9.8584816/tmp117ase09/multiqc_data' to '8122_MGSD_CSIRO.qc.stats/multiqc_data'
[2022-08-05 11:05:01,911] multiqc                                            [INFO   ]  MultiQC complete
