[2022-08-05 11:11:01,651] multiqc                                            [DEBUG  ]  This is MultiQC v1.11
[2022-08-05 11:11:01,652] multiqc                                            [DEBUG  ]  No MultiQC config found: /apps/multiqc/1.11/lib/python3.9/site-packages/multiqc_config.yaml
[2022-08-05 11:11:01,652] multiqc                                            [DEBUG  ]  No MultiQC config found: /home/smi9a9/.multiqc_config.yaml
[2022-08-05 11:11:06,149] multiqc                                            [DEBUG  ]  No MultiQC config found: multiqc_config.yaml
[2022-08-05 11:11:06,149] multiqc                                            [DEBUG  ]  Command used: /apps/multiqc/1.11/bin/multiqc ./12481_combined_merged_fastqc.html ./12481_combined_merged_fastqc.zip ./12481_combined_merged.fastq.gz ./12481_combined_R1p_fastqc.html ./12481_combined_R1p_fastqc.zip ./12481_combined_R1p.fastq.gz ./12481_combined_R1R2u_fastqc.html ./12481_combined_R1R2u_fastqc.zip ./12481_combined_R1R2u.fastq.gz ./12481_combined_R2p_fastqc.html ./12481_combined_R2p_fastqc.zip ./12481_combined_R2p.fastq.gz ./12481_QCreads.md5 -o 12481_MGSD_CSIRO.qc.stats
[2022-08-05 11:11:06,151] multiqc                                            [DEBUG  ]  Could not connect to multiqc.info for version check: <urlopen error [Errno 111] Connection refused>
[2022-08-05 11:11:06,151] multiqc                                            [DEBUG  ]  Command     : /apps/multiqc/1.11/bin/multiqc ./12481_combined_merged_fastqc.html ./12481_combined_merged_fastqc.zip ./12481_combined_merged.fastq.gz ./12481_combined_R1p_fastqc.html ./12481_combined_R1p_fastqc.zip ./12481_combined_R1p.fastq.gz ./12481_combined_R1R2u_fastqc.html ./12481_combined_R1R2u_fastqc.zip ./12481_combined_R1R2u.fastq.gz ./12481_combined_R2p_fastqc.html ./12481_combined_R2p_fastqc.zip ./12481_combined_R2p.fastq.gz ./12481_QCreads.md5 -o 12481_MGSD_CSIRO.qc.stats
[2022-08-05 11:11:06,152] multiqc                                            [DEBUG  ]  Working dir : /datasets/work/oa-amd/work/amd/Metagenome_QC_reads
[2022-08-05 11:11:06,152] multiqc                                            [DEBUG  ]  Template    : default
[2022-08-05 11:11:06,152] multiqc                                            [DEBUG  ]  Running Python 3.9.4 (default, Apr 25 2021, 16:13:27)  [GCC 10.3.0]
[2022-08-05 11:11:06,152] multiqc                                            [DEBUG  ]  Analysing modules: custom_content, ccs, ngsderive, purple, conpair, lima, peddy, somalier, methylQA, mosdepth, phantompeakqualtools, qualimap, preseq, quast, qorts, rna_seqc, rockhopper, rsem, rseqc, busco, bustools, goleft_indexcov, gffcompare, disambiguate, supernova, deeptools, sargasso, verifybamid, mirtrace, happy, mirtop, sambamba, homer, hops, macs2, theta2, snpeff, gatk, htseq, bcftools, featureCounts, fgbio, dragen, dedup, damageprofiler, biobambam2, jcvi, mtnucratio, picard, vep, sentieon, prokka, qc3C, nanostat, samblaster, samtools, sexdeterrmine, eigenstratdatabasetools, bamtools, jellyfish, vcftools, longranger, stacks, varscan2, snippy, bbmap, bismark, biscuit, hicexplorer, hicup, hicpro, salmon, kallisto, slamdunk, star, hisat2, tophat, bowtie2, bowtie1, snpsplit, odgi, pangolin, kat, leehom, adapterRemoval, clipandmerge, cutadapt, flexbar, kaiju, kraken, malt, trimmomatic, sickle, skewer, sortmerna, biobloomtools, fastq_screen, afterqc, fastp, fastqc, pychopper, pycoqc, minionqc, multivcfanalyzer, clusterflow, bcl2fastq, bclconvert, interop, ivar, flash, seqyclean, optitype
[2022-08-05 11:11:06,152] multiqc                                            [DEBUG  ]  Using temporary directory for creating report: /tmp/smi9a9.8585997/tmp1gd7sl9r
[2022-08-05 11:11:06,213] multiqc                                            [INFO   ]  Search path : /datasets/work/oa-amd/work/amd/Metagenome_QC_reads/12481_combined_merged_fastqc.html
[2022-08-05 11:11:06,213] multiqc                                            [INFO   ]  Search path : /datasets/work/oa-amd/work/amd/Metagenome_QC_reads/12481_combined_merged_fastqc.zip
[2022-08-05 11:11:06,213] multiqc                                            [INFO   ]  Search path : /datasets/work/oa-amd/work/amd/Metagenome_QC_reads/12481_combined_merged.fastq.gz
[2022-08-05 11:11:06,213] multiqc                                            [INFO   ]  Search path : /datasets/work/oa-amd/work/amd/Metagenome_QC_reads/12481_combined_R1p_fastqc.html
[2022-08-05 11:11:06,213] multiqc                                            [INFO   ]  Search path : /datasets/work/oa-amd/work/amd/Metagenome_QC_reads/12481_combined_R1p_fastqc.zip
[2022-08-05 11:11:06,213] multiqc                                            [INFO   ]  Search path : /datasets/work/oa-amd/work/amd/Metagenome_QC_reads/12481_combined_R1p.fastq.gz
[2022-08-05 11:11:06,213] multiqc                                            [INFO   ]  Search path : /datasets/work/oa-amd/work/amd/Metagenome_QC_reads/12481_combined_R1R2u_fastqc.html
[2022-08-05 11:11:06,213] multiqc                                            [INFO   ]  Search path : /datasets/work/oa-amd/work/amd/Metagenome_QC_reads/12481_combined_R1R2u_fastqc.zip
[2022-08-05 11:11:06,214] multiqc                                            [INFO   ]  Search path : /datasets/work/oa-amd/work/amd/Metagenome_QC_reads/12481_combined_R1R2u.fastq.gz
[2022-08-05 11:11:06,214] multiqc                                            [INFO   ]  Search path : /datasets/work/oa-amd/work/amd/Metagenome_QC_reads/12481_combined_R2p_fastqc.html
[2022-08-05 11:11:06,214] multiqc                                            [INFO   ]  Search path : /datasets/work/oa-amd/work/amd/Metagenome_QC_reads/12481_combined_R2p_fastqc.zip
[2022-08-05 11:11:06,214] multiqc                                            [INFO   ]  Search path : /datasets/work/oa-amd/work/amd/Metagenome_QC_reads/12481_combined_R2p.fastq.gz
[2022-08-05 11:11:06,214] multiqc                                            [INFO   ]  Search path : /datasets/work/oa-amd/work/amd/Metagenome_QC_reads/12481_QCreads.md5
[2022-08-05 11:11:07,230] multiqc                                            [DEBUG  ]  File ignored by ccs/v4 because it exceeded search pattern filesize limit: 12481_combined_merged_fastqc.html
[2022-08-05 11:11:07,251] multiqc                                            [DEBUG  ]  File ignored by hicexplorer because it exceeded search pattern filesize limit: 12481_combined_merged_fastqc.html
[2022-08-05 11:11:07,252] multiqc                                            [DEBUG  ]  File ignored by nanostat because it exceeded search pattern filesize limit: 12481_combined_merged_fastqc.html
[2022-08-05 11:11:07,252] multiqc                                            [DEBUG  ]  File ignored by lima/summary because it exceeded search pattern filesize limit: 12481_combined_merged_fastqc.html
[2022-08-05 11:11:07,261] multiqc                                            [DEBUG  ]  File ignored by vep/vep_txt because it exceeded search pattern filesize limit: 12481_combined_merged_fastqc.html
[2022-08-05 11:11:07,261] multiqc                                            [DEBUG  ]  File ignored by longranger/invocation because it exceeded search pattern filesize limit: 12481_combined_merged_fastqc.html
[2022-08-05 11:11:07,261] multiqc                                            [DEBUG  ]  File ignored by rockhopper because it exceeded search pattern filesize limit: 12481_combined_merged_fastqc.html
[2022-08-05 11:11:07,261] multiqc                                            [DEBUG  ]  File ignored by rseqc/bam_stat because it exceeded search pattern filesize limit: 12481_combined_merged_fastqc.html
[2022-08-05 11:11:07,261] multiqc                                            [DEBUG  ]  File ignored by rseqc/junction_annotation because it exceeded search pattern filesize limit: 12481_combined_merged_fastqc.html
[2022-08-05 11:11:07,261] multiqc                                            [DEBUG  ]  File ignored by rseqc/read_distribution because it exceeded search pattern filesize limit: 12481_combined_merged_fastqc.html
[2022-08-05 11:11:07,261] multiqc                                            [DEBUG  ]  File ignored by rseqc/infer_experiment because it exceeded search pattern filesize limit: 12481_combined_merged_fastqc.html
[2022-08-05 11:11:07,366] multiqc                                            [DEBUG  ]  Ignoring file as matched an ignore pattern: 12481_combined_merged.fastq.gz
[2022-08-05 11:11:07,955] multiqc                                            [DEBUG  ]  File ignored by ccs/v4 because it exceeded search pattern filesize limit: 12481_combined_R1p_fastqc.html
[2022-08-05 11:11:07,963] multiqc                                            [DEBUG  ]  File ignored by hicexplorer because it exceeded search pattern filesize limit: 12481_combined_R1p_fastqc.html
[2022-08-05 11:11:07,964] multiqc                                            [DEBUG  ]  File ignored by nanostat because it exceeded search pattern filesize limit: 12481_combined_R1p_fastqc.html
[2022-08-05 11:11:07,964] multiqc                                            [DEBUG  ]  File ignored by lima/summary because it exceeded search pattern filesize limit: 12481_combined_R1p_fastqc.html
[2022-08-05 11:11:08,359] multiqc                                            [DEBUG  ]  File ignored by vep/vep_txt because it exceeded search pattern filesize limit: 12481_combined_R1p_fastqc.html
[2022-08-05 11:11:08,359] multiqc                                            [DEBUG  ]  File ignored by longranger/invocation because it exceeded search pattern filesize limit: 12481_combined_R1p_fastqc.html
[2022-08-05 11:11:08,359] multiqc                                            [DEBUG  ]  File ignored by rockhopper because it exceeded search pattern filesize limit: 12481_combined_R1p_fastqc.html
[2022-08-05 11:11:08,359] multiqc                                            [DEBUG  ]  File ignored by rseqc/bam_stat because it exceeded search pattern filesize limit: 12481_combined_R1p_fastqc.html
[2022-08-05 11:11:08,359] multiqc                                            [DEBUG  ]  File ignored by rseqc/junction_annotation because it exceeded search pattern filesize limit: 12481_combined_R1p_fastqc.html
[2022-08-05 11:11:08,359] multiqc                                            [DEBUG  ]  File ignored by rseqc/read_distribution because it exceeded search pattern filesize limit: 12481_combined_R1p_fastqc.html
[2022-08-05 11:11:08,359] multiqc                                            [DEBUG  ]  File ignored by rseqc/infer_experiment because it exceeded search pattern filesize limit: 12481_combined_R1p_fastqc.html
[2022-08-05 11:11:08,482] multiqc                                            [DEBUG  ]  Ignoring file as matched an ignore pattern: 12481_combined_R1p.fastq.gz
[2022-08-05 11:11:08,543] multiqc                                            [DEBUG  ]  File ignored by ccs/v4 because it exceeded search pattern filesize limit: 12481_combined_R1R2u_fastqc.html
[2022-08-05 11:11:08,551] multiqc                                            [DEBUG  ]  File ignored by hicexplorer because it exceeded search pattern filesize limit: 12481_combined_R1R2u_fastqc.html
[2022-08-05 11:11:08,552] multiqc                                            [DEBUG  ]  File ignored by nanostat because it exceeded search pattern filesize limit: 12481_combined_R1R2u_fastqc.html
[2022-08-05 11:11:08,552] multiqc                                            [DEBUG  ]  File ignored by lima/summary because it exceeded search pattern filesize limit: 12481_combined_R1R2u_fastqc.html
[2022-08-05 11:11:08,671] multiqc                                            [DEBUG  ]  File ignored by vep/vep_txt because it exceeded search pattern filesize limit: 12481_combined_R1R2u_fastqc.html
[2022-08-05 11:11:08,671] multiqc                                            [DEBUG  ]  File ignored by longranger/invocation because it exceeded search pattern filesize limit: 12481_combined_R1R2u_fastqc.html
[2022-08-05 11:11:08,671] multiqc                                            [DEBUG  ]  File ignored by rockhopper because it exceeded search pattern filesize limit: 12481_combined_R1R2u_fastqc.html
[2022-08-05 11:11:08,671] multiqc                                            [DEBUG  ]  File ignored by rseqc/bam_stat because it exceeded search pattern filesize limit: 12481_combined_R1R2u_fastqc.html
[2022-08-05 11:11:08,671] multiqc                                            [DEBUG  ]  File ignored by rseqc/junction_annotation because it exceeded search pattern filesize limit: 12481_combined_R1R2u_fastqc.html
[2022-08-05 11:11:08,671] multiqc                                            [DEBUG  ]  File ignored by rseqc/read_distribution because it exceeded search pattern filesize limit: 12481_combined_R1R2u_fastqc.html
[2022-08-05 11:11:08,671] multiqc                                            [DEBUG  ]  File ignored by rseqc/infer_experiment because it exceeded search pattern filesize limit: 12481_combined_R1R2u_fastqc.html
[2022-08-05 11:11:08,967] multiqc                                            [DEBUG  ]  Ignoring file as matched an ignore pattern: 12481_combined_R1R2u.fastq.gz
[2022-08-05 11:11:09,025] multiqc                                            [DEBUG  ]  File ignored by ccs/v4 because it exceeded search pattern filesize limit: 12481_combined_R2p_fastqc.html
[2022-08-05 11:11:09,034] multiqc                                            [DEBUG  ]  File ignored by hicexplorer because it exceeded search pattern filesize limit: 12481_combined_R2p_fastqc.html
[2022-08-05 11:11:09,035] multiqc                                            [DEBUG  ]  File ignored by nanostat because it exceeded search pattern filesize limit: 12481_combined_R2p_fastqc.html
[2022-08-05 11:11:09,035] multiqc                                            [DEBUG  ]  File ignored by lima/summary because it exceeded search pattern filesize limit: 12481_combined_R2p_fastqc.html
[2022-08-05 11:11:09,051] multiqc                                            [DEBUG  ]  File ignored by vep/vep_txt because it exceeded search pattern filesize limit: 12481_combined_R2p_fastqc.html
[2022-08-05 11:11:09,051] multiqc                                            [DEBUG  ]  File ignored by longranger/invocation because it exceeded search pattern filesize limit: 12481_combined_R2p_fastqc.html
[2022-08-05 11:11:09,051] multiqc                                            [DEBUG  ]  File ignored by rockhopper because it exceeded search pattern filesize limit: 12481_combined_R2p_fastqc.html
[2022-08-05 11:11:09,051] multiqc                                            [DEBUG  ]  File ignored by rseqc/bam_stat because it exceeded search pattern filesize limit: 12481_combined_R2p_fastqc.html
[2022-08-05 11:11:09,051] multiqc                                            [DEBUG  ]  File ignored by rseqc/junction_annotation because it exceeded search pattern filesize limit: 12481_combined_R2p_fastqc.html
[2022-08-05 11:11:09,051] multiqc                                            [DEBUG  ]  File ignored by rseqc/read_distribution because it exceeded search pattern filesize limit: 12481_combined_R2p_fastqc.html
[2022-08-05 11:11:09,051] multiqc                                            [DEBUG  ]  File ignored by rseqc/infer_experiment because it exceeded search pattern filesize limit: 12481_combined_R2p_fastqc.html
[2022-08-05 11:11:09,369] multiqc                                            [DEBUG  ]  Ignoring file as matched an ignore pattern: 12481_combined_R2p.fastq.gz
[2022-08-05 11:11:09,407] multiqc                                            [DEBUG  ]  Ignoring file as matched an ignore pattern: 12481_QCreads.md5
[2022-08-05 11:11:12,168] multiqc.plots.bargraph                             [DEBUG  ]  Using matplotlib version 3.3.4
[2022-08-05 11:11:12,172] multiqc.plots.linegraph                            [DEBUG  ]  Using matplotlib version 3.3.4
[2022-08-05 11:11:12,175] multiqc                                            [DEBUG  ]  No samples found: custom_content
[2022-08-05 11:11:12,179] multiqc                                            [DEBUG  ]  No samples found: ccs
[2022-08-05 11:11:12,185] multiqc                                            [DEBUG  ]  No samples found: ngsderive
[2022-08-05 11:11:12,189] multiqc                                            [DEBUG  ]  No samples found: purple
[2022-08-05 11:11:12,193] multiqc                                            [DEBUG  ]  No samples found: conpair
[2022-08-05 11:11:12,197] multiqc                                            [DEBUG  ]  No samples found: lima
[2022-08-05 11:11:12,202] multiqc                                            [DEBUG  ]  No samples found: peddy
[2022-08-05 11:11:12,208] multiqc                                            [DEBUG  ]  No samples found: somalier
[2022-08-05 11:11:12,212] multiqc                                            [DEBUG  ]  No samples found: methylQA
[2022-08-05 11:11:12,221] multiqc.modules.mosdepth.mosdepth                  [DEBUG  ]  include_contigs: []
[2022-08-05 11:11:12,221] multiqc.modules.mosdepth.mosdepth                  [DEBUG  ]  exclude_contigs: []
[2022-08-05 11:11:12,221] multiqc                                            [DEBUG  ]  No samples found: mosdepth
[2022-08-05 11:11:12,225] multiqc                                            [DEBUG  ]  No samples found: phantompeakqualtools
[2022-08-05 11:11:12,228] multiqc                                            [DEBUG  ]  No samples found: qualimap
[2022-08-05 11:11:12,463] multiqc                                            [DEBUG  ]  No samples found: preseq
[2022-08-05 11:11:12,695] multiqc                                            [DEBUG  ]  No samples found: quast
[2022-08-05 11:11:12,700] multiqc                                            [DEBUG  ]  No samples found: qorts
[2022-08-05 11:11:12,934] multiqc                                            [DEBUG  ]  No samples found: rna_seqc
[2022-08-05 11:11:12,939] multiqc                                            [DEBUG  ]  No samples found: rockhopper
[2022-08-05 11:11:12,943] multiqc                                            [DEBUG  ]  No samples found: rsem
[2022-08-05 11:11:12,959] multiqc                                            [DEBUG  ]  No samples found: rseqc
[2022-08-05 11:11:12,963] multiqc                                            [DEBUG  ]  No samples found: busco
[2022-08-05 11:11:13,195] multiqc                                            [DEBUG  ]  No samples found: bustools
[2022-08-05 11:11:13,200] multiqc                                            [DEBUG  ]  No samples found: goleft_indexcov
[2022-08-05 11:11:13,204] multiqc                                            [DEBUG  ]  No samples found: gffcompare
[2022-08-05 11:11:13,208] multiqc                                            [DEBUG  ]  No samples found: disambiguate
[2022-08-05 11:11:13,214] multiqc                                            [DEBUG  ]  No samples found: supernova
[2022-08-05 11:11:13,229] multiqc                                            [DEBUG  ]  No samples found: deeptools
[2022-08-05 11:11:13,234] multiqc                                            [DEBUG  ]  No samples found: sargasso
[2022-08-05 11:11:13,238] multiqc                                            [DEBUG  ]  No samples found: verifybamid
[2022-08-05 11:11:13,243] multiqc                                            [DEBUG  ]  No samples found: mirtrace
[2022-08-05 11:11:13,247] multiqc                                            [DEBUG  ]  No samples found: happy
[2022-08-05 11:11:13,252] multiqc                                            [DEBUG  ]  No samples found: mirtop
[2022-08-05 11:11:13,257] multiqc                                            [DEBUG  ]  No samples found: sambamba
[2022-08-05 11:11:13,264] multiqc                                            [DEBUG  ]  No samples found: homer
[2022-08-05 11:11:13,496] multiqc                                            [DEBUG  ]  No samples found: hops
[2022-08-05 11:11:13,500] multiqc                                            [DEBUG  ]  No samples found: macs2
[2022-08-05 11:11:13,503] multiqc                                            [DEBUG  ]  No samples found: theta2
[2022-08-05 11:11:13,508] multiqc                                            [DEBUG  ]  No samples found: snpeff
[2022-08-05 11:11:13,515] multiqc                                            [DEBUG  ]  No samples found: gatk
[2022-08-05 11:11:13,519] multiqc                                            [DEBUG  ]  No samples found: htseq
[2022-08-05 11:11:13,525] multiqc                                            [DEBUG  ]  No samples found: bcftools
[2022-08-05 11:11:13,529] multiqc                                            [DEBUG  ]  No samples found: featureCounts
[2022-08-05 11:11:13,764] multiqc                                            [DEBUG  ]  No samples found: fgbio
[2022-08-05 11:11:13,784] multiqc                                            [DEBUG  ]  No samples found: dragen
[2022-08-05 11:11:13,789] multiqc                                            [DEBUG  ]  No samples found: dedup
[2022-08-05 11:11:13,796] multiqc                                            [DEBUG  ]  No samples found: damageprofiler
[2022-08-05 11:11:14,071] multiqc                                            [DEBUG  ]  No samples found: biobambam2
[2022-08-05 11:11:14,077] multiqc                                            [DEBUG  ]  No samples found: jcvi
[2022-08-05 11:11:14,311] multiqc                                            [DEBUG  ]  No samples found: mtnucratio
[2022-08-05 11:11:14,313] multiqc                                            [DEBUG  ]  No samples found: picard
[2022-08-05 11:11:14,318] multiqc                                            [DEBUG  ]  No samples found: vep
[2022-08-05 11:11:14,326] multiqc                                            [DEBUG  ]  No samples found: sentieon
[2022-08-05 11:11:14,330] multiqc                                            [DEBUG  ]  No samples found: prokka
[2022-08-05 11:11:14,337] multiqc                                            [DEBUG  ]  No samples found: qc3C
[2022-08-05 11:11:14,343] multiqc                                            [DEBUG  ]  No samples found: nanostat
[2022-08-05 11:11:14,347] multiqc                                            [DEBUG  ]  No samples found: samblaster
[2022-08-05 11:11:14,357] multiqc                                            [DEBUG  ]  No samples found: samtools
[2022-08-05 11:11:14,362] multiqc                                            [DEBUG  ]  No samples found: sexdeterrmine
[2022-08-05 11:11:14,366] multiqc                                            [DEBUG  ]  No samples found: eigenstratdatabasetools
[2022-08-05 11:11:14,371] multiqc                                            [DEBUG  ]  No samples found: bamtools
[2022-08-05 11:11:14,375] multiqc                                            [DEBUG  ]  No samples found: jellyfish
[2022-08-05 11:11:14,382] multiqc                                            [DEBUG  ]  No samples found: vcftools
[2022-08-05 11:11:14,388] multiqc                                            [DEBUG  ]  No samples found: longranger
[2022-08-05 11:11:14,393] multiqc                                            [DEBUG  ]  No samples found: stacks
[2022-08-05 11:11:14,398] multiqc                                            [DEBUG  ]  No samples found: varscan2
[2022-08-05 11:11:14,403] multiqc                                            [DEBUG  ]  No samples found: snippy
[2022-08-05 11:11:14,420] multiqc                                            [DEBUG  ]  No samples found: bbmap
[2022-08-05 11:11:14,426] multiqc                                            [DEBUG  ]  No samples found: bismark
[2022-08-05 11:11:14,434] multiqc                                            [DEBUG  ]  No samples found: biscuit
[2022-08-05 11:11:14,439] multiqc                                            [DEBUG  ]  No samples found: hicexplorer
[2022-08-05 11:11:14,444] multiqc                                            [DEBUG  ]  No samples found: hicup
[2022-08-05 11:11:14,449] multiqc                                            [DEBUG  ]  No samples found: hicpro
[2022-08-05 11:11:14,453] multiqc                                            [DEBUG  ]  No samples found: salmon
[2022-08-05 11:11:14,457] multiqc                                            [DEBUG  ]  No samples found: kallisto
[2022-08-05 11:11:14,463] multiqc                                            [DEBUG  ]  No samples found: slamdunk
[2022-08-05 11:11:14,469] multiqc                                            [DEBUG  ]  No samples found: star
[2022-08-05 11:11:14,473] multiqc                                            [DEBUG  ]  No samples found: hisat2
[2022-08-05 11:11:14,477] multiqc                                            [DEBUG  ]  No samples found: tophat
[2022-08-05 11:11:14,709] multiqc                                            [DEBUG  ]  No samples found: bowtie2
[2022-08-05 11:11:14,714] multiqc                                            [DEBUG  ]  No samples found: bowtie1
[2022-08-05 11:11:14,719] multiqc                                            [DEBUG  ]  No samples found: snpsplit
[2022-08-05 11:11:14,724] multiqc                                            [DEBUG  ]  No samples found: odgi
[2022-08-05 11:11:14,728] multiqc                                            [DEBUG  ]  No samples found: pangolin
[2022-08-05 11:11:14,733] multiqc                                            [DEBUG  ]  No samples found: kat
[2022-08-05 11:11:14,737] multiqc                                            [DEBUG  ]  No samples found: leehom
[2022-08-05 11:11:14,972] multiqc                                            [DEBUG  ]  No samples found: adapterRemoval
[2022-08-05 11:11:15,204] multiqc                                            [DEBUG  ]  No samples found: clipandmerge
[2022-08-05 11:11:15,209] multiqc                                            [DEBUG  ]  No samples found: cutadapt
[2022-08-05 11:11:15,213] multiqc                                            [DEBUG  ]  No samples found: flexbar
[2022-08-05 11:11:15,218] multiqc                                            [DEBUG  ]  No samples found: kaiju
[2022-08-05 11:11:15,223] multiqc                                            [DEBUG  ]  No samples found: kraken
[2022-08-05 11:11:15,227] multiqc                                            [DEBUG  ]  No samples found: malt
[2022-08-05 11:11:15,231] multiqc                                            [DEBUG  ]  No samples found: trimmomatic
[2022-08-05 11:11:15,235] multiqc                                            [DEBUG  ]  No samples found: sickle
[2022-08-05 11:11:15,240] multiqc                                            [DEBUG  ]  No samples found: skewer
[2022-08-05 11:11:15,244] multiqc                                            [DEBUG  ]  No samples found: sortmerna
[2022-08-05 11:11:15,248] multiqc                                            [DEBUG  ]  No samples found: biobloomtools
[2022-08-05 11:11:15,253] multiqc                                            [DEBUG  ]  No samples found: fastq_screen
[2022-08-05 11:11:15,257] multiqc                                            [DEBUG  ]  No samples found: afterqc
[2022-08-05 11:11:15,262] multiqc                                            [DEBUG  ]  No samples found: fastp
[2022-08-05 11:11:15,725] multiqc.modules.fastqc.fastqc                      [INFO   ]  Found 4 reports
[2022-08-05 11:11:15,773] multiqc                                            [DEBUG  ]  No samples found: pychopper
[2022-08-05 11:11:15,778] multiqc                                            [DEBUG  ]  No samples found: pycoqc
[2022-08-05 11:11:15,783] multiqc                                            [DEBUG  ]  No samples found: minionqc
[2022-08-05 11:11:15,788] multiqc                                            [DEBUG  ]  No samples found: multivcfanalyzer
[2022-08-05 11:11:15,793] multiqc                                            [DEBUG  ]  No samples found: clusterflow
[2022-08-05 11:11:15,799] multiqc                                            [DEBUG  ]  No samples found: bcl2fastq
[2022-08-05 11:11:15,806] multiqc                                            [DEBUG  ]  No samples found: bclconvert
[2022-08-05 11:11:15,811] multiqc                                            [DEBUG  ]  No samples found: interop
[2022-08-05 11:11:15,815] multiqc                                            [DEBUG  ]  No samples found: ivar
[2022-08-05 11:11:15,820] multiqc                                            [DEBUG  ]  No samples found: flash
[2022-08-05 11:11:15,824] multiqc                                            [DEBUG  ]  No samples found: seqyclean
[2022-08-05 11:11:15,828] multiqc                                            [DEBUG  ]  No samples found: optitype
[2022-08-05 11:11:15,832] multiqc                                            [INFO   ]  Compressing plot data
[2022-08-05 11:11:20,897] multiqc                                            [INFO   ]  Report      : 12481_MGSD_CSIRO.qc.stats/multiqc_report.html
[2022-08-05 11:11:20,897] multiqc                                            [INFO   ]  Data        : 12481_MGSD_CSIRO.qc.stats/multiqc_data
[2022-08-05 11:11:20,897] multiqc                                            [DEBUG  ]  Moving data file from '/tmp/smi9a9.8585997/tmp1gd7sl9r/multiqc_data' to '12481_MGSD_CSIRO.qc.stats/multiqc_data'
[2022-08-05 11:11:21,033] multiqc                                            [INFO   ]  MultiQC complete
