[2022-08-05 11:05:59,139] multiqc                                            [DEBUG  ]  This is MultiQC v1.11
[2022-08-05 11:05:59,139] multiqc                                            [DEBUG  ]  No MultiQC config found: /apps/multiqc/1.11/lib/python3.9/site-packages/multiqc_config.yaml
[2022-08-05 11:05:59,139] multiqc                                            [DEBUG  ]  No MultiQC config found: /home/smi9a9/.multiqc_config.yaml
[2022-08-05 11:05:59,146] multiqc                                            [DEBUG  ]  No MultiQC config found: multiqc_config.yaml
[2022-08-05 11:05:59,146] multiqc                                            [DEBUG  ]  Command used: /apps/multiqc/1.11/bin/multiqc ./401596_HL7J5DSX3-1_merged_fastqc.html ./401596_HL7J5DSX3-1_merged_fastqc.zip ./401596_HL7J5DSX3-1_merged.fastq.gz ./401596_HL7J5DSX3-1_R1p_fastqc.html ./401596_HL7J5DSX3-1_R1p_fastqc.zip ./401596_HL7J5DSX3-1_R1p.fastq.gz ./401596_HL7J5DSX3-1_R1R2u_fastqc.html ./401596_HL7J5DSX3-1_R1R2u_fastqc.zip ./401596_HL7J5DSX3-1_R1R2u.fastq.gz ./401596_HL7J5DSX3-1_R2p_fastqc.html ./401596_HL7J5DSX3-1_R2p_fastqc.zip ./401596_HL7J5DSX3-1_R2p.fastq.gz ./401596_QCreads.md5 -o 401596_MGSD_CSIRO.qc.stats
[2022-08-05 11:05:59,148] multiqc                                            [DEBUG  ]  Could not connect to multiqc.info for version check: <urlopen error [Errno 111] Connection refused>
[2022-08-05 11:05:59,148] multiqc                                            [DEBUG  ]  Command     : /apps/multiqc/1.11/bin/multiqc ./401596_HL7J5DSX3-1_merged_fastqc.html ./401596_HL7J5DSX3-1_merged_fastqc.zip ./401596_HL7J5DSX3-1_merged.fastq.gz ./401596_HL7J5DSX3-1_R1p_fastqc.html ./401596_HL7J5DSX3-1_R1p_fastqc.zip ./401596_HL7J5DSX3-1_R1p.fastq.gz ./401596_HL7J5DSX3-1_R1R2u_fastqc.html ./401596_HL7J5DSX3-1_R1R2u_fastqc.zip ./401596_HL7J5DSX3-1_R1R2u.fastq.gz ./401596_HL7J5DSX3-1_R2p_fastqc.html ./401596_HL7J5DSX3-1_R2p_fastqc.zip ./401596_HL7J5DSX3-1_R2p.fastq.gz ./401596_QCreads.md5 -o 401596_MGSD_CSIRO.qc.stats
[2022-08-05 11:05:59,148] multiqc                                            [DEBUG  ]  Working dir : /datasets/work/oa-amd/work/amd/Metagenome_QC_reads
[2022-08-05 11:05:59,148] multiqc                                            [DEBUG  ]  Template    : default
[2022-08-05 11:05:59,148] multiqc                                            [DEBUG  ]  Running Python 3.9.4 (default, Apr 25 2021, 16:13:27)  [GCC 10.3.0]
[2022-08-05 11:05:59,148] multiqc                                            [DEBUG  ]  Analysing modules: custom_content, ccs, ngsderive, purple, conpair, lima, peddy, somalier, methylQA, mosdepth, phantompeakqualtools, qualimap, preseq, quast, qorts, rna_seqc, rockhopper, rsem, rseqc, busco, bustools, goleft_indexcov, gffcompare, disambiguate, supernova, deeptools, sargasso, verifybamid, mirtrace, happy, mirtop, sambamba, homer, hops, macs2, theta2, snpeff, gatk, htseq, bcftools, featureCounts, fgbio, dragen, dedup, damageprofiler, biobambam2, jcvi, mtnucratio, picard, vep, sentieon, prokka, qc3C, nanostat, samblaster, samtools, sexdeterrmine, eigenstratdatabasetools, bamtools, jellyfish, vcftools, longranger, stacks, varscan2, snippy, bbmap, bismark, biscuit, hicexplorer, hicup, hicpro, salmon, kallisto, slamdunk, star, hisat2, tophat, bowtie2, bowtie1, snpsplit, odgi, pangolin, kat, leehom, adapterRemoval, clipandmerge, cutadapt, flexbar, kaiju, kraken, malt, trimmomatic, sickle, skewer, sortmerna, biobloomtools, fastq_screen, afterqc, fastp, fastqc, pychopper, pycoqc, minionqc, multivcfanalyzer, clusterflow, bcl2fastq, bclconvert, interop, ivar, flash, seqyclean, optitype
[2022-08-05 11:05:59,149] multiqc                                            [DEBUG  ]  Using temporary directory for creating report: /tmp/smi9a9.8584635/tmpf9y1q30q
[2022-08-05 11:05:59,445] multiqc                                            [INFO   ]  Search path : /datasets/work/oa-amd/work/amd/Metagenome_QC_reads/401596_HL7J5DSX3-1_merged_fastqc.html
[2022-08-05 11:05:59,445] multiqc                                            [INFO   ]  Search path : /datasets/work/oa-amd/work/amd/Metagenome_QC_reads/401596_HL7J5DSX3-1_merged_fastqc.zip
[2022-08-05 11:05:59,445] multiqc                                            [INFO   ]  Search path : /datasets/work/oa-amd/work/amd/Metagenome_QC_reads/401596_HL7J5DSX3-1_merged.fastq.gz
[2022-08-05 11:05:59,445] multiqc                                            [INFO   ]  Search path : /datasets/work/oa-amd/work/amd/Metagenome_QC_reads/401596_HL7J5DSX3-1_R1p_fastqc.html
[2022-08-05 11:05:59,445] multiqc                                            [INFO   ]  Search path : /datasets/work/oa-amd/work/amd/Metagenome_QC_reads/401596_HL7J5DSX3-1_R1p_fastqc.zip
[2022-08-05 11:05:59,445] multiqc                                            [INFO   ]  Search path : /datasets/work/oa-amd/work/amd/Metagenome_QC_reads/401596_HL7J5DSX3-1_R1p.fastq.gz
[2022-08-05 11:05:59,445] multiqc                                            [INFO   ]  Search path : /datasets/work/oa-amd/work/amd/Metagenome_QC_reads/401596_HL7J5DSX3-1_R1R2u_fastqc.html
[2022-08-05 11:05:59,445] multiqc                                            [INFO   ]  Search path : /datasets/work/oa-amd/work/amd/Metagenome_QC_reads/401596_HL7J5DSX3-1_R1R2u_fastqc.zip
[2022-08-05 11:05:59,445] multiqc                                            [INFO   ]  Search path : /datasets/work/oa-amd/work/amd/Metagenome_QC_reads/401596_HL7J5DSX3-1_R1R2u.fastq.gz
[2022-08-05 11:05:59,445] multiqc                                            [INFO   ]  Search path : /datasets/work/oa-amd/work/amd/Metagenome_QC_reads/401596_HL7J5DSX3-1_R2p_fastqc.html
[2022-08-05 11:05:59,445] multiqc                                            [INFO   ]  Search path : /datasets/work/oa-amd/work/amd/Metagenome_QC_reads/401596_HL7J5DSX3-1_R2p_fastqc.zip
[2022-08-05 11:05:59,445] multiqc                                            [INFO   ]  Search path : /datasets/work/oa-amd/work/amd/Metagenome_QC_reads/401596_HL7J5DSX3-1_R2p.fastq.gz
[2022-08-05 11:05:59,445] multiqc                                            [INFO   ]  Search path : /datasets/work/oa-amd/work/amd/Metagenome_QC_reads/401596_QCreads.md5
[2022-08-05 11:05:59,931] multiqc                                            [DEBUG  ]  File ignored by ccs/v4 because it exceeded search pattern filesize limit: 401596_HL7J5DSX3-1_merged_fastqc.html
[2022-08-05 11:05:59,940] multiqc                                            [DEBUG  ]  File ignored by hicexplorer because it exceeded search pattern filesize limit: 401596_HL7J5DSX3-1_merged_fastqc.html
[2022-08-05 11:05:59,941] multiqc                                            [DEBUG  ]  File ignored by nanostat because it exceeded search pattern filesize limit: 401596_HL7J5DSX3-1_merged_fastqc.html
[2022-08-05 11:05:59,941] multiqc                                            [DEBUG  ]  File ignored by lima/summary because it exceeded search pattern filesize limit: 401596_HL7J5DSX3-1_merged_fastqc.html
[2022-08-05 11:05:59,958] multiqc                                            [DEBUG  ]  File ignored by vep/vep_txt because it exceeded search pattern filesize limit: 401596_HL7J5DSX3-1_merged_fastqc.html
[2022-08-05 11:05:59,958] multiqc                                            [DEBUG  ]  File ignored by longranger/invocation because it exceeded search pattern filesize limit: 401596_HL7J5DSX3-1_merged_fastqc.html
[2022-08-05 11:05:59,958] multiqc                                            [DEBUG  ]  File ignored by rockhopper because it exceeded search pattern filesize limit: 401596_HL7J5DSX3-1_merged_fastqc.html
[2022-08-05 11:05:59,958] multiqc                                            [DEBUG  ]  File ignored by rseqc/bam_stat because it exceeded search pattern filesize limit: 401596_HL7J5DSX3-1_merged_fastqc.html
[2022-08-05 11:05:59,958] multiqc                                            [DEBUG  ]  File ignored by rseqc/junction_annotation because it exceeded search pattern filesize limit: 401596_HL7J5DSX3-1_merged_fastqc.html
[2022-08-05 11:05:59,958] multiqc                                            [DEBUG  ]  File ignored by rseqc/read_distribution because it exceeded search pattern filesize limit: 401596_HL7J5DSX3-1_merged_fastqc.html
[2022-08-05 11:05:59,958] multiqc                                            [DEBUG  ]  File ignored by rseqc/infer_experiment because it exceeded search pattern filesize limit: 401596_HL7J5DSX3-1_merged_fastqc.html
[2022-08-05 11:06:00,060] multiqc                                            [DEBUG  ]  Ignoring file as matched an ignore pattern: 401596_HL7J5DSX3-1_merged.fastq.gz
[2022-08-05 11:06:01,699] multiqc                                            [DEBUG  ]  File ignored by ccs/v4 because it exceeded search pattern filesize limit: 401596_HL7J5DSX3-1_R1p_fastqc.html
[2022-08-05 11:06:01,705] multiqc                                            [DEBUG  ]  File ignored by hicexplorer because it exceeded search pattern filesize limit: 401596_HL7J5DSX3-1_R1p_fastqc.html
[2022-08-05 11:06:01,707] multiqc                                            [DEBUG  ]  File ignored by nanostat because it exceeded search pattern filesize limit: 401596_HL7J5DSX3-1_R1p_fastqc.html
[2022-08-05 11:06:01,707] multiqc                                            [DEBUG  ]  File ignored by lima/summary because it exceeded search pattern filesize limit: 401596_HL7J5DSX3-1_R1p_fastqc.html
[2022-08-05 11:06:01,732] multiqc                                            [DEBUG  ]  File ignored by vep/vep_txt because it exceeded search pattern filesize limit: 401596_HL7J5DSX3-1_R1p_fastqc.html
[2022-08-05 11:06:01,732] multiqc                                            [DEBUG  ]  File ignored by longranger/invocation because it exceeded search pattern filesize limit: 401596_HL7J5DSX3-1_R1p_fastqc.html
[2022-08-05 11:06:01,732] multiqc                                            [DEBUG  ]  File ignored by rockhopper because it exceeded search pattern filesize limit: 401596_HL7J5DSX3-1_R1p_fastqc.html
[2022-08-05 11:06:01,732] multiqc                                            [DEBUG  ]  File ignored by rseqc/bam_stat because it exceeded search pattern filesize limit: 401596_HL7J5DSX3-1_R1p_fastqc.html
[2022-08-05 11:06:01,732] multiqc                                            [DEBUG  ]  File ignored by rseqc/junction_annotation because it exceeded search pattern filesize limit: 401596_HL7J5DSX3-1_R1p_fastqc.html
[2022-08-05 11:06:01,732] multiqc                                            [DEBUG  ]  File ignored by rseqc/read_distribution because it exceeded search pattern filesize limit: 401596_HL7J5DSX3-1_R1p_fastqc.html
[2022-08-05 11:06:01,732] multiqc                                            [DEBUG  ]  File ignored by rseqc/infer_experiment because it exceeded search pattern filesize limit: 401596_HL7J5DSX3-1_R1p_fastqc.html
[2022-08-05 11:06:02,056] multiqc                                            [DEBUG  ]  Ignoring file as matched an ignore pattern: 401596_HL7J5DSX3-1_R1p.fastq.gz
[2022-08-05 11:06:02,103] multiqc                                            [DEBUG  ]  File ignored by ccs/v4 because it exceeded search pattern filesize limit: 401596_HL7J5DSX3-1_R1R2u_fastqc.html
[2022-08-05 11:06:02,111] multiqc                                            [DEBUG  ]  File ignored by hicexplorer because it exceeded search pattern filesize limit: 401596_HL7J5DSX3-1_R1R2u_fastqc.html
[2022-08-05 11:06:02,112] multiqc                                            [DEBUG  ]  File ignored by nanostat because it exceeded search pattern filesize limit: 401596_HL7J5DSX3-1_R1R2u_fastqc.html
[2022-08-05 11:06:02,112] multiqc                                            [DEBUG  ]  File ignored by lima/summary because it exceeded search pattern filesize limit: 401596_HL7J5DSX3-1_R1R2u_fastqc.html
[2022-08-05 11:06:02,132] multiqc                                            [DEBUG  ]  File ignored by vep/vep_txt because it exceeded search pattern filesize limit: 401596_HL7J5DSX3-1_R1R2u_fastqc.html
[2022-08-05 11:06:02,132] multiqc                                            [DEBUG  ]  File ignored by longranger/invocation because it exceeded search pattern filesize limit: 401596_HL7J5DSX3-1_R1R2u_fastqc.html
[2022-08-05 11:06:02,132] multiqc                                            [DEBUG  ]  File ignored by rockhopper because it exceeded search pattern filesize limit: 401596_HL7J5DSX3-1_R1R2u_fastqc.html
[2022-08-05 11:06:02,132] multiqc                                            [DEBUG  ]  File ignored by rseqc/bam_stat because it exceeded search pattern filesize limit: 401596_HL7J5DSX3-1_R1R2u_fastqc.html
[2022-08-05 11:06:02,132] multiqc                                            [DEBUG  ]  File ignored by rseqc/junction_annotation because it exceeded search pattern filesize limit: 401596_HL7J5DSX3-1_R1R2u_fastqc.html
[2022-08-05 11:06:02,132] multiqc                                            [DEBUG  ]  File ignored by rseqc/read_distribution because it exceeded search pattern filesize limit: 401596_HL7J5DSX3-1_R1R2u_fastqc.html
[2022-08-05 11:06:02,132] multiqc                                            [DEBUG  ]  File ignored by rseqc/infer_experiment because it exceeded search pattern filesize limit: 401596_HL7J5DSX3-1_R1R2u_fastqc.html
[2022-08-05 11:06:02,226] multiqc                                            [DEBUG  ]  Ignoring file as matched an ignore pattern: 401596_HL7J5DSX3-1_R1R2u.fastq.gz
[2022-08-05 11:06:02,280] multiqc                                            [DEBUG  ]  File ignored by ccs/v4 because it exceeded search pattern filesize limit: 401596_HL7J5DSX3-1_R2p_fastqc.html
[2022-08-05 11:06:02,290] multiqc                                            [DEBUG  ]  File ignored by hicexplorer because it exceeded search pattern filesize limit: 401596_HL7J5DSX3-1_R2p_fastqc.html
[2022-08-05 11:06:02,290] multiqc                                            [DEBUG  ]  File ignored by nanostat because it exceeded search pattern filesize limit: 401596_HL7J5DSX3-1_R2p_fastqc.html
[2022-08-05 11:06:02,291] multiqc                                            [DEBUG  ]  File ignored by lima/summary because it exceeded search pattern filesize limit: 401596_HL7J5DSX3-1_R2p_fastqc.html
[2022-08-05 11:06:02,308] multiqc                                            [DEBUG  ]  File ignored by vep/vep_txt because it exceeded search pattern filesize limit: 401596_HL7J5DSX3-1_R2p_fastqc.html
[2022-08-05 11:06:02,309] multiqc                                            [DEBUG  ]  File ignored by longranger/invocation because it exceeded search pattern filesize limit: 401596_HL7J5DSX3-1_R2p_fastqc.html
[2022-08-05 11:06:02,309] multiqc                                            [DEBUG  ]  File ignored by rockhopper because it exceeded search pattern filesize limit: 401596_HL7J5DSX3-1_R2p_fastqc.html
[2022-08-05 11:06:02,309] multiqc                                            [DEBUG  ]  File ignored by rseqc/bam_stat because it exceeded search pattern filesize limit: 401596_HL7J5DSX3-1_R2p_fastqc.html
[2022-08-05 11:06:02,309] multiqc                                            [DEBUG  ]  File ignored by rseqc/junction_annotation because it exceeded search pattern filesize limit: 401596_HL7J5DSX3-1_R2p_fastqc.html
[2022-08-05 11:06:02,309] multiqc                                            [DEBUG  ]  File ignored by rseqc/read_distribution because it exceeded search pattern filesize limit: 401596_HL7J5DSX3-1_R2p_fastqc.html
[2022-08-05 11:06:02,309] multiqc                                            [DEBUG  ]  File ignored by rseqc/infer_experiment because it exceeded search pattern filesize limit: 401596_HL7J5DSX3-1_R2p_fastqc.html
[2022-08-05 11:06:02,427] multiqc                                            [DEBUG  ]  Ignoring file as matched an ignore pattern: 401596_HL7J5DSX3-1_R2p.fastq.gz
[2022-08-05 11:06:02,428] multiqc                                            [DEBUG  ]  Ignoring file as matched an ignore pattern: 401596_QCreads.md5
[2022-08-05 11:06:03,237] multiqc.plots.bargraph                             [DEBUG  ]  Using matplotlib version 3.3.4
[2022-08-05 11:06:03,243] multiqc.plots.linegraph                            [DEBUG  ]  Using matplotlib version 3.3.4
[2022-08-05 11:06:03,354] multiqc                                            [DEBUG  ]  No samples found: custom_content
[2022-08-05 11:06:03,360] multiqc                                            [DEBUG  ]  No samples found: ccs
[2022-08-05 11:06:03,367] multiqc                                            [DEBUG  ]  No samples found: ngsderive
[2022-08-05 11:06:03,372] multiqc                                            [DEBUG  ]  No samples found: purple
[2022-08-05 11:06:03,377] multiqc                                            [DEBUG  ]  No samples found: conpair
[2022-08-05 11:06:03,383] multiqc                                            [DEBUG  ]  No samples found: lima
[2022-08-05 11:06:03,389] multiqc                                            [DEBUG  ]  No samples found: peddy
[2022-08-05 11:06:03,396] multiqc                                            [DEBUG  ]  No samples found: somalier
[2022-08-05 11:06:03,401] multiqc                                            [DEBUG  ]  No samples found: methylQA
[2022-08-05 11:06:03,414] multiqc.modules.mosdepth.mosdepth                  [DEBUG  ]  include_contigs: []
[2022-08-05 11:06:03,414] multiqc.modules.mosdepth.mosdepth                  [DEBUG  ]  exclude_contigs: []
[2022-08-05 11:06:03,414] multiqc                                            [DEBUG  ]  No samples found: mosdepth
[2022-08-05 11:06:03,419] multiqc                                            [DEBUG  ]  No samples found: phantompeakqualtools
[2022-08-05 11:06:03,423] multiqc                                            [DEBUG  ]  No samples found: qualimap
[2022-08-05 11:06:03,429] multiqc                                            [DEBUG  ]  No samples found: preseq
[2022-08-05 11:06:03,435] multiqc                                            [DEBUG  ]  No samples found: quast
[2022-08-05 11:06:03,441] multiqc                                            [DEBUG  ]  No samples found: qorts
[2022-08-05 11:06:03,447] multiqc                                            [DEBUG  ]  No samples found: rna_seqc
[2022-08-05 11:06:03,452] multiqc                                            [DEBUG  ]  No samples found: rockhopper
[2022-08-05 11:06:03,457] multiqc                                            [DEBUG  ]  No samples found: rsem
[2022-08-05 11:06:03,475] multiqc                                            [DEBUG  ]  No samples found: rseqc
[2022-08-05 11:06:03,612] multiqc                                            [DEBUG  ]  No samples found: busco
[2022-08-05 11:06:03,618] multiqc                                            [DEBUG  ]  No samples found: bustools
[2022-08-05 11:06:03,623] multiqc                                            [DEBUG  ]  No samples found: goleft_indexcov
[2022-08-05 11:06:03,629] multiqc                                            [DEBUG  ]  No samples found: gffcompare
[2022-08-05 11:06:03,633] multiqc                                            [DEBUG  ]  No samples found: disambiguate
[2022-08-05 11:06:03,639] multiqc                                            [DEBUG  ]  No samples found: supernova
[2022-08-05 11:06:03,657] multiqc                                            [DEBUG  ]  No samples found: deeptools
[2022-08-05 11:06:03,662] multiqc                                            [DEBUG  ]  No samples found: sargasso
[2022-08-05 11:06:03,667] multiqc                                            [DEBUG  ]  No samples found: verifybamid
[2022-08-05 11:06:03,673] multiqc                                            [DEBUG  ]  No samples found: mirtrace
[2022-08-05 11:06:03,678] multiqc                                            [DEBUG  ]  No samples found: happy
[2022-08-05 11:06:03,683] multiqc                                            [DEBUG  ]  No samples found: mirtop
[2022-08-05 11:06:03,688] multiqc                                            [DEBUG  ]  No samples found: sambamba
[2022-08-05 11:06:03,696] multiqc                                            [DEBUG  ]  No samples found: homer
[2022-08-05 11:06:03,700] multiqc                                            [DEBUG  ]  No samples found: hops
[2022-08-05 11:06:03,705] multiqc                                            [DEBUG  ]  No samples found: macs2
[2022-08-05 11:06:03,710] multiqc                                            [DEBUG  ]  No samples found: theta2
[2022-08-05 11:06:03,715] multiqc                                            [DEBUG  ]  No samples found: snpeff
[2022-08-05 11:06:03,723] multiqc                                            [DEBUG  ]  No samples found: gatk
[2022-08-05 11:06:03,959] multiqc                                            [DEBUG  ]  No samples found: htseq
[2022-08-05 11:06:03,966] multiqc                                            [DEBUG  ]  No samples found: bcftools
[2022-08-05 11:06:03,971] multiqc                                            [DEBUG  ]  No samples found: featureCounts
[2022-08-05 11:06:03,978] multiqc                                            [DEBUG  ]  No samples found: fgbio
[2022-08-05 11:06:04,228] multiqc                                            [DEBUG  ]  No samples found: dragen
[2022-08-05 11:06:04,232] multiqc                                            [DEBUG  ]  No samples found: dedup
[2022-08-05 11:06:04,239] multiqc                                            [DEBUG  ]  No samples found: damageprofiler
[2022-08-05 11:06:04,614] multiqc                                            [DEBUG  ]  No samples found: biobambam2
[2022-08-05 11:06:04,621] multiqc                                            [DEBUG  ]  No samples found: jcvi
[2022-08-05 11:06:04,625] multiqc                                            [DEBUG  ]  No samples found: mtnucratio
[2022-08-05 11:06:04,628] multiqc                                            [DEBUG  ]  No samples found: picard
[2022-08-05 11:06:04,633] multiqc                                            [DEBUG  ]  No samples found: vep
[2022-08-05 11:06:04,642] multiqc                                            [DEBUG  ]  No samples found: sentieon
[2022-08-05 11:06:04,647] multiqc                                            [DEBUG  ]  No samples found: prokka
[2022-08-05 11:06:04,655] multiqc                                            [DEBUG  ]  No samples found: qc3C
[2022-08-05 11:06:04,660] multiqc                                            [DEBUG  ]  No samples found: nanostat
[2022-08-05 11:06:04,665] multiqc                                            [DEBUG  ]  No samples found: samblaster
[2022-08-05 11:06:04,678] multiqc                                            [DEBUG  ]  No samples found: samtools
[2022-08-05 11:06:04,683] multiqc                                            [DEBUG  ]  No samples found: sexdeterrmine
[2022-08-05 11:06:04,688] multiqc                                            [DEBUG  ]  No samples found: eigenstratdatabasetools
[2022-08-05 11:06:04,694] multiqc                                            [DEBUG  ]  No samples found: bamtools
[2022-08-05 11:06:04,698] multiqc                                            [DEBUG  ]  No samples found: jellyfish
[2022-08-05 11:06:04,707] multiqc                                            [DEBUG  ]  No samples found: vcftools
[2022-08-05 11:06:04,943] multiqc                                            [DEBUG  ]  No samples found: longranger
[2022-08-05 11:06:04,949] multiqc                                            [DEBUG  ]  No samples found: stacks
[2022-08-05 11:06:04,954] multiqc                                            [DEBUG  ]  No samples found: varscan2
[2022-08-05 11:06:04,959] multiqc                                            [DEBUG  ]  No samples found: snippy
[2022-08-05 11:06:05,209] multiqc                                            [DEBUG  ]  No samples found: bbmap
[2022-08-05 11:06:05,215] multiqc                                            [DEBUG  ]  No samples found: bismark
[2022-08-05 11:06:05,224] multiqc                                            [DEBUG  ]  No samples found: biscuit
[2022-08-05 11:06:05,229] multiqc                                            [DEBUG  ]  No samples found: hicexplorer
[2022-08-05 11:06:05,234] multiqc                                            [DEBUG  ]  No samples found: hicup
[2022-08-05 11:06:05,240] multiqc                                            [DEBUG  ]  No samples found: hicpro
[2022-08-05 11:06:05,245] multiqc                                            [DEBUG  ]  No samples found: salmon
[2022-08-05 11:06:05,250] multiqc                                            [DEBUG  ]  No samples found: kallisto
[2022-08-05 11:06:05,781] multiqc                                            [DEBUG  ]  No samples found: slamdunk
[2022-08-05 11:06:05,787] multiqc                                            [DEBUG  ]  No samples found: star
[2022-08-05 11:06:05,792] multiqc                                            [DEBUG  ]  No samples found: hisat2
[2022-08-05 11:06:05,798] multiqc                                            [DEBUG  ]  No samples found: tophat
[2022-08-05 11:06:05,803] multiqc                                            [DEBUG  ]  No samples found: bowtie2
[2022-08-05 11:06:05,808] multiqc                                            [DEBUG  ]  No samples found: bowtie1
[2022-08-05 11:06:05,813] multiqc                                            [DEBUG  ]  No samples found: snpsplit
[2022-08-05 11:06:05,819] multiqc                                            [DEBUG  ]  No samples found: odgi
[2022-08-05 11:06:05,824] multiqc                                            [DEBUG  ]  No samples found: pangolin
[2022-08-05 11:06:05,828] multiqc                                            [DEBUG  ]  No samples found: kat
[2022-08-05 11:06:05,833] multiqc                                            [DEBUG  ]  No samples found: leehom
[2022-08-05 11:06:05,838] multiqc                                            [DEBUG  ]  No samples found: adapterRemoval
[2022-08-05 11:06:05,842] multiqc                                            [DEBUG  ]  No samples found: clipandmerge
[2022-08-05 11:06:05,848] multiqc                                            [DEBUG  ]  No samples found: cutadapt
[2022-08-05 11:06:05,852] multiqc                                            [DEBUG  ]  No samples found: flexbar
[2022-08-05 11:06:05,858] multiqc                                            [DEBUG  ]  No samples found: kaiju
[2022-08-05 11:06:05,864] multiqc                                            [DEBUG  ]  No samples found: kraken
[2022-08-05 11:06:05,868] multiqc                                            [DEBUG  ]  No samples found: malt
[2022-08-05 11:06:05,873] multiqc                                            [DEBUG  ]  No samples found: trimmomatic
[2022-08-05 11:06:05,878] multiqc                                            [DEBUG  ]  No samples found: sickle
[2022-08-05 11:06:05,882] multiqc                                            [DEBUG  ]  No samples found: skewer
[2022-08-05 11:06:05,887] multiqc                                            [DEBUG  ]  No samples found: sortmerna
[2022-08-05 11:06:05,891] multiqc                                            [DEBUG  ]  No samples found: biobloomtools
[2022-08-05 11:06:05,897] multiqc                                            [DEBUG  ]  No samples found: fastq_screen
[2022-08-05 11:06:05,901] multiqc                                            [DEBUG  ]  No samples found: afterqc
[2022-08-05 11:06:05,907] multiqc                                            [DEBUG  ]  No samples found: fastp
[2022-08-05 11:06:06,745] multiqc.modules.fastqc.fastqc                      [INFO   ]  Found 4 reports
[2022-08-05 11:06:06,943] multiqc                                            [DEBUG  ]  No samples found: pychopper
[2022-08-05 11:06:06,949] multiqc                                            [DEBUG  ]  No samples found: pycoqc
[2022-08-05 11:06:06,954] multiqc                                            [DEBUG  ]  No samples found: minionqc
[2022-08-05 11:06:06,959] multiqc                                            [DEBUG  ]  No samples found: multivcfanalyzer
[2022-08-05 11:06:06,965] multiqc                                            [DEBUG  ]  No samples found: clusterflow
[2022-08-05 11:06:06,971] multiqc                                            [DEBUG  ]  No samples found: bcl2fastq
[2022-08-05 11:06:06,978] multiqc                                            [DEBUG  ]  No samples found: bclconvert
[2022-08-05 11:06:07,257] multiqc                                            [DEBUG  ]  No samples found: interop
[2022-08-05 11:06:07,262] multiqc                                            [DEBUG  ]  No samples found: ivar
[2022-08-05 11:06:07,267] multiqc                                            [DEBUG  ]  No samples found: flash
[2022-08-05 11:06:07,272] multiqc                                            [DEBUG  ]  No samples found: seqyclean
[2022-08-05 11:06:07,277] multiqc                                            [DEBUG  ]  No samples found: optitype
[2022-08-05 11:06:07,281] multiqc                                            [INFO   ]  Compressing plot data
[2022-08-05 11:06:07,339] multiqc                                            [INFO   ]  Report      : 401596_MGSD_CSIRO.qc.stats/multiqc_report.html
[2022-08-05 11:06:07,339] multiqc                                            [INFO   ]  Data        : 401596_MGSD_CSIRO.qc.stats/multiqc_data
[2022-08-05 11:06:07,339] multiqc                                            [DEBUG  ]  Moving data file from '/tmp/smi9a9.8584635/tmpf9y1q30q/multiqc_data' to '401596_MGSD_CSIRO.qc.stats/multiqc_data'
[2022-08-05 11:06:08,084] multiqc                                            [INFO   ]  MultiQC complete
