[2022-08-05 11:11:58,025] multiqc                                            [DEBUG  ]  This is MultiQC v1.11
[2022-08-05 11:11:58,025] multiqc                                            [DEBUG  ]  No MultiQC config found: /apps/multiqc/1.11/lib/python3.9/site-packages/multiqc_config.yaml
[2022-08-05 11:11:58,025] multiqc                                            [DEBUG  ]  No MultiQC config found: /home/smi9a9/.multiqc_config.yaml
[2022-08-05 11:12:05,164] multiqc                                            [DEBUG  ]  No MultiQC config found: multiqc_config.yaml
[2022-08-05 11:12:05,164] multiqc                                            [DEBUG  ]  Command used: /apps/multiqc/1.11/bin/multiqc ./12497_combined_merged_fastqc.html ./12497_combined_merged_fastqc.zip ./12497_combined_merged.fastq.gz ./12497_combined_R1p_fastqc.html ./12497_combined_R1p_fastqc.zip ./12497_combined_R1p.fastq.gz ./12497_combined_R1R2u_fastqc.html ./12497_combined_R1R2u_fastqc.zip ./12497_combined_R1R2u.fastq.gz ./12497_combined_R2p_fastqc.html ./12497_combined_R2p_fastqc.zip ./12497_combined_R2p.fastq.gz ./12497_QCreads.md5 -o 12497_MGSD_CSIRO.qc.stats
[2022-08-05 11:12:05,166] multiqc                                            [DEBUG  ]  Could not connect to multiqc.info for version check: <urlopen error [Errno 111] Connection refused>
[2022-08-05 11:12:05,166] multiqc                                            [DEBUG  ]  Command     : /apps/multiqc/1.11/bin/multiqc ./12497_combined_merged_fastqc.html ./12497_combined_merged_fastqc.zip ./12497_combined_merged.fastq.gz ./12497_combined_R1p_fastqc.html ./12497_combined_R1p_fastqc.zip ./12497_combined_R1p.fastq.gz ./12497_combined_R1R2u_fastqc.html ./12497_combined_R1R2u_fastqc.zip ./12497_combined_R1R2u.fastq.gz ./12497_combined_R2p_fastqc.html ./12497_combined_R2p_fastqc.zip ./12497_combined_R2p.fastq.gz ./12497_QCreads.md5 -o 12497_MGSD_CSIRO.qc.stats
[2022-08-05 11:12:05,166] multiqc                                            [DEBUG  ]  Working dir : /datasets/work/oa-amd/work/amd/Metagenome_QC_reads
[2022-08-05 11:12:05,166] multiqc                                            [DEBUG  ]  Template    : default
[2022-08-05 11:12:05,166] multiqc                                            [DEBUG  ]  Running Python 3.9.4 (default, Apr 25 2021, 16:13:27)  [GCC 10.3.0]
[2022-08-05 11:12:05,166] multiqc                                            [DEBUG  ]  Analysing modules: custom_content, ccs, ngsderive, purple, conpair, lima, peddy, somalier, methylQA, mosdepth, phantompeakqualtools, qualimap, preseq, quast, qorts, rna_seqc, rockhopper, rsem, rseqc, busco, bustools, goleft_indexcov, gffcompare, disambiguate, supernova, deeptools, sargasso, verifybamid, mirtrace, happy, mirtop, sambamba, homer, hops, macs2, theta2, snpeff, gatk, htseq, bcftools, featureCounts, fgbio, dragen, dedup, damageprofiler, biobambam2, jcvi, mtnucratio, picard, vep, sentieon, prokka, qc3C, nanostat, samblaster, samtools, sexdeterrmine, eigenstratdatabasetools, bamtools, jellyfish, vcftools, longranger, stacks, varscan2, snippy, bbmap, bismark, biscuit, hicexplorer, hicup, hicpro, salmon, kallisto, slamdunk, star, hisat2, tophat, bowtie2, bowtie1, snpsplit, odgi, pangolin, kat, leehom, adapterRemoval, clipandmerge, cutadapt, flexbar, kaiju, kraken, malt, trimmomatic, sickle, skewer, sortmerna, biobloomtools, fastq_screen, afterqc, fastp, fastqc, pychopper, pycoqc, minionqc, multivcfanalyzer, clusterflow, bcl2fastq, bclconvert, interop, ivar, flash, seqyclean, optitype
[2022-08-05 11:12:05,166] multiqc                                            [DEBUG  ]  Using temporary directory for creating report: /tmp/smi9a9.8585981/tmprcxjdls3
[2022-08-05 11:12:05,229] multiqc                                            [INFO   ]  Search path : /datasets/work/oa-amd/work/amd/Metagenome_QC_reads/12497_combined_merged_fastqc.html
[2022-08-05 11:12:05,229] multiqc                                            [INFO   ]  Search path : /datasets/work/oa-amd/work/amd/Metagenome_QC_reads/12497_combined_merged_fastqc.zip
[2022-08-05 11:12:05,229] multiqc                                            [INFO   ]  Search path : /datasets/work/oa-amd/work/amd/Metagenome_QC_reads/12497_combined_merged.fastq.gz
[2022-08-05 11:12:05,229] multiqc                                            [INFO   ]  Search path : /datasets/work/oa-amd/work/amd/Metagenome_QC_reads/12497_combined_R1p_fastqc.html
[2022-08-05 11:12:05,229] multiqc                                            [INFO   ]  Search path : /datasets/work/oa-amd/work/amd/Metagenome_QC_reads/12497_combined_R1p_fastqc.zip
[2022-08-05 11:12:05,229] multiqc                                            [INFO   ]  Search path : /datasets/work/oa-amd/work/amd/Metagenome_QC_reads/12497_combined_R1p.fastq.gz
[2022-08-05 11:12:05,229] multiqc                                            [INFO   ]  Search path : /datasets/work/oa-amd/work/amd/Metagenome_QC_reads/12497_combined_R1R2u_fastqc.html
[2022-08-05 11:12:05,229] multiqc                                            [INFO   ]  Search path : /datasets/work/oa-amd/work/amd/Metagenome_QC_reads/12497_combined_R1R2u_fastqc.zip
[2022-08-05 11:12:05,229] multiqc                                            [INFO   ]  Search path : /datasets/work/oa-amd/work/amd/Metagenome_QC_reads/12497_combined_R1R2u.fastq.gz
[2022-08-05 11:12:05,229] multiqc                                            [INFO   ]  Search path : /datasets/work/oa-amd/work/amd/Metagenome_QC_reads/12497_combined_R2p_fastqc.html
[2022-08-05 11:12:05,229] multiqc                                            [INFO   ]  Search path : /datasets/work/oa-amd/work/amd/Metagenome_QC_reads/12497_combined_R2p_fastqc.zip
[2022-08-05 11:12:05,229] multiqc                                            [INFO   ]  Search path : /datasets/work/oa-amd/work/amd/Metagenome_QC_reads/12497_combined_R2p.fastq.gz
[2022-08-05 11:12:05,229] multiqc                                            [INFO   ]  Search path : /datasets/work/oa-amd/work/amd/Metagenome_QC_reads/12497_QCreads.md5
[2022-08-05 11:12:05,512] multiqc                                            [DEBUG  ]  File ignored by ccs/v4 because it exceeded search pattern filesize limit: 12497_combined_merged_fastqc.html
[2022-08-05 11:12:05,521] multiqc                                            [DEBUG  ]  File ignored by hicexplorer because it exceeded search pattern filesize limit: 12497_combined_merged_fastqc.html
[2022-08-05 11:12:05,522] multiqc                                            [DEBUG  ]  File ignored by nanostat because it exceeded search pattern filesize limit: 12497_combined_merged_fastqc.html
[2022-08-05 11:12:05,522] multiqc                                            [DEBUG  ]  File ignored by lima/summary because it exceeded search pattern filesize limit: 12497_combined_merged_fastqc.html
[2022-08-05 11:12:05,535] multiqc                                            [DEBUG  ]  File ignored by vep/vep_txt because it exceeded search pattern filesize limit: 12497_combined_merged_fastqc.html
[2022-08-05 11:12:05,535] multiqc                                            [DEBUG  ]  File ignored by longranger/invocation because it exceeded search pattern filesize limit: 12497_combined_merged_fastqc.html
[2022-08-05 11:12:05,535] multiqc                                            [DEBUG  ]  File ignored by rockhopper because it exceeded search pattern filesize limit: 12497_combined_merged_fastqc.html
[2022-08-05 11:12:05,535] multiqc                                            [DEBUG  ]  File ignored by rseqc/bam_stat because it exceeded search pattern filesize limit: 12497_combined_merged_fastqc.html
[2022-08-05 11:12:05,535] multiqc                                            [DEBUG  ]  File ignored by rseqc/junction_annotation because it exceeded search pattern filesize limit: 12497_combined_merged_fastqc.html
[2022-08-05 11:12:05,535] multiqc                                            [DEBUG  ]  File ignored by rseqc/read_distribution because it exceeded search pattern filesize limit: 12497_combined_merged_fastqc.html
[2022-08-05 11:12:05,535] multiqc                                            [DEBUG  ]  File ignored by rseqc/infer_experiment because it exceeded search pattern filesize limit: 12497_combined_merged_fastqc.html
[2022-08-05 11:12:05,950] multiqc                                            [DEBUG  ]  Ignoring file as matched an ignore pattern: 12497_combined_merged.fastq.gz
[2022-08-05 11:12:06,348] multiqc                                            [DEBUG  ]  File ignored by ccs/v4 because it exceeded search pattern filesize limit: 12497_combined_R1p_fastqc.html
[2022-08-05 11:12:06,352] multiqc                                            [DEBUG  ]  File ignored by hicexplorer because it exceeded search pattern filesize limit: 12497_combined_R1p_fastqc.html
[2022-08-05 11:12:06,353] multiqc                                            [DEBUG  ]  File ignored by nanostat because it exceeded search pattern filesize limit: 12497_combined_R1p_fastqc.html
[2022-08-05 11:12:06,353] multiqc                                            [DEBUG  ]  File ignored by lima/summary because it exceeded search pattern filesize limit: 12497_combined_R1p_fastqc.html
[2022-08-05 11:12:06,821] multiqc                                            [DEBUG  ]  File ignored by vep/vep_txt because it exceeded search pattern filesize limit: 12497_combined_R1p_fastqc.html
[2022-08-05 11:12:06,821] multiqc                                            [DEBUG  ]  File ignored by longranger/invocation because it exceeded search pattern filesize limit: 12497_combined_R1p_fastqc.html
[2022-08-05 11:12:06,821] multiqc                                            [DEBUG  ]  File ignored by rockhopper because it exceeded search pattern filesize limit: 12497_combined_R1p_fastqc.html
[2022-08-05 11:12:06,821] multiqc                                            [DEBUG  ]  File ignored by rseqc/bam_stat because it exceeded search pattern filesize limit: 12497_combined_R1p_fastqc.html
[2022-08-05 11:12:06,821] multiqc                                            [DEBUG  ]  File ignored by rseqc/junction_annotation because it exceeded search pattern filesize limit: 12497_combined_R1p_fastqc.html
[2022-08-05 11:12:06,821] multiqc                                            [DEBUG  ]  File ignored by rseqc/read_distribution because it exceeded search pattern filesize limit: 12497_combined_R1p_fastqc.html
[2022-08-05 11:12:06,821] multiqc                                            [DEBUG  ]  File ignored by rseqc/infer_experiment because it exceeded search pattern filesize limit: 12497_combined_R1p_fastqc.html
[2022-08-05 11:12:07,304] multiqc                                            [DEBUG  ]  Ignoring file as matched an ignore pattern: 12497_combined_R1p.fastq.gz
[2022-08-05 11:12:07,494] multiqc                                            [DEBUG  ]  File ignored by ccs/v4 because it exceeded search pattern filesize limit: 12497_combined_R1R2u_fastqc.html
[2022-08-05 11:12:07,555] multiqc                                            [DEBUG  ]  File ignored by hicexplorer because it exceeded search pattern filesize limit: 12497_combined_R1R2u_fastqc.html
[2022-08-05 11:12:07,556] multiqc                                            [DEBUG  ]  File ignored by nanostat because it exceeded search pattern filesize limit: 12497_combined_R1R2u_fastqc.html
[2022-08-05 11:12:07,556] multiqc                                            [DEBUG  ]  File ignored by lima/summary because it exceeded search pattern filesize limit: 12497_combined_R1R2u_fastqc.html
[2022-08-05 11:12:07,570] multiqc                                            [DEBUG  ]  File ignored by vep/vep_txt because it exceeded search pattern filesize limit: 12497_combined_R1R2u_fastqc.html
[2022-08-05 11:12:07,570] multiqc                                            [DEBUG  ]  File ignored by longranger/invocation because it exceeded search pattern filesize limit: 12497_combined_R1R2u_fastqc.html
[2022-08-05 11:12:07,570] multiqc                                            [DEBUG  ]  File ignored by rockhopper because it exceeded search pattern filesize limit: 12497_combined_R1R2u_fastqc.html
[2022-08-05 11:12:07,570] multiqc                                            [DEBUG  ]  File ignored by rseqc/bam_stat because it exceeded search pattern filesize limit: 12497_combined_R1R2u_fastqc.html
[2022-08-05 11:12:07,570] multiqc                                            [DEBUG  ]  File ignored by rseqc/junction_annotation because it exceeded search pattern filesize limit: 12497_combined_R1R2u_fastqc.html
[2022-08-05 11:12:07,570] multiqc                                            [DEBUG  ]  File ignored by rseqc/read_distribution because it exceeded search pattern filesize limit: 12497_combined_R1R2u_fastqc.html
[2022-08-05 11:12:07,570] multiqc                                            [DEBUG  ]  File ignored by rseqc/infer_experiment because it exceeded search pattern filesize limit: 12497_combined_R1R2u_fastqc.html
[2022-08-05 11:12:08,310] multiqc                                            [DEBUG  ]  Ignoring file as matched an ignore pattern: 12497_combined_R1R2u.fastq.gz
[2022-08-05 11:12:08,608] multiqc                                            [DEBUG  ]  File ignored by ccs/v4 because it exceeded search pattern filesize limit: 12497_combined_R2p_fastqc.html
[2022-08-05 11:12:08,615] multiqc                                            [DEBUG  ]  File ignored by hicexplorer because it exceeded search pattern filesize limit: 12497_combined_R2p_fastqc.html
[2022-08-05 11:12:08,615] multiqc                                            [DEBUG  ]  File ignored by nanostat because it exceeded search pattern filesize limit: 12497_combined_R2p_fastqc.html
[2022-08-05 11:12:08,615] multiqc                                            [DEBUG  ]  File ignored by lima/summary because it exceeded search pattern filesize limit: 12497_combined_R2p_fastqc.html
[2022-08-05 11:12:08,630] multiqc                                            [DEBUG  ]  File ignored by vep/vep_txt because it exceeded search pattern filesize limit: 12497_combined_R2p_fastqc.html
[2022-08-05 11:12:08,630] multiqc                                            [DEBUG  ]  File ignored by longranger/invocation because it exceeded search pattern filesize limit: 12497_combined_R2p_fastqc.html
[2022-08-05 11:12:08,630] multiqc                                            [DEBUG  ]  File ignored by rockhopper because it exceeded search pattern filesize limit: 12497_combined_R2p_fastqc.html
[2022-08-05 11:12:08,630] multiqc                                            [DEBUG  ]  File ignored by rseqc/bam_stat because it exceeded search pattern filesize limit: 12497_combined_R2p_fastqc.html
[2022-08-05 11:12:08,630] multiqc                                            [DEBUG  ]  File ignored by rseqc/junction_annotation because it exceeded search pattern filesize limit: 12497_combined_R2p_fastqc.html
[2022-08-05 11:12:08,630] multiqc                                            [DEBUG  ]  File ignored by rseqc/read_distribution because it exceeded search pattern filesize limit: 12497_combined_R2p_fastqc.html
[2022-08-05 11:12:08,630] multiqc                                            [DEBUG  ]  File ignored by rseqc/infer_experiment because it exceeded search pattern filesize limit: 12497_combined_R2p_fastqc.html
[2022-08-05 11:12:08,957] multiqc                                            [DEBUG  ]  Ignoring file as matched an ignore pattern: 12497_combined_R2p.fastq.gz
[2022-08-05 11:12:08,957] multiqc                                            [DEBUG  ]  Ignoring file as matched an ignore pattern: 12497_QCreads.md5
[2022-08-05 11:12:13,986] multiqc.plots.bargraph                             [DEBUG  ]  Using matplotlib version 3.3.4
[2022-08-05 11:12:13,990] multiqc.plots.linegraph                            [DEBUG  ]  Using matplotlib version 3.3.4
[2022-08-05 11:12:13,993] multiqc                                            [DEBUG  ]  No samples found: custom_content
[2022-08-05 11:12:13,999] multiqc                                            [DEBUG  ]  No samples found: ccs
[2022-08-05 11:12:14,008] multiqc                                            [DEBUG  ]  No samples found: ngsderive
[2022-08-05 11:12:14,013] multiqc                                            [DEBUG  ]  No samples found: purple
[2022-08-05 11:12:14,017] multiqc                                            [DEBUG  ]  No samples found: conpair
[2022-08-05 11:12:14,024] multiqc                                            [DEBUG  ]  No samples found: lima
[2022-08-05 11:12:14,029] multiqc                                            [DEBUG  ]  No samples found: peddy
[2022-08-05 11:12:14,036] multiqc                                            [DEBUG  ]  No samples found: somalier
[2022-08-05 11:12:14,041] multiqc                                            [DEBUG  ]  No samples found: methylQA
[2022-08-05 11:12:14,052] multiqc.modules.mosdepth.mosdepth                  [DEBUG  ]  include_contigs: []
[2022-08-05 11:12:14,052] multiqc.modules.mosdepth.mosdepth                  [DEBUG  ]  exclude_contigs: []
[2022-08-05 11:12:14,052] multiqc                                            [DEBUG  ]  No samples found: mosdepth
[2022-08-05 11:12:14,056] multiqc                                            [DEBUG  ]  No samples found: phantompeakqualtools
[2022-08-05 11:12:14,059] multiqc                                            [DEBUG  ]  No samples found: qualimap
[2022-08-05 11:12:14,065] multiqc                                            [DEBUG  ]  No samples found: preseq
[2022-08-05 11:12:14,070] multiqc                                            [DEBUG  ]  No samples found: quast
[2022-08-05 11:12:14,075] multiqc                                            [DEBUG  ]  No samples found: qorts
[2022-08-05 11:12:14,080] multiqc                                            [DEBUG  ]  No samples found: rna_seqc
[2022-08-05 11:12:14,086] multiqc                                            [DEBUG  ]  No samples found: rockhopper
[2022-08-05 11:12:14,092] multiqc                                            [DEBUG  ]  No samples found: rsem
[2022-08-05 11:12:14,110] multiqc                                            [DEBUG  ]  No samples found: rseqc
[2022-08-05 11:12:14,116] multiqc                                            [DEBUG  ]  No samples found: busco
[2022-08-05 11:12:14,121] multiqc                                            [DEBUG  ]  No samples found: bustools
[2022-08-05 11:12:14,126] multiqc                                            [DEBUG  ]  No samples found: goleft_indexcov
[2022-08-05 11:12:14,132] multiqc                                            [DEBUG  ]  No samples found: gffcompare
[2022-08-05 11:12:14,136] multiqc                                            [DEBUG  ]  No samples found: disambiguate
[2022-08-05 11:12:14,142] multiqc                                            [DEBUG  ]  No samples found: supernova
[2022-08-05 11:12:14,159] multiqc                                            [DEBUG  ]  No samples found: deeptools
[2022-08-05 11:12:14,163] multiqc                                            [DEBUG  ]  No samples found: sargasso
[2022-08-05 11:12:14,168] multiqc                                            [DEBUG  ]  No samples found: verifybamid
[2022-08-05 11:12:14,173] multiqc                                            [DEBUG  ]  No samples found: mirtrace
[2022-08-05 11:12:14,177] multiqc                                            [DEBUG  ]  No samples found: happy
[2022-08-05 11:12:14,183] multiqc                                            [DEBUG  ]  No samples found: mirtop
[2022-08-05 11:12:14,189] multiqc                                            [DEBUG  ]  No samples found: sambamba
[2022-08-05 11:12:14,196] multiqc                                            [DEBUG  ]  No samples found: homer
[2022-08-05 11:12:14,202] multiqc                                            [DEBUG  ]  No samples found: hops
[2022-08-05 11:12:14,206] multiqc                                            [DEBUG  ]  No samples found: macs2
[2022-08-05 11:12:14,210] multiqc                                            [DEBUG  ]  No samples found: theta2
[2022-08-05 11:12:14,222] multiqc                                            [DEBUG  ]  No samples found: snpeff
[2022-08-05 11:12:14,459] multiqc                                            [DEBUG  ]  No samples found: gatk
[2022-08-05 11:12:14,463] multiqc                                            [DEBUG  ]  No samples found: htseq
[2022-08-05 11:12:14,468] multiqc                                            [DEBUG  ]  No samples found: bcftools
[2022-08-05 11:12:14,473] multiqc                                            [DEBUG  ]  No samples found: featureCounts
[2022-08-05 11:12:14,479] multiqc                                            [DEBUG  ]  No samples found: fgbio
[2022-08-05 11:12:14,494] multiqc                                            [DEBUG  ]  No samples found: dragen
[2022-08-05 11:12:14,498] multiqc                                            [DEBUG  ]  No samples found: dedup
[2022-08-05 11:12:14,503] multiqc                                            [DEBUG  ]  No samples found: damageprofiler
[2022-08-05 11:12:14,539] multiqc                                            [DEBUG  ]  No samples found: biobambam2
[2022-08-05 11:12:14,545] multiqc                                            [DEBUG  ]  No samples found: jcvi
[2022-08-05 11:12:14,550] multiqc                                            [DEBUG  ]  No samples found: mtnucratio
[2022-08-05 11:12:14,552] multiqc                                            [DEBUG  ]  No samples found: picard
[2022-08-05 11:12:14,558] multiqc                                            [DEBUG  ]  No samples found: vep
[2022-08-05 11:12:14,566] multiqc                                            [DEBUG  ]  No samples found: sentieon
[2022-08-05 11:12:14,570] multiqc                                            [DEBUG  ]  No samples found: prokka
[2022-08-05 11:12:14,578] multiqc                                            [DEBUG  ]  No samples found: qc3C
[2022-08-05 11:12:14,814] multiqc                                            [DEBUG  ]  No samples found: nanostat
[2022-08-05 11:12:14,821] multiqc                                            [DEBUG  ]  No samples found: samblaster
[2022-08-05 11:12:14,833] multiqc                                            [DEBUG  ]  No samples found: samtools
[2022-08-05 11:12:14,839] multiqc                                            [DEBUG  ]  No samples found: sexdeterrmine
[2022-08-05 11:12:14,843] multiqc                                            [DEBUG  ]  No samples found: eigenstratdatabasetools
[2022-08-05 11:12:14,850] multiqc                                            [DEBUG  ]  No samples found: bamtools
[2022-08-05 11:12:14,854] multiqc                                            [DEBUG  ]  No samples found: jellyfish
[2022-08-05 11:12:14,862] multiqc                                            [DEBUG  ]  No samples found: vcftools
[2022-08-05 11:12:14,867] multiqc                                            [DEBUG  ]  No samples found: longranger
[2022-08-05 11:12:14,871] multiqc                                            [DEBUG  ]  No samples found: stacks
[2022-08-05 11:12:14,876] multiqc                                            [DEBUG  ]  No samples found: varscan2
[2022-08-05 11:12:14,881] multiqc                                            [DEBUG  ]  No samples found: snippy
[2022-08-05 11:12:15,129] multiqc                                            [DEBUG  ]  No samples found: bbmap
[2022-08-05 11:12:15,135] multiqc                                            [DEBUG  ]  No samples found: bismark
[2022-08-05 11:12:15,143] multiqc                                            [DEBUG  ]  No samples found: biscuit
[2022-08-05 11:12:15,147] multiqc                                            [DEBUG  ]  No samples found: hicexplorer
[2022-08-05 11:12:15,152] multiqc                                            [DEBUG  ]  No samples found: hicup
[2022-08-05 11:12:15,157] multiqc                                            [DEBUG  ]  No samples found: hicpro
[2022-08-05 11:12:15,161] multiqc                                            [DEBUG  ]  No samples found: salmon
[2022-08-05 11:12:15,166] multiqc                                            [DEBUG  ]  No samples found: kallisto
[2022-08-05 11:12:15,172] multiqc                                            [DEBUG  ]  No samples found: slamdunk
[2022-08-05 11:12:15,177] multiqc                                            [DEBUG  ]  No samples found: star
[2022-08-05 11:12:15,181] multiqc                                            [DEBUG  ]  No samples found: hisat2
[2022-08-05 11:12:15,185] multiqc                                            [DEBUG  ]  No samples found: tophat
[2022-08-05 11:12:15,190] multiqc                                            [DEBUG  ]  No samples found: bowtie2
[2022-08-05 11:12:15,194] multiqc                                            [DEBUG  ]  No samples found: bowtie1
[2022-08-05 11:12:15,198] multiqc                                            [DEBUG  ]  No samples found: snpsplit
[2022-08-05 11:12:15,203] multiqc                                            [DEBUG  ]  No samples found: odgi
[2022-08-05 11:12:15,207] multiqc                                            [DEBUG  ]  No samples found: pangolin
[2022-08-05 11:12:15,211] multiqc                                            [DEBUG  ]  No samples found: kat
[2022-08-05 11:12:15,214] multiqc                                            [DEBUG  ]  No samples found: leehom
[2022-08-05 11:12:15,219] multiqc                                            [DEBUG  ]  No samples found: adapterRemoval
[2022-08-05 11:12:15,223] multiqc                                            [DEBUG  ]  No samples found: clipandmerge
[2022-08-05 11:12:15,228] multiqc                                            [DEBUG  ]  No samples found: cutadapt
[2022-08-05 11:12:15,233] multiqc                                            [DEBUG  ]  No samples found: flexbar
[2022-08-05 11:12:15,237] multiqc                                            [DEBUG  ]  No samples found: kaiju
[2022-08-05 11:12:15,242] multiqc                                            [DEBUG  ]  No samples found: kraken
[2022-08-05 11:12:15,247] multiqc                                            [DEBUG  ]  No samples found: malt
[2022-08-05 11:12:15,250] multiqc                                            [DEBUG  ]  No samples found: trimmomatic
[2022-08-05 11:12:15,254] multiqc                                            [DEBUG  ]  No samples found: sickle
[2022-08-05 11:12:15,259] multiqc                                            [DEBUG  ]  No samples found: skewer
[2022-08-05 11:12:15,262] multiqc                                            [DEBUG  ]  No samples found: sortmerna
[2022-08-05 11:12:15,266] multiqc                                            [DEBUG  ]  No samples found: biobloomtools
[2022-08-05 11:12:15,271] multiqc                                            [DEBUG  ]  No samples found: fastq_screen
[2022-08-05 11:12:15,275] multiqc                                            [DEBUG  ]  No samples found: afterqc
[2022-08-05 11:12:15,280] multiqc                                            [DEBUG  ]  No samples found: fastp
[2022-08-05 11:12:15,528] multiqc.modules.fastqc.fastqc                      [INFO   ]  Found 4 reports
[2022-08-05 11:12:15,576] multiqc                                            [DEBUG  ]  No samples found: pychopper
[2022-08-05 11:12:15,580] multiqc                                            [DEBUG  ]  No samples found: pycoqc
[2022-08-05 11:12:15,585] multiqc                                            [DEBUG  ]  No samples found: minionqc
[2022-08-05 11:12:15,590] multiqc                                            [DEBUG  ]  No samples found: multivcfanalyzer
[2022-08-05 11:12:15,595] multiqc                                            [DEBUG  ]  No samples found: clusterflow
[2022-08-05 11:12:15,601] multiqc                                            [DEBUG  ]  No samples found: bcl2fastq
[2022-08-05 11:12:15,607] multiqc                                            [DEBUG  ]  No samples found: bclconvert
[2022-08-05 11:12:15,612] multiqc                                            [DEBUG  ]  No samples found: interop
[2022-08-05 11:12:15,617] multiqc                                            [DEBUG  ]  No samples found: ivar
[2022-08-05 11:12:15,621] multiqc                                            [DEBUG  ]  No samples found: flash
[2022-08-05 11:12:15,626] multiqc                                            [DEBUG  ]  No samples found: seqyclean
[2022-08-05 11:12:15,630] multiqc                                            [DEBUG  ]  No samples found: optitype
[2022-08-05 11:12:15,634] multiqc                                            [INFO   ]  Compressing plot data
[2022-08-05 11:12:18,927] multiqc                                            [INFO   ]  Report      : 12497_MGSD_CSIRO.qc.stats/multiqc_report.html
[2022-08-05 11:12:18,927] multiqc                                            [INFO   ]  Data        : 12497_MGSD_CSIRO.qc.stats/multiqc_data
[2022-08-05 11:12:18,927] multiqc                                            [DEBUG  ]  Moving data file from '/tmp/smi9a9.8585981/tmprcxjdls3/multiqc_data' to '12497_MGSD_CSIRO.qc.stats/multiqc_data'
[2022-08-05 11:12:20,798] multiqc                                            [INFO   ]  MultiQC complete
