[2022-08-05 11:09:54,480] multiqc                                            [DEBUG  ]  This is MultiQC v1.11
[2022-08-05 11:09:54,480] multiqc                                            [DEBUG  ]  No MultiQC config found: /apps/multiqc/1.11/lib/python3.9/site-packages/multiqc_config.yaml
[2022-08-05 11:09:54,480] multiqc                                            [DEBUG  ]  No MultiQC config found: /home/smi9a9/.multiqc_config.yaml
[2022-08-05 11:10:01,664] multiqc                                            [DEBUG  ]  No MultiQC config found: multiqc_config.yaml
[2022-08-05 11:10:01,664] multiqc                                            [DEBUG  ]  Command used: /apps/multiqc/1.11/bin/multiqc ./7085_combined_merged_fastqc.html ./7085_combined_merged_fastqc.zip ./7085_combined_merged.fastq.gz ./7085_combined_R1p_fastqc.html ./7085_combined_R1p_fastqc.zip ./7085_combined_R1p.fastq.gz ./7085_combined_R1R2u_fastqc.html ./7085_combined_R1R2u_fastqc.zip ./7085_combined_R1R2u.fastq.gz ./7085_combined_R2p_fastqc.html ./7085_combined_R2p_fastqc.zip ./7085_combined_R2p.fastq.gz ./7085_QCreads.md5 -o 7085_MGSD_CSIRO.qc.stats
[2022-08-05 11:10:01,675] multiqc                                            [DEBUG  ]  Could not connect to multiqc.info for version check: <urlopen error [Errno 111] Connection refused>
[2022-08-05 11:10:01,675] multiqc                                            [DEBUG  ]  Command     : /apps/multiqc/1.11/bin/multiqc ./7085_combined_merged_fastqc.html ./7085_combined_merged_fastqc.zip ./7085_combined_merged.fastq.gz ./7085_combined_R1p_fastqc.html ./7085_combined_R1p_fastqc.zip ./7085_combined_R1p.fastq.gz ./7085_combined_R1R2u_fastqc.html ./7085_combined_R1R2u_fastqc.zip ./7085_combined_R1R2u.fastq.gz ./7085_combined_R2p_fastqc.html ./7085_combined_R2p_fastqc.zip ./7085_combined_R2p.fastq.gz ./7085_QCreads.md5 -o 7085_MGSD_CSIRO.qc.stats
[2022-08-05 11:10:01,675] multiqc                                            [DEBUG  ]  Working dir : /datasets/work/oa-amd/work/amd/Metagenome_QC_reads
[2022-08-05 11:10:01,675] multiqc                                            [DEBUG  ]  Template    : default
[2022-08-05 11:10:01,675] multiqc                                            [DEBUG  ]  Running Python 3.9.4 (default, Apr 25 2021, 16:13:27)  [GCC 10.3.0]
[2022-08-05 11:10:01,676] multiqc                                            [DEBUG  ]  Analysing modules: custom_content, ccs, ngsderive, purple, conpair, lima, peddy, somalier, methylQA, mosdepth, phantompeakqualtools, qualimap, preseq, quast, qorts, rna_seqc, rockhopper, rsem, rseqc, busco, bustools, goleft_indexcov, gffcompare, disambiguate, supernova, deeptools, sargasso, verifybamid, mirtrace, happy, mirtop, sambamba, homer, hops, macs2, theta2, snpeff, gatk, htseq, bcftools, featureCounts, fgbio, dragen, dedup, damageprofiler, biobambam2, jcvi, mtnucratio, picard, vep, sentieon, prokka, qc3C, nanostat, samblaster, samtools, sexdeterrmine, eigenstratdatabasetools, bamtools, jellyfish, vcftools, longranger, stacks, varscan2, snippy, bbmap, bismark, biscuit, hicexplorer, hicup, hicpro, salmon, kallisto, slamdunk, star, hisat2, tophat, bowtie2, bowtie1, snpsplit, odgi, pangolin, kat, leehom, adapterRemoval, clipandmerge, cutadapt, flexbar, kaiju, kraken, malt, trimmomatic, sickle, skewer, sortmerna, biobloomtools, fastq_screen, afterqc, fastp, fastqc, pychopper, pycoqc, minionqc, multivcfanalyzer, clusterflow, bcl2fastq, bclconvert, interop, ivar, flash, seqyclean, optitype
[2022-08-05 11:10:01,676] multiqc                                            [DEBUG  ]  Using temporary directory for creating report: /tmp/smi9a9.8585339/tmpr1qynp7i
[2022-08-05 11:10:01,738] multiqc                                            [INFO   ]  Search path : /datasets/work/oa-amd/work/amd/Metagenome_QC_reads/7085_combined_merged_fastqc.html
[2022-08-05 11:10:01,738] multiqc                                            [INFO   ]  Search path : /datasets/work/oa-amd/work/amd/Metagenome_QC_reads/7085_combined_merged_fastqc.zip
[2022-08-05 11:10:01,738] multiqc                                            [INFO   ]  Search path : /datasets/work/oa-amd/work/amd/Metagenome_QC_reads/7085_combined_merged.fastq.gz
[2022-08-05 11:10:01,739] multiqc                                            [INFO   ]  Search path : /datasets/work/oa-amd/work/amd/Metagenome_QC_reads/7085_combined_R1p_fastqc.html
[2022-08-05 11:10:01,739] multiqc                                            [INFO   ]  Search path : /datasets/work/oa-amd/work/amd/Metagenome_QC_reads/7085_combined_R1p_fastqc.zip
[2022-08-05 11:10:01,739] multiqc                                            [INFO   ]  Search path : /datasets/work/oa-amd/work/amd/Metagenome_QC_reads/7085_combined_R1p.fastq.gz
[2022-08-05 11:10:01,739] multiqc                                            [INFO   ]  Search path : /datasets/work/oa-amd/work/amd/Metagenome_QC_reads/7085_combined_R1R2u_fastqc.html
[2022-08-05 11:10:01,739] multiqc                                            [INFO   ]  Search path : /datasets/work/oa-amd/work/amd/Metagenome_QC_reads/7085_combined_R1R2u_fastqc.zip
[2022-08-05 11:10:01,739] multiqc                                            [INFO   ]  Search path : /datasets/work/oa-amd/work/amd/Metagenome_QC_reads/7085_combined_R1R2u.fastq.gz
[2022-08-05 11:10:01,739] multiqc                                            [INFO   ]  Search path : /datasets/work/oa-amd/work/amd/Metagenome_QC_reads/7085_combined_R2p_fastqc.html
[2022-08-05 11:10:01,739] multiqc                                            [INFO   ]  Search path : /datasets/work/oa-amd/work/amd/Metagenome_QC_reads/7085_combined_R2p_fastqc.zip
[2022-08-05 11:10:01,739] multiqc                                            [INFO   ]  Search path : /datasets/work/oa-amd/work/amd/Metagenome_QC_reads/7085_combined_R2p.fastq.gz
[2022-08-05 11:10:01,739] multiqc                                            [INFO   ]  Search path : /datasets/work/oa-amd/work/amd/Metagenome_QC_reads/7085_QCreads.md5
[2022-08-05 11:10:02,303] multiqc                                            [DEBUG  ]  File ignored by ccs/v4 because it exceeded search pattern filesize limit: 7085_combined_merged_fastqc.html
[2022-08-05 11:10:02,316] multiqc                                            [DEBUG  ]  File ignored by hicexplorer because it exceeded search pattern filesize limit: 7085_combined_merged_fastqc.html
[2022-08-05 11:10:02,318] multiqc                                            [DEBUG  ]  File ignored by nanostat because it exceeded search pattern filesize limit: 7085_combined_merged_fastqc.html
[2022-08-05 11:10:02,318] multiqc                                            [DEBUG  ]  File ignored by lima/summary because it exceeded search pattern filesize limit: 7085_combined_merged_fastqc.html
[2022-08-05 11:10:02,333] multiqc                                            [DEBUG  ]  File ignored by vep/vep_txt because it exceeded search pattern filesize limit: 7085_combined_merged_fastqc.html
[2022-08-05 11:10:02,333] multiqc                                            [DEBUG  ]  File ignored by longranger/invocation because it exceeded search pattern filesize limit: 7085_combined_merged_fastqc.html
[2022-08-05 11:10:02,333] multiqc                                            [DEBUG  ]  File ignored by rockhopper because it exceeded search pattern filesize limit: 7085_combined_merged_fastqc.html
[2022-08-05 11:10:02,333] multiqc                                            [DEBUG  ]  File ignored by rseqc/bam_stat because it exceeded search pattern filesize limit: 7085_combined_merged_fastqc.html
[2022-08-05 11:10:02,333] multiqc                                            [DEBUG  ]  File ignored by rseqc/junction_annotation because it exceeded search pattern filesize limit: 7085_combined_merged_fastqc.html
[2022-08-05 11:10:02,333] multiqc                                            [DEBUG  ]  File ignored by rseqc/read_distribution because it exceeded search pattern filesize limit: 7085_combined_merged_fastqc.html
[2022-08-05 11:10:02,334] multiqc                                            [DEBUG  ]  File ignored by rseqc/infer_experiment because it exceeded search pattern filesize limit: 7085_combined_merged_fastqc.html
[2022-08-05 11:10:02,435] multiqc                                            [DEBUG  ]  Ignoring file as matched an ignore pattern: 7085_combined_merged.fastq.gz
[2022-08-05 11:10:02,617] multiqc                                            [DEBUG  ]  File ignored by ccs/v4 because it exceeded search pattern filesize limit: 7085_combined_R1p_fastqc.html
[2022-08-05 11:10:02,644] multiqc                                            [DEBUG  ]  File ignored by hicexplorer because it exceeded search pattern filesize limit: 7085_combined_R1p_fastqc.html
[2022-08-05 11:10:02,650] multiqc                                            [DEBUG  ]  File ignored by nanostat because it exceeded search pattern filesize limit: 7085_combined_R1p_fastqc.html
[2022-08-05 11:10:02,650] multiqc                                            [DEBUG  ]  File ignored by lima/summary because it exceeded search pattern filesize limit: 7085_combined_R1p_fastqc.html
[2022-08-05 11:10:04,434] multiqc                                            [DEBUG  ]  File ignored by vep/vep_txt because it exceeded search pattern filesize limit: 7085_combined_R1p_fastqc.html
[2022-08-05 11:10:04,434] multiqc                                            [DEBUG  ]  File ignored by longranger/invocation because it exceeded search pattern filesize limit: 7085_combined_R1p_fastqc.html
[2022-08-05 11:10:04,434] multiqc                                            [DEBUG  ]  File ignored by rockhopper because it exceeded search pattern filesize limit: 7085_combined_R1p_fastqc.html
[2022-08-05 11:10:04,434] multiqc                                            [DEBUG  ]  File ignored by rseqc/bam_stat because it exceeded search pattern filesize limit: 7085_combined_R1p_fastqc.html
[2022-08-05 11:10:04,434] multiqc                                            [DEBUG  ]  File ignored by rseqc/junction_annotation because it exceeded search pattern filesize limit: 7085_combined_R1p_fastqc.html
[2022-08-05 11:10:04,434] multiqc                                            [DEBUG  ]  File ignored by rseqc/read_distribution because it exceeded search pattern filesize limit: 7085_combined_R1p_fastqc.html
[2022-08-05 11:10:04,434] multiqc                                            [DEBUG  ]  File ignored by rseqc/infer_experiment because it exceeded search pattern filesize limit: 7085_combined_R1p_fastqc.html
[2022-08-05 11:10:06,018] multiqc                                            [DEBUG  ]  Ignoring file as matched an ignore pattern: 7085_combined_R1p.fastq.gz
[2022-08-05 11:10:07,028] multiqc                                            [DEBUG  ]  File ignored by ccs/v4 because it exceeded search pattern filesize limit: 7085_combined_R1R2u_fastqc.html
[2022-08-05 11:10:07,041] multiqc                                            [DEBUG  ]  File ignored by hicexplorer because it exceeded search pattern filesize limit: 7085_combined_R1R2u_fastqc.html
[2022-08-05 11:10:07,042] multiqc                                            [DEBUG  ]  File ignored by nanostat because it exceeded search pattern filesize limit: 7085_combined_R1R2u_fastqc.html
[2022-08-05 11:10:07,042] multiqc                                            [DEBUG  ]  File ignored by lima/summary because it exceeded search pattern filesize limit: 7085_combined_R1R2u_fastqc.html
[2022-08-05 11:10:07,061] multiqc                                            [DEBUG  ]  File ignored by vep/vep_txt because it exceeded search pattern filesize limit: 7085_combined_R1R2u_fastqc.html
[2022-08-05 11:10:07,061] multiqc                                            [DEBUG  ]  File ignored by longranger/invocation because it exceeded search pattern filesize limit: 7085_combined_R1R2u_fastqc.html
[2022-08-05 11:10:07,061] multiqc                                            [DEBUG  ]  File ignored by rockhopper because it exceeded search pattern filesize limit: 7085_combined_R1R2u_fastqc.html
[2022-08-05 11:10:07,061] multiqc                                            [DEBUG  ]  File ignored by rseqc/bam_stat because it exceeded search pattern filesize limit: 7085_combined_R1R2u_fastqc.html
[2022-08-05 11:10:07,061] multiqc                                            [DEBUG  ]  File ignored by rseqc/junction_annotation because it exceeded search pattern filesize limit: 7085_combined_R1R2u_fastqc.html
[2022-08-05 11:10:07,061] multiqc                                            [DEBUG  ]  File ignored by rseqc/read_distribution because it exceeded search pattern filesize limit: 7085_combined_R1R2u_fastqc.html
[2022-08-05 11:10:07,061] multiqc                                            [DEBUG  ]  File ignored by rseqc/infer_experiment because it exceeded search pattern filesize limit: 7085_combined_R1R2u_fastqc.html
[2022-08-05 11:10:07,160] multiqc                                            [DEBUG  ]  Ignoring file as matched an ignore pattern: 7085_combined_R1R2u.fastq.gz
[2022-08-05 11:10:07,258] multiqc                                            [DEBUG  ]  File ignored by ccs/v4 because it exceeded search pattern filesize limit: 7085_combined_R2p_fastqc.html
[2022-08-05 11:10:07,268] multiqc                                            [DEBUG  ]  File ignored by hicexplorer because it exceeded search pattern filesize limit: 7085_combined_R2p_fastqc.html
[2022-08-05 11:10:07,269] multiqc                                            [DEBUG  ]  File ignored by nanostat because it exceeded search pattern filesize limit: 7085_combined_R2p_fastqc.html
[2022-08-05 11:10:07,269] multiqc                                            [DEBUG  ]  File ignored by lima/summary because it exceeded search pattern filesize limit: 7085_combined_R2p_fastqc.html
[2022-08-05 11:10:07,290] multiqc                                            [DEBUG  ]  File ignored by vep/vep_txt because it exceeded search pattern filesize limit: 7085_combined_R2p_fastqc.html
[2022-08-05 11:10:07,290] multiqc                                            [DEBUG  ]  File ignored by longranger/invocation because it exceeded search pattern filesize limit: 7085_combined_R2p_fastqc.html
[2022-08-05 11:10:07,290] multiqc                                            [DEBUG  ]  File ignored by rockhopper because it exceeded search pattern filesize limit: 7085_combined_R2p_fastqc.html
[2022-08-05 11:10:07,290] multiqc                                            [DEBUG  ]  File ignored by rseqc/bam_stat because it exceeded search pattern filesize limit: 7085_combined_R2p_fastqc.html
[2022-08-05 11:10:07,290] multiqc                                            [DEBUG  ]  File ignored by rseqc/junction_annotation because it exceeded search pattern filesize limit: 7085_combined_R2p_fastqc.html
[2022-08-05 11:10:07,290] multiqc                                            [DEBUG  ]  File ignored by rseqc/read_distribution because it exceeded search pattern filesize limit: 7085_combined_R2p_fastqc.html
[2022-08-05 11:10:07,290] multiqc                                            [DEBUG  ]  File ignored by rseqc/infer_experiment because it exceeded search pattern filesize limit: 7085_combined_R2p_fastqc.html
[2022-08-05 11:10:07,876] multiqc                                            [DEBUG  ]  Ignoring file as matched an ignore pattern: 7085_combined_R2p.fastq.gz
[2022-08-05 11:10:07,877] multiqc                                            [DEBUG  ]  Ignoring file as matched an ignore pattern: 7085_QCreads.md5
[2022-08-05 11:10:16,767] multiqc.plots.bargraph                             [DEBUG  ]  Using matplotlib version 3.3.4
[2022-08-05 11:10:16,771] multiqc.plots.linegraph                            [DEBUG  ]  Using matplotlib version 3.3.4
[2022-08-05 11:10:16,774] multiqc                                            [DEBUG  ]  No samples found: custom_content
[2022-08-05 11:10:16,779] multiqc                                            [DEBUG  ]  No samples found: ccs
[2022-08-05 11:10:16,784] multiqc                                            [DEBUG  ]  No samples found: ngsderive
[2022-08-05 11:10:16,789] multiqc                                            [DEBUG  ]  No samples found: purple
[2022-08-05 11:10:16,793] multiqc                                            [DEBUG  ]  No samples found: conpair
[2022-08-05 11:10:16,798] multiqc                                            [DEBUG  ]  No samples found: lima
[2022-08-05 11:10:16,803] multiqc                                            [DEBUG  ]  No samples found: peddy
[2022-08-05 11:10:16,810] multiqc                                            [DEBUG  ]  No samples found: somalier
[2022-08-05 11:10:16,814] multiqc                                            [DEBUG  ]  No samples found: methylQA
[2022-08-05 11:10:16,824] multiqc.modules.mosdepth.mosdepth                  [DEBUG  ]  include_contigs: []
[2022-08-05 11:10:16,824] multiqc.modules.mosdepth.mosdepth                  [DEBUG  ]  exclude_contigs: []
[2022-08-05 11:10:16,824] multiqc                                            [DEBUG  ]  No samples found: mosdepth
[2022-08-05 11:10:16,829] multiqc                                            [DEBUG  ]  No samples found: phantompeakqualtools
[2022-08-05 11:10:16,832] multiqc                                            [DEBUG  ]  No samples found: qualimap
[2022-08-05 11:10:16,838] multiqc                                            [DEBUG  ]  No samples found: preseq
[2022-08-05 11:10:16,844] multiqc                                            [DEBUG  ]  No samples found: quast
[2022-08-05 11:10:16,849] multiqc                                            [DEBUG  ]  No samples found: qorts
[2022-08-05 11:10:16,854] multiqc                                            [DEBUG  ]  No samples found: rna_seqc
[2022-08-05 11:10:16,859] multiqc                                            [DEBUG  ]  No samples found: rockhopper
[2022-08-05 11:10:17,093] multiqc                                            [DEBUG  ]  No samples found: rsem
[2022-08-05 11:10:17,337] multiqc                                            [DEBUG  ]  No samples found: rseqc
[2022-08-05 11:10:17,341] multiqc                                            [DEBUG  ]  No samples found: busco
[2022-08-05 11:10:17,346] multiqc                                            [DEBUG  ]  No samples found: bustools
[2022-08-05 11:10:17,350] multiqc                                            [DEBUG  ]  No samples found: goleft_indexcov
[2022-08-05 11:10:17,355] multiqc                                            [DEBUG  ]  No samples found: gffcompare
[2022-08-05 11:10:17,359] multiqc                                            [DEBUG  ]  No samples found: disambiguate
[2022-08-05 11:10:17,364] multiqc                                            [DEBUG  ]  No samples found: supernova
[2022-08-05 11:10:17,379] multiqc                                            [DEBUG  ]  No samples found: deeptools
[2022-08-05 11:10:17,383] multiqc                                            [DEBUG  ]  No samples found: sargasso
[2022-08-05 11:10:17,387] multiqc                                            [DEBUG  ]  No samples found: verifybamid
[2022-08-05 11:10:17,392] multiqc                                            [DEBUG  ]  No samples found: mirtrace
[2022-08-05 11:10:17,397] multiqc                                            [DEBUG  ]  No samples found: happy
[2022-08-05 11:10:17,401] multiqc                                            [DEBUG  ]  No samples found: mirtop
[2022-08-05 11:10:17,406] multiqc                                            [DEBUG  ]  No samples found: sambamba
[2022-08-05 11:10:17,413] multiqc                                            [DEBUG  ]  No samples found: homer
[2022-08-05 11:10:17,417] multiqc                                            [DEBUG  ]  No samples found: hops
[2022-08-05 11:10:17,421] multiqc                                            [DEBUG  ]  No samples found: macs2
[2022-08-05 11:10:17,425] multiqc                                            [DEBUG  ]  No samples found: theta2
[2022-08-05 11:10:17,431] multiqc                                            [DEBUG  ]  No samples found: snpeff
[2022-08-05 11:10:17,438] multiqc                                            [DEBUG  ]  No samples found: gatk
[2022-08-05 11:10:17,442] multiqc                                            [DEBUG  ]  No samples found: htseq
[2022-08-05 11:10:17,448] multiqc                                            [DEBUG  ]  No samples found: bcftools
[2022-08-05 11:10:17,452] multiqc                                            [DEBUG  ]  No samples found: featureCounts
[2022-08-05 11:10:17,458] multiqc                                            [DEBUG  ]  No samples found: fgbio
[2022-08-05 11:10:17,474] multiqc                                            [DEBUG  ]  No samples found: dragen
[2022-08-05 11:10:17,478] multiqc                                            [DEBUG  ]  No samples found: dedup
[2022-08-05 11:10:17,482] multiqc                                            [DEBUG  ]  No samples found: damageprofiler
[2022-08-05 11:10:17,516] multiqc                                            [DEBUG  ]  No samples found: biobambam2
[2022-08-05 11:10:18,009] multiqc                                            [DEBUG  ]  No samples found: jcvi
[2022-08-05 11:10:18,013] multiqc                                            [DEBUG  ]  No samples found: mtnucratio
[2022-08-05 11:10:18,015] multiqc                                            [DEBUG  ]  No samples found: picard
[2022-08-05 11:10:18,020] multiqc                                            [DEBUG  ]  No samples found: vep
[2022-08-05 11:10:18,028] multiqc                                            [DEBUG  ]  No samples found: sentieon
[2022-08-05 11:10:18,032] multiqc                                            [DEBUG  ]  No samples found: prokka
[2022-08-05 11:10:18,039] multiqc                                            [DEBUG  ]  No samples found: qc3C
[2022-08-05 11:10:18,044] multiqc                                            [DEBUG  ]  No samples found: nanostat
[2022-08-05 11:10:18,048] multiqc                                            [DEBUG  ]  No samples found: samblaster
[2022-08-05 11:10:18,058] multiqc                                            [DEBUG  ]  No samples found: samtools
[2022-08-05 11:10:18,062] multiqc                                            [DEBUG  ]  No samples found: sexdeterrmine
[2022-08-05 11:10:18,066] multiqc                                            [DEBUG  ]  No samples found: eigenstratdatabasetools
[2022-08-05 11:10:18,070] multiqc                                            [DEBUG  ]  No samples found: bamtools
[2022-08-05 11:10:18,075] multiqc                                            [DEBUG  ]  No samples found: jellyfish
[2022-08-05 11:10:18,081] multiqc                                            [DEBUG  ]  No samples found: vcftools
[2022-08-05 11:10:18,087] multiqc                                            [DEBUG  ]  No samples found: longranger
[2022-08-05 11:10:18,091] multiqc                                            [DEBUG  ]  No samples found: stacks
[2022-08-05 11:10:18,096] multiqc                                            [DEBUG  ]  No samples found: varscan2
[2022-08-05 11:10:18,100] multiqc                                            [DEBUG  ]  No samples found: snippy
[2022-08-05 11:10:18,116] multiqc                                            [DEBUG  ]  No samples found: bbmap
[2022-08-05 11:10:18,122] multiqc                                            [DEBUG  ]  No samples found: bismark
[2022-08-05 11:10:18,360] multiqc                                            [DEBUG  ]  No samples found: biscuit
[2022-08-05 11:10:18,365] multiqc                                            [DEBUG  ]  No samples found: hicexplorer
[2022-08-05 11:10:18,370] multiqc                                            [DEBUG  ]  No samples found: hicup
[2022-08-05 11:10:18,375] multiqc                                            [DEBUG  ]  No samples found: hicpro
[2022-08-05 11:10:18,378] multiqc                                            [DEBUG  ]  No samples found: salmon
[2022-08-05 11:10:18,382] multiqc                                            [DEBUG  ]  No samples found: kallisto
[2022-08-05 11:10:18,388] multiqc                                            [DEBUG  ]  No samples found: slamdunk
[2022-08-05 11:10:18,393] multiqc                                            [DEBUG  ]  No samples found: star
[2022-08-05 11:10:18,397] multiqc                                            [DEBUG  ]  No samples found: hisat2
[2022-08-05 11:10:18,401] multiqc                                            [DEBUG  ]  No samples found: tophat
[2022-08-05 11:10:18,405] multiqc                                            [DEBUG  ]  No samples found: bowtie2
[2022-08-05 11:10:18,409] multiqc                                            [DEBUG  ]  No samples found: bowtie1
[2022-08-05 11:10:18,414] multiqc                                            [DEBUG  ]  No samples found: snpsplit
[2022-08-05 11:10:18,419] multiqc                                            [DEBUG  ]  No samples found: odgi
[2022-08-05 11:10:18,423] multiqc                                            [DEBUG  ]  No samples found: pangolin
[2022-08-05 11:10:18,427] multiqc                                            [DEBUG  ]  No samples found: kat
[2022-08-05 11:10:18,431] multiqc                                            [DEBUG  ]  No samples found: leehom
[2022-08-05 11:10:18,436] multiqc                                            [DEBUG  ]  No samples found: adapterRemoval
[2022-08-05 11:10:18,441] multiqc                                            [DEBUG  ]  No samples found: clipandmerge
[2022-08-05 11:10:18,451] multiqc                                            [DEBUG  ]  No samples found: cutadapt
[2022-08-05 11:10:18,486] multiqc                                            [DEBUG  ]  No samples found: flexbar
[2022-08-05 11:10:18,491] multiqc                                            [DEBUG  ]  No samples found: kaiju
[2022-08-05 11:10:18,496] multiqc                                            [DEBUG  ]  No samples found: kraken
[2022-08-05 11:10:18,501] multiqc                                            [DEBUG  ]  No samples found: malt
[2022-08-05 11:10:18,507] multiqc                                            [DEBUG  ]  No samples found: trimmomatic
[2022-08-05 11:10:18,511] multiqc                                            [DEBUG  ]  No samples found: sickle
[2022-08-05 11:10:18,746] multiqc                                            [DEBUG  ]  No samples found: skewer
[2022-08-05 11:10:18,751] multiqc                                            [DEBUG  ]  No samples found: sortmerna
[2022-08-05 11:10:18,756] multiqc                                            [DEBUG  ]  No samples found: biobloomtools
[2022-08-05 11:10:18,762] multiqc                                            [DEBUG  ]  No samples found: fastq_screen
[2022-08-05 11:10:18,996] multiqc                                            [DEBUG  ]  No samples found: afterqc
[2022-08-05 11:10:19,002] multiqc                                            [DEBUG  ]  No samples found: fastp
[2022-08-05 11:10:19,703] multiqc.modules.fastqc.fastqc                      [INFO   ]  Found 4 reports
[2022-08-05 11:10:19,750] multiqc                                            [DEBUG  ]  No samples found: pychopper
[2022-08-05 11:10:19,755] multiqc                                            [DEBUG  ]  No samples found: pycoqc
[2022-08-05 11:10:19,759] multiqc                                            [DEBUG  ]  No samples found: minionqc
[2022-08-05 11:10:19,764] multiqc                                            [DEBUG  ]  No samples found: multivcfanalyzer
[2022-08-05 11:10:19,769] multiqc                                            [DEBUG  ]  No samples found: clusterflow
[2022-08-05 11:10:19,775] multiqc                                            [DEBUG  ]  No samples found: bcl2fastq
[2022-08-05 11:10:19,781] multiqc                                            [DEBUG  ]  No samples found: bclconvert
[2022-08-05 11:10:19,786] multiqc                                            [DEBUG  ]  No samples found: interop
[2022-08-05 11:10:19,790] multiqc                                            [DEBUG  ]  No samples found: ivar
[2022-08-05 11:10:20,025] multiqc                                            [DEBUG  ]  No samples found: flash
[2022-08-05 11:10:20,029] multiqc                                            [DEBUG  ]  No samples found: seqyclean
[2022-08-05 11:10:20,033] multiqc                                            [DEBUG  ]  No samples found: optitype
[2022-08-05 11:10:20,037] multiqc                                            [INFO   ]  Compressing plot data
[2022-08-05 11:10:28,128] multiqc                                            [INFO   ]  Report      : 7085_MGSD_CSIRO.qc.stats/multiqc_report.html
[2022-08-05 11:10:28,128] multiqc                                            [INFO   ]  Data        : 7085_MGSD_CSIRO.qc.stats/multiqc_data
[2022-08-05 11:10:28,128] multiqc                                            [DEBUG  ]  Moving data file from '/tmp/smi9a9.8585339/tmpr1qynp7i/multiqc_data' to '7085_MGSD_CSIRO.qc.stats/multiqc_data'
[2022-08-05 11:10:28,586] multiqc                                            [INFO   ]  MultiQC complete
