[2022-08-05 11:06:45,065] multiqc                                            [DEBUG  ]  This is MultiQC v1.11
[2022-08-05 11:06:45,065] multiqc                                            [DEBUG  ]  No MultiQC config found: /apps/multiqc/1.11/lib/python3.9/site-packages/multiqc_config.yaml
[2022-08-05 11:06:45,065] multiqc                                            [DEBUG  ]  No MultiQC config found: /home/smi9a9/.multiqc_config.yaml
[2022-08-05 11:06:49,880] multiqc                                            [DEBUG  ]  No MultiQC config found: multiqc_config.yaml
[2022-08-05 11:06:49,880] multiqc                                            [DEBUG  ]  Command used: /apps/multiqc/1.11/bin/multiqc ./9524_HCWFWBCXX-2_merged_fastqc.html ./9524_HCWFWBCXX-2_merged_fastqc.zip ./9524_HCWFWBCXX-2_merged.fastq.gz ./9524_HCWFWBCXX-2_R1p_fastqc.html ./9524_HCWFWBCXX-2_R1p_fastqc.zip ./9524_HCWFWBCXX-2_R1p.fastq.gz ./9524_HCWFWBCXX-2_R1R2u_fastqc.html ./9524_HCWFWBCXX-2_R1R2u_fastqc.zip ./9524_HCWFWBCXX-2_R1R2u.fastq.gz ./9524_HCWFWBCXX-2_R2p_fastqc.html ./9524_HCWFWBCXX-2_R2p_fastqc.zip ./9524_HCWFWBCXX-2_R2p.fastq.gz ./9524_QCreads.md5 -o 9524_MGSD_CSIRO.qc.stats
[2022-08-05 11:06:49,883] multiqc                                            [DEBUG  ]  Could not connect to multiqc.info for version check: <urlopen error [Errno 111] Connection refused>
[2022-08-05 11:06:49,883] multiqc                                            [DEBUG  ]  Command     : /apps/multiqc/1.11/bin/multiqc ./9524_HCWFWBCXX-2_merged_fastqc.html ./9524_HCWFWBCXX-2_merged_fastqc.zip ./9524_HCWFWBCXX-2_merged.fastq.gz ./9524_HCWFWBCXX-2_R1p_fastqc.html ./9524_HCWFWBCXX-2_R1p_fastqc.zip ./9524_HCWFWBCXX-2_R1p.fastq.gz ./9524_HCWFWBCXX-2_R1R2u_fastqc.html ./9524_HCWFWBCXX-2_R1R2u_fastqc.zip ./9524_HCWFWBCXX-2_R1R2u.fastq.gz ./9524_HCWFWBCXX-2_R2p_fastqc.html ./9524_HCWFWBCXX-2_R2p_fastqc.zip ./9524_HCWFWBCXX-2_R2p.fastq.gz ./9524_QCreads.md5 -o 9524_MGSD_CSIRO.qc.stats
[2022-08-05 11:06:49,883] multiqc                                            [DEBUG  ]  Working dir : /datasets/work/oa-amd/work/amd/Metagenome_QC_reads
[2022-08-05 11:06:49,883] multiqc                                            [DEBUG  ]  Template    : default
[2022-08-05 11:06:49,883] multiqc                                            [DEBUG  ]  Running Python 3.9.4 (default, Apr 25 2021, 16:13:27)  [GCC 10.3.0]
[2022-08-05 11:06:49,883] multiqc                                            [DEBUG  ]  Analysing modules: custom_content, ccs, ngsderive, purple, conpair, lima, peddy, somalier, methylQA, mosdepth, phantompeakqualtools, qualimap, preseq, quast, qorts, rna_seqc, rockhopper, rsem, rseqc, busco, bustools, goleft_indexcov, gffcompare, disambiguate, supernova, deeptools, sargasso, verifybamid, mirtrace, happy, mirtop, sambamba, homer, hops, macs2, theta2, snpeff, gatk, htseq, bcftools, featureCounts, fgbio, dragen, dedup, damageprofiler, biobambam2, jcvi, mtnucratio, picard, vep, sentieon, prokka, qc3C, nanostat, samblaster, samtools, sexdeterrmine, eigenstratdatabasetools, bamtools, jellyfish, vcftools, longranger, stacks, varscan2, snippy, bbmap, bismark, biscuit, hicexplorer, hicup, hicpro, salmon, kallisto, slamdunk, star, hisat2, tophat, bowtie2, bowtie1, snpsplit, odgi, pangolin, kat, leehom, adapterRemoval, clipandmerge, cutadapt, flexbar, kaiju, kraken, malt, trimmomatic, sickle, skewer, sortmerna, biobloomtools, fastq_screen, afterqc, fastp, fastqc, pychopper, pycoqc, minionqc, multivcfanalyzer, clusterflow, bcl2fastq, bclconvert, interop, ivar, flash, seqyclean, optitype
[2022-08-05 11:06:49,883] multiqc                                            [DEBUG  ]  Using temporary directory for creating report: /tmp/smi9a9.8585262/tmpj70isdhs
[2022-08-05 11:06:49,945] multiqc                                            [INFO   ]  Search path : /datasets/work/oa-amd/work/amd/Metagenome_QC_reads/9524_HCWFWBCXX-2_merged_fastqc.html
[2022-08-05 11:06:49,945] multiqc                                            [INFO   ]  Search path : /datasets/work/oa-amd/work/amd/Metagenome_QC_reads/9524_HCWFWBCXX-2_merged_fastqc.zip
[2022-08-05 11:06:49,945] multiqc                                            [INFO   ]  Search path : /datasets/work/oa-amd/work/amd/Metagenome_QC_reads/9524_HCWFWBCXX-2_merged.fastq.gz
[2022-08-05 11:06:49,945] multiqc                                            [INFO   ]  Search path : /datasets/work/oa-amd/work/amd/Metagenome_QC_reads/9524_HCWFWBCXX-2_R1p_fastqc.html
[2022-08-05 11:06:49,945] multiqc                                            [INFO   ]  Search path : /datasets/work/oa-amd/work/amd/Metagenome_QC_reads/9524_HCWFWBCXX-2_R1p_fastqc.zip
[2022-08-05 11:06:49,945] multiqc                                            [INFO   ]  Search path : /datasets/work/oa-amd/work/amd/Metagenome_QC_reads/9524_HCWFWBCXX-2_R1p.fastq.gz
[2022-08-05 11:06:49,945] multiqc                                            [INFO   ]  Search path : /datasets/work/oa-amd/work/amd/Metagenome_QC_reads/9524_HCWFWBCXX-2_R1R2u_fastqc.html
[2022-08-05 11:06:49,945] multiqc                                            [INFO   ]  Search path : /datasets/work/oa-amd/work/amd/Metagenome_QC_reads/9524_HCWFWBCXX-2_R1R2u_fastqc.zip
[2022-08-05 11:06:49,945] multiqc                                            [INFO   ]  Search path : /datasets/work/oa-amd/work/amd/Metagenome_QC_reads/9524_HCWFWBCXX-2_R1R2u.fastq.gz
[2022-08-05 11:06:49,945] multiqc                                            [INFO   ]  Search path : /datasets/work/oa-amd/work/amd/Metagenome_QC_reads/9524_HCWFWBCXX-2_R2p_fastqc.html
[2022-08-05 11:06:49,945] multiqc                                            [INFO   ]  Search path : /datasets/work/oa-amd/work/amd/Metagenome_QC_reads/9524_HCWFWBCXX-2_R2p_fastqc.zip
[2022-08-05 11:06:49,945] multiqc                                            [INFO   ]  Search path : /datasets/work/oa-amd/work/amd/Metagenome_QC_reads/9524_HCWFWBCXX-2_R2p.fastq.gz
[2022-08-05 11:06:49,945] multiqc                                            [INFO   ]  Search path : /datasets/work/oa-amd/work/amd/Metagenome_QC_reads/9524_QCreads.md5
[2022-08-05 11:06:51,292] multiqc                                            [DEBUG  ]  File ignored by ccs/v4 because it exceeded search pattern filesize limit: 9524_HCWFWBCXX-2_merged_fastqc.html
[2022-08-05 11:06:51,308] multiqc                                            [DEBUG  ]  File ignored by hicexplorer because it exceeded search pattern filesize limit: 9524_HCWFWBCXX-2_merged_fastqc.html
[2022-08-05 11:06:51,308] multiqc                                            [DEBUG  ]  File ignored by nanostat because it exceeded search pattern filesize limit: 9524_HCWFWBCXX-2_merged_fastqc.html
[2022-08-05 11:06:51,308] multiqc                                            [DEBUG  ]  File ignored by lima/summary because it exceeded search pattern filesize limit: 9524_HCWFWBCXX-2_merged_fastqc.html
[2022-08-05 11:06:51,327] multiqc                                            [DEBUG  ]  File ignored by vep/vep_txt because it exceeded search pattern filesize limit: 9524_HCWFWBCXX-2_merged_fastqc.html
[2022-08-05 11:06:51,327] multiqc                                            [DEBUG  ]  File ignored by longranger/invocation because it exceeded search pattern filesize limit: 9524_HCWFWBCXX-2_merged_fastqc.html
[2022-08-05 11:06:51,327] multiqc                                            [DEBUG  ]  File ignored by rockhopper because it exceeded search pattern filesize limit: 9524_HCWFWBCXX-2_merged_fastqc.html
[2022-08-05 11:06:51,327] multiqc                                            [DEBUG  ]  File ignored by rseqc/bam_stat because it exceeded search pattern filesize limit: 9524_HCWFWBCXX-2_merged_fastqc.html
[2022-08-05 11:06:51,327] multiqc                                            [DEBUG  ]  File ignored by rseqc/junction_annotation because it exceeded search pattern filesize limit: 9524_HCWFWBCXX-2_merged_fastqc.html
[2022-08-05 11:06:51,327] multiqc                                            [DEBUG  ]  File ignored by rseqc/read_distribution because it exceeded search pattern filesize limit: 9524_HCWFWBCXX-2_merged_fastqc.html
[2022-08-05 11:06:51,328] multiqc                                            [DEBUG  ]  File ignored by rseqc/infer_experiment because it exceeded search pattern filesize limit: 9524_HCWFWBCXX-2_merged_fastqc.html
[2022-08-05 11:06:51,565] multiqc                                            [DEBUG  ]  Ignoring file as matched an ignore pattern: 9524_HCWFWBCXX-2_merged.fastq.gz
[2022-08-05 11:06:51,613] multiqc                                            [DEBUG  ]  File ignored by ccs/v4 because it exceeded search pattern filesize limit: 9524_HCWFWBCXX-2_R1p_fastqc.html
[2022-08-05 11:06:51,622] multiqc                                            [DEBUG  ]  File ignored by hicexplorer because it exceeded search pattern filesize limit: 9524_HCWFWBCXX-2_R1p_fastqc.html
[2022-08-05 11:06:51,623] multiqc                                            [DEBUG  ]  File ignored by nanostat because it exceeded search pattern filesize limit: 9524_HCWFWBCXX-2_R1p_fastqc.html
[2022-08-05 11:06:51,623] multiqc                                            [DEBUG  ]  File ignored by lima/summary because it exceeded search pattern filesize limit: 9524_HCWFWBCXX-2_R1p_fastqc.html
[2022-08-05 11:06:51,651] multiqc                                            [DEBUG  ]  File ignored by vep/vep_txt because it exceeded search pattern filesize limit: 9524_HCWFWBCXX-2_R1p_fastqc.html
[2022-08-05 11:06:51,651] multiqc                                            [DEBUG  ]  File ignored by longranger/invocation because it exceeded search pattern filesize limit: 9524_HCWFWBCXX-2_R1p_fastqc.html
[2022-08-05 11:06:51,651] multiqc                                            [DEBUG  ]  File ignored by rockhopper because it exceeded search pattern filesize limit: 9524_HCWFWBCXX-2_R1p_fastqc.html
[2022-08-05 11:06:51,651] multiqc                                            [DEBUG  ]  File ignored by rseqc/bam_stat because it exceeded search pattern filesize limit: 9524_HCWFWBCXX-2_R1p_fastqc.html
[2022-08-05 11:06:51,651] multiqc                                            [DEBUG  ]  File ignored by rseqc/junction_annotation because it exceeded search pattern filesize limit: 9524_HCWFWBCXX-2_R1p_fastqc.html
[2022-08-05 11:06:51,651] multiqc                                            [DEBUG  ]  File ignored by rseqc/read_distribution because it exceeded search pattern filesize limit: 9524_HCWFWBCXX-2_R1p_fastqc.html
[2022-08-05 11:06:51,651] multiqc                                            [DEBUG  ]  File ignored by rseqc/infer_experiment because it exceeded search pattern filesize limit: 9524_HCWFWBCXX-2_R1p_fastqc.html
[2022-08-05 11:06:51,773] multiqc                                            [DEBUG  ]  Ignoring file as matched an ignore pattern: 9524_HCWFWBCXX-2_R1p.fastq.gz
[2022-08-05 11:06:51,793] multiqc                                            [DEBUG  ]  File ignored by ccs/v4 because it exceeded search pattern filesize limit: 9524_HCWFWBCXX-2_R1R2u_fastqc.html
[2022-08-05 11:06:51,810] multiqc                                            [DEBUG  ]  File ignored by hicexplorer because it exceeded search pattern filesize limit: 9524_HCWFWBCXX-2_R1R2u_fastqc.html
[2022-08-05 11:06:51,814] multiqc                                            [DEBUG  ]  File ignored by nanostat because it exceeded search pattern filesize limit: 9524_HCWFWBCXX-2_R1R2u_fastqc.html
[2022-08-05 11:06:51,814] multiqc                                            [DEBUG  ]  File ignored by lima/summary because it exceeded search pattern filesize limit: 9524_HCWFWBCXX-2_R1R2u_fastqc.html
[2022-08-05 11:06:51,836] multiqc                                            [DEBUG  ]  File ignored by vep/vep_txt because it exceeded search pattern filesize limit: 9524_HCWFWBCXX-2_R1R2u_fastqc.html
[2022-08-05 11:06:51,836] multiqc                                            [DEBUG  ]  File ignored by longranger/invocation because it exceeded search pattern filesize limit: 9524_HCWFWBCXX-2_R1R2u_fastqc.html
[2022-08-05 11:06:51,962] multiqc                                            [DEBUG  ]  Ignoring file as matched an ignore pattern: 9524_HCWFWBCXX-2_R1R2u.fastq.gz
[2022-08-05 11:06:53,904] multiqc                                            [DEBUG  ]  File ignored by ccs/v4 because it exceeded search pattern filesize limit: 9524_HCWFWBCXX-2_R2p_fastqc.html
[2022-08-05 11:06:54,072] multiqc                                            [DEBUG  ]  File ignored by hicexplorer because it exceeded search pattern filesize limit: 9524_HCWFWBCXX-2_R2p_fastqc.html
[2022-08-05 11:06:54,072] multiqc                                            [DEBUG  ]  File ignored by nanostat because it exceeded search pattern filesize limit: 9524_HCWFWBCXX-2_R2p_fastqc.html
[2022-08-05 11:06:54,073] multiqc                                            [DEBUG  ]  File ignored by lima/summary because it exceeded search pattern filesize limit: 9524_HCWFWBCXX-2_R2p_fastqc.html
[2022-08-05 11:06:54,712] multiqc                                            [DEBUG  ]  File ignored by vep/vep_txt because it exceeded search pattern filesize limit: 9524_HCWFWBCXX-2_R2p_fastqc.html
[2022-08-05 11:06:54,712] multiqc                                            [DEBUG  ]  File ignored by longranger/invocation because it exceeded search pattern filesize limit: 9524_HCWFWBCXX-2_R2p_fastqc.html
[2022-08-05 11:06:54,713] multiqc                                            [DEBUG  ]  File ignored by rockhopper because it exceeded search pattern filesize limit: 9524_HCWFWBCXX-2_R2p_fastqc.html
[2022-08-05 11:06:54,713] multiqc                                            [DEBUG  ]  File ignored by rseqc/bam_stat because it exceeded search pattern filesize limit: 9524_HCWFWBCXX-2_R2p_fastqc.html
[2022-08-05 11:06:54,713] multiqc                                            [DEBUG  ]  File ignored by rseqc/junction_annotation because it exceeded search pattern filesize limit: 9524_HCWFWBCXX-2_R2p_fastqc.html
[2022-08-05 11:06:54,713] multiqc                                            [DEBUG  ]  File ignored by rseqc/read_distribution because it exceeded search pattern filesize limit: 9524_HCWFWBCXX-2_R2p_fastqc.html
[2022-08-05 11:06:54,713] multiqc                                            [DEBUG  ]  File ignored by rseqc/infer_experiment because it exceeded search pattern filesize limit: 9524_HCWFWBCXX-2_R2p_fastqc.html
[2022-08-05 11:06:55,603] multiqc                                            [DEBUG  ]  Ignoring file as matched an ignore pattern: 9524_HCWFWBCXX-2_R2p.fastq.gz
[2022-08-05 11:06:55,604] multiqc                                            [DEBUG  ]  Ignoring file as matched an ignore pattern: 9524_QCreads.md5
[2022-08-05 11:06:57,714] multiqc.plots.bargraph                             [DEBUG  ]  Using matplotlib version 3.3.4
[2022-08-05 11:06:57,718] multiqc.plots.linegraph                            [DEBUG  ]  Using matplotlib version 3.3.4
[2022-08-05 11:06:57,720] multiqc                                            [DEBUG  ]  No samples found: custom_content
[2022-08-05 11:06:57,726] multiqc                                            [DEBUG  ]  No samples found: ccs
[2022-08-05 11:06:57,731] multiqc                                            [DEBUG  ]  No samples found: ngsderive
[2022-08-05 11:06:57,966] multiqc                                            [DEBUG  ]  No samples found: purple
[2022-08-05 11:06:57,971] multiqc                                            [DEBUG  ]  No samples found: conpair
[2022-08-05 11:06:57,976] multiqc                                            [DEBUG  ]  No samples found: lima
[2022-08-05 11:06:57,982] multiqc                                            [DEBUG  ]  No samples found: peddy
[2022-08-05 11:06:58,220] multiqc                                            [DEBUG  ]  No samples found: somalier
[2022-08-05 11:06:58,224] multiqc                                            [DEBUG  ]  No samples found: methylQA
[2022-08-05 11:06:58,235] multiqc.modules.mosdepth.mosdepth                  [DEBUG  ]  include_contigs: []
[2022-08-05 11:06:58,235] multiqc.modules.mosdepth.mosdepth                  [DEBUG  ]  exclude_contigs: []
[2022-08-05 11:06:58,235] multiqc                                            [DEBUG  ]  No samples found: mosdepth
[2022-08-05 11:06:58,241] multiqc                                            [DEBUG  ]  No samples found: phantompeakqualtools
[2022-08-05 11:06:58,245] multiqc                                            [DEBUG  ]  No samples found: qualimap
[2022-08-05 11:06:58,251] multiqc                                            [DEBUG  ]  No samples found: preseq
[2022-08-05 11:06:58,256] multiqc                                            [DEBUG  ]  No samples found: quast
[2022-08-05 11:06:58,262] multiqc                                            [DEBUG  ]  No samples found: qorts
[2022-08-05 11:06:58,268] multiqc                                            [DEBUG  ]  No samples found: rna_seqc
[2022-08-05 11:06:58,273] multiqc                                            [DEBUG  ]  No samples found: rockhopper
[2022-08-05 11:06:58,278] multiqc                                            [DEBUG  ]  No samples found: rsem
[2022-08-05 11:06:58,526] multiqc                                            [DEBUG  ]  No samples found: rseqc
[2022-08-05 11:06:58,530] multiqc                                            [DEBUG  ]  No samples found: busco
[2022-08-05 11:06:58,536] multiqc                                            [DEBUG  ]  No samples found: bustools
[2022-08-05 11:06:58,541] multiqc                                            [DEBUG  ]  No samples found: goleft_indexcov
[2022-08-05 11:06:58,550] multiqc                                            [DEBUG  ]  No samples found: gffcompare
[2022-08-05 11:06:58,555] multiqc                                            [DEBUG  ]  No samples found: disambiguate
[2022-08-05 11:06:58,561] multiqc                                            [DEBUG  ]  No samples found: supernova
[2022-08-05 11:06:58,580] multiqc                                            [DEBUG  ]  No samples found: deeptools
[2022-08-05 11:06:58,585] multiqc                                            [DEBUG  ]  No samples found: sargasso
[2022-08-05 11:06:58,590] multiqc                                            [DEBUG  ]  No samples found: verifybamid
[2022-08-05 11:06:58,595] multiqc                                            [DEBUG  ]  No samples found: mirtrace
[2022-08-05 11:06:58,600] multiqc                                            [DEBUG  ]  No samples found: happy
[2022-08-05 11:06:58,606] multiqc                                            [DEBUG  ]  No samples found: mirtop
[2022-08-05 11:06:58,612] multiqc                                            [DEBUG  ]  No samples found: sambamba
[2022-08-05 11:06:58,851] multiqc                                            [DEBUG  ]  No samples found: homer
[2022-08-05 11:06:58,855] multiqc                                            [DEBUG  ]  No samples found: hops
[2022-08-05 11:06:58,859] multiqc                                            [DEBUG  ]  No samples found: macs2
[2022-08-05 11:06:58,863] multiqc                                            [DEBUG  ]  No samples found: theta2
[2022-08-05 11:06:58,869] multiqc                                            [DEBUG  ]  No samples found: snpeff
[2022-08-05 11:06:58,877] multiqc                                            [DEBUG  ]  No samples found: gatk
[2022-08-05 11:06:58,881] multiqc                                            [DEBUG  ]  No samples found: htseq
[2022-08-05 11:06:58,886] multiqc                                            [DEBUG  ]  No samples found: bcftools
[2022-08-05 11:06:58,891] multiqc                                            [DEBUG  ]  No samples found: featureCounts
[2022-08-05 11:06:58,898] multiqc                                            [DEBUG  ]  No samples found: fgbio
[2022-08-05 11:06:58,915] multiqc                                            [DEBUG  ]  No samples found: dragen
[2022-08-05 11:06:58,919] multiqc                                            [DEBUG  ]  No samples found: dedup
[2022-08-05 11:06:58,924] multiqc                                            [DEBUG  ]  No samples found: damageprofiler
[2022-08-05 11:06:59,658] multiqc                                            [DEBUG  ]  No samples found: biobambam2
[2022-08-05 11:06:59,664] multiqc                                            [DEBUG  ]  No samples found: jcvi
[2022-08-05 11:06:59,668] multiqc                                            [DEBUG  ]  No samples found: mtnucratio
[2022-08-05 11:06:59,670] multiqc                                            [DEBUG  ]  No samples found: picard
[2022-08-05 11:06:59,675] multiqc                                            [DEBUG  ]  No samples found: vep
[2022-08-05 11:06:59,683] multiqc                                            [DEBUG  ]  No samples found: sentieon
[2022-08-05 11:06:59,688] multiqc                                            [DEBUG  ]  No samples found: prokka
[2022-08-05 11:06:59,695] multiqc                                            [DEBUG  ]  No samples found: qc3C
[2022-08-05 11:06:59,699] multiqc                                            [DEBUG  ]  No samples found: nanostat
[2022-08-05 11:06:59,703] multiqc                                            [DEBUG  ]  No samples found: samblaster
[2022-08-05 11:06:59,943] multiqc                                            [DEBUG  ]  No samples found: samtools
[2022-08-05 11:06:59,948] multiqc                                            [DEBUG  ]  No samples found: sexdeterrmine
[2022-08-05 11:06:59,952] multiqc                                            [DEBUG  ]  No samples found: eigenstratdatabasetools
[2022-08-05 11:07:00,187] multiqc                                            [DEBUG  ]  No samples found: bamtools
[2022-08-05 11:07:00,191] multiqc                                            [DEBUG  ]  No samples found: jellyfish
[2022-08-05 11:07:00,199] multiqc                                            [DEBUG  ]  No samples found: vcftools
[2022-08-05 11:07:00,204] multiqc                                            [DEBUG  ]  No samples found: longranger
[2022-08-05 11:07:00,209] multiqc                                            [DEBUG  ]  No samples found: stacks
[2022-08-05 11:07:00,214] multiqc                                            [DEBUG  ]  No samples found: varscan2
[2022-08-05 11:07:00,219] multiqc                                            [DEBUG  ]  No samples found: snippy
[2022-08-05 11:07:00,237] multiqc                                            [DEBUG  ]  No samples found: bbmap
[2022-08-05 11:07:00,243] multiqc                                            [DEBUG  ]  No samples found: bismark
[2022-08-05 11:07:00,251] multiqc                                            [DEBUG  ]  No samples found: biscuit
[2022-08-05 11:07:00,255] multiqc                                            [DEBUG  ]  No samples found: hicexplorer
[2022-08-05 11:07:00,261] multiqc                                            [DEBUG  ]  No samples found: hicup
[2022-08-05 11:07:00,266] multiqc                                            [DEBUG  ]  No samples found: hicpro
[2022-08-05 11:07:00,270] multiqc                                            [DEBUG  ]  No samples found: salmon
[2022-08-05 11:07:00,274] multiqc                                            [DEBUG  ]  No samples found: kallisto
[2022-08-05 11:07:00,280] multiqc                                            [DEBUG  ]  No samples found: slamdunk
[2022-08-05 11:07:00,285] multiqc                                            [DEBUG  ]  No samples found: star
[2022-08-05 11:07:00,289] multiqc                                            [DEBUG  ]  No samples found: hisat2
[2022-08-05 11:07:00,293] multiqc                                            [DEBUG  ]  No samples found: tophat
[2022-08-05 11:07:00,298] multiqc                                            [DEBUG  ]  No samples found: bowtie2
[2022-08-05 11:07:00,302] multiqc                                            [DEBUG  ]  No samples found: bowtie1
[2022-08-05 11:07:00,306] multiqc                                            [DEBUG  ]  No samples found: snpsplit
[2022-08-05 11:07:00,311] multiqc                                            [DEBUG  ]  No samples found: odgi
[2022-08-05 11:07:00,315] multiqc                                            [DEBUG  ]  No samples found: pangolin
[2022-08-05 11:07:00,320] multiqc                                            [DEBUG  ]  No samples found: kat
[2022-08-05 11:07:00,324] multiqc                                            [DEBUG  ]  No samples found: leehom
[2022-08-05 11:07:00,330] multiqc                                            [DEBUG  ]  No samples found: adapterRemoval
[2022-08-05 11:07:00,333] multiqc                                            [DEBUG  ]  No samples found: clipandmerge
[2022-08-05 11:07:00,339] multiqc                                            [DEBUG  ]  No samples found: cutadapt
[2022-08-05 11:07:00,343] multiqc                                            [DEBUG  ]  No samples found: flexbar
[2022-08-05 11:07:00,348] multiqc                                            [DEBUG  ]  No samples found: kaiju
[2022-08-05 11:07:00,354] multiqc                                            [DEBUG  ]  No samples found: kraken
[2022-08-05 11:07:00,358] multiqc                                            [DEBUG  ]  No samples found: malt
[2022-08-05 11:07:00,595] multiqc                                            [DEBUG  ]  No samples found: trimmomatic
[2022-08-05 11:07:00,600] multiqc                                            [DEBUG  ]  No samples found: sickle
[2022-08-05 11:07:00,604] multiqc                                            [DEBUG  ]  No samples found: skewer
[2022-08-05 11:07:00,609] multiqc                                            [DEBUG  ]  No samples found: sortmerna
[2022-08-05 11:07:00,613] multiqc                                            [DEBUG  ]  No samples found: biobloomtools
[2022-08-05 11:07:00,619] multiqc                                            [DEBUG  ]  No samples found: fastq_screen
[2022-08-05 11:07:00,623] multiqc                                            [DEBUG  ]  No samples found: afterqc
[2022-08-05 11:07:00,628] multiqc                                            [DEBUG  ]  No samples found: fastp
[2022-08-05 11:07:00,960] multiqc.modules.fastqc.fastqc                      [INFO   ]  Found 4 reports
[2022-08-05 11:07:00,960] multiqc.modules.fastqc.fastqc                      [WARNING]  Sample had zero reads: '9524_HCWFWBCXX-2_R1R2u'
[2022-08-05 11:07:01,025] multiqc                                            [DEBUG  ]  No samples found: pychopper
[2022-08-05 11:07:01,030] multiqc                                            [DEBUG  ]  No samples found: pycoqc
[2022-08-05 11:07:01,035] multiqc                                            [DEBUG  ]  No samples found: minionqc
[2022-08-05 11:07:01,039] multiqc                                            [DEBUG  ]  No samples found: multivcfanalyzer
[2022-08-05 11:07:01,044] multiqc                                            [DEBUG  ]  No samples found: clusterflow
[2022-08-05 11:07:01,050] multiqc                                            [DEBUG  ]  No samples found: bcl2fastq
[2022-08-05 11:07:01,057] multiqc                                            [DEBUG  ]  No samples found: bclconvert
[2022-08-05 11:07:01,063] multiqc                                            [DEBUG  ]  No samples found: interop
[2022-08-05 11:07:01,067] multiqc                                            [DEBUG  ]  No samples found: ivar
[2022-08-05 11:07:01,072] multiqc                                            [DEBUG  ]  No samples found: flash
[2022-08-05 11:07:01,307] multiqc                                            [DEBUG  ]  No samples found: seqyclean
[2022-08-05 11:07:01,311] multiqc                                            [DEBUG  ]  No samples found: optitype
[2022-08-05 11:07:01,315] multiqc                                            [INFO   ]  Compressing plot data
[2022-08-05 11:07:01,476] multiqc                                            [INFO   ]  Report      : 9524_MGSD_CSIRO.qc.stats/multiqc_report.html
[2022-08-05 11:07:01,476] multiqc                                            [INFO   ]  Data        : 9524_MGSD_CSIRO.qc.stats/multiqc_data
[2022-08-05 11:07:01,476] multiqc                                            [DEBUG  ]  Moving data file from '/tmp/smi9a9.8585262/tmpj70isdhs/multiqc_data' to '9524_MGSD_CSIRO.qc.stats/multiqc_data'
[2022-08-05 11:07:02,269] multiqc                                            [INFO   ]  MultiQC complete
