[2022-08-05 11:04:22,678] multiqc                                            [DEBUG  ]  This is MultiQC v1.11
[2022-08-05 11:04:22,678] multiqc                                            [DEBUG  ]  No MultiQC config found: /apps/multiqc/1.11/lib/python3.9/site-packages/multiqc_config.yaml
[2022-08-05 11:04:22,678] multiqc                                            [DEBUG  ]  No MultiQC config found: /home/smi9a9/.multiqc_config.yaml
[2022-08-05 11:04:22,679] multiqc                                            [DEBUG  ]  No MultiQC config found: multiqc_config.yaml
[2022-08-05 11:04:22,679] multiqc                                            [DEBUG  ]  Command used: /apps/multiqc/1.11/bin/multiqc ./401626_HL7J5DSX3-1_merged_fastqc.html ./401626_HL7J5DSX3-1_merged_fastqc.zip ./401626_HL7J5DSX3-1_merged.fastq.gz ./401626_HL7J5DSX3-1_R1p_fastqc.html ./401626_HL7J5DSX3-1_R1p_fastqc.zip ./401626_HL7J5DSX3-1_R1p.fastq.gz ./401626_HL7J5DSX3-1_R1R2u_fastqc.html ./401626_HL7J5DSX3-1_R1R2u_fastqc.zip ./401626_HL7J5DSX3-1_R1R2u.fastq.gz ./401626_HL7J5DSX3-1_R2p_fastqc.html ./401626_HL7J5DSX3-1_R2p_fastqc.zip ./401626_HL7J5DSX3-1_R2p.fastq.gz ./401626_QCreads.md5 -o 401626_MGSD_CSIRO.qc.stats
[2022-08-05 11:04:22,681] multiqc                                            [DEBUG  ]  Could not connect to multiqc.info for version check: <urlopen error [Errno 111] Connection refused>
[2022-08-05 11:04:22,681] multiqc                                            [DEBUG  ]  Command     : /apps/multiqc/1.11/bin/multiqc ./401626_HL7J5DSX3-1_merged_fastqc.html ./401626_HL7J5DSX3-1_merged_fastqc.zip ./401626_HL7J5DSX3-1_merged.fastq.gz ./401626_HL7J5DSX3-1_R1p_fastqc.html ./401626_HL7J5DSX3-1_R1p_fastqc.zip ./401626_HL7J5DSX3-1_R1p.fastq.gz ./401626_HL7J5DSX3-1_R1R2u_fastqc.html ./401626_HL7J5DSX3-1_R1R2u_fastqc.zip ./401626_HL7J5DSX3-1_R1R2u.fastq.gz ./401626_HL7J5DSX3-1_R2p_fastqc.html ./401626_HL7J5DSX3-1_R2p_fastqc.zip ./401626_HL7J5DSX3-1_R2p.fastq.gz ./401626_QCreads.md5 -o 401626_MGSD_CSIRO.qc.stats
[2022-08-05 11:04:22,681] multiqc                                            [DEBUG  ]  Working dir : /datasets/work/oa-amd/work/amd/Metagenome_QC_reads
[2022-08-05 11:04:22,681] multiqc                                            [DEBUG  ]  Template    : default
[2022-08-05 11:04:22,681] multiqc                                            [DEBUG  ]  Running Python 3.9.4 (default, Apr 25 2021, 16:13:27)  [GCC 10.3.0]
[2022-08-05 11:04:22,682] multiqc                                            [DEBUG  ]  Analysing modules: custom_content, ccs, ngsderive, purple, conpair, lima, peddy, somalier, methylQA, mosdepth, phantompeakqualtools, qualimap, preseq, quast, qorts, rna_seqc, rockhopper, rsem, rseqc, busco, bustools, goleft_indexcov, gffcompare, disambiguate, supernova, deeptools, sargasso, verifybamid, mirtrace, happy, mirtop, sambamba, homer, hops, macs2, theta2, snpeff, gatk, htseq, bcftools, featureCounts, fgbio, dragen, dedup, damageprofiler, biobambam2, jcvi, mtnucratio, picard, vep, sentieon, prokka, qc3C, nanostat, samblaster, samtools, sexdeterrmine, eigenstratdatabasetools, bamtools, jellyfish, vcftools, longranger, stacks, varscan2, snippy, bbmap, bismark, biscuit, hicexplorer, hicup, hicpro, salmon, kallisto, slamdunk, star, hisat2, tophat, bowtie2, bowtie1, snpsplit, odgi, pangolin, kat, leehom, adapterRemoval, clipandmerge, cutadapt, flexbar, kaiju, kraken, malt, trimmomatic, sickle, skewer, sortmerna, biobloomtools, fastq_screen, afterqc, fastp, fastqc, pychopper, pycoqc, minionqc, multivcfanalyzer, clusterflow, bcl2fastq, bclconvert, interop, ivar, flash, seqyclean, optitype
[2022-08-05 11:04:22,682] multiqc                                            [DEBUG  ]  Using temporary directory for creating report: /tmp/smi9a9.8584586/tmpjzf5m074
[2022-08-05 11:04:22,756] multiqc                                            [INFO   ]  Search path : /datasets/work/oa-amd/work/amd/Metagenome_QC_reads/401626_HL7J5DSX3-1_merged_fastqc.html
[2022-08-05 11:04:22,756] multiqc                                            [INFO   ]  Search path : /datasets/work/oa-amd/work/amd/Metagenome_QC_reads/401626_HL7J5DSX3-1_merged_fastqc.zip
[2022-08-05 11:04:22,756] multiqc                                            [INFO   ]  Search path : /datasets/work/oa-amd/work/amd/Metagenome_QC_reads/401626_HL7J5DSX3-1_merged.fastq.gz
[2022-08-05 11:04:22,756] multiqc                                            [INFO   ]  Search path : /datasets/work/oa-amd/work/amd/Metagenome_QC_reads/401626_HL7J5DSX3-1_R1p_fastqc.html
[2022-08-05 11:04:22,756] multiqc                                            [INFO   ]  Search path : /datasets/work/oa-amd/work/amd/Metagenome_QC_reads/401626_HL7J5DSX3-1_R1p_fastqc.zip
[2022-08-05 11:04:22,756] multiqc                                            [INFO   ]  Search path : /datasets/work/oa-amd/work/amd/Metagenome_QC_reads/401626_HL7J5DSX3-1_R1p.fastq.gz
[2022-08-05 11:04:22,757] multiqc                                            [INFO   ]  Search path : /datasets/work/oa-amd/work/amd/Metagenome_QC_reads/401626_HL7J5DSX3-1_R1R2u_fastqc.html
[2022-08-05 11:04:22,757] multiqc                                            [INFO   ]  Search path : /datasets/work/oa-amd/work/amd/Metagenome_QC_reads/401626_HL7J5DSX3-1_R1R2u_fastqc.zip
[2022-08-05 11:04:22,757] multiqc                                            [INFO   ]  Search path : /datasets/work/oa-amd/work/amd/Metagenome_QC_reads/401626_HL7J5DSX3-1_R1R2u.fastq.gz
[2022-08-05 11:04:22,757] multiqc                                            [INFO   ]  Search path : /datasets/work/oa-amd/work/amd/Metagenome_QC_reads/401626_HL7J5DSX3-1_R2p_fastqc.html
[2022-08-05 11:04:22,757] multiqc                                            [INFO   ]  Search path : /datasets/work/oa-amd/work/amd/Metagenome_QC_reads/401626_HL7J5DSX3-1_R2p_fastqc.zip
[2022-08-05 11:04:22,757] multiqc                                            [INFO   ]  Search path : /datasets/work/oa-amd/work/amd/Metagenome_QC_reads/401626_HL7J5DSX3-1_R2p.fastq.gz
[2022-08-05 11:04:22,757] multiqc                                            [INFO   ]  Search path : /datasets/work/oa-amd/work/amd/Metagenome_QC_reads/401626_QCreads.md5
[2022-08-05 11:04:22,914] multiqc                                            [DEBUG  ]  File ignored by ccs/v4 because it exceeded search pattern filesize limit: 401626_HL7J5DSX3-1_merged_fastqc.html
[2022-08-05 11:04:22,922] multiqc                                            [DEBUG  ]  File ignored by hicexplorer because it exceeded search pattern filesize limit: 401626_HL7J5DSX3-1_merged_fastqc.html
[2022-08-05 11:04:22,924] multiqc                                            [DEBUG  ]  File ignored by nanostat because it exceeded search pattern filesize limit: 401626_HL7J5DSX3-1_merged_fastqc.html
[2022-08-05 11:04:22,924] multiqc                                            [DEBUG  ]  File ignored by lima/summary because it exceeded search pattern filesize limit: 401626_HL7J5DSX3-1_merged_fastqc.html
[2022-08-05 11:04:22,971] multiqc                                            [DEBUG  ]  File ignored by vep/vep_txt because it exceeded search pattern filesize limit: 401626_HL7J5DSX3-1_merged_fastqc.html
[2022-08-05 11:04:22,971] multiqc                                            [DEBUG  ]  File ignored by longranger/invocation because it exceeded search pattern filesize limit: 401626_HL7J5DSX3-1_merged_fastqc.html
[2022-08-05 11:04:22,971] multiqc                                            [DEBUG  ]  File ignored by rockhopper because it exceeded search pattern filesize limit: 401626_HL7J5DSX3-1_merged_fastqc.html
[2022-08-05 11:04:22,971] multiqc                                            [DEBUG  ]  File ignored by rseqc/bam_stat because it exceeded search pattern filesize limit: 401626_HL7J5DSX3-1_merged_fastqc.html
[2022-08-05 11:04:22,971] multiqc                                            [DEBUG  ]  File ignored by rseqc/junction_annotation because it exceeded search pattern filesize limit: 401626_HL7J5DSX3-1_merged_fastqc.html
[2022-08-05 11:04:22,971] multiqc                                            [DEBUG  ]  File ignored by rseqc/read_distribution because it exceeded search pattern filesize limit: 401626_HL7J5DSX3-1_merged_fastqc.html
[2022-08-05 11:04:22,971] multiqc                                            [DEBUG  ]  File ignored by rseqc/infer_experiment because it exceeded search pattern filesize limit: 401626_HL7J5DSX3-1_merged_fastqc.html
[2022-08-05 11:04:23,951] multiqc                                            [DEBUG  ]  Ignoring file as matched an ignore pattern: 401626_HL7J5DSX3-1_merged.fastq.gz
[2022-08-05 11:04:24,061] multiqc                                            [DEBUG  ]  File ignored by ccs/v4 because it exceeded search pattern filesize limit: 401626_HL7J5DSX3-1_R1p_fastqc.html
[2022-08-05 11:04:24,066] multiqc                                            [DEBUG  ]  File ignored by hicexplorer because it exceeded search pattern filesize limit: 401626_HL7J5DSX3-1_R1p_fastqc.html
[2022-08-05 11:04:24,067] multiqc                                            [DEBUG  ]  File ignored by nanostat because it exceeded search pattern filesize limit: 401626_HL7J5DSX3-1_R1p_fastqc.html
[2022-08-05 11:04:24,067] multiqc                                            [DEBUG  ]  File ignored by lima/summary because it exceeded search pattern filesize limit: 401626_HL7J5DSX3-1_R1p_fastqc.html
[2022-08-05 11:04:24,078] multiqc                                            [DEBUG  ]  File ignored by vep/vep_txt because it exceeded search pattern filesize limit: 401626_HL7J5DSX3-1_R1p_fastqc.html
[2022-08-05 11:04:24,078] multiqc                                            [DEBUG  ]  File ignored by longranger/invocation because it exceeded search pattern filesize limit: 401626_HL7J5DSX3-1_R1p_fastqc.html
[2022-08-05 11:04:24,078] multiqc                                            [DEBUG  ]  File ignored by rockhopper because it exceeded search pattern filesize limit: 401626_HL7J5DSX3-1_R1p_fastqc.html
[2022-08-05 11:04:24,078] multiqc                                            [DEBUG  ]  File ignored by rseqc/bam_stat because it exceeded search pattern filesize limit: 401626_HL7J5DSX3-1_R1p_fastqc.html
[2022-08-05 11:04:24,078] multiqc                                            [DEBUG  ]  File ignored by rseqc/junction_annotation because it exceeded search pattern filesize limit: 401626_HL7J5DSX3-1_R1p_fastqc.html
[2022-08-05 11:04:24,078] multiqc                                            [DEBUG  ]  File ignored by rseqc/read_distribution because it exceeded search pattern filesize limit: 401626_HL7J5DSX3-1_R1p_fastqc.html
[2022-08-05 11:04:24,078] multiqc                                            [DEBUG  ]  File ignored by rseqc/infer_experiment because it exceeded search pattern filesize limit: 401626_HL7J5DSX3-1_R1p_fastqc.html
[2022-08-05 11:04:24,443] multiqc                                            [DEBUG  ]  Ignoring file as matched an ignore pattern: 401626_HL7J5DSX3-1_R1p.fastq.gz
[2022-08-05 11:04:24,495] multiqc                                            [DEBUG  ]  File ignored by ccs/v4 because it exceeded search pattern filesize limit: 401626_HL7J5DSX3-1_R1R2u_fastqc.html
[2022-08-05 11:04:24,503] multiqc                                            [DEBUG  ]  File ignored by hicexplorer because it exceeded search pattern filesize limit: 401626_HL7J5DSX3-1_R1R2u_fastqc.html
[2022-08-05 11:04:24,504] multiqc                                            [DEBUG  ]  File ignored by nanostat because it exceeded search pattern filesize limit: 401626_HL7J5DSX3-1_R1R2u_fastqc.html
[2022-08-05 11:04:24,504] multiqc                                            [DEBUG  ]  File ignored by lima/summary because it exceeded search pattern filesize limit: 401626_HL7J5DSX3-1_R1R2u_fastqc.html
[2022-08-05 11:04:24,531] multiqc                                            [DEBUG  ]  File ignored by vep/vep_txt because it exceeded search pattern filesize limit: 401626_HL7J5DSX3-1_R1R2u_fastqc.html
[2022-08-05 11:04:24,531] multiqc                                            [DEBUG  ]  File ignored by longranger/invocation because it exceeded search pattern filesize limit: 401626_HL7J5DSX3-1_R1R2u_fastqc.html
[2022-08-05 11:04:24,531] multiqc                                            [DEBUG  ]  File ignored by rockhopper because it exceeded search pattern filesize limit: 401626_HL7J5DSX3-1_R1R2u_fastqc.html
[2022-08-05 11:04:24,531] multiqc                                            [DEBUG  ]  File ignored by rseqc/bam_stat because it exceeded search pattern filesize limit: 401626_HL7J5DSX3-1_R1R2u_fastqc.html
[2022-08-05 11:04:24,531] multiqc                                            [DEBUG  ]  File ignored by rseqc/junction_annotation because it exceeded search pattern filesize limit: 401626_HL7J5DSX3-1_R1R2u_fastqc.html
[2022-08-05 11:04:24,531] multiqc                                            [DEBUG  ]  File ignored by rseqc/read_distribution because it exceeded search pattern filesize limit: 401626_HL7J5DSX3-1_R1R2u_fastqc.html
[2022-08-05 11:04:24,531] multiqc                                            [DEBUG  ]  File ignored by rseqc/infer_experiment because it exceeded search pattern filesize limit: 401626_HL7J5DSX3-1_R1R2u_fastqc.html
[2022-08-05 11:04:24,613] multiqc                                            [DEBUG  ]  Ignoring file as matched an ignore pattern: 401626_HL7J5DSX3-1_R1R2u.fastq.gz
[2022-08-05 11:04:24,672] multiqc                                            [DEBUG  ]  File ignored by ccs/v4 because it exceeded search pattern filesize limit: 401626_HL7J5DSX3-1_R2p_fastqc.html
[2022-08-05 11:04:24,730] multiqc                                            [DEBUG  ]  File ignored by hicexplorer because it exceeded search pattern filesize limit: 401626_HL7J5DSX3-1_R2p_fastqc.html
[2022-08-05 11:04:24,731] multiqc                                            [DEBUG  ]  File ignored by nanostat because it exceeded search pattern filesize limit: 401626_HL7J5DSX3-1_R2p_fastqc.html
[2022-08-05 11:04:24,731] multiqc                                            [DEBUG  ]  File ignored by lima/summary because it exceeded search pattern filesize limit: 401626_HL7J5DSX3-1_R2p_fastqc.html
[2022-08-05 11:04:24,749] multiqc                                            [DEBUG  ]  File ignored by vep/vep_txt because it exceeded search pattern filesize limit: 401626_HL7J5DSX3-1_R2p_fastqc.html
[2022-08-05 11:04:24,750] multiqc                                            [DEBUG  ]  File ignored by longranger/invocation because it exceeded search pattern filesize limit: 401626_HL7J5DSX3-1_R2p_fastqc.html
[2022-08-05 11:04:24,750] multiqc                                            [DEBUG  ]  File ignored by rockhopper because it exceeded search pattern filesize limit: 401626_HL7J5DSX3-1_R2p_fastqc.html
[2022-08-05 11:04:24,750] multiqc                                            [DEBUG  ]  File ignored by rseqc/bam_stat because it exceeded search pattern filesize limit: 401626_HL7J5DSX3-1_R2p_fastqc.html
[2022-08-05 11:04:24,750] multiqc                                            [DEBUG  ]  File ignored by rseqc/junction_annotation because it exceeded search pattern filesize limit: 401626_HL7J5DSX3-1_R2p_fastqc.html
[2022-08-05 11:04:24,750] multiqc                                            [DEBUG  ]  File ignored by rseqc/read_distribution because it exceeded search pattern filesize limit: 401626_HL7J5DSX3-1_R2p_fastqc.html
[2022-08-05 11:04:24,750] multiqc                                            [DEBUG  ]  File ignored by rseqc/infer_experiment because it exceeded search pattern filesize limit: 401626_HL7J5DSX3-1_R2p_fastqc.html
[2022-08-05 11:04:24,834] multiqc                                            [DEBUG  ]  Ignoring file as matched an ignore pattern: 401626_HL7J5DSX3-1_R2p.fastq.gz
[2022-08-05 11:04:24,834] multiqc                                            [DEBUG  ]  Ignoring file as matched an ignore pattern: 401626_QCreads.md5
[2022-08-05 11:04:25,803] multiqc.plots.bargraph                             [DEBUG  ]  Using matplotlib version 3.3.4
[2022-08-05 11:04:25,808] multiqc.plots.linegraph                            [DEBUG  ]  Using matplotlib version 3.3.4
[2022-08-05 11:04:25,811] multiqc                                            [DEBUG  ]  No samples found: custom_content
[2022-08-05 11:04:25,816] multiqc                                            [DEBUG  ]  No samples found: ccs
[2022-08-05 11:04:25,821] multiqc                                            [DEBUG  ]  No samples found: ngsderive
[2022-08-05 11:04:25,826] multiqc                                            [DEBUG  ]  No samples found: purple
[2022-08-05 11:04:25,830] multiqc                                            [DEBUG  ]  No samples found: conpair
[2022-08-05 11:04:25,835] multiqc                                            [DEBUG  ]  No samples found: lima
[2022-08-05 11:04:25,840] multiqc                                            [DEBUG  ]  No samples found: peddy
[2022-08-05 11:04:25,847] multiqc                                            [DEBUG  ]  No samples found: somalier
[2022-08-05 11:04:25,852] multiqc                                            [DEBUG  ]  No samples found: methylQA
[2022-08-05 11:04:25,861] multiqc.modules.mosdepth.mosdepth                  [DEBUG  ]  include_contigs: []
[2022-08-05 11:04:25,861] multiqc.modules.mosdepth.mosdepth                  [DEBUG  ]  exclude_contigs: []
[2022-08-05 11:04:25,861] multiqc                                            [DEBUG  ]  No samples found: mosdepth
[2022-08-05 11:04:25,866] multiqc                                            [DEBUG  ]  No samples found: phantompeakqualtools
[2022-08-05 11:04:25,869] multiqc                                            [DEBUG  ]  No samples found: qualimap
[2022-08-05 11:04:26,191] multiqc                                            [DEBUG  ]  No samples found: preseq
[2022-08-05 11:04:26,197] multiqc                                            [DEBUG  ]  No samples found: quast
[2022-08-05 11:04:26,202] multiqc                                            [DEBUG  ]  No samples found: qorts
[2022-08-05 11:04:26,207] multiqc                                            [DEBUG  ]  No samples found: rna_seqc
[2022-08-05 11:04:26,212] multiqc                                            [DEBUG  ]  No samples found: rockhopper
[2022-08-05 11:04:26,217] multiqc                                            [DEBUG  ]  No samples found: rsem
[2022-08-05 11:04:26,464] multiqc                                            [DEBUG  ]  No samples found: rseqc
[2022-08-05 11:04:26,471] multiqc                                            [DEBUG  ]  No samples found: busco
[2022-08-05 11:04:26,476] multiqc                                            [DEBUG  ]  No samples found: bustools
[2022-08-05 11:04:26,480] multiqc                                            [DEBUG  ]  No samples found: goleft_indexcov
[2022-08-05 11:04:26,485] multiqc                                            [DEBUG  ]  No samples found: gffcompare
[2022-08-05 11:04:26,490] multiqc                                            [DEBUG  ]  No samples found: disambiguate
[2022-08-05 11:04:26,496] multiqc                                            [DEBUG  ]  No samples found: supernova
[2022-08-05 11:04:26,512] multiqc                                            [DEBUG  ]  No samples found: deeptools
[2022-08-05 11:04:26,517] multiqc                                            [DEBUG  ]  No samples found: sargasso
[2022-08-05 11:04:26,522] multiqc                                            [DEBUG  ]  No samples found: verifybamid
[2022-08-05 11:04:26,527] multiqc                                            [DEBUG  ]  No samples found: mirtrace
[2022-08-05 11:04:26,532] multiqc                                            [DEBUG  ]  No samples found: happy
[2022-08-05 11:04:26,538] multiqc                                            [DEBUG  ]  No samples found: mirtop
[2022-08-05 11:04:26,543] multiqc                                            [DEBUG  ]  No samples found: sambamba
[2022-08-05 11:04:26,552] multiqc                                            [DEBUG  ]  No samples found: homer
[2022-08-05 11:04:26,556] multiqc                                            [DEBUG  ]  No samples found: hops
[2022-08-05 11:04:26,561] multiqc                                            [DEBUG  ]  No samples found: macs2
[2022-08-05 11:04:26,565] multiqc                                            [DEBUG  ]  No samples found: theta2
[2022-08-05 11:04:26,570] multiqc                                            [DEBUG  ]  No samples found: snpeff
[2022-08-05 11:04:26,809] multiqc                                            [DEBUG  ]  No samples found: gatk
[2022-08-05 11:04:26,813] multiqc                                            [DEBUG  ]  No samples found: htseq
[2022-08-05 11:04:26,819] multiqc                                            [DEBUG  ]  No samples found: bcftools
[2022-08-05 11:04:26,824] multiqc                                            [DEBUG  ]  No samples found: featureCounts
[2022-08-05 11:04:26,830] multiqc                                            [DEBUG  ]  No samples found: fgbio
[2022-08-05 11:04:27,078] multiqc                                            [DEBUG  ]  No samples found: dragen
[2022-08-05 11:04:27,083] multiqc                                            [DEBUG  ]  No samples found: dedup
[2022-08-05 11:04:27,088] multiqc                                            [DEBUG  ]  No samples found: damageprofiler
[2022-08-05 11:04:27,358] multiqc                                            [DEBUG  ]  No samples found: biobambam2
[2022-08-05 11:04:27,364] multiqc                                            [DEBUG  ]  No samples found: jcvi
[2022-08-05 11:04:27,369] multiqc                                            [DEBUG  ]  No samples found: mtnucratio
[2022-08-05 11:04:27,371] multiqc                                            [DEBUG  ]  No samples found: picard
[2022-08-05 11:04:27,377] multiqc                                            [DEBUG  ]  No samples found: vep
[2022-08-05 11:04:27,386] multiqc                                            [DEBUG  ]  No samples found: sentieon
[2022-08-05 11:04:27,391] multiqc                                            [DEBUG  ]  No samples found: prokka
[2022-08-05 11:04:27,398] multiqc                                            [DEBUG  ]  No samples found: qc3C
[2022-08-05 11:04:27,403] multiqc                                            [DEBUG  ]  No samples found: nanostat
[2022-08-05 11:04:27,408] multiqc                                            [DEBUG  ]  No samples found: samblaster
[2022-08-05 11:04:27,419] multiqc                                            [DEBUG  ]  No samples found: samtools
[2022-08-05 11:04:27,423] multiqc                                            [DEBUG  ]  No samples found: sexdeterrmine
[2022-08-05 11:04:27,427] multiqc                                            [DEBUG  ]  No samples found: eigenstratdatabasetools
[2022-08-05 11:04:27,433] multiqc                                            [DEBUG  ]  No samples found: bamtools
[2022-08-05 11:04:27,437] multiqc                                            [DEBUG  ]  No samples found: jellyfish
[2022-08-05 11:04:27,445] multiqc                                            [DEBUG  ]  No samples found: vcftools
[2022-08-05 11:04:27,451] multiqc                                            [DEBUG  ]  No samples found: longranger
[2022-08-05 11:04:27,456] multiqc                                            [DEBUG  ]  No samples found: stacks
[2022-08-05 11:04:27,461] multiqc                                            [DEBUG  ]  No samples found: varscan2
[2022-08-05 11:04:27,466] multiqc                                            [DEBUG  ]  No samples found: snippy
[2022-08-05 11:04:27,484] multiqc                                            [DEBUG  ]  No samples found: bbmap
[2022-08-05 11:04:27,490] multiqc                                            [DEBUG  ]  No samples found: bismark
[2022-08-05 11:04:27,499] multiqc                                            [DEBUG  ]  No samples found: biscuit
[2022-08-05 11:04:27,504] multiqc                                            [DEBUG  ]  No samples found: hicexplorer
[2022-08-05 11:04:27,510] multiqc                                            [DEBUG  ]  No samples found: hicup
[2022-08-05 11:04:27,515] multiqc                                            [DEBUG  ]  No samples found: hicpro
[2022-08-05 11:04:27,520] multiqc                                            [DEBUG  ]  No samples found: salmon
[2022-08-05 11:04:27,524] multiqc                                            [DEBUG  ]  No samples found: kallisto
[2022-08-05 11:04:27,531] multiqc                                            [DEBUG  ]  No samples found: slamdunk
[2022-08-05 11:04:27,536] multiqc                                            [DEBUG  ]  No samples found: star
[2022-08-05 11:04:27,541] multiqc                                            [DEBUG  ]  No samples found: hisat2
[2022-08-05 11:04:27,545] multiqc                                            [DEBUG  ]  No samples found: tophat
[2022-08-05 11:04:27,550] multiqc                                            [DEBUG  ]  No samples found: bowtie2
[2022-08-05 11:04:27,555] multiqc                                            [DEBUG  ]  No samples found: bowtie1
[2022-08-05 11:04:27,559] multiqc                                            [DEBUG  ]  No samples found: snpsplit
[2022-08-05 11:04:27,565] multiqc                                            [DEBUG  ]  No samples found: odgi
[2022-08-05 11:04:27,800] multiqc                                            [DEBUG  ]  No samples found: pangolin
[2022-08-05 11:04:28,035] multiqc                                            [DEBUG  ]  No samples found: kat
[2022-08-05 11:04:28,042] multiqc                                            [DEBUG  ]  No samples found: leehom
[2022-08-05 11:04:28,049] multiqc                                            [DEBUG  ]  No samples found: adapterRemoval
[2022-08-05 11:04:28,053] multiqc                                            [DEBUG  ]  No samples found: clipandmerge
[2022-08-05 11:04:28,061] multiqc                                            [DEBUG  ]  No samples found: cutadapt
[2022-08-05 11:04:28,069] multiqc                                            [DEBUG  ]  No samples found: flexbar
[2022-08-05 11:04:28,077] multiqc                                            [DEBUG  ]  No samples found: kaiju
[2022-08-05 11:04:28,083] multiqc                                            [DEBUG  ]  No samples found: kraken
[2022-08-05 11:04:28,089] multiqc                                            [DEBUG  ]  No samples found: malt
[2022-08-05 11:04:28,095] multiqc                                            [DEBUG  ]  No samples found: trimmomatic
[2022-08-05 11:04:28,100] multiqc                                            [DEBUG  ]  No samples found: sickle
[2022-08-05 11:04:28,105] multiqc                                            [DEBUG  ]  No samples found: skewer
[2022-08-05 11:04:28,111] multiqc                                            [DEBUG  ]  No samples found: sortmerna
[2022-08-05 11:04:28,116] multiqc                                            [DEBUG  ]  No samples found: biobloomtools
[2022-08-05 11:04:28,123] multiqc                                            [DEBUG  ]  No samples found: fastq_screen
[2022-08-05 11:04:28,128] multiqc                                            [DEBUG  ]  No samples found: afterqc
[2022-08-05 11:04:28,134] multiqc                                            [DEBUG  ]  No samples found: fastp
[2022-08-05 11:04:28,830] multiqc.modules.fastqc.fastqc                      [INFO   ]  Found 4 reports
[2022-08-05 11:04:28,883] multiqc                                            [DEBUG  ]  No samples found: pychopper
[2022-08-05 11:04:28,889] multiqc                                            [DEBUG  ]  No samples found: pycoqc
[2022-08-05 11:04:28,894] multiqc                                            [DEBUG  ]  No samples found: minionqc
[2022-08-05 11:04:28,900] multiqc                                            [DEBUG  ]  No samples found: multivcfanalyzer
[2022-08-05 11:04:28,906] multiqc                                            [DEBUG  ]  No samples found: clusterflow
[2022-08-05 11:04:28,913] multiqc                                            [DEBUG  ]  No samples found: bcl2fastq
[2022-08-05 11:04:28,920] multiqc                                            [DEBUG  ]  No samples found: bclconvert
[2022-08-05 11:04:28,926] multiqc                                            [DEBUG  ]  No samples found: interop
[2022-08-05 11:04:28,931] multiqc                                            [DEBUG  ]  No samples found: ivar
[2022-08-05 11:04:29,162] multiqc                                            [DEBUG  ]  No samples found: flash
[2022-08-05 11:04:29,168] multiqc                                            [DEBUG  ]  No samples found: seqyclean
[2022-08-05 11:04:29,173] multiqc                                            [DEBUG  ]  No samples found: optitype
[2022-08-05 11:04:29,178] multiqc                                            [INFO   ]  Compressing plot data
[2022-08-05 11:04:29,224] multiqc                                            [INFO   ]  Report      : 401626_MGSD_CSIRO.qc.stats/multiqc_report.html
[2022-08-05 11:04:29,224] multiqc                                            [INFO   ]  Data        : 401626_MGSD_CSIRO.qc.stats/multiqc_data
[2022-08-05 11:04:29,224] multiqc                                            [DEBUG  ]  Moving data file from '/tmp/smi9a9.8584586/tmpjzf5m074/multiqc_data' to '401626_MGSD_CSIRO.qc.stats/multiqc_data'
[2022-08-05 11:04:29,566] multiqc                                            [INFO   ]  MultiQC complete
