[2022-08-05 11:05:05,395] multiqc                                            [DEBUG  ]  This is MultiQC v1.11
[2022-08-05 11:05:05,395] multiqc                                            [DEBUG  ]  No MultiQC config found: /apps/multiqc/1.11/lib/python3.9/site-packages/multiqc_config.yaml
[2022-08-05 11:05:05,395] multiqc                                            [DEBUG  ]  No MultiQC config found: /home/smi9a9/.multiqc_config.yaml
[2022-08-05 11:05:05,400] multiqc                                            [DEBUG  ]  No MultiQC config found: multiqc_config.yaml
[2022-08-05 11:05:05,400] multiqc                                            [DEBUG  ]  Command used: /apps/multiqc/1.11/bin/multiqc ./12493_H3VCKBCXX-2_merged_fastqc.html ./12493_H3VCKBCXX-2_merged_fastqc.zip ./12493_H3VCKBCXX-2_merged.fastq.gz ./12493_H3VCKBCXX-2_R1p_fastqc.html ./12493_H3VCKBCXX-2_R1p_fastqc.zip ./12493_H3VCKBCXX-2_R1p.fastq.gz ./12493_H3VCKBCXX-2_R1R2u_fastqc.html ./12493_H3VCKBCXX-2_R1R2u_fastqc.zip ./12493_H3VCKBCXX-2_R1R2u.fastq.gz ./12493_H3VCKBCXX-2_R2p_fastqc.html ./12493_H3VCKBCXX-2_R2p_fastqc.zip ./12493_H3VCKBCXX-2_R2p.fastq.gz ./12493_QCreads.md5 -o 12493_MGSD_CSIRO.qc.stats
[2022-08-05 11:05:05,403] multiqc                                            [DEBUG  ]  Could not connect to multiqc.info for version check: <urlopen error [Errno 111] Connection refused>
[2022-08-05 11:05:05,403] multiqc                                            [DEBUG  ]  Command     : /apps/multiqc/1.11/bin/multiqc ./12493_H3VCKBCXX-2_merged_fastqc.html ./12493_H3VCKBCXX-2_merged_fastqc.zip ./12493_H3VCKBCXX-2_merged.fastq.gz ./12493_H3VCKBCXX-2_R1p_fastqc.html ./12493_H3VCKBCXX-2_R1p_fastqc.zip ./12493_H3VCKBCXX-2_R1p.fastq.gz ./12493_H3VCKBCXX-2_R1R2u_fastqc.html ./12493_H3VCKBCXX-2_R1R2u_fastqc.zip ./12493_H3VCKBCXX-2_R1R2u.fastq.gz ./12493_H3VCKBCXX-2_R2p_fastqc.html ./12493_H3VCKBCXX-2_R2p_fastqc.zip ./12493_H3VCKBCXX-2_R2p.fastq.gz ./12493_QCreads.md5 -o 12493_MGSD_CSIRO.qc.stats
[2022-08-05 11:05:05,403] multiqc                                            [DEBUG  ]  Working dir : /datasets/work/oa-amd/work/amd/Metagenome_QC_reads
[2022-08-05 11:05:05,403] multiqc                                            [DEBUG  ]  Template    : default
[2022-08-05 11:05:05,403] multiqc                                            [DEBUG  ]  Running Python 3.9.4 (default, Apr 25 2021, 16:13:27)  [GCC 10.3.0]
[2022-08-05 11:05:05,403] multiqc                                            [DEBUG  ]  Analysing modules: custom_content, ccs, ngsderive, purple, conpair, lima, peddy, somalier, methylQA, mosdepth, phantompeakqualtools, qualimap, preseq, quast, qorts, rna_seqc, rockhopper, rsem, rseqc, busco, bustools, goleft_indexcov, gffcompare, disambiguate, supernova, deeptools, sargasso, verifybamid, mirtrace, happy, mirtop, sambamba, homer, hops, macs2, theta2, snpeff, gatk, htseq, bcftools, featureCounts, fgbio, dragen, dedup, damageprofiler, biobambam2, jcvi, mtnucratio, picard, vep, sentieon, prokka, qc3C, nanostat, samblaster, samtools, sexdeterrmine, eigenstratdatabasetools, bamtools, jellyfish, vcftools, longranger, stacks, varscan2, snippy, bbmap, bismark, biscuit, hicexplorer, hicup, hicpro, salmon, kallisto, slamdunk, star, hisat2, tophat, bowtie2, bowtie1, snpsplit, odgi, pangolin, kat, leehom, adapterRemoval, clipandmerge, cutadapt, flexbar, kaiju, kraken, malt, trimmomatic, sickle, skewer, sortmerna, biobloomtools, fastq_screen, afterqc, fastp, fastqc, pychopper, pycoqc, minionqc, multivcfanalyzer, clusterflow, bcl2fastq, bclconvert, interop, ivar, flash, seqyclean, optitype
[2022-08-05 11:05:05,403] multiqc                                            [DEBUG  ]  Using temporary directory for creating report: /tmp/smi9a9.8585260/tmpfjl24c4h
[2022-08-05 11:05:05,697] multiqc                                            [INFO   ]  Search path : /datasets/work/oa-amd/work/amd/Metagenome_QC_reads/12493_H3VCKBCXX-2_merged_fastqc.html
[2022-08-05 11:05:05,697] multiqc                                            [INFO   ]  Search path : /datasets/work/oa-amd/work/amd/Metagenome_QC_reads/12493_H3VCKBCXX-2_merged_fastqc.zip
[2022-08-05 11:05:05,698] multiqc                                            [INFO   ]  Search path : /datasets/work/oa-amd/work/amd/Metagenome_QC_reads/12493_H3VCKBCXX-2_merged.fastq.gz
[2022-08-05 11:05:05,698] multiqc                                            [INFO   ]  Search path : /datasets/work/oa-amd/work/amd/Metagenome_QC_reads/12493_H3VCKBCXX-2_R1p_fastqc.html
[2022-08-05 11:05:05,698] multiqc                                            [INFO   ]  Search path : /datasets/work/oa-amd/work/amd/Metagenome_QC_reads/12493_H3VCKBCXX-2_R1p_fastqc.zip
[2022-08-05 11:05:05,698] multiqc                                            [INFO   ]  Search path : /datasets/work/oa-amd/work/amd/Metagenome_QC_reads/12493_H3VCKBCXX-2_R1p.fastq.gz
[2022-08-05 11:05:05,698] multiqc                                            [INFO   ]  Search path : /datasets/work/oa-amd/work/amd/Metagenome_QC_reads/12493_H3VCKBCXX-2_R1R2u_fastqc.html
[2022-08-05 11:05:05,698] multiqc                                            [INFO   ]  Search path : /datasets/work/oa-amd/work/amd/Metagenome_QC_reads/12493_H3VCKBCXX-2_R1R2u_fastqc.zip
[2022-08-05 11:05:05,698] multiqc                                            [INFO   ]  Search path : /datasets/work/oa-amd/work/amd/Metagenome_QC_reads/12493_H3VCKBCXX-2_R1R2u.fastq.gz
[2022-08-05 11:05:05,698] multiqc                                            [INFO   ]  Search path : /datasets/work/oa-amd/work/amd/Metagenome_QC_reads/12493_H3VCKBCXX-2_R2p_fastqc.html
[2022-08-05 11:05:05,698] multiqc                                            [INFO   ]  Search path : /datasets/work/oa-amd/work/amd/Metagenome_QC_reads/12493_H3VCKBCXX-2_R2p_fastqc.zip
[2022-08-05 11:05:05,698] multiqc                                            [INFO   ]  Search path : /datasets/work/oa-amd/work/amd/Metagenome_QC_reads/12493_H3VCKBCXX-2_R2p.fastq.gz
[2022-08-05 11:05:05,698] multiqc                                            [INFO   ]  Search path : /datasets/work/oa-amd/work/amd/Metagenome_QC_reads/12493_QCreads.md5
[2022-08-05 11:05:07,032] multiqc                                            [DEBUG  ]  File ignored by ccs/v4 because it exceeded search pattern filesize limit: 12493_H3VCKBCXX-2_merged_fastqc.html
[2022-08-05 11:05:07,155] multiqc                                            [DEBUG  ]  File ignored by hicexplorer because it exceeded search pattern filesize limit: 12493_H3VCKBCXX-2_merged_fastqc.html
[2022-08-05 11:05:07,157] multiqc                                            [DEBUG  ]  File ignored by nanostat because it exceeded search pattern filesize limit: 12493_H3VCKBCXX-2_merged_fastqc.html
[2022-08-05 11:05:07,157] multiqc                                            [DEBUG  ]  File ignored by lima/summary because it exceeded search pattern filesize limit: 12493_H3VCKBCXX-2_merged_fastqc.html
[2022-08-05 11:05:07,193] multiqc                                            [DEBUG  ]  File ignored by vep/vep_txt because it exceeded search pattern filesize limit: 12493_H3VCKBCXX-2_merged_fastqc.html
[2022-08-05 11:05:07,193] multiqc                                            [DEBUG  ]  File ignored by longranger/invocation because it exceeded search pattern filesize limit: 12493_H3VCKBCXX-2_merged_fastqc.html
[2022-08-05 11:05:07,193] multiqc                                            [DEBUG  ]  File ignored by rockhopper because it exceeded search pattern filesize limit: 12493_H3VCKBCXX-2_merged_fastqc.html
[2022-08-05 11:05:07,193] multiqc                                            [DEBUG  ]  File ignored by rseqc/bam_stat because it exceeded search pattern filesize limit: 12493_H3VCKBCXX-2_merged_fastqc.html
[2022-08-05 11:05:07,193] multiqc                                            [DEBUG  ]  File ignored by rseqc/junction_annotation because it exceeded search pattern filesize limit: 12493_H3VCKBCXX-2_merged_fastqc.html
[2022-08-05 11:05:07,193] multiqc                                            [DEBUG  ]  File ignored by rseqc/read_distribution because it exceeded search pattern filesize limit: 12493_H3VCKBCXX-2_merged_fastqc.html
[2022-08-05 11:05:07,193] multiqc                                            [DEBUG  ]  File ignored by rseqc/infer_experiment because it exceeded search pattern filesize limit: 12493_H3VCKBCXX-2_merged_fastqc.html
[2022-08-05 11:05:07,304] multiqc                                            [DEBUG  ]  Ignoring file as matched an ignore pattern: 12493_H3VCKBCXX-2_merged.fastq.gz
[2022-08-05 11:05:07,336] multiqc                                            [DEBUG  ]  File ignored by ccs/v4 because it exceeded search pattern filesize limit: 12493_H3VCKBCXX-2_R1p_fastqc.html
[2022-08-05 11:05:07,341] multiqc                                            [DEBUG  ]  File ignored by hicexplorer because it exceeded search pattern filesize limit: 12493_H3VCKBCXX-2_R1p_fastqc.html
[2022-08-05 11:05:07,341] multiqc                                            [DEBUG  ]  File ignored by nanostat because it exceeded search pattern filesize limit: 12493_H3VCKBCXX-2_R1p_fastqc.html
[2022-08-05 11:05:07,341] multiqc                                            [DEBUG  ]  File ignored by lima/summary because it exceeded search pattern filesize limit: 12493_H3VCKBCXX-2_R1p_fastqc.html
[2022-08-05 11:05:07,363] multiqc                                            [DEBUG  ]  File ignored by vep/vep_txt because it exceeded search pattern filesize limit: 12493_H3VCKBCXX-2_R1p_fastqc.html
[2022-08-05 11:05:07,363] multiqc                                            [DEBUG  ]  File ignored by longranger/invocation because it exceeded search pattern filesize limit: 12493_H3VCKBCXX-2_R1p_fastqc.html
[2022-08-05 11:05:07,363] multiqc                                            [DEBUG  ]  File ignored by rockhopper because it exceeded search pattern filesize limit: 12493_H3VCKBCXX-2_R1p_fastqc.html
[2022-08-05 11:05:07,363] multiqc                                            [DEBUG  ]  File ignored by rseqc/bam_stat because it exceeded search pattern filesize limit: 12493_H3VCKBCXX-2_R1p_fastqc.html
[2022-08-05 11:05:07,363] multiqc                                            [DEBUG  ]  File ignored by rseqc/junction_annotation because it exceeded search pattern filesize limit: 12493_H3VCKBCXX-2_R1p_fastqc.html
[2022-08-05 11:05:07,363] multiqc                                            [DEBUG  ]  File ignored by rseqc/read_distribution because it exceeded search pattern filesize limit: 12493_H3VCKBCXX-2_R1p_fastqc.html
[2022-08-05 11:05:07,363] multiqc                                            [DEBUG  ]  File ignored by rseqc/infer_experiment because it exceeded search pattern filesize limit: 12493_H3VCKBCXX-2_R1p_fastqc.html
[2022-08-05 11:05:07,473] multiqc                                            [DEBUG  ]  Ignoring file as matched an ignore pattern: 12493_H3VCKBCXX-2_R1p.fastq.gz
[2022-08-05 11:05:07,520] multiqc                                            [DEBUG  ]  File ignored by ccs/v4 because it exceeded search pattern filesize limit: 12493_H3VCKBCXX-2_R1R2u_fastqc.html
[2022-08-05 11:05:07,612] multiqc                                            [DEBUG  ]  File ignored by hicexplorer because it exceeded search pattern filesize limit: 12493_H3VCKBCXX-2_R1R2u_fastqc.html
[2022-08-05 11:05:07,617] multiqc                                            [DEBUG  ]  File ignored by nanostat because it exceeded search pattern filesize limit: 12493_H3VCKBCXX-2_R1R2u_fastqc.html
[2022-08-05 11:05:07,617] multiqc                                            [DEBUG  ]  File ignored by lima/summary because it exceeded search pattern filesize limit: 12493_H3VCKBCXX-2_R1R2u_fastqc.html
[2022-08-05 11:05:07,651] multiqc                                            [DEBUG  ]  File ignored by vep/vep_txt because it exceeded search pattern filesize limit: 12493_H3VCKBCXX-2_R1R2u_fastqc.html
[2022-08-05 11:05:07,651] multiqc                                            [DEBUG  ]  File ignored by longranger/invocation because it exceeded search pattern filesize limit: 12493_H3VCKBCXX-2_R1R2u_fastqc.html
[2022-08-05 11:05:07,651] multiqc                                            [DEBUG  ]  File ignored by rockhopper because it exceeded search pattern filesize limit: 12493_H3VCKBCXX-2_R1R2u_fastqc.html
[2022-08-05 11:05:07,651] multiqc                                            [DEBUG  ]  File ignored by rseqc/bam_stat because it exceeded search pattern filesize limit: 12493_H3VCKBCXX-2_R1R2u_fastqc.html
[2022-08-05 11:05:07,651] multiqc                                            [DEBUG  ]  File ignored by rseqc/junction_annotation because it exceeded search pattern filesize limit: 12493_H3VCKBCXX-2_R1R2u_fastqc.html
[2022-08-05 11:05:07,651] multiqc                                            [DEBUG  ]  File ignored by rseqc/read_distribution because it exceeded search pattern filesize limit: 12493_H3VCKBCXX-2_R1R2u_fastqc.html
[2022-08-05 11:05:07,652] multiqc                                            [DEBUG  ]  File ignored by rseqc/infer_experiment because it exceeded search pattern filesize limit: 12493_H3VCKBCXX-2_R1R2u_fastqc.html
[2022-08-05 11:05:07,753] multiqc                                            [DEBUG  ]  Ignoring file as matched an ignore pattern: 12493_H3VCKBCXX-2_R1R2u.fastq.gz
[2022-08-05 11:05:07,802] multiqc                                            [DEBUG  ]  File ignored by ccs/v4 because it exceeded search pattern filesize limit: 12493_H3VCKBCXX-2_R2p_fastqc.html
[2022-08-05 11:05:07,919] multiqc                                            [DEBUG  ]  File ignored by hicexplorer because it exceeded search pattern filesize limit: 12493_H3VCKBCXX-2_R2p_fastqc.html
[2022-08-05 11:05:07,929] multiqc                                            [DEBUG  ]  File ignored by nanostat because it exceeded search pattern filesize limit: 12493_H3VCKBCXX-2_R2p_fastqc.html
[2022-08-05 11:05:07,929] multiqc                                            [DEBUG  ]  File ignored by lima/summary because it exceeded search pattern filesize limit: 12493_H3VCKBCXX-2_R2p_fastqc.html
[2022-08-05 11:05:07,954] multiqc                                            [DEBUG  ]  File ignored by vep/vep_txt because it exceeded search pattern filesize limit: 12493_H3VCKBCXX-2_R2p_fastqc.html
[2022-08-05 11:05:07,954] multiqc                                            [DEBUG  ]  File ignored by longranger/invocation because it exceeded search pattern filesize limit: 12493_H3VCKBCXX-2_R2p_fastqc.html
[2022-08-05 11:05:07,954] multiqc                                            [DEBUG  ]  File ignored by rockhopper because it exceeded search pattern filesize limit: 12493_H3VCKBCXX-2_R2p_fastqc.html
[2022-08-05 11:05:07,954] multiqc                                            [DEBUG  ]  File ignored by rseqc/bam_stat because it exceeded search pattern filesize limit: 12493_H3VCKBCXX-2_R2p_fastqc.html
[2022-08-05 11:05:07,954] multiqc                                            [DEBUG  ]  File ignored by rseqc/junction_annotation because it exceeded search pattern filesize limit: 12493_H3VCKBCXX-2_R2p_fastqc.html
[2022-08-05 11:05:07,954] multiqc                                            [DEBUG  ]  File ignored by rseqc/read_distribution because it exceeded search pattern filesize limit: 12493_H3VCKBCXX-2_R2p_fastqc.html
[2022-08-05 11:05:07,954] multiqc                                            [DEBUG  ]  File ignored by rseqc/infer_experiment because it exceeded search pattern filesize limit: 12493_H3VCKBCXX-2_R2p_fastqc.html
[2022-08-05 11:05:08,067] multiqc                                            [DEBUG  ]  Ignoring file as matched an ignore pattern: 12493_H3VCKBCXX-2_R2p.fastq.gz
[2022-08-05 11:05:08,067] multiqc                                            [DEBUG  ]  Ignoring file as matched an ignore pattern: 12493_QCreads.md5
[2022-08-05 11:05:08,799] multiqc.plots.bargraph                             [DEBUG  ]  Using matplotlib version 3.3.4
[2022-08-05 11:05:08,804] multiqc.plots.linegraph                            [DEBUG  ]  Using matplotlib version 3.3.4
[2022-08-05 11:05:08,807] multiqc                                            [DEBUG  ]  No samples found: custom_content
[2022-08-05 11:05:08,812] multiqc                                            [DEBUG  ]  No samples found: ccs
[2022-08-05 11:05:08,818] multiqc                                            [DEBUG  ]  No samples found: ngsderive
[2022-08-05 11:05:08,823] multiqc                                            [DEBUG  ]  No samples found: purple
[2022-08-05 11:05:08,828] multiqc                                            [DEBUG  ]  No samples found: conpair
[2022-08-05 11:05:08,833] multiqc                                            [DEBUG  ]  No samples found: lima
[2022-08-05 11:05:08,839] multiqc                                            [DEBUG  ]  No samples found: peddy
[2022-08-05 11:05:08,845] multiqc                                            [DEBUG  ]  No samples found: somalier
[2022-08-05 11:05:08,850] multiqc                                            [DEBUG  ]  No samples found: methylQA
[2022-08-05 11:05:08,861] multiqc.modules.mosdepth.mosdepth                  [DEBUG  ]  include_contigs: []
[2022-08-05 11:05:08,861] multiqc.modules.mosdepth.mosdepth                  [DEBUG  ]  exclude_contigs: []
[2022-08-05 11:05:08,861] multiqc                                            [DEBUG  ]  No samples found: mosdepth
[2022-08-05 11:05:08,866] multiqc                                            [DEBUG  ]  No samples found: phantompeakqualtools
[2022-08-05 11:05:08,869] multiqc                                            [DEBUG  ]  No samples found: qualimap
[2022-08-05 11:05:08,875] multiqc                                            [DEBUG  ]  No samples found: preseq
[2022-08-05 11:05:08,881] multiqc                                            [DEBUG  ]  No samples found: quast
[2022-08-05 11:05:08,886] multiqc                                            [DEBUG  ]  No samples found: qorts
[2022-08-05 11:05:08,892] multiqc                                            [DEBUG  ]  No samples found: rna_seqc
[2022-08-05 11:05:08,897] multiqc                                            [DEBUG  ]  No samples found: rockhopper
[2022-08-05 11:05:08,902] multiqc                                            [DEBUG  ]  No samples found: rsem
[2022-08-05 11:05:08,918] multiqc                                            [DEBUG  ]  No samples found: rseqc
[2022-08-05 11:05:08,923] multiqc                                            [DEBUG  ]  No samples found: busco
[2022-08-05 11:05:08,929] multiqc                                            [DEBUG  ]  No samples found: bustools
[2022-08-05 11:05:08,933] multiqc                                            [DEBUG  ]  No samples found: goleft_indexcov
[2022-08-05 11:05:08,939] multiqc                                            [DEBUG  ]  No samples found: gffcompare
[2022-08-05 11:05:08,943] multiqc                                            [DEBUG  ]  No samples found: disambiguate
[2022-08-05 11:05:08,949] multiqc                                            [DEBUG  ]  No samples found: supernova
[2022-08-05 11:05:08,966] multiqc                                            [DEBUG  ]  No samples found: deeptools
[2022-08-05 11:05:08,970] multiqc                                            [DEBUG  ]  No samples found: sargasso
[2022-08-05 11:05:08,976] multiqc                                            [DEBUG  ]  No samples found: verifybamid
[2022-08-05 11:05:08,982] multiqc                                            [DEBUG  ]  No samples found: mirtrace
[2022-08-05 11:05:08,987] multiqc                                            [DEBUG  ]  No samples found: happy
[2022-08-05 11:05:08,992] multiqc                                            [DEBUG  ]  No samples found: mirtop
[2022-08-05 11:05:09,229] multiqc                                            [DEBUG  ]  No samples found: sambamba
[2022-08-05 11:05:09,238] multiqc                                            [DEBUG  ]  No samples found: homer
[2022-08-05 11:05:09,243] multiqc                                            [DEBUG  ]  No samples found: hops
[2022-08-05 11:05:09,247] multiqc                                            [DEBUG  ]  No samples found: macs2
[2022-08-05 11:05:09,252] multiqc                                            [DEBUG  ]  No samples found: theta2
[2022-08-05 11:05:09,257] multiqc                                            [DEBUG  ]  No samples found: snpeff
[2022-08-05 11:05:09,496] multiqc                                            [DEBUG  ]  No samples found: gatk
[2022-08-05 11:05:09,500] multiqc                                            [DEBUG  ]  No samples found: htseq
[2022-08-05 11:05:09,506] multiqc                                            [DEBUG  ]  No samples found: bcftools
[2022-08-05 11:05:09,511] multiqc                                            [DEBUG  ]  No samples found: featureCounts
[2022-08-05 11:05:09,518] multiqc                                            [DEBUG  ]  No samples found: fgbio
[2022-08-05 11:05:09,765] multiqc                                            [DEBUG  ]  No samples found: dragen
[2022-08-05 11:05:09,770] multiqc                                            [DEBUG  ]  No samples found: dedup
[2022-08-05 11:05:09,775] multiqc                                            [DEBUG  ]  No samples found: damageprofiler
[2022-08-05 11:05:09,812] multiqc                                            [DEBUG  ]  No samples found: biobambam2
[2022-08-05 11:05:09,820] multiqc                                            [DEBUG  ]  No samples found: jcvi
[2022-08-05 11:05:09,824] multiqc                                            [DEBUG  ]  No samples found: mtnucratio
[2022-08-05 11:05:09,826] multiqc                                            [DEBUG  ]  No samples found: picard
[2022-08-05 11:05:09,832] multiqc                                            [DEBUG  ]  No samples found: vep
[2022-08-05 11:05:09,841] multiqc                                            [DEBUG  ]  No samples found: sentieon
[2022-08-05 11:05:09,846] multiqc                                            [DEBUG  ]  No samples found: prokka
[2022-08-05 11:05:09,854] multiqc                                            [DEBUG  ]  No samples found: qc3C
[2022-08-05 11:05:09,860] multiqc                                            [DEBUG  ]  No samples found: nanostat
[2022-08-05 11:05:09,865] multiqc                                            [DEBUG  ]  No samples found: samblaster
[2022-08-05 11:05:09,877] multiqc                                            [DEBUG  ]  No samples found: samtools
[2022-08-05 11:05:10,113] multiqc                                            [DEBUG  ]  No samples found: sexdeterrmine
[2022-08-05 11:05:10,118] multiqc                                            [DEBUG  ]  No samples found: eigenstratdatabasetools
[2022-08-05 11:05:10,124] multiqc                                            [DEBUG  ]  No samples found: bamtools
[2022-08-05 11:05:10,128] multiqc                                            [DEBUG  ]  No samples found: jellyfish
[2022-08-05 11:05:10,137] multiqc                                            [DEBUG  ]  No samples found: vcftools
[2022-08-05 11:05:10,143] multiqc                                            [DEBUG  ]  No samples found: longranger
[2022-08-05 11:05:10,148] multiqc                                            [DEBUG  ]  No samples found: stacks
[2022-08-05 11:05:10,153] multiqc                                            [DEBUG  ]  No samples found: varscan2
[2022-08-05 11:05:10,158] multiqc                                            [DEBUG  ]  No samples found: snippy
[2022-08-05 11:05:10,177] multiqc                                            [DEBUG  ]  No samples found: bbmap
[2022-08-05 11:05:10,184] multiqc                                            [DEBUG  ]  No samples found: bismark
[2022-08-05 11:05:10,192] multiqc                                            [DEBUG  ]  No samples found: biscuit
[2022-08-05 11:05:10,198] multiqc                                            [DEBUG  ]  No samples found: hicexplorer
[2022-08-05 11:05:10,203] multiqc                                            [DEBUG  ]  No samples found: hicup
[2022-08-05 11:05:10,209] multiqc                                            [DEBUG  ]  No samples found: hicpro
[2022-08-05 11:05:10,214] multiqc                                            [DEBUG  ]  No samples found: salmon
[2022-08-05 11:05:10,218] multiqc                                            [DEBUG  ]  No samples found: kallisto
[2022-08-05 11:05:10,225] multiqc                                            [DEBUG  ]  No samples found: slamdunk
[2022-08-05 11:05:10,231] multiqc                                            [DEBUG  ]  No samples found: star
[2022-08-05 11:05:10,236] multiqc                                            [DEBUG  ]  No samples found: hisat2
[2022-08-05 11:05:10,241] multiqc                                            [DEBUG  ]  No samples found: tophat
[2022-08-05 11:05:10,247] multiqc                                            [DEBUG  ]  No samples found: bowtie2
[2022-08-05 11:05:10,251] multiqc                                            [DEBUG  ]  No samples found: bowtie1
[2022-08-05 11:05:10,257] multiqc                                            [DEBUG  ]  No samples found: snpsplit
[2022-08-05 11:05:10,262] multiqc                                            [DEBUG  ]  No samples found: odgi
[2022-08-05 11:05:10,267] multiqc                                            [DEBUG  ]  No samples found: pangolin
[2022-08-05 11:05:10,272] multiqc                                            [DEBUG  ]  No samples found: kat
[2022-08-05 11:05:10,276] multiqc                                            [DEBUG  ]  No samples found: leehom
[2022-08-05 11:05:10,282] multiqc                                            [DEBUG  ]  No samples found: adapterRemoval
[2022-08-05 11:05:10,286] multiqc                                            [DEBUG  ]  No samples found: clipandmerge
[2022-08-05 11:05:10,292] multiqc                                            [DEBUG  ]  No samples found: cutadapt
[2022-08-05 11:05:10,296] multiqc                                            [DEBUG  ]  No samples found: flexbar
[2022-08-05 11:05:10,302] multiqc                                            [DEBUG  ]  No samples found: kaiju
[2022-08-05 11:05:10,308] multiqc                                            [DEBUG  ]  No samples found: kraken
[2022-08-05 11:05:10,312] multiqc                                            [DEBUG  ]  No samples found: malt
[2022-08-05 11:05:10,317] multiqc                                            [DEBUG  ]  No samples found: trimmomatic
[2022-08-05 11:05:10,551] multiqc                                            [DEBUG  ]  No samples found: sickle
[2022-08-05 11:05:10,556] multiqc                                            [DEBUG  ]  No samples found: skewer
[2022-08-05 11:05:10,561] multiqc                                            [DEBUG  ]  No samples found: sortmerna
[2022-08-05 11:05:10,566] multiqc                                            [DEBUG  ]  No samples found: biobloomtools
[2022-08-05 11:05:10,571] multiqc                                            [DEBUG  ]  No samples found: fastq_screen
[2022-08-05 11:05:10,576] multiqc                                            [DEBUG  ]  No samples found: afterqc
[2022-08-05 11:05:10,582] multiqc                                            [DEBUG  ]  No samples found: fastp
[2022-08-05 11:05:12,253] multiqc.modules.fastqc.fastqc                      [INFO   ]  Found 4 reports
[2022-08-05 11:05:12,334] multiqc                                            [DEBUG  ]  No samples found: pychopper
[2022-08-05 11:05:12,340] multiqc                                            [DEBUG  ]  No samples found: pycoqc
[2022-08-05 11:05:12,345] multiqc                                            [DEBUG  ]  No samples found: minionqc
[2022-08-05 11:05:12,580] multiqc                                            [DEBUG  ]  No samples found: multivcfanalyzer
[2022-08-05 11:05:12,586] multiqc                                            [DEBUG  ]  No samples found: clusterflow
[2022-08-05 11:05:12,592] multiqc                                            [DEBUG  ]  No samples found: bcl2fastq
[2022-08-05 11:05:12,599] multiqc                                            [DEBUG  ]  No samples found: bclconvert
[2022-08-05 11:05:12,606] multiqc                                            [DEBUG  ]  No samples found: interop
[2022-08-05 11:05:12,611] multiqc                                            [DEBUG  ]  No samples found: ivar
[2022-08-05 11:05:12,846] multiqc                                            [DEBUG  ]  No samples found: flash
[2022-08-05 11:05:12,851] multiqc                                            [DEBUG  ]  No samples found: seqyclean
[2022-08-05 11:05:12,856] multiqc                                            [DEBUG  ]  No samples found: optitype
[2022-08-05 11:05:12,860] multiqc                                            [INFO   ]  Compressing plot data
[2022-08-05 11:05:13,208] multiqc                                            [INFO   ]  Report      : 12493_MGSD_CSIRO.qc.stats/multiqc_report.html
[2022-08-05 11:05:13,208] multiqc                                            [INFO   ]  Data        : 12493_MGSD_CSIRO.qc.stats/multiqc_data
[2022-08-05 11:05:13,209] multiqc                                            [DEBUG  ]  Moving data file from '/tmp/smi9a9.8585260/tmpfjl24c4h/multiqc_data' to '12493_MGSD_CSIRO.qc.stats/multiqc_data'
[2022-08-05 11:05:13,626] multiqc                                            [INFO   ]  MultiQC complete
