[2022-08-05 11:04:04,976] multiqc                                            [DEBUG  ]  This is MultiQC v1.11
[2022-08-05 11:04:04,976] multiqc                                            [DEBUG  ]  No MultiQC config found: /apps/multiqc/1.11/lib/python3.9/site-packages/multiqc_config.yaml
[2022-08-05 11:04:04,976] multiqc                                            [DEBUG  ]  No MultiQC config found: /home/smi9a9/.multiqc_config.yaml
[2022-08-05 11:04:04,976] multiqc                                            [DEBUG  ]  No MultiQC config found: multiqc_config.yaml
[2022-08-05 11:04:04,976] multiqc                                            [DEBUG  ]  Command used: /apps/multiqc/1.11/bin/multiqc ./401646_HL7J5DSX3-1_merged_fastqc.html ./401646_HL7J5DSX3-1_merged_fastqc.zip ./401646_HL7J5DSX3-1_merged.fastq.gz ./401646_HL7J5DSX3-1_R1p_fastqc.html ./401646_HL7J5DSX3-1_R1p_fastqc.zip ./401646_HL7J5DSX3-1_R1p.fastq.gz ./401646_HL7J5DSX3-1_R1R2u_fastqc.html ./401646_HL7J5DSX3-1_R1R2u_fastqc.zip ./401646_HL7J5DSX3-1_R1R2u.fastq.gz ./401646_HL7J5DSX3-1_R2p_fastqc.html ./401646_HL7J5DSX3-1_R2p_fastqc.zip ./401646_HL7J5DSX3-1_R2p.fastq.gz ./401646_QCreads.md5 -o 401646_MGSD_CSIRO.qc.stats
[2022-08-05 11:04:04,979] multiqc                                            [DEBUG  ]  Could not connect to multiqc.info for version check: <urlopen error [Errno 111] Connection refused>
[2022-08-05 11:04:04,979] multiqc                                            [DEBUG  ]  Command     : /apps/multiqc/1.11/bin/multiqc ./401646_HL7J5DSX3-1_merged_fastqc.html ./401646_HL7J5DSX3-1_merged_fastqc.zip ./401646_HL7J5DSX3-1_merged.fastq.gz ./401646_HL7J5DSX3-1_R1p_fastqc.html ./401646_HL7J5DSX3-1_R1p_fastqc.zip ./401646_HL7J5DSX3-1_R1p.fastq.gz ./401646_HL7J5DSX3-1_R1R2u_fastqc.html ./401646_HL7J5DSX3-1_R1R2u_fastqc.zip ./401646_HL7J5DSX3-1_R1R2u.fastq.gz ./401646_HL7J5DSX3-1_R2p_fastqc.html ./401646_HL7J5DSX3-1_R2p_fastqc.zip ./401646_HL7J5DSX3-1_R2p.fastq.gz ./401646_QCreads.md5 -o 401646_MGSD_CSIRO.qc.stats
[2022-08-05 11:04:04,979] multiqc                                            [DEBUG  ]  Working dir : /datasets/work/oa-amd/work/amd/Metagenome_QC_reads
[2022-08-05 11:04:04,979] multiqc                                            [DEBUG  ]  Template    : default
[2022-08-05 11:04:04,979] multiqc                                            [DEBUG  ]  Running Python 3.9.4 (default, Apr 25 2021, 16:13:27)  [GCC 10.3.0]
[2022-08-05 11:04:04,979] multiqc                                            [DEBUG  ]  Analysing modules: custom_content, ccs, ngsderive, purple, conpair, lima, peddy, somalier, methylQA, mosdepth, phantompeakqualtools, qualimap, preseq, quast, qorts, rna_seqc, rockhopper, rsem, rseqc, busco, bustools, goleft_indexcov, gffcompare, disambiguate, supernova, deeptools, sargasso, verifybamid, mirtrace, happy, mirtop, sambamba, homer, hops, macs2, theta2, snpeff, gatk, htseq, bcftools, featureCounts, fgbio, dragen, dedup, damageprofiler, biobambam2, jcvi, mtnucratio, picard, vep, sentieon, prokka, qc3C, nanostat, samblaster, samtools, sexdeterrmine, eigenstratdatabasetools, bamtools, jellyfish, vcftools, longranger, stacks, varscan2, snippy, bbmap, bismark, biscuit, hicexplorer, hicup, hicpro, salmon, kallisto, slamdunk, star, hisat2, tophat, bowtie2, bowtie1, snpsplit, odgi, pangolin, kat, leehom, adapterRemoval, clipandmerge, cutadapt, flexbar, kaiju, kraken, malt, trimmomatic, sickle, skewer, sortmerna, biobloomtools, fastq_screen, afterqc, fastp, fastqc, pychopper, pycoqc, minionqc, multivcfanalyzer, clusterflow, bcl2fastq, bclconvert, interop, ivar, flash, seqyclean, optitype
[2022-08-05 11:04:04,979] multiqc                                            [DEBUG  ]  Using temporary directory for creating report: /tmp/smi9a9.8585464/tmprfojsgto
[2022-08-05 11:04:05,054] multiqc                                            [INFO   ]  Search path : /datasets/work/oa-amd/work/amd/Metagenome_QC_reads/401646_HL7J5DSX3-1_merged_fastqc.html
[2022-08-05 11:04:05,054] multiqc                                            [INFO   ]  Search path : /datasets/work/oa-amd/work/amd/Metagenome_QC_reads/401646_HL7J5DSX3-1_merged_fastqc.zip
[2022-08-05 11:04:05,054] multiqc                                            [INFO   ]  Search path : /datasets/work/oa-amd/work/amd/Metagenome_QC_reads/401646_HL7J5DSX3-1_merged.fastq.gz
[2022-08-05 11:04:05,054] multiqc                                            [INFO   ]  Search path : /datasets/work/oa-amd/work/amd/Metagenome_QC_reads/401646_HL7J5DSX3-1_R1p_fastqc.html
[2022-08-05 11:04:05,054] multiqc                                            [INFO   ]  Search path : /datasets/work/oa-amd/work/amd/Metagenome_QC_reads/401646_HL7J5DSX3-1_R1p_fastqc.zip
[2022-08-05 11:04:05,054] multiqc                                            [INFO   ]  Search path : /datasets/work/oa-amd/work/amd/Metagenome_QC_reads/401646_HL7J5DSX3-1_R1p.fastq.gz
[2022-08-05 11:04:05,054] multiqc                                            [INFO   ]  Search path : /datasets/work/oa-amd/work/amd/Metagenome_QC_reads/401646_HL7J5DSX3-1_R1R2u_fastqc.html
[2022-08-05 11:04:05,054] multiqc                                            [INFO   ]  Search path : /datasets/work/oa-amd/work/amd/Metagenome_QC_reads/401646_HL7J5DSX3-1_R1R2u_fastqc.zip
[2022-08-05 11:04:05,054] multiqc                                            [INFO   ]  Search path : /datasets/work/oa-amd/work/amd/Metagenome_QC_reads/401646_HL7J5DSX3-1_R1R2u.fastq.gz
[2022-08-05 11:04:05,054] multiqc                                            [INFO   ]  Search path : /datasets/work/oa-amd/work/amd/Metagenome_QC_reads/401646_HL7J5DSX3-1_R2p_fastqc.html
[2022-08-05 11:04:05,054] multiqc                                            [INFO   ]  Search path : /datasets/work/oa-amd/work/amd/Metagenome_QC_reads/401646_HL7J5DSX3-1_R2p_fastqc.zip
[2022-08-05 11:04:05,054] multiqc                                            [INFO   ]  Search path : /datasets/work/oa-amd/work/amd/Metagenome_QC_reads/401646_HL7J5DSX3-1_R2p.fastq.gz
[2022-08-05 11:04:05,054] multiqc                                            [INFO   ]  Search path : /datasets/work/oa-amd/work/amd/Metagenome_QC_reads/401646_QCreads.md5
[2022-08-05 11:04:05,165] multiqc                                            [DEBUG  ]  File ignored by ccs/v4 because it exceeded search pattern filesize limit: 401646_HL7J5DSX3-1_merged_fastqc.html
[2022-08-05 11:04:05,179] multiqc                                            [DEBUG  ]  File ignored by hicexplorer because it exceeded search pattern filesize limit: 401646_HL7J5DSX3-1_merged_fastqc.html
[2022-08-05 11:04:05,180] multiqc                                            [DEBUG  ]  File ignored by nanostat because it exceeded search pattern filesize limit: 401646_HL7J5DSX3-1_merged_fastqc.html
[2022-08-05 11:04:05,180] multiqc                                            [DEBUG  ]  File ignored by lima/summary because it exceeded search pattern filesize limit: 401646_HL7J5DSX3-1_merged_fastqc.html
[2022-08-05 11:04:05,203] multiqc                                            [DEBUG  ]  File ignored by vep/vep_txt because it exceeded search pattern filesize limit: 401646_HL7J5DSX3-1_merged_fastqc.html
[2022-08-05 11:04:05,203] multiqc                                            [DEBUG  ]  File ignored by longranger/invocation because it exceeded search pattern filesize limit: 401646_HL7J5DSX3-1_merged_fastqc.html
[2022-08-05 11:04:05,203] multiqc                                            [DEBUG  ]  File ignored by rockhopper because it exceeded search pattern filesize limit: 401646_HL7J5DSX3-1_merged_fastqc.html
[2022-08-05 11:04:05,203] multiqc                                            [DEBUG  ]  File ignored by rseqc/bam_stat because it exceeded search pattern filesize limit: 401646_HL7J5DSX3-1_merged_fastqc.html
[2022-08-05 11:04:05,203] multiqc                                            [DEBUG  ]  File ignored by rseqc/junction_annotation because it exceeded search pattern filesize limit: 401646_HL7J5DSX3-1_merged_fastqc.html
[2022-08-05 11:04:05,203] multiqc                                            [DEBUG  ]  File ignored by rseqc/read_distribution because it exceeded search pattern filesize limit: 401646_HL7J5DSX3-1_merged_fastqc.html
[2022-08-05 11:04:05,203] multiqc                                            [DEBUG  ]  File ignored by rseqc/infer_experiment because it exceeded search pattern filesize limit: 401646_HL7J5DSX3-1_merged_fastqc.html
[2022-08-05 11:04:05,302] multiqc                                            [DEBUG  ]  Ignoring file as matched an ignore pattern: 401646_HL7J5DSX3-1_merged.fastq.gz
[2022-08-05 11:04:05,387] multiqc                                            [DEBUG  ]  File ignored by ccs/v4 because it exceeded search pattern filesize limit: 401646_HL7J5DSX3-1_R1p_fastqc.html
[2022-08-05 11:04:05,395] multiqc                                            [DEBUG  ]  File ignored by hicexplorer because it exceeded search pattern filesize limit: 401646_HL7J5DSX3-1_R1p_fastqc.html
[2022-08-05 11:04:05,396] multiqc                                            [DEBUG  ]  File ignored by nanostat because it exceeded search pattern filesize limit: 401646_HL7J5DSX3-1_R1p_fastqc.html
[2022-08-05 11:04:05,396] multiqc                                            [DEBUG  ]  File ignored by lima/summary because it exceeded search pattern filesize limit: 401646_HL7J5DSX3-1_R1p_fastqc.html
[2022-08-05 11:04:05,412] multiqc                                            [DEBUG  ]  File ignored by vep/vep_txt because it exceeded search pattern filesize limit: 401646_HL7J5DSX3-1_R1p_fastqc.html
[2022-08-05 11:04:05,412] multiqc                                            [DEBUG  ]  File ignored by longranger/invocation because it exceeded search pattern filesize limit: 401646_HL7J5DSX3-1_R1p_fastqc.html
[2022-08-05 11:04:05,412] multiqc                                            [DEBUG  ]  File ignored by rockhopper because it exceeded search pattern filesize limit: 401646_HL7J5DSX3-1_R1p_fastqc.html
[2022-08-05 11:04:05,412] multiqc                                            [DEBUG  ]  File ignored by rseqc/bam_stat because it exceeded search pattern filesize limit: 401646_HL7J5DSX3-1_R1p_fastqc.html
[2022-08-05 11:04:05,412] multiqc                                            [DEBUG  ]  File ignored by rseqc/junction_annotation because it exceeded search pattern filesize limit: 401646_HL7J5DSX3-1_R1p_fastqc.html
[2022-08-05 11:04:05,412] multiqc                                            [DEBUG  ]  File ignored by rseqc/read_distribution because it exceeded search pattern filesize limit: 401646_HL7J5DSX3-1_R1p_fastqc.html
[2022-08-05 11:04:05,412] multiqc                                            [DEBUG  ]  File ignored by rseqc/infer_experiment because it exceeded search pattern filesize limit: 401646_HL7J5DSX3-1_R1p_fastqc.html
[2022-08-05 11:04:05,502] multiqc                                            [DEBUG  ]  Ignoring file as matched an ignore pattern: 401646_HL7J5DSX3-1_R1p.fastq.gz
[2022-08-05 11:04:05,561] multiqc                                            [DEBUG  ]  File ignored by ccs/v4 because it exceeded search pattern filesize limit: 401646_HL7J5DSX3-1_R1R2u_fastqc.html
[2022-08-05 11:04:05,609] multiqc                                            [DEBUG  ]  File ignored by hicexplorer because it exceeded search pattern filesize limit: 401646_HL7J5DSX3-1_R1R2u_fastqc.html
[2022-08-05 11:04:05,609] multiqc                                            [DEBUG  ]  File ignored by nanostat because it exceeded search pattern filesize limit: 401646_HL7J5DSX3-1_R1R2u_fastqc.html
[2022-08-05 11:04:05,609] multiqc                                            [DEBUG  ]  File ignored by lima/summary because it exceeded search pattern filesize limit: 401646_HL7J5DSX3-1_R1R2u_fastqc.html
[2022-08-05 11:04:06,037] multiqc                                            [DEBUG  ]  File ignored by vep/vep_txt because it exceeded search pattern filesize limit: 401646_HL7J5DSX3-1_R1R2u_fastqc.html
[2022-08-05 11:04:06,037] multiqc                                            [DEBUG  ]  File ignored by longranger/invocation because it exceeded search pattern filesize limit: 401646_HL7J5DSX3-1_R1R2u_fastqc.html
[2022-08-05 11:04:06,038] multiqc                                            [DEBUG  ]  File ignored by rockhopper because it exceeded search pattern filesize limit: 401646_HL7J5DSX3-1_R1R2u_fastqc.html
[2022-08-05 11:04:06,038] multiqc                                            [DEBUG  ]  File ignored by rseqc/bam_stat because it exceeded search pattern filesize limit: 401646_HL7J5DSX3-1_R1R2u_fastqc.html
[2022-08-05 11:04:06,038] multiqc                                            [DEBUG  ]  File ignored by rseqc/junction_annotation because it exceeded search pattern filesize limit: 401646_HL7J5DSX3-1_R1R2u_fastqc.html
[2022-08-05 11:04:06,038] multiqc                                            [DEBUG  ]  File ignored by rseqc/read_distribution because it exceeded search pattern filesize limit: 401646_HL7J5DSX3-1_R1R2u_fastqc.html
[2022-08-05 11:04:06,038] multiqc                                            [DEBUG  ]  File ignored by rseqc/infer_experiment because it exceeded search pattern filesize limit: 401646_HL7J5DSX3-1_R1R2u_fastqc.html
[2022-08-05 11:04:06,114] multiqc                                            [DEBUG  ]  Ignoring file as matched an ignore pattern: 401646_HL7J5DSX3-1_R1R2u.fastq.gz
[2022-08-05 11:04:06,223] multiqc                                            [DEBUG  ]  File ignored by ccs/v4 because it exceeded search pattern filesize limit: 401646_HL7J5DSX3-1_R2p_fastqc.html
[2022-08-05 11:04:06,233] multiqc                                            [DEBUG  ]  File ignored by hicexplorer because it exceeded search pattern filesize limit: 401646_HL7J5DSX3-1_R2p_fastqc.html
[2022-08-05 11:04:06,234] multiqc                                            [DEBUG  ]  File ignored by nanostat because it exceeded search pattern filesize limit: 401646_HL7J5DSX3-1_R2p_fastqc.html
[2022-08-05 11:04:06,234] multiqc                                            [DEBUG  ]  File ignored by lima/summary because it exceeded search pattern filesize limit: 401646_HL7J5DSX3-1_R2p_fastqc.html
[2022-08-05 11:04:06,312] multiqc                                            [DEBUG  ]  File ignored by vep/vep_txt because it exceeded search pattern filesize limit: 401646_HL7J5DSX3-1_R2p_fastqc.html
[2022-08-05 11:04:06,312] multiqc                                            [DEBUG  ]  File ignored by longranger/invocation because it exceeded search pattern filesize limit: 401646_HL7J5DSX3-1_R2p_fastqc.html
[2022-08-05 11:04:06,312] multiqc                                            [DEBUG  ]  File ignored by rockhopper because it exceeded search pattern filesize limit: 401646_HL7J5DSX3-1_R2p_fastqc.html
[2022-08-05 11:04:06,312] multiqc                                            [DEBUG  ]  File ignored by rseqc/bam_stat because it exceeded search pattern filesize limit: 401646_HL7J5DSX3-1_R2p_fastqc.html
[2022-08-05 11:04:06,312] multiqc                                            [DEBUG  ]  File ignored by rseqc/junction_annotation because it exceeded search pattern filesize limit: 401646_HL7J5DSX3-1_R2p_fastqc.html
[2022-08-05 11:04:06,312] multiqc                                            [DEBUG  ]  File ignored by rseqc/read_distribution because it exceeded search pattern filesize limit: 401646_HL7J5DSX3-1_R2p_fastqc.html
[2022-08-05 11:04:06,312] multiqc                                            [DEBUG  ]  File ignored by rseqc/infer_experiment because it exceeded search pattern filesize limit: 401646_HL7J5DSX3-1_R2p_fastqc.html
[2022-08-05 11:04:06,397] multiqc                                            [DEBUG  ]  Ignoring file as matched an ignore pattern: 401646_HL7J5DSX3-1_R2p.fastq.gz
[2022-08-05 11:04:06,397] multiqc                                            [DEBUG  ]  Ignoring file as matched an ignore pattern: 401646_QCreads.md5
[2022-08-05 11:04:09,966] multiqc.plots.bargraph                             [DEBUG  ]  Using matplotlib version 3.3.4
[2022-08-05 11:04:09,972] multiqc.plots.linegraph                            [DEBUG  ]  Using matplotlib version 3.3.4
[2022-08-05 11:04:09,976] multiqc                                            [DEBUG  ]  No samples found: custom_content
[2022-08-05 11:04:09,983] multiqc                                            [DEBUG  ]  No samples found: ccs
[2022-08-05 11:04:09,991] multiqc                                            [DEBUG  ]  No samples found: ngsderive
[2022-08-05 11:04:09,997] multiqc                                            [DEBUG  ]  No samples found: purple
[2022-08-05 11:04:10,004] multiqc                                            [DEBUG  ]  No samples found: conpair
[2022-08-05 11:04:10,285] multiqc                                            [DEBUG  ]  No samples found: lima
[2022-08-05 11:04:10,293] multiqc                                            [DEBUG  ]  No samples found: peddy
[2022-08-05 11:04:10,302] multiqc                                            [DEBUG  ]  No samples found: somalier
[2022-08-05 11:04:10,309] multiqc                                            [DEBUG  ]  No samples found: methylQA
[2022-08-05 11:04:10,325] multiqc.modules.mosdepth.mosdepth                  [DEBUG  ]  include_contigs: []
[2022-08-05 11:04:10,325] multiqc.modules.mosdepth.mosdepth                  [DEBUG  ]  exclude_contigs: []
[2022-08-05 11:04:10,325] multiqc                                            [DEBUG  ]  No samples found: mosdepth
[2022-08-05 11:04:10,332] multiqc                                            [DEBUG  ]  No samples found: phantompeakqualtools
[2022-08-05 11:04:10,336] multiqc                                            [DEBUG  ]  No samples found: qualimap
[2022-08-05 11:04:10,344] multiqc                                            [DEBUG  ]  No samples found: preseq
[2022-08-05 11:04:10,582] multiqc                                            [DEBUG  ]  No samples found: quast
[2022-08-05 11:04:10,590] multiqc                                            [DEBUG  ]  No samples found: qorts
[2022-08-05 11:04:10,598] multiqc                                            [DEBUG  ]  No samples found: rna_seqc
[2022-08-05 11:04:10,881] multiqc                                            [DEBUG  ]  No samples found: rockhopper
[2022-08-05 11:04:10,888] multiqc                                            [DEBUG  ]  No samples found: rsem
[2022-08-05 11:04:10,915] multiqc                                            [DEBUG  ]  No samples found: rseqc
[2022-08-05 11:04:10,922] multiqc                                            [DEBUG  ]  No samples found: busco
[2022-08-05 11:04:10,929] multiqc                                            [DEBUG  ]  No samples found: bustools
[2022-08-05 11:04:10,937] multiqc                                            [DEBUG  ]  No samples found: goleft_indexcov
[2022-08-05 11:04:10,944] multiqc                                            [DEBUG  ]  No samples found: gffcompare
[2022-08-05 11:04:10,951] multiqc                                            [DEBUG  ]  No samples found: disambiguate
[2022-08-05 11:04:10,959] multiqc                                            [DEBUG  ]  No samples found: supernova
[2022-08-05 11:04:11,681] multiqc                                            [DEBUG  ]  No samples found: deeptools
[2022-08-05 11:04:11,919] multiqc                                            [DEBUG  ]  No samples found: sargasso
[2022-08-05 11:04:11,927] multiqc                                            [DEBUG  ]  No samples found: verifybamid
[2022-08-05 11:04:11,935] multiqc                                            [DEBUG  ]  No samples found: mirtrace
[2022-08-05 11:04:12,402] multiqc                                            [DEBUG  ]  No samples found: happy
[2022-08-05 11:04:12,409] multiqc                                            [DEBUG  ]  No samples found: mirtop
[2022-08-05 11:04:12,654] multiqc                                            [DEBUG  ]  No samples found: sambamba
[2022-08-05 11:04:12,679] multiqc                                            [DEBUG  ]  No samples found: homer
[2022-08-05 11:04:12,914] multiqc                                            [DEBUG  ]  No samples found: hops
[2022-08-05 11:04:12,918] multiqc                                            [DEBUG  ]  No samples found: macs2
[2022-08-05 11:04:12,923] multiqc                                            [DEBUG  ]  No samples found: theta2
[2022-08-05 11:04:13,388] multiqc                                            [DEBUG  ]  No samples found: snpeff
[2022-08-05 11:04:13,395] multiqc                                            [DEBUG  ]  No samples found: gatk
[2022-08-05 11:04:13,399] multiqc                                            [DEBUG  ]  No samples found: htseq
[2022-08-05 11:04:13,405] multiqc                                            [DEBUG  ]  No samples found: bcftools
[2022-08-05 11:04:13,409] multiqc                                            [DEBUG  ]  No samples found: featureCounts
[2022-08-05 11:04:13,646] multiqc                                            [DEBUG  ]  No samples found: fgbio
[2022-08-05 11:04:13,665] multiqc                                            [DEBUG  ]  No samples found: dragen
[2022-08-05 11:04:13,670] multiqc                                            [DEBUG  ]  No samples found: dedup
[2022-08-05 11:04:13,675] multiqc                                            [DEBUG  ]  No samples found: damageprofiler
[2022-08-05 11:04:13,714] multiqc                                            [DEBUG  ]  No samples found: biobambam2
[2022-08-05 11:04:13,720] multiqc                                            [DEBUG  ]  No samples found: jcvi
[2022-08-05 11:04:13,724] multiqc                                            [DEBUG  ]  No samples found: mtnucratio
[2022-08-05 11:04:13,726] multiqc                                            [DEBUG  ]  No samples found: picard
[2022-08-05 11:04:13,732] multiqc                                            [DEBUG  ]  No samples found: vep
[2022-08-05 11:04:13,740] multiqc                                            [DEBUG  ]  No samples found: sentieon
[2022-08-05 11:04:13,974] multiqc                                            [DEBUG  ]  No samples found: prokka
[2022-08-05 11:04:13,982] multiqc                                            [DEBUG  ]  No samples found: qc3C
[2022-08-05 11:04:13,986] multiqc                                            [DEBUG  ]  No samples found: nanostat
[2022-08-05 11:04:13,990] multiqc                                            [DEBUG  ]  No samples found: samblaster
[2022-08-05 11:04:14,000] multiqc                                            [DEBUG  ]  No samples found: samtools
[2022-08-05 11:04:14,004] multiqc                                            [DEBUG  ]  No samples found: sexdeterrmine
[2022-08-05 11:04:14,008] multiqc                                            [DEBUG  ]  No samples found: eigenstratdatabasetools
[2022-08-05 11:04:14,012] multiqc                                            [DEBUG  ]  No samples found: bamtools
[2022-08-05 11:04:14,016] multiqc                                            [DEBUG  ]  No samples found: jellyfish
[2022-08-05 11:04:14,024] multiqc                                            [DEBUG  ]  No samples found: vcftools
[2022-08-05 11:04:14,029] multiqc                                            [DEBUG  ]  No samples found: longranger
[2022-08-05 11:04:14,034] multiqc                                            [DEBUG  ]  No samples found: stacks
[2022-08-05 11:04:14,038] multiqc                                            [DEBUG  ]  No samples found: varscan2
[2022-08-05 11:04:14,045] multiqc                                            [DEBUG  ]  No samples found: snippy
[2022-08-05 11:04:14,533] multiqc                                            [DEBUG  ]  No samples found: bbmap
[2022-08-05 11:04:14,542] multiqc                                            [DEBUG  ]  No samples found: bismark
[2022-08-05 11:04:14,554] multiqc                                            [DEBUG  ]  No samples found: biscuit
[2022-08-05 11:04:14,562] multiqc                                            [DEBUG  ]  No samples found: hicexplorer
[2022-08-05 11:04:14,569] multiqc                                            [DEBUG  ]  No samples found: hicup
[2022-08-05 11:04:14,578] multiqc                                            [DEBUG  ]  No samples found: hicpro
[2022-08-05 11:04:14,585] multiqc                                            [DEBUG  ]  No samples found: salmon
[2022-08-05 11:04:14,592] multiqc                                            [DEBUG  ]  No samples found: kallisto
[2022-08-05 11:04:14,601] multiqc                                            [DEBUG  ]  No samples found: slamdunk
[2022-08-05 11:04:14,610] multiqc                                            [DEBUG  ]  No samples found: star
[2022-08-05 11:04:14,617] multiqc                                            [DEBUG  ]  No samples found: hisat2
[2022-08-05 11:04:14,624] multiqc                                            [DEBUG  ]  No samples found: tophat
[2022-08-05 11:04:14,632] multiqc                                            [DEBUG  ]  No samples found: bowtie2
[2022-08-05 11:04:14,639] multiqc                                            [DEBUG  ]  No samples found: bowtie1
[2022-08-05 11:04:14,646] multiqc                                            [DEBUG  ]  No samples found: snpsplit
[2022-08-05 11:04:14,654] multiqc                                            [DEBUG  ]  No samples found: odgi
[2022-08-05 11:04:14,661] multiqc                                            [DEBUG  ]  No samples found: pangolin
[2022-08-05 11:04:14,668] multiqc                                            [DEBUG  ]  No samples found: kat
[2022-08-05 11:04:14,972] multiqc                                            [DEBUG  ]  No samples found: leehom
[2022-08-05 11:04:14,981] multiqc                                            [DEBUG  ]  No samples found: adapterRemoval
[2022-08-05 11:04:14,988] multiqc                                            [DEBUG  ]  No samples found: clipandmerge
[2022-08-05 11:04:14,997] multiqc                                            [DEBUG  ]  No samples found: cutadapt
[2022-08-05 11:04:15,005] multiqc                                            [DEBUG  ]  No samples found: flexbar
[2022-08-05 11:04:15,013] multiqc                                            [DEBUG  ]  No samples found: kaiju
[2022-08-05 11:04:15,021] multiqc                                            [DEBUG  ]  No samples found: kraken
[2022-08-05 11:04:15,028] multiqc                                            [DEBUG  ]  No samples found: malt
[2022-08-05 11:04:15,035] multiqc                                            [DEBUG  ]  No samples found: trimmomatic
[2022-08-05 11:04:15,042] multiqc                                            [DEBUG  ]  No samples found: sickle
[2022-08-05 11:04:15,279] multiqc                                            [DEBUG  ]  No samples found: skewer
[2022-08-05 11:04:15,287] multiqc                                            [DEBUG  ]  No samples found: sortmerna
[2022-08-05 11:04:15,294] multiqc                                            [DEBUG  ]  No samples found: biobloomtools
[2022-08-05 11:04:15,532] multiqc                                            [DEBUG  ]  No samples found: fastq_screen
[2022-08-05 11:04:15,540] multiqc                                            [DEBUG  ]  No samples found: afterqc
[2022-08-05 11:04:15,548] multiqc                                            [DEBUG  ]  No samples found: fastp
[2022-08-05 11:04:16,334] multiqc.modules.fastqc.fastqc                      [INFO   ]  Found 4 reports
[2022-08-05 11:04:16,381] multiqc                                            [DEBUG  ]  No samples found: pychopper
[2022-08-05 11:04:16,386] multiqc                                            [DEBUG  ]  No samples found: pycoqc
[2022-08-05 11:04:16,390] multiqc                                            [DEBUG  ]  No samples found: minionqc
[2022-08-05 11:04:16,396] multiqc                                            [DEBUG  ]  No samples found: multivcfanalyzer
[2022-08-05 11:04:16,401] multiqc                                            [DEBUG  ]  No samples found: clusterflow
[2022-08-05 11:04:16,407] multiqc                                            [DEBUG  ]  No samples found: bcl2fastq
[2022-08-05 11:04:16,414] multiqc                                            [DEBUG  ]  No samples found: bclconvert
[2022-08-05 11:04:16,419] multiqc                                            [DEBUG  ]  No samples found: interop
[2022-08-05 11:04:16,423] multiqc                                            [DEBUG  ]  No samples found: ivar
[2022-08-05 11:04:16,428] multiqc                                            [DEBUG  ]  No samples found: flash
[2022-08-05 11:04:16,432] multiqc                                            [DEBUG  ]  No samples found: seqyclean
[2022-08-05 11:04:16,436] multiqc                                            [DEBUG  ]  No samples found: optitype
[2022-08-05 11:04:16,440] multiqc                                            [INFO   ]  Compressing plot data
[2022-08-05 11:04:17,013] multiqc                                            [INFO   ]  Report      : 401646_MGSD_CSIRO.qc.stats/multiqc_report.html
[2022-08-05 11:04:17,013] multiqc                                            [INFO   ]  Data        : 401646_MGSD_CSIRO.qc.stats/multiqc_data
[2022-08-05 11:04:17,013] multiqc                                            [DEBUG  ]  Moving data file from '/tmp/smi9a9.8585464/tmprfojsgto/multiqc_data' to '401646_MGSD_CSIRO.qc.stats/multiqc_data'
[2022-08-05 11:04:17,838] multiqc                                            [INFO   ]  MultiQC complete
