[2022-08-05 11:10:32,124] multiqc                                            [DEBUG  ]  This is MultiQC v1.11
[2022-08-05 11:10:32,124] multiqc                                            [DEBUG  ]  No MultiQC config found: /apps/multiqc/1.11/lib/python3.9/site-packages/multiqc_config.yaml
[2022-08-05 11:10:32,124] multiqc                                            [DEBUG  ]  No MultiQC config found: /home/smi9a9/.multiqc_config.yaml
[2022-08-05 11:10:32,125] multiqc                                            [DEBUG  ]  No MultiQC config found: multiqc_config.yaml
[2022-08-05 11:10:32,125] multiqc                                            [DEBUG  ]  Command used: /apps/multiqc/1.11/bin/multiqc ./19463_combined_merged_fastqc.html ./19463_combined_merged_fastqc.zip ./19463_combined_merged.fastq.gz ./19463_combined_R1p_fastqc.html ./19463_combined_R1p_fastqc.zip ./19463_combined_R1p.fastq.gz ./19463_combined_R1R2u_fastqc.html ./19463_combined_R1R2u_fastqc.zip ./19463_combined_R1R2u.fastq.gz ./19463_combined_R2p_fastqc.html ./19463_combined_R2p_fastqc.zip ./19463_combined_R2p.fastq.gz ./19463_QCreads.md5 -o 19463_MGSD_CSIRO.qc.stats
[2022-08-05 11:10:32,127] multiqc                                            [DEBUG  ]  Could not connect to multiqc.info for version check: <urlopen error [Errno 111] Connection refused>
[2022-08-05 11:10:32,127] multiqc                                            [DEBUG  ]  Command     : /apps/multiqc/1.11/bin/multiqc ./19463_combined_merged_fastqc.html ./19463_combined_merged_fastqc.zip ./19463_combined_merged.fastq.gz ./19463_combined_R1p_fastqc.html ./19463_combined_R1p_fastqc.zip ./19463_combined_R1p.fastq.gz ./19463_combined_R1R2u_fastqc.html ./19463_combined_R1R2u_fastqc.zip ./19463_combined_R1R2u.fastq.gz ./19463_combined_R2p_fastqc.html ./19463_combined_R2p_fastqc.zip ./19463_combined_R2p.fastq.gz ./19463_QCreads.md5 -o 19463_MGSD_CSIRO.qc.stats
[2022-08-05 11:10:32,127] multiqc                                            [DEBUG  ]  Working dir : /datasets/work/oa-amd/work/amd/Metagenome_QC_reads
[2022-08-05 11:10:32,127] multiqc                                            [DEBUG  ]  Template    : default
[2022-08-05 11:10:32,127] multiqc                                            [DEBUG  ]  Running Python 3.9.4 (default, Apr 25 2021, 16:13:27)  [GCC 10.3.0]
[2022-08-05 11:10:32,128] multiqc                                            [DEBUG  ]  Analysing modules: custom_content, ccs, ngsderive, purple, conpair, lima, peddy, somalier, methylQA, mosdepth, phantompeakqualtools, qualimap, preseq, quast, qorts, rna_seqc, rockhopper, rsem, rseqc, busco, bustools, goleft_indexcov, gffcompare, disambiguate, supernova, deeptools, sargasso, verifybamid, mirtrace, happy, mirtop, sambamba, homer, hops, macs2, theta2, snpeff, gatk, htseq, bcftools, featureCounts, fgbio, dragen, dedup, damageprofiler, biobambam2, jcvi, mtnucratio, picard, vep, sentieon, prokka, qc3C, nanostat, samblaster, samtools, sexdeterrmine, eigenstratdatabasetools, bamtools, jellyfish, vcftools, longranger, stacks, varscan2, snippy, bbmap, bismark, biscuit, hicexplorer, hicup, hicpro, salmon, kallisto, slamdunk, star, hisat2, tophat, bowtie2, bowtie1, snpsplit, odgi, pangolin, kat, leehom, adapterRemoval, clipandmerge, cutadapt, flexbar, kaiju, kraken, malt, trimmomatic, sickle, skewer, sortmerna, biobloomtools, fastq_screen, afterqc, fastp, fastqc, pychopper, pycoqc, minionqc, multivcfanalyzer, clusterflow, bcl2fastq, bclconvert, interop, ivar, flash, seqyclean, optitype
[2022-08-05 11:10:32,128] multiqc                                            [DEBUG  ]  Using temporary directory for creating report: /tmp/smi9a9.8585822/tmpub5epdpz
[2022-08-05 11:10:32,189] multiqc                                            [INFO   ]  Search path : /datasets/work/oa-amd/work/amd/Metagenome_QC_reads/19463_combined_merged_fastqc.html
[2022-08-05 11:10:32,189] multiqc                                            [INFO   ]  Search path : /datasets/work/oa-amd/work/amd/Metagenome_QC_reads/19463_combined_merged_fastqc.zip
[2022-08-05 11:10:32,189] multiqc                                            [INFO   ]  Search path : /datasets/work/oa-amd/work/amd/Metagenome_QC_reads/19463_combined_merged.fastq.gz
[2022-08-05 11:10:32,189] multiqc                                            [INFO   ]  Search path : /datasets/work/oa-amd/work/amd/Metagenome_QC_reads/19463_combined_R1p_fastqc.html
[2022-08-05 11:10:32,189] multiqc                                            [INFO   ]  Search path : /datasets/work/oa-amd/work/amd/Metagenome_QC_reads/19463_combined_R1p_fastqc.zip
[2022-08-05 11:10:32,189] multiqc                                            [INFO   ]  Search path : /datasets/work/oa-amd/work/amd/Metagenome_QC_reads/19463_combined_R1p.fastq.gz
[2022-08-05 11:10:32,189] multiqc                                            [INFO   ]  Search path : /datasets/work/oa-amd/work/amd/Metagenome_QC_reads/19463_combined_R1R2u_fastqc.html
[2022-08-05 11:10:32,189] multiqc                                            [INFO   ]  Search path : /datasets/work/oa-amd/work/amd/Metagenome_QC_reads/19463_combined_R1R2u_fastqc.zip
[2022-08-05 11:10:32,189] multiqc                                            [INFO   ]  Search path : /datasets/work/oa-amd/work/amd/Metagenome_QC_reads/19463_combined_R1R2u.fastq.gz
[2022-08-05 11:10:32,189] multiqc                                            [INFO   ]  Search path : /datasets/work/oa-amd/work/amd/Metagenome_QC_reads/19463_combined_R2p_fastqc.html
[2022-08-05 11:10:32,189] multiqc                                            [INFO   ]  Search path : /datasets/work/oa-amd/work/amd/Metagenome_QC_reads/19463_combined_R2p_fastqc.zip
[2022-08-05 11:10:32,189] multiqc                                            [INFO   ]  Search path : /datasets/work/oa-amd/work/amd/Metagenome_QC_reads/19463_combined_R2p.fastq.gz
[2022-08-05 11:10:32,189] multiqc                                            [INFO   ]  Search path : /datasets/work/oa-amd/work/amd/Metagenome_QC_reads/19463_QCreads.md5
[2022-08-05 11:10:33,045] multiqc                                            [DEBUG  ]  File ignored by ccs/v4 because it exceeded search pattern filesize limit: 19463_combined_merged_fastqc.html
[2022-08-05 11:10:33,066] multiqc                                            [DEBUG  ]  File ignored by hicexplorer because it exceeded search pattern filesize limit: 19463_combined_merged_fastqc.html
[2022-08-05 11:10:33,068] multiqc                                            [DEBUG  ]  File ignored by nanostat because it exceeded search pattern filesize limit: 19463_combined_merged_fastqc.html
[2022-08-05 11:10:33,068] multiqc                                            [DEBUG  ]  File ignored by lima/summary because it exceeded search pattern filesize limit: 19463_combined_merged_fastqc.html
[2022-08-05 11:10:33,089] multiqc                                            [DEBUG  ]  File ignored by vep/vep_txt because it exceeded search pattern filesize limit: 19463_combined_merged_fastqc.html
[2022-08-05 11:10:33,089] multiqc                                            [DEBUG  ]  File ignored by longranger/invocation because it exceeded search pattern filesize limit: 19463_combined_merged_fastqc.html
[2022-08-05 11:10:33,089] multiqc                                            [DEBUG  ]  File ignored by rockhopper because it exceeded search pattern filesize limit: 19463_combined_merged_fastqc.html
[2022-08-05 11:10:33,089] multiqc                                            [DEBUG  ]  File ignored by rseqc/bam_stat because it exceeded search pattern filesize limit: 19463_combined_merged_fastqc.html
[2022-08-05 11:10:33,089] multiqc                                            [DEBUG  ]  File ignored by rseqc/junction_annotation because it exceeded search pattern filesize limit: 19463_combined_merged_fastqc.html
[2022-08-05 11:10:33,089] multiqc                                            [DEBUG  ]  File ignored by rseqc/read_distribution because it exceeded search pattern filesize limit: 19463_combined_merged_fastqc.html
[2022-08-05 11:10:33,089] multiqc                                            [DEBUG  ]  File ignored by rseqc/infer_experiment because it exceeded search pattern filesize limit: 19463_combined_merged_fastqc.html
[2022-08-05 11:10:33,430] multiqc                                            [DEBUG  ]  Ignoring file as matched an ignore pattern: 19463_combined_merged.fastq.gz
[2022-08-05 11:10:33,681] multiqc                                            [DEBUG  ]  File ignored by ccs/v4 because it exceeded search pattern filesize limit: 19463_combined_R1p_fastqc.html
[2022-08-05 11:10:33,687] multiqc                                            [DEBUG  ]  File ignored by hicexplorer because it exceeded search pattern filesize limit: 19463_combined_R1p_fastqc.html
[2022-08-05 11:10:33,687] multiqc                                            [DEBUG  ]  File ignored by nanostat because it exceeded search pattern filesize limit: 19463_combined_R1p_fastqc.html
[2022-08-05 11:10:33,687] multiqc                                            [DEBUG  ]  File ignored by lima/summary because it exceeded search pattern filesize limit: 19463_combined_R1p_fastqc.html
[2022-08-05 11:10:33,695] multiqc                                            [DEBUG  ]  File ignored by vep/vep_txt because it exceeded search pattern filesize limit: 19463_combined_R1p_fastqc.html
[2022-08-05 11:10:33,695] multiqc                                            [DEBUG  ]  File ignored by longranger/invocation because it exceeded search pattern filesize limit: 19463_combined_R1p_fastqc.html
[2022-08-05 11:10:33,695] multiqc                                            [DEBUG  ]  File ignored by rockhopper because it exceeded search pattern filesize limit: 19463_combined_R1p_fastqc.html
[2022-08-05 11:10:33,695] multiqc                                            [DEBUG  ]  File ignored by rseqc/bam_stat because it exceeded search pattern filesize limit: 19463_combined_R1p_fastqc.html
[2022-08-05 11:10:33,695] multiqc                                            [DEBUG  ]  File ignored by rseqc/junction_annotation because it exceeded search pattern filesize limit: 19463_combined_R1p_fastqc.html
[2022-08-05 11:10:33,695] multiqc                                            [DEBUG  ]  File ignored by rseqc/read_distribution because it exceeded search pattern filesize limit: 19463_combined_R1p_fastqc.html
[2022-08-05 11:10:33,695] multiqc                                            [DEBUG  ]  File ignored by rseqc/infer_experiment because it exceeded search pattern filesize limit: 19463_combined_R1p_fastqc.html
[2022-08-05 11:10:33,775] multiqc                                            [DEBUG  ]  Ignoring file as matched an ignore pattern: 19463_combined_R1p.fastq.gz
[2022-08-05 11:10:33,867] multiqc                                            [DEBUG  ]  File ignored by ccs/v4 because it exceeded search pattern filesize limit: 19463_combined_R1R2u_fastqc.html
[2022-08-05 11:10:33,876] multiqc                                            [DEBUG  ]  File ignored by hicexplorer because it exceeded search pattern filesize limit: 19463_combined_R1R2u_fastqc.html
[2022-08-05 11:10:33,877] multiqc                                            [DEBUG  ]  File ignored by nanostat because it exceeded search pattern filesize limit: 19463_combined_R1R2u_fastqc.html
[2022-08-05 11:10:33,877] multiqc                                            [DEBUG  ]  File ignored by lima/summary because it exceeded search pattern filesize limit: 19463_combined_R1R2u_fastqc.html
[2022-08-05 11:10:33,893] multiqc                                            [DEBUG  ]  File ignored by vep/vep_txt because it exceeded search pattern filesize limit: 19463_combined_R1R2u_fastqc.html
[2022-08-05 11:10:33,893] multiqc                                            [DEBUG  ]  File ignored by longranger/invocation because it exceeded search pattern filesize limit: 19463_combined_R1R2u_fastqc.html
[2022-08-05 11:10:33,893] multiqc                                            [DEBUG  ]  File ignored by rockhopper because it exceeded search pattern filesize limit: 19463_combined_R1R2u_fastqc.html
[2022-08-05 11:10:33,893] multiqc                                            [DEBUG  ]  File ignored by rseqc/bam_stat because it exceeded search pattern filesize limit: 19463_combined_R1R2u_fastqc.html
[2022-08-05 11:10:33,893] multiqc                                            [DEBUG  ]  File ignored by rseqc/junction_annotation because it exceeded search pattern filesize limit: 19463_combined_R1R2u_fastqc.html
[2022-08-05 11:10:33,893] multiqc                                            [DEBUG  ]  File ignored by rseqc/read_distribution because it exceeded search pattern filesize limit: 19463_combined_R1R2u_fastqc.html
[2022-08-05 11:10:33,893] multiqc                                            [DEBUG  ]  File ignored by rseqc/infer_experiment because it exceeded search pattern filesize limit: 19463_combined_R1R2u_fastqc.html
[2022-08-05 11:10:33,981] multiqc                                            [DEBUG  ]  Ignoring file as matched an ignore pattern: 19463_combined_R1R2u.fastq.gz
[2022-08-05 11:10:34,032] multiqc                                            [DEBUG  ]  File ignored by ccs/v4 because it exceeded search pattern filesize limit: 19463_combined_R2p_fastqc.html
[2022-08-05 11:10:34,082] multiqc                                            [DEBUG  ]  File ignored by hicexplorer because it exceeded search pattern filesize limit: 19463_combined_R2p_fastqc.html
[2022-08-05 11:10:34,083] multiqc                                            [DEBUG  ]  File ignored by nanostat because it exceeded search pattern filesize limit: 19463_combined_R2p_fastqc.html
[2022-08-05 11:10:34,083] multiqc                                            [DEBUG  ]  File ignored by lima/summary because it exceeded search pattern filesize limit: 19463_combined_R2p_fastqc.html
[2022-08-05 11:10:34,095] multiqc                                            [DEBUG  ]  File ignored by vep/vep_txt because it exceeded search pattern filesize limit: 19463_combined_R2p_fastqc.html
[2022-08-05 11:10:34,095] multiqc                                            [DEBUG  ]  File ignored by longranger/invocation because it exceeded search pattern filesize limit: 19463_combined_R2p_fastqc.html
[2022-08-05 11:10:34,095] multiqc                                            [DEBUG  ]  File ignored by rockhopper because it exceeded search pattern filesize limit: 19463_combined_R2p_fastqc.html
[2022-08-05 11:10:34,095] multiqc                                            [DEBUG  ]  File ignored by rseqc/bam_stat because it exceeded search pattern filesize limit: 19463_combined_R2p_fastqc.html
[2022-08-05 11:10:34,095] multiqc                                            [DEBUG  ]  File ignored by rseqc/junction_annotation because it exceeded search pattern filesize limit: 19463_combined_R2p_fastqc.html
[2022-08-05 11:10:34,095] multiqc                                            [DEBUG  ]  File ignored by rseqc/read_distribution because it exceeded search pattern filesize limit: 19463_combined_R2p_fastqc.html
[2022-08-05 11:10:34,095] multiqc                                            [DEBUG  ]  File ignored by rseqc/infer_experiment because it exceeded search pattern filesize limit: 19463_combined_R2p_fastqc.html
[2022-08-05 11:10:34,194] multiqc                                            [DEBUG  ]  Ignoring file as matched an ignore pattern: 19463_combined_R2p.fastq.gz
[2022-08-05 11:10:34,194] multiqc                                            [DEBUG  ]  Ignoring file as matched an ignore pattern: 19463_QCreads.md5
[2022-08-05 11:10:35,592] multiqc.plots.bargraph                             [DEBUG  ]  Using matplotlib version 3.3.4
[2022-08-05 11:10:35,596] multiqc.plots.linegraph                            [DEBUG  ]  Using matplotlib version 3.3.4
[2022-08-05 11:10:35,599] multiqc                                            [DEBUG  ]  No samples found: custom_content
[2022-08-05 11:10:35,604] multiqc                                            [DEBUG  ]  No samples found: ccs
[2022-08-05 11:10:35,610] multiqc                                            [DEBUG  ]  No samples found: ngsderive
[2022-08-05 11:10:35,615] multiqc                                            [DEBUG  ]  No samples found: purple
[2022-08-05 11:10:35,619] multiqc                                            [DEBUG  ]  No samples found: conpair
[2022-08-05 11:10:35,624] multiqc                                            [DEBUG  ]  No samples found: lima
[2022-08-05 11:10:35,630] multiqc                                            [DEBUG  ]  No samples found: peddy
[2022-08-05 11:10:35,637] multiqc                                            [DEBUG  ]  No samples found: somalier
[2022-08-05 11:10:35,871] multiqc                                            [DEBUG  ]  No samples found: methylQA
[2022-08-05 11:10:35,881] multiqc.modules.mosdepth.mosdepth                  [DEBUG  ]  include_contigs: []
[2022-08-05 11:10:35,881] multiqc.modules.mosdepth.mosdepth                  [DEBUG  ]  exclude_contigs: []
[2022-08-05 11:10:35,881] multiqc                                            [DEBUG  ]  No samples found: mosdepth
[2022-08-05 11:10:35,886] multiqc                                            [DEBUG  ]  No samples found: phantompeakqualtools
[2022-08-05 11:10:35,889] multiqc                                            [DEBUG  ]  No samples found: qualimap
[2022-08-05 11:10:35,895] multiqc                                            [DEBUG  ]  No samples found: preseq
[2022-08-05 11:10:35,900] multiqc                                            [DEBUG  ]  No samples found: quast
[2022-08-05 11:10:35,905] multiqc                                            [DEBUG  ]  No samples found: qorts
[2022-08-05 11:10:35,910] multiqc                                            [DEBUG  ]  No samples found: rna_seqc
[2022-08-05 11:10:35,915] multiqc                                            [DEBUG  ]  No samples found: rockhopper
[2022-08-05 11:10:35,920] multiqc                                            [DEBUG  ]  No samples found: rsem
[2022-08-05 11:10:35,936] multiqc                                            [DEBUG  ]  No samples found: rseqc
[2022-08-05 11:10:35,941] multiqc                                            [DEBUG  ]  No samples found: busco
[2022-08-05 11:10:35,946] multiqc                                            [DEBUG  ]  No samples found: bustools
[2022-08-05 11:10:35,951] multiqc                                            [DEBUG  ]  No samples found: goleft_indexcov
[2022-08-05 11:10:35,956] multiqc                                            [DEBUG  ]  No samples found: gffcompare
[2022-08-05 11:10:35,960] multiqc                                            [DEBUG  ]  No samples found: disambiguate
[2022-08-05 11:10:35,966] multiqc                                            [DEBUG  ]  No samples found: supernova
[2022-08-05 11:10:35,985] multiqc                                            [DEBUG  ]  No samples found: deeptools
[2022-08-05 11:10:35,990] multiqc                                            [DEBUG  ]  No samples found: sargasso
[2022-08-05 11:10:35,995] multiqc                                            [DEBUG  ]  No samples found: verifybamid
[2022-08-05 11:10:36,001] multiqc                                            [DEBUG  ]  No samples found: mirtrace
[2022-08-05 11:10:36,235] multiqc                                            [DEBUG  ]  No samples found: happy
[2022-08-05 11:10:36,241] multiqc                                            [DEBUG  ]  No samples found: mirtop
[2022-08-05 11:10:36,247] multiqc                                            [DEBUG  ]  No samples found: sambamba
[2022-08-05 11:10:36,255] multiqc                                            [DEBUG  ]  No samples found: homer
[2022-08-05 11:10:36,259] multiqc                                            [DEBUG  ]  No samples found: hops
[2022-08-05 11:10:36,264] multiqc                                            [DEBUG  ]  No samples found: macs2
[2022-08-05 11:10:36,499] multiqc                                            [DEBUG  ]  No samples found: theta2
[2022-08-05 11:10:36,504] multiqc                                            [DEBUG  ]  No samples found: snpeff
[2022-08-05 11:10:36,512] multiqc                                            [DEBUG  ]  No samples found: gatk
[2022-08-05 11:10:36,518] multiqc                                            [DEBUG  ]  No samples found: htseq
[2022-08-05 11:10:36,524] multiqc                                            [DEBUG  ]  No samples found: bcftools
[2022-08-05 11:10:36,530] multiqc                                            [DEBUG  ]  No samples found: featureCounts
[2022-08-05 11:10:36,537] multiqc                                            [DEBUG  ]  No samples found: fgbio
[2022-08-05 11:10:36,554] multiqc                                            [DEBUG  ]  No samples found: dragen
[2022-08-05 11:10:36,558] multiqc                                            [DEBUG  ]  No samples found: dedup
[2022-08-05 11:10:36,563] multiqc                                            [DEBUG  ]  No samples found: damageprofiler
[2022-08-05 11:10:36,602] multiqc                                            [DEBUG  ]  No samples found: biobambam2
[2022-08-05 11:10:36,607] multiqc                                            [DEBUG  ]  No samples found: jcvi
[2022-08-05 11:10:36,612] multiqc                                            [DEBUG  ]  No samples found: mtnucratio
[2022-08-05 11:10:36,614] multiqc                                            [DEBUG  ]  No samples found: picard
[2022-08-05 11:10:36,620] multiqc                                            [DEBUG  ]  No samples found: vep
[2022-08-05 11:10:36,628] multiqc                                            [DEBUG  ]  No samples found: sentieon
[2022-08-05 11:10:36,633] multiqc                                            [DEBUG  ]  No samples found: prokka
[2022-08-05 11:10:36,641] multiqc                                            [DEBUG  ]  No samples found: qc3C
[2022-08-05 11:10:36,646] multiqc                                            [DEBUG  ]  No samples found: nanostat
[2022-08-05 11:10:36,651] multiqc                                            [DEBUG  ]  No samples found: samblaster
[2022-08-05 11:10:36,661] multiqc                                            [DEBUG  ]  No samples found: samtools
[2022-08-05 11:10:36,666] multiqc                                            [DEBUG  ]  No samples found: sexdeterrmine
[2022-08-05 11:10:36,670] multiqc                                            [DEBUG  ]  No samples found: eigenstratdatabasetools
[2022-08-05 11:10:36,676] multiqc                                            [DEBUG  ]  No samples found: bamtools
[2022-08-05 11:10:36,681] multiqc                                            [DEBUG  ]  No samples found: jellyfish
[2022-08-05 11:10:36,690] multiqc                                            [DEBUG  ]  No samples found: vcftools
[2022-08-05 11:10:36,695] multiqc                                            [DEBUG  ]  No samples found: longranger
[2022-08-05 11:10:36,701] multiqc                                            [DEBUG  ]  No samples found: stacks
[2022-08-05 11:10:36,706] multiqc                                            [DEBUG  ]  No samples found: varscan2
[2022-08-05 11:10:36,712] multiqc                                            [DEBUG  ]  No samples found: snippy
[2022-08-05 11:10:36,730] multiqc                                            [DEBUG  ]  No samples found: bbmap
[2022-08-05 11:10:36,736] multiqc                                            [DEBUG  ]  No samples found: bismark
[2022-08-05 11:10:36,745] multiqc                                            [DEBUG  ]  No samples found: biscuit
[2022-08-05 11:10:36,750] multiqc                                            [DEBUG  ]  No samples found: hicexplorer
[2022-08-05 11:10:36,755] multiqc                                            [DEBUG  ]  No samples found: hicup
[2022-08-05 11:10:36,760] multiqc                                            [DEBUG  ]  No samples found: hicpro
[2022-08-05 11:10:36,765] multiqc                                            [DEBUG  ]  No samples found: salmon
[2022-08-05 11:10:36,769] multiqc                                            [DEBUG  ]  No samples found: kallisto
[2022-08-05 11:10:37,006] multiqc                                            [DEBUG  ]  No samples found: slamdunk
[2022-08-05 11:10:37,012] multiqc                                            [DEBUG  ]  No samples found: star
[2022-08-05 11:10:37,016] multiqc                                            [DEBUG  ]  No samples found: hisat2
[2022-08-05 11:10:37,021] multiqc                                            [DEBUG  ]  No samples found: tophat
[2022-08-05 11:10:37,026] multiqc                                            [DEBUG  ]  No samples found: bowtie2
[2022-08-05 11:10:37,031] multiqc                                            [DEBUG  ]  No samples found: bowtie1
[2022-08-05 11:10:37,035] multiqc                                            [DEBUG  ]  No samples found: snpsplit
[2022-08-05 11:10:37,041] multiqc                                            [DEBUG  ]  No samples found: odgi
[2022-08-05 11:10:37,046] multiqc                                            [DEBUG  ]  No samples found: pangolin
[2022-08-05 11:10:37,511] multiqc                                            [DEBUG  ]  No samples found: kat
[2022-08-05 11:10:37,516] multiqc                                            [DEBUG  ]  No samples found: leehom
[2022-08-05 11:10:37,521] multiqc                                            [DEBUG  ]  No samples found: adapterRemoval
[2022-08-05 11:10:37,526] multiqc                                            [DEBUG  ]  No samples found: clipandmerge
[2022-08-05 11:10:37,531] multiqc                                            [DEBUG  ]  No samples found: cutadapt
[2022-08-05 11:10:37,536] multiqc                                            [DEBUG  ]  No samples found: flexbar
[2022-08-05 11:10:37,541] multiqc                                            [DEBUG  ]  No samples found: kaiju
[2022-08-05 11:10:37,547] multiqc                                            [DEBUG  ]  No samples found: kraken
[2022-08-05 11:10:37,552] multiqc                                            [DEBUG  ]  No samples found: malt
[2022-08-05 11:10:37,557] multiqc                                            [DEBUG  ]  No samples found: trimmomatic
[2022-08-05 11:10:37,562] multiqc                                            [DEBUG  ]  No samples found: sickle
[2022-08-05 11:10:37,567] multiqc                                            [DEBUG  ]  No samples found: skewer
[2022-08-05 11:10:37,571] multiqc                                            [DEBUG  ]  No samples found: sortmerna
[2022-08-05 11:10:37,576] multiqc                                            [DEBUG  ]  No samples found: biobloomtools
[2022-08-05 11:10:37,582] multiqc                                            [DEBUG  ]  No samples found: fastq_screen
[2022-08-05 11:10:37,586] multiqc                                            [DEBUG  ]  No samples found: afterqc
[2022-08-05 11:10:37,592] multiqc                                            [DEBUG  ]  No samples found: fastp
[2022-08-05 11:10:38,001] multiqc.modules.fastqc.fastqc                      [INFO   ]  Found 4 reports
[2022-08-05 11:10:38,049] multiqc                                            [DEBUG  ]  No samples found: pychopper
[2022-08-05 11:10:38,054] multiqc                                            [DEBUG  ]  No samples found: pycoqc
[2022-08-05 11:10:38,059] multiqc                                            [DEBUG  ]  No samples found: minionqc
[2022-08-05 11:10:38,064] multiqc                                            [DEBUG  ]  No samples found: multivcfanalyzer
[2022-08-05 11:10:38,070] multiqc                                            [DEBUG  ]  No samples found: clusterflow
[2022-08-05 11:10:38,077] multiqc                                            [DEBUG  ]  No samples found: bcl2fastq
[2022-08-05 11:10:38,084] multiqc                                            [DEBUG  ]  No samples found: bclconvert
[2022-08-05 11:10:38,090] multiqc                                            [DEBUG  ]  No samples found: interop
[2022-08-05 11:10:38,095] multiqc                                            [DEBUG  ]  No samples found: ivar
[2022-08-05 11:10:38,100] multiqc                                            [DEBUG  ]  No samples found: flash
[2022-08-05 11:10:38,105] multiqc                                            [DEBUG  ]  No samples found: seqyclean
[2022-08-05 11:10:38,109] multiqc                                            [DEBUG  ]  No samples found: optitype
[2022-08-05 11:10:38,114] multiqc                                            [INFO   ]  Compressing plot data
[2022-08-05 11:10:42,410] multiqc                                            [INFO   ]  Report      : 19463_MGSD_CSIRO.qc.stats/multiqc_report.html
[2022-08-05 11:10:42,410] multiqc                                            [INFO   ]  Data        : 19463_MGSD_CSIRO.qc.stats/multiqc_data
[2022-08-05 11:10:42,410] multiqc                                            [DEBUG  ]  Moving data file from '/tmp/smi9a9.8585822/tmpub5epdpz/multiqc_data' to '19463_MGSD_CSIRO.qc.stats/multiqc_data'
[2022-08-05 11:10:43,065] multiqc                                            [INFO   ]  MultiQC complete
