[2022-08-05 11:05:12,099] multiqc                                            [DEBUG  ]  This is MultiQC v1.11
[2022-08-05 11:05:12,099] multiqc                                            [DEBUG  ]  No MultiQC config found: /apps/multiqc/1.11/lib/python3.9/site-packages/multiqc_config.yaml
[2022-08-05 11:05:12,099] multiqc                                            [DEBUG  ]  No MultiQC config found: /home/smi9a9/.multiqc_config.yaml
[2022-08-05 11:05:12,100] multiqc                                            [DEBUG  ]  No MultiQC config found: multiqc_config.yaml
[2022-08-05 11:05:12,100] multiqc                                            [DEBUG  ]  Command used: /apps/multiqc/1.11/bin/multiqc ./401569_HL7J5DSX3-1_merged_fastqc.html ./401569_HL7J5DSX3-1_merged_fastqc.zip ./401569_HL7J5DSX3-1_merged.fastq.gz ./401569_HL7J5DSX3-1_R1p_fastqc.html ./401569_HL7J5DSX3-1_R1p_fastqc.zip ./401569_HL7J5DSX3-1_R1p.fastq.gz ./401569_HL7J5DSX3-1_R1R2u_fastqc.html ./401569_HL7J5DSX3-1_R1R2u_fastqc.zip ./401569_HL7J5DSX3-1_R1R2u.fastq.gz ./401569_HL7J5DSX3-1_R2p_fastqc.html ./401569_HL7J5DSX3-1_R2p_fastqc.zip ./401569_HL7J5DSX3-1_R2p.fastq.gz ./401569_QCreads.md5 -o 401569_MGSD_CSIRO.qc.stats
[2022-08-05 11:05:12,102] multiqc                                            [DEBUG  ]  Could not connect to multiqc.info for version check: <urlopen error [Errno 111] Connection refused>
[2022-08-05 11:05:12,102] multiqc                                            [DEBUG  ]  Command     : /apps/multiqc/1.11/bin/multiqc ./401569_HL7J5DSX3-1_merged_fastqc.html ./401569_HL7J5DSX3-1_merged_fastqc.zip ./401569_HL7J5DSX3-1_merged.fastq.gz ./401569_HL7J5DSX3-1_R1p_fastqc.html ./401569_HL7J5DSX3-1_R1p_fastqc.zip ./401569_HL7J5DSX3-1_R1p.fastq.gz ./401569_HL7J5DSX3-1_R1R2u_fastqc.html ./401569_HL7J5DSX3-1_R1R2u_fastqc.zip ./401569_HL7J5DSX3-1_R1R2u.fastq.gz ./401569_HL7J5DSX3-1_R2p_fastqc.html ./401569_HL7J5DSX3-1_R2p_fastqc.zip ./401569_HL7J5DSX3-1_R2p.fastq.gz ./401569_QCreads.md5 -o 401569_MGSD_CSIRO.qc.stats
[2022-08-05 11:05:12,102] multiqc                                            [DEBUG  ]  Working dir : /datasets/work/oa-amd/work/amd/Metagenome_QC_reads
[2022-08-05 11:05:12,102] multiqc                                            [DEBUG  ]  Template    : default
[2022-08-05 11:05:12,102] multiqc                                            [DEBUG  ]  Running Python 3.9.4 (default, Apr 25 2021, 16:13:27)  [GCC 10.3.0]
[2022-08-05 11:05:12,103] multiqc                                            [DEBUG  ]  Analysing modules: custom_content, ccs, ngsderive, purple, conpair, lima, peddy, somalier, methylQA, mosdepth, phantompeakqualtools, qualimap, preseq, quast, qorts, rna_seqc, rockhopper, rsem, rseqc, busco, bustools, goleft_indexcov, gffcompare, disambiguate, supernova, deeptools, sargasso, verifybamid, mirtrace, happy, mirtop, sambamba, homer, hops, macs2, theta2, snpeff, gatk, htseq, bcftools, featureCounts, fgbio, dragen, dedup, damageprofiler, biobambam2, jcvi, mtnucratio, picard, vep, sentieon, prokka, qc3C, nanostat, samblaster, samtools, sexdeterrmine, eigenstratdatabasetools, bamtools, jellyfish, vcftools, longranger, stacks, varscan2, snippy, bbmap, bismark, biscuit, hicexplorer, hicup, hicpro, salmon, kallisto, slamdunk, star, hisat2, tophat, bowtie2, bowtie1, snpsplit, odgi, pangolin, kat, leehom, adapterRemoval, clipandmerge, cutadapt, flexbar, kaiju, kraken, malt, trimmomatic, sickle, skewer, sortmerna, biobloomtools, fastq_screen, afterqc, fastp, fastqc, pychopper, pycoqc, minionqc, multivcfanalyzer, clusterflow, bcl2fastq, bclconvert, interop, ivar, flash, seqyclean, optitype
[2022-08-05 11:05:12,103] multiqc                                            [DEBUG  ]  Using temporary directory for creating report: /tmp/smi9a9.8584559/tmputog3ing
[2022-08-05 11:05:12,164] multiqc                                            [INFO   ]  Search path : /datasets/work/oa-amd/work/amd/Metagenome_QC_reads/401569_HL7J5DSX3-1_merged_fastqc.html
[2022-08-05 11:05:12,164] multiqc                                            [INFO   ]  Search path : /datasets/work/oa-amd/work/amd/Metagenome_QC_reads/401569_HL7J5DSX3-1_merged_fastqc.zip
[2022-08-05 11:05:12,164] multiqc                                            [INFO   ]  Search path : /datasets/work/oa-amd/work/amd/Metagenome_QC_reads/401569_HL7J5DSX3-1_merged.fastq.gz
[2022-08-05 11:05:12,164] multiqc                                            [INFO   ]  Search path : /datasets/work/oa-amd/work/amd/Metagenome_QC_reads/401569_HL7J5DSX3-1_R1p_fastqc.html
[2022-08-05 11:05:12,164] multiqc                                            [INFO   ]  Search path : /datasets/work/oa-amd/work/amd/Metagenome_QC_reads/401569_HL7J5DSX3-1_R1p_fastqc.zip
[2022-08-05 11:05:12,165] multiqc                                            [INFO   ]  Search path : /datasets/work/oa-amd/work/amd/Metagenome_QC_reads/401569_HL7J5DSX3-1_R1p.fastq.gz
[2022-08-05 11:05:12,165] multiqc                                            [INFO   ]  Search path : /datasets/work/oa-amd/work/amd/Metagenome_QC_reads/401569_HL7J5DSX3-1_R1R2u_fastqc.html
[2022-08-05 11:05:12,165] multiqc                                            [INFO   ]  Search path : /datasets/work/oa-amd/work/amd/Metagenome_QC_reads/401569_HL7J5DSX3-1_R1R2u_fastqc.zip
[2022-08-05 11:05:12,165] multiqc                                            [INFO   ]  Search path : /datasets/work/oa-amd/work/amd/Metagenome_QC_reads/401569_HL7J5DSX3-1_R1R2u.fastq.gz
[2022-08-05 11:05:12,165] multiqc                                            [INFO   ]  Search path : /datasets/work/oa-amd/work/amd/Metagenome_QC_reads/401569_HL7J5DSX3-1_R2p_fastqc.html
[2022-08-05 11:05:12,165] multiqc                                            [INFO   ]  Search path : /datasets/work/oa-amd/work/amd/Metagenome_QC_reads/401569_HL7J5DSX3-1_R2p_fastqc.zip
[2022-08-05 11:05:12,165] multiqc                                            [INFO   ]  Search path : /datasets/work/oa-amd/work/amd/Metagenome_QC_reads/401569_HL7J5DSX3-1_R2p.fastq.gz
[2022-08-05 11:05:12,165] multiqc                                            [INFO   ]  Search path : /datasets/work/oa-amd/work/amd/Metagenome_QC_reads/401569_QCreads.md5
[2022-08-05 11:05:13,295] multiqc                                            [DEBUG  ]  File ignored by ccs/v4 because it exceeded search pattern filesize limit: 401569_HL7J5DSX3-1_merged_fastqc.html
[2022-08-05 11:05:14,009] multiqc                                            [DEBUG  ]  File ignored by hicexplorer because it exceeded search pattern filesize limit: 401569_HL7J5DSX3-1_merged_fastqc.html
[2022-08-05 11:05:14,012] multiqc                                            [DEBUG  ]  File ignored by nanostat because it exceeded search pattern filesize limit: 401569_HL7J5DSX3-1_merged_fastqc.html
[2022-08-05 11:05:14,012] multiqc                                            [DEBUG  ]  File ignored by lima/summary because it exceeded search pattern filesize limit: 401569_HL7J5DSX3-1_merged_fastqc.html
[2022-08-05 11:05:14,028] multiqc                                            [DEBUG  ]  File ignored by vep/vep_txt because it exceeded search pattern filesize limit: 401569_HL7J5DSX3-1_merged_fastqc.html
[2022-08-05 11:05:14,028] multiqc                                            [DEBUG  ]  File ignored by longranger/invocation because it exceeded search pattern filesize limit: 401569_HL7J5DSX3-1_merged_fastqc.html
[2022-08-05 11:05:14,028] multiqc                                            [DEBUG  ]  File ignored by rockhopper because it exceeded search pattern filesize limit: 401569_HL7J5DSX3-1_merged_fastqc.html
[2022-08-05 11:05:14,028] multiqc                                            [DEBUG  ]  File ignored by rseqc/bam_stat because it exceeded search pattern filesize limit: 401569_HL7J5DSX3-1_merged_fastqc.html
[2022-08-05 11:05:14,028] multiqc                                            [DEBUG  ]  File ignored by rseqc/junction_annotation because it exceeded search pattern filesize limit: 401569_HL7J5DSX3-1_merged_fastqc.html
[2022-08-05 11:05:14,028] multiqc                                            [DEBUG  ]  File ignored by rseqc/read_distribution because it exceeded search pattern filesize limit: 401569_HL7J5DSX3-1_merged_fastqc.html
[2022-08-05 11:05:14,028] multiqc                                            [DEBUG  ]  File ignored by rseqc/infer_experiment because it exceeded search pattern filesize limit: 401569_HL7J5DSX3-1_merged_fastqc.html
[2022-08-05 11:05:14,111] multiqc                                            [DEBUG  ]  Ignoring file as matched an ignore pattern: 401569_HL7J5DSX3-1_merged.fastq.gz
[2022-08-05 11:05:14,220] multiqc                                            [DEBUG  ]  File ignored by ccs/v4 because it exceeded search pattern filesize limit: 401569_HL7J5DSX3-1_R1p_fastqc.html
[2022-08-05 11:05:14,230] multiqc                                            [DEBUG  ]  File ignored by hicexplorer because it exceeded search pattern filesize limit: 401569_HL7J5DSX3-1_R1p_fastqc.html
[2022-08-05 11:05:14,231] multiqc                                            [DEBUG  ]  File ignored by nanostat because it exceeded search pattern filesize limit: 401569_HL7J5DSX3-1_R1p_fastqc.html
[2022-08-05 11:05:14,231] multiqc                                            [DEBUG  ]  File ignored by lima/summary because it exceeded search pattern filesize limit: 401569_HL7J5DSX3-1_R1p_fastqc.html
[2022-08-05 11:05:14,281] multiqc                                            [DEBUG  ]  File ignored by vep/vep_txt because it exceeded search pattern filesize limit: 401569_HL7J5DSX3-1_R1p_fastqc.html
[2022-08-05 11:05:14,281] multiqc                                            [DEBUG  ]  File ignored by longranger/invocation because it exceeded search pattern filesize limit: 401569_HL7J5DSX3-1_R1p_fastqc.html
[2022-08-05 11:05:14,281] multiqc                                            [DEBUG  ]  File ignored by rockhopper because it exceeded search pattern filesize limit: 401569_HL7J5DSX3-1_R1p_fastqc.html
[2022-08-05 11:05:14,281] multiqc                                            [DEBUG  ]  File ignored by rseqc/bam_stat because it exceeded search pattern filesize limit: 401569_HL7J5DSX3-1_R1p_fastqc.html
[2022-08-05 11:05:14,281] multiqc                                            [DEBUG  ]  File ignored by rseqc/junction_annotation because it exceeded search pattern filesize limit: 401569_HL7J5DSX3-1_R1p_fastqc.html
[2022-08-05 11:05:14,281] multiqc                                            [DEBUG  ]  File ignored by rseqc/read_distribution because it exceeded search pattern filesize limit: 401569_HL7J5DSX3-1_R1p_fastqc.html
[2022-08-05 11:05:14,281] multiqc                                            [DEBUG  ]  File ignored by rseqc/infer_experiment because it exceeded search pattern filesize limit: 401569_HL7J5DSX3-1_R1p_fastqc.html
[2022-08-05 11:05:14,352] multiqc                                            [DEBUG  ]  Ignoring file as matched an ignore pattern: 401569_HL7J5DSX3-1_R1p.fastq.gz
[2022-08-05 11:05:14,667] multiqc                                            [DEBUG  ]  File ignored by ccs/v4 because it exceeded search pattern filesize limit: 401569_HL7J5DSX3-1_R1R2u_fastqc.html
[2022-08-05 11:05:14,675] multiqc                                            [DEBUG  ]  File ignored by hicexplorer because it exceeded search pattern filesize limit: 401569_HL7J5DSX3-1_R1R2u_fastqc.html
[2022-08-05 11:05:14,676] multiqc                                            [DEBUG  ]  File ignored by nanostat because it exceeded search pattern filesize limit: 401569_HL7J5DSX3-1_R1R2u_fastqc.html
[2022-08-05 11:05:14,676] multiqc                                            [DEBUG  ]  File ignored by lima/summary because it exceeded search pattern filesize limit: 401569_HL7J5DSX3-1_R1R2u_fastqc.html
[2022-08-05 11:05:14,692] multiqc                                            [DEBUG  ]  File ignored by vep/vep_txt because it exceeded search pattern filesize limit: 401569_HL7J5DSX3-1_R1R2u_fastqc.html
[2022-08-05 11:05:14,692] multiqc                                            [DEBUG  ]  File ignored by longranger/invocation because it exceeded search pattern filesize limit: 401569_HL7J5DSX3-1_R1R2u_fastqc.html
[2022-08-05 11:05:14,692] multiqc                                            [DEBUG  ]  File ignored by rockhopper because it exceeded search pattern filesize limit: 401569_HL7J5DSX3-1_R1R2u_fastqc.html
[2022-08-05 11:05:14,692] multiqc                                            [DEBUG  ]  File ignored by rseqc/bam_stat because it exceeded search pattern filesize limit: 401569_HL7J5DSX3-1_R1R2u_fastqc.html
[2022-08-05 11:05:14,692] multiqc                                            [DEBUG  ]  File ignored by rseqc/junction_annotation because it exceeded search pattern filesize limit: 401569_HL7J5DSX3-1_R1R2u_fastqc.html
[2022-08-05 11:05:14,692] multiqc                                            [DEBUG  ]  File ignored by rseqc/read_distribution because it exceeded search pattern filesize limit: 401569_HL7J5DSX3-1_R1R2u_fastqc.html
[2022-08-05 11:05:14,692] multiqc                                            [DEBUG  ]  File ignored by rseqc/infer_experiment because it exceeded search pattern filesize limit: 401569_HL7J5DSX3-1_R1R2u_fastqc.html
[2022-08-05 11:05:15,010] multiqc                                            [DEBUG  ]  Ignoring file as matched an ignore pattern: 401569_HL7J5DSX3-1_R1R2u.fastq.gz
[2022-08-05 11:05:15,075] multiqc                                            [DEBUG  ]  File ignored by ccs/v4 because it exceeded search pattern filesize limit: 401569_HL7J5DSX3-1_R2p_fastqc.html
[2022-08-05 11:05:15,089] multiqc                                            [DEBUG  ]  File ignored by hicexplorer because it exceeded search pattern filesize limit: 401569_HL7J5DSX3-1_R2p_fastqc.html
[2022-08-05 11:05:15,090] multiqc                                            [DEBUG  ]  File ignored by nanostat because it exceeded search pattern filesize limit: 401569_HL7J5DSX3-1_R2p_fastqc.html
[2022-08-05 11:05:15,090] multiqc                                            [DEBUG  ]  File ignored by lima/summary because it exceeded search pattern filesize limit: 401569_HL7J5DSX3-1_R2p_fastqc.html
[2022-08-05 11:05:15,105] multiqc                                            [DEBUG  ]  File ignored by vep/vep_txt because it exceeded search pattern filesize limit: 401569_HL7J5DSX3-1_R2p_fastqc.html
[2022-08-05 11:05:15,105] multiqc                                            [DEBUG  ]  File ignored by longranger/invocation because it exceeded search pattern filesize limit: 401569_HL7J5DSX3-1_R2p_fastqc.html
[2022-08-05 11:05:15,105] multiqc                                            [DEBUG  ]  File ignored by rockhopper because it exceeded search pattern filesize limit: 401569_HL7J5DSX3-1_R2p_fastqc.html
[2022-08-05 11:05:15,105] multiqc                                            [DEBUG  ]  File ignored by rseqc/bam_stat because it exceeded search pattern filesize limit: 401569_HL7J5DSX3-1_R2p_fastqc.html
[2022-08-05 11:05:15,105] multiqc                                            [DEBUG  ]  File ignored by rseqc/junction_annotation because it exceeded search pattern filesize limit: 401569_HL7J5DSX3-1_R2p_fastqc.html
[2022-08-05 11:05:15,105] multiqc                                            [DEBUG  ]  File ignored by rseqc/read_distribution because it exceeded search pattern filesize limit: 401569_HL7J5DSX3-1_R2p_fastqc.html
[2022-08-05 11:05:15,105] multiqc                                            [DEBUG  ]  File ignored by rseqc/infer_experiment because it exceeded search pattern filesize limit: 401569_HL7J5DSX3-1_R2p_fastqc.html
[2022-08-05 11:05:15,180] multiqc                                            [DEBUG  ]  Ignoring file as matched an ignore pattern: 401569_HL7J5DSX3-1_R2p.fastq.gz
[2022-08-05 11:05:15,180] multiqc                                            [DEBUG  ]  Ignoring file as matched an ignore pattern: 401569_QCreads.md5
[2022-08-05 11:05:17,857] multiqc.plots.bargraph                             [DEBUG  ]  Using matplotlib version 3.3.4
[2022-08-05 11:05:17,861] multiqc.plots.linegraph                            [DEBUG  ]  Using matplotlib version 3.3.4
[2022-08-05 11:05:17,865] multiqc                                            [DEBUG  ]  No samples found: custom_content
[2022-08-05 11:05:17,874] multiqc                                            [DEBUG  ]  No samples found: ccs
[2022-08-05 11:05:18,114] multiqc                                            [DEBUG  ]  No samples found: ngsderive
[2022-08-05 11:05:18,119] multiqc                                            [DEBUG  ]  No samples found: purple
[2022-08-05 11:05:18,128] multiqc                                            [DEBUG  ]  No samples found: conpair
[2022-08-05 11:05:18,133] multiqc                                            [DEBUG  ]  No samples found: lima
[2022-08-05 11:05:18,140] multiqc                                            [DEBUG  ]  No samples found: peddy
[2022-08-05 11:05:18,148] multiqc                                            [DEBUG  ]  No samples found: somalier
[2022-08-05 11:05:18,153] multiqc                                            [DEBUG  ]  No samples found: methylQA
[2022-08-05 11:05:18,167] multiqc.modules.mosdepth.mosdepth                  [DEBUG  ]  include_contigs: []
[2022-08-05 11:05:18,167] multiqc.modules.mosdepth.mosdepth                  [DEBUG  ]  exclude_contigs: []
[2022-08-05 11:05:18,167] multiqc                                            [DEBUG  ]  No samples found: mosdepth
[2022-08-05 11:05:18,174] multiqc                                            [DEBUG  ]  No samples found: phantompeakqualtools
[2022-08-05 11:05:18,178] multiqc                                            [DEBUG  ]  No samples found: qualimap
[2022-08-05 11:05:18,184] multiqc                                            [DEBUG  ]  No samples found: preseq
[2022-08-05 11:05:18,194] multiqc                                            [DEBUG  ]  No samples found: quast
[2022-08-05 11:05:18,199] multiqc                                            [DEBUG  ]  No samples found: qorts
[2022-08-05 11:05:18,205] multiqc                                            [DEBUG  ]  No samples found: rna_seqc
[2022-08-05 11:05:18,210] multiqc                                            [DEBUG  ]  No samples found: rockhopper
[2022-08-05 11:05:18,215] multiqc                                            [DEBUG  ]  No samples found: rsem
[2022-08-05 11:05:18,844] multiqc                                            [DEBUG  ]  No samples found: rseqc
[2022-08-05 11:05:18,849] multiqc                                            [DEBUG  ]  No samples found: busco
[2022-08-05 11:05:18,854] multiqc                                            [DEBUG  ]  No samples found: bustools
[2022-08-05 11:05:18,859] multiqc                                            [DEBUG  ]  No samples found: goleft_indexcov
[2022-08-05 11:05:18,865] multiqc                                            [DEBUG  ]  No samples found: gffcompare
[2022-08-05 11:05:18,870] multiqc                                            [DEBUG  ]  No samples found: disambiguate
[2022-08-05 11:05:18,876] multiqc                                            [DEBUG  ]  No samples found: supernova
[2022-08-05 11:05:18,896] multiqc                                            [DEBUG  ]  No samples found: deeptools
[2022-08-05 11:05:18,901] multiqc                                            [DEBUG  ]  No samples found: sargasso
[2022-08-05 11:05:18,906] multiqc                                            [DEBUG  ]  No samples found: verifybamid
[2022-08-05 11:05:18,912] multiqc                                            [DEBUG  ]  No samples found: mirtrace
[2022-08-05 11:05:18,919] multiqc                                            [DEBUG  ]  No samples found: happy
[2022-08-05 11:05:18,924] multiqc                                            [DEBUG  ]  No samples found: mirtop
[2022-08-05 11:05:18,932] multiqc                                            [DEBUG  ]  No samples found: sambamba
[2022-08-05 11:05:18,941] multiqc                                            [DEBUG  ]  No samples found: homer
[2022-08-05 11:05:18,945] multiqc                                            [DEBUG  ]  No samples found: hops
[2022-08-05 11:05:19,180] multiqc                                            [DEBUG  ]  No samples found: macs2
[2022-08-05 11:05:19,184] multiqc                                            [DEBUG  ]  No samples found: theta2
[2022-08-05 11:05:19,189] multiqc                                            [DEBUG  ]  No samples found: snpeff
[2022-08-05 11:05:19,197] multiqc                                            [DEBUG  ]  No samples found: gatk
[2022-08-05 11:05:19,201] multiqc                                            [DEBUG  ]  No samples found: htseq
[2022-08-05 11:05:19,207] multiqc                                            [DEBUG  ]  No samples found: bcftools
[2022-08-05 11:05:19,212] multiqc                                            [DEBUG  ]  No samples found: featureCounts
[2022-08-05 11:05:19,449] multiqc                                            [DEBUG  ]  No samples found: fgbio
[2022-08-05 11:05:19,465] multiqc                                            [DEBUG  ]  No samples found: dragen
[2022-08-05 11:05:19,469] multiqc                                            [DEBUG  ]  No samples found: dedup
[2022-08-05 11:05:19,474] multiqc                                            [DEBUG  ]  No samples found: damageprofiler
[2022-08-05 11:05:19,745] multiqc                                            [DEBUG  ]  No samples found: biobambam2
[2022-08-05 11:05:19,751] multiqc                                            [DEBUG  ]  No samples found: jcvi
[2022-08-05 11:05:19,756] multiqc                                            [DEBUG  ]  No samples found: mtnucratio
[2022-08-05 11:05:19,758] multiqc                                            [DEBUG  ]  No samples found: picard
[2022-08-05 11:05:19,763] multiqc                                            [DEBUG  ]  No samples found: vep
[2022-08-05 11:05:19,772] multiqc                                            [DEBUG  ]  No samples found: sentieon
[2022-08-05 11:05:19,776] multiqc                                            [DEBUG  ]  No samples found: prokka
[2022-08-05 11:05:19,784] multiqc                                            [DEBUG  ]  No samples found: qc3C
[2022-08-05 11:05:19,789] multiqc                                            [DEBUG  ]  No samples found: nanostat
[2022-08-05 11:05:19,793] multiqc                                            [DEBUG  ]  No samples found: samblaster
[2022-08-05 11:05:19,803] multiqc                                            [DEBUG  ]  No samples found: samtools
[2022-08-05 11:05:20,039] multiqc                                            [DEBUG  ]  No samples found: sexdeterrmine
[2022-08-05 11:05:20,044] multiqc                                            [DEBUG  ]  No samples found: eigenstratdatabasetools
[2022-08-05 11:05:20,279] multiqc                                            [DEBUG  ]  No samples found: bamtools
[2022-08-05 11:05:20,285] multiqc                                            [DEBUG  ]  No samples found: jellyfish
[2022-08-05 11:05:20,819] multiqc                                            [DEBUG  ]  No samples found: vcftools
[2022-08-05 11:05:20,825] multiqc                                            [DEBUG  ]  No samples found: longranger
[2022-08-05 11:05:20,832] multiqc                                            [DEBUG  ]  No samples found: stacks
[2022-08-05 11:05:20,838] multiqc                                            [DEBUG  ]  No samples found: varscan2
[2022-08-05 11:05:20,844] multiqc                                            [DEBUG  ]  No samples found: snippy
[2022-08-05 11:05:20,862] multiqc                                            [DEBUG  ]  No samples found: bbmap
[2022-08-05 11:05:20,868] multiqc                                            [DEBUG  ]  No samples found: bismark
[2022-08-05 11:05:20,876] multiqc                                            [DEBUG  ]  No samples found: biscuit
[2022-08-05 11:05:20,881] multiqc                                            [DEBUG  ]  No samples found: hicexplorer
[2022-08-05 11:05:20,885] multiqc                                            [DEBUG  ]  No samples found: hicup
[2022-08-05 11:05:20,892] multiqc                                            [DEBUG  ]  No samples found: hicpro
[2022-08-05 11:05:20,896] multiqc                                            [DEBUG  ]  No samples found: salmon
[2022-08-05 11:05:20,901] multiqc                                            [DEBUG  ]  No samples found: kallisto
[2022-08-05 11:05:20,908] multiqc                                            [DEBUG  ]  No samples found: slamdunk
[2022-08-05 11:05:20,913] multiqc                                            [DEBUG  ]  No samples found: star
[2022-08-05 11:05:20,917] multiqc                                            [DEBUG  ]  No samples found: hisat2
[2022-08-05 11:05:20,921] multiqc                                            [DEBUG  ]  No samples found: tophat
[2022-08-05 11:05:20,926] multiqc                                            [DEBUG  ]  No samples found: bowtie2
[2022-08-05 11:05:20,931] multiqc                                            [DEBUG  ]  No samples found: bowtie1
[2022-08-05 11:05:20,936] multiqc                                            [DEBUG  ]  No samples found: snpsplit
[2022-08-05 11:05:21,171] multiqc                                            [DEBUG  ]  No samples found: odgi
[2022-08-05 11:05:21,176] multiqc                                            [DEBUG  ]  No samples found: pangolin
[2022-08-05 11:05:21,180] multiqc                                            [DEBUG  ]  No samples found: kat
[2022-08-05 11:05:21,185] multiqc                                            [DEBUG  ]  No samples found: leehom
[2022-08-05 11:05:21,421] multiqc                                            [DEBUG  ]  No samples found: adapterRemoval
[2022-08-05 11:05:21,655] multiqc                                            [DEBUG  ]  No samples found: clipandmerge
[2022-08-05 11:05:21,661] multiqc                                            [DEBUG  ]  No samples found: cutadapt
[2022-08-05 11:05:21,665] multiqc                                            [DEBUG  ]  No samples found: flexbar
[2022-08-05 11:05:21,670] multiqc                                            [DEBUG  ]  No samples found: kaiju
[2022-08-05 11:05:21,906] multiqc                                            [DEBUG  ]  No samples found: kraken
[2022-08-05 11:05:21,911] multiqc                                            [DEBUG  ]  No samples found: malt
[2022-08-05 11:05:21,917] multiqc                                            [DEBUG  ]  No samples found: trimmomatic
[2022-08-05 11:05:21,922] multiqc                                            [DEBUG  ]  No samples found: sickle
[2022-08-05 11:05:21,927] multiqc                                            [DEBUG  ]  No samples found: skewer
[2022-08-05 11:05:22,295] multiqc                                            [DEBUG  ]  No samples found: sortmerna
[2022-08-05 11:05:22,300] multiqc                                            [DEBUG  ]  No samples found: biobloomtools
[2022-08-05 11:05:22,305] multiqc                                            [DEBUG  ]  No samples found: fastq_screen
[2022-08-05 11:05:22,310] multiqc                                            [DEBUG  ]  No samples found: afterqc
[2022-08-05 11:05:22,315] multiqc                                            [DEBUG  ]  No samples found: fastp
[2022-08-05 11:05:23,594] multiqc.modules.fastqc.fastqc                      [INFO   ]  Found 4 reports
[2022-08-05 11:05:23,642] multiqc                                            [DEBUG  ]  No samples found: pychopper
[2022-08-05 11:05:23,647] multiqc                                            [DEBUG  ]  No samples found: pycoqc
[2022-08-05 11:05:23,651] multiqc                                            [DEBUG  ]  No samples found: minionqc
[2022-08-05 11:05:23,887] multiqc                                            [DEBUG  ]  No samples found: multivcfanalyzer
[2022-08-05 11:05:23,894] multiqc                                            [DEBUG  ]  No samples found: clusterflow
[2022-08-05 11:05:23,901] multiqc                                            [DEBUG  ]  No samples found: bcl2fastq
[2022-08-05 11:05:23,908] multiqc                                            [DEBUG  ]  No samples found: bclconvert
[2022-08-05 11:05:23,915] multiqc                                            [DEBUG  ]  No samples found: interop
[2022-08-05 11:05:23,920] multiqc                                            [DEBUG  ]  No samples found: ivar
[2022-08-05 11:05:23,925] multiqc                                            [DEBUG  ]  No samples found: flash
[2022-08-05 11:05:23,930] multiqc                                            [DEBUG  ]  No samples found: seqyclean
[2022-08-05 11:05:23,935] multiqc                                            [DEBUG  ]  No samples found: optitype
[2022-08-05 11:05:23,940] multiqc                                            [INFO   ]  Compressing plot data
[2022-08-05 11:05:23,992] multiqc                                            [INFO   ]  Report      : 401569_MGSD_CSIRO.qc.stats/multiqc_report.html
[2022-08-05 11:05:23,992] multiqc                                            [INFO   ]  Data        : 401569_MGSD_CSIRO.qc.stats/multiqc_data
[2022-08-05 11:05:23,992] multiqc                                            [DEBUG  ]  Moving data file from '/tmp/smi9a9.8584559/tmputog3ing/multiqc_data' to '401569_MGSD_CSIRO.qc.stats/multiqc_data'
[2022-08-05 11:05:24,369] multiqc                                            [INFO   ]  MultiQC complete
