[2022-08-05 11:08:12,751] multiqc                                            [DEBUG  ]  This is MultiQC v1.11
[2022-08-05 11:08:12,751] multiqc                                            [DEBUG  ]  No MultiQC config found: /apps/multiqc/1.11/lib/python3.9/site-packages/multiqc_config.yaml
[2022-08-05 11:08:12,752] multiqc                                            [DEBUG  ]  No MultiQC config found: /home/smi9a9/.multiqc_config.yaml
[2022-08-05 11:08:13,579] multiqc                                            [DEBUG  ]  No MultiQC config found: multiqc_config.yaml
[2022-08-05 11:08:13,579] multiqc                                            [DEBUG  ]  Command used: /apps/multiqc/1.11/bin/multiqc ./9506_HCWFWBCXX-1_merged_fastqc.html ./9506_HCWFWBCXX-1_merged_fastqc.zip ./9506_HCWFWBCXX-1_merged.fastq.gz ./9506_HCWFWBCXX-1_R1p_fastqc.html ./9506_HCWFWBCXX-1_R1p_fastqc.zip ./9506_HCWFWBCXX-1_R1p.fastq.gz ./9506_HCWFWBCXX-1_R1R2u_fastqc.html ./9506_HCWFWBCXX-1_R1R2u_fastqc.zip ./9506_HCWFWBCXX-1_R1R2u.fastq.gz ./9506_HCWFWBCXX-1_R2p_fastqc.html ./9506_HCWFWBCXX-1_R2p_fastqc.zip ./9506_HCWFWBCXX-1_R2p.fastq.gz ./9506_QCreads.md5 -o 9506_MGSD_CSIRO.qc.stats
[2022-08-05 11:08:13,582] multiqc                                            [DEBUG  ]  Could not connect to multiqc.info for version check: <urlopen error [Errno 111] Connection refused>
[2022-08-05 11:08:13,582] multiqc                                            [DEBUG  ]  Command     : /apps/multiqc/1.11/bin/multiqc ./9506_HCWFWBCXX-1_merged_fastqc.html ./9506_HCWFWBCXX-1_merged_fastqc.zip ./9506_HCWFWBCXX-1_merged.fastq.gz ./9506_HCWFWBCXX-1_R1p_fastqc.html ./9506_HCWFWBCXX-1_R1p_fastqc.zip ./9506_HCWFWBCXX-1_R1p.fastq.gz ./9506_HCWFWBCXX-1_R1R2u_fastqc.html ./9506_HCWFWBCXX-1_R1R2u_fastqc.zip ./9506_HCWFWBCXX-1_R1R2u.fastq.gz ./9506_HCWFWBCXX-1_R2p_fastqc.html ./9506_HCWFWBCXX-1_R2p_fastqc.zip ./9506_HCWFWBCXX-1_R2p.fastq.gz ./9506_QCreads.md5 -o 9506_MGSD_CSIRO.qc.stats
[2022-08-05 11:08:13,582] multiqc                                            [DEBUG  ]  Working dir : /datasets/work/oa-amd/work/amd/Metagenome_QC_reads
[2022-08-05 11:08:13,582] multiqc                                            [DEBUG  ]  Template    : default
[2022-08-05 11:08:13,582] multiqc                                            [DEBUG  ]  Running Python 3.9.4 (default, Apr 25 2021, 16:13:27)  [GCC 10.3.0]
[2022-08-05 11:08:13,582] multiqc                                            [DEBUG  ]  Analysing modules: custom_content, ccs, ngsderive, purple, conpair, lima, peddy, somalier, methylQA, mosdepth, phantompeakqualtools, qualimap, preseq, quast, qorts, rna_seqc, rockhopper, rsem, rseqc, busco, bustools, goleft_indexcov, gffcompare, disambiguate, supernova, deeptools, sargasso, verifybamid, mirtrace, happy, mirtop, sambamba, homer, hops, macs2, theta2, snpeff, gatk, htseq, bcftools, featureCounts, fgbio, dragen, dedup, damageprofiler, biobambam2, jcvi, mtnucratio, picard, vep, sentieon, prokka, qc3C, nanostat, samblaster, samtools, sexdeterrmine, eigenstratdatabasetools, bamtools, jellyfish, vcftools, longranger, stacks, varscan2, snippy, bbmap, bismark, biscuit, hicexplorer, hicup, hicpro, salmon, kallisto, slamdunk, star, hisat2, tophat, bowtie2, bowtie1, snpsplit, odgi, pangolin, kat, leehom, adapterRemoval, clipandmerge, cutadapt, flexbar, kaiju, kraken, malt, trimmomatic, sickle, skewer, sortmerna, biobloomtools, fastq_screen, afterqc, fastp, fastqc, pychopper, pycoqc, minionqc, multivcfanalyzer, clusterflow, bcl2fastq, bclconvert, interop, ivar, flash, seqyclean, optitype
[2022-08-05 11:08:13,582] multiqc                                            [DEBUG  ]  Using temporary directory for creating report: /tmp/smi9a9.8585045/tmpfwsj8cxg
[2022-08-05 11:08:13,874] multiqc                                            [INFO   ]  Search path : /datasets/work/oa-amd/work/amd/Metagenome_QC_reads/9506_HCWFWBCXX-1_merged_fastqc.html
[2022-08-05 11:08:13,874] multiqc                                            [INFO   ]  Search path : /datasets/work/oa-amd/work/amd/Metagenome_QC_reads/9506_HCWFWBCXX-1_merged_fastqc.zip
[2022-08-05 11:08:13,874] multiqc                                            [INFO   ]  Search path : /datasets/work/oa-amd/work/amd/Metagenome_QC_reads/9506_HCWFWBCXX-1_merged.fastq.gz
[2022-08-05 11:08:13,874] multiqc                                            [INFO   ]  Search path : /datasets/work/oa-amd/work/amd/Metagenome_QC_reads/9506_HCWFWBCXX-1_R1p_fastqc.html
[2022-08-05 11:08:13,874] multiqc                                            [INFO   ]  Search path : /datasets/work/oa-amd/work/amd/Metagenome_QC_reads/9506_HCWFWBCXX-1_R1p_fastqc.zip
[2022-08-05 11:08:13,874] multiqc                                            [INFO   ]  Search path : /datasets/work/oa-amd/work/amd/Metagenome_QC_reads/9506_HCWFWBCXX-1_R1p.fastq.gz
[2022-08-05 11:08:13,874] multiqc                                            [INFO   ]  Search path : /datasets/work/oa-amd/work/amd/Metagenome_QC_reads/9506_HCWFWBCXX-1_R1R2u_fastqc.html
[2022-08-05 11:08:13,874] multiqc                                            [INFO   ]  Search path : /datasets/work/oa-amd/work/amd/Metagenome_QC_reads/9506_HCWFWBCXX-1_R1R2u_fastqc.zip
[2022-08-05 11:08:13,874] multiqc                                            [INFO   ]  Search path : /datasets/work/oa-amd/work/amd/Metagenome_QC_reads/9506_HCWFWBCXX-1_R1R2u.fastq.gz
[2022-08-05 11:08:13,874] multiqc                                            [INFO   ]  Search path : /datasets/work/oa-amd/work/amd/Metagenome_QC_reads/9506_HCWFWBCXX-1_R2p_fastqc.html
[2022-08-05 11:08:13,874] multiqc                                            [INFO   ]  Search path : /datasets/work/oa-amd/work/amd/Metagenome_QC_reads/9506_HCWFWBCXX-1_R2p_fastqc.zip
[2022-08-05 11:08:13,874] multiqc                                            [INFO   ]  Search path : /datasets/work/oa-amd/work/amd/Metagenome_QC_reads/9506_HCWFWBCXX-1_R2p.fastq.gz
[2022-08-05 11:08:13,874] multiqc                                            [INFO   ]  Search path : /datasets/work/oa-amd/work/amd/Metagenome_QC_reads/9506_QCreads.md5
[2022-08-05 11:08:41,100] multiqc                                            [DEBUG  ]  File ignored by ccs/v4 because it exceeded search pattern filesize limit: 9506_HCWFWBCXX-1_merged_fastqc.html
[2022-08-05 11:08:42,281] multiqc                                            [DEBUG  ]  File ignored by hicexplorer because it exceeded search pattern filesize limit: 9506_HCWFWBCXX-1_merged_fastqc.html
[2022-08-05 11:08:42,282] multiqc                                            [DEBUG  ]  File ignored by nanostat because it exceeded search pattern filesize limit: 9506_HCWFWBCXX-1_merged_fastqc.html
[2022-08-05 11:08:42,282] multiqc                                            [DEBUG  ]  File ignored by lima/summary because it exceeded search pattern filesize limit: 9506_HCWFWBCXX-1_merged_fastqc.html
[2022-08-05 11:08:53,012] multiqc                                            [DEBUG  ]  File ignored by vep/vep_txt because it exceeded search pattern filesize limit: 9506_HCWFWBCXX-1_merged_fastqc.html
[2022-08-05 11:08:53,012] multiqc                                            [DEBUG  ]  File ignored by longranger/invocation because it exceeded search pattern filesize limit: 9506_HCWFWBCXX-1_merged_fastqc.html
[2022-08-05 11:08:53,012] multiqc                                            [DEBUG  ]  File ignored by rockhopper because it exceeded search pattern filesize limit: 9506_HCWFWBCXX-1_merged_fastqc.html
[2022-08-05 11:08:53,012] multiqc                                            [DEBUG  ]  File ignored by rseqc/bam_stat because it exceeded search pattern filesize limit: 9506_HCWFWBCXX-1_merged_fastqc.html
[2022-08-05 11:08:53,012] multiqc                                            [DEBUG  ]  File ignored by rseqc/junction_annotation because it exceeded search pattern filesize limit: 9506_HCWFWBCXX-1_merged_fastqc.html
[2022-08-05 11:08:53,012] multiqc                                            [DEBUG  ]  File ignored by rseqc/read_distribution because it exceeded search pattern filesize limit: 9506_HCWFWBCXX-1_merged_fastqc.html
[2022-08-05 11:08:53,012] multiqc                                            [DEBUG  ]  File ignored by rseqc/infer_experiment because it exceeded search pattern filesize limit: 9506_HCWFWBCXX-1_merged_fastqc.html
[2022-08-05 11:08:53,287] multiqc                                            [DEBUG  ]  Ignoring file as matched an ignore pattern: 9506_HCWFWBCXX-1_merged.fastq.gz
[2022-08-05 11:08:56,509] multiqc                                            [DEBUG  ]  File ignored by ccs/v4 because it exceeded search pattern filesize limit: 9506_HCWFWBCXX-1_R1p_fastqc.html
[2022-08-05 11:08:58,120] multiqc                                            [DEBUG  ]  File ignored by hicexplorer because it exceeded search pattern filesize limit: 9506_HCWFWBCXX-1_R1p_fastqc.html
[2022-08-05 11:08:58,125] multiqc                                            [DEBUG  ]  File ignored by nanostat because it exceeded search pattern filesize limit: 9506_HCWFWBCXX-1_R1p_fastqc.html
[2022-08-05 11:08:58,125] multiqc                                            [DEBUG  ]  File ignored by lima/summary because it exceeded search pattern filesize limit: 9506_HCWFWBCXX-1_R1p_fastqc.html
[2022-08-05 11:08:58,167] multiqc                                            [DEBUG  ]  File ignored by vep/vep_txt because it exceeded search pattern filesize limit: 9506_HCWFWBCXX-1_R1p_fastqc.html
[2022-08-05 11:08:58,167] multiqc                                            [DEBUG  ]  File ignored by longranger/invocation because it exceeded search pattern filesize limit: 9506_HCWFWBCXX-1_R1p_fastqc.html
[2022-08-05 11:08:58,167] multiqc                                            [DEBUG  ]  File ignored by rockhopper because it exceeded search pattern filesize limit: 9506_HCWFWBCXX-1_R1p_fastqc.html
[2022-08-05 11:08:58,167] multiqc                                            [DEBUG  ]  File ignored by rseqc/bam_stat because it exceeded search pattern filesize limit: 9506_HCWFWBCXX-1_R1p_fastqc.html
[2022-08-05 11:08:58,167] multiqc                                            [DEBUG  ]  File ignored by rseqc/junction_annotation because it exceeded search pattern filesize limit: 9506_HCWFWBCXX-1_R1p_fastqc.html
[2022-08-05 11:08:58,167] multiqc                                            [DEBUG  ]  File ignored by rseqc/read_distribution because it exceeded search pattern filesize limit: 9506_HCWFWBCXX-1_R1p_fastqc.html
[2022-08-05 11:08:58,167] multiqc                                            [DEBUG  ]  File ignored by rseqc/infer_experiment because it exceeded search pattern filesize limit: 9506_HCWFWBCXX-1_R1p_fastqc.html
[2022-08-05 11:08:59,396] multiqc                                            [DEBUG  ]  Ignoring file as matched an ignore pattern: 9506_HCWFWBCXX-1_R1p.fastq.gz
[2022-08-05 11:09:01,236] multiqc                                            [DEBUG  ]  File ignored by ccs/v4 because it exceeded search pattern filesize limit: 9506_HCWFWBCXX-1_R1R2u_fastqc.html
[2022-08-05 11:09:01,345] multiqc                                            [DEBUG  ]  File ignored by hicexplorer because it exceeded search pattern filesize limit: 9506_HCWFWBCXX-1_R1R2u_fastqc.html
[2022-08-05 11:09:01,346] multiqc                                            [DEBUG  ]  File ignored by nanostat because it exceeded search pattern filesize limit: 9506_HCWFWBCXX-1_R1R2u_fastqc.html
[2022-08-05 11:09:01,346] multiqc                                            [DEBUG  ]  File ignored by lima/summary because it exceeded search pattern filesize limit: 9506_HCWFWBCXX-1_R1R2u_fastqc.html
[2022-08-05 11:09:03,114] multiqc                                            [DEBUG  ]  File ignored by vep/vep_txt because it exceeded search pattern filesize limit: 9506_HCWFWBCXX-1_R1R2u_fastqc.html
[2022-08-05 11:09:03,114] multiqc                                            [DEBUG  ]  File ignored by longranger/invocation because it exceeded search pattern filesize limit: 9506_HCWFWBCXX-1_R1R2u_fastqc.html
[2022-08-05 11:09:06,251] multiqc                                            [DEBUG  ]  Ignoring file as matched an ignore pattern: 9506_HCWFWBCXX-1_R1R2u.fastq.gz
[2022-08-05 11:09:06,566] multiqc                                            [DEBUG  ]  File ignored by ccs/v4 because it exceeded search pattern filesize limit: 9506_HCWFWBCXX-1_R2p_fastqc.html
[2022-08-05 11:09:07,954] multiqc                                            [DEBUG  ]  File ignored by hicexplorer because it exceeded search pattern filesize limit: 9506_HCWFWBCXX-1_R2p_fastqc.html
[2022-08-05 11:09:08,044] multiqc                                            [DEBUG  ]  File ignored by nanostat because it exceeded search pattern filesize limit: 9506_HCWFWBCXX-1_R2p_fastqc.html
[2022-08-05 11:09:08,044] multiqc                                            [DEBUG  ]  File ignored by lima/summary because it exceeded search pattern filesize limit: 9506_HCWFWBCXX-1_R2p_fastqc.html
[2022-08-05 11:09:08,094] multiqc                                            [DEBUG  ]  File ignored by vep/vep_txt because it exceeded search pattern filesize limit: 9506_HCWFWBCXX-1_R2p_fastqc.html
[2022-08-05 11:09:08,094] multiqc                                            [DEBUG  ]  File ignored by longranger/invocation because it exceeded search pattern filesize limit: 9506_HCWFWBCXX-1_R2p_fastqc.html
[2022-08-05 11:09:08,094] multiqc                                            [DEBUG  ]  File ignored by rockhopper because it exceeded search pattern filesize limit: 9506_HCWFWBCXX-1_R2p_fastqc.html
[2022-08-05 11:09:08,094] multiqc                                            [DEBUG  ]  File ignored by rseqc/bam_stat because it exceeded search pattern filesize limit: 9506_HCWFWBCXX-1_R2p_fastqc.html
[2022-08-05 11:09:08,095] multiqc                                            [DEBUG  ]  File ignored by rseqc/junction_annotation because it exceeded search pattern filesize limit: 9506_HCWFWBCXX-1_R2p_fastqc.html
[2022-08-05 11:09:08,095] multiqc                                            [DEBUG  ]  File ignored by rseqc/read_distribution because it exceeded search pattern filesize limit: 9506_HCWFWBCXX-1_R2p_fastqc.html
[2022-08-05 11:09:08,095] multiqc                                            [DEBUG  ]  File ignored by rseqc/infer_experiment because it exceeded search pattern filesize limit: 9506_HCWFWBCXX-1_R2p_fastqc.html
[2022-08-05 11:09:10,430] multiqc                                            [DEBUG  ]  Ignoring file as matched an ignore pattern: 9506_HCWFWBCXX-1_R2p.fastq.gz
[2022-08-05 11:09:10,455] multiqc                                            [DEBUG  ]  Ignoring file as matched an ignore pattern: 9506_QCreads.md5
[2022-08-05 11:09:14,815] multiqc.plots.bargraph                             [DEBUG  ]  Using matplotlib version 3.3.4
[2022-08-05 11:09:14,819] multiqc.plots.linegraph                            [DEBUG  ]  Using matplotlib version 3.3.4
[2022-08-05 11:09:14,822] multiqc                                            [DEBUG  ]  No samples found: custom_content
[2022-08-05 11:09:14,828] multiqc                                            [DEBUG  ]  No samples found: ccs
[2022-08-05 11:09:14,833] multiqc                                            [DEBUG  ]  No samples found: ngsderive
[2022-08-05 11:09:14,838] multiqc                                            [DEBUG  ]  No samples found: purple
[2022-08-05 11:09:14,843] multiqc                                            [DEBUG  ]  No samples found: conpair
[2022-08-05 11:09:14,848] multiqc                                            [DEBUG  ]  No samples found: lima
[2022-08-05 11:09:14,853] multiqc                                            [DEBUG  ]  No samples found: peddy
[2022-08-05 11:09:14,860] multiqc                                            [DEBUG  ]  No samples found: somalier
[2022-08-05 11:09:14,865] multiqc                                            [DEBUG  ]  No samples found: methylQA
[2022-08-05 11:09:14,875] multiqc.modules.mosdepth.mosdepth                  [DEBUG  ]  include_contigs: []
[2022-08-05 11:09:14,875] multiqc.modules.mosdepth.mosdepth                  [DEBUG  ]  exclude_contigs: []
[2022-08-05 11:09:14,875] multiqc                                            [DEBUG  ]  No samples found: mosdepth
[2022-08-05 11:09:14,880] multiqc                                            [DEBUG  ]  No samples found: phantompeakqualtools
[2022-08-05 11:09:14,883] multiqc                                            [DEBUG  ]  No samples found: qualimap
[2022-08-05 11:09:14,889] multiqc                                            [DEBUG  ]  No samples found: preseq
[2022-08-05 11:09:14,894] multiqc                                            [DEBUG  ]  No samples found: quast
[2022-08-05 11:09:14,899] multiqc                                            [DEBUG  ]  No samples found: qorts
[2022-08-05 11:09:14,904] multiqc                                            [DEBUG  ]  No samples found: rna_seqc
[2022-08-05 11:09:14,909] multiqc                                            [DEBUG  ]  No samples found: rockhopper
[2022-08-05 11:09:14,914] multiqc                                            [DEBUG  ]  No samples found: rsem
[2022-08-05 11:09:14,929] multiqc                                            [DEBUG  ]  No samples found: rseqc
[2022-08-05 11:09:14,934] multiqc                                            [DEBUG  ]  No samples found: busco
[2022-08-05 11:09:14,938] multiqc                                            [DEBUG  ]  No samples found: bustools
[2022-08-05 11:09:14,943] multiqc                                            [DEBUG  ]  No samples found: goleft_indexcov
[2022-08-05 11:09:14,949] multiqc                                            [DEBUG  ]  No samples found: gffcompare
[2022-08-05 11:09:14,953] multiqc                                            [DEBUG  ]  No samples found: disambiguate
[2022-08-05 11:09:14,959] multiqc                                            [DEBUG  ]  No samples found: supernova
[2022-08-05 11:09:14,975] multiqc                                            [DEBUG  ]  No samples found: deeptools
[2022-08-05 11:09:14,980] multiqc                                            [DEBUG  ]  No samples found: sargasso
[2022-08-05 11:09:14,986] multiqc                                            [DEBUG  ]  No samples found: verifybamid
[2022-08-05 11:09:14,991] multiqc                                            [DEBUG  ]  No samples found: mirtrace
[2022-08-05 11:09:14,996] multiqc                                            [DEBUG  ]  No samples found: happy
[2022-08-05 11:09:15,001] multiqc                                            [DEBUG  ]  No samples found: mirtop
[2022-08-05 11:09:15,006] multiqc                                            [DEBUG  ]  No samples found: sambamba
[2022-08-05 11:09:15,014] multiqc                                            [DEBUG  ]  No samples found: homer
[2022-08-05 11:09:15,248] multiqc                                            [DEBUG  ]  No samples found: hops
[2022-08-05 11:09:15,483] multiqc                                            [DEBUG  ]  No samples found: macs2
[2022-08-05 11:09:15,487] multiqc                                            [DEBUG  ]  No samples found: theta2
[2022-08-05 11:09:15,493] multiqc                                            [DEBUG  ]  No samples found: snpeff
[2022-08-05 11:09:15,501] multiqc                                            [DEBUG  ]  No samples found: gatk
[2022-08-05 11:09:15,505] multiqc                                            [DEBUG  ]  No samples found: htseq
[2022-08-05 11:09:15,511] multiqc                                            [DEBUG  ]  No samples found: bcftools
[2022-08-05 11:09:15,516] multiqc                                            [DEBUG  ]  No samples found: featureCounts
[2022-08-05 11:09:15,523] multiqc                                            [DEBUG  ]  No samples found: fgbio
[2022-08-05 11:09:15,771] multiqc                                            [DEBUG  ]  No samples found: dragen
[2022-08-05 11:09:15,777] multiqc                                            [DEBUG  ]  No samples found: dedup
[2022-08-05 11:09:15,783] multiqc                                            [DEBUG  ]  No samples found: damageprofiler
[2022-08-05 11:09:16,049] multiqc                                            [DEBUG  ]  No samples found: biobambam2
[2022-08-05 11:09:16,056] multiqc                                            [DEBUG  ]  No samples found: jcvi
[2022-08-05 11:09:16,060] multiqc                                            [DEBUG  ]  No samples found: mtnucratio
[2022-08-05 11:09:16,062] multiqc                                            [DEBUG  ]  No samples found: picard
[2022-08-05 11:09:16,068] multiqc                                            [DEBUG  ]  No samples found: vep
[2022-08-05 11:09:16,076] multiqc                                            [DEBUG  ]  No samples found: sentieon
[2022-08-05 11:09:16,081] multiqc                                            [DEBUG  ]  No samples found: prokka
[2022-08-05 11:09:16,089] multiqc                                            [DEBUG  ]  No samples found: qc3C
[2022-08-05 11:09:16,324] multiqc                                            [DEBUG  ]  No samples found: nanostat
[2022-08-05 11:09:16,328] multiqc                                            [DEBUG  ]  No samples found: samblaster
[2022-08-05 11:09:16,338] multiqc                                            [DEBUG  ]  No samples found: samtools
[2022-08-05 11:09:16,343] multiqc                                            [DEBUG  ]  No samples found: sexdeterrmine
[2022-08-05 11:09:16,347] multiqc                                            [DEBUG  ]  No samples found: eigenstratdatabasetools
[2022-08-05 11:09:16,352] multiqc                                            [DEBUG  ]  No samples found: bamtools
[2022-08-05 11:09:16,357] multiqc                                            [DEBUG  ]  No samples found: jellyfish
[2022-08-05 11:09:16,365] multiqc                                            [DEBUG  ]  No samples found: vcftools
[2022-08-05 11:09:16,370] multiqc                                            [DEBUG  ]  No samples found: longranger
[2022-08-05 11:09:16,375] multiqc                                            [DEBUG  ]  No samples found: stacks
[2022-08-05 11:09:16,380] multiqc                                            [DEBUG  ]  No samples found: varscan2
[2022-08-05 11:09:16,385] multiqc                                            [DEBUG  ]  No samples found: snippy
[2022-08-05 11:09:16,634] multiqc                                            [DEBUG  ]  No samples found: bbmap
[2022-08-05 11:09:16,641] multiqc                                            [DEBUG  ]  No samples found: bismark
[2022-08-05 11:09:16,649] multiqc                                            [DEBUG  ]  No samples found: biscuit
[2022-08-05 11:09:16,884] multiqc                                            [DEBUG  ]  No samples found: hicexplorer
[2022-08-05 11:09:16,889] multiqc                                            [DEBUG  ]  No samples found: hicup
[2022-08-05 11:09:17,126] multiqc                                            [DEBUG  ]  No samples found: hicpro
[2022-08-05 11:09:17,130] multiqc                                            [DEBUG  ]  No samples found: salmon
[2022-08-05 11:09:17,135] multiqc                                            [DEBUG  ]  No samples found: kallisto
[2022-08-05 11:09:17,141] multiqc                                            [DEBUG  ]  No samples found: slamdunk
[2022-08-05 11:09:17,146] multiqc                                            [DEBUG  ]  No samples found: star
[2022-08-05 11:09:17,151] multiqc                                            [DEBUG  ]  No samples found: hisat2
[2022-08-05 11:09:17,156] multiqc                                            [DEBUG  ]  No samples found: tophat
[2022-08-05 11:09:17,161] multiqc                                            [DEBUG  ]  No samples found: bowtie2
[2022-08-05 11:09:17,165] multiqc                                            [DEBUG  ]  No samples found: bowtie1
[2022-08-05 11:09:17,170] multiqc                                            [DEBUG  ]  No samples found: snpsplit
[2022-08-05 11:09:17,406] multiqc                                            [DEBUG  ]  No samples found: odgi
[2022-08-05 11:09:17,411] multiqc                                            [DEBUG  ]  No samples found: pangolin
[2022-08-05 11:09:17,647] multiqc                                            [DEBUG  ]  No samples found: kat
[2022-08-05 11:09:17,651] multiqc                                            [DEBUG  ]  No samples found: leehom
[2022-08-05 11:09:17,656] multiqc                                            [DEBUG  ]  No samples found: adapterRemoval
[2022-08-05 11:09:17,659] multiqc                                            [DEBUG  ]  No samples found: clipandmerge
[2022-08-05 11:09:17,664] multiqc                                            [DEBUG  ]  No samples found: cutadapt
[2022-08-05 11:09:17,668] multiqc                                            [DEBUG  ]  No samples found: flexbar
[2022-08-05 11:09:17,904] multiqc                                            [DEBUG  ]  No samples found: kaiju
[2022-08-05 11:09:17,909] multiqc                                            [DEBUG  ]  No samples found: kraken
[2022-08-05 11:09:17,913] multiqc                                            [DEBUG  ]  No samples found: malt
[2022-08-05 11:09:17,918] multiqc                                            [DEBUG  ]  No samples found: trimmomatic
[2022-08-05 11:09:17,922] multiqc                                            [DEBUG  ]  No samples found: sickle
[2022-08-05 11:09:17,926] multiqc                                            [DEBUG  ]  No samples found: skewer
[2022-08-05 11:09:18,160] multiqc                                            [DEBUG  ]  No samples found: sortmerna
[2022-08-05 11:09:18,164] multiqc                                            [DEBUG  ]  No samples found: biobloomtools
[2022-08-05 11:09:18,169] multiqc                                            [DEBUG  ]  No samples found: fastq_screen
[2022-08-05 11:09:18,173] multiqc                                            [DEBUG  ]  No samples found: afterqc
[2022-08-05 11:09:18,178] multiqc                                            [DEBUG  ]  No samples found: fastp
[2022-08-05 11:09:18,611] multiqc.modules.fastqc.fastqc                      [INFO   ]  Found 4 reports
[2022-08-05 11:09:18,611] multiqc.modules.fastqc.fastqc                      [WARNING]  Sample had zero reads: '9506_HCWFWBCXX-1_R1R2u'
[2022-08-05 11:09:18,910] multiqc                                            [DEBUG  ]  No samples found: pychopper
[2022-08-05 11:09:18,916] multiqc                                            [DEBUG  ]  No samples found: pycoqc
[2022-08-05 11:09:18,922] multiqc                                            [DEBUG  ]  No samples found: minionqc
[2022-08-05 11:09:18,929] multiqc                                            [DEBUG  ]  No samples found: multivcfanalyzer
[2022-08-05 11:09:18,934] multiqc                                            [DEBUG  ]  No samples found: clusterflow
[2022-08-05 11:09:18,941] multiqc                                            [DEBUG  ]  No samples found: bcl2fastq
[2022-08-05 11:09:18,948] multiqc                                            [DEBUG  ]  No samples found: bclconvert
[2022-08-05 11:09:18,954] multiqc                                            [DEBUG  ]  No samples found: interop
[2022-08-05 11:09:18,959] multiqc                                            [DEBUG  ]  No samples found: ivar
[2022-08-05 11:09:18,964] multiqc                                            [DEBUG  ]  No samples found: flash
[2022-08-05 11:09:18,969] multiqc                                            [DEBUG  ]  No samples found: seqyclean
[2022-08-05 11:09:18,974] multiqc                                            [DEBUG  ]  No samples found: optitype
[2022-08-05 11:09:18,978] multiqc                                            [INFO   ]  Compressing plot data
[2022-08-05 11:09:22,537] multiqc                                            [INFO   ]  Report      : 9506_MGSD_CSIRO.qc.stats/multiqc_report.html
[2022-08-05 11:09:22,537] multiqc                                            [INFO   ]  Data        : 9506_MGSD_CSIRO.qc.stats/multiqc_data
[2022-08-05 11:09:22,537] multiqc                                            [DEBUG  ]  Moving data file from '/tmp/smi9a9.8585045/tmpfwsj8cxg/multiqc_data' to '9506_MGSD_CSIRO.qc.stats/multiqc_data'
[2022-08-05 11:09:23,321] multiqc                                            [INFO   ]  MultiQC complete
