[2022-08-05 11:04:39,334] multiqc                                            [DEBUG  ]  This is MultiQC v1.11
[2022-08-05 11:04:39,334] multiqc                                            [DEBUG  ]  No MultiQC config found: /apps/multiqc/1.11/lib/python3.9/site-packages/multiqc_config.yaml
[2022-08-05 11:04:39,335] multiqc                                            [DEBUG  ]  No MultiQC config found: /home/smi9a9/.multiqc_config.yaml
[2022-08-05 11:04:39,337] multiqc                                            [DEBUG  ]  No MultiQC config found: multiqc_config.yaml
[2022-08-05 11:04:39,337] multiqc                                            [DEBUG  ]  Command used: /apps/multiqc/1.11/bin/multiqc ./7912_H33CGBCXX-2_merged_fastqc.html ./7912_H33CGBCXX-2_merged_fastqc.zip ./7912_H33CGBCXX-2_merged.fastq.gz ./7912_H33CGBCXX-2_R1p_fastqc.html ./7912_H33CGBCXX-2_R1p_fastqc.zip ./7912_H33CGBCXX-2_R1p.fastq.gz ./7912_H33CGBCXX-2_R1R2u_fastqc.html ./7912_H33CGBCXX-2_R1R2u_fastqc.zip ./7912_H33CGBCXX-2_R1R2u.fastq.gz ./7912_H33CGBCXX-2_R2p_fastqc.html ./7912_H33CGBCXX-2_R2p_fastqc.zip ./7912_H33CGBCXX-2_R2p.fastq.gz ./7912_QCreads.md5 -o 7912_MGSD_CSIRO.qc.stats
[2022-08-05 11:04:39,578] multiqc                                            [DEBUG  ]  Could not connect to multiqc.info for version check: <urlopen error [Errno 111] Connection refused>
[2022-08-05 11:04:39,579] multiqc                                            [DEBUG  ]  Command     : /apps/multiqc/1.11/bin/multiqc ./7912_H33CGBCXX-2_merged_fastqc.html ./7912_H33CGBCXX-2_merged_fastqc.zip ./7912_H33CGBCXX-2_merged.fastq.gz ./7912_H33CGBCXX-2_R1p_fastqc.html ./7912_H33CGBCXX-2_R1p_fastqc.zip ./7912_H33CGBCXX-2_R1p.fastq.gz ./7912_H33CGBCXX-2_R1R2u_fastqc.html ./7912_H33CGBCXX-2_R1R2u_fastqc.zip ./7912_H33CGBCXX-2_R1R2u.fastq.gz ./7912_H33CGBCXX-2_R2p_fastqc.html ./7912_H33CGBCXX-2_R2p_fastqc.zip ./7912_H33CGBCXX-2_R2p.fastq.gz ./7912_QCreads.md5 -o 7912_MGSD_CSIRO.qc.stats
[2022-08-05 11:04:39,579] multiqc                                            [DEBUG  ]  Working dir : /datasets/work/oa-amd/work/amd/Metagenome_QC_reads
[2022-08-05 11:04:39,579] multiqc                                            [DEBUG  ]  Template    : default
[2022-08-05 11:04:39,579] multiqc                                            [DEBUG  ]  Running Python 3.9.4 (default, Apr 25 2021, 16:13:27)  [GCC 10.3.0]
[2022-08-05 11:04:39,579] multiqc                                            [DEBUG  ]  Analysing modules: custom_content, ccs, ngsderive, purple, conpair, lima, peddy, somalier, methylQA, mosdepth, phantompeakqualtools, qualimap, preseq, quast, qorts, rna_seqc, rockhopper, rsem, rseqc, busco, bustools, goleft_indexcov, gffcompare, disambiguate, supernova, deeptools, sargasso, verifybamid, mirtrace, happy, mirtop, sambamba, homer, hops, macs2, theta2, snpeff, gatk, htseq, bcftools, featureCounts, fgbio, dragen, dedup, damageprofiler, biobambam2, jcvi, mtnucratio, picard, vep, sentieon, prokka, qc3C, nanostat, samblaster, samtools, sexdeterrmine, eigenstratdatabasetools, bamtools, jellyfish, vcftools, longranger, stacks, varscan2, snippy, bbmap, bismark, biscuit, hicexplorer, hicup, hicpro, salmon, kallisto, slamdunk, star, hisat2, tophat, bowtie2, bowtie1, snpsplit, odgi, pangolin, kat, leehom, adapterRemoval, clipandmerge, cutadapt, flexbar, kaiju, kraken, malt, trimmomatic, sickle, skewer, sortmerna, biobloomtools, fastq_screen, afterqc, fastp, fastqc, pychopper, pycoqc, minionqc, multivcfanalyzer, clusterflow, bcl2fastq, bclconvert, interop, ivar, flash, seqyclean, optitype
[2022-08-05 11:04:39,579] multiqc                                            [DEBUG  ]  Using temporary directory for creating report: /tmp/smi9a9.8584546/tmpe7l_dwf_
[2022-08-05 11:04:39,649] multiqc                                            [INFO   ]  Search path : /datasets/work/oa-amd/work/amd/Metagenome_QC_reads/7912_H33CGBCXX-2_merged_fastqc.html
[2022-08-05 11:04:39,649] multiqc                                            [INFO   ]  Search path : /datasets/work/oa-amd/work/amd/Metagenome_QC_reads/7912_H33CGBCXX-2_merged_fastqc.zip
[2022-08-05 11:04:39,649] multiqc                                            [INFO   ]  Search path : /datasets/work/oa-amd/work/amd/Metagenome_QC_reads/7912_H33CGBCXX-2_merged.fastq.gz
[2022-08-05 11:04:39,649] multiqc                                            [INFO   ]  Search path : /datasets/work/oa-amd/work/amd/Metagenome_QC_reads/7912_H33CGBCXX-2_R1p_fastqc.html
[2022-08-05 11:04:39,649] multiqc                                            [INFO   ]  Search path : /datasets/work/oa-amd/work/amd/Metagenome_QC_reads/7912_H33CGBCXX-2_R1p_fastqc.zip
[2022-08-05 11:04:39,649] multiqc                                            [INFO   ]  Search path : /datasets/work/oa-amd/work/amd/Metagenome_QC_reads/7912_H33CGBCXX-2_R1p.fastq.gz
[2022-08-05 11:04:39,649] multiqc                                            [INFO   ]  Search path : /datasets/work/oa-amd/work/amd/Metagenome_QC_reads/7912_H33CGBCXX-2_R1R2u_fastqc.html
[2022-08-05 11:04:39,649] multiqc                                            [INFO   ]  Search path : /datasets/work/oa-amd/work/amd/Metagenome_QC_reads/7912_H33CGBCXX-2_R1R2u_fastqc.zip
[2022-08-05 11:04:39,649] multiqc                                            [INFO   ]  Search path : /datasets/work/oa-amd/work/amd/Metagenome_QC_reads/7912_H33CGBCXX-2_R1R2u.fastq.gz
[2022-08-05 11:04:39,649] multiqc                                            [INFO   ]  Search path : /datasets/work/oa-amd/work/amd/Metagenome_QC_reads/7912_H33CGBCXX-2_R2p_fastqc.html
[2022-08-05 11:04:39,649] multiqc                                            [INFO   ]  Search path : /datasets/work/oa-amd/work/amd/Metagenome_QC_reads/7912_H33CGBCXX-2_R2p_fastqc.zip
[2022-08-05 11:04:39,649] multiqc                                            [INFO   ]  Search path : /datasets/work/oa-amd/work/amd/Metagenome_QC_reads/7912_H33CGBCXX-2_R2p.fastq.gz
[2022-08-05 11:04:39,649] multiqc                                            [INFO   ]  Search path : /datasets/work/oa-amd/work/amd/Metagenome_QC_reads/7912_QCreads.md5
[2022-08-05 11:04:39,981] multiqc                                            [DEBUG  ]  File ignored by ccs/v4 because it exceeded search pattern filesize limit: 7912_H33CGBCXX-2_merged_fastqc.html
[2022-08-05 11:04:39,991] multiqc                                            [DEBUG  ]  File ignored by hicexplorer because it exceeded search pattern filesize limit: 7912_H33CGBCXX-2_merged_fastqc.html
[2022-08-05 11:04:39,992] multiqc                                            [DEBUG  ]  File ignored by nanostat because it exceeded search pattern filesize limit: 7912_H33CGBCXX-2_merged_fastqc.html
[2022-08-05 11:04:39,992] multiqc                                            [DEBUG  ]  File ignored by lima/summary because it exceeded search pattern filesize limit: 7912_H33CGBCXX-2_merged_fastqc.html
[2022-08-05 11:04:40,009] multiqc                                            [DEBUG  ]  File ignored by vep/vep_txt because it exceeded search pattern filesize limit: 7912_H33CGBCXX-2_merged_fastqc.html
[2022-08-05 11:04:40,009] multiqc                                            [DEBUG  ]  File ignored by longranger/invocation because it exceeded search pattern filesize limit: 7912_H33CGBCXX-2_merged_fastqc.html
[2022-08-05 11:04:40,009] multiqc                                            [DEBUG  ]  File ignored by rockhopper because it exceeded search pattern filesize limit: 7912_H33CGBCXX-2_merged_fastqc.html
[2022-08-05 11:04:40,009] multiqc                                            [DEBUG  ]  File ignored by rseqc/bam_stat because it exceeded search pattern filesize limit: 7912_H33CGBCXX-2_merged_fastqc.html
[2022-08-05 11:04:40,009] multiqc                                            [DEBUG  ]  File ignored by rseqc/junction_annotation because it exceeded search pattern filesize limit: 7912_H33CGBCXX-2_merged_fastqc.html
[2022-08-05 11:04:40,009] multiqc                                            [DEBUG  ]  File ignored by rseqc/read_distribution because it exceeded search pattern filesize limit: 7912_H33CGBCXX-2_merged_fastqc.html
[2022-08-05 11:04:40,009] multiqc                                            [DEBUG  ]  File ignored by rseqc/infer_experiment because it exceeded search pattern filesize limit: 7912_H33CGBCXX-2_merged_fastqc.html
[2022-08-05 11:04:40,109] multiqc                                            [DEBUG  ]  Ignoring file as matched an ignore pattern: 7912_H33CGBCXX-2_merged.fastq.gz
[2022-08-05 11:04:40,790] multiqc                                            [DEBUG  ]  File ignored by ccs/v4 because it exceeded search pattern filesize limit: 7912_H33CGBCXX-2_R1p_fastqc.html
[2022-08-05 11:04:40,799] multiqc                                            [DEBUG  ]  File ignored by hicexplorer because it exceeded search pattern filesize limit: 7912_H33CGBCXX-2_R1p_fastqc.html
[2022-08-05 11:04:40,800] multiqc                                            [DEBUG  ]  File ignored by nanostat because it exceeded search pattern filesize limit: 7912_H33CGBCXX-2_R1p_fastqc.html
[2022-08-05 11:04:40,800] multiqc                                            [DEBUG  ]  File ignored by lima/summary because it exceeded search pattern filesize limit: 7912_H33CGBCXX-2_R1p_fastqc.html
[2022-08-05 11:04:40,818] multiqc                                            [DEBUG  ]  File ignored by vep/vep_txt because it exceeded search pattern filesize limit: 7912_H33CGBCXX-2_R1p_fastqc.html
[2022-08-05 11:04:40,818] multiqc                                            [DEBUG  ]  File ignored by longranger/invocation because it exceeded search pattern filesize limit: 7912_H33CGBCXX-2_R1p_fastqc.html
[2022-08-05 11:04:40,818] multiqc                                            [DEBUG  ]  File ignored by rockhopper because it exceeded search pattern filesize limit: 7912_H33CGBCXX-2_R1p_fastqc.html
[2022-08-05 11:04:40,818] multiqc                                            [DEBUG  ]  File ignored by rseqc/bam_stat because it exceeded search pattern filesize limit: 7912_H33CGBCXX-2_R1p_fastqc.html
[2022-08-05 11:04:40,818] multiqc                                            [DEBUG  ]  File ignored by rseqc/junction_annotation because it exceeded search pattern filesize limit: 7912_H33CGBCXX-2_R1p_fastqc.html
[2022-08-05 11:04:40,818] multiqc                                            [DEBUG  ]  File ignored by rseqc/read_distribution because it exceeded search pattern filesize limit: 7912_H33CGBCXX-2_R1p_fastqc.html
[2022-08-05 11:04:40,818] multiqc                                            [DEBUG  ]  File ignored by rseqc/infer_experiment because it exceeded search pattern filesize limit: 7912_H33CGBCXX-2_R1p_fastqc.html
[2022-08-05 11:04:40,903] multiqc                                            [DEBUG  ]  Ignoring file as matched an ignore pattern: 7912_H33CGBCXX-2_R1p.fastq.gz
[2022-08-05 11:04:41,280] multiqc                                            [DEBUG  ]  File ignored by ccs/v4 because it exceeded search pattern filesize limit: 7912_H33CGBCXX-2_R1R2u_fastqc.html
[2022-08-05 11:04:41,289] multiqc                                            [DEBUG  ]  File ignored by hicexplorer because it exceeded search pattern filesize limit: 7912_H33CGBCXX-2_R1R2u_fastqc.html
[2022-08-05 11:04:41,290] multiqc                                            [DEBUG  ]  File ignored by nanostat because it exceeded search pattern filesize limit: 7912_H33CGBCXX-2_R1R2u_fastqc.html
[2022-08-05 11:04:41,290] multiqc                                            [DEBUG  ]  File ignored by lima/summary because it exceeded search pattern filesize limit: 7912_H33CGBCXX-2_R1R2u_fastqc.html
[2022-08-05 11:04:41,356] multiqc                                            [DEBUG  ]  File ignored by vep/vep_txt because it exceeded search pattern filesize limit: 7912_H33CGBCXX-2_R1R2u_fastqc.html
[2022-08-05 11:04:41,356] multiqc                                            [DEBUG  ]  File ignored by longranger/invocation because it exceeded search pattern filesize limit: 7912_H33CGBCXX-2_R1R2u_fastqc.html
[2022-08-05 11:04:41,356] multiqc                                            [DEBUG  ]  File ignored by rockhopper because it exceeded search pattern filesize limit: 7912_H33CGBCXX-2_R1R2u_fastqc.html
[2022-08-05 11:04:41,356] multiqc                                            [DEBUG  ]  File ignored by rseqc/bam_stat because it exceeded search pattern filesize limit: 7912_H33CGBCXX-2_R1R2u_fastqc.html
[2022-08-05 11:04:41,356] multiqc                                            [DEBUG  ]  File ignored by rseqc/junction_annotation because it exceeded search pattern filesize limit: 7912_H33CGBCXX-2_R1R2u_fastqc.html
[2022-08-05 11:04:41,356] multiqc                                            [DEBUG  ]  File ignored by rseqc/read_distribution because it exceeded search pattern filesize limit: 7912_H33CGBCXX-2_R1R2u_fastqc.html
[2022-08-05 11:04:41,356] multiqc                                            [DEBUG  ]  File ignored by rseqc/infer_experiment because it exceeded search pattern filesize limit: 7912_H33CGBCXX-2_R1R2u_fastqc.html
[2022-08-05 11:04:41,905] multiqc                                            [DEBUG  ]  Ignoring file as matched an ignore pattern: 7912_H33CGBCXX-2_R1R2u.fastq.gz
[2022-08-05 11:04:41,922] multiqc                                            [DEBUG  ]  File ignored by ccs/v4 because it exceeded search pattern filesize limit: 7912_H33CGBCXX-2_R2p_fastqc.html
[2022-08-05 11:04:41,931] multiqc                                            [DEBUG  ]  File ignored by hicexplorer because it exceeded search pattern filesize limit: 7912_H33CGBCXX-2_R2p_fastqc.html
[2022-08-05 11:04:41,932] multiqc                                            [DEBUG  ]  File ignored by nanostat because it exceeded search pattern filesize limit: 7912_H33CGBCXX-2_R2p_fastqc.html
[2022-08-05 11:04:41,932] multiqc                                            [DEBUG  ]  File ignored by lima/summary because it exceeded search pattern filesize limit: 7912_H33CGBCXX-2_R2p_fastqc.html
[2022-08-05 11:04:41,979] multiqc                                            [DEBUG  ]  File ignored by vep/vep_txt because it exceeded search pattern filesize limit: 7912_H33CGBCXX-2_R2p_fastqc.html
[2022-08-05 11:04:41,979] multiqc                                            [DEBUG  ]  File ignored by longranger/invocation because it exceeded search pattern filesize limit: 7912_H33CGBCXX-2_R2p_fastqc.html
[2022-08-05 11:04:41,979] multiqc                                            [DEBUG  ]  File ignored by rockhopper because it exceeded search pattern filesize limit: 7912_H33CGBCXX-2_R2p_fastqc.html
[2022-08-05 11:04:41,979] multiqc                                            [DEBUG  ]  File ignored by rseqc/bam_stat because it exceeded search pattern filesize limit: 7912_H33CGBCXX-2_R2p_fastqc.html
[2022-08-05 11:04:41,979] multiqc                                            [DEBUG  ]  File ignored by rseqc/junction_annotation because it exceeded search pattern filesize limit: 7912_H33CGBCXX-2_R2p_fastqc.html
[2022-08-05 11:04:41,979] multiqc                                            [DEBUG  ]  File ignored by rseqc/read_distribution because it exceeded search pattern filesize limit: 7912_H33CGBCXX-2_R2p_fastqc.html
[2022-08-05 11:04:41,979] multiqc                                            [DEBUG  ]  File ignored by rseqc/infer_experiment because it exceeded search pattern filesize limit: 7912_H33CGBCXX-2_R2p_fastqc.html
[2022-08-05 11:04:42,055] multiqc                                            [DEBUG  ]  Ignoring file as matched an ignore pattern: 7912_H33CGBCXX-2_R2p.fastq.gz
[2022-08-05 11:04:42,055] multiqc                                            [DEBUG  ]  Ignoring file as matched an ignore pattern: 7912_QCreads.md5
[2022-08-05 11:04:45,838] multiqc.plots.bargraph                             [DEBUG  ]  Using matplotlib version 3.3.4
[2022-08-05 11:04:45,843] multiqc.plots.linegraph                            [DEBUG  ]  Using matplotlib version 3.3.4
[2022-08-05 11:04:45,847] multiqc                                            [DEBUG  ]  No samples found: custom_content
[2022-08-05 11:04:46,083] multiqc                                            [DEBUG  ]  No samples found: ccs
[2022-08-05 11:04:46,090] multiqc                                            [DEBUG  ]  No samples found: ngsderive
[2022-08-05 11:04:46,095] multiqc                                            [DEBUG  ]  No samples found: purple
[2022-08-05 11:04:46,100] multiqc                                            [DEBUG  ]  No samples found: conpair
[2022-08-05 11:04:46,106] multiqc                                            [DEBUG  ]  No samples found: lima
[2022-08-05 11:04:46,112] multiqc                                            [DEBUG  ]  No samples found: peddy
[2022-08-05 11:04:46,119] multiqc                                            [DEBUG  ]  No samples found: somalier
[2022-08-05 11:04:46,125] multiqc                                            [DEBUG  ]  No samples found: methylQA
[2022-08-05 11:04:46,137] multiqc.modules.mosdepth.mosdepth                  [DEBUG  ]  include_contigs: []
[2022-08-05 11:04:46,137] multiqc.modules.mosdepth.mosdepth                  [DEBUG  ]  exclude_contigs: []
[2022-08-05 11:04:46,137] multiqc                                            [DEBUG  ]  No samples found: mosdepth
[2022-08-05 11:04:46,372] multiqc                                            [DEBUG  ]  No samples found: phantompeakqualtools
[2022-08-05 11:04:46,606] multiqc                                            [DEBUG  ]  No samples found: qualimap
[2022-08-05 11:04:46,843] multiqc                                            [DEBUG  ]  No samples found: preseq
[2022-08-05 11:04:46,849] multiqc                                            [DEBUG  ]  No samples found: quast
[2022-08-05 11:04:46,855] multiqc                                            [DEBUG  ]  No samples found: qorts
[2022-08-05 11:04:46,862] multiqc                                            [DEBUG  ]  No samples found: rna_seqc
[2022-08-05 11:04:47,100] multiqc                                            [DEBUG  ]  No samples found: rockhopper
[2022-08-05 11:04:47,335] multiqc                                            [DEBUG  ]  No samples found: rsem
[2022-08-05 11:04:47,586] multiqc                                            [DEBUG  ]  No samples found: rseqc
[2022-08-05 11:04:47,592] multiqc                                            [DEBUG  ]  No samples found: busco
[2022-08-05 11:04:47,598] multiqc                                            [DEBUG  ]  No samples found: bustools
[2022-08-05 11:04:47,603] multiqc                                            [DEBUG  ]  No samples found: goleft_indexcov
[2022-08-05 11:04:47,609] multiqc                                            [DEBUG  ]  No samples found: gffcompare
[2022-08-05 11:04:47,615] multiqc                                            [DEBUG  ]  No samples found: disambiguate
[2022-08-05 11:04:47,622] multiqc                                            [DEBUG  ]  No samples found: supernova
[2022-08-05 11:04:48,105] multiqc                                            [DEBUG  ]  No samples found: deeptools
[2022-08-05 11:04:48,112] multiqc                                            [DEBUG  ]  No samples found: sargasso
[2022-08-05 11:04:48,118] multiqc                                            [DEBUG  ]  No samples found: verifybamid
[2022-08-05 11:04:48,125] multiqc                                            [DEBUG  ]  No samples found: mirtrace
[2022-08-05 11:04:48,132] multiqc                                            [DEBUG  ]  No samples found: happy
[2022-08-05 11:04:48,140] multiqc                                            [DEBUG  ]  No samples found: mirtop
[2022-08-05 11:04:48,148] multiqc                                            [DEBUG  ]  No samples found: sambamba
[2022-08-05 11:04:48,160] multiqc                                            [DEBUG  ]  No samples found: homer
[2022-08-05 11:04:48,167] multiqc                                            [DEBUG  ]  No samples found: hops
[2022-08-05 11:04:48,176] multiqc                                            [DEBUG  ]  No samples found: macs2
[2022-08-05 11:04:48,187] multiqc                                            [DEBUG  ]  No samples found: theta2
[2022-08-05 11:04:48,197] multiqc                                            [DEBUG  ]  No samples found: snpeff
[2022-08-05 11:04:48,674] multiqc                                            [DEBUG  ]  No samples found: gatk
[2022-08-05 11:04:48,680] multiqc                                            [DEBUG  ]  No samples found: htseq
[2022-08-05 11:04:48,689] multiqc                                            [DEBUG  ]  No samples found: bcftools
[2022-08-05 11:04:48,925] multiqc                                            [DEBUG  ]  No samples found: featureCounts
[2022-08-05 11:04:49,164] multiqc                                            [DEBUG  ]  No samples found: fgbio
[2022-08-05 11:04:49,192] multiqc                                            [DEBUG  ]  No samples found: dragen
[2022-08-05 11:04:49,198] multiqc                                            [DEBUG  ]  No samples found: dedup
[2022-08-05 11:04:49,435] multiqc                                            [DEBUG  ]  No samples found: damageprofiler
[2022-08-05 11:04:49,720] multiqc                                            [DEBUG  ]  No samples found: biobambam2
[2022-08-05 11:04:49,726] multiqc                                            [DEBUG  ]  No samples found: jcvi
[2022-08-05 11:04:49,731] multiqc                                            [DEBUG  ]  No samples found: mtnucratio
[2022-08-05 11:04:49,733] multiqc                                            [DEBUG  ]  No samples found: picard
[2022-08-05 11:04:49,740] multiqc                                            [DEBUG  ]  No samples found: vep
[2022-08-05 11:04:49,750] multiqc                                            [DEBUG  ]  No samples found: sentieon
[2022-08-05 11:04:49,757] multiqc                                            [DEBUG  ]  No samples found: prokka
[2022-08-05 11:04:49,996] multiqc                                            [DEBUG  ]  No samples found: qc3C
[2022-08-05 11:04:50,411] multiqc                                            [DEBUG  ]  No samples found: nanostat
[2022-08-05 11:04:50,416] multiqc                                            [DEBUG  ]  No samples found: samblaster
[2022-08-05 11:04:50,661] multiqc                                            [DEBUG  ]  No samples found: samtools
[2022-08-05 11:04:50,898] multiqc                                            [DEBUG  ]  No samples found: sexdeterrmine
[2022-08-05 11:04:50,903] multiqc                                            [DEBUG  ]  No samples found: eigenstratdatabasetools
[2022-08-05 11:04:50,911] multiqc                                            [DEBUG  ]  No samples found: bamtools
[2022-08-05 11:04:50,917] multiqc                                            [DEBUG  ]  No samples found: jellyfish
[2022-08-05 11:04:50,930] multiqc                                            [DEBUG  ]  No samples found: vcftools
[2022-08-05 11:04:50,937] multiqc                                            [DEBUG  ]  No samples found: longranger
[2022-08-05 11:04:51,385] multiqc                                            [DEBUG  ]  No samples found: stacks
[2022-08-05 11:04:51,618] multiqc                                            [DEBUG  ]  No samples found: varscan2
[2022-08-05 11:04:51,625] multiqc                                            [DEBUG  ]  No samples found: snippy
[2022-08-05 11:04:52,110] multiqc                                            [DEBUG  ]  No samples found: bbmap
[2022-08-05 11:04:52,347] multiqc                                            [DEBUG  ]  No samples found: bismark
[2022-08-05 11:04:52,587] multiqc                                            [DEBUG  ]  No samples found: biscuit
[2022-08-05 11:04:52,825] multiqc                                            [DEBUG  ]  No samples found: hicexplorer
[2022-08-05 11:04:53,071] multiqc                                            [DEBUG  ]  No samples found: hicup
[2022-08-05 11:04:53,078] multiqc                                            [DEBUG  ]  No samples found: hicpro
[2022-08-05 11:04:53,316] multiqc                                            [DEBUG  ]  No samples found: salmon
[2022-08-05 11:04:53,324] multiqc                                            [DEBUG  ]  No samples found: kallisto
[2022-08-05 11:04:53,569] multiqc                                            [DEBUG  ]  No samples found: slamdunk
[2022-08-05 11:04:53,807] multiqc                                            [DEBUG  ]  No samples found: star
[2022-08-05 11:04:53,813] multiqc                                            [DEBUG  ]  No samples found: hisat2
[2022-08-05 11:04:53,819] multiqc                                            [DEBUG  ]  No samples found: tophat
[2022-08-05 11:04:53,826] multiqc                                            [DEBUG  ]  No samples found: bowtie2
[2022-08-05 11:04:53,833] multiqc                                            [DEBUG  ]  No samples found: bowtie1
[2022-08-05 11:04:53,842] multiqc                                            [DEBUG  ]  No samples found: snpsplit
[2022-08-05 11:04:54,080] multiqc                                            [DEBUG  ]  No samples found: odgi
[2022-08-05 11:04:54,086] multiqc                                            [DEBUG  ]  No samples found: pangolin
[2022-08-05 11:04:54,322] multiqc                                            [DEBUG  ]  No samples found: kat
[2022-08-05 11:04:54,792] multiqc                                            [DEBUG  ]  No samples found: leehom
[2022-08-05 11:04:54,805] multiqc                                            [DEBUG  ]  No samples found: adapterRemoval
[2022-08-05 11:04:54,813] multiqc                                            [DEBUG  ]  No samples found: clipandmerge
[2022-08-05 11:04:54,821] multiqc                                            [DEBUG  ]  No samples found: cutadapt
[2022-08-05 11:04:55,054] multiqc                                            [DEBUG  ]  No samples found: flexbar
[2022-08-05 11:04:55,290] multiqc                                            [DEBUG  ]  No samples found: kaiju
[2022-08-05 11:04:55,527] multiqc                                            [DEBUG  ]  No samples found: kraken
[2022-08-05 11:04:55,765] multiqc                                            [DEBUG  ]  No samples found: malt
[2022-08-05 11:04:55,772] multiqc                                            [DEBUG  ]  No samples found: trimmomatic
[2022-08-05 11:04:55,778] multiqc                                            [DEBUG  ]  No samples found: sickle
[2022-08-05 11:04:55,784] multiqc                                            [DEBUG  ]  No samples found: skewer
[2022-08-05 11:04:55,790] multiqc                                            [DEBUG  ]  No samples found: sortmerna
[2022-08-05 11:04:55,796] multiqc                                            [DEBUG  ]  No samples found: biobloomtools
[2022-08-05 11:04:55,802] multiqc                                            [DEBUG  ]  No samples found: fastq_screen
[2022-08-05 11:04:55,809] multiqc                                            [DEBUG  ]  No samples found: afterqc
[2022-08-05 11:04:55,817] multiqc                                            [DEBUG  ]  No samples found: fastp
[2022-08-05 11:04:56,279] multiqc.modules.fastqc.fastqc                      [INFO   ]  Found 4 reports
[2022-08-05 11:04:56,565] multiqc                                            [DEBUG  ]  No samples found: pychopper
[2022-08-05 11:04:56,570] multiqc                                            [DEBUG  ]  No samples found: pycoqc
[2022-08-05 11:04:56,576] multiqc                                            [DEBUG  ]  No samples found: minionqc
[2022-08-05 11:04:56,582] multiqc                                            [DEBUG  ]  No samples found: multivcfanalyzer
[2022-08-05 11:04:56,589] multiqc                                            [DEBUG  ]  No samples found: clusterflow
[2022-08-05 11:04:56,596] multiqc                                            [DEBUG  ]  No samples found: bcl2fastq
[2022-08-05 11:04:56,604] multiqc                                            [DEBUG  ]  No samples found: bclconvert
[2022-08-05 11:04:56,841] multiqc                                            [DEBUG  ]  No samples found: interop
[2022-08-05 11:04:56,849] multiqc                                            [DEBUG  ]  No samples found: ivar
[2022-08-05 11:04:57,323] multiqc                                            [DEBUG  ]  No samples found: flash
[2022-08-05 11:04:57,332] multiqc                                            [DEBUG  ]  No samples found: seqyclean
[2022-08-05 11:04:57,569] multiqc                                            [DEBUG  ]  No samples found: optitype
[2022-08-05 11:04:57,573] multiqc                                            [INFO   ]  Compressing plot data
[2022-08-05 11:04:58,002] multiqc                                            [INFO   ]  Report      : 7912_MGSD_CSIRO.qc.stats/multiqc_report.html
[2022-08-05 11:04:58,002] multiqc                                            [INFO   ]  Data        : 7912_MGSD_CSIRO.qc.stats/multiqc_data
[2022-08-05 11:04:58,002] multiqc                                            [DEBUG  ]  Moving data file from '/tmp/smi9a9.8584546/tmpe7l_dwf_/multiqc_data' to '7912_MGSD_CSIRO.qc.stats/multiqc_data'
[2022-08-05 11:04:58,487] multiqc                                            [INFO   ]  MultiQC complete
