[2022-08-05 11:11:16,951] multiqc                                            [DEBUG  ]  This is MultiQC v1.11
[2022-08-05 11:11:16,952] multiqc                                            [DEBUG  ]  No MultiQC config found: /apps/multiqc/1.11/lib/python3.9/site-packages/multiqc_config.yaml
[2022-08-05 11:11:16,952] multiqc                                            [DEBUG  ]  No MultiQC config found: /home/smi9a9/.multiqc_config.yaml
[2022-08-05 11:11:18,562] multiqc                                            [DEBUG  ]  No MultiQC config found: multiqc_config.yaml
[2022-08-05 11:11:18,562] multiqc                                            [DEBUG  ]  Command used: /apps/multiqc/1.11/bin/multiqc ./7855_H3WK2BCXX-1_merged_fastqc.html ./7855_H3WK2BCXX-1_merged_fastqc.zip ./7855_H3WK2BCXX-1_merged.fastq.gz ./7855_H3WK2BCXX-1_R1p_fastqc.html ./7855_H3WK2BCXX-1_R1p_fastqc.zip ./7855_H3WK2BCXX-1_R1p.fastq.gz ./7855_H3WK2BCXX-1_R1R2u_fastqc.html ./7855_H3WK2BCXX-1_R1R2u_fastqc.zip ./7855_H3WK2BCXX-1_R1R2u.fastq.gz ./7855_H3WK2BCXX-1_R2p_fastqc.html ./7855_H3WK2BCXX-1_R2p_fastqc.zip ./7855_H3WK2BCXX-1_R2p.fastq.gz ./7855_QCreads.md5 -o 7855_MGSD_CSIRO.qc.stats
[2022-08-05 11:11:18,565] multiqc                                            [DEBUG  ]  Could not connect to multiqc.info for version check: <urlopen error [Errno 111] Connection refused>
[2022-08-05 11:11:18,565] multiqc                                            [DEBUG  ]  Command     : /apps/multiqc/1.11/bin/multiqc ./7855_H3WK2BCXX-1_merged_fastqc.html ./7855_H3WK2BCXX-1_merged_fastqc.zip ./7855_H3WK2BCXX-1_merged.fastq.gz ./7855_H3WK2BCXX-1_R1p_fastqc.html ./7855_H3WK2BCXX-1_R1p_fastqc.zip ./7855_H3WK2BCXX-1_R1p.fastq.gz ./7855_H3WK2BCXX-1_R1R2u_fastqc.html ./7855_H3WK2BCXX-1_R1R2u_fastqc.zip ./7855_H3WK2BCXX-1_R1R2u.fastq.gz ./7855_H3WK2BCXX-1_R2p_fastqc.html ./7855_H3WK2BCXX-1_R2p_fastqc.zip ./7855_H3WK2BCXX-1_R2p.fastq.gz ./7855_QCreads.md5 -o 7855_MGSD_CSIRO.qc.stats
[2022-08-05 11:11:18,565] multiqc                                            [DEBUG  ]  Working dir : /datasets/work/oa-amd/work/amd/Metagenome_QC_reads
[2022-08-05 11:11:18,565] multiqc                                            [DEBUG  ]  Template    : default
[2022-08-05 11:11:18,565] multiqc                                            [DEBUG  ]  Running Python 3.9.4 (default, Apr 25 2021, 16:13:27)  [GCC 10.3.0]
[2022-08-05 11:11:18,565] multiqc                                            [DEBUG  ]  Analysing modules: custom_content, ccs, ngsderive, purple, conpair, lima, peddy, somalier, methylQA, mosdepth, phantompeakqualtools, qualimap, preseq, quast, qorts, rna_seqc, rockhopper, rsem, rseqc, busco, bustools, goleft_indexcov, gffcompare, disambiguate, supernova, deeptools, sargasso, verifybamid, mirtrace, happy, mirtop, sambamba, homer, hops, macs2, theta2, snpeff, gatk, htseq, bcftools, featureCounts, fgbio, dragen, dedup, damageprofiler, biobambam2, jcvi, mtnucratio, picard, vep, sentieon, prokka, qc3C, nanostat, samblaster, samtools, sexdeterrmine, eigenstratdatabasetools, bamtools, jellyfish, vcftools, longranger, stacks, varscan2, snippy, bbmap, bismark, biscuit, hicexplorer, hicup, hicpro, salmon, kallisto, slamdunk, star, hisat2, tophat, bowtie2, bowtie1, snpsplit, odgi, pangolin, kat, leehom, adapterRemoval, clipandmerge, cutadapt, flexbar, kaiju, kraken, malt, trimmomatic, sickle, skewer, sortmerna, biobloomtools, fastq_screen, afterqc, fastp, fastqc, pychopper, pycoqc, minionqc, multivcfanalyzer, clusterflow, bcl2fastq, bclconvert, interop, ivar, flash, seqyclean, optitype
[2022-08-05 11:11:18,565] multiqc                                            [DEBUG  ]  Using temporary directory for creating report: /tmp/smi9a9.8585990/tmpz_fa7jz8
[2022-08-05 11:11:18,688] multiqc                                            [INFO   ]  Search path : /datasets/work/oa-amd/work/amd/Metagenome_QC_reads/7855_H3WK2BCXX-1_merged_fastqc.html
[2022-08-05 11:11:18,688] multiqc                                            [INFO   ]  Search path : /datasets/work/oa-amd/work/amd/Metagenome_QC_reads/7855_H3WK2BCXX-1_merged_fastqc.zip
[2022-08-05 11:11:18,688] multiqc                                            [INFO   ]  Search path : /datasets/work/oa-amd/work/amd/Metagenome_QC_reads/7855_H3WK2BCXX-1_merged.fastq.gz
[2022-08-05 11:11:18,688] multiqc                                            [INFO   ]  Search path : /datasets/work/oa-amd/work/amd/Metagenome_QC_reads/7855_H3WK2BCXX-1_R1p_fastqc.html
[2022-08-05 11:11:18,688] multiqc                                            [INFO   ]  Search path : /datasets/work/oa-amd/work/amd/Metagenome_QC_reads/7855_H3WK2BCXX-1_R1p_fastqc.zip
[2022-08-05 11:11:18,688] multiqc                                            [INFO   ]  Search path : /datasets/work/oa-amd/work/amd/Metagenome_QC_reads/7855_H3WK2BCXX-1_R1p.fastq.gz
[2022-08-05 11:11:18,688] multiqc                                            [INFO   ]  Search path : /datasets/work/oa-amd/work/amd/Metagenome_QC_reads/7855_H3WK2BCXX-1_R1R2u_fastqc.html
[2022-08-05 11:11:18,688] multiqc                                            [INFO   ]  Search path : /datasets/work/oa-amd/work/amd/Metagenome_QC_reads/7855_H3WK2BCXX-1_R1R2u_fastqc.zip
[2022-08-05 11:11:18,688] multiqc                                            [INFO   ]  Search path : /datasets/work/oa-amd/work/amd/Metagenome_QC_reads/7855_H3WK2BCXX-1_R1R2u.fastq.gz
[2022-08-05 11:11:18,688] multiqc                                            [INFO   ]  Search path : /datasets/work/oa-amd/work/amd/Metagenome_QC_reads/7855_H3WK2BCXX-1_R2p_fastqc.html
[2022-08-05 11:11:18,688] multiqc                                            [INFO   ]  Search path : /datasets/work/oa-amd/work/amd/Metagenome_QC_reads/7855_H3WK2BCXX-1_R2p_fastqc.zip
[2022-08-05 11:11:18,688] multiqc                                            [INFO   ]  Search path : /datasets/work/oa-amd/work/amd/Metagenome_QC_reads/7855_H3WK2BCXX-1_R2p.fastq.gz
[2022-08-05 11:11:18,688] multiqc                                            [INFO   ]  Search path : /datasets/work/oa-amd/work/amd/Metagenome_QC_reads/7855_QCreads.md5
[2022-08-05 11:11:19,427] multiqc                                            [DEBUG  ]  File ignored by ccs/v4 because it exceeded search pattern filesize limit: 7855_H3WK2BCXX-1_merged_fastqc.html
[2022-08-05 11:11:19,447] multiqc                                            [DEBUG  ]  File ignored by hicexplorer because it exceeded search pattern filesize limit: 7855_H3WK2BCXX-1_merged_fastqc.html
[2022-08-05 11:11:19,449] multiqc                                            [DEBUG  ]  File ignored by nanostat because it exceeded search pattern filesize limit: 7855_H3WK2BCXX-1_merged_fastqc.html
[2022-08-05 11:11:19,449] multiqc                                            [DEBUG  ]  File ignored by lima/summary because it exceeded search pattern filesize limit: 7855_H3WK2BCXX-1_merged_fastqc.html
[2022-08-05 11:11:19,667] multiqc                                            [DEBUG  ]  File ignored by vep/vep_txt because it exceeded search pattern filesize limit: 7855_H3WK2BCXX-1_merged_fastqc.html
[2022-08-05 11:11:19,667] multiqc                                            [DEBUG  ]  File ignored by longranger/invocation because it exceeded search pattern filesize limit: 7855_H3WK2BCXX-1_merged_fastqc.html
[2022-08-05 11:11:19,667] multiqc                                            [DEBUG  ]  File ignored by rockhopper because it exceeded search pattern filesize limit: 7855_H3WK2BCXX-1_merged_fastqc.html
[2022-08-05 11:11:19,667] multiqc                                            [DEBUG  ]  File ignored by rseqc/bam_stat because it exceeded search pattern filesize limit: 7855_H3WK2BCXX-1_merged_fastqc.html
[2022-08-05 11:11:19,667] multiqc                                            [DEBUG  ]  File ignored by rseqc/junction_annotation because it exceeded search pattern filesize limit: 7855_H3WK2BCXX-1_merged_fastqc.html
[2022-08-05 11:11:19,668] multiqc                                            [DEBUG  ]  File ignored by rseqc/read_distribution because it exceeded search pattern filesize limit: 7855_H3WK2BCXX-1_merged_fastqc.html
[2022-08-05 11:11:19,668] multiqc                                            [DEBUG  ]  File ignored by rseqc/infer_experiment because it exceeded search pattern filesize limit: 7855_H3WK2BCXX-1_merged_fastqc.html
[2022-08-05 11:11:20,537] multiqc                                            [DEBUG  ]  Ignoring file as matched an ignore pattern: 7855_H3WK2BCXX-1_merged.fastq.gz
[2022-08-05 11:11:20,634] multiqc                                            [DEBUG  ]  File ignored by ccs/v4 because it exceeded search pattern filesize limit: 7855_H3WK2BCXX-1_R1p_fastqc.html
[2022-08-05 11:11:20,682] multiqc                                            [DEBUG  ]  File ignored by hicexplorer because it exceeded search pattern filesize limit: 7855_H3WK2BCXX-1_R1p_fastqc.html
[2022-08-05 11:11:20,690] multiqc                                            [DEBUG  ]  File ignored by nanostat because it exceeded search pattern filesize limit: 7855_H3WK2BCXX-1_R1p_fastqc.html
[2022-08-05 11:11:20,690] multiqc                                            [DEBUG  ]  File ignored by lima/summary because it exceeded search pattern filesize limit: 7855_H3WK2BCXX-1_R1p_fastqc.html
[2022-08-05 11:11:20,731] multiqc                                            [DEBUG  ]  File ignored by vep/vep_txt because it exceeded search pattern filesize limit: 7855_H3WK2BCXX-1_R1p_fastqc.html
[2022-08-05 11:11:20,731] multiqc                                            [DEBUG  ]  File ignored by longranger/invocation because it exceeded search pattern filesize limit: 7855_H3WK2BCXX-1_R1p_fastqc.html
[2022-08-05 11:11:20,731] multiqc                                            [DEBUG  ]  File ignored by rockhopper because it exceeded search pattern filesize limit: 7855_H3WK2BCXX-1_R1p_fastqc.html
[2022-08-05 11:11:20,731] multiqc                                            [DEBUG  ]  File ignored by rseqc/bam_stat because it exceeded search pattern filesize limit: 7855_H3WK2BCXX-1_R1p_fastqc.html
[2022-08-05 11:11:20,731] multiqc                                            [DEBUG  ]  File ignored by rseqc/junction_annotation because it exceeded search pattern filesize limit: 7855_H3WK2BCXX-1_R1p_fastqc.html
[2022-08-05 11:11:20,731] multiqc                                            [DEBUG  ]  File ignored by rseqc/read_distribution because it exceeded search pattern filesize limit: 7855_H3WK2BCXX-1_R1p_fastqc.html
[2022-08-05 11:11:20,731] multiqc                                            [DEBUG  ]  File ignored by rseqc/infer_experiment because it exceeded search pattern filesize limit: 7855_H3WK2BCXX-1_R1p_fastqc.html
[2022-08-05 11:11:20,925] multiqc                                            [DEBUG  ]  Ignoring file as matched an ignore pattern: 7855_H3WK2BCXX-1_R1p.fastq.gz
[2022-08-05 11:11:20,979] multiqc                                            [DEBUG  ]  File ignored by ccs/v4 because it exceeded search pattern filesize limit: 7855_H3WK2BCXX-1_R1R2u_fastqc.html
[2022-08-05 11:11:20,988] multiqc                                            [DEBUG  ]  File ignored by hicexplorer because it exceeded search pattern filesize limit: 7855_H3WK2BCXX-1_R1R2u_fastqc.html
[2022-08-05 11:11:20,988] multiqc                                            [DEBUG  ]  File ignored by nanostat because it exceeded search pattern filesize limit: 7855_H3WK2BCXX-1_R1R2u_fastqc.html
[2022-08-05 11:11:20,988] multiqc                                            [DEBUG  ]  File ignored by lima/summary because it exceeded search pattern filesize limit: 7855_H3WK2BCXX-1_R1R2u_fastqc.html
[2022-08-05 11:11:21,050] multiqc                                            [DEBUG  ]  File ignored by vep/vep_txt because it exceeded search pattern filesize limit: 7855_H3WK2BCXX-1_R1R2u_fastqc.html
[2022-08-05 11:11:21,050] multiqc                                            [DEBUG  ]  File ignored by longranger/invocation because it exceeded search pattern filesize limit: 7855_H3WK2BCXX-1_R1R2u_fastqc.html
[2022-08-05 11:11:21,050] multiqc                                            [DEBUG  ]  File ignored by rockhopper because it exceeded search pattern filesize limit: 7855_H3WK2BCXX-1_R1R2u_fastqc.html
[2022-08-05 11:11:21,050] multiqc                                            [DEBUG  ]  File ignored by rseqc/bam_stat because it exceeded search pattern filesize limit: 7855_H3WK2BCXX-1_R1R2u_fastqc.html
[2022-08-05 11:11:21,050] multiqc                                            [DEBUG  ]  File ignored by rseqc/junction_annotation because it exceeded search pattern filesize limit: 7855_H3WK2BCXX-1_R1R2u_fastqc.html
[2022-08-05 11:11:21,050] multiqc                                            [DEBUG  ]  File ignored by rseqc/read_distribution because it exceeded search pattern filesize limit: 7855_H3WK2BCXX-1_R1R2u_fastqc.html
[2022-08-05 11:11:21,050] multiqc                                            [DEBUG  ]  File ignored by rseqc/infer_experiment because it exceeded search pattern filesize limit: 7855_H3WK2BCXX-1_R1R2u_fastqc.html
[2022-08-05 11:11:21,170] multiqc                                            [DEBUG  ]  Ignoring file as matched an ignore pattern: 7855_H3WK2BCXX-1_R1R2u.fastq.gz
[2022-08-05 11:11:21,247] multiqc                                            [DEBUG  ]  File ignored by ccs/v4 because it exceeded search pattern filesize limit: 7855_H3WK2BCXX-1_R2p_fastqc.html
[2022-08-05 11:11:21,257] multiqc                                            [DEBUG  ]  File ignored by hicexplorer because it exceeded search pattern filesize limit: 7855_H3WK2BCXX-1_R2p_fastqc.html
[2022-08-05 11:11:21,258] multiqc                                            [DEBUG  ]  File ignored by nanostat because it exceeded search pattern filesize limit: 7855_H3WK2BCXX-1_R2p_fastqc.html
[2022-08-05 11:11:21,258] multiqc                                            [DEBUG  ]  File ignored by lima/summary because it exceeded search pattern filesize limit: 7855_H3WK2BCXX-1_R2p_fastqc.html
[2022-08-05 11:11:21,428] multiqc                                            [DEBUG  ]  File ignored by vep/vep_txt because it exceeded search pattern filesize limit: 7855_H3WK2BCXX-1_R2p_fastqc.html
[2022-08-05 11:11:21,428] multiqc                                            [DEBUG  ]  File ignored by longranger/invocation because it exceeded search pattern filesize limit: 7855_H3WK2BCXX-1_R2p_fastqc.html
[2022-08-05 11:11:21,428] multiqc                                            [DEBUG  ]  File ignored by rockhopper because it exceeded search pattern filesize limit: 7855_H3WK2BCXX-1_R2p_fastqc.html
[2022-08-05 11:11:21,428] multiqc                                            [DEBUG  ]  File ignored by rseqc/bam_stat because it exceeded search pattern filesize limit: 7855_H3WK2BCXX-1_R2p_fastqc.html
[2022-08-05 11:11:21,428] multiqc                                            [DEBUG  ]  File ignored by rseqc/junction_annotation because it exceeded search pattern filesize limit: 7855_H3WK2BCXX-1_R2p_fastqc.html
[2022-08-05 11:11:21,428] multiqc                                            [DEBUG  ]  File ignored by rseqc/read_distribution because it exceeded search pattern filesize limit: 7855_H3WK2BCXX-1_R2p_fastqc.html
[2022-08-05 11:11:21,429] multiqc                                            [DEBUG  ]  File ignored by rseqc/infer_experiment because it exceeded search pattern filesize limit: 7855_H3WK2BCXX-1_R2p_fastqc.html
[2022-08-05 11:11:21,522] multiqc                                            [DEBUG  ]  Ignoring file as matched an ignore pattern: 7855_H3WK2BCXX-1_R2p.fastq.gz
[2022-08-05 11:11:21,522] multiqc                                            [DEBUG  ]  Ignoring file as matched an ignore pattern: 7855_QCreads.md5
[2022-08-05 11:11:23,160] multiqc.plots.bargraph                             [DEBUG  ]  Using matplotlib version 3.3.4
[2022-08-05 11:11:23,165] multiqc.plots.linegraph                            [DEBUG  ]  Using matplotlib version 3.3.4
[2022-08-05 11:11:23,167] multiqc                                            [DEBUG  ]  No samples found: custom_content
[2022-08-05 11:11:23,173] multiqc                                            [DEBUG  ]  No samples found: ccs
[2022-08-05 11:11:23,180] multiqc                                            [DEBUG  ]  No samples found: ngsderive
[2022-08-05 11:11:23,184] multiqc                                            [DEBUG  ]  No samples found: purple
[2022-08-05 11:11:23,188] multiqc                                            [DEBUG  ]  No samples found: conpair
[2022-08-05 11:11:23,193] multiqc                                            [DEBUG  ]  No samples found: lima
[2022-08-05 11:11:23,198] multiqc                                            [DEBUG  ]  No samples found: peddy
[2022-08-05 11:11:23,204] multiqc                                            [DEBUG  ]  No samples found: somalier
[2022-08-05 11:11:23,208] multiqc                                            [DEBUG  ]  No samples found: methylQA
[2022-08-05 11:11:23,218] multiqc.modules.mosdepth.mosdepth                  [DEBUG  ]  include_contigs: []
[2022-08-05 11:11:23,218] multiqc.modules.mosdepth.mosdepth                  [DEBUG  ]  exclude_contigs: []
[2022-08-05 11:11:23,218] multiqc                                            [DEBUG  ]  No samples found: mosdepth
[2022-08-05 11:11:23,222] multiqc                                            [DEBUG  ]  No samples found: phantompeakqualtools
[2022-08-05 11:11:23,225] multiqc                                            [DEBUG  ]  No samples found: qualimap
[2022-08-05 11:11:23,230] multiqc                                            [DEBUG  ]  No samples found: preseq
[2022-08-05 11:11:23,235] multiqc                                            [DEBUG  ]  No samples found: quast
[2022-08-05 11:11:23,241] multiqc                                            [DEBUG  ]  No samples found: qorts
[2022-08-05 11:11:23,246] multiqc                                            [DEBUG  ]  No samples found: rna_seqc
[2022-08-05 11:11:23,250] multiqc                                            [DEBUG  ]  No samples found: rockhopper
[2022-08-05 11:11:23,254] multiqc                                            [DEBUG  ]  No samples found: rsem
[2022-08-05 11:11:23,269] multiqc                                            [DEBUG  ]  No samples found: rseqc
[2022-08-05 11:11:23,273] multiqc                                            [DEBUG  ]  No samples found: busco
[2022-08-05 11:11:23,294] multiqc                                            [DEBUG  ]  No samples found: bustools
[2022-08-05 11:11:23,299] multiqc                                            [DEBUG  ]  No samples found: goleft_indexcov
[2022-08-05 11:11:23,303] multiqc                                            [DEBUG  ]  No samples found: gffcompare
[2022-08-05 11:11:23,308] multiqc                                            [DEBUG  ]  No samples found: disambiguate
[2022-08-05 11:11:23,315] multiqc                                            [DEBUG  ]  No samples found: supernova
[2022-08-05 11:11:23,332] multiqc                                            [DEBUG  ]  No samples found: deeptools
[2022-08-05 11:11:23,336] multiqc                                            [DEBUG  ]  No samples found: sargasso
[2022-08-05 11:11:23,340] multiqc                                            [DEBUG  ]  No samples found: verifybamid
[2022-08-05 11:11:23,346] multiqc                                            [DEBUG  ]  No samples found: mirtrace
[2022-08-05 11:11:23,351] multiqc                                            [DEBUG  ]  No samples found: happy
[2022-08-05 11:11:23,355] multiqc                                            [DEBUG  ]  No samples found: mirtop
[2022-08-05 11:11:23,592] multiqc                                            [DEBUG  ]  No samples found: sambamba
[2022-08-05 11:11:23,604] multiqc                                            [DEBUG  ]  No samples found: homer
[2022-08-05 11:11:23,609] multiqc                                            [DEBUG  ]  No samples found: hops
[2022-08-05 11:11:23,614] multiqc                                            [DEBUG  ]  No samples found: macs2
[2022-08-05 11:11:23,619] multiqc                                            [DEBUG  ]  No samples found: theta2
[2022-08-05 11:11:23,625] multiqc                                            [DEBUG  ]  No samples found: snpeff
[2022-08-05 11:11:23,637] multiqc                                            [DEBUG  ]  No samples found: gatk
[2022-08-05 11:11:23,645] multiqc                                            [DEBUG  ]  No samples found: htseq
[2022-08-05 11:11:23,671] multiqc                                            [DEBUG  ]  No samples found: bcftools
[2022-08-05 11:11:23,683] multiqc                                            [DEBUG  ]  No samples found: featureCounts
[2022-08-05 11:11:23,932] multiqc                                            [DEBUG  ]  No samples found: fgbio
[2022-08-05 11:11:23,956] multiqc                                            [DEBUG  ]  No samples found: dragen
[2022-08-05 11:11:23,961] multiqc                                            [DEBUG  ]  No samples found: dedup
[2022-08-05 11:11:23,966] multiqc                                            [DEBUG  ]  No samples found: damageprofiler
[2022-08-05 11:11:24,235] multiqc                                            [DEBUG  ]  No samples found: biobambam2
[2022-08-05 11:11:24,243] multiqc                                            [DEBUG  ]  No samples found: jcvi
[2022-08-05 11:11:24,249] multiqc                                            [DEBUG  ]  No samples found: mtnucratio
[2022-08-05 11:11:24,251] multiqc                                            [DEBUG  ]  No samples found: picard
[2022-08-05 11:11:24,257] multiqc                                            [DEBUG  ]  No samples found: vep
[2022-08-05 11:11:24,495] multiqc                                            [DEBUG  ]  No samples found: sentieon
[2022-08-05 11:11:24,500] multiqc                                            [DEBUG  ]  No samples found: prokka
[2022-08-05 11:11:24,511] multiqc                                            [DEBUG  ]  No samples found: qc3C
[2022-08-05 11:11:24,520] multiqc                                            [DEBUG  ]  No samples found: nanostat
[2022-08-05 11:11:24,525] multiqc                                            [DEBUG  ]  No samples found: samblaster
[2022-08-05 11:11:24,535] multiqc                                            [DEBUG  ]  No samples found: samtools
[2022-08-05 11:11:24,540] multiqc                                            [DEBUG  ]  No samples found: sexdeterrmine
[2022-08-05 11:11:24,545] multiqc                                            [DEBUG  ]  No samples found: eigenstratdatabasetools
[2022-08-05 11:11:24,550] multiqc                                            [DEBUG  ]  No samples found: bamtools
[2022-08-05 11:11:24,555] multiqc                                            [DEBUG  ]  No samples found: jellyfish
[2022-08-05 11:11:24,793] multiqc                                            [DEBUG  ]  No samples found: vcftools
[2022-08-05 11:11:24,802] multiqc                                            [DEBUG  ]  No samples found: longranger
[2022-08-05 11:11:25,038] multiqc                                            [DEBUG  ]  No samples found: stacks
[2022-08-05 11:11:25,048] multiqc                                            [DEBUG  ]  No samples found: varscan2
[2022-08-05 11:11:25,063] multiqc                                            [DEBUG  ]  No samples found: snippy
[2022-08-05 11:11:25,239] multiqc                                            [DEBUG  ]  No samples found: bbmap
[2022-08-05 11:11:25,245] multiqc                                            [DEBUG  ]  No samples found: bismark
[2022-08-05 11:11:25,254] multiqc                                            [DEBUG  ]  No samples found: biscuit
[2022-08-05 11:11:25,259] multiqc                                            [DEBUG  ]  No samples found: hicexplorer
[2022-08-05 11:11:25,263] multiqc                                            [DEBUG  ]  No samples found: hicup
[2022-08-05 11:11:25,268] multiqc                                            [DEBUG  ]  No samples found: hicpro
[2022-08-05 11:11:25,272] multiqc                                            [DEBUG  ]  No samples found: salmon
[2022-08-05 11:11:25,276] multiqc                                            [DEBUG  ]  No samples found: kallisto
[2022-08-05 11:11:25,282] multiqc                                            [DEBUG  ]  No samples found: slamdunk
[2022-08-05 11:11:25,287] multiqc                                            [DEBUG  ]  No samples found: star
[2022-08-05 11:11:25,291] multiqc                                            [DEBUG  ]  No samples found: hisat2
[2022-08-05 11:11:25,295] multiqc                                            [DEBUG  ]  No samples found: tophat
[2022-08-05 11:11:25,299] multiqc                                            [DEBUG  ]  No samples found: bowtie2
[2022-08-05 11:11:25,304] multiqc                                            [DEBUG  ]  No samples found: bowtie1
[2022-08-05 11:11:25,310] multiqc                                            [DEBUG  ]  No samples found: snpsplit
[2022-08-05 11:11:25,315] multiqc                                            [DEBUG  ]  No samples found: odgi
[2022-08-05 11:11:25,322] multiqc                                            [DEBUG  ]  No samples found: pangolin
[2022-08-05 11:11:25,328] multiqc                                            [DEBUG  ]  No samples found: kat
[2022-08-05 11:11:25,332] multiqc                                            [DEBUG  ]  No samples found: leehom
[2022-08-05 11:11:25,337] multiqc                                            [DEBUG  ]  No samples found: adapterRemoval
[2022-08-05 11:11:25,341] multiqc                                            [DEBUG  ]  No samples found: clipandmerge
[2022-08-05 11:11:25,347] multiqc                                            [DEBUG  ]  No samples found: cutadapt
[2022-08-05 11:11:25,351] multiqc                                            [DEBUG  ]  No samples found: flexbar
[2022-08-05 11:11:25,357] multiqc                                            [DEBUG  ]  No samples found: kaiju
[2022-08-05 11:11:25,363] multiqc                                            [DEBUG  ]  No samples found: kraken
[2022-08-05 11:11:25,368] multiqc                                            [DEBUG  ]  No samples found: malt
[2022-08-05 11:11:25,412] multiqc                                            [DEBUG  ]  No samples found: trimmomatic
[2022-08-05 11:11:25,416] multiqc                                            [DEBUG  ]  No samples found: sickle
[2022-08-05 11:11:25,420] multiqc                                            [DEBUG  ]  No samples found: skewer
[2022-08-05 11:11:25,424] multiqc                                            [DEBUG  ]  No samples found: sortmerna
[2022-08-05 11:11:25,428] multiqc                                            [DEBUG  ]  No samples found: biobloomtools
[2022-08-05 11:11:25,517] multiqc                                            [DEBUG  ]  No samples found: fastq_screen
[2022-08-05 11:11:25,521] multiqc                                            [DEBUG  ]  No samples found: afterqc
[2022-08-05 11:11:25,526] multiqc                                            [DEBUG  ]  No samples found: fastp
[2022-08-05 11:11:26,107] multiqc.modules.fastqc.fastqc                      [INFO   ]  Found 4 reports
[2022-08-05 11:11:26,197] multiqc                                            [DEBUG  ]  No samples found: pychopper
[2022-08-05 11:11:26,208] multiqc                                            [DEBUG  ]  No samples found: pycoqc
[2022-08-05 11:11:26,224] multiqc                                            [DEBUG  ]  No samples found: minionqc
[2022-08-05 11:11:26,238] multiqc                                            [DEBUG  ]  No samples found: multivcfanalyzer
[2022-08-05 11:11:26,252] multiqc                                            [DEBUG  ]  No samples found: clusterflow
[2022-08-05 11:11:26,258] multiqc                                            [DEBUG  ]  No samples found: bcl2fastq
[2022-08-05 11:11:26,265] multiqc                                            [DEBUG  ]  No samples found: bclconvert
[2022-08-05 11:11:26,271] multiqc                                            [DEBUG  ]  No samples found: interop
[2022-08-05 11:11:26,275] multiqc                                            [DEBUG  ]  No samples found: ivar
[2022-08-05 11:11:26,280] multiqc                                            [DEBUG  ]  No samples found: flash
[2022-08-05 11:11:26,285] multiqc                                            [DEBUG  ]  No samples found: seqyclean
[2022-08-05 11:11:26,289] multiqc                                            [DEBUG  ]  No samples found: optitype
[2022-08-05 11:11:26,294] multiqc                                            [INFO   ]  Compressing plot data
[2022-08-05 11:11:34,594] multiqc                                            [INFO   ]  Report      : 7855_MGSD_CSIRO.qc.stats/multiqc_report.html
[2022-08-05 11:11:34,594] multiqc                                            [INFO   ]  Data        : 7855_MGSD_CSIRO.qc.stats/multiqc_data
[2022-08-05 11:11:34,594] multiqc                                            [DEBUG  ]  Moving data file from '/tmp/smi9a9.8585990/tmpz_fa7jz8/multiqc_data' to '7855_MGSD_CSIRO.qc.stats/multiqc_data'
[2022-08-05 11:11:35,167] multiqc                                            [INFO   ]  MultiQC complete
