[2022-08-05 11:07:31,400] multiqc                                            [DEBUG  ]  This is MultiQC v1.11
[2022-08-05 11:07:31,400] multiqc                                            [DEBUG  ]  No MultiQC config found: /apps/multiqc/1.11/lib/python3.9/site-packages/multiqc_config.yaml
[2022-08-05 11:07:31,400] multiqc                                            [DEBUG  ]  No MultiQC config found: /home/smi9a9/.multiqc_config.yaml
[2022-08-05 11:07:31,401] multiqc                                            [DEBUG  ]  No MultiQC config found: multiqc_config.yaml
[2022-08-05 11:07:31,401] multiqc                                            [DEBUG  ]  Command used: /apps/multiqc/1.11/bin/multiqc ./401563_HL7J5DSX3-1_merged_fastqc.html ./401563_HL7J5DSX3-1_merged_fastqc.zip ./401563_HL7J5DSX3-1_merged.fastq.gz ./401563_HL7J5DSX3-1_R1p_fastqc.html ./401563_HL7J5DSX3-1_R1p_fastqc.zip ./401563_HL7J5DSX3-1_R1p.fastq.gz ./401563_HL7J5DSX3-1_R1R2u_fastqc.html ./401563_HL7J5DSX3-1_R1R2u_fastqc.zip ./401563_HL7J5DSX3-1_R1R2u.fastq.gz ./401563_HL7J5DSX3-1_R2p_fastqc.html ./401563_HL7J5DSX3-1_R2p_fastqc.zip ./401563_HL7J5DSX3-1_R2p.fastq.gz ./401563_QCreads.md5 -o 401563_MGSD_CSIRO.qc.stats
[2022-08-05 11:07:31,403] multiqc                                            [DEBUG  ]  Could not connect to multiqc.info for version check: <urlopen error [Errno 111] Connection refused>
[2022-08-05 11:07:31,403] multiqc                                            [DEBUG  ]  Command     : /apps/multiqc/1.11/bin/multiqc ./401563_HL7J5DSX3-1_merged_fastqc.html ./401563_HL7J5DSX3-1_merged_fastqc.zip ./401563_HL7J5DSX3-1_merged.fastq.gz ./401563_HL7J5DSX3-1_R1p_fastqc.html ./401563_HL7J5DSX3-1_R1p_fastqc.zip ./401563_HL7J5DSX3-1_R1p.fastq.gz ./401563_HL7J5DSX3-1_R1R2u_fastqc.html ./401563_HL7J5DSX3-1_R1R2u_fastqc.zip ./401563_HL7J5DSX3-1_R1R2u.fastq.gz ./401563_HL7J5DSX3-1_R2p_fastqc.html ./401563_HL7J5DSX3-1_R2p_fastqc.zip ./401563_HL7J5DSX3-1_R2p.fastq.gz ./401563_QCreads.md5 -o 401563_MGSD_CSIRO.qc.stats
[2022-08-05 11:07:31,403] multiqc                                            [DEBUG  ]  Working dir : /datasets/work/oa-amd/work/amd/Metagenome_QC_reads
[2022-08-05 11:07:31,403] multiqc                                            [DEBUG  ]  Template    : default
[2022-08-05 11:07:31,404] multiqc                                            [DEBUG  ]  Running Python 3.9.4 (default, Apr 25 2021, 16:13:27)  [GCC 10.3.0]
[2022-08-05 11:07:31,404] multiqc                                            [DEBUG  ]  Analysing modules: custom_content, ccs, ngsderive, purple, conpair, lima, peddy, somalier, methylQA, mosdepth, phantompeakqualtools, qualimap, preseq, quast, qorts, rna_seqc, rockhopper, rsem, rseqc, busco, bustools, goleft_indexcov, gffcompare, disambiguate, supernova, deeptools, sargasso, verifybamid, mirtrace, happy, mirtop, sambamba, homer, hops, macs2, theta2, snpeff, gatk, htseq, bcftools, featureCounts, fgbio, dragen, dedup, damageprofiler, biobambam2, jcvi, mtnucratio, picard, vep, sentieon, prokka, qc3C, nanostat, samblaster, samtools, sexdeterrmine, eigenstratdatabasetools, bamtools, jellyfish, vcftools, longranger, stacks, varscan2, snippy, bbmap, bismark, biscuit, hicexplorer, hicup, hicpro, salmon, kallisto, slamdunk, star, hisat2, tophat, bowtie2, bowtie1, snpsplit, odgi, pangolin, kat, leehom, adapterRemoval, clipandmerge, cutadapt, flexbar, kaiju, kraken, malt, trimmomatic, sickle, skewer, sortmerna, biobloomtools, fastq_screen, afterqc, fastp, fastqc, pychopper, pycoqc, minionqc, multivcfanalyzer, clusterflow, bcl2fastq, bclconvert, interop, ivar, flash, seqyclean, optitype
[2022-08-05 11:07:31,404] multiqc                                            [DEBUG  ]  Using temporary directory for creating report: /tmp/smi9a9.8585463/tmpjabtzp2i
[2022-08-05 11:07:32,195] multiqc                                            [INFO   ]  Search path : /datasets/work/oa-amd/work/amd/Metagenome_QC_reads/401563_HL7J5DSX3-1_merged_fastqc.html
[2022-08-05 11:07:32,195] multiqc                                            [INFO   ]  Search path : /datasets/work/oa-amd/work/amd/Metagenome_QC_reads/401563_HL7J5DSX3-1_merged_fastqc.zip
[2022-08-05 11:07:32,195] multiqc                                            [INFO   ]  Search path : /datasets/work/oa-amd/work/amd/Metagenome_QC_reads/401563_HL7J5DSX3-1_merged.fastq.gz
[2022-08-05 11:07:32,195] multiqc                                            [INFO   ]  Search path : /datasets/work/oa-amd/work/amd/Metagenome_QC_reads/401563_HL7J5DSX3-1_R1p_fastqc.html
[2022-08-05 11:07:32,195] multiqc                                            [INFO   ]  Search path : /datasets/work/oa-amd/work/amd/Metagenome_QC_reads/401563_HL7J5DSX3-1_R1p_fastqc.zip
[2022-08-05 11:07:32,195] multiqc                                            [INFO   ]  Search path : /datasets/work/oa-amd/work/amd/Metagenome_QC_reads/401563_HL7J5DSX3-1_R1p.fastq.gz
[2022-08-05 11:07:32,195] multiqc                                            [INFO   ]  Search path : /datasets/work/oa-amd/work/amd/Metagenome_QC_reads/401563_HL7J5DSX3-1_R1R2u_fastqc.html
[2022-08-05 11:07:32,195] multiqc                                            [INFO   ]  Search path : /datasets/work/oa-amd/work/amd/Metagenome_QC_reads/401563_HL7J5DSX3-1_R1R2u_fastqc.zip
[2022-08-05 11:07:32,195] multiqc                                            [INFO   ]  Search path : /datasets/work/oa-amd/work/amd/Metagenome_QC_reads/401563_HL7J5DSX3-1_R1R2u.fastq.gz
[2022-08-05 11:07:32,195] multiqc                                            [INFO   ]  Search path : /datasets/work/oa-amd/work/amd/Metagenome_QC_reads/401563_HL7J5DSX3-1_R2p_fastqc.html
[2022-08-05 11:07:32,195] multiqc                                            [INFO   ]  Search path : /datasets/work/oa-amd/work/amd/Metagenome_QC_reads/401563_HL7J5DSX3-1_R2p_fastqc.zip
[2022-08-05 11:07:32,195] multiqc                                            [INFO   ]  Search path : /datasets/work/oa-amd/work/amd/Metagenome_QC_reads/401563_HL7J5DSX3-1_R2p.fastq.gz
[2022-08-05 11:07:32,195] multiqc                                            [INFO   ]  Search path : /datasets/work/oa-amd/work/amd/Metagenome_QC_reads/401563_QCreads.md5
[2022-08-05 11:07:32,573] multiqc                                            [DEBUG  ]  File ignored by ccs/v4 because it exceeded search pattern filesize limit: 401563_HL7J5DSX3-1_merged_fastqc.html
[2022-08-05 11:07:32,585] multiqc                                            [DEBUG  ]  File ignored by hicexplorer because it exceeded search pattern filesize limit: 401563_HL7J5DSX3-1_merged_fastqc.html
[2022-08-05 11:07:32,586] multiqc                                            [DEBUG  ]  File ignored by nanostat because it exceeded search pattern filesize limit: 401563_HL7J5DSX3-1_merged_fastqc.html
[2022-08-05 11:07:32,586] multiqc                                            [DEBUG  ]  File ignored by lima/summary because it exceeded search pattern filesize limit: 401563_HL7J5DSX3-1_merged_fastqc.html
[2022-08-05 11:07:32,614] multiqc                                            [DEBUG  ]  File ignored by vep/vep_txt because it exceeded search pattern filesize limit: 401563_HL7J5DSX3-1_merged_fastqc.html
[2022-08-05 11:07:32,614] multiqc                                            [DEBUG  ]  File ignored by longranger/invocation because it exceeded search pattern filesize limit: 401563_HL7J5DSX3-1_merged_fastqc.html
[2022-08-05 11:07:32,614] multiqc                                            [DEBUG  ]  File ignored by rockhopper because it exceeded search pattern filesize limit: 401563_HL7J5DSX3-1_merged_fastqc.html
[2022-08-05 11:07:32,614] multiqc                                            [DEBUG  ]  File ignored by rseqc/bam_stat because it exceeded search pattern filesize limit: 401563_HL7J5DSX3-1_merged_fastqc.html
[2022-08-05 11:07:32,614] multiqc                                            [DEBUG  ]  File ignored by rseqc/junction_annotation because it exceeded search pattern filesize limit: 401563_HL7J5DSX3-1_merged_fastqc.html
[2022-08-05 11:07:32,614] multiqc                                            [DEBUG  ]  File ignored by rseqc/read_distribution because it exceeded search pattern filesize limit: 401563_HL7J5DSX3-1_merged_fastqc.html
[2022-08-05 11:07:32,614] multiqc                                            [DEBUG  ]  File ignored by rseqc/infer_experiment because it exceeded search pattern filesize limit: 401563_HL7J5DSX3-1_merged_fastqc.html
[2022-08-05 11:07:33,031] multiqc                                            [DEBUG  ]  Ignoring file as matched an ignore pattern: 401563_HL7J5DSX3-1_merged.fastq.gz
[2022-08-05 11:07:33,559] multiqc                                            [DEBUG  ]  File ignored by ccs/v4 because it exceeded search pattern filesize limit: 401563_HL7J5DSX3-1_R1p_fastqc.html
[2022-08-05 11:07:33,568] multiqc                                            [DEBUG  ]  File ignored by hicexplorer because it exceeded search pattern filesize limit: 401563_HL7J5DSX3-1_R1p_fastqc.html
[2022-08-05 11:07:33,569] multiqc                                            [DEBUG  ]  File ignored by nanostat because it exceeded search pattern filesize limit: 401563_HL7J5DSX3-1_R1p_fastqc.html
[2022-08-05 11:07:33,569] multiqc                                            [DEBUG  ]  File ignored by lima/summary because it exceeded search pattern filesize limit: 401563_HL7J5DSX3-1_R1p_fastqc.html
[2022-08-05 11:07:33,831] multiqc                                            [DEBUG  ]  File ignored by vep/vep_txt because it exceeded search pattern filesize limit: 401563_HL7J5DSX3-1_R1p_fastqc.html
[2022-08-05 11:07:33,831] multiqc                                            [DEBUG  ]  File ignored by longranger/invocation because it exceeded search pattern filesize limit: 401563_HL7J5DSX3-1_R1p_fastqc.html
[2022-08-05 11:07:33,831] multiqc                                            [DEBUG  ]  File ignored by rockhopper because it exceeded search pattern filesize limit: 401563_HL7J5DSX3-1_R1p_fastqc.html
[2022-08-05 11:07:33,831] multiqc                                            [DEBUG  ]  File ignored by rseqc/bam_stat because it exceeded search pattern filesize limit: 401563_HL7J5DSX3-1_R1p_fastqc.html
[2022-08-05 11:07:33,831] multiqc                                            [DEBUG  ]  File ignored by rseqc/junction_annotation because it exceeded search pattern filesize limit: 401563_HL7J5DSX3-1_R1p_fastqc.html
[2022-08-05 11:07:33,831] multiqc                                            [DEBUG  ]  File ignored by rseqc/read_distribution because it exceeded search pattern filesize limit: 401563_HL7J5DSX3-1_R1p_fastqc.html
[2022-08-05 11:07:33,831] multiqc                                            [DEBUG  ]  File ignored by rseqc/infer_experiment because it exceeded search pattern filesize limit: 401563_HL7J5DSX3-1_R1p_fastqc.html
[2022-08-05 11:07:34,151] multiqc                                            [DEBUG  ]  Ignoring file as matched an ignore pattern: 401563_HL7J5DSX3-1_R1p.fastq.gz
[2022-08-05 11:07:34,445] multiqc                                            [DEBUG  ]  File ignored by ccs/v4 because it exceeded search pattern filesize limit: 401563_HL7J5DSX3-1_R1R2u_fastqc.html
[2022-08-05 11:07:34,453] multiqc                                            [DEBUG  ]  File ignored by hicexplorer because it exceeded search pattern filesize limit: 401563_HL7J5DSX3-1_R1R2u_fastqc.html
[2022-08-05 11:07:34,455] multiqc                                            [DEBUG  ]  File ignored by nanostat because it exceeded search pattern filesize limit: 401563_HL7J5DSX3-1_R1R2u_fastqc.html
[2022-08-05 11:07:34,455] multiqc                                            [DEBUG  ]  File ignored by lima/summary because it exceeded search pattern filesize limit: 401563_HL7J5DSX3-1_R1R2u_fastqc.html
[2022-08-05 11:07:34,468] multiqc                                            [DEBUG  ]  File ignored by vep/vep_txt because it exceeded search pattern filesize limit: 401563_HL7J5DSX3-1_R1R2u_fastqc.html
[2022-08-05 11:07:34,468] multiqc                                            [DEBUG  ]  File ignored by longranger/invocation because it exceeded search pattern filesize limit: 401563_HL7J5DSX3-1_R1R2u_fastqc.html
[2022-08-05 11:07:34,468] multiqc                                            [DEBUG  ]  File ignored by rockhopper because it exceeded search pattern filesize limit: 401563_HL7J5DSX3-1_R1R2u_fastqc.html
[2022-08-05 11:07:34,468] multiqc                                            [DEBUG  ]  File ignored by rseqc/bam_stat because it exceeded search pattern filesize limit: 401563_HL7J5DSX3-1_R1R2u_fastqc.html
[2022-08-05 11:07:34,468] multiqc                                            [DEBUG  ]  File ignored by rseqc/junction_annotation because it exceeded search pattern filesize limit: 401563_HL7J5DSX3-1_R1R2u_fastqc.html
[2022-08-05 11:07:34,468] multiqc                                            [DEBUG  ]  File ignored by rseqc/read_distribution because it exceeded search pattern filesize limit: 401563_HL7J5DSX3-1_R1R2u_fastqc.html
[2022-08-05 11:07:34,468] multiqc                                            [DEBUG  ]  File ignored by rseqc/infer_experiment because it exceeded search pattern filesize limit: 401563_HL7J5DSX3-1_R1R2u_fastqc.html
[2022-08-05 11:07:34,549] multiqc                                            [DEBUG  ]  Ignoring file as matched an ignore pattern: 401563_HL7J5DSX3-1_R1R2u.fastq.gz
[2022-08-05 11:07:34,865] multiqc                                            [DEBUG  ]  File ignored by ccs/v4 because it exceeded search pattern filesize limit: 401563_HL7J5DSX3-1_R2p_fastqc.html
[2022-08-05 11:07:34,872] multiqc                                            [DEBUG  ]  File ignored by hicexplorer because it exceeded search pattern filesize limit: 401563_HL7J5DSX3-1_R2p_fastqc.html
[2022-08-05 11:07:34,873] multiqc                                            [DEBUG  ]  File ignored by nanostat because it exceeded search pattern filesize limit: 401563_HL7J5DSX3-1_R2p_fastqc.html
[2022-08-05 11:07:34,873] multiqc                                            [DEBUG  ]  File ignored by lima/summary because it exceeded search pattern filesize limit: 401563_HL7J5DSX3-1_R2p_fastqc.html
[2022-08-05 11:07:34,896] multiqc                                            [DEBUG  ]  File ignored by vep/vep_txt because it exceeded search pattern filesize limit: 401563_HL7J5DSX3-1_R2p_fastqc.html
[2022-08-05 11:07:34,896] multiqc                                            [DEBUG  ]  File ignored by longranger/invocation because it exceeded search pattern filesize limit: 401563_HL7J5DSX3-1_R2p_fastqc.html
[2022-08-05 11:07:34,896] multiqc                                            [DEBUG  ]  File ignored by rockhopper because it exceeded search pattern filesize limit: 401563_HL7J5DSX3-1_R2p_fastqc.html
[2022-08-05 11:07:34,896] multiqc                                            [DEBUG  ]  File ignored by rseqc/bam_stat because it exceeded search pattern filesize limit: 401563_HL7J5DSX3-1_R2p_fastqc.html
[2022-08-05 11:07:34,896] multiqc                                            [DEBUG  ]  File ignored by rseqc/junction_annotation because it exceeded search pattern filesize limit: 401563_HL7J5DSX3-1_R2p_fastqc.html
[2022-08-05 11:07:34,896] multiqc                                            [DEBUG  ]  File ignored by rseqc/read_distribution because it exceeded search pattern filesize limit: 401563_HL7J5DSX3-1_R2p_fastqc.html
[2022-08-05 11:07:34,896] multiqc                                            [DEBUG  ]  File ignored by rseqc/infer_experiment because it exceeded search pattern filesize limit: 401563_HL7J5DSX3-1_R2p_fastqc.html
[2022-08-05 11:07:35,569] multiqc                                            [DEBUG  ]  Ignoring file as matched an ignore pattern: 401563_HL7J5DSX3-1_R2p.fastq.gz
[2022-08-05 11:07:35,569] multiqc                                            [DEBUG  ]  Ignoring file as matched an ignore pattern: 401563_QCreads.md5
[2022-08-05 11:07:37,459] multiqc.plots.bargraph                             [DEBUG  ]  Using matplotlib version 3.3.4
[2022-08-05 11:07:37,463] multiqc.plots.linegraph                            [DEBUG  ]  Using matplotlib version 3.3.4
[2022-08-05 11:07:37,465] multiqc                                            [DEBUG  ]  No samples found: custom_content
[2022-08-05 11:07:37,470] multiqc                                            [DEBUG  ]  No samples found: ccs
[2022-08-05 11:07:37,475] multiqc                                            [DEBUG  ]  No samples found: ngsderive
[2022-08-05 11:07:37,480] multiqc                                            [DEBUG  ]  No samples found: purple
[2022-08-05 11:07:37,484] multiqc                                            [DEBUG  ]  No samples found: conpair
[2022-08-05 11:07:37,488] multiqc                                            [DEBUG  ]  No samples found: lima
[2022-08-05 11:07:37,493] multiqc                                            [DEBUG  ]  No samples found: peddy
[2022-08-05 11:07:37,499] multiqc                                            [DEBUG  ]  No samples found: somalier
[2022-08-05 11:07:37,504] multiqc                                            [DEBUG  ]  No samples found: methylQA
[2022-08-05 11:07:37,513] multiqc.modules.mosdepth.mosdepth                  [DEBUG  ]  include_contigs: []
[2022-08-05 11:07:37,513] multiqc.modules.mosdepth.mosdepth                  [DEBUG  ]  exclude_contigs: []
[2022-08-05 11:07:37,513] multiqc                                            [DEBUG  ]  No samples found: mosdepth
[2022-08-05 11:07:37,517] multiqc                                            [DEBUG  ]  No samples found: phantompeakqualtools
[2022-08-05 11:07:37,521] multiqc                                            [DEBUG  ]  No samples found: qualimap
[2022-08-05 11:07:37,526] multiqc                                            [DEBUG  ]  No samples found: preseq
[2022-08-05 11:07:37,532] multiqc                                            [DEBUG  ]  No samples found: quast
[2022-08-05 11:07:37,536] multiqc                                            [DEBUG  ]  No samples found: qorts
[2022-08-05 11:07:37,772] multiqc                                            [DEBUG  ]  No samples found: rna_seqc
[2022-08-05 11:07:37,776] multiqc                                            [DEBUG  ]  No samples found: rockhopper
[2022-08-05 11:07:37,780] multiqc                                            [DEBUG  ]  No samples found: rsem
[2022-08-05 11:07:37,795] multiqc                                            [DEBUG  ]  No samples found: rseqc
[2022-08-05 11:07:37,799] multiqc                                            [DEBUG  ]  No samples found: busco
[2022-08-05 11:07:37,804] multiqc                                            [DEBUG  ]  No samples found: bustools
[2022-08-05 11:07:37,808] multiqc                                            [DEBUG  ]  No samples found: goleft_indexcov
[2022-08-05 11:07:37,812] multiqc                                            [DEBUG  ]  No samples found: gffcompare
[2022-08-05 11:07:37,816] multiqc                                            [DEBUG  ]  No samples found: disambiguate
[2022-08-05 11:07:37,822] multiqc                                            [DEBUG  ]  No samples found: supernova
[2022-08-05 11:07:37,837] multiqc                                            [DEBUG  ]  No samples found: deeptools
[2022-08-05 11:07:37,841] multiqc                                            [DEBUG  ]  No samples found: sargasso
[2022-08-05 11:07:37,846] multiqc                                            [DEBUG  ]  No samples found: verifybamid
[2022-08-05 11:07:37,851] multiqc                                            [DEBUG  ]  No samples found: mirtrace
[2022-08-05 11:07:37,856] multiqc                                            [DEBUG  ]  No samples found: happy
[2022-08-05 11:07:37,861] multiqc                                            [DEBUG  ]  No samples found: mirtop
[2022-08-05 11:07:37,865] multiqc                                            [DEBUG  ]  No samples found: sambamba
[2022-08-05 11:07:37,873] multiqc                                            [DEBUG  ]  No samples found: homer
[2022-08-05 11:07:37,878] multiqc                                            [DEBUG  ]  No samples found: hops
[2022-08-05 11:07:38,113] multiqc                                            [DEBUG  ]  No samples found: macs2
[2022-08-05 11:07:38,130] multiqc                                            [DEBUG  ]  No samples found: theta2
[2022-08-05 11:07:38,136] multiqc                                            [DEBUG  ]  No samples found: snpeff
[2022-08-05 11:07:38,152] multiqc                                            [DEBUG  ]  No samples found: gatk
[2022-08-05 11:07:38,157] multiqc                                            [DEBUG  ]  No samples found: htseq
[2022-08-05 11:07:38,163] multiqc                                            [DEBUG  ]  No samples found: bcftools
[2022-08-05 11:07:38,168] multiqc                                            [DEBUG  ]  No samples found: featureCounts
[2022-08-05 11:07:38,404] multiqc                                            [DEBUG  ]  No samples found: fgbio
[2022-08-05 11:07:38,423] multiqc                                            [DEBUG  ]  No samples found: dragen
[2022-08-05 11:07:38,428] multiqc                                            [DEBUG  ]  No samples found: dedup
[2022-08-05 11:07:38,434] multiqc                                            [DEBUG  ]  No samples found: damageprofiler
[2022-08-05 11:07:38,478] multiqc                                            [DEBUG  ]  No samples found: biobambam2
[2022-08-05 11:07:38,483] multiqc                                            [DEBUG  ]  No samples found: jcvi
[2022-08-05 11:07:38,488] multiqc                                            [DEBUG  ]  No samples found: mtnucratio
[2022-08-05 11:07:38,490] multiqc                                            [DEBUG  ]  No samples found: picard
[2022-08-05 11:07:38,496] multiqc                                            [DEBUG  ]  No samples found: vep
[2022-08-05 11:07:38,505] multiqc                                            [DEBUG  ]  No samples found: sentieon
[2022-08-05 11:07:38,510] multiqc                                            [DEBUG  ]  No samples found: prokka
[2022-08-05 11:07:38,518] multiqc                                            [DEBUG  ]  No samples found: qc3C
[2022-08-05 11:07:38,523] multiqc                                            [DEBUG  ]  No samples found: nanostat
[2022-08-05 11:07:38,527] multiqc                                            [DEBUG  ]  No samples found: samblaster
[2022-08-05 11:07:38,538] multiqc                                            [DEBUG  ]  No samples found: samtools
[2022-08-05 11:07:38,772] multiqc                                            [DEBUG  ]  No samples found: sexdeterrmine
[2022-08-05 11:07:38,777] multiqc                                            [DEBUG  ]  No samples found: eigenstratdatabasetools
[2022-08-05 11:07:38,782] multiqc                                            [DEBUG  ]  No samples found: bamtools
[2022-08-05 11:07:38,785] multiqc                                            [DEBUG  ]  No samples found: jellyfish
[2022-08-05 11:07:38,793] multiqc                                            [DEBUG  ]  No samples found: vcftools
[2022-08-05 11:07:38,799] multiqc                                            [DEBUG  ]  No samples found: longranger
[2022-08-05 11:07:38,803] multiqc                                            [DEBUG  ]  No samples found: stacks
[2022-08-05 11:07:38,808] multiqc                                            [DEBUG  ]  No samples found: varscan2
[2022-08-05 11:07:38,812] multiqc                                            [DEBUG  ]  No samples found: snippy
[2022-08-05 11:07:39,060] multiqc                                            [DEBUG  ]  No samples found: bbmap
[2022-08-05 11:07:39,066] multiqc                                            [DEBUG  ]  No samples found: bismark
[2022-08-05 11:07:39,075] multiqc                                            [DEBUG  ]  No samples found: biscuit
[2022-08-05 11:07:39,081] multiqc                                            [DEBUG  ]  No samples found: hicexplorer
[2022-08-05 11:07:39,086] multiqc                                            [DEBUG  ]  No samples found: hicup
[2022-08-05 11:07:39,092] multiqc                                            [DEBUG  ]  No samples found: hicpro
[2022-08-05 11:07:39,096] multiqc                                            [DEBUG  ]  No samples found: salmon
[2022-08-05 11:07:39,100] multiqc                                            [DEBUG  ]  No samples found: kallisto
[2022-08-05 11:07:39,336] multiqc                                            [DEBUG  ]  No samples found: slamdunk
[2022-08-05 11:07:39,571] multiqc                                            [DEBUG  ]  No samples found: star
[2022-08-05 11:07:39,576] multiqc                                            [DEBUG  ]  No samples found: hisat2
[2022-08-05 11:07:39,580] multiqc                                            [DEBUG  ]  No samples found: tophat
[2022-08-05 11:07:39,586] multiqc                                            [DEBUG  ]  No samples found: bowtie2
[2022-08-05 11:07:39,590] multiqc                                            [DEBUG  ]  No samples found: bowtie1
[2022-08-05 11:07:39,594] multiqc                                            [DEBUG  ]  No samples found: snpsplit
[2022-08-05 11:07:39,599] multiqc                                            [DEBUG  ]  No samples found: odgi
[2022-08-05 11:07:39,603] multiqc                                            [DEBUG  ]  No samples found: pangolin
[2022-08-05 11:07:39,607] multiqc                                            [DEBUG  ]  No samples found: kat
[2022-08-05 11:07:39,611] multiqc                                            [DEBUG  ]  No samples found: leehom
[2022-08-05 11:07:39,616] multiqc                                            [DEBUG  ]  No samples found: adapterRemoval
[2022-08-05 11:07:39,849] multiqc                                            [DEBUG  ]  No samples found: clipandmerge
[2022-08-05 11:07:39,854] multiqc                                            [DEBUG  ]  No samples found: cutadapt
[2022-08-05 11:07:39,858] multiqc                                            [DEBUG  ]  No samples found: flexbar
[2022-08-05 11:07:39,864] multiqc                                            [DEBUG  ]  No samples found: kaiju
[2022-08-05 11:07:39,869] multiqc                                            [DEBUG  ]  No samples found: kraken
[2022-08-05 11:07:39,874] multiqc                                            [DEBUG  ]  No samples found: malt
[2022-08-05 11:07:39,879] multiqc                                            [DEBUG  ]  No samples found: trimmomatic
[2022-08-05 11:07:39,883] multiqc                                            [DEBUG  ]  No samples found: sickle
[2022-08-05 11:07:39,887] multiqc                                            [DEBUG  ]  No samples found: skewer
[2022-08-05 11:07:39,891] multiqc                                            [DEBUG  ]  No samples found: sortmerna
[2022-08-05 11:07:39,895] multiqc                                            [DEBUG  ]  No samples found: biobloomtools
[2022-08-05 11:07:39,901] multiqc                                            [DEBUG  ]  No samples found: fastq_screen
[2022-08-05 11:07:39,905] multiqc                                            [DEBUG  ]  No samples found: afterqc
[2022-08-05 11:07:39,911] multiqc                                            [DEBUG  ]  No samples found: fastp
[2022-08-05 11:07:40,629] multiqc.modules.fastqc.fastqc                      [INFO   ]  Found 4 reports
[2022-08-05 11:07:40,927] multiqc                                            [DEBUG  ]  No samples found: pychopper
[2022-08-05 11:07:40,932] multiqc                                            [DEBUG  ]  No samples found: pycoqc
[2022-08-05 11:07:40,937] multiqc                                            [DEBUG  ]  No samples found: minionqc
[2022-08-05 11:07:40,941] multiqc                                            [DEBUG  ]  No samples found: multivcfanalyzer
[2022-08-05 11:07:40,947] multiqc                                            [DEBUG  ]  No samples found: clusterflow
[2022-08-05 11:07:40,952] multiqc                                            [DEBUG  ]  No samples found: bcl2fastq
[2022-08-05 11:07:40,959] multiqc                                            [DEBUG  ]  No samples found: bclconvert
[2022-08-05 11:07:40,964] multiqc                                            [DEBUG  ]  No samples found: interop
[2022-08-05 11:07:40,968] multiqc                                            [DEBUG  ]  No samples found: ivar
[2022-08-05 11:07:40,973] multiqc                                            [DEBUG  ]  No samples found: flash
[2022-08-05 11:07:40,977] multiqc                                            [DEBUG  ]  No samples found: seqyclean
[2022-08-05 11:07:40,981] multiqc                                            [DEBUG  ]  No samples found: optitype
[2022-08-05 11:07:40,985] multiqc                                            [INFO   ]  Compressing plot data
[2022-08-05 11:07:41,043] multiqc                                            [INFO   ]  Report      : 401563_MGSD_CSIRO.qc.stats/multiqc_report.html
[2022-08-05 11:07:41,044] multiqc                                            [INFO   ]  Data        : 401563_MGSD_CSIRO.qc.stats/multiqc_data
[2022-08-05 11:07:41,044] multiqc                                            [DEBUG  ]  Moving data file from '/tmp/smi9a9.8585463/tmpjabtzp2i/multiqc_data' to '401563_MGSD_CSIRO.qc.stats/multiqc_data'
[2022-08-05 11:07:42,154] multiqc                                            [INFO   ]  MultiQC complete
