[2022-08-05 11:10:06,099] multiqc                                            [DEBUG  ]  This is MultiQC v1.11
[2022-08-05 11:10:06,099] multiqc                                            [DEBUG  ]  No MultiQC config found: /apps/multiqc/1.11/lib/python3.9/site-packages/multiqc_config.yaml
[2022-08-05 11:10:06,099] multiqc                                            [DEBUG  ]  No MultiQC config found: /home/smi9a9/.multiqc_config.yaml
[2022-08-05 11:10:06,168] multiqc                                            [DEBUG  ]  No MultiQC config found: multiqc_config.yaml
[2022-08-05 11:10:06,168] multiqc                                            [DEBUG  ]  Command used: /apps/multiqc/1.11/bin/multiqc ./138513_HG7NLDSX2-4_merged_fastqc.html ./138513_HG7NLDSX2-4_merged_fastqc.zip ./138513_HG7NLDSX2-4_merged.fastq.gz ./138513_HG7NLDSX2-4_R1p_fastqc.html ./138513_HG7NLDSX2-4_R1p_fastqc.zip ./138513_HG7NLDSX2-4_R1p.fastq.gz ./138513_HG7NLDSX2-4_R1R2u_fastqc.html ./138513_HG7NLDSX2-4_R1R2u_fastqc.zip ./138513_HG7NLDSX2-4_R1R2u.fastq.gz ./138513_HG7NLDSX2-4_R2p_fastqc.html ./138513_HG7NLDSX2-4_R2p_fastqc.zip ./138513_HG7NLDSX2-4_R2p.fastq.gz ./138513_QCreads.md5 -o 138513_MGSD_CSIRO.qc.stats
[2022-08-05 11:10:06,171] multiqc                                            [DEBUG  ]  Could not connect to multiqc.info for version check: <urlopen error [Errno 111] Connection refused>
[2022-08-05 11:10:06,171] multiqc                                            [DEBUG  ]  Command     : /apps/multiqc/1.11/bin/multiqc ./138513_HG7NLDSX2-4_merged_fastqc.html ./138513_HG7NLDSX2-4_merged_fastqc.zip ./138513_HG7NLDSX2-4_merged.fastq.gz ./138513_HG7NLDSX2-4_R1p_fastqc.html ./138513_HG7NLDSX2-4_R1p_fastqc.zip ./138513_HG7NLDSX2-4_R1p.fastq.gz ./138513_HG7NLDSX2-4_R1R2u_fastqc.html ./138513_HG7NLDSX2-4_R1R2u_fastqc.zip ./138513_HG7NLDSX2-4_R1R2u.fastq.gz ./138513_HG7NLDSX2-4_R2p_fastqc.html ./138513_HG7NLDSX2-4_R2p_fastqc.zip ./138513_HG7NLDSX2-4_R2p.fastq.gz ./138513_QCreads.md5 -o 138513_MGSD_CSIRO.qc.stats
[2022-08-05 11:10:06,171] multiqc                                            [DEBUG  ]  Working dir : /datasets/work/oa-amd/work/amd/Metagenome_QC_reads
[2022-08-05 11:10:06,171] multiqc                                            [DEBUG  ]  Template    : default
[2022-08-05 11:10:06,171] multiqc                                            [DEBUG  ]  Running Python 3.9.4 (default, Apr 25 2021, 16:13:27)  [GCC 10.3.0]
[2022-08-05 11:10:06,171] multiqc                                            [DEBUG  ]  Analysing modules: custom_content, ccs, ngsderive, purple, conpair, lima, peddy, somalier, methylQA, mosdepth, phantompeakqualtools, qualimap, preseq, quast, qorts, rna_seqc, rockhopper, rsem, rseqc, busco, bustools, goleft_indexcov, gffcompare, disambiguate, supernova, deeptools, sargasso, verifybamid, mirtrace, happy, mirtop, sambamba, homer, hops, macs2, theta2, snpeff, gatk, htseq, bcftools, featureCounts, fgbio, dragen, dedup, damageprofiler, biobambam2, jcvi, mtnucratio, picard, vep, sentieon, prokka, qc3C, nanostat, samblaster, samtools, sexdeterrmine, eigenstratdatabasetools, bamtools, jellyfish, vcftools, longranger, stacks, varscan2, snippy, bbmap, bismark, biscuit, hicexplorer, hicup, hicpro, salmon, kallisto, slamdunk, star, hisat2, tophat, bowtie2, bowtie1, snpsplit, odgi, pangolin, kat, leehom, adapterRemoval, clipandmerge, cutadapt, flexbar, kaiju, kraken, malt, trimmomatic, sickle, skewer, sortmerna, biobloomtools, fastq_screen, afterqc, fastp, fastqc, pychopper, pycoqc, minionqc, multivcfanalyzer, clusterflow, bcl2fastq, bclconvert, interop, ivar, flash, seqyclean, optitype
[2022-08-05 11:10:06,171] multiqc                                            [DEBUG  ]  Using temporary directory for creating report: /tmp/smi9a9.8585669/tmprl6o1sfj
[2022-08-05 11:10:06,232] multiqc                                            [INFO   ]  Search path : /datasets/work/oa-amd/work/amd/Metagenome_QC_reads/138513_HG7NLDSX2-4_merged_fastqc.html
[2022-08-05 11:10:06,232] multiqc                                            [INFO   ]  Search path : /datasets/work/oa-amd/work/amd/Metagenome_QC_reads/138513_HG7NLDSX2-4_merged_fastqc.zip
[2022-08-05 11:10:06,232] multiqc                                            [INFO   ]  Search path : /datasets/work/oa-amd/work/amd/Metagenome_QC_reads/138513_HG7NLDSX2-4_merged.fastq.gz
[2022-08-05 11:10:06,233] multiqc                                            [INFO   ]  Search path : /datasets/work/oa-amd/work/amd/Metagenome_QC_reads/138513_HG7NLDSX2-4_R1p_fastqc.html
[2022-08-05 11:10:06,233] multiqc                                            [INFO   ]  Search path : /datasets/work/oa-amd/work/amd/Metagenome_QC_reads/138513_HG7NLDSX2-4_R1p_fastqc.zip
[2022-08-05 11:10:06,233] multiqc                                            [INFO   ]  Search path : /datasets/work/oa-amd/work/amd/Metagenome_QC_reads/138513_HG7NLDSX2-4_R1p.fastq.gz
[2022-08-05 11:10:06,233] multiqc                                            [INFO   ]  Search path : /datasets/work/oa-amd/work/amd/Metagenome_QC_reads/138513_HG7NLDSX2-4_R1R2u_fastqc.html
[2022-08-05 11:10:06,233] multiqc                                            [INFO   ]  Search path : /datasets/work/oa-amd/work/amd/Metagenome_QC_reads/138513_HG7NLDSX2-4_R1R2u_fastqc.zip
[2022-08-05 11:10:06,233] multiqc                                            [INFO   ]  Search path : /datasets/work/oa-amd/work/amd/Metagenome_QC_reads/138513_HG7NLDSX2-4_R1R2u.fastq.gz
[2022-08-05 11:10:06,233] multiqc                                            [INFO   ]  Search path : /datasets/work/oa-amd/work/amd/Metagenome_QC_reads/138513_HG7NLDSX2-4_R2p_fastqc.html
[2022-08-05 11:10:06,233] multiqc                                            [INFO   ]  Search path : /datasets/work/oa-amd/work/amd/Metagenome_QC_reads/138513_HG7NLDSX2-4_R2p_fastqc.zip
[2022-08-05 11:10:06,233] multiqc                                            [INFO   ]  Search path : /datasets/work/oa-amd/work/amd/Metagenome_QC_reads/138513_HG7NLDSX2-4_R2p.fastq.gz
[2022-08-05 11:10:06,233] multiqc                                            [INFO   ]  Search path : /datasets/work/oa-amd/work/amd/Metagenome_QC_reads/138513_QCreads.md5
[2022-08-05 11:10:07,759] multiqc                                            [DEBUG  ]  File ignored by ccs/v4 because it exceeded search pattern filesize limit: 138513_HG7NLDSX2-4_merged_fastqc.html
[2022-08-05 11:10:07,770] multiqc                                            [DEBUG  ]  File ignored by hicexplorer because it exceeded search pattern filesize limit: 138513_HG7NLDSX2-4_merged_fastqc.html
[2022-08-05 11:10:07,771] multiqc                                            [DEBUG  ]  File ignored by nanostat because it exceeded search pattern filesize limit: 138513_HG7NLDSX2-4_merged_fastqc.html
[2022-08-05 11:10:07,771] multiqc                                            [DEBUG  ]  File ignored by lima/summary because it exceeded search pattern filesize limit: 138513_HG7NLDSX2-4_merged_fastqc.html
[2022-08-05 11:10:07,804] multiqc                                            [DEBUG  ]  File ignored by vep/vep_txt because it exceeded search pattern filesize limit: 138513_HG7NLDSX2-4_merged_fastqc.html
[2022-08-05 11:10:07,804] multiqc                                            [DEBUG  ]  File ignored by longranger/invocation because it exceeded search pattern filesize limit: 138513_HG7NLDSX2-4_merged_fastqc.html
[2022-08-05 11:10:07,804] multiqc                                            [DEBUG  ]  File ignored by rockhopper because it exceeded search pattern filesize limit: 138513_HG7NLDSX2-4_merged_fastqc.html
[2022-08-05 11:10:07,804] multiqc                                            [DEBUG  ]  File ignored by rseqc/bam_stat because it exceeded search pattern filesize limit: 138513_HG7NLDSX2-4_merged_fastqc.html
[2022-08-05 11:10:07,804] multiqc                                            [DEBUG  ]  File ignored by rseqc/junction_annotation because it exceeded search pattern filesize limit: 138513_HG7NLDSX2-4_merged_fastqc.html
[2022-08-05 11:10:07,804] multiqc                                            [DEBUG  ]  File ignored by rseqc/read_distribution because it exceeded search pattern filesize limit: 138513_HG7NLDSX2-4_merged_fastqc.html
[2022-08-05 11:10:07,804] multiqc                                            [DEBUG  ]  File ignored by rseqc/infer_experiment because it exceeded search pattern filesize limit: 138513_HG7NLDSX2-4_merged_fastqc.html
[2022-08-05 11:10:07,942] multiqc                                            [DEBUG  ]  Ignoring file as matched an ignore pattern: 138513_HG7NLDSX2-4_merged.fastq.gz
[2022-08-05 11:10:08,003] multiqc                                            [DEBUG  ]  File ignored by ccs/v4 because it exceeded search pattern filesize limit: 138513_HG7NLDSX2-4_R1p_fastqc.html
[2022-08-05 11:10:08,248] multiqc                                            [DEBUG  ]  File ignored by hicexplorer because it exceeded search pattern filesize limit: 138513_HG7NLDSX2-4_R1p_fastqc.html
[2022-08-05 11:10:08,249] multiqc                                            [DEBUG  ]  File ignored by nanostat because it exceeded search pattern filesize limit: 138513_HG7NLDSX2-4_R1p_fastqc.html
[2022-08-05 11:10:08,249] multiqc                                            [DEBUG  ]  File ignored by lima/summary because it exceeded search pattern filesize limit: 138513_HG7NLDSX2-4_R1p_fastqc.html
[2022-08-05 11:10:08,267] multiqc                                            [DEBUG  ]  File ignored by vep/vep_txt because it exceeded search pattern filesize limit: 138513_HG7NLDSX2-4_R1p_fastqc.html
[2022-08-05 11:10:08,267] multiqc                                            [DEBUG  ]  File ignored by longranger/invocation because it exceeded search pattern filesize limit: 138513_HG7NLDSX2-4_R1p_fastqc.html
[2022-08-05 11:10:08,267] multiqc                                            [DEBUG  ]  File ignored by rockhopper because it exceeded search pattern filesize limit: 138513_HG7NLDSX2-4_R1p_fastqc.html
[2022-08-05 11:10:08,267] multiqc                                            [DEBUG  ]  File ignored by rseqc/bam_stat because it exceeded search pattern filesize limit: 138513_HG7NLDSX2-4_R1p_fastqc.html
[2022-08-05 11:10:08,267] multiqc                                            [DEBUG  ]  File ignored by rseqc/junction_annotation because it exceeded search pattern filesize limit: 138513_HG7NLDSX2-4_R1p_fastqc.html
[2022-08-05 11:10:08,267] multiqc                                            [DEBUG  ]  File ignored by rseqc/read_distribution because it exceeded search pattern filesize limit: 138513_HG7NLDSX2-4_R1p_fastqc.html
[2022-08-05 11:10:08,267] multiqc                                            [DEBUG  ]  File ignored by rseqc/infer_experiment because it exceeded search pattern filesize limit: 138513_HG7NLDSX2-4_R1p_fastqc.html
[2022-08-05 11:10:08,392] multiqc                                            [DEBUG  ]  Ignoring file as matched an ignore pattern: 138513_HG7NLDSX2-4_R1p.fastq.gz
[2022-08-05 11:10:08,915] multiqc                                            [DEBUG  ]  File ignored by ccs/v4 because it exceeded search pattern filesize limit: 138513_HG7NLDSX2-4_R1R2u_fastqc.html
[2022-08-05 11:10:09,249] multiqc                                            [DEBUG  ]  File ignored by hicexplorer because it exceeded search pattern filesize limit: 138513_HG7NLDSX2-4_R1R2u_fastqc.html
[2022-08-05 11:10:09,252] multiqc                                            [DEBUG  ]  File ignored by nanostat because it exceeded search pattern filesize limit: 138513_HG7NLDSX2-4_R1R2u_fastqc.html
[2022-08-05 11:10:09,252] multiqc                                            [DEBUG  ]  File ignored by lima/summary because it exceeded search pattern filesize limit: 138513_HG7NLDSX2-4_R1R2u_fastqc.html
[2022-08-05 11:10:09,591] multiqc                                            [DEBUG  ]  File ignored by vep/vep_txt because it exceeded search pattern filesize limit: 138513_HG7NLDSX2-4_R1R2u_fastqc.html
[2022-08-05 11:10:09,591] multiqc                                            [DEBUG  ]  File ignored by longranger/invocation because it exceeded search pattern filesize limit: 138513_HG7NLDSX2-4_R1R2u_fastqc.html
[2022-08-05 11:10:09,591] multiqc                                            [DEBUG  ]  File ignored by rockhopper because it exceeded search pattern filesize limit: 138513_HG7NLDSX2-4_R1R2u_fastqc.html
[2022-08-05 11:10:09,591] multiqc                                            [DEBUG  ]  File ignored by rseqc/bam_stat because it exceeded search pattern filesize limit: 138513_HG7NLDSX2-4_R1R2u_fastqc.html
[2022-08-05 11:10:09,591] multiqc                                            [DEBUG  ]  File ignored by rseqc/junction_annotation because it exceeded search pattern filesize limit: 138513_HG7NLDSX2-4_R1R2u_fastqc.html
[2022-08-05 11:10:09,591] multiqc                                            [DEBUG  ]  File ignored by rseqc/read_distribution because it exceeded search pattern filesize limit: 138513_HG7NLDSX2-4_R1R2u_fastqc.html
[2022-08-05 11:10:09,591] multiqc                                            [DEBUG  ]  File ignored by rseqc/infer_experiment because it exceeded search pattern filesize limit: 138513_HG7NLDSX2-4_R1R2u_fastqc.html
[2022-08-05 11:10:10,100] multiqc                                            [DEBUG  ]  Ignoring file as matched an ignore pattern: 138513_HG7NLDSX2-4_R1R2u.fastq.gz
[2022-08-05 11:10:10,406] multiqc                                            [DEBUG  ]  File ignored by ccs/v4 because it exceeded search pattern filesize limit: 138513_HG7NLDSX2-4_R2p_fastqc.html
[2022-08-05 11:10:10,416] multiqc                                            [DEBUG  ]  File ignored by hicexplorer because it exceeded search pattern filesize limit: 138513_HG7NLDSX2-4_R2p_fastqc.html
[2022-08-05 11:10:10,417] multiqc                                            [DEBUG  ]  File ignored by nanostat because it exceeded search pattern filesize limit: 138513_HG7NLDSX2-4_R2p_fastqc.html
[2022-08-05 11:10:10,417] multiqc                                            [DEBUG  ]  File ignored by lima/summary because it exceeded search pattern filesize limit: 138513_HG7NLDSX2-4_R2p_fastqc.html
[2022-08-05 11:10:10,441] multiqc                                            [DEBUG  ]  File ignored by vep/vep_txt because it exceeded search pattern filesize limit: 138513_HG7NLDSX2-4_R2p_fastqc.html
[2022-08-05 11:10:10,441] multiqc                                            [DEBUG  ]  File ignored by longranger/invocation because it exceeded search pattern filesize limit: 138513_HG7NLDSX2-4_R2p_fastqc.html
[2022-08-05 11:10:10,441] multiqc                                            [DEBUG  ]  File ignored by rockhopper because it exceeded search pattern filesize limit: 138513_HG7NLDSX2-4_R2p_fastqc.html
[2022-08-05 11:10:10,441] multiqc                                            [DEBUG  ]  File ignored by rseqc/bam_stat because it exceeded search pattern filesize limit: 138513_HG7NLDSX2-4_R2p_fastqc.html
[2022-08-05 11:10:10,441] multiqc                                            [DEBUG  ]  File ignored by rseqc/junction_annotation because it exceeded search pattern filesize limit: 138513_HG7NLDSX2-4_R2p_fastqc.html
[2022-08-05 11:10:10,441] multiqc                                            [DEBUG  ]  File ignored by rseqc/read_distribution because it exceeded search pattern filesize limit: 138513_HG7NLDSX2-4_R2p_fastqc.html
[2022-08-05 11:10:10,441] multiqc                                            [DEBUG  ]  File ignored by rseqc/infer_experiment because it exceeded search pattern filesize limit: 138513_HG7NLDSX2-4_R2p_fastqc.html
[2022-08-05 11:10:10,660] multiqc                                            [DEBUG  ]  Ignoring file as matched an ignore pattern: 138513_HG7NLDSX2-4_R2p.fastq.gz
[2022-08-05 11:10:10,662] multiqc                                            [DEBUG  ]  Ignoring file as matched an ignore pattern: 138513_QCreads.md5
[2022-08-05 11:10:11,396] multiqc.plots.bargraph                             [DEBUG  ]  Using matplotlib version 3.3.4
[2022-08-05 11:10:11,400] multiqc.plots.linegraph                            [DEBUG  ]  Using matplotlib version 3.3.4
[2022-08-05 11:10:11,403] multiqc                                            [DEBUG  ]  No samples found: custom_content
[2022-08-05 11:10:11,637] multiqc                                            [DEBUG  ]  No samples found: ccs
[2022-08-05 11:10:11,878] multiqc                                            [DEBUG  ]  No samples found: ngsderive
[2022-08-05 11:10:11,882] multiqc                                            [DEBUG  ]  No samples found: purple
[2022-08-05 11:10:11,886] multiqc                                            [DEBUG  ]  No samples found: conpair
[2022-08-05 11:10:11,891] multiqc                                            [DEBUG  ]  No samples found: lima
[2022-08-05 11:10:11,896] multiqc                                            [DEBUG  ]  No samples found: peddy
[2022-08-05 11:10:11,902] multiqc                                            [DEBUG  ]  No samples found: somalier
[2022-08-05 11:10:11,906] multiqc                                            [DEBUG  ]  No samples found: methylQA
[2022-08-05 11:10:11,915] multiqc.modules.mosdepth.mosdepth                  [DEBUG  ]  include_contigs: []
[2022-08-05 11:10:11,915] multiqc.modules.mosdepth.mosdepth                  [DEBUG  ]  exclude_contigs: []
[2022-08-05 11:10:11,915] multiqc                                            [DEBUG  ]  No samples found: mosdepth
[2022-08-05 11:10:11,919] multiqc                                            [DEBUG  ]  No samples found: phantompeakqualtools
[2022-08-05 11:10:11,923] multiqc                                            [DEBUG  ]  No samples found: qualimap
[2022-08-05 11:10:11,928] multiqc                                            [DEBUG  ]  No samples found: preseq
[2022-08-05 11:10:11,933] multiqc                                            [DEBUG  ]  No samples found: quast
[2022-08-05 11:10:11,938] multiqc                                            [DEBUG  ]  No samples found: qorts
[2022-08-05 11:10:11,943] multiqc                                            [DEBUG  ]  No samples found: rna_seqc
[2022-08-05 11:10:11,947] multiqc                                            [DEBUG  ]  No samples found: rockhopper
[2022-08-05 11:10:11,951] multiqc                                            [DEBUG  ]  No samples found: rsem
[2022-08-05 11:10:11,964] multiqc                                            [DEBUG  ]  No samples found: rseqc
[2022-08-05 11:10:11,968] multiqc                                            [DEBUG  ]  No samples found: busco
[2022-08-05 11:10:11,973] multiqc                                            [DEBUG  ]  No samples found: bustools
[2022-08-05 11:10:11,978] multiqc                                            [DEBUG  ]  No samples found: goleft_indexcov
[2022-08-05 11:10:11,983] multiqc                                            [DEBUG  ]  No samples found: gffcompare
[2022-08-05 11:10:11,987] multiqc                                            [DEBUG  ]  No samples found: disambiguate
[2022-08-05 11:10:11,992] multiqc                                            [DEBUG  ]  No samples found: supernova
[2022-08-05 11:10:12,006] multiqc                                            [DEBUG  ]  No samples found: deeptools
[2022-08-05 11:10:12,011] multiqc                                            [DEBUG  ]  No samples found: sargasso
[2022-08-05 11:10:12,015] multiqc                                            [DEBUG  ]  No samples found: verifybamid
[2022-08-05 11:10:12,020] multiqc                                            [DEBUG  ]  No samples found: mirtrace
[2022-08-05 11:10:12,024] multiqc                                            [DEBUG  ]  No samples found: happy
[2022-08-05 11:10:12,029] multiqc                                            [DEBUG  ]  No samples found: mirtop
[2022-08-05 11:10:12,034] multiqc                                            [DEBUG  ]  No samples found: sambamba
[2022-08-05 11:10:12,042] multiqc                                            [DEBUG  ]  No samples found: homer
[2022-08-05 11:10:12,046] multiqc                                            [DEBUG  ]  No samples found: hops
[2022-08-05 11:10:12,051] multiqc                                            [DEBUG  ]  No samples found: macs2
[2022-08-05 11:10:12,056] multiqc                                            [DEBUG  ]  No samples found: theta2
[2022-08-05 11:10:12,061] multiqc                                            [DEBUG  ]  No samples found: snpeff
[2022-08-05 11:10:12,068] multiqc                                            [DEBUG  ]  No samples found: gatk
[2022-08-05 11:10:12,073] multiqc                                            [DEBUG  ]  No samples found: htseq
[2022-08-05 11:10:12,078] multiqc                                            [DEBUG  ]  No samples found: bcftools
[2022-08-05 11:10:12,083] multiqc                                            [DEBUG  ]  No samples found: featureCounts
[2022-08-05 11:10:12,089] multiqc                                            [DEBUG  ]  No samples found: fgbio
[2022-08-05 11:10:12,105] multiqc                                            [DEBUG  ]  No samples found: dragen
[2022-08-05 11:10:12,111] multiqc                                            [DEBUG  ]  No samples found: dedup
[2022-08-05 11:10:12,346] multiqc                                            [DEBUG  ]  No samples found: damageprofiler
[2022-08-05 11:10:13,327] multiqc                                            [DEBUG  ]  No samples found: biobambam2
[2022-08-05 11:10:13,333] multiqc                                            [DEBUG  ]  No samples found: jcvi
[2022-08-05 11:10:13,336] multiqc                                            [DEBUG  ]  No samples found: mtnucratio
[2022-08-05 11:10:13,338] multiqc                                            [DEBUG  ]  No samples found: picard
[2022-08-05 11:10:13,344] multiqc                                            [DEBUG  ]  No samples found: vep
[2022-08-05 11:10:13,351] multiqc                                            [DEBUG  ]  No samples found: sentieon
[2022-08-05 11:10:13,356] multiqc                                            [DEBUG  ]  No samples found: prokka
[2022-08-05 11:10:13,363] multiqc                                            [DEBUG  ]  No samples found: qc3C
[2022-08-05 11:10:13,367] multiqc                                            [DEBUG  ]  No samples found: nanostat
[2022-08-05 11:10:13,372] multiqc                                            [DEBUG  ]  No samples found: samblaster
[2022-08-05 11:10:13,381] multiqc                                            [DEBUG  ]  No samples found: samtools
[2022-08-05 11:10:13,385] multiqc                                            [DEBUG  ]  No samples found: sexdeterrmine
[2022-08-05 11:10:13,389] multiqc                                            [DEBUG  ]  No samples found: eigenstratdatabasetools
[2022-08-05 11:10:13,394] multiqc                                            [DEBUG  ]  No samples found: bamtools
[2022-08-05 11:10:13,398] multiqc                                            [DEBUG  ]  No samples found: jellyfish
[2022-08-05 11:10:13,636] multiqc                                            [DEBUG  ]  No samples found: vcftools
[2022-08-05 11:10:13,642] multiqc                                            [DEBUG  ]  No samples found: longranger
[2022-08-05 11:10:13,648] multiqc                                            [DEBUG  ]  No samples found: stacks
[2022-08-05 11:10:13,658] multiqc                                            [DEBUG  ]  No samples found: varscan2
[2022-08-05 11:10:13,665] multiqc                                            [DEBUG  ]  No samples found: snippy
[2022-08-05 11:10:13,687] multiqc                                            [DEBUG  ]  No samples found: bbmap
[2022-08-05 11:10:13,694] multiqc                                            [DEBUG  ]  No samples found: bismark
[2022-08-05 11:10:13,703] multiqc                                            [DEBUG  ]  No samples found: biscuit
[2022-08-05 11:10:13,720] multiqc                                            [DEBUG  ]  No samples found: hicexplorer
[2022-08-05 11:10:13,729] multiqc                                            [DEBUG  ]  No samples found: hicup
[2022-08-05 11:10:13,735] multiqc                                            [DEBUG  ]  No samples found: hicpro
[2022-08-05 11:10:13,740] multiqc                                            [DEBUG  ]  No samples found: salmon
[2022-08-05 11:10:13,745] multiqc                                            [DEBUG  ]  No samples found: kallisto
[2022-08-05 11:10:13,752] multiqc                                            [DEBUG  ]  No samples found: slamdunk
[2022-08-05 11:10:13,759] multiqc                                            [DEBUG  ]  No samples found: star
[2022-08-05 11:10:13,765] multiqc                                            [DEBUG  ]  No samples found: hisat2
[2022-08-05 11:10:13,769] multiqc                                            [DEBUG  ]  No samples found: tophat
[2022-08-05 11:10:13,774] multiqc                                            [DEBUG  ]  No samples found: bowtie2
[2022-08-05 11:10:13,778] multiqc                                            [DEBUG  ]  No samples found: bowtie1
[2022-08-05 11:10:13,783] multiqc                                            [DEBUG  ]  No samples found: snpsplit
[2022-08-05 11:10:13,789] multiqc                                            [DEBUG  ]  No samples found: odgi
[2022-08-05 11:10:13,793] multiqc                                            [DEBUG  ]  No samples found: pangolin
[2022-08-05 11:10:13,797] multiqc                                            [DEBUG  ]  No samples found: kat
[2022-08-05 11:10:13,801] multiqc                                            [DEBUG  ]  No samples found: leehom
[2022-08-05 11:10:13,807] multiqc                                            [DEBUG  ]  No samples found: adapterRemoval
[2022-08-05 11:10:13,811] multiqc                                            [DEBUG  ]  No samples found: clipandmerge
[2022-08-05 11:10:13,816] multiqc                                            [DEBUG  ]  No samples found: cutadapt
[2022-08-05 11:10:13,822] multiqc                                            [DEBUG  ]  No samples found: flexbar
[2022-08-05 11:10:13,827] multiqc                                            [DEBUG  ]  No samples found: kaiju
[2022-08-05 11:10:13,832] multiqc                                            [DEBUG  ]  No samples found: kraken
[2022-08-05 11:10:13,837] multiqc                                            [DEBUG  ]  No samples found: malt
[2022-08-05 11:10:13,842] multiqc                                            [DEBUG  ]  No samples found: trimmomatic
[2022-08-05 11:10:13,846] multiqc                                            [DEBUG  ]  No samples found: sickle
[2022-08-05 11:10:13,851] multiqc                                            [DEBUG  ]  No samples found: skewer
[2022-08-05 11:10:13,855] multiqc                                            [DEBUG  ]  No samples found: sortmerna
[2022-08-05 11:10:13,860] multiqc                                            [DEBUG  ]  No samples found: biobloomtools
[2022-08-05 11:10:13,866] multiqc                                            [DEBUG  ]  No samples found: fastq_screen
[2022-08-05 11:10:14,101] multiqc                                            [DEBUG  ]  No samples found: afterqc
[2022-08-05 11:10:14,107] multiqc                                            [DEBUG  ]  No samples found: fastp
[2022-08-05 11:10:15,481] multiqc.modules.fastqc.fastqc                      [INFO   ]  Found 4 reports
[2022-08-05 11:10:15,528] multiqc                                            [DEBUG  ]  No samples found: pychopper
[2022-08-05 11:10:15,533] multiqc                                            [DEBUG  ]  No samples found: pycoqc
[2022-08-05 11:10:15,538] multiqc                                            [DEBUG  ]  No samples found: minionqc
[2022-08-05 11:10:15,543] multiqc                                            [DEBUG  ]  No samples found: multivcfanalyzer
[2022-08-05 11:10:15,548] multiqc                                            [DEBUG  ]  No samples found: clusterflow
[2022-08-05 11:10:15,554] multiqc                                            [DEBUG  ]  No samples found: bcl2fastq
[2022-08-05 11:10:15,560] multiqc                                            [DEBUG  ]  No samples found: bclconvert
[2022-08-05 11:10:15,566] multiqc                                            [DEBUG  ]  No samples found: interop
[2022-08-05 11:10:15,570] multiqc                                            [DEBUG  ]  No samples found: ivar
[2022-08-05 11:10:15,574] multiqc                                            [DEBUG  ]  No samples found: flash
[2022-08-05 11:10:15,580] multiqc                                            [DEBUG  ]  No samples found: seqyclean
[2022-08-05 11:10:15,587] multiqc                                            [DEBUG  ]  No samples found: optitype
[2022-08-05 11:10:15,592] multiqc                                            [INFO   ]  Compressing plot data
[2022-08-05 11:10:15,687] multiqc                                            [INFO   ]  Report      : 138513_MGSD_CSIRO.qc.stats/multiqc_report.html
[2022-08-05 11:10:15,687] multiqc                                            [INFO   ]  Data        : 138513_MGSD_CSIRO.qc.stats/multiqc_data
[2022-08-05 11:10:15,687] multiqc                                            [DEBUG  ]  Moving data file from '/tmp/smi9a9.8585669/tmprl6o1sfj/multiqc_data' to '138513_MGSD_CSIRO.qc.stats/multiqc_data'
[2022-08-05 11:10:17,009] multiqc                                            [INFO   ]  MultiQC complete
