[2022-08-05 11:08:18,499] multiqc                                            [DEBUG  ]  This is MultiQC v1.11
[2022-08-05 11:08:18,499] multiqc                                            [DEBUG  ]  No MultiQC config found: /apps/multiqc/1.11/lib/python3.9/site-packages/multiqc_config.yaml
[2022-08-05 11:08:18,499] multiqc                                            [DEBUG  ]  No MultiQC config found: /home/smi9a9/.multiqc_config.yaml
[2022-08-05 11:08:18,505] multiqc                                            [DEBUG  ]  No MultiQC config found: multiqc_config.yaml
[2022-08-05 11:08:18,505] multiqc                                            [DEBUG  ]  Command used: /apps/multiqc/1.11/bin/multiqc ./401560_HL7J5DSX3-1_merged_fastqc.html ./401560_HL7J5DSX3-1_merged_fastqc.zip ./401560_HL7J5DSX3-1_merged.fastq.gz ./401560_HL7J5DSX3-1_R1p_fastqc.html ./401560_HL7J5DSX3-1_R1p_fastqc.zip ./401560_HL7J5DSX3-1_R1p.fastq.gz ./401560_HL7J5DSX3-1_R1R2u_fastqc.html ./401560_HL7J5DSX3-1_R1R2u_fastqc.zip ./401560_HL7J5DSX3-1_R1R2u.fastq.gz ./401560_HL7J5DSX3-1_R2p_fastqc.html ./401560_HL7J5DSX3-1_R2p_fastqc.zip ./401560_HL7J5DSX3-1_R2p.fastq.gz ./401560_QCreads.md5 -o 401560_MGSD_CSIRO.qc.stats
[2022-08-05 11:08:18,508] multiqc                                            [DEBUG  ]  Could not connect to multiqc.info for version check: <urlopen error [Errno 111] Connection refused>
[2022-08-05 11:08:18,508] multiqc                                            [DEBUG  ]  Command     : /apps/multiqc/1.11/bin/multiqc ./401560_HL7J5DSX3-1_merged_fastqc.html ./401560_HL7J5DSX3-1_merged_fastqc.zip ./401560_HL7J5DSX3-1_merged.fastq.gz ./401560_HL7J5DSX3-1_R1p_fastqc.html ./401560_HL7J5DSX3-1_R1p_fastqc.zip ./401560_HL7J5DSX3-1_R1p.fastq.gz ./401560_HL7J5DSX3-1_R1R2u_fastqc.html ./401560_HL7J5DSX3-1_R1R2u_fastqc.zip ./401560_HL7J5DSX3-1_R1R2u.fastq.gz ./401560_HL7J5DSX3-1_R2p_fastqc.html ./401560_HL7J5DSX3-1_R2p_fastqc.zip ./401560_HL7J5DSX3-1_R2p.fastq.gz ./401560_QCreads.md5 -o 401560_MGSD_CSIRO.qc.stats
[2022-08-05 11:08:18,508] multiqc                                            [DEBUG  ]  Working dir : /datasets/work/oa-amd/work/amd/Metagenome_QC_reads
[2022-08-05 11:08:18,508] multiqc                                            [DEBUG  ]  Template    : default
[2022-08-05 11:08:18,508] multiqc                                            [DEBUG  ]  Running Python 3.9.4 (default, Apr 25 2021, 16:13:27)  [GCC 10.3.0]
[2022-08-05 11:08:18,508] multiqc                                            [DEBUG  ]  Analysing modules: custom_content, ccs, ngsderive, purple, conpair, lima, peddy, somalier, methylQA, mosdepth, phantompeakqualtools, qualimap, preseq, quast, qorts, rna_seqc, rockhopper, rsem, rseqc, busco, bustools, goleft_indexcov, gffcompare, disambiguate, supernova, deeptools, sargasso, verifybamid, mirtrace, happy, mirtop, sambamba, homer, hops, macs2, theta2, snpeff, gatk, htseq, bcftools, featureCounts, fgbio, dragen, dedup, damageprofiler, biobambam2, jcvi, mtnucratio, picard, vep, sentieon, prokka, qc3C, nanostat, samblaster, samtools, sexdeterrmine, eigenstratdatabasetools, bamtools, jellyfish, vcftools, longranger, stacks, varscan2, snippy, bbmap, bismark, biscuit, hicexplorer, hicup, hicpro, salmon, kallisto, slamdunk, star, hisat2, tophat, bowtie2, bowtie1, snpsplit, odgi, pangolin, kat, leehom, adapterRemoval, clipandmerge, cutadapt, flexbar, kaiju, kraken, malt, trimmomatic, sickle, skewer, sortmerna, biobloomtools, fastq_screen, afterqc, fastp, fastqc, pychopper, pycoqc, minionqc, multivcfanalyzer, clusterflow, bcl2fastq, bclconvert, interop, ivar, flash, seqyclean, optitype
[2022-08-05 11:08:18,508] multiqc                                            [DEBUG  ]  Using temporary directory for creating report: /tmp/smi9a9.8584702/tmp4ou1ev9d
[2022-08-05 11:08:18,574] multiqc                                            [INFO   ]  Search path : /datasets/work/oa-amd/work/amd/Metagenome_QC_reads/401560_HL7J5DSX3-1_merged_fastqc.html
[2022-08-05 11:08:18,574] multiqc                                            [INFO   ]  Search path : /datasets/work/oa-amd/work/amd/Metagenome_QC_reads/401560_HL7J5DSX3-1_merged_fastqc.zip
[2022-08-05 11:08:18,574] multiqc                                            [INFO   ]  Search path : /datasets/work/oa-amd/work/amd/Metagenome_QC_reads/401560_HL7J5DSX3-1_merged.fastq.gz
[2022-08-05 11:08:18,574] multiqc                                            [INFO   ]  Search path : /datasets/work/oa-amd/work/amd/Metagenome_QC_reads/401560_HL7J5DSX3-1_R1p_fastqc.html
[2022-08-05 11:08:18,574] multiqc                                            [INFO   ]  Search path : /datasets/work/oa-amd/work/amd/Metagenome_QC_reads/401560_HL7J5DSX3-1_R1p_fastqc.zip
[2022-08-05 11:08:18,574] multiqc                                            [INFO   ]  Search path : /datasets/work/oa-amd/work/amd/Metagenome_QC_reads/401560_HL7J5DSX3-1_R1p.fastq.gz
[2022-08-05 11:08:18,574] multiqc                                            [INFO   ]  Search path : /datasets/work/oa-amd/work/amd/Metagenome_QC_reads/401560_HL7J5DSX3-1_R1R2u_fastqc.html
[2022-08-05 11:08:18,575] multiqc                                            [INFO   ]  Search path : /datasets/work/oa-amd/work/amd/Metagenome_QC_reads/401560_HL7J5DSX3-1_R1R2u_fastqc.zip
[2022-08-05 11:08:18,575] multiqc                                            [INFO   ]  Search path : /datasets/work/oa-amd/work/amd/Metagenome_QC_reads/401560_HL7J5DSX3-1_R1R2u.fastq.gz
[2022-08-05 11:08:18,575] multiqc                                            [INFO   ]  Search path : /datasets/work/oa-amd/work/amd/Metagenome_QC_reads/401560_HL7J5DSX3-1_R2p_fastqc.html
[2022-08-05 11:08:18,575] multiqc                                            [INFO   ]  Search path : /datasets/work/oa-amd/work/amd/Metagenome_QC_reads/401560_HL7J5DSX3-1_R2p_fastqc.zip
[2022-08-05 11:08:18,575] multiqc                                            [INFO   ]  Search path : /datasets/work/oa-amd/work/amd/Metagenome_QC_reads/401560_HL7J5DSX3-1_R2p.fastq.gz
[2022-08-05 11:08:18,575] multiqc                                            [INFO   ]  Search path : /datasets/work/oa-amd/work/amd/Metagenome_QC_reads/401560_QCreads.md5
[2022-08-05 11:08:19,713] multiqc                                            [DEBUG  ]  File ignored by ccs/v4 because it exceeded search pattern filesize limit: 401560_HL7J5DSX3-1_merged_fastqc.html
[2022-08-05 11:08:19,723] multiqc                                            [DEBUG  ]  File ignored by hicexplorer because it exceeded search pattern filesize limit: 401560_HL7J5DSX3-1_merged_fastqc.html
[2022-08-05 11:08:19,730] multiqc                                            [DEBUG  ]  File ignored by nanostat because it exceeded search pattern filesize limit: 401560_HL7J5DSX3-1_merged_fastqc.html
[2022-08-05 11:08:19,730] multiqc                                            [DEBUG  ]  File ignored by lima/summary because it exceeded search pattern filesize limit: 401560_HL7J5DSX3-1_merged_fastqc.html
[2022-08-05 11:08:19,979] multiqc                                            [DEBUG  ]  File ignored by vep/vep_txt because it exceeded search pattern filesize limit: 401560_HL7J5DSX3-1_merged_fastqc.html
[2022-08-05 11:08:19,979] multiqc                                            [DEBUG  ]  File ignored by longranger/invocation because it exceeded search pattern filesize limit: 401560_HL7J5DSX3-1_merged_fastqc.html
[2022-08-05 11:08:19,979] multiqc                                            [DEBUG  ]  File ignored by rockhopper because it exceeded search pattern filesize limit: 401560_HL7J5DSX3-1_merged_fastqc.html
[2022-08-05 11:08:19,979] multiqc                                            [DEBUG  ]  File ignored by rseqc/bam_stat because it exceeded search pattern filesize limit: 401560_HL7J5DSX3-1_merged_fastqc.html
[2022-08-05 11:08:19,979] multiqc                                            [DEBUG  ]  File ignored by rseqc/junction_annotation because it exceeded search pattern filesize limit: 401560_HL7J5DSX3-1_merged_fastqc.html
[2022-08-05 11:08:19,979] multiqc                                            [DEBUG  ]  File ignored by rseqc/read_distribution because it exceeded search pattern filesize limit: 401560_HL7J5DSX3-1_merged_fastqc.html
[2022-08-05 11:08:19,979] multiqc                                            [DEBUG  ]  File ignored by rseqc/infer_experiment because it exceeded search pattern filesize limit: 401560_HL7J5DSX3-1_merged_fastqc.html
[2022-08-05 11:08:20,112] multiqc                                            [DEBUG  ]  Ignoring file as matched an ignore pattern: 401560_HL7J5DSX3-1_merged.fastq.gz
[2022-08-05 11:08:20,172] multiqc                                            [DEBUG  ]  File ignored by ccs/v4 because it exceeded search pattern filesize limit: 401560_HL7J5DSX3-1_R1p_fastqc.html
[2022-08-05 11:08:20,180] multiqc                                            [DEBUG  ]  File ignored by hicexplorer because it exceeded search pattern filesize limit: 401560_HL7J5DSX3-1_R1p_fastqc.html
[2022-08-05 11:08:20,181] multiqc                                            [DEBUG  ]  File ignored by nanostat because it exceeded search pattern filesize limit: 401560_HL7J5DSX3-1_R1p_fastqc.html
[2022-08-05 11:08:20,181] multiqc                                            [DEBUG  ]  File ignored by lima/summary because it exceeded search pattern filesize limit: 401560_HL7J5DSX3-1_R1p_fastqc.html
[2022-08-05 11:08:20,198] multiqc                                            [DEBUG  ]  File ignored by vep/vep_txt because it exceeded search pattern filesize limit: 401560_HL7J5DSX3-1_R1p_fastqc.html
[2022-08-05 11:08:20,198] multiqc                                            [DEBUG  ]  File ignored by longranger/invocation because it exceeded search pattern filesize limit: 401560_HL7J5DSX3-1_R1p_fastqc.html
[2022-08-05 11:08:20,198] multiqc                                            [DEBUG  ]  File ignored by rockhopper because it exceeded search pattern filesize limit: 401560_HL7J5DSX3-1_R1p_fastqc.html
[2022-08-05 11:08:20,198] multiqc                                            [DEBUG  ]  File ignored by rseqc/bam_stat because it exceeded search pattern filesize limit: 401560_HL7J5DSX3-1_R1p_fastqc.html
[2022-08-05 11:08:20,198] multiqc                                            [DEBUG  ]  File ignored by rseqc/junction_annotation because it exceeded search pattern filesize limit: 401560_HL7J5DSX3-1_R1p_fastqc.html
[2022-08-05 11:08:20,198] multiqc                                            [DEBUG  ]  File ignored by rseqc/read_distribution because it exceeded search pattern filesize limit: 401560_HL7J5DSX3-1_R1p_fastqc.html
[2022-08-05 11:08:20,198] multiqc                                            [DEBUG  ]  File ignored by rseqc/infer_experiment because it exceeded search pattern filesize limit: 401560_HL7J5DSX3-1_R1p_fastqc.html
[2022-08-05 11:08:20,549] multiqc                                            [DEBUG  ]  Ignoring file as matched an ignore pattern: 401560_HL7J5DSX3-1_R1p.fastq.gz
[2022-08-05 11:08:21,598] multiqc                                            [DEBUG  ]  File ignored by ccs/v4 because it exceeded search pattern filesize limit: 401560_HL7J5DSX3-1_R1R2u_fastqc.html
[2022-08-05 11:08:21,608] multiqc                                            [DEBUG  ]  File ignored by hicexplorer because it exceeded search pattern filesize limit: 401560_HL7J5DSX3-1_R1R2u_fastqc.html
[2022-08-05 11:08:21,609] multiqc                                            [DEBUG  ]  File ignored by nanostat because it exceeded search pattern filesize limit: 401560_HL7J5DSX3-1_R1R2u_fastqc.html
[2022-08-05 11:08:21,609] multiqc                                            [DEBUG  ]  File ignored by lima/summary because it exceeded search pattern filesize limit: 401560_HL7J5DSX3-1_R1R2u_fastqc.html
[2022-08-05 11:08:21,669] multiqc                                            [DEBUG  ]  File ignored by vep/vep_txt because it exceeded search pattern filesize limit: 401560_HL7J5DSX3-1_R1R2u_fastqc.html
[2022-08-05 11:08:21,669] multiqc                                            [DEBUG  ]  File ignored by longranger/invocation because it exceeded search pattern filesize limit: 401560_HL7J5DSX3-1_R1R2u_fastqc.html
[2022-08-05 11:08:21,669] multiqc                                            [DEBUG  ]  File ignored by rockhopper because it exceeded search pattern filesize limit: 401560_HL7J5DSX3-1_R1R2u_fastqc.html
[2022-08-05 11:08:21,669] multiqc                                            [DEBUG  ]  File ignored by rseqc/bam_stat because it exceeded search pattern filesize limit: 401560_HL7J5DSX3-1_R1R2u_fastqc.html
[2022-08-05 11:08:21,669] multiqc                                            [DEBUG  ]  File ignored by rseqc/junction_annotation because it exceeded search pattern filesize limit: 401560_HL7J5DSX3-1_R1R2u_fastqc.html
[2022-08-05 11:08:21,669] multiqc                                            [DEBUG  ]  File ignored by rseqc/read_distribution because it exceeded search pattern filesize limit: 401560_HL7J5DSX3-1_R1R2u_fastqc.html
[2022-08-05 11:08:21,669] multiqc                                            [DEBUG  ]  File ignored by rseqc/infer_experiment because it exceeded search pattern filesize limit: 401560_HL7J5DSX3-1_R1R2u_fastqc.html
[2022-08-05 11:08:23,308] multiqc                                            [DEBUG  ]  Ignoring file as matched an ignore pattern: 401560_HL7J5DSX3-1_R1R2u.fastq.gz
[2022-08-05 11:08:23,584] multiqc                                            [DEBUG  ]  File ignored by ccs/v4 because it exceeded search pattern filesize limit: 401560_HL7J5DSX3-1_R2p_fastqc.html
[2022-08-05 11:08:23,592] multiqc                                            [DEBUG  ]  File ignored by hicexplorer because it exceeded search pattern filesize limit: 401560_HL7J5DSX3-1_R2p_fastqc.html
[2022-08-05 11:08:23,593] multiqc                                            [DEBUG  ]  File ignored by nanostat because it exceeded search pattern filesize limit: 401560_HL7J5DSX3-1_R2p_fastqc.html
[2022-08-05 11:08:23,593] multiqc                                            [DEBUG  ]  File ignored by lima/summary because it exceeded search pattern filesize limit: 401560_HL7J5DSX3-1_R2p_fastqc.html
[2022-08-05 11:08:23,610] multiqc                                            [DEBUG  ]  File ignored by vep/vep_txt because it exceeded search pattern filesize limit: 401560_HL7J5DSX3-1_R2p_fastqc.html
[2022-08-05 11:08:23,610] multiqc                                            [DEBUG  ]  File ignored by longranger/invocation because it exceeded search pattern filesize limit: 401560_HL7J5DSX3-1_R2p_fastqc.html
[2022-08-05 11:08:23,610] multiqc                                            [DEBUG  ]  File ignored by rockhopper because it exceeded search pattern filesize limit: 401560_HL7J5DSX3-1_R2p_fastqc.html
[2022-08-05 11:08:23,610] multiqc                                            [DEBUG  ]  File ignored by rseqc/bam_stat because it exceeded search pattern filesize limit: 401560_HL7J5DSX3-1_R2p_fastqc.html
[2022-08-05 11:08:23,610] multiqc                                            [DEBUG  ]  File ignored by rseqc/junction_annotation because it exceeded search pattern filesize limit: 401560_HL7J5DSX3-1_R2p_fastqc.html
[2022-08-05 11:08:23,611] multiqc                                            [DEBUG  ]  File ignored by rseqc/read_distribution because it exceeded search pattern filesize limit: 401560_HL7J5DSX3-1_R2p_fastqc.html
[2022-08-05 11:08:23,611] multiqc                                            [DEBUG  ]  File ignored by rseqc/infer_experiment because it exceeded search pattern filesize limit: 401560_HL7J5DSX3-1_R2p_fastqc.html
[2022-08-05 11:08:24,062] multiqc                                            [DEBUG  ]  Ignoring file as matched an ignore pattern: 401560_HL7J5DSX3-1_R2p.fastq.gz
[2022-08-05 11:08:24,062] multiqc                                            [DEBUG  ]  Ignoring file as matched an ignore pattern: 401560_QCreads.md5
[2022-08-05 11:08:25,738] multiqc.plots.bargraph                             [DEBUG  ]  Using matplotlib version 3.3.4
[2022-08-05 11:08:25,742] multiqc.plots.linegraph                            [DEBUG  ]  Using matplotlib version 3.3.4
[2022-08-05 11:08:25,745] multiqc                                            [DEBUG  ]  No samples found: custom_content
[2022-08-05 11:08:25,750] multiqc                                            [DEBUG  ]  No samples found: ccs
[2022-08-05 11:08:25,986] multiqc                                            [DEBUG  ]  No samples found: ngsderive
[2022-08-05 11:08:25,991] multiqc                                            [DEBUG  ]  No samples found: purple
[2022-08-05 11:08:25,995] multiqc                                            [DEBUG  ]  No samples found: conpair
[2022-08-05 11:08:26,000] multiqc                                            [DEBUG  ]  No samples found: lima
[2022-08-05 11:08:26,237] multiqc                                            [DEBUG  ]  No samples found: peddy
[2022-08-05 11:08:26,244] multiqc                                            [DEBUG  ]  No samples found: somalier
[2022-08-05 11:08:26,249] multiqc                                            [DEBUG  ]  No samples found: methylQA
[2022-08-05 11:08:26,258] multiqc.modules.mosdepth.mosdepth                  [DEBUG  ]  include_contigs: []
[2022-08-05 11:08:26,258] multiqc.modules.mosdepth.mosdepth                  [DEBUG  ]  exclude_contigs: []
[2022-08-05 11:08:26,258] multiqc                                            [DEBUG  ]  No samples found: mosdepth
[2022-08-05 11:08:26,263] multiqc                                            [DEBUG  ]  No samples found: phantompeakqualtools
[2022-08-05 11:08:26,266] multiqc                                            [DEBUG  ]  No samples found: qualimap
[2022-08-05 11:08:26,272] multiqc                                            [DEBUG  ]  No samples found: preseq
[2022-08-05 11:08:26,278] multiqc                                            [DEBUG  ]  No samples found: quast
[2022-08-05 11:08:26,283] multiqc                                            [DEBUG  ]  No samples found: qorts
[2022-08-05 11:08:26,288] multiqc                                            [DEBUG  ]  No samples found: rna_seqc
[2022-08-05 11:08:26,293] multiqc                                            [DEBUG  ]  No samples found: rockhopper
[2022-08-05 11:08:26,298] multiqc                                            [DEBUG  ]  No samples found: rsem
[2022-08-05 11:08:26,313] multiqc                                            [DEBUG  ]  No samples found: rseqc
[2022-08-05 11:08:26,317] multiqc                                            [DEBUG  ]  No samples found: busco
[2022-08-05 11:08:26,322] multiqc                                            [DEBUG  ]  No samples found: bustools
[2022-08-05 11:08:26,327] multiqc                                            [DEBUG  ]  No samples found: goleft_indexcov
[2022-08-05 11:08:26,333] multiqc                                            [DEBUG  ]  No samples found: gffcompare
[2022-08-05 11:08:26,337] multiqc                                            [DEBUG  ]  No samples found: disambiguate
[2022-08-05 11:08:26,344] multiqc                                            [DEBUG  ]  No samples found: supernova
[2022-08-05 11:08:26,591] multiqc                                            [DEBUG  ]  No samples found: deeptools
[2022-08-05 11:08:26,596] multiqc                                            [DEBUG  ]  No samples found: sargasso
[2022-08-05 11:08:26,601] multiqc                                            [DEBUG  ]  No samples found: verifybamid
[2022-08-05 11:08:26,836] multiqc                                            [DEBUG  ]  No samples found: mirtrace
[2022-08-05 11:08:26,842] multiqc                                            [DEBUG  ]  No samples found: happy
[2022-08-05 11:08:26,846] multiqc                                            [DEBUG  ]  No samples found: mirtop
[2022-08-05 11:08:26,852] multiqc                                            [DEBUG  ]  No samples found: sambamba
[2022-08-05 11:08:26,860] multiqc                                            [DEBUG  ]  No samples found: homer
[2022-08-05 11:08:26,865] multiqc                                            [DEBUG  ]  No samples found: hops
[2022-08-05 11:08:26,869] multiqc                                            [DEBUG  ]  No samples found: macs2
[2022-08-05 11:08:26,874] multiqc                                            [DEBUG  ]  No samples found: theta2
[2022-08-05 11:08:26,879] multiqc                                            [DEBUG  ]  No samples found: snpeff
[2022-08-05 11:08:26,887] multiqc                                            [DEBUG  ]  No samples found: gatk
[2022-08-05 11:08:26,892] multiqc                                            [DEBUG  ]  No samples found: htseq
[2022-08-05 11:08:26,898] multiqc                                            [DEBUG  ]  No samples found: bcftools
[2022-08-05 11:08:26,902] multiqc                                            [DEBUG  ]  No samples found: featureCounts
[2022-08-05 11:08:26,910] multiqc                                            [DEBUG  ]  No samples found: fgbio
[2022-08-05 11:08:26,927] multiqc                                            [DEBUG  ]  No samples found: dragen
[2022-08-05 11:08:26,931] multiqc                                            [DEBUG  ]  No samples found: dedup
[2022-08-05 11:08:26,936] multiqc                                            [DEBUG  ]  No samples found: damageprofiler
[2022-08-05 11:08:27,206] multiqc                                            [DEBUG  ]  No samples found: biobambam2
[2022-08-05 11:08:27,212] multiqc                                            [DEBUG  ]  No samples found: jcvi
[2022-08-05 11:08:27,216] multiqc                                            [DEBUG  ]  No samples found: mtnucratio
[2022-08-05 11:08:27,218] multiqc                                            [DEBUG  ]  No samples found: picard
[2022-08-05 11:08:27,224] multiqc                                            [DEBUG  ]  No samples found: vep
[2022-08-05 11:08:27,464] multiqc                                            [DEBUG  ]  No samples found: sentieon
[2022-08-05 11:08:27,470] multiqc                                            [DEBUG  ]  No samples found: prokka
[2022-08-05 11:08:27,477] multiqc                                            [DEBUG  ]  No samples found: qc3C
[2022-08-05 11:08:27,483] multiqc                                            [DEBUG  ]  No samples found: nanostat
[2022-08-05 11:08:27,487] multiqc                                            [DEBUG  ]  No samples found: samblaster
[2022-08-05 11:08:27,498] multiqc                                            [DEBUG  ]  No samples found: samtools
[2022-08-05 11:08:27,503] multiqc                                            [DEBUG  ]  No samples found: sexdeterrmine
[2022-08-05 11:08:27,507] multiqc                                            [DEBUG  ]  No samples found: eigenstratdatabasetools
[2022-08-05 11:08:27,513] multiqc                                            [DEBUG  ]  No samples found: bamtools
[2022-08-05 11:08:27,518] multiqc                                            [DEBUG  ]  No samples found: jellyfish
[2022-08-05 11:08:27,526] multiqc                                            [DEBUG  ]  No samples found: vcftools
[2022-08-05 11:08:27,532] multiqc                                            [DEBUG  ]  No samples found: longranger
[2022-08-05 11:08:27,767] multiqc                                            [DEBUG  ]  No samples found: stacks
[2022-08-05 11:08:27,773] multiqc                                            [DEBUG  ]  No samples found: varscan2
[2022-08-05 11:08:27,778] multiqc                                            [DEBUG  ]  No samples found: snippy
[2022-08-05 11:08:28,027] multiqc                                            [DEBUG  ]  No samples found: bbmap
[2022-08-05 11:08:28,033] multiqc                                            [DEBUG  ]  No samples found: bismark
[2022-08-05 11:08:28,042] multiqc                                            [DEBUG  ]  No samples found: biscuit
[2022-08-05 11:08:28,047] multiqc                                            [DEBUG  ]  No samples found: hicexplorer
[2022-08-05 11:08:28,053] multiqc                                            [DEBUG  ]  No samples found: hicup
[2022-08-05 11:08:28,058] multiqc                                            [DEBUG  ]  No samples found: hicpro
[2022-08-05 11:08:28,063] multiqc                                            [DEBUG  ]  No samples found: salmon
[2022-08-05 11:08:28,067] multiqc                                            [DEBUG  ]  No samples found: kallisto
[2022-08-05 11:08:28,304] multiqc                                            [DEBUG  ]  No samples found: slamdunk
[2022-08-05 11:08:28,310] multiqc                                            [DEBUG  ]  No samples found: star
[2022-08-05 11:08:28,317] multiqc                                            [DEBUG  ]  No samples found: hisat2
[2022-08-05 11:08:28,323] multiqc                                            [DEBUG  ]  No samples found: tophat
[2022-08-05 11:08:28,329] multiqc                                            [DEBUG  ]  No samples found: bowtie2
[2022-08-05 11:08:28,335] multiqc                                            [DEBUG  ]  No samples found: bowtie1
[2022-08-05 11:08:28,344] multiqc                                            [DEBUG  ]  No samples found: snpsplit
[2022-08-05 11:08:28,350] multiqc                                            [DEBUG  ]  No samples found: odgi
[2022-08-05 11:08:28,356] multiqc                                            [DEBUG  ]  No samples found: pangolin
[2022-08-05 11:08:28,362] multiqc                                            [DEBUG  ]  No samples found: kat
[2022-08-05 11:08:28,367] multiqc                                            [DEBUG  ]  No samples found: leehom
[2022-08-05 11:08:28,377] multiqc                                            [DEBUG  ]  No samples found: adapterRemoval
[2022-08-05 11:08:28,384] multiqc                                            [DEBUG  ]  No samples found: clipandmerge
[2022-08-05 11:08:28,390] multiqc                                            [DEBUG  ]  No samples found: cutadapt
[2022-08-05 11:08:28,395] multiqc                                            [DEBUG  ]  No samples found: flexbar
[2022-08-05 11:08:28,401] multiqc                                            [DEBUG  ]  No samples found: kaiju
[2022-08-05 11:08:28,409] multiqc                                            [DEBUG  ]  No samples found: kraken
[2022-08-05 11:08:28,644] multiqc                                            [DEBUG  ]  No samples found: malt
[2022-08-05 11:08:28,649] multiqc                                            [DEBUG  ]  No samples found: trimmomatic
[2022-08-05 11:08:28,654] multiqc                                            [DEBUG  ]  No samples found: sickle
[2022-08-05 11:08:28,659] multiqc                                            [DEBUG  ]  No samples found: skewer
[2022-08-05 11:08:28,664] multiqc                                            [DEBUG  ]  No samples found: sortmerna
[2022-08-05 11:08:28,670] multiqc                                            [DEBUG  ]  No samples found: biobloomtools
[2022-08-05 11:08:28,676] multiqc                                            [DEBUG  ]  No samples found: fastq_screen
[2022-08-05 11:08:28,681] multiqc                                            [DEBUG  ]  No samples found: afterqc
[2022-08-05 11:08:28,687] multiqc                                            [DEBUG  ]  No samples found: fastp
[2022-08-05 11:08:30,146] multiqc.modules.fastqc.fastqc                      [INFO   ]  Found 4 reports
[2022-08-05 11:08:30,196] multiqc                                            [DEBUG  ]  No samples found: pychopper
[2022-08-05 11:08:30,432] multiqc                                            [DEBUG  ]  No samples found: pycoqc
[2022-08-05 11:08:30,438] multiqc                                            [DEBUG  ]  No samples found: minionqc
[2022-08-05 11:08:30,443] multiqc                                            [DEBUG  ]  No samples found: multivcfanalyzer
[2022-08-05 11:08:30,448] multiqc                                            [DEBUG  ]  No samples found: clusterflow
[2022-08-05 11:08:30,455] multiqc                                            [DEBUG  ]  No samples found: bcl2fastq
[2022-08-05 11:08:30,692] multiqc                                            [DEBUG  ]  No samples found: bclconvert
[2022-08-05 11:08:30,698] multiqc                                            [DEBUG  ]  No samples found: interop
[2022-08-05 11:08:30,703] multiqc                                            [DEBUG  ]  No samples found: ivar
[2022-08-05 11:08:30,709] multiqc                                            [DEBUG  ]  No samples found: flash
[2022-08-05 11:08:30,713] multiqc                                            [DEBUG  ]  No samples found: seqyclean
[2022-08-05 11:08:30,718] multiqc                                            [DEBUG  ]  No samples found: optitype
[2022-08-05 11:08:30,722] multiqc                                            [INFO   ]  Compressing plot data
[2022-08-05 11:08:30,812] multiqc                                            [INFO   ]  Report      : 401560_MGSD_CSIRO.qc.stats/multiqc_report.html
[2022-08-05 11:08:30,812] multiqc                                            [INFO   ]  Data        : 401560_MGSD_CSIRO.qc.stats/multiqc_data
[2022-08-05 11:08:30,812] multiqc                                            [DEBUG  ]  Moving data file from '/tmp/smi9a9.8584702/tmp4ou1ev9d/multiqc_data' to '401560_MGSD_CSIRO.qc.stats/multiqc_data'
[2022-08-05 11:08:32,097] multiqc                                            [INFO   ]  MultiQC complete
