[2022-08-05 11:15:00,529] multiqc                                            [DEBUG  ]  This is MultiQC v1.11
[2022-08-05 11:15:00,529] multiqc                                            [DEBUG  ]  No MultiQC config found: /apps/multiqc/1.11/lib/python3.9/site-packages/multiqc_config.yaml
[2022-08-05 11:15:00,529] multiqc                                            [DEBUG  ]  No MultiQC config found: /home/smi9a9/.multiqc_config.yaml
[2022-08-05 11:15:03,069] multiqc                                            [DEBUG  ]  No MultiQC config found: multiqc_config.yaml
[2022-08-05 11:15:03,069] multiqc                                            [DEBUG  ]  Command used: /apps/multiqc/1.11/bin/multiqc ./7077_combined_merged_fastqc.html ./7077_combined_merged_fastqc.zip ./7077_combined_merged.fastq.gz ./7077_combined_R1p_fastqc.html ./7077_combined_R1p_fastqc.zip ./7077_combined_R1p.fastq.gz ./7077_combined_R1R2u_fastqc.html ./7077_combined_R1R2u_fastqc.zip ./7077_combined_R1R2u.fastq.gz ./7077_combined_R2p_fastqc.html ./7077_combined_R2p_fastqc.zip ./7077_combined_R2p.fastq.gz ./7077_QCreads.md5 -o 7077_MGSD_CSIRO.qc.stats
[2022-08-05 11:15:03,074] multiqc                                            [DEBUG  ]  Could not connect to multiqc.info for version check: <urlopen error [Errno 111] Connection refused>
[2022-08-05 11:15:03,075] multiqc                                            [DEBUG  ]  Command     : /apps/multiqc/1.11/bin/multiqc ./7077_combined_merged_fastqc.html ./7077_combined_merged_fastqc.zip ./7077_combined_merged.fastq.gz ./7077_combined_R1p_fastqc.html ./7077_combined_R1p_fastqc.zip ./7077_combined_R1p.fastq.gz ./7077_combined_R1R2u_fastqc.html ./7077_combined_R1R2u_fastqc.zip ./7077_combined_R1R2u.fastq.gz ./7077_combined_R2p_fastqc.html ./7077_combined_R2p_fastqc.zip ./7077_combined_R2p.fastq.gz ./7077_QCreads.md5 -o 7077_MGSD_CSIRO.qc.stats
[2022-08-05 11:15:03,075] multiqc                                            [DEBUG  ]  Working dir : /datasets/work/oa-amd/work/amd/Metagenome_QC_reads
[2022-08-05 11:15:03,075] multiqc                                            [DEBUG  ]  Template    : default
[2022-08-05 11:15:03,075] multiqc                                            [DEBUG  ]  Running Python 3.9.4 (default, Apr 25 2021, 16:13:27)  [GCC 10.3.0]
[2022-08-05 11:15:03,075] multiqc                                            [DEBUG  ]  Analysing modules: custom_content, ccs, ngsderive, purple, conpair, lima, peddy, somalier, methylQA, mosdepth, phantompeakqualtools, qualimap, preseq, quast, qorts, rna_seqc, rockhopper, rsem, rseqc, busco, bustools, goleft_indexcov, gffcompare, disambiguate, supernova, deeptools, sargasso, verifybamid, mirtrace, happy, mirtop, sambamba, homer, hops, macs2, theta2, snpeff, gatk, htseq, bcftools, featureCounts, fgbio, dragen, dedup, damageprofiler, biobambam2, jcvi, mtnucratio, picard, vep, sentieon, prokka, qc3C, nanostat, samblaster, samtools, sexdeterrmine, eigenstratdatabasetools, bamtools, jellyfish, vcftools, longranger, stacks, varscan2, snippy, bbmap, bismark, biscuit, hicexplorer, hicup, hicpro, salmon, kallisto, slamdunk, star, hisat2, tophat, bowtie2, bowtie1, snpsplit, odgi, pangolin, kat, leehom, adapterRemoval, clipandmerge, cutadapt, flexbar, kaiju, kraken, malt, trimmomatic, sickle, skewer, sortmerna, biobloomtools, fastq_screen, afterqc, fastp, fastqc, pychopper, pycoqc, minionqc, multivcfanalyzer, clusterflow, bcl2fastq, bclconvert, interop, ivar, flash, seqyclean, optitype
[2022-08-05 11:15:03,075] multiqc                                            [DEBUG  ]  Using temporary directory for creating report: /tmp/smi9a9.8586140/tmpe8hyd_6h
[2022-08-05 11:15:03,138] multiqc                                            [INFO   ]  Search path : /datasets/work/oa-amd/work/amd/Metagenome_QC_reads/7077_combined_merged_fastqc.html
[2022-08-05 11:15:03,138] multiqc                                            [INFO   ]  Search path : /datasets/work/oa-amd/work/amd/Metagenome_QC_reads/7077_combined_merged_fastqc.zip
[2022-08-05 11:15:03,138] multiqc                                            [INFO   ]  Search path : /datasets/work/oa-amd/work/amd/Metagenome_QC_reads/7077_combined_merged.fastq.gz
[2022-08-05 11:15:03,138] multiqc                                            [INFO   ]  Search path : /datasets/work/oa-amd/work/amd/Metagenome_QC_reads/7077_combined_R1p_fastqc.html
[2022-08-05 11:15:03,139] multiqc                                            [INFO   ]  Search path : /datasets/work/oa-amd/work/amd/Metagenome_QC_reads/7077_combined_R1p_fastqc.zip
[2022-08-05 11:15:03,139] multiqc                                            [INFO   ]  Search path : /datasets/work/oa-amd/work/amd/Metagenome_QC_reads/7077_combined_R1p.fastq.gz
[2022-08-05 11:15:03,139] multiqc                                            [INFO   ]  Search path : /datasets/work/oa-amd/work/amd/Metagenome_QC_reads/7077_combined_R1R2u_fastqc.html
[2022-08-05 11:15:03,139] multiqc                                            [INFO   ]  Search path : /datasets/work/oa-amd/work/amd/Metagenome_QC_reads/7077_combined_R1R2u_fastqc.zip
[2022-08-05 11:15:03,139] multiqc                                            [INFO   ]  Search path : /datasets/work/oa-amd/work/amd/Metagenome_QC_reads/7077_combined_R1R2u.fastq.gz
[2022-08-05 11:15:03,139] multiqc                                            [INFO   ]  Search path : /datasets/work/oa-amd/work/amd/Metagenome_QC_reads/7077_combined_R2p_fastqc.html
[2022-08-05 11:15:03,139] multiqc                                            [INFO   ]  Search path : /datasets/work/oa-amd/work/amd/Metagenome_QC_reads/7077_combined_R2p_fastqc.zip
[2022-08-05 11:15:03,139] multiqc                                            [INFO   ]  Search path : /datasets/work/oa-amd/work/amd/Metagenome_QC_reads/7077_combined_R2p.fastq.gz
[2022-08-05 11:15:03,139] multiqc                                            [INFO   ]  Search path : /datasets/work/oa-amd/work/amd/Metagenome_QC_reads/7077_QCreads.md5
[2022-08-05 11:15:03,421] multiqc                                            [DEBUG  ]  File ignored by ccs/v4 because it exceeded search pattern filesize limit: 7077_combined_merged_fastqc.html
[2022-08-05 11:15:03,431] multiqc                                            [DEBUG  ]  File ignored by hicexplorer because it exceeded search pattern filesize limit: 7077_combined_merged_fastqc.html
[2022-08-05 11:15:03,432] multiqc                                            [DEBUG  ]  File ignored by nanostat because it exceeded search pattern filesize limit: 7077_combined_merged_fastqc.html
[2022-08-05 11:15:03,433] multiqc                                            [DEBUG  ]  File ignored by lima/summary because it exceeded search pattern filesize limit: 7077_combined_merged_fastqc.html
[2022-08-05 11:15:03,459] multiqc                                            [DEBUG  ]  File ignored by vep/vep_txt because it exceeded search pattern filesize limit: 7077_combined_merged_fastqc.html
[2022-08-05 11:15:03,460] multiqc                                            [DEBUG  ]  File ignored by longranger/invocation because it exceeded search pattern filesize limit: 7077_combined_merged_fastqc.html
[2022-08-05 11:15:03,460] multiqc                                            [DEBUG  ]  File ignored by rockhopper because it exceeded search pattern filesize limit: 7077_combined_merged_fastqc.html
[2022-08-05 11:15:03,460] multiqc                                            [DEBUG  ]  File ignored by rseqc/bam_stat because it exceeded search pattern filesize limit: 7077_combined_merged_fastqc.html
[2022-08-05 11:15:03,460] multiqc                                            [DEBUG  ]  File ignored by rseqc/junction_annotation because it exceeded search pattern filesize limit: 7077_combined_merged_fastqc.html
[2022-08-05 11:15:03,460] multiqc                                            [DEBUG  ]  File ignored by rseqc/read_distribution because it exceeded search pattern filesize limit: 7077_combined_merged_fastqc.html
[2022-08-05 11:15:03,460] multiqc                                            [DEBUG  ]  File ignored by rseqc/infer_experiment because it exceeded search pattern filesize limit: 7077_combined_merged_fastqc.html
[2022-08-05 11:15:03,566] multiqc                                            [DEBUG  ]  Ignoring file as matched an ignore pattern: 7077_combined_merged.fastq.gz
[2022-08-05 11:15:03,650] multiqc                                            [DEBUG  ]  File ignored by ccs/v4 because it exceeded search pattern filesize limit: 7077_combined_R1p_fastqc.html
[2022-08-05 11:15:04,112] multiqc                                            [DEBUG  ]  File ignored by hicexplorer because it exceeded search pattern filesize limit: 7077_combined_R1p_fastqc.html
[2022-08-05 11:15:04,113] multiqc                                            [DEBUG  ]  File ignored by nanostat because it exceeded search pattern filesize limit: 7077_combined_R1p_fastqc.html
[2022-08-05 11:15:04,113] multiqc                                            [DEBUG  ]  File ignored by lima/summary because it exceeded search pattern filesize limit: 7077_combined_R1p_fastqc.html
[2022-08-05 11:15:04,137] multiqc                                            [DEBUG  ]  File ignored by vep/vep_txt because it exceeded search pattern filesize limit: 7077_combined_R1p_fastqc.html
[2022-08-05 11:15:04,137] multiqc                                            [DEBUG  ]  File ignored by longranger/invocation because it exceeded search pattern filesize limit: 7077_combined_R1p_fastqc.html
[2022-08-05 11:15:04,137] multiqc                                            [DEBUG  ]  File ignored by rockhopper because it exceeded search pattern filesize limit: 7077_combined_R1p_fastqc.html
[2022-08-05 11:15:04,137] multiqc                                            [DEBUG  ]  File ignored by rseqc/bam_stat because it exceeded search pattern filesize limit: 7077_combined_R1p_fastqc.html
[2022-08-05 11:15:04,137] multiqc                                            [DEBUG  ]  File ignored by rseqc/junction_annotation because it exceeded search pattern filesize limit: 7077_combined_R1p_fastqc.html
[2022-08-05 11:15:04,137] multiqc                                            [DEBUG  ]  File ignored by rseqc/read_distribution because it exceeded search pattern filesize limit: 7077_combined_R1p_fastqc.html
[2022-08-05 11:15:04,137] multiqc                                            [DEBUG  ]  File ignored by rseqc/infer_experiment because it exceeded search pattern filesize limit: 7077_combined_R1p_fastqc.html
[2022-08-05 11:15:04,257] multiqc                                            [DEBUG  ]  Ignoring file as matched an ignore pattern: 7077_combined_R1p.fastq.gz
[2022-08-05 11:15:04,366] multiqc                                            [DEBUG  ]  File ignored by ccs/v4 because it exceeded search pattern filesize limit: 7077_combined_R1R2u_fastqc.html
[2022-08-05 11:15:04,817] multiqc                                            [DEBUG  ]  File ignored by hicexplorer because it exceeded search pattern filesize limit: 7077_combined_R1R2u_fastqc.html
[2022-08-05 11:15:04,818] multiqc                                            [DEBUG  ]  File ignored by nanostat because it exceeded search pattern filesize limit: 7077_combined_R1R2u_fastqc.html
[2022-08-05 11:15:04,818] multiqc                                            [DEBUG  ]  File ignored by lima/summary because it exceeded search pattern filesize limit: 7077_combined_R1R2u_fastqc.html
[2022-08-05 11:15:04,849] multiqc                                            [DEBUG  ]  File ignored by vep/vep_txt because it exceeded search pattern filesize limit: 7077_combined_R1R2u_fastqc.html
[2022-08-05 11:15:04,849] multiqc                                            [DEBUG  ]  File ignored by longranger/invocation because it exceeded search pattern filesize limit: 7077_combined_R1R2u_fastqc.html
[2022-08-05 11:15:04,849] multiqc                                            [DEBUG  ]  File ignored by rockhopper because it exceeded search pattern filesize limit: 7077_combined_R1R2u_fastqc.html
[2022-08-05 11:15:04,849] multiqc                                            [DEBUG  ]  File ignored by rseqc/bam_stat because it exceeded search pattern filesize limit: 7077_combined_R1R2u_fastqc.html
[2022-08-05 11:15:04,849] multiqc                                            [DEBUG  ]  File ignored by rseqc/junction_annotation because it exceeded search pattern filesize limit: 7077_combined_R1R2u_fastqc.html
[2022-08-05 11:15:04,849] multiqc                                            [DEBUG  ]  File ignored by rseqc/read_distribution because it exceeded search pattern filesize limit: 7077_combined_R1R2u_fastqc.html
[2022-08-05 11:15:04,849] multiqc                                            [DEBUG  ]  File ignored by rseqc/infer_experiment because it exceeded search pattern filesize limit: 7077_combined_R1R2u_fastqc.html
[2022-08-05 11:15:04,950] multiqc                                            [DEBUG  ]  Ignoring file as matched an ignore pattern: 7077_combined_R1R2u.fastq.gz
[2022-08-05 11:15:05,070] multiqc                                            [DEBUG  ]  File ignored by ccs/v4 because it exceeded search pattern filesize limit: 7077_combined_R2p_fastqc.html
[2022-08-05 11:15:05,091] multiqc                                            [DEBUG  ]  File ignored by hicexplorer because it exceeded search pattern filesize limit: 7077_combined_R2p_fastqc.html
[2022-08-05 11:15:05,102] multiqc                                            [DEBUG  ]  File ignored by nanostat because it exceeded search pattern filesize limit: 7077_combined_R2p_fastqc.html
[2022-08-05 11:15:05,102] multiqc                                            [DEBUG  ]  File ignored by lima/summary because it exceeded search pattern filesize limit: 7077_combined_R2p_fastqc.html
[2022-08-05 11:15:05,144] multiqc                                            [DEBUG  ]  File ignored by vep/vep_txt because it exceeded search pattern filesize limit: 7077_combined_R2p_fastqc.html
[2022-08-05 11:15:05,144] multiqc                                            [DEBUG  ]  File ignored by longranger/invocation because it exceeded search pattern filesize limit: 7077_combined_R2p_fastqc.html
[2022-08-05 11:15:05,144] multiqc                                            [DEBUG  ]  File ignored by rockhopper because it exceeded search pattern filesize limit: 7077_combined_R2p_fastqc.html
[2022-08-05 11:15:05,144] multiqc                                            [DEBUG  ]  File ignored by rseqc/bam_stat because it exceeded search pattern filesize limit: 7077_combined_R2p_fastqc.html
[2022-08-05 11:15:05,144] multiqc                                            [DEBUG  ]  File ignored by rseqc/junction_annotation because it exceeded search pattern filesize limit: 7077_combined_R2p_fastqc.html
[2022-08-05 11:15:05,144] multiqc                                            [DEBUG  ]  File ignored by rseqc/read_distribution because it exceeded search pattern filesize limit: 7077_combined_R2p_fastqc.html
[2022-08-05 11:15:05,144] multiqc                                            [DEBUG  ]  File ignored by rseqc/infer_experiment because it exceeded search pattern filesize limit: 7077_combined_R2p_fastqc.html
[2022-08-05 11:15:05,256] multiqc                                            [DEBUG  ]  Ignoring file as matched an ignore pattern: 7077_combined_R2p.fastq.gz
[2022-08-05 11:15:05,268] multiqc                                            [DEBUG  ]  Ignoring file as matched an ignore pattern: 7077_QCreads.md5
[2022-08-05 11:15:06,789] multiqc.plots.bargraph                             [DEBUG  ]  Using matplotlib version 3.3.4
[2022-08-05 11:15:06,793] multiqc.plots.linegraph                            [DEBUG  ]  Using matplotlib version 3.3.4
[2022-08-05 11:15:06,796] multiqc                                            [DEBUG  ]  No samples found: custom_content
[2022-08-05 11:15:06,801] multiqc                                            [DEBUG  ]  No samples found: ccs
[2022-08-05 11:15:06,806] multiqc                                            [DEBUG  ]  No samples found: ngsderive
[2022-08-05 11:15:06,811] multiqc                                            [DEBUG  ]  No samples found: purple
[2022-08-05 11:15:06,815] multiqc                                            [DEBUG  ]  No samples found: conpair
[2022-08-05 11:15:06,820] multiqc                                            [DEBUG  ]  No samples found: lima
[2022-08-05 11:15:06,825] multiqc                                            [DEBUG  ]  No samples found: peddy
[2022-08-05 11:15:07,061] multiqc                                            [DEBUG  ]  No samples found: somalier
[2022-08-05 11:15:07,065] multiqc                                            [DEBUG  ]  No samples found: methylQA
[2022-08-05 11:15:07,075] multiqc.modules.mosdepth.mosdepth                  [DEBUG  ]  include_contigs: []
[2022-08-05 11:15:07,075] multiqc.modules.mosdepth.mosdepth                  [DEBUG  ]  exclude_contigs: []
[2022-08-05 11:15:07,075] multiqc                                            [DEBUG  ]  No samples found: mosdepth
[2022-08-05 11:15:07,079] multiqc                                            [DEBUG  ]  No samples found: phantompeakqualtools
[2022-08-05 11:15:07,082] multiqc                                            [DEBUG  ]  No samples found: qualimap
[2022-08-05 11:15:07,087] multiqc                                            [DEBUG  ]  No samples found: preseq
[2022-08-05 11:15:07,092] multiqc                                            [DEBUG  ]  No samples found: quast
[2022-08-05 11:15:07,097] multiqc                                            [DEBUG  ]  No samples found: qorts
[2022-08-05 11:15:07,102] multiqc                                            [DEBUG  ]  No samples found: rna_seqc
[2022-08-05 11:15:07,106] multiqc                                            [DEBUG  ]  No samples found: rockhopper
[2022-08-05 11:15:07,111] multiqc                                            [DEBUG  ]  No samples found: rsem
[2022-08-05 11:15:07,125] multiqc                                            [DEBUG  ]  No samples found: rseqc
[2022-08-05 11:15:07,129] multiqc                                            [DEBUG  ]  No samples found: busco
[2022-08-05 11:15:07,134] multiqc                                            [DEBUG  ]  No samples found: bustools
[2022-08-05 11:15:07,138] multiqc                                            [DEBUG  ]  No samples found: goleft_indexcov
[2022-08-05 11:15:07,143] multiqc                                            [DEBUG  ]  No samples found: gffcompare
[2022-08-05 11:15:07,147] multiqc                                            [DEBUG  ]  No samples found: disambiguate
[2022-08-05 11:15:07,152] multiqc                                            [DEBUG  ]  No samples found: supernova
[2022-08-05 11:15:07,168] multiqc                                            [DEBUG  ]  No samples found: deeptools
[2022-08-05 11:15:07,172] multiqc                                            [DEBUG  ]  No samples found: sargasso
[2022-08-05 11:15:07,176] multiqc                                            [DEBUG  ]  No samples found: verifybamid
[2022-08-05 11:15:07,181] multiqc                                            [DEBUG  ]  No samples found: mirtrace
[2022-08-05 11:15:07,186] multiqc                                            [DEBUG  ]  No samples found: happy
[2022-08-05 11:15:07,190] multiqc                                            [DEBUG  ]  No samples found: mirtop
[2022-08-05 11:15:07,195] multiqc                                            [DEBUG  ]  No samples found: sambamba
[2022-08-05 11:15:07,202] multiqc                                            [DEBUG  ]  No samples found: homer
[2022-08-05 11:15:07,206] multiqc                                            [DEBUG  ]  No samples found: hops
[2022-08-05 11:15:07,210] multiqc                                            [DEBUG  ]  No samples found: macs2
[2022-08-05 11:15:07,214] multiqc                                            [DEBUG  ]  No samples found: theta2
[2022-08-05 11:15:07,219] multiqc                                            [DEBUG  ]  No samples found: snpeff
[2022-08-05 11:15:07,226] multiqc                                            [DEBUG  ]  No samples found: gatk
[2022-08-05 11:15:07,230] multiqc                                            [DEBUG  ]  No samples found: htseq
[2022-08-05 11:15:07,236] multiqc                                            [DEBUG  ]  No samples found: bcftools
[2022-08-05 11:15:07,240] multiqc                                            [DEBUG  ]  No samples found: featureCounts
[2022-08-05 11:15:07,246] multiqc                                            [DEBUG  ]  No samples found: fgbio
[2022-08-05 11:15:07,262] multiqc                                            [DEBUG  ]  No samples found: dragen
[2022-08-05 11:15:07,266] multiqc                                            [DEBUG  ]  No samples found: dedup
[2022-08-05 11:15:07,271] multiqc                                            [DEBUG  ]  No samples found: damageprofiler
[2022-08-05 11:15:07,306] multiqc                                            [DEBUG  ]  No samples found: biobambam2
[2022-08-05 11:15:07,311] multiqc                                            [DEBUG  ]  No samples found: jcvi
[2022-08-05 11:15:07,315] multiqc                                            [DEBUG  ]  No samples found: mtnucratio
[2022-08-05 11:15:07,317] multiqc                                            [DEBUG  ]  No samples found: picard
[2022-08-05 11:15:07,322] multiqc                                            [DEBUG  ]  No samples found: vep
[2022-08-05 11:15:07,330] multiqc                                            [DEBUG  ]  No samples found: sentieon
[2022-08-05 11:15:07,335] multiqc                                            [DEBUG  ]  No samples found: prokka
[2022-08-05 11:15:07,342] multiqc                                            [DEBUG  ]  No samples found: qc3C
[2022-08-05 11:15:07,346] multiqc                                            [DEBUG  ]  No samples found: nanostat
[2022-08-05 11:15:07,350] multiqc                                            [DEBUG  ]  No samples found: samblaster
[2022-08-05 11:15:07,359] multiqc                                            [DEBUG  ]  No samples found: samtools
[2022-08-05 11:15:07,363] multiqc                                            [DEBUG  ]  No samples found: sexdeterrmine
[2022-08-05 11:15:07,367] multiqc                                            [DEBUG  ]  No samples found: eigenstratdatabasetools
[2022-08-05 11:15:07,372] multiqc                                            [DEBUG  ]  No samples found: bamtools
[2022-08-05 11:15:07,376] multiqc                                            [DEBUG  ]  No samples found: jellyfish
[2022-08-05 11:15:07,383] multiqc                                            [DEBUG  ]  No samples found: vcftools
[2022-08-05 11:15:07,388] multiqc                                            [DEBUG  ]  No samples found: longranger
[2022-08-05 11:15:07,393] multiqc                                            [DEBUG  ]  No samples found: stacks
[2022-08-05 11:15:07,398] multiqc                                            [DEBUG  ]  No samples found: varscan2
[2022-08-05 11:15:07,402] multiqc                                            [DEBUG  ]  No samples found: snippy
[2022-08-05 11:15:07,418] multiqc                                            [DEBUG  ]  No samples found: bbmap
[2022-08-05 11:15:07,424] multiqc                                            [DEBUG  ]  No samples found: bismark
[2022-08-05 11:15:07,432] multiqc                                            [DEBUG  ]  No samples found: biscuit
[2022-08-05 11:15:07,437] multiqc                                            [DEBUG  ]  No samples found: hicexplorer
[2022-08-05 11:15:07,441] multiqc                                            [DEBUG  ]  No samples found: hicup
[2022-08-05 11:15:07,446] multiqc                                            [DEBUG  ]  No samples found: hicpro
[2022-08-05 11:15:07,451] multiqc                                            [DEBUG  ]  No samples found: salmon
[2022-08-05 11:15:07,455] multiqc                                            [DEBUG  ]  No samples found: kallisto
[2022-08-05 11:15:07,461] multiqc                                            [DEBUG  ]  No samples found: slamdunk
[2022-08-05 11:15:07,465] multiqc                                            [DEBUG  ]  No samples found: star
[2022-08-05 11:15:07,470] multiqc                                            [DEBUG  ]  No samples found: hisat2
[2022-08-05 11:15:07,474] multiqc                                            [DEBUG  ]  No samples found: tophat
[2022-08-05 11:15:07,478] multiqc                                            [DEBUG  ]  No samples found: bowtie2
[2022-08-05 11:15:07,482] multiqc                                            [DEBUG  ]  No samples found: bowtie1
[2022-08-05 11:15:07,487] multiqc                                            [DEBUG  ]  No samples found: snpsplit
[2022-08-05 11:15:07,491] multiqc                                            [DEBUG  ]  No samples found: odgi
[2022-08-05 11:15:07,496] multiqc                                            [DEBUG  ]  No samples found: pangolin
[2022-08-05 11:15:07,500] multiqc                                            [DEBUG  ]  No samples found: kat
[2022-08-05 11:15:07,504] multiqc                                            [DEBUG  ]  No samples found: leehom
[2022-08-05 11:15:07,509] multiqc                                            [DEBUG  ]  No samples found: adapterRemoval
[2022-08-05 11:15:07,513] multiqc                                            [DEBUG  ]  No samples found: clipandmerge
[2022-08-05 11:15:07,518] multiqc                                            [DEBUG  ]  No samples found: cutadapt
[2022-08-05 11:15:07,522] multiqc                                            [DEBUG  ]  No samples found: flexbar
[2022-08-05 11:15:07,526] multiqc                                            [DEBUG  ]  No samples found: kaiju
[2022-08-05 11:15:07,532] multiqc                                            [DEBUG  ]  No samples found: kraken
[2022-08-05 11:15:07,536] multiqc                                            [DEBUG  ]  No samples found: malt
[2022-08-05 11:15:07,540] multiqc                                            [DEBUG  ]  No samples found: trimmomatic
[2022-08-05 11:15:07,544] multiqc                                            [DEBUG  ]  No samples found: sickle
[2022-08-05 11:15:07,548] multiqc                                            [DEBUG  ]  No samples found: skewer
[2022-08-05 11:15:07,552] multiqc                                            [DEBUG  ]  No samples found: sortmerna
[2022-08-05 11:15:07,556] multiqc                                            [DEBUG  ]  No samples found: biobloomtools
[2022-08-05 11:15:07,561] multiqc                                            [DEBUG  ]  No samples found: fastq_screen
[2022-08-05 11:15:07,565] multiqc                                            [DEBUG  ]  No samples found: afterqc
[2022-08-05 11:15:07,570] multiqc                                            [DEBUG  ]  No samples found: fastp
[2022-08-05 11:15:08,036] multiqc.modules.fastqc.fastqc                      [INFO   ]  Found 4 reports
[2022-08-05 11:15:08,083] multiqc                                            [DEBUG  ]  No samples found: pychopper
[2022-08-05 11:15:08,088] multiqc                                            [DEBUG  ]  No samples found: pycoqc
[2022-08-05 11:15:08,093] multiqc                                            [DEBUG  ]  No samples found: minionqc
[2022-08-05 11:15:08,097] multiqc                                            [DEBUG  ]  No samples found: multivcfanalyzer
[2022-08-05 11:15:08,102] multiqc                                            [DEBUG  ]  No samples found: clusterflow
[2022-08-05 11:15:08,108] multiqc                                            [DEBUG  ]  No samples found: bcl2fastq
[2022-08-05 11:15:08,115] multiqc                                            [DEBUG  ]  No samples found: bclconvert
[2022-08-05 11:15:08,120] multiqc                                            [DEBUG  ]  No samples found: interop
[2022-08-05 11:15:08,124] multiqc                                            [DEBUG  ]  No samples found: ivar
[2022-08-05 11:15:08,129] multiqc                                            [DEBUG  ]  No samples found: flash
[2022-08-05 11:15:08,133] multiqc                                            [DEBUG  ]  No samples found: seqyclean
[2022-08-05 11:15:08,137] multiqc                                            [DEBUG  ]  No samples found: optitype
[2022-08-05 11:15:08,141] multiqc                                            [INFO   ]  Compressing plot data
[2022-08-05 11:15:10,673] multiqc                                            [INFO   ]  Report      : 7077_MGSD_CSIRO.qc.stats/multiqc_report.html
[2022-08-05 11:15:10,673] multiqc                                            [INFO   ]  Data        : 7077_MGSD_CSIRO.qc.stats/multiqc_data
[2022-08-05 11:15:10,673] multiqc                                            [DEBUG  ]  Moving data file from '/tmp/smi9a9.8586140/tmpe8hyd_6h/multiqc_data' to '7077_MGSD_CSIRO.qc.stats/multiqc_data'
[2022-08-05 11:15:11,343] multiqc                                            [INFO   ]  MultiQC complete
