[2022-08-05 11:08:37,957] multiqc                                            [DEBUG  ]  This is MultiQC v1.11
[2022-08-05 11:08:37,957] multiqc                                            [DEBUG  ]  No MultiQC config found: /apps/multiqc/1.11/lib/python3.9/site-packages/multiqc_config.yaml
[2022-08-05 11:08:37,957] multiqc                                            [DEBUG  ]  No MultiQC config found: /home/smi9a9/.multiqc_config.yaml
[2022-08-05 11:08:37,958] multiqc                                            [DEBUG  ]  No MultiQC config found: multiqc_config.yaml
[2022-08-05 11:08:37,958] multiqc                                            [DEBUG  ]  Command used: /apps/multiqc/1.11/bin/multiqc ./12469_combined_merged_fastqc.html ./12469_combined_merged_fastqc.zip ./12469_combined_merged.fastq.gz ./12469_combined_R1p_fastqc.html ./12469_combined_R1p_fastqc.zip ./12469_combined_R1p.fastq.gz ./12469_combined_R1R2u_fastqc.html ./12469_combined_R1R2u_fastqc.zip ./12469_combined_R1R2u.fastq.gz ./12469_combined_R2p_fastqc.html ./12469_combined_R2p_fastqc.zip ./12469_combined_R2p.fastq.gz ./12469_QCreads.md5 -o 12469_MGSD_CSIRO.qc.stats
[2022-08-05 11:08:37,960] multiqc                                            [DEBUG  ]  Could not connect to multiqc.info for version check: <urlopen error [Errno 111] Connection refused>
[2022-08-05 11:08:37,960] multiqc                                            [DEBUG  ]  Command     : /apps/multiqc/1.11/bin/multiqc ./12469_combined_merged_fastqc.html ./12469_combined_merged_fastqc.zip ./12469_combined_merged.fastq.gz ./12469_combined_R1p_fastqc.html ./12469_combined_R1p_fastqc.zip ./12469_combined_R1p.fastq.gz ./12469_combined_R1R2u_fastqc.html ./12469_combined_R1R2u_fastqc.zip ./12469_combined_R1R2u.fastq.gz ./12469_combined_R2p_fastqc.html ./12469_combined_R2p_fastqc.zip ./12469_combined_R2p.fastq.gz ./12469_QCreads.md5 -o 12469_MGSD_CSIRO.qc.stats
[2022-08-05 11:08:37,960] multiqc                                            [DEBUG  ]  Working dir : /datasets/work/oa-amd/work/amd/Metagenome_QC_reads
[2022-08-05 11:08:37,960] multiqc                                            [DEBUG  ]  Template    : default
[2022-08-05 11:08:37,960] multiqc                                            [DEBUG  ]  Running Python 3.9.4 (default, Apr 25 2021, 16:13:27)  [GCC 10.3.0]
[2022-08-05 11:08:37,960] multiqc                                            [DEBUG  ]  Analysing modules: custom_content, ccs, ngsderive, purple, conpair, lima, peddy, somalier, methylQA, mosdepth, phantompeakqualtools, qualimap, preseq, quast, qorts, rna_seqc, rockhopper, rsem, rseqc, busco, bustools, goleft_indexcov, gffcompare, disambiguate, supernova, deeptools, sargasso, verifybamid, mirtrace, happy, mirtop, sambamba, homer, hops, macs2, theta2, snpeff, gatk, htseq, bcftools, featureCounts, fgbio, dragen, dedup, damageprofiler, biobambam2, jcvi, mtnucratio, picard, vep, sentieon, prokka, qc3C, nanostat, samblaster, samtools, sexdeterrmine, eigenstratdatabasetools, bamtools, jellyfish, vcftools, longranger, stacks, varscan2, snippy, bbmap, bismark, biscuit, hicexplorer, hicup, hicpro, salmon, kallisto, slamdunk, star, hisat2, tophat, bowtie2, bowtie1, snpsplit, odgi, pangolin, kat, leehom, adapterRemoval, clipandmerge, cutadapt, flexbar, kaiju, kraken, malt, trimmomatic, sickle, skewer, sortmerna, biobloomtools, fastq_screen, afterqc, fastp, fastqc, pychopper, pycoqc, minionqc, multivcfanalyzer, clusterflow, bcl2fastq, bclconvert, interop, ivar, flash, seqyclean, optitype
[2022-08-05 11:08:37,960] multiqc                                            [DEBUG  ]  Using temporary directory for creating report: /tmp/smi9a9.8585305/tmp46o6aj0x
[2022-08-05 11:08:38,023] multiqc                                            [INFO   ]  Search path : /datasets/work/oa-amd/work/amd/Metagenome_QC_reads/12469_combined_merged_fastqc.html
[2022-08-05 11:08:38,023] multiqc                                            [INFO   ]  Search path : /datasets/work/oa-amd/work/amd/Metagenome_QC_reads/12469_combined_merged_fastqc.zip
[2022-08-05 11:08:38,023] multiqc                                            [INFO   ]  Search path : /datasets/work/oa-amd/work/amd/Metagenome_QC_reads/12469_combined_merged.fastq.gz
[2022-08-05 11:08:38,023] multiqc                                            [INFO   ]  Search path : /datasets/work/oa-amd/work/amd/Metagenome_QC_reads/12469_combined_R1p_fastqc.html
[2022-08-05 11:08:38,023] multiqc                                            [INFO   ]  Search path : /datasets/work/oa-amd/work/amd/Metagenome_QC_reads/12469_combined_R1p_fastqc.zip
[2022-08-05 11:08:38,023] multiqc                                            [INFO   ]  Search path : /datasets/work/oa-amd/work/amd/Metagenome_QC_reads/12469_combined_R1p.fastq.gz
[2022-08-05 11:08:38,023] multiqc                                            [INFO   ]  Search path : /datasets/work/oa-amd/work/amd/Metagenome_QC_reads/12469_combined_R1R2u_fastqc.html
[2022-08-05 11:08:38,023] multiqc                                            [INFO   ]  Search path : /datasets/work/oa-amd/work/amd/Metagenome_QC_reads/12469_combined_R1R2u_fastqc.zip
[2022-08-05 11:08:38,023] multiqc                                            [INFO   ]  Search path : /datasets/work/oa-amd/work/amd/Metagenome_QC_reads/12469_combined_R1R2u.fastq.gz
[2022-08-05 11:08:38,023] multiqc                                            [INFO   ]  Search path : /datasets/work/oa-amd/work/amd/Metagenome_QC_reads/12469_combined_R2p_fastqc.html
[2022-08-05 11:08:38,023] multiqc                                            [INFO   ]  Search path : /datasets/work/oa-amd/work/amd/Metagenome_QC_reads/12469_combined_R2p_fastqc.zip
[2022-08-05 11:08:38,023] multiqc                                            [INFO   ]  Search path : /datasets/work/oa-amd/work/amd/Metagenome_QC_reads/12469_combined_R2p.fastq.gz
[2022-08-05 11:08:38,023] multiqc                                            [INFO   ]  Search path : /datasets/work/oa-amd/work/amd/Metagenome_QC_reads/12469_QCreads.md5
[2022-08-05 11:08:38,584] multiqc                                            [DEBUG  ]  File ignored by ccs/v4 because it exceeded search pattern filesize limit: 12469_combined_merged_fastqc.html
[2022-08-05 11:08:39,658] multiqc                                            [DEBUG  ]  File ignored by hicexplorer because it exceeded search pattern filesize limit: 12469_combined_merged_fastqc.html
[2022-08-05 11:08:39,660] multiqc                                            [DEBUG  ]  File ignored by nanostat because it exceeded search pattern filesize limit: 12469_combined_merged_fastqc.html
[2022-08-05 11:08:39,660] multiqc                                            [DEBUG  ]  File ignored by lima/summary because it exceeded search pattern filesize limit: 12469_combined_merged_fastqc.html
[2022-08-05 11:08:39,975] multiqc                                            [DEBUG  ]  File ignored by vep/vep_txt because it exceeded search pattern filesize limit: 12469_combined_merged_fastqc.html
[2022-08-05 11:08:39,975] multiqc                                            [DEBUG  ]  File ignored by longranger/invocation because it exceeded search pattern filesize limit: 12469_combined_merged_fastqc.html
[2022-08-05 11:08:39,975] multiqc                                            [DEBUG  ]  File ignored by rockhopper because it exceeded search pattern filesize limit: 12469_combined_merged_fastqc.html
[2022-08-05 11:08:39,975] multiqc                                            [DEBUG  ]  File ignored by rseqc/bam_stat because it exceeded search pattern filesize limit: 12469_combined_merged_fastqc.html
[2022-08-05 11:08:39,975] multiqc                                            [DEBUG  ]  File ignored by rseqc/junction_annotation because it exceeded search pattern filesize limit: 12469_combined_merged_fastqc.html
[2022-08-05 11:08:39,975] multiqc                                            [DEBUG  ]  File ignored by rseqc/read_distribution because it exceeded search pattern filesize limit: 12469_combined_merged_fastqc.html
[2022-08-05 11:08:39,975] multiqc                                            [DEBUG  ]  File ignored by rseqc/infer_experiment because it exceeded search pattern filesize limit: 12469_combined_merged_fastqc.html
[2022-08-05 11:08:40,113] multiqc                                            [DEBUG  ]  Ignoring file as matched an ignore pattern: 12469_combined_merged.fastq.gz
[2022-08-05 11:08:40,251] multiqc                                            [DEBUG  ]  File ignored by ccs/v4 because it exceeded search pattern filesize limit: 12469_combined_R1p_fastqc.html
[2022-08-05 11:08:40,258] multiqc                                            [DEBUG  ]  File ignored by hicexplorer because it exceeded search pattern filesize limit: 12469_combined_R1p_fastqc.html
[2022-08-05 11:08:40,259] multiqc                                            [DEBUG  ]  File ignored by nanostat because it exceeded search pattern filesize limit: 12469_combined_R1p_fastqc.html
[2022-08-05 11:08:40,259] multiqc                                            [DEBUG  ]  File ignored by lima/summary because it exceeded search pattern filesize limit: 12469_combined_R1p_fastqc.html
[2022-08-05 11:08:40,275] multiqc                                            [DEBUG  ]  File ignored by vep/vep_txt because it exceeded search pattern filesize limit: 12469_combined_R1p_fastqc.html
[2022-08-05 11:08:40,275] multiqc                                            [DEBUG  ]  File ignored by longranger/invocation because it exceeded search pattern filesize limit: 12469_combined_R1p_fastqc.html
[2022-08-05 11:08:40,275] multiqc                                            [DEBUG  ]  File ignored by rockhopper because it exceeded search pattern filesize limit: 12469_combined_R1p_fastqc.html
[2022-08-05 11:08:40,275] multiqc                                            [DEBUG  ]  File ignored by rseqc/bam_stat because it exceeded search pattern filesize limit: 12469_combined_R1p_fastqc.html
[2022-08-05 11:08:40,275] multiqc                                            [DEBUG  ]  File ignored by rseqc/junction_annotation because it exceeded search pattern filesize limit: 12469_combined_R1p_fastqc.html
[2022-08-05 11:08:40,275] multiqc                                            [DEBUG  ]  File ignored by rseqc/read_distribution because it exceeded search pattern filesize limit: 12469_combined_R1p_fastqc.html
[2022-08-05 11:08:40,275] multiqc                                            [DEBUG  ]  File ignored by rseqc/infer_experiment because it exceeded search pattern filesize limit: 12469_combined_R1p_fastqc.html
[2022-08-05 11:08:40,784] multiqc                                            [DEBUG  ]  Ignoring file as matched an ignore pattern: 12469_combined_R1p.fastq.gz
[2022-08-05 11:08:40,965] multiqc                                            [DEBUG  ]  File ignored by ccs/v4 because it exceeded search pattern filesize limit: 12469_combined_R1R2u_fastqc.html
[2022-08-05 11:08:41,053] multiqc                                            [DEBUG  ]  File ignored by hicexplorer because it exceeded search pattern filesize limit: 12469_combined_R1R2u_fastqc.html
[2022-08-05 11:08:41,053] multiqc                                            [DEBUG  ]  File ignored by nanostat because it exceeded search pattern filesize limit: 12469_combined_R1R2u_fastqc.html
[2022-08-05 11:08:41,053] multiqc                                            [DEBUG  ]  File ignored by lima/summary because it exceeded search pattern filesize limit: 12469_combined_R1R2u_fastqc.html
[2022-08-05 11:08:41,063] multiqc                                            [DEBUG  ]  File ignored by vep/vep_txt because it exceeded search pattern filesize limit: 12469_combined_R1R2u_fastqc.html
[2022-08-05 11:08:41,063] multiqc                                            [DEBUG  ]  File ignored by longranger/invocation because it exceeded search pattern filesize limit: 12469_combined_R1R2u_fastqc.html
[2022-08-05 11:08:41,063] multiqc                                            [DEBUG  ]  File ignored by rockhopper because it exceeded search pattern filesize limit: 12469_combined_R1R2u_fastqc.html
[2022-08-05 11:08:41,063] multiqc                                            [DEBUG  ]  File ignored by rseqc/bam_stat because it exceeded search pattern filesize limit: 12469_combined_R1R2u_fastqc.html
[2022-08-05 11:08:41,063] multiqc                                            [DEBUG  ]  File ignored by rseqc/junction_annotation because it exceeded search pattern filesize limit: 12469_combined_R1R2u_fastqc.html
[2022-08-05 11:08:41,063] multiqc                                            [DEBUG  ]  File ignored by rseqc/read_distribution because it exceeded search pattern filesize limit: 12469_combined_R1R2u_fastqc.html
[2022-08-05 11:08:41,063] multiqc                                            [DEBUG  ]  File ignored by rseqc/infer_experiment because it exceeded search pattern filesize limit: 12469_combined_R1R2u_fastqc.html
[2022-08-05 11:08:42,951] multiqc                                            [DEBUG  ]  Ignoring file as matched an ignore pattern: 12469_combined_R1R2u.fastq.gz
[2022-08-05 11:08:42,964] multiqc                                            [DEBUG  ]  File ignored by ccs/v4 because it exceeded search pattern filesize limit: 12469_combined_R2p_fastqc.html
[2022-08-05 11:08:42,968] multiqc                                            [DEBUG  ]  File ignored by hicexplorer because it exceeded search pattern filesize limit: 12469_combined_R2p_fastqc.html
[2022-08-05 11:08:42,969] multiqc                                            [DEBUG  ]  File ignored by nanostat because it exceeded search pattern filesize limit: 12469_combined_R2p_fastqc.html
[2022-08-05 11:08:42,969] multiqc                                            [DEBUG  ]  File ignored by lima/summary because it exceeded search pattern filesize limit: 12469_combined_R2p_fastqc.html
[2022-08-05 11:08:42,976] multiqc                                            [DEBUG  ]  File ignored by vep/vep_txt because it exceeded search pattern filesize limit: 12469_combined_R2p_fastqc.html
[2022-08-05 11:08:42,976] multiqc                                            [DEBUG  ]  File ignored by longranger/invocation because it exceeded search pattern filesize limit: 12469_combined_R2p_fastqc.html
[2022-08-05 11:08:42,976] multiqc                                            [DEBUG  ]  File ignored by rockhopper because it exceeded search pattern filesize limit: 12469_combined_R2p_fastqc.html
[2022-08-05 11:08:42,976] multiqc                                            [DEBUG  ]  File ignored by rseqc/bam_stat because it exceeded search pattern filesize limit: 12469_combined_R2p_fastqc.html
[2022-08-05 11:08:42,976] multiqc                                            [DEBUG  ]  File ignored by rseqc/junction_annotation because it exceeded search pattern filesize limit: 12469_combined_R2p_fastqc.html
[2022-08-05 11:08:42,976] multiqc                                            [DEBUG  ]  File ignored by rseqc/read_distribution because it exceeded search pattern filesize limit: 12469_combined_R2p_fastqc.html
[2022-08-05 11:08:42,976] multiqc                                            [DEBUG  ]  File ignored by rseqc/infer_experiment because it exceeded search pattern filesize limit: 12469_combined_R2p_fastqc.html
[2022-08-05 11:08:43,069] multiqc                                            [DEBUG  ]  Ignoring file as matched an ignore pattern: 12469_combined_R2p.fastq.gz
[2022-08-05 11:08:43,070] multiqc                                            [DEBUG  ]  Ignoring file as matched an ignore pattern: 12469_QCreads.md5
[2022-08-05 11:08:45,252] multiqc.plots.bargraph                             [DEBUG  ]  Using matplotlib version 3.3.4
[2022-08-05 11:08:45,256] multiqc.plots.linegraph                            [DEBUG  ]  Using matplotlib version 3.3.4
[2022-08-05 11:08:45,259] multiqc                                            [DEBUG  ]  No samples found: custom_content
[2022-08-05 11:08:45,263] multiqc                                            [DEBUG  ]  No samples found: ccs
[2022-08-05 11:08:45,269] multiqc                                            [DEBUG  ]  No samples found: ngsderive
[2022-08-05 11:08:45,503] multiqc                                            [DEBUG  ]  No samples found: purple
[2022-08-05 11:08:45,736] multiqc                                            [DEBUG  ]  No samples found: conpair
[2022-08-05 11:08:45,742] multiqc                                            [DEBUG  ]  No samples found: lima
[2022-08-05 11:08:45,749] multiqc                                            [DEBUG  ]  No samples found: peddy
[2022-08-05 11:08:45,755] multiqc                                            [DEBUG  ]  No samples found: somalier
[2022-08-05 11:08:45,760] multiqc                                            [DEBUG  ]  No samples found: methylQA
[2022-08-05 11:08:45,772] multiqc.modules.mosdepth.mosdepth                  [DEBUG  ]  include_contigs: []
[2022-08-05 11:08:45,772] multiqc.modules.mosdepth.mosdepth                  [DEBUG  ]  exclude_contigs: []
[2022-08-05 11:08:45,772] multiqc                                            [DEBUG  ]  No samples found: mosdepth
[2022-08-05 11:08:45,777] multiqc                                            [DEBUG  ]  No samples found: phantompeakqualtools
[2022-08-05 11:08:45,781] multiqc                                            [DEBUG  ]  No samples found: qualimap
[2022-08-05 11:08:46,018] multiqc                                            [DEBUG  ]  No samples found: preseq
[2022-08-05 11:08:46,024] multiqc                                            [DEBUG  ]  No samples found: quast
[2022-08-05 11:08:46,028] multiqc                                            [DEBUG  ]  No samples found: qorts
[2022-08-05 11:08:46,033] multiqc                                            [DEBUG  ]  No samples found: rna_seqc
[2022-08-05 11:08:46,037] multiqc                                            [DEBUG  ]  No samples found: rockhopper
[2022-08-05 11:08:46,042] multiqc                                            [DEBUG  ]  No samples found: rsem
[2022-08-05 11:08:46,288] multiqc                                            [DEBUG  ]  No samples found: rseqc
[2022-08-05 11:08:46,292] multiqc                                            [DEBUG  ]  No samples found: busco
[2022-08-05 11:08:46,296] multiqc                                            [DEBUG  ]  No samples found: bustools
[2022-08-05 11:08:46,301] multiqc                                            [DEBUG  ]  No samples found: goleft_indexcov
[2022-08-05 11:08:46,306] multiqc                                            [DEBUG  ]  No samples found: gffcompare
[2022-08-05 11:08:46,311] multiqc                                            [DEBUG  ]  No samples found: disambiguate
[2022-08-05 11:08:46,317] multiqc                                            [DEBUG  ]  No samples found: supernova
[2022-08-05 11:08:46,332] multiqc                                            [DEBUG  ]  No samples found: deeptools
[2022-08-05 11:08:46,336] multiqc                                            [DEBUG  ]  No samples found: sargasso
[2022-08-05 11:08:46,340] multiqc                                            [DEBUG  ]  No samples found: verifybamid
[2022-08-05 11:08:46,578] multiqc                                            [DEBUG  ]  No samples found: mirtrace
[2022-08-05 11:08:46,582] multiqc                                            [DEBUG  ]  No samples found: happy
[2022-08-05 11:08:46,587] multiqc                                            [DEBUG  ]  No samples found: mirtop
[2022-08-05 11:08:46,592] multiqc                                            [DEBUG  ]  No samples found: sambamba
[2022-08-05 11:08:46,831] multiqc                                            [DEBUG  ]  No samples found: homer
[2022-08-05 11:08:46,835] multiqc                                            [DEBUG  ]  No samples found: hops
[2022-08-05 11:08:46,839] multiqc                                            [DEBUG  ]  No samples found: macs2
[2022-08-05 11:08:46,843] multiqc                                            [DEBUG  ]  No samples found: theta2
[2022-08-05 11:08:46,848] multiqc                                            [DEBUG  ]  No samples found: snpeff
[2022-08-05 11:08:46,856] multiqc                                            [DEBUG  ]  No samples found: gatk
[2022-08-05 11:08:46,860] multiqc                                            [DEBUG  ]  No samples found: htseq
[2022-08-05 11:08:46,866] multiqc                                            [DEBUG  ]  No samples found: bcftools
[2022-08-05 11:08:46,870] multiqc                                            [DEBUG  ]  No samples found: featureCounts
[2022-08-05 11:08:46,877] multiqc                                            [DEBUG  ]  No samples found: fgbio
[2022-08-05 11:08:46,893] multiqc                                            [DEBUG  ]  No samples found: dragen
[2022-08-05 11:08:46,897] multiqc                                            [DEBUG  ]  No samples found: dedup
[2022-08-05 11:08:46,902] multiqc                                            [DEBUG  ]  No samples found: damageprofiler
[2022-08-05 11:08:46,936] multiqc                                            [DEBUG  ]  No samples found: biobambam2
[2022-08-05 11:08:46,941] multiqc                                            [DEBUG  ]  No samples found: jcvi
[2022-08-05 11:08:46,945] multiqc                                            [DEBUG  ]  No samples found: mtnucratio
[2022-08-05 11:08:46,947] multiqc                                            [DEBUG  ]  No samples found: picard
[2022-08-05 11:08:46,953] multiqc                                            [DEBUG  ]  No samples found: vep
[2022-08-05 11:08:46,960] multiqc                                            [DEBUG  ]  No samples found: sentieon
[2022-08-05 11:08:46,965] multiqc                                            [DEBUG  ]  No samples found: prokka
[2022-08-05 11:08:46,972] multiqc                                            [DEBUG  ]  No samples found: qc3C
[2022-08-05 11:08:46,977] multiqc                                            [DEBUG  ]  No samples found: nanostat
[2022-08-05 11:08:46,981] multiqc                                            [DEBUG  ]  No samples found: samblaster
[2022-08-05 11:08:46,989] multiqc                                            [DEBUG  ]  No samples found: samtools
[2022-08-05 11:08:47,224] multiqc                                            [DEBUG  ]  No samples found: sexdeterrmine
[2022-08-05 11:08:47,228] multiqc                                            [DEBUG  ]  No samples found: eigenstratdatabasetools
[2022-08-05 11:08:47,233] multiqc                                            [DEBUG  ]  No samples found: bamtools
[2022-08-05 11:08:47,237] multiqc                                            [DEBUG  ]  No samples found: jellyfish
[2022-08-05 11:08:47,245] multiqc                                            [DEBUG  ]  No samples found: vcftools
[2022-08-05 11:08:47,250] multiqc                                            [DEBUG  ]  No samples found: longranger
[2022-08-05 11:08:47,254] multiqc                                            [DEBUG  ]  No samples found: stacks
[2022-08-05 11:08:47,260] multiqc                                            [DEBUG  ]  No samples found: varscan2
[2022-08-05 11:08:47,266] multiqc                                            [DEBUG  ]  No samples found: snippy
[2022-08-05 11:08:47,283] multiqc                                            [DEBUG  ]  No samples found: bbmap
[2022-08-05 11:08:47,519] multiqc                                            [DEBUG  ]  No samples found: bismark
[2022-08-05 11:08:47,527] multiqc                                            [DEBUG  ]  No samples found: biscuit
[2022-08-05 11:08:47,532] multiqc                                            [DEBUG  ]  No samples found: hicexplorer
[2022-08-05 11:08:47,536] multiqc                                            [DEBUG  ]  No samples found: hicup
[2022-08-05 11:08:47,542] multiqc                                            [DEBUG  ]  No samples found: hicpro
[2022-08-05 11:08:47,546] multiqc                                            [DEBUG  ]  No samples found: salmon
[2022-08-05 11:08:47,550] multiqc                                            [DEBUG  ]  No samples found: kallisto
[2022-08-05 11:08:47,557] multiqc                                            [DEBUG  ]  No samples found: slamdunk
[2022-08-05 11:08:47,561] multiqc                                            [DEBUG  ]  No samples found: star
[2022-08-05 11:08:48,046] multiqc                                            [DEBUG  ]  No samples found: hisat2
[2022-08-05 11:08:48,051] multiqc                                            [DEBUG  ]  No samples found: tophat
[2022-08-05 11:08:48,055] multiqc                                            [DEBUG  ]  No samples found: bowtie2
[2022-08-05 11:08:48,060] multiqc                                            [DEBUG  ]  No samples found: bowtie1
[2022-08-05 11:08:48,064] multiqc                                            [DEBUG  ]  No samples found: snpsplit
[2022-08-05 11:08:48,069] multiqc                                            [DEBUG  ]  No samples found: odgi
[2022-08-05 11:08:48,073] multiqc                                            [DEBUG  ]  No samples found: pangolin
[2022-08-05 11:08:48,077] multiqc                                            [DEBUG  ]  No samples found: kat
[2022-08-05 11:08:48,081] multiqc                                            [DEBUG  ]  No samples found: leehom
[2022-08-05 11:08:48,086] multiqc                                            [DEBUG  ]  No samples found: adapterRemoval
[2022-08-05 11:08:48,090] multiqc                                            [DEBUG  ]  No samples found: clipandmerge
[2022-08-05 11:08:48,095] multiqc                                            [DEBUG  ]  No samples found: cutadapt
[2022-08-05 11:08:48,331] multiqc                                            [DEBUG  ]  No samples found: flexbar
[2022-08-05 11:08:48,339] multiqc                                            [DEBUG  ]  No samples found: kaiju
[2022-08-05 11:08:48,577] multiqc                                            [DEBUG  ]  No samples found: kraken
[2022-08-05 11:08:48,588] multiqc                                            [DEBUG  ]  No samples found: malt
[2022-08-05 11:08:48,592] multiqc                                            [DEBUG  ]  No samples found: trimmomatic
[2022-08-05 11:08:48,597] multiqc                                            [DEBUG  ]  No samples found: sickle
[2022-08-05 11:08:48,602] multiqc                                            [DEBUG  ]  No samples found: skewer
[2022-08-05 11:08:48,607] multiqc                                            [DEBUG  ]  No samples found: sortmerna
[2022-08-05 11:08:48,613] multiqc                                            [DEBUG  ]  No samples found: biobloomtools
[2022-08-05 11:08:48,623] multiqc                                            [DEBUG  ]  No samples found: fastq_screen
[2022-08-05 11:08:48,628] multiqc                                            [DEBUG  ]  No samples found: afterqc
[2022-08-05 11:08:48,633] multiqc                                            [DEBUG  ]  No samples found: fastp
[2022-08-05 11:08:49,012] multiqc.modules.fastqc.fastqc                      [INFO   ]  Found 4 reports
[2022-08-05 11:08:49,060] multiqc                                            [DEBUG  ]  No samples found: pychopper
[2022-08-05 11:08:49,065] multiqc                                            [DEBUG  ]  No samples found: pycoqc
[2022-08-05 11:08:49,071] multiqc                                            [DEBUG  ]  No samples found: minionqc
[2022-08-05 11:08:49,075] multiqc                                            [DEBUG  ]  No samples found: multivcfanalyzer
[2022-08-05 11:08:49,081] multiqc                                            [DEBUG  ]  No samples found: clusterflow
[2022-08-05 11:08:49,089] multiqc                                            [DEBUG  ]  No samples found: bcl2fastq
[2022-08-05 11:08:49,096] multiqc                                            [DEBUG  ]  No samples found: bclconvert
[2022-08-05 11:08:49,101] multiqc                                            [DEBUG  ]  No samples found: interop
[2022-08-05 11:08:49,337] multiqc                                            [DEBUG  ]  No samples found: ivar
[2022-08-05 11:08:49,572] multiqc                                            [DEBUG  ]  No samples found: flash
[2022-08-05 11:08:49,577] multiqc                                            [DEBUG  ]  No samples found: seqyclean
[2022-08-05 11:08:49,581] multiqc                                            [DEBUG  ]  No samples found: optitype
[2022-08-05 11:08:49,585] multiqc                                            [INFO   ]  Compressing plot data
[2022-08-05 11:08:50,273] multiqc                                            [INFO   ]  Report      : 12469_MGSD_CSIRO.qc.stats/multiqc_report.html
[2022-08-05 11:08:50,273] multiqc                                            [INFO   ]  Data        : 12469_MGSD_CSIRO.qc.stats/multiqc_data
[2022-08-05 11:08:50,273] multiqc                                            [DEBUG  ]  Moving data file from '/tmp/smi9a9.8585305/tmp46o6aj0x/multiqc_data' to '12469_MGSD_CSIRO.qc.stats/multiqc_data'
[2022-08-05 11:08:52,249] multiqc                                            [INFO   ]  MultiQC complete
