[2022-08-05 11:12:03,154] multiqc                                            [DEBUG  ]  This is MultiQC v1.11
[2022-08-05 11:12:03,154] multiqc                                            [DEBUG  ]  No MultiQC config found: /apps/multiqc/1.11/lib/python3.9/site-packages/multiqc_config.yaml
[2022-08-05 11:12:03,154] multiqc                                            [DEBUG  ]  No MultiQC config found: /home/smi9a9/.multiqc_config.yaml
[2022-08-05 11:12:15,205] multiqc                                            [DEBUG  ]  No MultiQC config found: multiqc_config.yaml
[2022-08-05 11:12:15,205] multiqc                                            [DEBUG  ]  Command used: /apps/multiqc/1.11/bin/multiqc ./8088_H3NJ2BCXX-1_merged_fastqc.html ./8088_H3NJ2BCXX-1_merged_fastqc.zip ./8088_H3NJ2BCXX-1_merged.fastq.gz ./8088_H3NJ2BCXX-1_R1p_fastqc.html ./8088_H3NJ2BCXX-1_R1p_fastqc.zip ./8088_H3NJ2BCXX-1_R1p.fastq.gz ./8088_H3NJ2BCXX-1_R1R2u_fastqc.html ./8088_H3NJ2BCXX-1_R1R2u_fastqc.zip ./8088_H3NJ2BCXX-1_R1R2u.fastq.gz ./8088_H3NJ2BCXX-1_R2p_fastqc.html ./8088_H3NJ2BCXX-1_R2p_fastqc.zip ./8088_H3NJ2BCXX-1_R2p.fastq.gz ./8088_QCreads.md5 -o 8088_MGSD_CSIRO.qc.stats
[2022-08-05 11:12:15,207] multiqc                                            [DEBUG  ]  Could not connect to multiqc.info for version check: <urlopen error [Errno 111] Connection refused>
[2022-08-05 11:12:15,207] multiqc                                            [DEBUG  ]  Command     : /apps/multiqc/1.11/bin/multiqc ./8088_H3NJ2BCXX-1_merged_fastqc.html ./8088_H3NJ2BCXX-1_merged_fastqc.zip ./8088_H3NJ2BCXX-1_merged.fastq.gz ./8088_H3NJ2BCXX-1_R1p_fastqc.html ./8088_H3NJ2BCXX-1_R1p_fastqc.zip ./8088_H3NJ2BCXX-1_R1p.fastq.gz ./8088_H3NJ2BCXX-1_R1R2u_fastqc.html ./8088_H3NJ2BCXX-1_R1R2u_fastqc.zip ./8088_H3NJ2BCXX-1_R1R2u.fastq.gz ./8088_H3NJ2BCXX-1_R2p_fastqc.html ./8088_H3NJ2BCXX-1_R2p_fastqc.zip ./8088_H3NJ2BCXX-1_R2p.fastq.gz ./8088_QCreads.md5 -o 8088_MGSD_CSIRO.qc.stats
[2022-08-05 11:12:15,207] multiqc                                            [DEBUG  ]  Working dir : /datasets/work/oa-amd/work/amd/Metagenome_QC_reads
[2022-08-05 11:12:15,208] multiqc                                            [DEBUG  ]  Template    : default
[2022-08-05 11:12:15,208] multiqc                                            [DEBUG  ]  Running Python 3.9.4 (default, Apr 25 2021, 16:13:27)  [GCC 10.3.0]
[2022-08-05 11:12:15,208] multiqc                                            [DEBUG  ]  Analysing modules: custom_content, ccs, ngsderive, purple, conpair, lima, peddy, somalier, methylQA, mosdepth, phantompeakqualtools, qualimap, preseq, quast, qorts, rna_seqc, rockhopper, rsem, rseqc, busco, bustools, goleft_indexcov, gffcompare, disambiguate, supernova, deeptools, sargasso, verifybamid, mirtrace, happy, mirtop, sambamba, homer, hops, macs2, theta2, snpeff, gatk, htseq, bcftools, featureCounts, fgbio, dragen, dedup, damageprofiler, biobambam2, jcvi, mtnucratio, picard, vep, sentieon, prokka, qc3C, nanostat, samblaster, samtools, sexdeterrmine, eigenstratdatabasetools, bamtools, jellyfish, vcftools, longranger, stacks, varscan2, snippy, bbmap, bismark, biscuit, hicexplorer, hicup, hicpro, salmon, kallisto, slamdunk, star, hisat2, tophat, bowtie2, bowtie1, snpsplit, odgi, pangolin, kat, leehom, adapterRemoval, clipandmerge, cutadapt, flexbar, kaiju, kraken, malt, trimmomatic, sickle, skewer, sortmerna, biobloomtools, fastq_screen, afterqc, fastp, fastqc, pychopper, pycoqc, minionqc, multivcfanalyzer, clusterflow, bcl2fastq, bclconvert, interop, ivar, flash, seqyclean, optitype
[2022-08-05 11:12:15,208] multiqc                                            [DEBUG  ]  Using temporary directory for creating report: /tmp/smi9a9.8585926/tmpbh4g2r_k
[2022-08-05 11:12:15,269] multiqc                                            [INFO   ]  Search path : /datasets/work/oa-amd/work/amd/Metagenome_QC_reads/8088_H3NJ2BCXX-1_merged_fastqc.html
[2022-08-05 11:12:15,269] multiqc                                            [INFO   ]  Search path : /datasets/work/oa-amd/work/amd/Metagenome_QC_reads/8088_H3NJ2BCXX-1_merged_fastqc.zip
[2022-08-05 11:12:15,269] multiqc                                            [INFO   ]  Search path : /datasets/work/oa-amd/work/amd/Metagenome_QC_reads/8088_H3NJ2BCXX-1_merged.fastq.gz
[2022-08-05 11:12:15,269] multiqc                                            [INFO   ]  Search path : /datasets/work/oa-amd/work/amd/Metagenome_QC_reads/8088_H3NJ2BCXX-1_R1p_fastqc.html
[2022-08-05 11:12:15,269] multiqc                                            [INFO   ]  Search path : /datasets/work/oa-amd/work/amd/Metagenome_QC_reads/8088_H3NJ2BCXX-1_R1p_fastqc.zip
[2022-08-05 11:12:15,269] multiqc                                            [INFO   ]  Search path : /datasets/work/oa-amd/work/amd/Metagenome_QC_reads/8088_H3NJ2BCXX-1_R1p.fastq.gz
[2022-08-05 11:12:15,269] multiqc                                            [INFO   ]  Search path : /datasets/work/oa-amd/work/amd/Metagenome_QC_reads/8088_H3NJ2BCXX-1_R1R2u_fastqc.html
[2022-08-05 11:12:15,269] multiqc                                            [INFO   ]  Search path : /datasets/work/oa-amd/work/amd/Metagenome_QC_reads/8088_H3NJ2BCXX-1_R1R2u_fastqc.zip
[2022-08-05 11:12:15,269] multiqc                                            [INFO   ]  Search path : /datasets/work/oa-amd/work/amd/Metagenome_QC_reads/8088_H3NJ2BCXX-1_R1R2u.fastq.gz
[2022-08-05 11:12:15,269] multiqc                                            [INFO   ]  Search path : /datasets/work/oa-amd/work/amd/Metagenome_QC_reads/8088_H3NJ2BCXX-1_R2p_fastqc.html
[2022-08-05 11:12:15,269] multiqc                                            [INFO   ]  Search path : /datasets/work/oa-amd/work/amd/Metagenome_QC_reads/8088_H3NJ2BCXX-1_R2p_fastqc.zip
[2022-08-05 11:12:15,269] multiqc                                            [INFO   ]  Search path : /datasets/work/oa-amd/work/amd/Metagenome_QC_reads/8088_H3NJ2BCXX-1_R2p.fastq.gz
[2022-08-05 11:12:15,269] multiqc                                            [INFO   ]  Search path : /datasets/work/oa-amd/work/amd/Metagenome_QC_reads/8088_QCreads.md5
[2022-08-05 11:12:15,641] multiqc                                            [DEBUG  ]  File ignored by ccs/v4 because it exceeded search pattern filesize limit: 8088_H3NJ2BCXX-1_merged_fastqc.html
[2022-08-05 11:12:15,645] multiqc                                            [DEBUG  ]  File ignored by hicexplorer because it exceeded search pattern filesize limit: 8088_H3NJ2BCXX-1_merged_fastqc.html
[2022-08-05 11:12:15,646] multiqc                                            [DEBUG  ]  File ignored by nanostat because it exceeded search pattern filesize limit: 8088_H3NJ2BCXX-1_merged_fastqc.html
[2022-08-05 11:12:15,646] multiqc                                            [DEBUG  ]  File ignored by lima/summary because it exceeded search pattern filesize limit: 8088_H3NJ2BCXX-1_merged_fastqc.html
[2022-08-05 11:12:15,655] multiqc                                            [DEBUG  ]  File ignored by vep/vep_txt because it exceeded search pattern filesize limit: 8088_H3NJ2BCXX-1_merged_fastqc.html
[2022-08-05 11:12:15,655] multiqc                                            [DEBUG  ]  File ignored by longranger/invocation because it exceeded search pattern filesize limit: 8088_H3NJ2BCXX-1_merged_fastqc.html
[2022-08-05 11:12:15,655] multiqc                                            [DEBUG  ]  File ignored by rockhopper because it exceeded search pattern filesize limit: 8088_H3NJ2BCXX-1_merged_fastqc.html
[2022-08-05 11:12:15,655] multiqc                                            [DEBUG  ]  File ignored by rseqc/bam_stat because it exceeded search pattern filesize limit: 8088_H3NJ2BCXX-1_merged_fastqc.html
[2022-08-05 11:12:15,655] multiqc                                            [DEBUG  ]  File ignored by rseqc/junction_annotation because it exceeded search pattern filesize limit: 8088_H3NJ2BCXX-1_merged_fastqc.html
[2022-08-05 11:12:15,655] multiqc                                            [DEBUG  ]  File ignored by rseqc/read_distribution because it exceeded search pattern filesize limit: 8088_H3NJ2BCXX-1_merged_fastqc.html
[2022-08-05 11:12:15,655] multiqc                                            [DEBUG  ]  File ignored by rseqc/infer_experiment because it exceeded search pattern filesize limit: 8088_H3NJ2BCXX-1_merged_fastqc.html
[2022-08-05 11:12:15,735] multiqc                                            [DEBUG  ]  Ignoring file as matched an ignore pattern: 8088_H3NJ2BCXX-1_merged.fastq.gz
[2022-08-05 11:12:15,855] multiqc                                            [DEBUG  ]  File ignored by ccs/v4 because it exceeded search pattern filesize limit: 8088_H3NJ2BCXX-1_R1p_fastqc.html
[2022-08-05 11:12:15,866] multiqc                                            [DEBUG  ]  File ignored by hicexplorer because it exceeded search pattern filesize limit: 8088_H3NJ2BCXX-1_R1p_fastqc.html
[2022-08-05 11:12:15,867] multiqc                                            [DEBUG  ]  File ignored by nanostat because it exceeded search pattern filesize limit: 8088_H3NJ2BCXX-1_R1p_fastqc.html
[2022-08-05 11:12:15,867] multiqc                                            [DEBUG  ]  File ignored by lima/summary because it exceeded search pattern filesize limit: 8088_H3NJ2BCXX-1_R1p_fastqc.html
[2022-08-05 11:12:15,884] multiqc                                            [DEBUG  ]  File ignored by vep/vep_txt because it exceeded search pattern filesize limit: 8088_H3NJ2BCXX-1_R1p_fastqc.html
[2022-08-05 11:12:15,884] multiqc                                            [DEBUG  ]  File ignored by longranger/invocation because it exceeded search pattern filesize limit: 8088_H3NJ2BCXX-1_R1p_fastqc.html
[2022-08-05 11:12:15,884] multiqc                                            [DEBUG  ]  File ignored by rockhopper because it exceeded search pattern filesize limit: 8088_H3NJ2BCXX-1_R1p_fastqc.html
[2022-08-05 11:12:15,884] multiqc                                            [DEBUG  ]  File ignored by rseqc/bam_stat because it exceeded search pattern filesize limit: 8088_H3NJ2BCXX-1_R1p_fastqc.html
[2022-08-05 11:12:15,884] multiqc                                            [DEBUG  ]  File ignored by rseqc/junction_annotation because it exceeded search pattern filesize limit: 8088_H3NJ2BCXX-1_R1p_fastqc.html
[2022-08-05 11:12:15,884] multiqc                                            [DEBUG  ]  File ignored by rseqc/read_distribution because it exceeded search pattern filesize limit: 8088_H3NJ2BCXX-1_R1p_fastqc.html
[2022-08-05 11:12:15,884] multiqc                                            [DEBUG  ]  File ignored by rseqc/infer_experiment because it exceeded search pattern filesize limit: 8088_H3NJ2BCXX-1_R1p_fastqc.html
[2022-08-05 11:12:16,191] multiqc                                            [DEBUG  ]  Ignoring file as matched an ignore pattern: 8088_H3NJ2BCXX-1_R1p.fastq.gz
[2022-08-05 11:12:16,319] multiqc                                            [DEBUG  ]  File ignored by ccs/v4 because it exceeded search pattern filesize limit: 8088_H3NJ2BCXX-1_R1R2u_fastqc.html
[2022-08-05 11:12:16,323] multiqc                                            [DEBUG  ]  File ignored by hicexplorer because it exceeded search pattern filesize limit: 8088_H3NJ2BCXX-1_R1R2u_fastqc.html
[2022-08-05 11:12:16,324] multiqc                                            [DEBUG  ]  File ignored by nanostat because it exceeded search pattern filesize limit: 8088_H3NJ2BCXX-1_R1R2u_fastqc.html
[2022-08-05 11:12:16,324] multiqc                                            [DEBUG  ]  File ignored by lima/summary because it exceeded search pattern filesize limit: 8088_H3NJ2BCXX-1_R1R2u_fastqc.html
[2022-08-05 11:12:16,333] multiqc                                            [DEBUG  ]  File ignored by vep/vep_txt because it exceeded search pattern filesize limit: 8088_H3NJ2BCXX-1_R1R2u_fastqc.html
[2022-08-05 11:12:16,333] multiqc                                            [DEBUG  ]  File ignored by longranger/invocation because it exceeded search pattern filesize limit: 8088_H3NJ2BCXX-1_R1R2u_fastqc.html
[2022-08-05 11:12:16,333] multiqc                                            [DEBUG  ]  File ignored by rockhopper because it exceeded search pattern filesize limit: 8088_H3NJ2BCXX-1_R1R2u_fastqc.html
[2022-08-05 11:12:16,333] multiqc                                            [DEBUG  ]  File ignored by rseqc/bam_stat because it exceeded search pattern filesize limit: 8088_H3NJ2BCXX-1_R1R2u_fastqc.html
[2022-08-05 11:12:16,333] multiqc                                            [DEBUG  ]  File ignored by rseqc/junction_annotation because it exceeded search pattern filesize limit: 8088_H3NJ2BCXX-1_R1R2u_fastqc.html
[2022-08-05 11:12:16,333] multiqc                                            [DEBUG  ]  File ignored by rseqc/read_distribution because it exceeded search pattern filesize limit: 8088_H3NJ2BCXX-1_R1R2u_fastqc.html
[2022-08-05 11:12:16,333] multiqc                                            [DEBUG  ]  File ignored by rseqc/infer_experiment because it exceeded search pattern filesize limit: 8088_H3NJ2BCXX-1_R1R2u_fastqc.html
[2022-08-05 11:12:16,399] multiqc                                            [DEBUG  ]  Ignoring file as matched an ignore pattern: 8088_H3NJ2BCXX-1_R1R2u.fastq.gz
[2022-08-05 11:12:16,761] multiqc                                            [DEBUG  ]  File ignored by ccs/v4 because it exceeded search pattern filesize limit: 8088_H3NJ2BCXX-1_R2p_fastqc.html
[2022-08-05 11:12:16,771] multiqc                                            [DEBUG  ]  File ignored by hicexplorer because it exceeded search pattern filesize limit: 8088_H3NJ2BCXX-1_R2p_fastqc.html
[2022-08-05 11:12:16,771] multiqc                                            [DEBUG  ]  File ignored by nanostat because it exceeded search pattern filesize limit: 8088_H3NJ2BCXX-1_R2p_fastqc.html
[2022-08-05 11:12:16,771] multiqc                                            [DEBUG  ]  File ignored by lima/summary because it exceeded search pattern filesize limit: 8088_H3NJ2BCXX-1_R2p_fastqc.html
[2022-08-05 11:12:17,043] multiqc                                            [DEBUG  ]  File ignored by vep/vep_txt because it exceeded search pattern filesize limit: 8088_H3NJ2BCXX-1_R2p_fastqc.html
[2022-08-05 11:12:17,043] multiqc                                            [DEBUG  ]  File ignored by longranger/invocation because it exceeded search pattern filesize limit: 8088_H3NJ2BCXX-1_R2p_fastqc.html
[2022-08-05 11:12:17,043] multiqc                                            [DEBUG  ]  File ignored by rockhopper because it exceeded search pattern filesize limit: 8088_H3NJ2BCXX-1_R2p_fastqc.html
[2022-08-05 11:12:17,044] multiqc                                            [DEBUG  ]  File ignored by rseqc/bam_stat because it exceeded search pattern filesize limit: 8088_H3NJ2BCXX-1_R2p_fastqc.html
[2022-08-05 11:12:17,044] multiqc                                            [DEBUG  ]  File ignored by rseqc/junction_annotation because it exceeded search pattern filesize limit: 8088_H3NJ2BCXX-1_R2p_fastqc.html
[2022-08-05 11:12:17,044] multiqc                                            [DEBUG  ]  File ignored by rseqc/read_distribution because it exceeded search pattern filesize limit: 8088_H3NJ2BCXX-1_R2p_fastqc.html
[2022-08-05 11:12:17,044] multiqc                                            [DEBUG  ]  File ignored by rseqc/infer_experiment because it exceeded search pattern filesize limit: 8088_H3NJ2BCXX-1_R2p_fastqc.html
[2022-08-05 11:12:17,154] multiqc                                            [DEBUG  ]  Ignoring file as matched an ignore pattern: 8088_H3NJ2BCXX-1_R2p.fastq.gz
[2022-08-05 11:12:17,155] multiqc                                            [DEBUG  ]  Ignoring file as matched an ignore pattern: 8088_QCreads.md5
[2022-08-05 11:12:17,434] multiqc.plots.bargraph                             [DEBUG  ]  Using matplotlib version 3.3.4
[2022-08-05 11:12:17,439] multiqc.plots.linegraph                            [DEBUG  ]  Using matplotlib version 3.3.4
[2022-08-05 11:12:17,441] multiqc                                            [DEBUG  ]  No samples found: custom_content
[2022-08-05 11:12:17,447] multiqc                                            [DEBUG  ]  No samples found: ccs
[2022-08-05 11:12:17,453] multiqc                                            [DEBUG  ]  No samples found: ngsderive
[2022-08-05 11:12:17,458] multiqc                                            [DEBUG  ]  No samples found: purple
[2022-08-05 11:12:17,462] multiqc                                            [DEBUG  ]  No samples found: conpair
[2022-08-05 11:12:17,468] multiqc                                            [DEBUG  ]  No samples found: lima
[2022-08-05 11:12:17,473] multiqc                                            [DEBUG  ]  No samples found: peddy
[2022-08-05 11:12:17,480] multiqc                                            [DEBUG  ]  No samples found: somalier
[2022-08-05 11:12:17,485] multiqc                                            [DEBUG  ]  No samples found: methylQA
[2022-08-05 11:12:17,496] multiqc.modules.mosdepth.mosdepth                  [DEBUG  ]  include_contigs: []
[2022-08-05 11:12:17,496] multiqc.modules.mosdepth.mosdepth                  [DEBUG  ]  exclude_contigs: []
[2022-08-05 11:12:17,496] multiqc                                            [DEBUG  ]  No samples found: mosdepth
[2022-08-05 11:12:17,500] multiqc                                            [DEBUG  ]  No samples found: phantompeakqualtools
[2022-08-05 11:12:17,504] multiqc                                            [DEBUG  ]  No samples found: qualimap
[2022-08-05 11:12:17,510] multiqc                                            [DEBUG  ]  No samples found: preseq
[2022-08-05 11:12:17,516] multiqc                                            [DEBUG  ]  No samples found: quast
[2022-08-05 11:12:17,521] multiqc                                            [DEBUG  ]  No samples found: qorts
[2022-08-05 11:12:17,526] multiqc                                            [DEBUG  ]  No samples found: rna_seqc
[2022-08-05 11:12:17,531] multiqc                                            [DEBUG  ]  No samples found: rockhopper
[2022-08-05 11:12:17,535] multiqc                                            [DEBUG  ]  No samples found: rsem
[2022-08-05 11:12:17,552] multiqc                                            [DEBUG  ]  No samples found: rseqc
[2022-08-05 11:12:17,557] multiqc                                            [DEBUG  ]  No samples found: busco
[2022-08-05 11:12:17,563] multiqc                                            [DEBUG  ]  No samples found: bustools
[2022-08-05 11:12:17,568] multiqc                                            [DEBUG  ]  No samples found: goleft_indexcov
[2022-08-05 11:12:17,802] multiqc                                            [DEBUG  ]  No samples found: gffcompare
[2022-08-05 11:12:17,807] multiqc                                            [DEBUG  ]  No samples found: disambiguate
[2022-08-05 11:12:17,813] multiqc                                            [DEBUG  ]  No samples found: supernova
[2022-08-05 11:12:17,831] multiqc                                            [DEBUG  ]  No samples found: deeptools
[2022-08-05 11:12:17,836] multiqc                                            [DEBUG  ]  No samples found: sargasso
[2022-08-05 11:12:17,841] multiqc                                            [DEBUG  ]  No samples found: verifybamid
[2022-08-05 11:12:17,847] multiqc                                            [DEBUG  ]  No samples found: mirtrace
[2022-08-05 11:12:17,852] multiqc                                            [DEBUG  ]  No samples found: happy
[2022-08-05 11:12:17,857] multiqc                                            [DEBUG  ]  No samples found: mirtop
[2022-08-05 11:12:17,863] multiqc                                            [DEBUG  ]  No samples found: sambamba
[2022-08-05 11:12:17,872] multiqc                                            [DEBUG  ]  No samples found: homer
[2022-08-05 11:12:17,876] multiqc                                            [DEBUG  ]  No samples found: hops
[2022-08-05 11:12:17,881] multiqc                                            [DEBUG  ]  No samples found: macs2
[2022-08-05 11:12:17,886] multiqc                                            [DEBUG  ]  No samples found: theta2
[2022-08-05 11:12:17,891] multiqc                                            [DEBUG  ]  No samples found: snpeff
[2022-08-05 11:12:17,900] multiqc                                            [DEBUG  ]  No samples found: gatk
[2022-08-05 11:12:17,905] multiqc                                            [DEBUG  ]  No samples found: htseq
[2022-08-05 11:12:17,912] multiqc                                            [DEBUG  ]  No samples found: bcftools
[2022-08-05 11:12:17,917] multiqc                                            [DEBUG  ]  No samples found: featureCounts
[2022-08-05 11:12:17,923] multiqc                                            [DEBUG  ]  No samples found: fgbio
[2022-08-05 11:12:17,940] multiqc                                            [DEBUG  ]  No samples found: dragen
[2022-08-05 11:12:17,945] multiqc                                            [DEBUG  ]  No samples found: dedup
[2022-08-05 11:12:17,950] multiqc                                            [DEBUG  ]  No samples found: damageprofiler
[2022-08-05 11:12:17,992] multiqc                                            [DEBUG  ]  No samples found: biobambam2
[2022-08-05 11:12:17,997] multiqc                                            [DEBUG  ]  No samples found: jcvi
[2022-08-05 11:12:18,002] multiqc                                            [DEBUG  ]  No samples found: mtnucratio
[2022-08-05 11:12:18,004] multiqc                                            [DEBUG  ]  No samples found: picard
[2022-08-05 11:12:18,011] multiqc                                            [DEBUG  ]  No samples found: vep
[2022-08-05 11:12:18,020] multiqc                                            [DEBUG  ]  No samples found: sentieon
[2022-08-05 11:12:18,025] multiqc                                            [DEBUG  ]  No samples found: prokka
[2022-08-05 11:12:18,034] multiqc                                            [DEBUG  ]  No samples found: qc3C
[2022-08-05 11:12:18,039] multiqc                                            [DEBUG  ]  No samples found: nanostat
[2022-08-05 11:12:18,044] multiqc                                            [DEBUG  ]  No samples found: samblaster
[2022-08-05 11:12:18,286] multiqc                                            [DEBUG  ]  No samples found: samtools
[2022-08-05 11:12:18,292] multiqc                                            [DEBUG  ]  No samples found: sexdeterrmine
[2022-08-05 11:12:18,296] multiqc                                            [DEBUG  ]  No samples found: eigenstratdatabasetools
[2022-08-05 11:12:18,302] multiqc                                            [DEBUG  ]  No samples found: bamtools
[2022-08-05 11:12:18,307] multiqc                                            [DEBUG  ]  No samples found: jellyfish
[2022-08-05 11:12:18,316] multiqc                                            [DEBUG  ]  No samples found: vcftools
[2022-08-05 11:12:18,322] multiqc                                            [DEBUG  ]  No samples found: longranger
[2022-08-05 11:12:18,327] multiqc                                            [DEBUG  ]  No samples found: stacks
[2022-08-05 11:12:18,332] multiqc                                            [DEBUG  ]  No samples found: varscan2
[2022-08-05 11:12:18,337] multiqc                                            [DEBUG  ]  No samples found: snippy
[2022-08-05 11:12:18,356] multiqc                                            [DEBUG  ]  No samples found: bbmap
[2022-08-05 11:12:18,362] multiqc                                            [DEBUG  ]  No samples found: bismark
[2022-08-05 11:12:18,370] multiqc                                            [DEBUG  ]  No samples found: biscuit
[2022-08-05 11:12:18,376] multiqc                                            [DEBUG  ]  No samples found: hicexplorer
[2022-08-05 11:12:18,381] multiqc                                            [DEBUG  ]  No samples found: hicup
[2022-08-05 11:12:18,618] multiqc                                            [DEBUG  ]  No samples found: hicpro
[2022-08-05 11:12:18,623] multiqc                                            [DEBUG  ]  No samples found: salmon
[2022-08-05 11:12:18,628] multiqc                                            [DEBUG  ]  No samples found: kallisto
[2022-08-05 11:12:18,634] multiqc                                            [DEBUG  ]  No samples found: slamdunk
[2022-08-05 11:12:18,641] multiqc                                            [DEBUG  ]  No samples found: star
[2022-08-05 11:12:18,647] multiqc                                            [DEBUG  ]  No samples found: hisat2
[2022-08-05 11:12:18,653] multiqc                                            [DEBUG  ]  No samples found: tophat
[2022-08-05 11:12:18,658] multiqc                                            [DEBUG  ]  No samples found: bowtie2
[2022-08-05 11:12:18,663] multiqc                                            [DEBUG  ]  No samples found: bowtie1
[2022-08-05 11:12:18,668] multiqc                                            [DEBUG  ]  No samples found: snpsplit
[2022-08-05 11:12:18,674] multiqc                                            [DEBUG  ]  No samples found: odgi
[2022-08-05 11:12:18,678] multiqc                                            [DEBUG  ]  No samples found: pangolin
[2022-08-05 11:12:18,683] multiqc                                            [DEBUG  ]  No samples found: kat
[2022-08-05 11:12:18,688] multiqc                                            [DEBUG  ]  No samples found: leehom
[2022-08-05 11:12:18,693] multiqc                                            [DEBUG  ]  No samples found: adapterRemoval
[2022-08-05 11:12:18,698] multiqc                                            [DEBUG  ]  No samples found: clipandmerge
[2022-08-05 11:12:18,703] multiqc                                            [DEBUG  ]  No samples found: cutadapt
[2022-08-05 11:12:18,708] multiqc                                            [DEBUG  ]  No samples found: flexbar
[2022-08-05 11:12:18,714] multiqc                                            [DEBUG  ]  No samples found: kaiju
[2022-08-05 11:12:18,723] multiqc                                            [DEBUG  ]  No samples found: kraken
[2022-08-05 11:12:18,729] multiqc                                            [DEBUG  ]  No samples found: malt
[2022-08-05 11:12:18,742] multiqc                                            [DEBUG  ]  No samples found: trimmomatic
[2022-08-05 11:12:18,766] multiqc                                            [DEBUG  ]  No samples found: sickle
[2022-08-05 11:12:18,775] multiqc                                            [DEBUG  ]  No samples found: skewer
[2022-08-05 11:12:18,783] multiqc                                            [DEBUG  ]  No samples found: sortmerna
[2022-08-05 11:12:18,788] multiqc                                            [DEBUG  ]  No samples found: biobloomtools
[2022-08-05 11:12:18,795] multiqc                                            [DEBUG  ]  No samples found: fastq_screen
[2022-08-05 11:12:18,806] multiqc                                            [DEBUG  ]  No samples found: afterqc
[2022-08-05 11:12:18,813] multiqc                                            [DEBUG  ]  No samples found: fastp
[2022-08-05 11:12:19,197] multiqc.modules.fastqc.fastqc                      [INFO   ]  Found 4 reports
[2022-08-05 11:12:19,283] multiqc                                            [DEBUG  ]  No samples found: pychopper
[2022-08-05 11:12:19,290] multiqc                                            [DEBUG  ]  No samples found: pycoqc
[2022-08-05 11:12:19,296] multiqc                                            [DEBUG  ]  No samples found: minionqc
[2022-08-05 11:12:19,302] multiqc                                            [DEBUG  ]  No samples found: multivcfanalyzer
[2022-08-05 11:12:19,310] multiqc                                            [DEBUG  ]  No samples found: clusterflow
[2022-08-05 11:12:19,317] multiqc                                            [DEBUG  ]  No samples found: bcl2fastq
[2022-08-05 11:12:19,325] multiqc                                            [DEBUG  ]  No samples found: bclconvert
[2022-08-05 11:12:19,332] multiqc                                            [DEBUG  ]  No samples found: interop
[2022-08-05 11:12:19,337] multiqc                                            [DEBUG  ]  No samples found: ivar
[2022-08-05 11:12:19,343] multiqc                                            [DEBUG  ]  No samples found: flash
[2022-08-05 11:12:19,348] multiqc                                            [DEBUG  ]  No samples found: seqyclean
[2022-08-05 11:12:19,353] multiqc                                            [DEBUG  ]  No samples found: optitype
[2022-08-05 11:12:19,357] multiqc                                            [INFO   ]  Compressing plot data
[2022-08-05 11:12:19,489] multiqc                                            [INFO   ]  Report      : 8088_MGSD_CSIRO.qc.stats/multiqc_report.html
[2022-08-05 11:12:19,489] multiqc                                            [INFO   ]  Data        : 8088_MGSD_CSIRO.qc.stats/multiqc_data
[2022-08-05 11:12:19,489] multiqc                                            [DEBUG  ]  Moving data file from '/tmp/smi9a9.8585926/tmpbh4g2r_k/multiqc_data' to '8088_MGSD_CSIRO.qc.stats/multiqc_data'
[2022-08-05 11:12:20,651] multiqc                                            [INFO   ]  MultiQC complete
