[2022-08-05 11:04:01,535] multiqc                                            [DEBUG  ]  This is MultiQC v1.11
[2022-08-05 11:04:01,535] multiqc                                            [DEBUG  ]  No MultiQC config found: /apps/multiqc/1.11/lib/python3.9/site-packages/multiqc_config.yaml
[2022-08-05 11:04:01,535] multiqc                                            [DEBUG  ]  No MultiQC config found: /home/smi9a9/.multiqc_config.yaml
[2022-08-05 11:04:01,537] multiqc                                            [DEBUG  ]  No MultiQC config found: multiqc_config.yaml
[2022-08-05 11:04:01,537] multiqc                                            [DEBUG  ]  Command used: /apps/multiqc/1.11/bin/multiqc ./19515_combined_merged_fastqc.html ./19515_combined_merged_fastqc.zip ./19515_combined_merged.fastq.gz ./19515_combined_R1p_fastqc.html ./19515_combined_R1p_fastqc.zip ./19515_combined_R1p.fastq.gz ./19515_combined_R1R2u_fastqc.html ./19515_combined_R1R2u_fastqc.zip ./19515_combined_R1R2u.fastq.gz ./19515_combined_R2p_fastqc.html ./19515_combined_R2p_fastqc.zip ./19515_combined_R2p.fastq.gz ./19515_QCreads.md5 -o 19515_MGSD_CSIRO.qc.stats
[2022-08-05 11:04:01,546] multiqc                                            [DEBUG  ]  Could not connect to multiqc.info for version check: <urlopen error [Errno 111] Connection refused>
[2022-08-05 11:04:01,546] multiqc                                            [DEBUG  ]  Command     : /apps/multiqc/1.11/bin/multiqc ./19515_combined_merged_fastqc.html ./19515_combined_merged_fastqc.zip ./19515_combined_merged.fastq.gz ./19515_combined_R1p_fastqc.html ./19515_combined_R1p_fastqc.zip ./19515_combined_R1p.fastq.gz ./19515_combined_R1R2u_fastqc.html ./19515_combined_R1R2u_fastqc.zip ./19515_combined_R1R2u.fastq.gz ./19515_combined_R2p_fastqc.html ./19515_combined_R2p_fastqc.zip ./19515_combined_R2p.fastq.gz ./19515_QCreads.md5 -o 19515_MGSD_CSIRO.qc.stats
[2022-08-05 11:04:01,546] multiqc                                            [DEBUG  ]  Working dir : /datasets/work/oa-amd/work/amd/Metagenome_QC_reads
[2022-08-05 11:04:01,546] multiqc                                            [DEBUG  ]  Template    : default
[2022-08-05 11:04:01,546] multiqc                                            [DEBUG  ]  Running Python 3.9.4 (default, Apr 25 2021, 16:13:27)  [GCC 10.3.0]
[2022-08-05 11:04:01,546] multiqc                                            [DEBUG  ]  Analysing modules: custom_content, ccs, ngsderive, purple, conpair, lima, peddy, somalier, methylQA, mosdepth, phantompeakqualtools, qualimap, preseq, quast, qorts, rna_seqc, rockhopper, rsem, rseqc, busco, bustools, goleft_indexcov, gffcompare, disambiguate, supernova, deeptools, sargasso, verifybamid, mirtrace, happy, mirtop, sambamba, homer, hops, macs2, theta2, snpeff, gatk, htseq, bcftools, featureCounts, fgbio, dragen, dedup, damageprofiler, biobambam2, jcvi, mtnucratio, picard, vep, sentieon, prokka, qc3C, nanostat, samblaster, samtools, sexdeterrmine, eigenstratdatabasetools, bamtools, jellyfish, vcftools, longranger, stacks, varscan2, snippy, bbmap, bismark, biscuit, hicexplorer, hicup, hicpro, salmon, kallisto, slamdunk, star, hisat2, tophat, bowtie2, bowtie1, snpsplit, odgi, pangolin, kat, leehom, adapterRemoval, clipandmerge, cutadapt, flexbar, kaiju, kraken, malt, trimmomatic, sickle, skewer, sortmerna, biobloomtools, fastq_screen, afterqc, fastp, fastqc, pychopper, pycoqc, minionqc, multivcfanalyzer, clusterflow, bcl2fastq, bclconvert, interop, ivar, flash, seqyclean, optitype
[2022-08-05 11:04:01,547] multiqc                                            [DEBUG  ]  Using temporary directory for creating report: /tmp/smi9a9.8584814/tmpfw32sj1s
[2022-08-05 11:04:02,147] multiqc                                            [INFO   ]  Search path : /datasets/work/oa-amd/work/amd/Metagenome_QC_reads/19515_combined_merged_fastqc.html
[2022-08-05 11:04:02,147] multiqc                                            [INFO   ]  Search path : /datasets/work/oa-amd/work/amd/Metagenome_QC_reads/19515_combined_merged_fastqc.zip
[2022-08-05 11:04:02,147] multiqc                                            [INFO   ]  Search path : /datasets/work/oa-amd/work/amd/Metagenome_QC_reads/19515_combined_merged.fastq.gz
[2022-08-05 11:04:02,147] multiqc                                            [INFO   ]  Search path : /datasets/work/oa-amd/work/amd/Metagenome_QC_reads/19515_combined_R1p_fastqc.html
[2022-08-05 11:04:02,147] multiqc                                            [INFO   ]  Search path : /datasets/work/oa-amd/work/amd/Metagenome_QC_reads/19515_combined_R1p_fastqc.zip
[2022-08-05 11:04:02,147] multiqc                                            [INFO   ]  Search path : /datasets/work/oa-amd/work/amd/Metagenome_QC_reads/19515_combined_R1p.fastq.gz
[2022-08-05 11:04:02,147] multiqc                                            [INFO   ]  Search path : /datasets/work/oa-amd/work/amd/Metagenome_QC_reads/19515_combined_R1R2u_fastqc.html
[2022-08-05 11:04:02,147] multiqc                                            [INFO   ]  Search path : /datasets/work/oa-amd/work/amd/Metagenome_QC_reads/19515_combined_R1R2u_fastqc.zip
[2022-08-05 11:04:02,147] multiqc                                            [INFO   ]  Search path : /datasets/work/oa-amd/work/amd/Metagenome_QC_reads/19515_combined_R1R2u.fastq.gz
[2022-08-05 11:04:02,147] multiqc                                            [INFO   ]  Search path : /datasets/work/oa-amd/work/amd/Metagenome_QC_reads/19515_combined_R2p_fastqc.html
[2022-08-05 11:04:02,147] multiqc                                            [INFO   ]  Search path : /datasets/work/oa-amd/work/amd/Metagenome_QC_reads/19515_combined_R2p_fastqc.zip
[2022-08-05 11:04:02,147] multiqc                                            [INFO   ]  Search path : /datasets/work/oa-amd/work/amd/Metagenome_QC_reads/19515_combined_R2p.fastq.gz
[2022-08-05 11:04:02,148] multiqc                                            [INFO   ]  Search path : /datasets/work/oa-amd/work/amd/Metagenome_QC_reads/19515_QCreads.md5
[2022-08-05 11:04:02,477] multiqc                                            [DEBUG  ]  File ignored by ccs/v4 because it exceeded search pattern filesize limit: 19515_combined_merged_fastqc.html
[2022-08-05 11:04:02,482] multiqc                                            [DEBUG  ]  File ignored by hicexplorer because it exceeded search pattern filesize limit: 19515_combined_merged_fastqc.html
[2022-08-05 11:04:02,482] multiqc                                            [DEBUG  ]  File ignored by nanostat because it exceeded search pattern filesize limit: 19515_combined_merged_fastqc.html
[2022-08-05 11:04:02,482] multiqc                                            [DEBUG  ]  File ignored by lima/summary because it exceeded search pattern filesize limit: 19515_combined_merged_fastqc.html
[2022-08-05 11:04:02,502] multiqc                                            [DEBUG  ]  File ignored by vep/vep_txt because it exceeded search pattern filesize limit: 19515_combined_merged_fastqc.html
[2022-08-05 11:04:02,502] multiqc                                            [DEBUG  ]  File ignored by longranger/invocation because it exceeded search pattern filesize limit: 19515_combined_merged_fastqc.html
[2022-08-05 11:04:02,502] multiqc                                            [DEBUG  ]  File ignored by rockhopper because it exceeded search pattern filesize limit: 19515_combined_merged_fastqc.html
[2022-08-05 11:04:02,502] multiqc                                            [DEBUG  ]  File ignored by rseqc/bam_stat because it exceeded search pattern filesize limit: 19515_combined_merged_fastqc.html
[2022-08-05 11:04:02,502] multiqc                                            [DEBUG  ]  File ignored by rseqc/junction_annotation because it exceeded search pattern filesize limit: 19515_combined_merged_fastqc.html
[2022-08-05 11:04:02,502] multiqc                                            [DEBUG  ]  File ignored by rseqc/read_distribution because it exceeded search pattern filesize limit: 19515_combined_merged_fastqc.html
[2022-08-05 11:04:02,502] multiqc                                            [DEBUG  ]  File ignored by rseqc/infer_experiment because it exceeded search pattern filesize limit: 19515_combined_merged_fastqc.html
[2022-08-05 11:04:04,464] multiqc                                            [DEBUG  ]  Ignoring file as matched an ignore pattern: 19515_combined_merged.fastq.gz
[2022-08-05 11:04:08,094] multiqc                                            [DEBUG  ]  File ignored by ccs/v4 because it exceeded search pattern filesize limit: 19515_combined_R1p_fastqc.html
[2022-08-05 11:04:08,642] multiqc                                            [DEBUG  ]  File ignored by hicexplorer because it exceeded search pattern filesize limit: 19515_combined_R1p_fastqc.html
[2022-08-05 11:04:08,643] multiqc                                            [DEBUG  ]  File ignored by nanostat because it exceeded search pattern filesize limit: 19515_combined_R1p_fastqc.html
[2022-08-05 11:04:08,644] multiqc                                            [DEBUG  ]  File ignored by lima/summary because it exceeded search pattern filesize limit: 19515_combined_R1p_fastqc.html
[2022-08-05 11:04:08,666] multiqc                                            [DEBUG  ]  File ignored by vep/vep_txt because it exceeded search pattern filesize limit: 19515_combined_R1p_fastqc.html
[2022-08-05 11:04:08,666] multiqc                                            [DEBUG  ]  File ignored by longranger/invocation because it exceeded search pattern filesize limit: 19515_combined_R1p_fastqc.html
[2022-08-05 11:04:08,666] multiqc                                            [DEBUG  ]  File ignored by rockhopper because it exceeded search pattern filesize limit: 19515_combined_R1p_fastqc.html
[2022-08-05 11:04:08,666] multiqc                                            [DEBUG  ]  File ignored by rseqc/bam_stat because it exceeded search pattern filesize limit: 19515_combined_R1p_fastqc.html
[2022-08-05 11:04:08,666] multiqc                                            [DEBUG  ]  File ignored by rseqc/junction_annotation because it exceeded search pattern filesize limit: 19515_combined_R1p_fastqc.html
[2022-08-05 11:04:08,666] multiqc                                            [DEBUG  ]  File ignored by rseqc/read_distribution because it exceeded search pattern filesize limit: 19515_combined_R1p_fastqc.html
[2022-08-05 11:04:08,666] multiqc                                            [DEBUG  ]  File ignored by rseqc/infer_experiment because it exceeded search pattern filesize limit: 19515_combined_R1p_fastqc.html
[2022-08-05 11:04:10,123] multiqc                                            [DEBUG  ]  Ignoring file as matched an ignore pattern: 19515_combined_R1p.fastq.gz
[2022-08-05 11:04:10,135] multiqc                                            [DEBUG  ]  File ignored by ccs/v4 because it exceeded search pattern filesize limit: 19515_combined_R1R2u_fastqc.html
[2022-08-05 11:04:10,143] multiqc                                            [DEBUG  ]  File ignored by hicexplorer because it exceeded search pattern filesize limit: 19515_combined_R1R2u_fastqc.html
[2022-08-05 11:04:10,144] multiqc                                            [DEBUG  ]  File ignored by nanostat because it exceeded search pattern filesize limit: 19515_combined_R1R2u_fastqc.html
[2022-08-05 11:04:10,144] multiqc                                            [DEBUG  ]  File ignored by lima/summary because it exceeded search pattern filesize limit: 19515_combined_R1R2u_fastqc.html
[2022-08-05 11:04:11,723] multiqc                                            [DEBUG  ]  File ignored by vep/vep_txt because it exceeded search pattern filesize limit: 19515_combined_R1R2u_fastqc.html
[2022-08-05 11:04:11,723] multiqc                                            [DEBUG  ]  File ignored by longranger/invocation because it exceeded search pattern filesize limit: 19515_combined_R1R2u_fastqc.html
[2022-08-05 11:04:11,723] multiqc                                            [DEBUG  ]  File ignored by rockhopper because it exceeded search pattern filesize limit: 19515_combined_R1R2u_fastqc.html
[2022-08-05 11:04:11,723] multiqc                                            [DEBUG  ]  File ignored by rseqc/bam_stat because it exceeded search pattern filesize limit: 19515_combined_R1R2u_fastqc.html
[2022-08-05 11:04:11,723] multiqc                                            [DEBUG  ]  File ignored by rseqc/junction_annotation because it exceeded search pattern filesize limit: 19515_combined_R1R2u_fastqc.html
[2022-08-05 11:04:11,723] multiqc                                            [DEBUG  ]  File ignored by rseqc/read_distribution because it exceeded search pattern filesize limit: 19515_combined_R1R2u_fastqc.html
[2022-08-05 11:04:11,723] multiqc                                            [DEBUG  ]  File ignored by rseqc/infer_experiment because it exceeded search pattern filesize limit: 19515_combined_R1R2u_fastqc.html
[2022-08-05 11:04:14,031] multiqc                                            [DEBUG  ]  Ignoring file as matched an ignore pattern: 19515_combined_R1R2u.fastq.gz
[2022-08-05 11:04:14,102] multiqc                                            [DEBUG  ]  File ignored by ccs/v4 because it exceeded search pattern filesize limit: 19515_combined_R2p_fastqc.html
[2022-08-05 11:04:14,114] multiqc                                            [DEBUG  ]  File ignored by hicexplorer because it exceeded search pattern filesize limit: 19515_combined_R2p_fastqc.html
[2022-08-05 11:04:14,115] multiqc                                            [DEBUG  ]  File ignored by nanostat because it exceeded search pattern filesize limit: 19515_combined_R2p_fastqc.html
[2022-08-05 11:04:14,115] multiqc                                            [DEBUG  ]  File ignored by lima/summary because it exceeded search pattern filesize limit: 19515_combined_R2p_fastqc.html
[2022-08-05 11:04:14,256] multiqc                                            [DEBUG  ]  File ignored by vep/vep_txt because it exceeded search pattern filesize limit: 19515_combined_R2p_fastqc.html
[2022-08-05 11:04:14,256] multiqc                                            [DEBUG  ]  File ignored by longranger/invocation because it exceeded search pattern filesize limit: 19515_combined_R2p_fastqc.html
[2022-08-05 11:04:14,256] multiqc                                            [DEBUG  ]  File ignored by rockhopper because it exceeded search pattern filesize limit: 19515_combined_R2p_fastqc.html
[2022-08-05 11:04:14,256] multiqc                                            [DEBUG  ]  File ignored by rseqc/bam_stat because it exceeded search pattern filesize limit: 19515_combined_R2p_fastqc.html
[2022-08-05 11:04:14,256] multiqc                                            [DEBUG  ]  File ignored by rseqc/junction_annotation because it exceeded search pattern filesize limit: 19515_combined_R2p_fastqc.html
[2022-08-05 11:04:14,256] multiqc                                            [DEBUG  ]  File ignored by rseqc/read_distribution because it exceeded search pattern filesize limit: 19515_combined_R2p_fastqc.html
[2022-08-05 11:04:14,256] multiqc                                            [DEBUG  ]  File ignored by rseqc/infer_experiment because it exceeded search pattern filesize limit: 19515_combined_R2p_fastqc.html
[2022-08-05 11:04:16,041] multiqc                                            [DEBUG  ]  Ignoring file as matched an ignore pattern: 19515_combined_R2p.fastq.gz
[2022-08-05 11:04:16,053] multiqc                                            [DEBUG  ]  Ignoring file as matched an ignore pattern: 19515_QCreads.md5
[2022-08-05 11:04:17,732] multiqc.plots.bargraph                             [DEBUG  ]  Using matplotlib version 3.3.4
[2022-08-05 11:04:17,738] multiqc.plots.linegraph                            [DEBUG  ]  Using matplotlib version 3.3.4
[2022-08-05 11:04:17,742] multiqc                                            [DEBUG  ]  No samples found: custom_content
[2022-08-05 11:04:17,750] multiqc                                            [DEBUG  ]  No samples found: ccs
[2022-08-05 11:04:17,766] multiqc                                            [DEBUG  ]  No samples found: ngsderive
[2022-08-05 11:04:17,776] multiqc                                            [DEBUG  ]  No samples found: purple
[2022-08-05 11:04:17,786] multiqc                                            [DEBUG  ]  No samples found: conpair
[2022-08-05 11:04:17,797] multiqc                                            [DEBUG  ]  No samples found: lima
[2022-08-05 11:04:17,806] multiqc                                            [DEBUG  ]  No samples found: peddy
[2022-08-05 11:04:17,816] multiqc                                            [DEBUG  ]  No samples found: somalier
[2022-08-05 11:04:17,830] multiqc                                            [DEBUG  ]  No samples found: methylQA
[2022-08-05 11:04:18,076] multiqc.modules.mosdepth.mosdepth                  [DEBUG  ]  include_contigs: []
[2022-08-05 11:04:18,077] multiqc.modules.mosdepth.mosdepth                  [DEBUG  ]  exclude_contigs: []
[2022-08-05 11:04:18,077] multiqc                                            [DEBUG  ]  No samples found: mosdepth
[2022-08-05 11:04:18,081] multiqc                                            [DEBUG  ]  No samples found: phantompeakqualtools
[2022-08-05 11:04:18,085] multiqc                                            [DEBUG  ]  No samples found: qualimap
[2022-08-05 11:04:18,104] multiqc                                            [DEBUG  ]  No samples found: preseq
[2022-08-05 11:04:18,341] multiqc                                            [DEBUG  ]  No samples found: quast
[2022-08-05 11:04:18,347] multiqc                                            [DEBUG  ]  No samples found: qorts
[2022-08-05 11:04:18,352] multiqc                                            [DEBUG  ]  No samples found: rna_seqc
[2022-08-05 11:04:18,356] multiqc                                            [DEBUG  ]  No samples found: rockhopper
[2022-08-05 11:04:18,360] multiqc                                            [DEBUG  ]  No samples found: rsem
[2022-08-05 11:04:18,374] multiqc                                            [DEBUG  ]  No samples found: rseqc
[2022-08-05 11:04:18,378] multiqc                                            [DEBUG  ]  No samples found: busco
[2022-08-05 11:04:18,383] multiqc                                            [DEBUG  ]  No samples found: bustools
[2022-08-05 11:04:18,387] multiqc                                            [DEBUG  ]  No samples found: goleft_indexcov
[2022-08-05 11:04:18,392] multiqc                                            [DEBUG  ]  No samples found: gffcompare
[2022-08-05 11:04:18,396] multiqc                                            [DEBUG  ]  No samples found: disambiguate
[2022-08-05 11:04:18,401] multiqc                                            [DEBUG  ]  No samples found: supernova
[2022-08-05 11:04:18,417] multiqc                                            [DEBUG  ]  No samples found: deeptools
[2022-08-05 11:04:18,421] multiqc                                            [DEBUG  ]  No samples found: sargasso
[2022-08-05 11:04:18,425] multiqc                                            [DEBUG  ]  No samples found: verifybamid
[2022-08-05 11:04:18,431] multiqc                                            [DEBUG  ]  No samples found: mirtrace
[2022-08-05 11:04:18,435] multiqc                                            [DEBUG  ]  No samples found: happy
[2022-08-05 11:04:18,440] multiqc                                            [DEBUG  ]  No samples found: mirtop
[2022-08-05 11:04:18,445] multiqc                                            [DEBUG  ]  No samples found: sambamba
[2022-08-05 11:04:18,453] multiqc                                            [DEBUG  ]  No samples found: homer
[2022-08-05 11:04:18,459] multiqc                                            [DEBUG  ]  No samples found: hops
[2022-08-05 11:04:18,463] multiqc                                            [DEBUG  ]  No samples found: macs2
[2022-08-05 11:04:18,467] multiqc                                            [DEBUG  ]  No samples found: theta2
[2022-08-05 11:04:18,472] multiqc                                            [DEBUG  ]  No samples found: snpeff
[2022-08-05 11:04:18,479] multiqc                                            [DEBUG  ]  No samples found: gatk
[2022-08-05 11:04:18,483] multiqc                                            [DEBUG  ]  No samples found: htseq
[2022-08-05 11:04:18,491] multiqc                                            [DEBUG  ]  No samples found: bcftools
[2022-08-05 11:04:18,495] multiqc                                            [DEBUG  ]  No samples found: featureCounts
[2022-08-05 11:04:18,501] multiqc                                            [DEBUG  ]  No samples found: fgbio
[2022-08-05 11:04:18,965] multiqc                                            [DEBUG  ]  No samples found: dragen
[2022-08-05 11:04:18,973] multiqc                                            [DEBUG  ]  No samples found: dedup
[2022-08-05 11:04:18,980] multiqc                                            [DEBUG  ]  No samples found: damageprofiler
[2022-08-05 11:04:19,271] multiqc                                            [DEBUG  ]  No samples found: biobambam2
[2022-08-05 11:04:19,508] multiqc                                            [DEBUG  ]  No samples found: jcvi
[2022-08-05 11:04:19,513] multiqc                                            [DEBUG  ]  No samples found: mtnucratio
[2022-08-05 11:04:19,515] multiqc                                            [DEBUG  ]  No samples found: picard
[2022-08-05 11:04:19,523] multiqc                                            [DEBUG  ]  No samples found: vep
[2022-08-05 11:04:19,536] multiqc                                            [DEBUG  ]  No samples found: sentieon
[2022-08-05 11:04:19,543] multiqc                                            [DEBUG  ]  No samples found: prokka
[2022-08-05 11:04:19,553] multiqc                                            [DEBUG  ]  No samples found: qc3C
[2022-08-05 11:04:19,560] multiqc                                            [DEBUG  ]  No samples found: nanostat
[2022-08-05 11:04:19,567] multiqc                                            [DEBUG  ]  No samples found: samblaster
[2022-08-05 11:04:19,813] multiqc                                            [DEBUG  ]  No samples found: samtools
[2022-08-05 11:04:19,820] multiqc                                            [DEBUG  ]  No samples found: sexdeterrmine
[2022-08-05 11:04:20,329] multiqc                                            [DEBUG  ]  No samples found: eigenstratdatabasetools
[2022-08-05 11:04:20,334] multiqc                                            [DEBUG  ]  No samples found: bamtools
[2022-08-05 11:04:20,338] multiqc                                            [DEBUG  ]  No samples found: jellyfish
[2022-08-05 11:04:20,345] multiqc                                            [DEBUG  ]  No samples found: vcftools
[2022-08-05 11:04:20,351] multiqc                                            [DEBUG  ]  No samples found: longranger
[2022-08-05 11:04:20,355] multiqc                                            [DEBUG  ]  No samples found: stacks
[2022-08-05 11:04:20,360] multiqc                                            [DEBUG  ]  No samples found: varscan2
[2022-08-05 11:04:20,364] multiqc                                            [DEBUG  ]  No samples found: snippy
[2022-08-05 11:04:20,380] multiqc                                            [DEBUG  ]  No samples found: bbmap
[2022-08-05 11:04:20,386] multiqc                                            [DEBUG  ]  No samples found: bismark
[2022-08-05 11:04:20,394] multiqc                                            [DEBUG  ]  No samples found: biscuit
[2022-08-05 11:04:20,398] multiqc                                            [DEBUG  ]  No samples found: hicexplorer
[2022-08-05 11:04:20,403] multiqc                                            [DEBUG  ]  No samples found: hicup
[2022-08-05 11:04:20,408] multiqc                                            [DEBUG  ]  No samples found: hicpro
[2022-08-05 11:04:20,412] multiqc                                            [DEBUG  ]  No samples found: salmon
[2022-08-05 11:04:20,649] multiqc                                            [DEBUG  ]  No samples found: kallisto
[2022-08-05 11:04:20,659] multiqc                                            [DEBUG  ]  No samples found: slamdunk
[2022-08-05 11:04:20,666] multiqc                                            [DEBUG  ]  No samples found: star
[2022-08-05 11:04:20,673] multiqc                                            [DEBUG  ]  No samples found: hisat2
[2022-08-05 11:04:20,682] multiqc                                            [DEBUG  ]  No samples found: tophat
[2022-08-05 11:04:20,689] multiqc                                            [DEBUG  ]  No samples found: bowtie2
[2022-08-05 11:04:20,696] multiqc                                            [DEBUG  ]  No samples found: bowtie1
[2022-08-05 11:04:20,704] multiqc                                            [DEBUG  ]  No samples found: snpsplit
[2022-08-05 11:04:20,711] multiqc                                            [DEBUG  ]  No samples found: odgi
[2022-08-05 11:04:20,718] multiqc                                            [DEBUG  ]  No samples found: pangolin
[2022-08-05 11:04:20,726] multiqc                                            [DEBUG  ]  No samples found: kat
[2022-08-05 11:04:20,962] multiqc                                            [DEBUG  ]  No samples found: leehom
[2022-08-05 11:04:20,969] multiqc                                            [DEBUG  ]  No samples found: adapterRemoval
[2022-08-05 11:04:20,975] multiqc                                            [DEBUG  ]  No samples found: clipandmerge
[2022-08-05 11:04:20,983] multiqc                                            [DEBUG  ]  No samples found: cutadapt
[2022-08-05 11:04:21,755] multiqc                                            [DEBUG  ]  No samples found: flexbar
[2022-08-05 11:04:21,763] multiqc                                            [DEBUG  ]  No samples found: kaiju
[2022-08-05 11:04:21,770] multiqc                                            [DEBUG  ]  No samples found: kraken
[2022-08-05 11:04:21,777] multiqc                                            [DEBUG  ]  No samples found: malt
[2022-08-05 11:04:21,783] multiqc                                            [DEBUG  ]  No samples found: trimmomatic
[2022-08-05 11:04:21,790] multiqc                                            [DEBUG  ]  No samples found: sickle
[2022-08-05 11:04:21,796] multiqc                                            [DEBUG  ]  No samples found: skewer
[2022-08-05 11:04:22,074] multiqc                                            [DEBUG  ]  No samples found: sortmerna
[2022-08-05 11:04:22,311] multiqc                                            [DEBUG  ]  No samples found: biobloomtools
[2022-08-05 11:04:22,550] multiqc                                            [DEBUG  ]  No samples found: fastq_screen
[2022-08-05 11:04:22,789] multiqc                                            [DEBUG  ]  No samples found: afterqc
[2022-08-05 11:04:22,798] multiqc                                            [DEBUG  ]  No samples found: fastp
[2022-08-05 11:04:23,030] multiqc.modules.fastqc.fastqc                      [INFO   ]  Found 4 reports
[2022-08-05 11:04:23,248] multiqc                                            [DEBUG  ]  No samples found: pychopper
[2022-08-05 11:04:23,257] multiqc                                            [DEBUG  ]  No samples found: pycoqc
[2022-08-05 11:04:23,265] multiqc                                            [DEBUG  ]  No samples found: minionqc
[2022-08-05 11:04:23,273] multiqc                                            [DEBUG  ]  No samples found: multivcfanalyzer
[2022-08-05 11:04:23,512] multiqc                                            [DEBUG  ]  No samples found: clusterflow
[2022-08-05 11:04:23,521] multiqc                                            [DEBUG  ]  No samples found: bcl2fastq
[2022-08-05 11:04:23,530] multiqc                                            [DEBUG  ]  No samples found: bclconvert
[2022-08-05 11:04:23,537] multiqc                                            [DEBUG  ]  No samples found: interop
[2022-08-05 11:04:23,545] multiqc                                            [DEBUG  ]  No samples found: ivar
[2022-08-05 11:04:23,551] multiqc                                            [DEBUG  ]  No samples found: flash
[2022-08-05 11:04:23,564] multiqc                                            [DEBUG  ]  No samples found: seqyclean
[2022-08-05 11:04:23,572] multiqc                                            [DEBUG  ]  No samples found: optitype
[2022-08-05 11:04:23,576] multiqc                                            [INFO   ]  Compressing plot data
[2022-08-05 11:04:24,860] multiqc                                            [INFO   ]  Report      : 19515_MGSD_CSIRO.qc.stats/multiqc_report.html
[2022-08-05 11:04:24,860] multiqc                                            [INFO   ]  Data        : 19515_MGSD_CSIRO.qc.stats/multiqc_data
[2022-08-05 11:04:24,860] multiqc                                            [DEBUG  ]  Moving data file from '/tmp/smi9a9.8584814/tmpfw32sj1s/multiqc_data' to '19515_MGSD_CSIRO.qc.stats/multiqc_data'
[2022-08-05 11:04:25,659] multiqc                                            [INFO   ]  MultiQC complete
