[2022-08-05 11:09:24,273] multiqc                                            [DEBUG  ]  This is MultiQC v1.11
[2022-08-05 11:09:24,274] multiqc                                            [DEBUG  ]  No MultiQC config found: /apps/multiqc/1.11/lib/python3.9/site-packages/multiqc_config.yaml
[2022-08-05 11:09:24,274] multiqc                                            [DEBUG  ]  No MultiQC config found: /home/smi9a9/.multiqc_config.yaml
[2022-08-05 11:09:24,274] multiqc                                            [DEBUG  ]  No MultiQC config found: multiqc_config.yaml
[2022-08-05 11:09:24,274] multiqc                                            [DEBUG  ]  Command used: /apps/multiqc/1.11/bin/multiqc ./15883_combined_merged_fastqc.html ./15883_combined_merged_fastqc.zip ./15883_combined_merged.fastq.gz ./15883_combined_R1p_fastqc.html ./15883_combined_R1p_fastqc.zip ./15883_combined_R1p.fastq.gz ./15883_combined_R1R2u_fastqc.html ./15883_combined_R1R2u_fastqc.zip ./15883_combined_R1R2u.fastq.gz ./15883_combined_R2p_fastqc.html ./15883_combined_R2p_fastqc.zip ./15883_combined_R2p.fastq.gz ./15883_QCreads.md5 -o 15883_MGSD_CSIRO.qc.stats
[2022-08-05 11:09:24,276] multiqc                                            [DEBUG  ]  Could not connect to multiqc.info for version check: <urlopen error [Errno 111] Connection refused>
[2022-08-05 11:09:24,276] multiqc                                            [DEBUG  ]  Command     : /apps/multiqc/1.11/bin/multiqc ./15883_combined_merged_fastqc.html ./15883_combined_merged_fastqc.zip ./15883_combined_merged.fastq.gz ./15883_combined_R1p_fastqc.html ./15883_combined_R1p_fastqc.zip ./15883_combined_R1p.fastq.gz ./15883_combined_R1R2u_fastqc.html ./15883_combined_R1R2u_fastqc.zip ./15883_combined_R1R2u.fastq.gz ./15883_combined_R2p_fastqc.html ./15883_combined_R2p_fastqc.zip ./15883_combined_R2p.fastq.gz ./15883_QCreads.md5 -o 15883_MGSD_CSIRO.qc.stats
[2022-08-05 11:09:24,276] multiqc                                            [DEBUG  ]  Working dir : /datasets/work/oa-amd/work/amd/Metagenome_QC_reads
[2022-08-05 11:09:24,277] multiqc                                            [DEBUG  ]  Template    : default
[2022-08-05 11:09:24,277] multiqc                                            [DEBUG  ]  Running Python 3.9.4 (default, Apr 25 2021, 16:13:27)  [GCC 10.3.0]
[2022-08-05 11:09:24,277] multiqc                                            [DEBUG  ]  Analysing modules: custom_content, ccs, ngsderive, purple, conpair, lima, peddy, somalier, methylQA, mosdepth, phantompeakqualtools, qualimap, preseq, quast, qorts, rna_seqc, rockhopper, rsem, rseqc, busco, bustools, goleft_indexcov, gffcompare, disambiguate, supernova, deeptools, sargasso, verifybamid, mirtrace, happy, mirtop, sambamba, homer, hops, macs2, theta2, snpeff, gatk, htseq, bcftools, featureCounts, fgbio, dragen, dedup, damageprofiler, biobambam2, jcvi, mtnucratio, picard, vep, sentieon, prokka, qc3C, nanostat, samblaster, samtools, sexdeterrmine, eigenstratdatabasetools, bamtools, jellyfish, vcftools, longranger, stacks, varscan2, snippy, bbmap, bismark, biscuit, hicexplorer, hicup, hicpro, salmon, kallisto, slamdunk, star, hisat2, tophat, bowtie2, bowtie1, snpsplit, odgi, pangolin, kat, leehom, adapterRemoval, clipandmerge, cutadapt, flexbar, kaiju, kraken, malt, trimmomatic, sickle, skewer, sortmerna, biobloomtools, fastq_screen, afterqc, fastp, fastqc, pychopper, pycoqc, minionqc, multivcfanalyzer, clusterflow, bcl2fastq, bclconvert, interop, ivar, flash, seqyclean, optitype
[2022-08-05 11:09:24,277] multiqc                                            [DEBUG  ]  Using temporary directory for creating report: /tmp/smi9a9.8585884/tmpnrmtclcg
[2022-08-05 11:09:24,341] multiqc                                            [INFO   ]  Search path : /datasets/work/oa-amd/work/amd/Metagenome_QC_reads/15883_combined_merged_fastqc.html
[2022-08-05 11:09:24,342] multiqc                                            [INFO   ]  Search path : /datasets/work/oa-amd/work/amd/Metagenome_QC_reads/15883_combined_merged_fastqc.zip
[2022-08-05 11:09:24,342] multiqc                                            [INFO   ]  Search path : /datasets/work/oa-amd/work/amd/Metagenome_QC_reads/15883_combined_merged.fastq.gz
[2022-08-05 11:09:24,342] multiqc                                            [INFO   ]  Search path : /datasets/work/oa-amd/work/amd/Metagenome_QC_reads/15883_combined_R1p_fastqc.html
[2022-08-05 11:09:24,342] multiqc                                            [INFO   ]  Search path : /datasets/work/oa-amd/work/amd/Metagenome_QC_reads/15883_combined_R1p_fastqc.zip
[2022-08-05 11:09:24,342] multiqc                                            [INFO   ]  Search path : /datasets/work/oa-amd/work/amd/Metagenome_QC_reads/15883_combined_R1p.fastq.gz
[2022-08-05 11:09:24,342] multiqc                                            [INFO   ]  Search path : /datasets/work/oa-amd/work/amd/Metagenome_QC_reads/15883_combined_R1R2u_fastqc.html
[2022-08-05 11:09:24,342] multiqc                                            [INFO   ]  Search path : /datasets/work/oa-amd/work/amd/Metagenome_QC_reads/15883_combined_R1R2u_fastqc.zip
[2022-08-05 11:09:24,342] multiqc                                            [INFO   ]  Search path : /datasets/work/oa-amd/work/amd/Metagenome_QC_reads/15883_combined_R1R2u.fastq.gz
[2022-08-05 11:09:24,342] multiqc                                            [INFO   ]  Search path : /datasets/work/oa-amd/work/amd/Metagenome_QC_reads/15883_combined_R2p_fastqc.html
[2022-08-05 11:09:24,342] multiqc                                            [INFO   ]  Search path : /datasets/work/oa-amd/work/amd/Metagenome_QC_reads/15883_combined_R2p_fastqc.zip
[2022-08-05 11:09:24,342] multiqc                                            [INFO   ]  Search path : /datasets/work/oa-amd/work/amd/Metagenome_QC_reads/15883_combined_R2p.fastq.gz
[2022-08-05 11:09:24,342] multiqc                                            [INFO   ]  Search path : /datasets/work/oa-amd/work/amd/Metagenome_QC_reads/15883_QCreads.md5
[2022-08-05 11:09:24,756] multiqc                                            [DEBUG  ]  File ignored by ccs/v4 because it exceeded search pattern filesize limit: 15883_combined_merged_fastqc.html
[2022-08-05 11:09:24,764] multiqc                                            [DEBUG  ]  File ignored by hicexplorer because it exceeded search pattern filesize limit: 15883_combined_merged_fastqc.html
[2022-08-05 11:09:24,765] multiqc                                            [DEBUG  ]  File ignored by nanostat because it exceeded search pattern filesize limit: 15883_combined_merged_fastqc.html
[2022-08-05 11:09:24,765] multiqc                                            [DEBUG  ]  File ignored by lima/summary because it exceeded search pattern filesize limit: 15883_combined_merged_fastqc.html
[2022-08-05 11:09:24,789] multiqc                                            [DEBUG  ]  File ignored by vep/vep_txt because it exceeded search pattern filesize limit: 15883_combined_merged_fastqc.html
[2022-08-05 11:09:24,789] multiqc                                            [DEBUG  ]  File ignored by longranger/invocation because it exceeded search pattern filesize limit: 15883_combined_merged_fastqc.html
[2022-08-05 11:09:24,789] multiqc                                            [DEBUG  ]  File ignored by rockhopper because it exceeded search pattern filesize limit: 15883_combined_merged_fastqc.html
[2022-08-05 11:09:24,789] multiqc                                            [DEBUG  ]  File ignored by rseqc/bam_stat because it exceeded search pattern filesize limit: 15883_combined_merged_fastqc.html
[2022-08-05 11:09:24,789] multiqc                                            [DEBUG  ]  File ignored by rseqc/junction_annotation because it exceeded search pattern filesize limit: 15883_combined_merged_fastqc.html
[2022-08-05 11:09:24,789] multiqc                                            [DEBUG  ]  File ignored by rseqc/read_distribution because it exceeded search pattern filesize limit: 15883_combined_merged_fastqc.html
[2022-08-05 11:09:24,789] multiqc                                            [DEBUG  ]  File ignored by rseqc/infer_experiment because it exceeded search pattern filesize limit: 15883_combined_merged_fastqc.html
[2022-08-05 11:09:24,881] multiqc                                            [DEBUG  ]  Ignoring file as matched an ignore pattern: 15883_combined_merged.fastq.gz
[2022-08-05 11:09:24,935] multiqc                                            [DEBUG  ]  File ignored by ccs/v4 because it exceeded search pattern filesize limit: 15883_combined_R1p_fastqc.html
[2022-08-05 11:09:24,944] multiqc                                            [DEBUG  ]  File ignored by hicexplorer because it exceeded search pattern filesize limit: 15883_combined_R1p_fastqc.html
[2022-08-05 11:09:24,945] multiqc                                            [DEBUG  ]  File ignored by nanostat because it exceeded search pattern filesize limit: 15883_combined_R1p_fastqc.html
[2022-08-05 11:09:24,945] multiqc                                            [DEBUG  ]  File ignored by lima/summary because it exceeded search pattern filesize limit: 15883_combined_R1p_fastqc.html
[2022-08-05 11:09:24,966] multiqc                                            [DEBUG  ]  File ignored by vep/vep_txt because it exceeded search pattern filesize limit: 15883_combined_R1p_fastqc.html
[2022-08-05 11:09:24,966] multiqc                                            [DEBUG  ]  File ignored by longranger/invocation because it exceeded search pattern filesize limit: 15883_combined_R1p_fastqc.html
[2022-08-05 11:09:24,966] multiqc                                            [DEBUG  ]  File ignored by rockhopper because it exceeded search pattern filesize limit: 15883_combined_R1p_fastqc.html
[2022-08-05 11:09:24,966] multiqc                                            [DEBUG  ]  File ignored by rseqc/bam_stat because it exceeded search pattern filesize limit: 15883_combined_R1p_fastqc.html
[2022-08-05 11:09:24,966] multiqc                                            [DEBUG  ]  File ignored by rseqc/junction_annotation because it exceeded search pattern filesize limit: 15883_combined_R1p_fastqc.html
[2022-08-05 11:09:24,966] multiqc                                            [DEBUG  ]  File ignored by rseqc/read_distribution because it exceeded search pattern filesize limit: 15883_combined_R1p_fastqc.html
[2022-08-05 11:09:24,966] multiqc                                            [DEBUG  ]  File ignored by rseqc/infer_experiment because it exceeded search pattern filesize limit: 15883_combined_R1p_fastqc.html
[2022-08-05 11:09:25,274] multiqc                                            [DEBUG  ]  Ignoring file as matched an ignore pattern: 15883_combined_R1p.fastq.gz
[2022-08-05 11:09:25,342] multiqc                                            [DEBUG  ]  File ignored by ccs/v4 because it exceeded search pattern filesize limit: 15883_combined_R1R2u_fastqc.html
[2022-08-05 11:09:25,346] multiqc                                            [DEBUG  ]  File ignored by hicexplorer because it exceeded search pattern filesize limit: 15883_combined_R1R2u_fastqc.html
[2022-08-05 11:09:25,346] multiqc                                            [DEBUG  ]  File ignored by nanostat because it exceeded search pattern filesize limit: 15883_combined_R1R2u_fastqc.html
[2022-08-05 11:09:25,347] multiqc                                            [DEBUG  ]  File ignored by lima/summary because it exceeded search pattern filesize limit: 15883_combined_R1R2u_fastqc.html
[2022-08-05 11:09:25,365] multiqc                                            [DEBUG  ]  File ignored by vep/vep_txt because it exceeded search pattern filesize limit: 15883_combined_R1R2u_fastqc.html
[2022-08-05 11:09:25,365] multiqc                                            [DEBUG  ]  File ignored by longranger/invocation because it exceeded search pattern filesize limit: 15883_combined_R1R2u_fastqc.html
[2022-08-05 11:09:25,365] multiqc                                            [DEBUG  ]  File ignored by rockhopper because it exceeded search pattern filesize limit: 15883_combined_R1R2u_fastqc.html
[2022-08-05 11:09:25,365] multiqc                                            [DEBUG  ]  File ignored by rseqc/bam_stat because it exceeded search pattern filesize limit: 15883_combined_R1R2u_fastqc.html
[2022-08-05 11:09:25,365] multiqc                                            [DEBUG  ]  File ignored by rseqc/junction_annotation because it exceeded search pattern filesize limit: 15883_combined_R1R2u_fastqc.html
[2022-08-05 11:09:25,365] multiqc                                            [DEBUG  ]  File ignored by rseqc/read_distribution because it exceeded search pattern filesize limit: 15883_combined_R1R2u_fastqc.html
[2022-08-05 11:09:25,365] multiqc                                            [DEBUG  ]  File ignored by rseqc/infer_experiment because it exceeded search pattern filesize limit: 15883_combined_R1R2u_fastqc.html
[2022-08-05 11:09:25,459] multiqc                                            [DEBUG  ]  Ignoring file as matched an ignore pattern: 15883_combined_R1R2u.fastq.gz
[2022-08-05 11:09:25,557] multiqc                                            [DEBUG  ]  File ignored by ccs/v4 because it exceeded search pattern filesize limit: 15883_combined_R2p_fastqc.html
[2022-08-05 11:09:26,027] multiqc                                            [DEBUG  ]  File ignored by hicexplorer because it exceeded search pattern filesize limit: 15883_combined_R2p_fastqc.html
[2022-08-05 11:09:26,028] multiqc                                            [DEBUG  ]  File ignored by nanostat because it exceeded search pattern filesize limit: 15883_combined_R2p_fastqc.html
[2022-08-05 11:09:26,028] multiqc                                            [DEBUG  ]  File ignored by lima/summary because it exceeded search pattern filesize limit: 15883_combined_R2p_fastqc.html
[2022-08-05 11:09:26,061] multiqc                                            [DEBUG  ]  File ignored by vep/vep_txt because it exceeded search pattern filesize limit: 15883_combined_R2p_fastqc.html
[2022-08-05 11:09:26,061] multiqc                                            [DEBUG  ]  File ignored by longranger/invocation because it exceeded search pattern filesize limit: 15883_combined_R2p_fastqc.html
[2022-08-05 11:09:26,061] multiqc                                            [DEBUG  ]  File ignored by rockhopper because it exceeded search pattern filesize limit: 15883_combined_R2p_fastqc.html
[2022-08-05 11:09:26,061] multiqc                                            [DEBUG  ]  File ignored by rseqc/bam_stat because it exceeded search pattern filesize limit: 15883_combined_R2p_fastqc.html
[2022-08-05 11:09:26,061] multiqc                                            [DEBUG  ]  File ignored by rseqc/junction_annotation because it exceeded search pattern filesize limit: 15883_combined_R2p_fastqc.html
[2022-08-05 11:09:26,061] multiqc                                            [DEBUG  ]  File ignored by rseqc/read_distribution because it exceeded search pattern filesize limit: 15883_combined_R2p_fastqc.html
[2022-08-05 11:09:26,061] multiqc                                            [DEBUG  ]  File ignored by rseqc/infer_experiment because it exceeded search pattern filesize limit: 15883_combined_R2p_fastqc.html
[2022-08-05 11:09:26,142] multiqc                                            [DEBUG  ]  Ignoring file as matched an ignore pattern: 15883_combined_R2p.fastq.gz
[2022-08-05 11:09:26,143] multiqc                                            [DEBUG  ]  Ignoring file as matched an ignore pattern: 15883_QCreads.md5
[2022-08-05 11:09:27,097] multiqc.plots.bargraph                             [DEBUG  ]  Using matplotlib version 3.3.4
[2022-08-05 11:09:27,101] multiqc.plots.linegraph                            [DEBUG  ]  Using matplotlib version 3.3.4
[2022-08-05 11:09:27,103] multiqc                                            [DEBUG  ]  No samples found: custom_content
[2022-08-05 11:09:27,108] multiqc                                            [DEBUG  ]  No samples found: ccs
[2022-08-05 11:09:27,345] multiqc                                            [DEBUG  ]  No samples found: ngsderive
[2022-08-05 11:09:27,349] multiqc                                            [DEBUG  ]  No samples found: purple
[2022-08-05 11:09:27,354] multiqc                                            [DEBUG  ]  No samples found: conpair
[2022-08-05 11:09:27,359] multiqc                                            [DEBUG  ]  No samples found: lima
[2022-08-05 11:09:27,364] multiqc                                            [DEBUG  ]  No samples found: peddy
[2022-08-05 11:09:27,370] multiqc                                            [DEBUG  ]  No samples found: somalier
[2022-08-05 11:09:27,374] multiqc                                            [DEBUG  ]  No samples found: methylQA
[2022-08-05 11:09:27,383] multiqc.modules.mosdepth.mosdepth                  [DEBUG  ]  include_contigs: []
[2022-08-05 11:09:27,383] multiqc.modules.mosdepth.mosdepth                  [DEBUG  ]  exclude_contigs: []
[2022-08-05 11:09:27,383] multiqc                                            [DEBUG  ]  No samples found: mosdepth
[2022-08-05 11:09:27,387] multiqc                                            [DEBUG  ]  No samples found: phantompeakqualtools
[2022-08-05 11:09:27,390] multiqc                                            [DEBUG  ]  No samples found: qualimap
[2022-08-05 11:09:27,396] multiqc                                            [DEBUG  ]  No samples found: preseq
[2022-08-05 11:09:27,402] multiqc                                            [DEBUG  ]  No samples found: quast
[2022-08-05 11:09:27,406] multiqc                                            [DEBUG  ]  No samples found: qorts
[2022-08-05 11:09:27,412] multiqc                                            [DEBUG  ]  No samples found: rna_seqc
[2022-08-05 11:09:27,416] multiqc                                            [DEBUG  ]  No samples found: rockhopper
[2022-08-05 11:09:27,420] multiqc                                            [DEBUG  ]  No samples found: rsem
[2022-08-05 11:09:27,434] multiqc                                            [DEBUG  ]  No samples found: rseqc
[2022-08-05 11:09:27,438] multiqc                                            [DEBUG  ]  No samples found: busco
[2022-08-05 11:09:27,443] multiqc                                            [DEBUG  ]  No samples found: bustools
[2022-08-05 11:09:27,447] multiqc                                            [DEBUG  ]  No samples found: goleft_indexcov
[2022-08-05 11:09:27,452] multiqc                                            [DEBUG  ]  No samples found: gffcompare
[2022-08-05 11:09:27,456] multiqc                                            [DEBUG  ]  No samples found: disambiguate
[2022-08-05 11:09:27,461] multiqc                                            [DEBUG  ]  No samples found: supernova
[2022-08-05 11:09:27,479] multiqc                                            [DEBUG  ]  No samples found: deeptools
[2022-08-05 11:09:27,483] multiqc                                            [DEBUG  ]  No samples found: sargasso
[2022-08-05 11:09:27,488] multiqc                                            [DEBUG  ]  No samples found: verifybamid
[2022-08-05 11:09:27,493] multiqc                                            [DEBUG  ]  No samples found: mirtrace
[2022-08-05 11:09:27,497] multiqc                                            [DEBUG  ]  No samples found: happy
[2022-08-05 11:09:27,502] multiqc                                            [DEBUG  ]  No samples found: mirtop
[2022-08-05 11:09:27,507] multiqc                                            [DEBUG  ]  No samples found: sambamba
[2022-08-05 11:09:27,517] multiqc                                            [DEBUG  ]  No samples found: homer
[2022-08-05 11:09:27,521] multiqc                                            [DEBUG  ]  No samples found: hops
[2022-08-05 11:09:27,525] multiqc                                            [DEBUG  ]  No samples found: macs2
[2022-08-05 11:09:27,529] multiqc                                            [DEBUG  ]  No samples found: theta2
[2022-08-05 11:09:27,534] multiqc                                            [DEBUG  ]  No samples found: snpeff
[2022-08-05 11:09:27,541] multiqc                                            [DEBUG  ]  No samples found: gatk
[2022-08-05 11:09:27,545] multiqc                                            [DEBUG  ]  No samples found: htseq
[2022-08-05 11:09:27,551] multiqc                                            [DEBUG  ]  No samples found: bcftools
[2022-08-05 11:09:27,785] multiqc                                            [DEBUG  ]  No samples found: featureCounts
[2022-08-05 11:09:27,790] multiqc                                            [DEBUG  ]  No samples found: fgbio
[2022-08-05 11:09:27,806] multiqc                                            [DEBUG  ]  No samples found: dragen
[2022-08-05 11:09:27,810] multiqc                                            [DEBUG  ]  No samples found: dedup
[2022-08-05 11:09:27,815] multiqc                                            [DEBUG  ]  No samples found: damageprofiler
[2022-08-05 11:09:28,082] multiqc                                            [DEBUG  ]  No samples found: biobambam2
[2022-08-05 11:09:28,087] multiqc                                            [DEBUG  ]  No samples found: jcvi
[2022-08-05 11:09:28,091] multiqc                                            [DEBUG  ]  No samples found: mtnucratio
[2022-08-05 11:09:28,093] multiqc                                            [DEBUG  ]  No samples found: picard
[2022-08-05 11:09:28,098] multiqc                                            [DEBUG  ]  No samples found: vep
[2022-08-05 11:09:28,106] multiqc                                            [DEBUG  ]  No samples found: sentieon
[2022-08-05 11:09:28,110] multiqc                                            [DEBUG  ]  No samples found: prokka
[2022-08-05 11:09:28,117] multiqc                                            [DEBUG  ]  No samples found: qc3C
[2022-08-05 11:09:28,122] multiqc                                            [DEBUG  ]  No samples found: nanostat
[2022-08-05 11:09:28,126] multiqc                                            [DEBUG  ]  No samples found: samblaster
[2022-08-05 11:09:28,136] multiqc                                            [DEBUG  ]  No samples found: samtools
[2022-08-05 11:09:28,140] multiqc                                            [DEBUG  ]  No samples found: sexdeterrmine
[2022-08-05 11:09:28,144] multiqc                                            [DEBUG  ]  No samples found: eigenstratdatabasetools
[2022-08-05 11:09:28,149] multiqc                                            [DEBUG  ]  No samples found: bamtools
[2022-08-05 11:09:28,153] multiqc                                            [DEBUG  ]  No samples found: jellyfish
[2022-08-05 11:09:28,161] multiqc                                            [DEBUG  ]  No samples found: vcftools
[2022-08-05 11:09:28,166] multiqc                                            [DEBUG  ]  No samples found: longranger
[2022-08-05 11:09:28,170] multiqc                                            [DEBUG  ]  No samples found: stacks
[2022-08-05 11:09:28,175] multiqc                                            [DEBUG  ]  No samples found: varscan2
[2022-08-05 11:09:28,179] multiqc                                            [DEBUG  ]  No samples found: snippy
[2022-08-05 11:09:28,195] multiqc                                            [DEBUG  ]  No samples found: bbmap
[2022-08-05 11:09:28,201] multiqc                                            [DEBUG  ]  No samples found: bismark
[2022-08-05 11:09:28,208] multiqc                                            [DEBUG  ]  No samples found: biscuit
[2022-08-05 11:09:28,213] multiqc                                            [DEBUG  ]  No samples found: hicexplorer
[2022-08-05 11:09:28,218] multiqc                                            [DEBUG  ]  No samples found: hicup
[2022-08-05 11:09:28,223] multiqc                                            [DEBUG  ]  No samples found: hicpro
[2022-08-05 11:09:28,227] multiqc                                            [DEBUG  ]  No samples found: salmon
[2022-08-05 11:09:28,231] multiqc                                            [DEBUG  ]  No samples found: kallisto
[2022-08-05 11:09:28,237] multiqc                                            [DEBUG  ]  No samples found: slamdunk
[2022-08-05 11:09:28,242] multiqc                                            [DEBUG  ]  No samples found: star
[2022-08-05 11:09:28,246] multiqc                                            [DEBUG  ]  No samples found: hisat2
[2022-08-05 11:09:28,480] multiqc                                            [DEBUG  ]  No samples found: tophat
[2022-08-05 11:09:28,485] multiqc                                            [DEBUG  ]  No samples found: bowtie2
[2022-08-05 11:09:28,490] multiqc                                            [DEBUG  ]  No samples found: bowtie1
[2022-08-05 11:09:28,495] multiqc                                            [DEBUG  ]  No samples found: snpsplit
[2022-08-05 11:09:28,732] multiqc                                            [DEBUG  ]  No samples found: odgi
[2022-08-05 11:09:28,737] multiqc                                            [DEBUG  ]  No samples found: pangolin
[2022-08-05 11:09:28,742] multiqc                                            [DEBUG  ]  No samples found: kat
[2022-08-05 11:09:28,746] multiqc                                            [DEBUG  ]  No samples found: leehom
[2022-08-05 11:09:28,753] multiqc                                            [DEBUG  ]  No samples found: adapterRemoval
[2022-08-05 11:09:28,757] multiqc                                            [DEBUG  ]  No samples found: clipandmerge
[2022-08-05 11:09:28,762] multiqc                                            [DEBUG  ]  No samples found: cutadapt
[2022-08-05 11:09:28,767] multiqc                                            [DEBUG  ]  No samples found: flexbar
[2022-08-05 11:09:28,773] multiqc                                            [DEBUG  ]  No samples found: kaiju
[2022-08-05 11:09:28,779] multiqc                                            [DEBUG  ]  No samples found: kraken
[2022-08-05 11:09:28,787] multiqc                                            [DEBUG  ]  No samples found: malt
[2022-08-05 11:09:28,792] multiqc                                            [DEBUG  ]  No samples found: trimmomatic
[2022-08-05 11:09:28,796] multiqc                                            [DEBUG  ]  No samples found: sickle
[2022-08-05 11:09:28,801] multiqc                                            [DEBUG  ]  No samples found: skewer
[2022-08-05 11:09:28,806] multiqc                                            [DEBUG  ]  No samples found: sortmerna
[2022-08-05 11:09:28,810] multiqc                                            [DEBUG  ]  No samples found: biobloomtools
[2022-08-05 11:09:28,816] multiqc                                            [DEBUG  ]  No samples found: fastq_screen
[2022-08-05 11:09:28,820] multiqc                                            [DEBUG  ]  No samples found: afterqc
[2022-08-05 11:09:28,826] multiqc                                            [DEBUG  ]  No samples found: fastp
[2022-08-05 11:09:28,935] multiqc.modules.fastqc.fastqc                      [INFO   ]  Found 4 reports
[2022-08-05 11:09:28,983] multiqc                                            [DEBUG  ]  No samples found: pychopper
[2022-08-05 11:09:28,988] multiqc                                            [DEBUG  ]  No samples found: pycoqc
[2022-08-05 11:09:28,993] multiqc                                            [DEBUG  ]  No samples found: minionqc
[2022-08-05 11:09:28,998] multiqc                                            [DEBUG  ]  No samples found: multivcfanalyzer
[2022-08-05 11:09:29,003] multiqc                                            [DEBUG  ]  No samples found: clusterflow
[2022-08-05 11:09:29,009] multiqc                                            [DEBUG  ]  No samples found: bcl2fastq
[2022-08-05 11:09:29,016] multiqc                                            [DEBUG  ]  No samples found: bclconvert
[2022-08-05 11:09:29,022] multiqc                                            [DEBUG  ]  No samples found: interop
[2022-08-05 11:09:29,026] multiqc                                            [DEBUG  ]  No samples found: ivar
[2022-08-05 11:09:29,031] multiqc                                            [DEBUG  ]  No samples found: flash
[2022-08-05 11:09:29,037] multiqc                                            [DEBUG  ]  No samples found: seqyclean
[2022-08-05 11:09:29,041] multiqc                                            [DEBUG  ]  No samples found: optitype
[2022-08-05 11:09:29,046] multiqc                                            [INFO   ]  Compressing plot data
[2022-08-05 11:09:29,106] multiqc                                            [INFO   ]  Report      : 15883_MGSD_CSIRO.qc.stats/multiqc_report.html
[2022-08-05 11:09:29,106] multiqc                                            [INFO   ]  Data        : 15883_MGSD_CSIRO.qc.stats/multiqc_data
[2022-08-05 11:09:29,106] multiqc                                            [DEBUG  ]  Moving data file from '/tmp/smi9a9.8585884/tmpnrmtclcg/multiqc_data' to '15883_MGSD_CSIRO.qc.stats/multiqc_data'
[2022-08-05 11:09:29,491] multiqc                                            [INFO   ]  MultiQC complete
