[2022-08-05 11:08:34,419] multiqc                                            [DEBUG  ]  This is MultiQC v1.11
[2022-08-05 11:08:34,419] multiqc                                            [DEBUG  ]  No MultiQC config found: /apps/multiqc/1.11/lib/python3.9/site-packages/multiqc_config.yaml
[2022-08-05 11:08:34,419] multiqc                                            [DEBUG  ]  No MultiQC config found: /home/smi9a9/.multiqc_config.yaml
[2022-08-05 11:08:34,433] multiqc                                            [DEBUG  ]  No MultiQC config found: multiqc_config.yaml
[2022-08-05 11:08:34,434] multiqc                                            [DEBUG  ]  Command used: /apps/multiqc/1.11/bin/multiqc ./9444_combined_merged_fastqc.html ./9444_combined_merged_fastqc.zip ./9444_combined_merged.fastq.gz ./9444_combined_R1p_fastqc.html ./9444_combined_R1p_fastqc.zip ./9444_combined_R1p.fastq.gz ./9444_combined_R1R2u_fastqc.html ./9444_combined_R1R2u_fastqc.zip ./9444_combined_R1R2u.fastq.gz ./9444_combined_R2p_fastqc.html ./9444_combined_R2p_fastqc.zip ./9444_combined_R2p.fastq.gz ./9444_QCreads.md5 -o 9444_MGSD_CSIRO.qc.stats
[2022-08-05 11:08:34,436] multiqc                                            [DEBUG  ]  Could not connect to multiqc.info for version check: <urlopen error [Errno 111] Connection refused>
[2022-08-05 11:08:34,437] multiqc                                            [DEBUG  ]  Command     : /apps/multiqc/1.11/bin/multiqc ./9444_combined_merged_fastqc.html ./9444_combined_merged_fastqc.zip ./9444_combined_merged.fastq.gz ./9444_combined_R1p_fastqc.html ./9444_combined_R1p_fastqc.zip ./9444_combined_R1p.fastq.gz ./9444_combined_R1R2u_fastqc.html ./9444_combined_R1R2u_fastqc.zip ./9444_combined_R1R2u.fastq.gz ./9444_combined_R2p_fastqc.html ./9444_combined_R2p_fastqc.zip ./9444_combined_R2p.fastq.gz ./9444_QCreads.md5 -o 9444_MGSD_CSIRO.qc.stats
[2022-08-05 11:08:34,437] multiqc                                            [DEBUG  ]  Working dir : /datasets/work/oa-amd/work/amd/Metagenome_QC_reads
[2022-08-05 11:08:34,437] multiqc                                            [DEBUG  ]  Template    : default
[2022-08-05 11:08:34,437] multiqc                                            [DEBUG  ]  Running Python 3.9.4 (default, Apr 25 2021, 16:13:27)  [GCC 10.3.0]
[2022-08-05 11:08:34,437] multiqc                                            [DEBUG  ]  Analysing modules: custom_content, ccs, ngsderive, purple, conpair, lima, peddy, somalier, methylQA, mosdepth, phantompeakqualtools, qualimap, preseq, quast, qorts, rna_seqc, rockhopper, rsem, rseqc, busco, bustools, goleft_indexcov, gffcompare, disambiguate, supernova, deeptools, sargasso, verifybamid, mirtrace, happy, mirtop, sambamba, homer, hops, macs2, theta2, snpeff, gatk, htseq, bcftools, featureCounts, fgbio, dragen, dedup, damageprofiler, biobambam2, jcvi, mtnucratio, picard, vep, sentieon, prokka, qc3C, nanostat, samblaster, samtools, sexdeterrmine, eigenstratdatabasetools, bamtools, jellyfish, vcftools, longranger, stacks, varscan2, snippy, bbmap, bismark, biscuit, hicexplorer, hicup, hicpro, salmon, kallisto, slamdunk, star, hisat2, tophat, bowtie2, bowtie1, snpsplit, odgi, pangolin, kat, leehom, adapterRemoval, clipandmerge, cutadapt, flexbar, kaiju, kraken, malt, trimmomatic, sickle, skewer, sortmerna, biobloomtools, fastq_screen, afterqc, fastp, fastqc, pychopper, pycoqc, minionqc, multivcfanalyzer, clusterflow, bcl2fastq, bclconvert, interop, ivar, flash, seqyclean, optitype
[2022-08-05 11:08:34,437] multiqc                                            [DEBUG  ]  Using temporary directory for creating report: /tmp/smi9a9.8585304/tmpg1ehclm7
[2022-08-05 11:08:34,498] multiqc                                            [INFO   ]  Search path : /datasets/work/oa-amd/work/amd/Metagenome_QC_reads/9444_combined_merged_fastqc.html
[2022-08-05 11:08:34,499] multiqc                                            [INFO   ]  Search path : /datasets/work/oa-amd/work/amd/Metagenome_QC_reads/9444_combined_merged_fastqc.zip
[2022-08-05 11:08:34,499] multiqc                                            [INFO   ]  Search path : /datasets/work/oa-amd/work/amd/Metagenome_QC_reads/9444_combined_merged.fastq.gz
[2022-08-05 11:08:34,499] multiqc                                            [INFO   ]  Search path : /datasets/work/oa-amd/work/amd/Metagenome_QC_reads/9444_combined_R1p_fastqc.html
[2022-08-05 11:08:34,499] multiqc                                            [INFO   ]  Search path : /datasets/work/oa-amd/work/amd/Metagenome_QC_reads/9444_combined_R1p_fastqc.zip
[2022-08-05 11:08:34,499] multiqc                                            [INFO   ]  Search path : /datasets/work/oa-amd/work/amd/Metagenome_QC_reads/9444_combined_R1p.fastq.gz
[2022-08-05 11:08:34,499] multiqc                                            [INFO   ]  Search path : /datasets/work/oa-amd/work/amd/Metagenome_QC_reads/9444_combined_R1R2u_fastqc.html
[2022-08-05 11:08:34,499] multiqc                                            [INFO   ]  Search path : /datasets/work/oa-amd/work/amd/Metagenome_QC_reads/9444_combined_R1R2u_fastqc.zip
[2022-08-05 11:08:34,499] multiqc                                            [INFO   ]  Search path : /datasets/work/oa-amd/work/amd/Metagenome_QC_reads/9444_combined_R1R2u.fastq.gz
[2022-08-05 11:08:34,499] multiqc                                            [INFO   ]  Search path : /datasets/work/oa-amd/work/amd/Metagenome_QC_reads/9444_combined_R2p_fastqc.html
[2022-08-05 11:08:34,499] multiqc                                            [INFO   ]  Search path : /datasets/work/oa-amd/work/amd/Metagenome_QC_reads/9444_combined_R2p_fastqc.zip
[2022-08-05 11:08:34,499] multiqc                                            [INFO   ]  Search path : /datasets/work/oa-amd/work/amd/Metagenome_QC_reads/9444_combined_R2p.fastq.gz
[2022-08-05 11:08:34,499] multiqc                                            [INFO   ]  Search path : /datasets/work/oa-amd/work/amd/Metagenome_QC_reads/9444_QCreads.md5
[2022-08-05 11:08:35,127] multiqc                                            [DEBUG  ]  File ignored by ccs/v4 because it exceeded search pattern filesize limit: 9444_combined_merged_fastqc.html
[2022-08-05 11:08:35,135] multiqc                                            [DEBUG  ]  File ignored by hicexplorer because it exceeded search pattern filesize limit: 9444_combined_merged_fastqc.html
[2022-08-05 11:08:35,136] multiqc                                            [DEBUG  ]  File ignored by nanostat because it exceeded search pattern filesize limit: 9444_combined_merged_fastqc.html
[2022-08-05 11:08:35,136] multiqc                                            [DEBUG  ]  File ignored by lima/summary because it exceeded search pattern filesize limit: 9444_combined_merged_fastqc.html
[2022-08-05 11:08:35,160] multiqc                                            [DEBUG  ]  File ignored by vep/vep_txt because it exceeded search pattern filesize limit: 9444_combined_merged_fastqc.html
[2022-08-05 11:08:35,160] multiqc                                            [DEBUG  ]  File ignored by longranger/invocation because it exceeded search pattern filesize limit: 9444_combined_merged_fastqc.html
[2022-08-05 11:08:35,160] multiqc                                            [DEBUG  ]  File ignored by rockhopper because it exceeded search pattern filesize limit: 9444_combined_merged_fastqc.html
[2022-08-05 11:08:35,160] multiqc                                            [DEBUG  ]  File ignored by rseqc/bam_stat because it exceeded search pattern filesize limit: 9444_combined_merged_fastqc.html
[2022-08-05 11:08:35,160] multiqc                                            [DEBUG  ]  File ignored by rseqc/junction_annotation because it exceeded search pattern filesize limit: 9444_combined_merged_fastqc.html
[2022-08-05 11:08:35,160] multiqc                                            [DEBUG  ]  File ignored by rseqc/read_distribution because it exceeded search pattern filesize limit: 9444_combined_merged_fastqc.html
[2022-08-05 11:08:35,160] multiqc                                            [DEBUG  ]  File ignored by rseqc/infer_experiment because it exceeded search pattern filesize limit: 9444_combined_merged_fastqc.html
[2022-08-05 11:08:35,844] multiqc                                            [DEBUG  ]  Ignoring file as matched an ignore pattern: 9444_combined_merged.fastq.gz
[2022-08-05 11:08:36,261] multiqc                                            [DEBUG  ]  File ignored by ccs/v4 because it exceeded search pattern filesize limit: 9444_combined_R1p_fastqc.html
[2022-08-05 11:08:36,273] multiqc                                            [DEBUG  ]  File ignored by hicexplorer because it exceeded search pattern filesize limit: 9444_combined_R1p_fastqc.html
[2022-08-05 11:08:36,274] multiqc                                            [DEBUG  ]  File ignored by nanostat because it exceeded search pattern filesize limit: 9444_combined_R1p_fastqc.html
[2022-08-05 11:08:36,274] multiqc                                            [DEBUG  ]  File ignored by lima/summary because it exceeded search pattern filesize limit: 9444_combined_R1p_fastqc.html
[2022-08-05 11:08:36,697] multiqc                                            [DEBUG  ]  File ignored by vep/vep_txt because it exceeded search pattern filesize limit: 9444_combined_R1p_fastqc.html
[2022-08-05 11:08:36,697] multiqc                                            [DEBUG  ]  File ignored by longranger/invocation because it exceeded search pattern filesize limit: 9444_combined_R1p_fastqc.html
[2022-08-05 11:08:36,697] multiqc                                            [DEBUG  ]  File ignored by rockhopper because it exceeded search pattern filesize limit: 9444_combined_R1p_fastqc.html
[2022-08-05 11:08:36,697] multiqc                                            [DEBUG  ]  File ignored by rseqc/bam_stat because it exceeded search pattern filesize limit: 9444_combined_R1p_fastqc.html
[2022-08-05 11:08:36,697] multiqc                                            [DEBUG  ]  File ignored by rseqc/junction_annotation because it exceeded search pattern filesize limit: 9444_combined_R1p_fastqc.html
[2022-08-05 11:08:36,697] multiqc                                            [DEBUG  ]  File ignored by rseqc/read_distribution because it exceeded search pattern filesize limit: 9444_combined_R1p_fastqc.html
[2022-08-05 11:08:36,697] multiqc                                            [DEBUG  ]  File ignored by rseqc/infer_experiment because it exceeded search pattern filesize limit: 9444_combined_R1p_fastqc.html
[2022-08-05 11:08:36,780] multiqc                                            [DEBUG  ]  Ignoring file as matched an ignore pattern: 9444_combined_R1p.fastq.gz
[2022-08-05 11:08:38,310] multiqc                                            [DEBUG  ]  File ignored by ccs/v4 because it exceeded search pattern filesize limit: 9444_combined_R1R2u_fastqc.html
[2022-08-05 11:08:38,318] multiqc                                            [DEBUG  ]  File ignored by hicexplorer because it exceeded search pattern filesize limit: 9444_combined_R1R2u_fastqc.html
[2022-08-05 11:08:38,319] multiqc                                            [DEBUG  ]  File ignored by nanostat because it exceeded search pattern filesize limit: 9444_combined_R1R2u_fastqc.html
[2022-08-05 11:08:38,319] multiqc                                            [DEBUG  ]  File ignored by lima/summary because it exceeded search pattern filesize limit: 9444_combined_R1R2u_fastqc.html
[2022-08-05 11:08:38,588] multiqc                                            [DEBUG  ]  File ignored by vep/vep_txt because it exceeded search pattern filesize limit: 9444_combined_R1R2u_fastqc.html
[2022-08-05 11:08:38,588] multiqc                                            [DEBUG  ]  File ignored by longranger/invocation because it exceeded search pattern filesize limit: 9444_combined_R1R2u_fastqc.html
[2022-08-05 11:08:38,588] multiqc                                            [DEBUG  ]  File ignored by rockhopper because it exceeded search pattern filesize limit: 9444_combined_R1R2u_fastqc.html
[2022-08-05 11:08:38,588] multiqc                                            [DEBUG  ]  File ignored by rseqc/bam_stat because it exceeded search pattern filesize limit: 9444_combined_R1R2u_fastqc.html
[2022-08-05 11:08:38,588] multiqc                                            [DEBUG  ]  File ignored by rseqc/junction_annotation because it exceeded search pattern filesize limit: 9444_combined_R1R2u_fastqc.html
[2022-08-05 11:08:38,588] multiqc                                            [DEBUG  ]  File ignored by rseqc/read_distribution because it exceeded search pattern filesize limit: 9444_combined_R1R2u_fastqc.html
[2022-08-05 11:08:38,588] multiqc                                            [DEBUG  ]  File ignored by rseqc/infer_experiment because it exceeded search pattern filesize limit: 9444_combined_R1R2u_fastqc.html
[2022-08-05 11:08:38,902] multiqc                                            [DEBUG  ]  Ignoring file as matched an ignore pattern: 9444_combined_R1R2u.fastq.gz
[2022-08-05 11:08:39,043] multiqc                                            [DEBUG  ]  File ignored by ccs/v4 because it exceeded search pattern filesize limit: 9444_combined_R2p_fastqc.html
[2022-08-05 11:08:39,053] multiqc                                            [DEBUG  ]  File ignored by hicexplorer because it exceeded search pattern filesize limit: 9444_combined_R2p_fastqc.html
[2022-08-05 11:08:39,054] multiqc                                            [DEBUG  ]  File ignored by nanostat because it exceeded search pattern filesize limit: 9444_combined_R2p_fastqc.html
[2022-08-05 11:08:39,054] multiqc                                            [DEBUG  ]  File ignored by lima/summary because it exceeded search pattern filesize limit: 9444_combined_R2p_fastqc.html
[2022-08-05 11:08:39,320] multiqc                                            [DEBUG  ]  File ignored by vep/vep_txt because it exceeded search pattern filesize limit: 9444_combined_R2p_fastqc.html
[2022-08-05 11:08:39,320] multiqc                                            [DEBUG  ]  File ignored by longranger/invocation because it exceeded search pattern filesize limit: 9444_combined_R2p_fastqc.html
[2022-08-05 11:08:39,320] multiqc                                            [DEBUG  ]  File ignored by rockhopper because it exceeded search pattern filesize limit: 9444_combined_R2p_fastqc.html
[2022-08-05 11:08:39,320] multiqc                                            [DEBUG  ]  File ignored by rseqc/bam_stat because it exceeded search pattern filesize limit: 9444_combined_R2p_fastqc.html
[2022-08-05 11:08:39,320] multiqc                                            [DEBUG  ]  File ignored by rseqc/junction_annotation because it exceeded search pattern filesize limit: 9444_combined_R2p_fastqc.html
[2022-08-05 11:08:39,320] multiqc                                            [DEBUG  ]  File ignored by rseqc/read_distribution because it exceeded search pattern filesize limit: 9444_combined_R2p_fastqc.html
[2022-08-05 11:08:39,320] multiqc                                            [DEBUG  ]  File ignored by rseqc/infer_experiment because it exceeded search pattern filesize limit: 9444_combined_R2p_fastqc.html
[2022-08-05 11:08:39,423] multiqc                                            [DEBUG  ]  Ignoring file as matched an ignore pattern: 9444_combined_R2p.fastq.gz
[2022-08-05 11:08:39,424] multiqc                                            [DEBUG  ]  Ignoring file as matched an ignore pattern: 9444_QCreads.md5
[2022-08-05 11:08:41,566] multiqc.plots.bargraph                             [DEBUG  ]  Using matplotlib version 3.3.4
[2022-08-05 11:08:41,570] multiqc.plots.linegraph                            [DEBUG  ]  Using matplotlib version 3.3.4
[2022-08-05 11:08:41,573] multiqc                                            [DEBUG  ]  No samples found: custom_content
[2022-08-05 11:08:41,578] multiqc                                            [DEBUG  ]  No samples found: ccs
[2022-08-05 11:08:41,584] multiqc                                            [DEBUG  ]  No samples found: ngsderive
[2022-08-05 11:08:41,589] multiqc                                            [DEBUG  ]  No samples found: purple
[2022-08-05 11:08:41,593] multiqc                                            [DEBUG  ]  No samples found: conpair
[2022-08-05 11:08:41,599] multiqc                                            [DEBUG  ]  No samples found: lima
[2022-08-05 11:08:41,604] multiqc                                            [DEBUG  ]  No samples found: peddy
[2022-08-05 11:08:41,611] multiqc                                            [DEBUG  ]  No samples found: somalier
[2022-08-05 11:08:41,616] multiqc                                            [DEBUG  ]  No samples found: methylQA
[2022-08-05 11:08:41,626] multiqc.modules.mosdepth.mosdepth                  [DEBUG  ]  include_contigs: []
[2022-08-05 11:08:41,626] multiqc.modules.mosdepth.mosdepth                  [DEBUG  ]  exclude_contigs: []
[2022-08-05 11:08:41,626] multiqc                                            [DEBUG  ]  No samples found: mosdepth
[2022-08-05 11:08:41,630] multiqc                                            [DEBUG  ]  No samples found: phantompeakqualtools
[2022-08-05 11:08:41,634] multiqc                                            [DEBUG  ]  No samples found: qualimap
[2022-08-05 11:08:41,640] multiqc                                            [DEBUG  ]  No samples found: preseq
[2022-08-05 11:08:41,645] multiqc                                            [DEBUG  ]  No samples found: quast
[2022-08-05 11:08:41,654] multiqc                                            [DEBUG  ]  No samples found: qorts
[2022-08-05 11:08:41,660] multiqc                                            [DEBUG  ]  No samples found: rna_seqc
[2022-08-05 11:08:41,665] multiqc                                            [DEBUG  ]  No samples found: rockhopper
[2022-08-05 11:08:41,670] multiqc                                            [DEBUG  ]  No samples found: rsem
[2022-08-05 11:08:41,919] multiqc                                            [DEBUG  ]  No samples found: rseqc
[2022-08-05 11:08:41,924] multiqc                                            [DEBUG  ]  No samples found: busco
[2022-08-05 11:08:41,929] multiqc                                            [DEBUG  ]  No samples found: bustools
[2022-08-05 11:08:41,934] multiqc                                            [DEBUG  ]  No samples found: goleft_indexcov
[2022-08-05 11:08:41,940] multiqc                                            [DEBUG  ]  No samples found: gffcompare
[2022-08-05 11:08:41,945] multiqc                                            [DEBUG  ]  No samples found: disambiguate
[2022-08-05 11:08:41,952] multiqc                                            [DEBUG  ]  No samples found: supernova
[2022-08-05 11:08:42,431] multiqc                                            [DEBUG  ]  No samples found: deeptools
[2022-08-05 11:08:42,436] multiqc                                            [DEBUG  ]  No samples found: sargasso
[2022-08-05 11:08:42,441] multiqc                                            [DEBUG  ]  No samples found: verifybamid
[2022-08-05 11:08:42,447] multiqc                                            [DEBUG  ]  No samples found: mirtrace
[2022-08-05 11:08:42,452] multiqc                                            [DEBUG  ]  No samples found: happy
[2022-08-05 11:08:42,458] multiqc                                            [DEBUG  ]  No samples found: mirtop
[2022-08-05 11:08:42,464] multiqc                                            [DEBUG  ]  No samples found: sambamba
[2022-08-05 11:08:42,473] multiqc                                            [DEBUG  ]  No samples found: homer
[2022-08-05 11:08:42,477] multiqc                                            [DEBUG  ]  No samples found: hops
[2022-08-05 11:08:42,713] multiqc                                            [DEBUG  ]  No samples found: macs2
[2022-08-05 11:08:42,717] multiqc                                            [DEBUG  ]  No samples found: theta2
[2022-08-05 11:08:42,723] multiqc                                            [DEBUG  ]  No samples found: snpeff
[2022-08-05 11:08:42,732] multiqc                                            [DEBUG  ]  No samples found: gatk
[2022-08-05 11:08:42,737] multiqc                                            [DEBUG  ]  No samples found: htseq
[2022-08-05 11:08:42,743] multiqc                                            [DEBUG  ]  No samples found: bcftools
[2022-08-05 11:08:42,978] multiqc                                            [DEBUG  ]  No samples found: featureCounts
[2022-08-05 11:08:43,218] multiqc                                            [DEBUG  ]  No samples found: fgbio
[2022-08-05 11:08:43,287] multiqc                                            [DEBUG  ]  No samples found: dragen
[2022-08-05 11:08:43,292] multiqc                                            [DEBUG  ]  No samples found: dedup
[2022-08-05 11:08:43,298] multiqc                                            [DEBUG  ]  No samples found: damageprofiler
[2022-08-05 11:08:43,580] multiqc                                            [DEBUG  ]  No samples found: biobambam2
[2022-08-05 11:08:43,587] multiqc                                            [DEBUG  ]  No samples found: jcvi
[2022-08-05 11:08:43,593] multiqc                                            [DEBUG  ]  No samples found: mtnucratio
[2022-08-05 11:08:43,595] multiqc                                            [DEBUG  ]  No samples found: picard
[2022-08-05 11:08:43,601] multiqc                                            [DEBUG  ]  No samples found: vep
[2022-08-05 11:08:43,612] multiqc                                            [DEBUG  ]  No samples found: sentieon
[2022-08-05 11:08:43,620] multiqc                                            [DEBUG  ]  No samples found: prokka
[2022-08-05 11:08:43,629] multiqc                                            [DEBUG  ]  No samples found: qc3C
[2022-08-05 11:08:43,866] multiqc                                            [DEBUG  ]  No samples found: nanostat
[2022-08-05 11:08:43,871] multiqc                                            [DEBUG  ]  No samples found: samblaster
[2022-08-05 11:08:43,884] multiqc                                            [DEBUG  ]  No samples found: samtools
[2022-08-05 11:08:44,120] multiqc                                            [DEBUG  ]  No samples found: sexdeterrmine
[2022-08-05 11:08:44,125] multiqc                                            [DEBUG  ]  No samples found: eigenstratdatabasetools
[2022-08-05 11:08:44,132] multiqc                                            [DEBUG  ]  No samples found: bamtools
[2022-08-05 11:08:44,138] multiqc                                            [DEBUG  ]  No samples found: jellyfish
[2022-08-05 11:08:44,148] multiqc                                            [DEBUG  ]  No samples found: vcftools
[2022-08-05 11:08:44,155] multiqc                                            [DEBUG  ]  No samples found: longranger
[2022-08-05 11:08:44,161] multiqc                                            [DEBUG  ]  No samples found: stacks
[2022-08-05 11:08:44,397] multiqc                                            [DEBUG  ]  No samples found: varscan2
[2022-08-05 11:08:44,402] multiqc                                            [DEBUG  ]  No samples found: snippy
[2022-08-05 11:08:44,426] multiqc                                            [DEBUG  ]  No samples found: bbmap
[2022-08-05 11:08:44,432] multiqc                                            [DEBUG  ]  No samples found: bismark
[2022-08-05 11:08:44,441] multiqc                                            [DEBUG  ]  No samples found: biscuit
[2022-08-05 11:08:44,677] multiqc                                            [DEBUG  ]  No samples found: hicexplorer
[2022-08-05 11:08:44,683] multiqc                                            [DEBUG  ]  No samples found: hicup
[2022-08-05 11:08:44,918] multiqc                                            [DEBUG  ]  No samples found: hicpro
[2022-08-05 11:08:44,923] multiqc                                            [DEBUG  ]  No samples found: salmon
[2022-08-05 11:08:44,928] multiqc                                            [DEBUG  ]  No samples found: kallisto
[2022-08-05 11:08:44,934] multiqc                                            [DEBUG  ]  No samples found: slamdunk
[2022-08-05 11:08:44,940] multiqc                                            [DEBUG  ]  No samples found: star
[2022-08-05 11:08:44,945] multiqc                                            [DEBUG  ]  No samples found: hisat2
[2022-08-05 11:08:44,950] multiqc                                            [DEBUG  ]  No samples found: tophat
[2022-08-05 11:08:44,956] multiqc                                            [DEBUG  ]  No samples found: bowtie2
[2022-08-05 11:08:45,191] multiqc                                            [DEBUG  ]  No samples found: bowtie1
[2022-08-05 11:08:45,197] multiqc                                            [DEBUG  ]  No samples found: snpsplit
[2022-08-05 11:08:45,433] multiqc                                            [DEBUG  ]  No samples found: odgi
[2022-08-05 11:08:45,438] multiqc                                            [DEBUG  ]  No samples found: pangolin
[2022-08-05 11:08:45,442] multiqc                                            [DEBUG  ]  No samples found: kat
[2022-08-05 11:08:45,446] multiqc                                            [DEBUG  ]  No samples found: leehom
[2022-08-05 11:08:45,452] multiqc                                            [DEBUG  ]  No samples found: adapterRemoval
[2022-08-05 11:08:45,456] multiqc                                            [DEBUG  ]  No samples found: clipandmerge
[2022-08-05 11:08:45,463] multiqc                                            [DEBUG  ]  No samples found: cutadapt
[2022-08-05 11:08:45,468] multiqc                                            [DEBUG  ]  No samples found: flexbar
[2022-08-05 11:08:45,473] multiqc                                            [DEBUG  ]  No samples found: kaiju
[2022-08-05 11:08:45,479] multiqc                                            [DEBUG  ]  No samples found: kraken
[2022-08-05 11:08:45,484] multiqc                                            [DEBUG  ]  No samples found: malt
[2022-08-05 11:08:45,489] multiqc                                            [DEBUG  ]  No samples found: trimmomatic
[2022-08-05 11:08:45,494] multiqc                                            [DEBUG  ]  No samples found: sickle
[2022-08-05 11:08:45,499] multiqc                                            [DEBUG  ]  No samples found: skewer
[2022-08-05 11:08:45,504] multiqc                                            [DEBUG  ]  No samples found: sortmerna
[2022-08-05 11:08:45,970] multiqc                                            [DEBUG  ]  No samples found: biobloomtools
[2022-08-05 11:08:45,977] multiqc                                            [DEBUG  ]  No samples found: fastq_screen
[2022-08-05 11:08:45,983] multiqc                                            [DEBUG  ]  No samples found: afterqc
[2022-08-05 11:08:45,989] multiqc                                            [DEBUG  ]  No samples found: fastp
[2022-08-05 11:08:47,187] multiqc.modules.fastqc.fastqc                      [INFO   ]  Found 4 reports
[2022-08-05 11:08:47,236] multiqc                                            [DEBUG  ]  No samples found: pychopper
[2022-08-05 11:08:47,241] multiqc                                            [DEBUG  ]  No samples found: pycoqc
[2022-08-05 11:08:47,246] multiqc                                            [DEBUG  ]  No samples found: minionqc
[2022-08-05 11:08:47,252] multiqc                                            [DEBUG  ]  No samples found: multivcfanalyzer
[2022-08-05 11:08:47,257] multiqc                                            [DEBUG  ]  No samples found: clusterflow
[2022-08-05 11:08:47,266] multiqc                                            [DEBUG  ]  No samples found: bcl2fastq
[2022-08-05 11:08:47,274] multiqc                                            [DEBUG  ]  No samples found: bclconvert
[2022-08-05 11:08:47,280] multiqc                                            [DEBUG  ]  No samples found: interop
[2022-08-05 11:08:47,285] multiqc                                            [DEBUG  ]  No samples found: ivar
[2022-08-05 11:08:47,291] multiqc                                            [DEBUG  ]  No samples found: flash
[2022-08-05 11:08:47,296] multiqc                                            [DEBUG  ]  No samples found: seqyclean
[2022-08-05 11:08:47,301] multiqc                                            [DEBUG  ]  No samples found: optitype
[2022-08-05 11:08:47,305] multiqc                                            [INFO   ]  Compressing plot data
[2022-08-05 11:08:47,373] multiqc                                            [INFO   ]  Report      : 9444_MGSD_CSIRO.qc.stats/multiqc_report.html
[2022-08-05 11:08:47,373] multiqc                                            [INFO   ]  Data        : 9444_MGSD_CSIRO.qc.stats/multiqc_data
[2022-08-05 11:08:47,373] multiqc                                            [DEBUG  ]  Moving data file from '/tmp/smi9a9.8585304/tmpg1ehclm7/multiqc_data' to '9444_MGSD_CSIRO.qc.stats/multiqc_data'
[2022-08-05 11:08:47,770] multiqc                                            [INFO   ]  MultiQC complete
