[2022-08-05 11:12:24,514] multiqc                                            [DEBUG  ]  This is MultiQC v1.11
[2022-08-05 11:12:24,514] multiqc                                            [DEBUG  ]  No MultiQC config found: /apps/multiqc/1.11/lib/python3.9/site-packages/multiqc_config.yaml
[2022-08-05 11:12:24,514] multiqc                                            [DEBUG  ]  No MultiQC config found: /home/smi9a9/.multiqc_config.yaml
[2022-08-05 11:12:26,901] multiqc                                            [DEBUG  ]  No MultiQC config found: multiqc_config.yaml
[2022-08-05 11:12:26,901] multiqc                                            [DEBUG  ]  Command used: /apps/multiqc/1.11/bin/multiqc ./9458_combined_merged_fastqc.html ./9458_combined_merged_fastqc.zip ./9458_combined_merged.fastq.gz ./9458_combined_R1p_fastqc.html ./9458_combined_R1p_fastqc.zip ./9458_combined_R1p.fastq.gz ./9458_combined_R1R2u_fastqc.html ./9458_combined_R1R2u_fastqc.zip ./9458_combined_R1R2u.fastq.gz ./9458_combined_R2p_fastqc.html ./9458_combined_R2p_fastqc.zip ./9458_combined_R2p.fastq.gz ./9458_QCreads.md5 -o 9458_MGSD_CSIRO.qc.stats
[2022-08-05 11:12:26,903] multiqc                                            [DEBUG  ]  Could not connect to multiqc.info for version check: <urlopen error [Errno 111] Connection refused>
[2022-08-05 11:12:26,903] multiqc                                            [DEBUG  ]  Command     : /apps/multiqc/1.11/bin/multiqc ./9458_combined_merged_fastqc.html ./9458_combined_merged_fastqc.zip ./9458_combined_merged.fastq.gz ./9458_combined_R1p_fastqc.html ./9458_combined_R1p_fastqc.zip ./9458_combined_R1p.fastq.gz ./9458_combined_R1R2u_fastqc.html ./9458_combined_R1R2u_fastqc.zip ./9458_combined_R1R2u.fastq.gz ./9458_combined_R2p_fastqc.html ./9458_combined_R2p_fastqc.zip ./9458_combined_R2p.fastq.gz ./9458_QCreads.md5 -o 9458_MGSD_CSIRO.qc.stats
[2022-08-05 11:12:26,904] multiqc                                            [DEBUG  ]  Working dir : /datasets/work/oa-amd/work/amd/Metagenome_QC_reads
[2022-08-05 11:12:26,904] multiqc                                            [DEBUG  ]  Template    : default
[2022-08-05 11:12:26,904] multiqc                                            [DEBUG  ]  Running Python 3.9.4 (default, Apr 25 2021, 16:13:27)  [GCC 10.3.0]
[2022-08-05 11:12:26,904] multiqc                                            [DEBUG  ]  Analysing modules: custom_content, ccs, ngsderive, purple, conpair, lima, peddy, somalier, methylQA, mosdepth, phantompeakqualtools, qualimap, preseq, quast, qorts, rna_seqc, rockhopper, rsem, rseqc, busco, bustools, goleft_indexcov, gffcompare, disambiguate, supernova, deeptools, sargasso, verifybamid, mirtrace, happy, mirtop, sambamba, homer, hops, macs2, theta2, snpeff, gatk, htseq, bcftools, featureCounts, fgbio, dragen, dedup, damageprofiler, biobambam2, jcvi, mtnucratio, picard, vep, sentieon, prokka, qc3C, nanostat, samblaster, samtools, sexdeterrmine, eigenstratdatabasetools, bamtools, jellyfish, vcftools, longranger, stacks, varscan2, snippy, bbmap, bismark, biscuit, hicexplorer, hicup, hicpro, salmon, kallisto, slamdunk, star, hisat2, tophat, bowtie2, bowtie1, snpsplit, odgi, pangolin, kat, leehom, adapterRemoval, clipandmerge, cutadapt, flexbar, kaiju, kraken, malt, trimmomatic, sickle, skewer, sortmerna, biobloomtools, fastq_screen, afterqc, fastp, fastqc, pychopper, pycoqc, minionqc, multivcfanalyzer, clusterflow, bcl2fastq, bclconvert, interop, ivar, flash, seqyclean, optitype
[2022-08-05 11:12:26,904] multiqc                                            [DEBUG  ]  Using temporary directory for creating report: /tmp/smi9a9.8586180/tmp80ufdp2s
[2022-08-05 11:12:26,966] multiqc                                            [INFO   ]  Search path : /datasets/work/oa-amd/work/amd/Metagenome_QC_reads/9458_combined_merged_fastqc.html
[2022-08-05 11:12:26,966] multiqc                                            [INFO   ]  Search path : /datasets/work/oa-amd/work/amd/Metagenome_QC_reads/9458_combined_merged_fastqc.zip
[2022-08-05 11:12:26,966] multiqc                                            [INFO   ]  Search path : /datasets/work/oa-amd/work/amd/Metagenome_QC_reads/9458_combined_merged.fastq.gz
[2022-08-05 11:12:26,966] multiqc                                            [INFO   ]  Search path : /datasets/work/oa-amd/work/amd/Metagenome_QC_reads/9458_combined_R1p_fastqc.html
[2022-08-05 11:12:26,966] multiqc                                            [INFO   ]  Search path : /datasets/work/oa-amd/work/amd/Metagenome_QC_reads/9458_combined_R1p_fastqc.zip
[2022-08-05 11:12:26,966] multiqc                                            [INFO   ]  Search path : /datasets/work/oa-amd/work/amd/Metagenome_QC_reads/9458_combined_R1p.fastq.gz
[2022-08-05 11:12:26,966] multiqc                                            [INFO   ]  Search path : /datasets/work/oa-amd/work/amd/Metagenome_QC_reads/9458_combined_R1R2u_fastqc.html
[2022-08-05 11:12:26,966] multiqc                                            [INFO   ]  Search path : /datasets/work/oa-amd/work/amd/Metagenome_QC_reads/9458_combined_R1R2u_fastqc.zip
[2022-08-05 11:12:26,966] multiqc                                            [INFO   ]  Search path : /datasets/work/oa-amd/work/amd/Metagenome_QC_reads/9458_combined_R1R2u.fastq.gz
[2022-08-05 11:12:26,966] multiqc                                            [INFO   ]  Search path : /datasets/work/oa-amd/work/amd/Metagenome_QC_reads/9458_combined_R2p_fastqc.html
[2022-08-05 11:12:26,966] multiqc                                            [INFO   ]  Search path : /datasets/work/oa-amd/work/amd/Metagenome_QC_reads/9458_combined_R2p_fastqc.zip
[2022-08-05 11:12:26,966] multiqc                                            [INFO   ]  Search path : /datasets/work/oa-amd/work/amd/Metagenome_QC_reads/9458_combined_R2p.fastq.gz
[2022-08-05 11:12:26,966] multiqc                                            [INFO   ]  Search path : /datasets/work/oa-amd/work/amd/Metagenome_QC_reads/9458_QCreads.md5
[2022-08-05 11:12:27,826] multiqc                                            [DEBUG  ]  File ignored by ccs/v4 because it exceeded search pattern filesize limit: 9458_combined_merged_fastqc.html
[2022-08-05 11:12:27,844] multiqc                                            [DEBUG  ]  File ignored by hicexplorer because it exceeded search pattern filesize limit: 9458_combined_merged_fastqc.html
[2022-08-05 11:12:27,847] multiqc                                            [DEBUG  ]  File ignored by nanostat because it exceeded search pattern filesize limit: 9458_combined_merged_fastqc.html
[2022-08-05 11:12:27,847] multiqc                                            [DEBUG  ]  File ignored by lima/summary because it exceeded search pattern filesize limit: 9458_combined_merged_fastqc.html
[2022-08-05 11:12:27,892] multiqc                                            [DEBUG  ]  File ignored by vep/vep_txt because it exceeded search pattern filesize limit: 9458_combined_merged_fastqc.html
[2022-08-05 11:12:27,892] multiqc                                            [DEBUG  ]  File ignored by longranger/invocation because it exceeded search pattern filesize limit: 9458_combined_merged_fastqc.html
[2022-08-05 11:12:27,892] multiqc                                            [DEBUG  ]  File ignored by rockhopper because it exceeded search pattern filesize limit: 9458_combined_merged_fastqc.html
[2022-08-05 11:12:27,892] multiqc                                            [DEBUG  ]  File ignored by rseqc/bam_stat because it exceeded search pattern filesize limit: 9458_combined_merged_fastqc.html
[2022-08-05 11:12:27,892] multiqc                                            [DEBUG  ]  File ignored by rseqc/junction_annotation because it exceeded search pattern filesize limit: 9458_combined_merged_fastqc.html
[2022-08-05 11:12:27,892] multiqc                                            [DEBUG  ]  File ignored by rseqc/read_distribution because it exceeded search pattern filesize limit: 9458_combined_merged_fastqc.html
[2022-08-05 11:12:27,892] multiqc                                            [DEBUG  ]  File ignored by rseqc/infer_experiment because it exceeded search pattern filesize limit: 9458_combined_merged_fastqc.html
[2022-08-05 11:12:28,908] multiqc                                            [DEBUG  ]  Ignoring file as matched an ignore pattern: 9458_combined_merged.fastq.gz
[2022-08-05 11:12:28,994] multiqc                                            [DEBUG  ]  File ignored by ccs/v4 because it exceeded search pattern filesize limit: 9458_combined_R1p_fastqc.html
[2022-08-05 11:12:29,001] multiqc                                            [DEBUG  ]  File ignored by hicexplorer because it exceeded search pattern filesize limit: 9458_combined_R1p_fastqc.html
[2022-08-05 11:12:29,002] multiqc                                            [DEBUG  ]  File ignored by nanostat because it exceeded search pattern filesize limit: 9458_combined_R1p_fastqc.html
[2022-08-05 11:12:29,003] multiqc                                            [DEBUG  ]  File ignored by lima/summary because it exceeded search pattern filesize limit: 9458_combined_R1p_fastqc.html
[2022-08-05 11:12:29,027] multiqc                                            [DEBUG  ]  File ignored by vep/vep_txt because it exceeded search pattern filesize limit: 9458_combined_R1p_fastqc.html
[2022-08-05 11:12:29,027] multiqc                                            [DEBUG  ]  File ignored by longranger/invocation because it exceeded search pattern filesize limit: 9458_combined_R1p_fastqc.html
[2022-08-05 11:12:29,027] multiqc                                            [DEBUG  ]  File ignored by rockhopper because it exceeded search pattern filesize limit: 9458_combined_R1p_fastqc.html
[2022-08-05 11:12:29,027] multiqc                                            [DEBUG  ]  File ignored by rseqc/bam_stat because it exceeded search pattern filesize limit: 9458_combined_R1p_fastqc.html
[2022-08-05 11:12:29,027] multiqc                                            [DEBUG  ]  File ignored by rseqc/junction_annotation because it exceeded search pattern filesize limit: 9458_combined_R1p_fastqc.html
[2022-08-05 11:12:29,027] multiqc                                            [DEBUG  ]  File ignored by rseqc/read_distribution because it exceeded search pattern filesize limit: 9458_combined_R1p_fastqc.html
[2022-08-05 11:12:29,027] multiqc                                            [DEBUG  ]  File ignored by rseqc/infer_experiment because it exceeded search pattern filesize limit: 9458_combined_R1p_fastqc.html
[2022-08-05 11:12:29,116] multiqc                                            [DEBUG  ]  Ignoring file as matched an ignore pattern: 9458_combined_R1p.fastq.gz
[2022-08-05 11:12:29,420] multiqc                                            [DEBUG  ]  File ignored by ccs/v4 because it exceeded search pattern filesize limit: 9458_combined_R1R2u_fastqc.html
[2022-08-05 11:12:29,445] multiqc                                            [DEBUG  ]  File ignored by hicexplorer because it exceeded search pattern filesize limit: 9458_combined_R1R2u_fastqc.html
[2022-08-05 11:12:29,448] multiqc                                            [DEBUG  ]  File ignored by nanostat because it exceeded search pattern filesize limit: 9458_combined_R1R2u_fastqc.html
[2022-08-05 11:12:29,448] multiqc                                            [DEBUG  ]  File ignored by lima/summary because it exceeded search pattern filesize limit: 9458_combined_R1R2u_fastqc.html
[2022-08-05 11:12:29,480] multiqc                                            [DEBUG  ]  File ignored by vep/vep_txt because it exceeded search pattern filesize limit: 9458_combined_R1R2u_fastqc.html
[2022-08-05 11:12:29,480] multiqc                                            [DEBUG  ]  File ignored by longranger/invocation because it exceeded search pattern filesize limit: 9458_combined_R1R2u_fastqc.html
[2022-08-05 11:12:29,480] multiqc                                            [DEBUG  ]  File ignored by rockhopper because it exceeded search pattern filesize limit: 9458_combined_R1R2u_fastqc.html
[2022-08-05 11:12:29,480] multiqc                                            [DEBUG  ]  File ignored by rseqc/bam_stat because it exceeded search pattern filesize limit: 9458_combined_R1R2u_fastqc.html
[2022-08-05 11:12:29,480] multiqc                                            [DEBUG  ]  File ignored by rseqc/junction_annotation because it exceeded search pattern filesize limit: 9458_combined_R1R2u_fastqc.html
[2022-08-05 11:12:29,480] multiqc                                            [DEBUG  ]  File ignored by rseqc/read_distribution because it exceeded search pattern filesize limit: 9458_combined_R1R2u_fastqc.html
[2022-08-05 11:12:29,480] multiqc                                            [DEBUG  ]  File ignored by rseqc/infer_experiment because it exceeded search pattern filesize limit: 9458_combined_R1R2u_fastqc.html
[2022-08-05 11:12:29,745] multiqc                                            [DEBUG  ]  Ignoring file as matched an ignore pattern: 9458_combined_R1R2u.fastq.gz
[2022-08-05 11:12:29,873] multiqc                                            [DEBUG  ]  File ignored by ccs/v4 because it exceeded search pattern filesize limit: 9458_combined_R2p_fastqc.html
[2022-08-05 11:12:29,882] multiqc                                            [DEBUG  ]  File ignored by hicexplorer because it exceeded search pattern filesize limit: 9458_combined_R2p_fastqc.html
[2022-08-05 11:12:29,883] multiqc                                            [DEBUG  ]  File ignored by nanostat because it exceeded search pattern filesize limit: 9458_combined_R2p_fastqc.html
[2022-08-05 11:12:29,883] multiqc                                            [DEBUG  ]  File ignored by lima/summary because it exceeded search pattern filesize limit: 9458_combined_R2p_fastqc.html
[2022-08-05 11:12:29,906] multiqc                                            [DEBUG  ]  File ignored by vep/vep_txt because it exceeded search pattern filesize limit: 9458_combined_R2p_fastqc.html
[2022-08-05 11:12:29,906] multiqc                                            [DEBUG  ]  File ignored by longranger/invocation because it exceeded search pattern filesize limit: 9458_combined_R2p_fastqc.html
[2022-08-05 11:12:29,906] multiqc                                            [DEBUG  ]  File ignored by rockhopper because it exceeded search pattern filesize limit: 9458_combined_R2p_fastqc.html
[2022-08-05 11:12:29,906] multiqc                                            [DEBUG  ]  File ignored by rseqc/bam_stat because it exceeded search pattern filesize limit: 9458_combined_R2p_fastqc.html
[2022-08-05 11:12:29,907] multiqc                                            [DEBUG  ]  File ignored by rseqc/junction_annotation because it exceeded search pattern filesize limit: 9458_combined_R2p_fastqc.html
[2022-08-05 11:12:29,907] multiqc                                            [DEBUG  ]  File ignored by rseqc/read_distribution because it exceeded search pattern filesize limit: 9458_combined_R2p_fastqc.html
[2022-08-05 11:12:29,907] multiqc                                            [DEBUG  ]  File ignored by rseqc/infer_experiment because it exceeded search pattern filesize limit: 9458_combined_R2p_fastqc.html
[2022-08-05 11:12:30,064] multiqc                                            [DEBUG  ]  Ignoring file as matched an ignore pattern: 9458_combined_R2p.fastq.gz
[2022-08-05 11:12:30,093] multiqc                                            [DEBUG  ]  Ignoring file as matched an ignore pattern: 9458_QCreads.md5
[2022-08-05 11:12:35,903] multiqc.plots.bargraph                             [DEBUG  ]  Using matplotlib version 3.3.4
[2022-08-05 11:12:35,908] multiqc.plots.linegraph                            [DEBUG  ]  Using matplotlib version 3.3.4
[2022-08-05 11:12:35,912] multiqc                                            [DEBUG  ]  No samples found: custom_content
[2022-08-05 11:12:35,917] multiqc                                            [DEBUG  ]  No samples found: ccs
[2022-08-05 11:12:35,923] multiqc                                            [DEBUG  ]  No samples found: ngsderive
[2022-08-05 11:12:35,927] multiqc                                            [DEBUG  ]  No samples found: purple
[2022-08-05 11:12:35,931] multiqc                                            [DEBUG  ]  No samples found: conpair
[2022-08-05 11:12:35,937] multiqc                                            [DEBUG  ]  No samples found: lima
[2022-08-05 11:12:35,942] multiqc                                            [DEBUG  ]  No samples found: peddy
[2022-08-05 11:12:35,948] multiqc                                            [DEBUG  ]  No samples found: somalier
[2022-08-05 11:12:35,953] multiqc                                            [DEBUG  ]  No samples found: methylQA
[2022-08-05 11:12:35,963] multiqc.modules.mosdepth.mosdepth                  [DEBUG  ]  include_contigs: []
[2022-08-05 11:12:35,963] multiqc.modules.mosdepth.mosdepth                  [DEBUG  ]  exclude_contigs: []
[2022-08-05 11:12:35,963] multiqc                                            [DEBUG  ]  No samples found: mosdepth
[2022-08-05 11:12:35,967] multiqc                                            [DEBUG  ]  No samples found: phantompeakqualtools
[2022-08-05 11:12:35,971] multiqc                                            [DEBUG  ]  No samples found: qualimap
[2022-08-05 11:12:35,976] multiqc                                            [DEBUG  ]  No samples found: preseq
[2022-08-05 11:12:35,982] multiqc                                            [DEBUG  ]  No samples found: quast
[2022-08-05 11:12:35,987] multiqc                                            [DEBUG  ]  No samples found: qorts
[2022-08-05 11:12:35,992] multiqc                                            [DEBUG  ]  No samples found: rna_seqc
[2022-08-05 11:12:35,997] multiqc                                            [DEBUG  ]  No samples found: rockhopper
[2022-08-05 11:12:36,002] multiqc                                            [DEBUG  ]  No samples found: rsem
[2022-08-05 11:12:36,018] multiqc                                            [DEBUG  ]  No samples found: rseqc
[2022-08-05 11:12:36,024] multiqc                                            [DEBUG  ]  No samples found: busco
[2022-08-05 11:12:36,029] multiqc                                            [DEBUG  ]  No samples found: bustools
[2022-08-05 11:12:36,035] multiqc                                            [DEBUG  ]  No samples found: goleft_indexcov
[2022-08-05 11:12:36,041] multiqc                                            [DEBUG  ]  No samples found: gffcompare
[2022-08-05 11:12:36,047] multiqc                                            [DEBUG  ]  No samples found: disambiguate
[2022-08-05 11:12:36,053] multiqc                                            [DEBUG  ]  No samples found: supernova
[2022-08-05 11:12:36,071] multiqc                                            [DEBUG  ]  No samples found: deeptools
[2022-08-05 11:12:36,075] multiqc                                            [DEBUG  ]  No samples found: sargasso
[2022-08-05 11:12:36,082] multiqc                                            [DEBUG  ]  No samples found: verifybamid
[2022-08-05 11:12:36,089] multiqc                                            [DEBUG  ]  No samples found: mirtrace
[2022-08-05 11:12:36,094] multiqc                                            [DEBUG  ]  No samples found: happy
[2022-08-05 11:12:36,099] multiqc                                            [DEBUG  ]  No samples found: mirtop
[2022-08-05 11:12:36,105] multiqc                                            [DEBUG  ]  No samples found: sambamba
[2022-08-05 11:12:36,114] multiqc                                            [DEBUG  ]  No samples found: homer
[2022-08-05 11:12:36,119] multiqc                                            [DEBUG  ]  No samples found: hops
[2022-08-05 11:12:36,124] multiqc                                            [DEBUG  ]  No samples found: macs2
[2022-08-05 11:12:36,128] multiqc                                            [DEBUG  ]  No samples found: theta2
[2022-08-05 11:12:36,134] multiqc                                            [DEBUG  ]  No samples found: snpeff
[2022-08-05 11:12:36,142] multiqc                                            [DEBUG  ]  No samples found: gatk
[2022-08-05 11:12:36,147] multiqc                                            [DEBUG  ]  No samples found: htseq
[2022-08-05 11:12:36,153] multiqc                                            [DEBUG  ]  No samples found: bcftools
[2022-08-05 11:12:36,158] multiqc                                            [DEBUG  ]  No samples found: featureCounts
[2022-08-05 11:12:36,165] multiqc                                            [DEBUG  ]  No samples found: fgbio
[2022-08-05 11:12:36,182] multiqc                                            [DEBUG  ]  No samples found: dragen
[2022-08-05 11:12:36,187] multiqc                                            [DEBUG  ]  No samples found: dedup
[2022-08-05 11:12:36,193] multiqc                                            [DEBUG  ]  No samples found: damageprofiler
[2022-08-05 11:12:36,232] multiqc                                            [DEBUG  ]  No samples found: biobambam2
[2022-08-05 11:12:36,238] multiqc                                            [DEBUG  ]  No samples found: jcvi
[2022-08-05 11:12:36,243] multiqc                                            [DEBUG  ]  No samples found: mtnucratio
[2022-08-05 11:12:36,245] multiqc                                            [DEBUG  ]  No samples found: picard
[2022-08-05 11:12:36,251] multiqc                                            [DEBUG  ]  No samples found: vep
[2022-08-05 11:12:36,260] multiqc                                            [DEBUG  ]  No samples found: sentieon
[2022-08-05 11:12:36,266] multiqc                                            [DEBUG  ]  No samples found: prokka
[2022-08-05 11:12:36,273] multiqc                                            [DEBUG  ]  No samples found: qc3C
[2022-08-05 11:12:36,279] multiqc                                            [DEBUG  ]  No samples found: nanostat
[2022-08-05 11:12:36,284] multiqc                                            [DEBUG  ]  No samples found: samblaster
[2022-08-05 11:12:36,295] multiqc                                            [DEBUG  ]  No samples found: samtools
[2022-08-05 11:12:36,300] multiqc                                            [DEBUG  ]  No samples found: sexdeterrmine
[2022-08-05 11:12:36,305] multiqc                                            [DEBUG  ]  No samples found: eigenstratdatabasetools
[2022-08-05 11:12:36,310] multiqc                                            [DEBUG  ]  No samples found: bamtools
[2022-08-05 11:12:36,315] multiqc                                            [DEBUG  ]  No samples found: jellyfish
[2022-08-05 11:12:36,553] multiqc                                            [DEBUG  ]  No samples found: vcftools
[2022-08-05 11:12:36,559] multiqc                                            [DEBUG  ]  No samples found: longranger
[2022-08-05 11:12:36,564] multiqc                                            [DEBUG  ]  No samples found: stacks
[2022-08-05 11:12:36,569] multiqc                                            [DEBUG  ]  No samples found: varscan2
[2022-08-05 11:12:36,574] multiqc                                            [DEBUG  ]  No samples found: snippy
[2022-08-05 11:12:36,594] multiqc                                            [DEBUG  ]  No samples found: bbmap
[2022-08-05 11:12:36,601] multiqc                                            [DEBUG  ]  No samples found: bismark
[2022-08-05 11:12:36,609] multiqc                                            [DEBUG  ]  No samples found: biscuit
[2022-08-05 11:12:36,614] multiqc                                            [DEBUG  ]  No samples found: hicexplorer
[2022-08-05 11:12:36,619] multiqc                                            [DEBUG  ]  No samples found: hicup
[2022-08-05 11:12:36,625] multiqc                                            [DEBUG  ]  No samples found: hicpro
[2022-08-05 11:12:36,630] multiqc                                            [DEBUG  ]  No samples found: salmon
[2022-08-05 11:12:36,635] multiqc                                            [DEBUG  ]  No samples found: kallisto
[2022-08-05 11:12:36,642] multiqc                                            [DEBUG  ]  No samples found: slamdunk
[2022-08-05 11:12:36,647] multiqc                                            [DEBUG  ]  No samples found: star
[2022-08-05 11:12:36,653] multiqc                                            [DEBUG  ]  No samples found: hisat2
[2022-08-05 11:12:36,657] multiqc                                            [DEBUG  ]  No samples found: tophat
[2022-08-05 11:12:36,662] multiqc                                            [DEBUG  ]  No samples found: bowtie2
[2022-08-05 11:12:36,897] multiqc                                            [DEBUG  ]  No samples found: bowtie1
[2022-08-05 11:12:36,902] multiqc                                            [DEBUG  ]  No samples found: snpsplit
[2022-08-05 11:12:36,908] multiqc                                            [DEBUG  ]  No samples found: odgi
[2022-08-05 11:12:36,913] multiqc                                            [DEBUG  ]  No samples found: pangolin
[2022-08-05 11:12:36,917] multiqc                                            [DEBUG  ]  No samples found: kat
[2022-08-05 11:12:36,921] multiqc                                            [DEBUG  ]  No samples found: leehom
[2022-08-05 11:12:36,926] multiqc                                            [DEBUG  ]  No samples found: adapterRemoval
[2022-08-05 11:12:36,931] multiqc                                            [DEBUG  ]  No samples found: clipandmerge
[2022-08-05 11:12:37,166] multiqc                                            [DEBUG  ]  No samples found: cutadapt
[2022-08-05 11:12:37,171] multiqc                                            [DEBUG  ]  No samples found: flexbar
[2022-08-05 11:12:37,176] multiqc                                            [DEBUG  ]  No samples found: kaiju
[2022-08-05 11:12:37,181] multiqc                                            [DEBUG  ]  No samples found: kraken
[2022-08-05 11:12:37,186] multiqc                                            [DEBUG  ]  No samples found: malt
[2022-08-05 11:12:37,190] multiqc                                            [DEBUG  ]  No samples found: trimmomatic
[2022-08-05 11:12:37,195] multiqc                                            [DEBUG  ]  No samples found: sickle
[2022-08-05 11:12:37,199] multiqc                                            [DEBUG  ]  No samples found: skewer
[2022-08-05 11:12:37,203] multiqc                                            [DEBUG  ]  No samples found: sortmerna
[2022-08-05 11:12:37,210] multiqc                                            [DEBUG  ]  No samples found: biobloomtools
[2022-08-05 11:12:37,219] multiqc                                            [DEBUG  ]  No samples found: fastq_screen
[2022-08-05 11:12:37,224] multiqc                                            [DEBUG  ]  No samples found: afterqc
[2022-08-05 11:12:37,230] multiqc                                            [DEBUG  ]  No samples found: fastp
[2022-08-05 11:12:37,720] multiqc.modules.fastqc.fastqc                      [INFO   ]  Found 4 reports
[2022-08-05 11:12:37,769] multiqc                                            [DEBUG  ]  No samples found: pychopper
[2022-08-05 11:12:37,774] multiqc                                            [DEBUG  ]  No samples found: pycoqc
[2022-08-05 11:12:37,779] multiqc                                            [DEBUG  ]  No samples found: minionqc
[2022-08-05 11:12:37,785] multiqc                                            [DEBUG  ]  No samples found: multivcfanalyzer
[2022-08-05 11:12:37,791] multiqc                                            [DEBUG  ]  No samples found: clusterflow
[2022-08-05 11:12:37,797] multiqc                                            [DEBUG  ]  No samples found: bcl2fastq
[2022-08-05 11:12:37,805] multiqc                                            [DEBUG  ]  No samples found: bclconvert
[2022-08-05 11:12:37,811] multiqc                                            [DEBUG  ]  No samples found: interop
[2022-08-05 11:12:37,815] multiqc                                            [DEBUG  ]  No samples found: ivar
[2022-08-05 11:12:37,820] multiqc                                            [DEBUG  ]  No samples found: flash
[2022-08-05 11:12:37,825] multiqc                                            [DEBUG  ]  No samples found: seqyclean
[2022-08-05 11:12:37,829] multiqc                                            [DEBUG  ]  No samples found: optitype
[2022-08-05 11:12:37,834] multiqc                                            [INFO   ]  Compressing plot data
[2022-08-05 11:12:44,332] multiqc                                            [INFO   ]  Report      : 9458_MGSD_CSIRO.qc.stats/multiqc_report.html
[2022-08-05 11:12:44,333] multiqc                                            [INFO   ]  Data        : 9458_MGSD_CSIRO.qc.stats/multiqc_data
[2022-08-05 11:12:44,333] multiqc                                            [DEBUG  ]  Moving data file from '/tmp/smi9a9.8586180/tmp80ufdp2s/multiqc_data' to '9458_MGSD_CSIRO.qc.stats/multiqc_data'
[2022-08-05 11:12:46,776] multiqc                                            [INFO   ]  MultiQC complete
