[2022-08-05 11:13:20,204] multiqc                                            [DEBUG  ]  This is MultiQC v1.11
[2022-08-05 11:13:20,204] multiqc                                            [DEBUG  ]  No MultiQC config found: /apps/multiqc/1.11/lib/python3.9/site-packages/multiqc_config.yaml
[2022-08-05 11:13:20,204] multiqc                                            [DEBUG  ]  No MultiQC config found: /home/smi9a9/.multiqc_config.yaml
[2022-08-05 11:13:32,323] multiqc                                            [DEBUG  ]  No MultiQC config found: multiqc_config.yaml
[2022-08-05 11:13:32,323] multiqc                                            [DEBUG  ]  Command used: /apps/multiqc/1.11/bin/multiqc ./7853_HCGL7BCXX-2_merged_fastqc.html ./7853_HCGL7BCXX-2_merged_fastqc.zip ./7853_HCGL7BCXX-2_merged.fastq.gz ./7853_HCGL7BCXX-2_R1p_fastqc.html ./7853_HCGL7BCXX-2_R1p_fastqc.zip ./7853_HCGL7BCXX-2_R1p.fastq.gz ./7853_HCGL7BCXX-2_R1R2u_fastqc.html ./7853_HCGL7BCXX-2_R1R2u_fastqc.zip ./7853_HCGL7BCXX-2_R1R2u.fastq.gz ./7853_HCGL7BCXX-2_R2p_fastqc.html ./7853_HCGL7BCXX-2_R2p_fastqc.zip ./7853_HCGL7BCXX-2_R2p.fastq.gz ./7853_QCreads.md5 -o 7853_MGSD_CSIRO.qc.stats
[2022-08-05 11:13:32,327] multiqc                                            [DEBUG  ]  Could not connect to multiqc.info for version check: <urlopen error [Errno 111] Connection refused>
[2022-08-05 11:13:32,327] multiqc                                            [DEBUG  ]  Command     : /apps/multiqc/1.11/bin/multiqc ./7853_HCGL7BCXX-2_merged_fastqc.html ./7853_HCGL7BCXX-2_merged_fastqc.zip ./7853_HCGL7BCXX-2_merged.fastq.gz ./7853_HCGL7BCXX-2_R1p_fastqc.html ./7853_HCGL7BCXX-2_R1p_fastqc.zip ./7853_HCGL7BCXX-2_R1p.fastq.gz ./7853_HCGL7BCXX-2_R1R2u_fastqc.html ./7853_HCGL7BCXX-2_R1R2u_fastqc.zip ./7853_HCGL7BCXX-2_R1R2u.fastq.gz ./7853_HCGL7BCXX-2_R2p_fastqc.html ./7853_HCGL7BCXX-2_R2p_fastqc.zip ./7853_HCGL7BCXX-2_R2p.fastq.gz ./7853_QCreads.md5 -o 7853_MGSD_CSIRO.qc.stats
[2022-08-05 11:13:32,327] multiqc                                            [DEBUG  ]  Working dir : /datasets/work/oa-amd/work/amd/Metagenome_QC_reads
[2022-08-05 11:13:32,327] multiqc                                            [DEBUG  ]  Template    : default
[2022-08-05 11:13:32,327] multiqc                                            [DEBUG  ]  Running Python 3.9.4 (default, Apr 25 2021, 16:13:27)  [GCC 10.3.0]
[2022-08-05 11:13:32,327] multiqc                                            [DEBUG  ]  Analysing modules: custom_content, ccs, ngsderive, purple, conpair, lima, peddy, somalier, methylQA, mosdepth, phantompeakqualtools, qualimap, preseq, quast, qorts, rna_seqc, rockhopper, rsem, rseqc, busco, bustools, goleft_indexcov, gffcompare, disambiguate, supernova, deeptools, sargasso, verifybamid, mirtrace, happy, mirtop, sambamba, homer, hops, macs2, theta2, snpeff, gatk, htseq, bcftools, featureCounts, fgbio, dragen, dedup, damageprofiler, biobambam2, jcvi, mtnucratio, picard, vep, sentieon, prokka, qc3C, nanostat, samblaster, samtools, sexdeterrmine, eigenstratdatabasetools, bamtools, jellyfish, vcftools, longranger, stacks, varscan2, snippy, bbmap, bismark, biscuit, hicexplorer, hicup, hicpro, salmon, kallisto, slamdunk, star, hisat2, tophat, bowtie2, bowtie1, snpsplit, odgi, pangolin, kat, leehom, adapterRemoval, clipandmerge, cutadapt, flexbar, kaiju, kraken, malt, trimmomatic, sickle, skewer, sortmerna, biobloomtools, fastq_screen, afterqc, fastp, fastqc, pychopper, pycoqc, minionqc, multivcfanalyzer, clusterflow, bcl2fastq, bclconvert, interop, ivar, flash, seqyclean, optitype
[2022-08-05 11:13:32,327] multiqc                                            [DEBUG  ]  Using temporary directory for creating report: /tmp/smi9a9.8585966/tmp29wxujkt
[2022-08-05 11:13:32,389] multiqc                                            [INFO   ]  Search path : /datasets/work/oa-amd/work/amd/Metagenome_QC_reads/7853_HCGL7BCXX-2_merged_fastqc.html
[2022-08-05 11:13:32,389] multiqc                                            [INFO   ]  Search path : /datasets/work/oa-amd/work/amd/Metagenome_QC_reads/7853_HCGL7BCXX-2_merged_fastqc.zip
[2022-08-05 11:13:32,389] multiqc                                            [INFO   ]  Search path : /datasets/work/oa-amd/work/amd/Metagenome_QC_reads/7853_HCGL7BCXX-2_merged.fastq.gz
[2022-08-05 11:13:32,389] multiqc                                            [INFO   ]  Search path : /datasets/work/oa-amd/work/amd/Metagenome_QC_reads/7853_HCGL7BCXX-2_R1p_fastqc.html
[2022-08-05 11:13:32,389] multiqc                                            [INFO   ]  Search path : /datasets/work/oa-amd/work/amd/Metagenome_QC_reads/7853_HCGL7BCXX-2_R1p_fastqc.zip
[2022-08-05 11:13:32,389] multiqc                                            [INFO   ]  Search path : /datasets/work/oa-amd/work/amd/Metagenome_QC_reads/7853_HCGL7BCXX-2_R1p.fastq.gz
[2022-08-05 11:13:32,389] multiqc                                            [INFO   ]  Search path : /datasets/work/oa-amd/work/amd/Metagenome_QC_reads/7853_HCGL7BCXX-2_R1R2u_fastqc.html
[2022-08-05 11:13:32,389] multiqc                                            [INFO   ]  Search path : /datasets/work/oa-amd/work/amd/Metagenome_QC_reads/7853_HCGL7BCXX-2_R1R2u_fastqc.zip
[2022-08-05 11:13:32,389] multiqc                                            [INFO   ]  Search path : /datasets/work/oa-amd/work/amd/Metagenome_QC_reads/7853_HCGL7BCXX-2_R1R2u.fastq.gz
[2022-08-05 11:13:32,389] multiqc                                            [INFO   ]  Search path : /datasets/work/oa-amd/work/amd/Metagenome_QC_reads/7853_HCGL7BCXX-2_R2p_fastqc.html
[2022-08-05 11:13:32,389] multiqc                                            [INFO   ]  Search path : /datasets/work/oa-amd/work/amd/Metagenome_QC_reads/7853_HCGL7BCXX-2_R2p_fastqc.zip
[2022-08-05 11:13:32,389] multiqc                                            [INFO   ]  Search path : /datasets/work/oa-amd/work/amd/Metagenome_QC_reads/7853_HCGL7BCXX-2_R2p.fastq.gz
[2022-08-05 11:13:32,389] multiqc                                            [INFO   ]  Search path : /datasets/work/oa-amd/work/amd/Metagenome_QC_reads/7853_QCreads.md5
[2022-08-05 11:13:32,479] multiqc                                            [DEBUG  ]  File ignored by ccs/v4 because it exceeded search pattern filesize limit: 7853_HCGL7BCXX-2_merged_fastqc.html
[2022-08-05 11:13:32,491] multiqc                                            [DEBUG  ]  File ignored by hicexplorer because it exceeded search pattern filesize limit: 7853_HCGL7BCXX-2_merged_fastqc.html
[2022-08-05 11:13:32,493] multiqc                                            [DEBUG  ]  File ignored by nanostat because it exceeded search pattern filesize limit: 7853_HCGL7BCXX-2_merged_fastqc.html
[2022-08-05 11:13:32,493] multiqc                                            [DEBUG  ]  File ignored by lima/summary because it exceeded search pattern filesize limit: 7853_HCGL7BCXX-2_merged_fastqc.html
[2022-08-05 11:13:32,511] multiqc                                            [DEBUG  ]  File ignored by vep/vep_txt because it exceeded search pattern filesize limit: 7853_HCGL7BCXX-2_merged_fastqc.html
[2022-08-05 11:13:32,512] multiqc                                            [DEBUG  ]  File ignored by longranger/invocation because it exceeded search pattern filesize limit: 7853_HCGL7BCXX-2_merged_fastqc.html
[2022-08-05 11:13:32,512] multiqc                                            [DEBUG  ]  File ignored by rockhopper because it exceeded search pattern filesize limit: 7853_HCGL7BCXX-2_merged_fastqc.html
[2022-08-05 11:13:32,512] multiqc                                            [DEBUG  ]  File ignored by rseqc/bam_stat because it exceeded search pattern filesize limit: 7853_HCGL7BCXX-2_merged_fastqc.html
[2022-08-05 11:13:32,512] multiqc                                            [DEBUG  ]  File ignored by rseqc/junction_annotation because it exceeded search pattern filesize limit: 7853_HCGL7BCXX-2_merged_fastqc.html
[2022-08-05 11:13:32,512] multiqc                                            [DEBUG  ]  File ignored by rseqc/read_distribution because it exceeded search pattern filesize limit: 7853_HCGL7BCXX-2_merged_fastqc.html
[2022-08-05 11:13:32,512] multiqc                                            [DEBUG  ]  File ignored by rseqc/infer_experiment because it exceeded search pattern filesize limit: 7853_HCGL7BCXX-2_merged_fastqc.html
[2022-08-05 11:13:32,616] multiqc                                            [DEBUG  ]  Ignoring file as matched an ignore pattern: 7853_HCGL7BCXX-2_merged.fastq.gz
[2022-08-05 11:13:32,791] multiqc                                            [DEBUG  ]  File ignored by ccs/v4 because it exceeded search pattern filesize limit: 7853_HCGL7BCXX-2_R1p_fastqc.html
[2022-08-05 11:13:32,802] multiqc                                            [DEBUG  ]  File ignored by hicexplorer because it exceeded search pattern filesize limit: 7853_HCGL7BCXX-2_R1p_fastqc.html
[2022-08-05 11:13:32,805] multiqc                                            [DEBUG  ]  File ignored by nanostat because it exceeded search pattern filesize limit: 7853_HCGL7BCXX-2_R1p_fastqc.html
[2022-08-05 11:13:32,805] multiqc                                            [DEBUG  ]  File ignored by lima/summary because it exceeded search pattern filesize limit: 7853_HCGL7BCXX-2_R1p_fastqc.html
[2022-08-05 11:13:32,824] multiqc                                            [DEBUG  ]  File ignored by vep/vep_txt because it exceeded search pattern filesize limit: 7853_HCGL7BCXX-2_R1p_fastqc.html
[2022-08-05 11:13:32,824] multiqc                                            [DEBUG  ]  File ignored by longranger/invocation because it exceeded search pattern filesize limit: 7853_HCGL7BCXX-2_R1p_fastqc.html
[2022-08-05 11:13:32,825] multiqc                                            [DEBUG  ]  File ignored by rockhopper because it exceeded search pattern filesize limit: 7853_HCGL7BCXX-2_R1p_fastqc.html
[2022-08-05 11:13:32,825] multiqc                                            [DEBUG  ]  File ignored by rseqc/bam_stat because it exceeded search pattern filesize limit: 7853_HCGL7BCXX-2_R1p_fastqc.html
[2022-08-05 11:13:32,825] multiqc                                            [DEBUG  ]  File ignored by rseqc/junction_annotation because it exceeded search pattern filesize limit: 7853_HCGL7BCXX-2_R1p_fastqc.html
[2022-08-05 11:13:32,825] multiqc                                            [DEBUG  ]  File ignored by rseqc/read_distribution because it exceeded search pattern filesize limit: 7853_HCGL7BCXX-2_R1p_fastqc.html
[2022-08-05 11:13:32,825] multiqc                                            [DEBUG  ]  File ignored by rseqc/infer_experiment because it exceeded search pattern filesize limit: 7853_HCGL7BCXX-2_R1p_fastqc.html
[2022-08-05 11:13:32,942] multiqc                                            [DEBUG  ]  Ignoring file as matched an ignore pattern: 7853_HCGL7BCXX-2_R1p.fastq.gz
[2022-08-05 11:13:33,047] multiqc                                            [DEBUG  ]  File ignored by ccs/v4 because it exceeded search pattern filesize limit: 7853_HCGL7BCXX-2_R1R2u_fastqc.html
[2022-08-05 11:13:33,055] multiqc                                            [DEBUG  ]  File ignored by hicexplorer because it exceeded search pattern filesize limit: 7853_HCGL7BCXX-2_R1R2u_fastqc.html
[2022-08-05 11:13:33,056] multiqc                                            [DEBUG  ]  File ignored by nanostat because it exceeded search pattern filesize limit: 7853_HCGL7BCXX-2_R1R2u_fastqc.html
[2022-08-05 11:13:33,056] multiqc                                            [DEBUG  ]  File ignored by lima/summary because it exceeded search pattern filesize limit: 7853_HCGL7BCXX-2_R1R2u_fastqc.html
[2022-08-05 11:13:33,074] multiqc                                            [DEBUG  ]  File ignored by vep/vep_txt because it exceeded search pattern filesize limit: 7853_HCGL7BCXX-2_R1R2u_fastqc.html
[2022-08-05 11:13:33,074] multiqc                                            [DEBUG  ]  File ignored by longranger/invocation because it exceeded search pattern filesize limit: 7853_HCGL7BCXX-2_R1R2u_fastqc.html
[2022-08-05 11:13:33,074] multiqc                                            [DEBUG  ]  File ignored by rockhopper because it exceeded search pattern filesize limit: 7853_HCGL7BCXX-2_R1R2u_fastqc.html
[2022-08-05 11:13:33,074] multiqc                                            [DEBUG  ]  File ignored by rseqc/bam_stat because it exceeded search pattern filesize limit: 7853_HCGL7BCXX-2_R1R2u_fastqc.html
[2022-08-05 11:13:33,074] multiqc                                            [DEBUG  ]  File ignored by rseqc/junction_annotation because it exceeded search pattern filesize limit: 7853_HCGL7BCXX-2_R1R2u_fastqc.html
[2022-08-05 11:13:33,074] multiqc                                            [DEBUG  ]  File ignored by rseqc/read_distribution because it exceeded search pattern filesize limit: 7853_HCGL7BCXX-2_R1R2u_fastqc.html
[2022-08-05 11:13:33,074] multiqc                                            [DEBUG  ]  File ignored by rseqc/infer_experiment because it exceeded search pattern filesize limit: 7853_HCGL7BCXX-2_R1R2u_fastqc.html
[2022-08-05 11:13:33,409] multiqc                                            [DEBUG  ]  Ignoring file as matched an ignore pattern: 7853_HCGL7BCXX-2_R1R2u.fastq.gz
[2022-08-05 11:13:33,682] multiqc                                            [DEBUG  ]  File ignored by ccs/v4 because it exceeded search pattern filesize limit: 7853_HCGL7BCXX-2_R2p_fastqc.html
[2022-08-05 11:13:33,711] multiqc                                            [DEBUG  ]  File ignored by hicexplorer because it exceeded search pattern filesize limit: 7853_HCGL7BCXX-2_R2p_fastqc.html
[2022-08-05 11:13:33,712] multiqc                                            [DEBUG  ]  File ignored by nanostat because it exceeded search pattern filesize limit: 7853_HCGL7BCXX-2_R2p_fastqc.html
[2022-08-05 11:13:33,712] multiqc                                            [DEBUG  ]  File ignored by lima/summary because it exceeded search pattern filesize limit: 7853_HCGL7BCXX-2_R2p_fastqc.html
[2022-08-05 11:13:33,741] multiqc                                            [DEBUG  ]  File ignored by vep/vep_txt because it exceeded search pattern filesize limit: 7853_HCGL7BCXX-2_R2p_fastqc.html
[2022-08-05 11:13:33,741] multiqc                                            [DEBUG  ]  File ignored by longranger/invocation because it exceeded search pattern filesize limit: 7853_HCGL7BCXX-2_R2p_fastqc.html
[2022-08-05 11:13:33,741] multiqc                                            [DEBUG  ]  File ignored by rockhopper because it exceeded search pattern filesize limit: 7853_HCGL7BCXX-2_R2p_fastqc.html
[2022-08-05 11:13:33,741] multiqc                                            [DEBUG  ]  File ignored by rseqc/bam_stat because it exceeded search pattern filesize limit: 7853_HCGL7BCXX-2_R2p_fastqc.html
[2022-08-05 11:13:33,741] multiqc                                            [DEBUG  ]  File ignored by rseqc/junction_annotation because it exceeded search pattern filesize limit: 7853_HCGL7BCXX-2_R2p_fastqc.html
[2022-08-05 11:13:33,741] multiqc                                            [DEBUG  ]  File ignored by rseqc/read_distribution because it exceeded search pattern filesize limit: 7853_HCGL7BCXX-2_R2p_fastqc.html
[2022-08-05 11:13:33,741] multiqc                                            [DEBUG  ]  File ignored by rseqc/infer_experiment because it exceeded search pattern filesize limit: 7853_HCGL7BCXX-2_R2p_fastqc.html
[2022-08-05 11:13:33,829] multiqc                                            [DEBUG  ]  Ignoring file as matched an ignore pattern: 7853_HCGL7BCXX-2_R2p.fastq.gz
[2022-08-05 11:13:33,829] multiqc                                            [DEBUG  ]  Ignoring file as matched an ignore pattern: 7853_QCreads.md5
[2022-08-05 11:13:34,836] multiqc.plots.bargraph                             [DEBUG  ]  Using matplotlib version 3.3.4
[2022-08-05 11:13:34,841] multiqc.plots.linegraph                            [DEBUG  ]  Using matplotlib version 3.3.4
[2022-08-05 11:13:34,843] multiqc                                            [DEBUG  ]  No samples found: custom_content
[2022-08-05 11:13:34,849] multiqc                                            [DEBUG  ]  No samples found: ccs
[2022-08-05 11:13:34,855] multiqc                                            [DEBUG  ]  No samples found: ngsderive
[2022-08-05 11:13:34,859] multiqc                                            [DEBUG  ]  No samples found: purple
[2022-08-05 11:13:34,863] multiqc                                            [DEBUG  ]  No samples found: conpair
[2022-08-05 11:13:34,868] multiqc                                            [DEBUG  ]  No samples found: lima
[2022-08-05 11:13:34,874] multiqc                                            [DEBUG  ]  No samples found: peddy
[2022-08-05 11:13:34,880] multiqc                                            [DEBUG  ]  No samples found: somalier
[2022-08-05 11:13:34,885] multiqc                                            [DEBUG  ]  No samples found: methylQA
[2022-08-05 11:13:34,895] multiqc.modules.mosdepth.mosdepth                  [DEBUG  ]  include_contigs: []
[2022-08-05 11:13:34,895] multiqc.modules.mosdepth.mosdepth                  [DEBUG  ]  exclude_contigs: []
[2022-08-05 11:13:34,895] multiqc                                            [DEBUG  ]  No samples found: mosdepth
[2022-08-05 11:13:34,900] multiqc                                            [DEBUG  ]  No samples found: phantompeakqualtools
[2022-08-05 11:13:34,903] multiqc                                            [DEBUG  ]  No samples found: qualimap
[2022-08-05 11:13:34,909] multiqc                                            [DEBUG  ]  No samples found: preseq
[2022-08-05 11:13:34,915] multiqc                                            [DEBUG  ]  No samples found: quast
[2022-08-05 11:13:34,920] multiqc                                            [DEBUG  ]  No samples found: qorts
[2022-08-05 11:13:34,926] multiqc                                            [DEBUG  ]  No samples found: rna_seqc
[2022-08-05 11:13:34,930] multiqc                                            [DEBUG  ]  No samples found: rockhopper
[2022-08-05 11:13:34,935] multiqc                                            [DEBUG  ]  No samples found: rsem
[2022-08-05 11:13:34,951] multiqc                                            [DEBUG  ]  No samples found: rseqc
[2022-08-05 11:13:34,955] multiqc                                            [DEBUG  ]  No samples found: busco
[2022-08-05 11:13:34,960] multiqc                                            [DEBUG  ]  No samples found: bustools
[2022-08-05 11:13:34,965] multiqc                                            [DEBUG  ]  No samples found: goleft_indexcov
[2022-08-05 11:13:34,970] multiqc                                            [DEBUG  ]  No samples found: gffcompare
[2022-08-05 11:13:34,975] multiqc                                            [DEBUG  ]  No samples found: disambiguate
[2022-08-05 11:13:34,981] multiqc                                            [DEBUG  ]  No samples found: supernova
[2022-08-05 11:13:34,998] multiqc                                            [DEBUG  ]  No samples found: deeptools
[2022-08-05 11:13:35,003] multiqc                                            [DEBUG  ]  No samples found: sargasso
[2022-08-05 11:13:35,008] multiqc                                            [DEBUG  ]  No samples found: verifybamid
[2022-08-05 11:13:35,014] multiqc                                            [DEBUG  ]  No samples found: mirtrace
[2022-08-05 11:13:35,019] multiqc                                            [DEBUG  ]  No samples found: happy
[2022-08-05 11:13:35,024] multiqc                                            [DEBUG  ]  No samples found: mirtop
[2022-08-05 11:13:35,029] multiqc                                            [DEBUG  ]  No samples found: sambamba
[2022-08-05 11:13:35,038] multiqc                                            [DEBUG  ]  No samples found: homer
[2022-08-05 11:13:35,042] multiqc                                            [DEBUG  ]  No samples found: hops
[2022-08-05 11:13:35,047] multiqc                                            [DEBUG  ]  No samples found: macs2
[2022-08-05 11:13:35,051] multiqc                                            [DEBUG  ]  No samples found: theta2
[2022-08-05 11:13:35,056] multiqc                                            [DEBUG  ]  No samples found: snpeff
[2022-08-05 11:13:35,064] multiqc                                            [DEBUG  ]  No samples found: gatk
[2022-08-05 11:13:35,068] multiqc                                            [DEBUG  ]  No samples found: htseq
[2022-08-05 11:13:35,074] multiqc                                            [DEBUG  ]  No samples found: bcftools
[2022-08-05 11:13:35,079] multiqc                                            [DEBUG  ]  No samples found: featureCounts
[2022-08-05 11:13:35,086] multiqc                                            [DEBUG  ]  No samples found: fgbio
[2022-08-05 11:13:35,102] multiqc                                            [DEBUG  ]  No samples found: dragen
[2022-08-05 11:13:35,107] multiqc                                            [DEBUG  ]  No samples found: dedup
[2022-08-05 11:13:35,342] multiqc                                            [DEBUG  ]  No samples found: damageprofiler
[2022-08-05 11:13:35,610] multiqc                                            [DEBUG  ]  No samples found: biobambam2
[2022-08-05 11:13:35,615] multiqc                                            [DEBUG  ]  No samples found: jcvi
[2022-08-05 11:13:35,621] multiqc                                            [DEBUG  ]  No samples found: mtnucratio
[2022-08-05 11:13:35,623] multiqc                                            [DEBUG  ]  No samples found: picard
[2022-08-05 11:13:35,628] multiqc                                            [DEBUG  ]  No samples found: vep
[2022-08-05 11:13:35,637] multiqc                                            [DEBUG  ]  No samples found: sentieon
[2022-08-05 11:13:35,642] multiqc                                            [DEBUG  ]  No samples found: prokka
[2022-08-05 11:13:35,649] multiqc                                            [DEBUG  ]  No samples found: qc3C
[2022-08-05 11:13:35,655] multiqc                                            [DEBUG  ]  No samples found: nanostat
[2022-08-05 11:13:35,659] multiqc                                            [DEBUG  ]  No samples found: samblaster
[2022-08-05 11:13:35,669] multiqc                                            [DEBUG  ]  No samples found: samtools
[2022-08-05 11:13:35,674] multiqc                                            [DEBUG  ]  No samples found: sexdeterrmine
[2022-08-05 11:13:35,679] multiqc                                            [DEBUG  ]  No samples found: eigenstratdatabasetools
[2022-08-05 11:13:35,685] multiqc                                            [DEBUG  ]  No samples found: bamtools
[2022-08-05 11:13:35,689] multiqc                                            [DEBUG  ]  No samples found: jellyfish
[2022-08-05 11:13:35,698] multiqc                                            [DEBUG  ]  No samples found: vcftools
[2022-08-05 11:13:35,704] multiqc                                            [DEBUG  ]  No samples found: longranger
[2022-08-05 11:13:35,710] multiqc                                            [DEBUG  ]  No samples found: stacks
[2022-08-05 11:13:35,715] multiqc                                            [DEBUG  ]  No samples found: varscan2
[2022-08-05 11:13:35,721] multiqc                                            [DEBUG  ]  No samples found: snippy
[2022-08-05 11:13:35,739] multiqc                                            [DEBUG  ]  No samples found: bbmap
[2022-08-05 11:13:35,745] multiqc                                            [DEBUG  ]  No samples found: bismark
[2022-08-05 11:13:35,754] multiqc                                            [DEBUG  ]  No samples found: biscuit
[2022-08-05 11:13:35,759] multiqc                                            [DEBUG  ]  No samples found: hicexplorer
[2022-08-05 11:13:35,765] multiqc                                            [DEBUG  ]  No samples found: hicup
[2022-08-05 11:13:35,771] multiqc                                            [DEBUG  ]  No samples found: hicpro
[2022-08-05 11:13:35,775] multiqc                                            [DEBUG  ]  No samples found: salmon
[2022-08-05 11:13:35,780] multiqc                                            [DEBUG  ]  No samples found: kallisto
[2022-08-05 11:13:35,787] multiqc                                            [DEBUG  ]  No samples found: slamdunk
[2022-08-05 11:13:35,793] multiqc                                            [DEBUG  ]  No samples found: star
[2022-08-05 11:13:35,797] multiqc                                            [DEBUG  ]  No samples found: hisat2
[2022-08-05 11:13:35,802] multiqc                                            [DEBUG  ]  No samples found: tophat
[2022-08-05 11:13:35,807] multiqc                                            [DEBUG  ]  No samples found: bowtie2
[2022-08-05 11:13:35,811] multiqc                                            [DEBUG  ]  No samples found: bowtie1
[2022-08-05 11:13:35,817] multiqc                                            [DEBUG  ]  No samples found: snpsplit
[2022-08-05 11:13:35,822] multiqc                                            [DEBUG  ]  No samples found: odgi
[2022-08-05 11:13:35,827] multiqc                                            [DEBUG  ]  No samples found: pangolin
[2022-08-05 11:13:35,831] multiqc                                            [DEBUG  ]  No samples found: kat
[2022-08-05 11:13:35,836] multiqc                                            [DEBUG  ]  No samples found: leehom
[2022-08-05 11:13:35,842] multiqc                                            [DEBUG  ]  No samples found: adapterRemoval
[2022-08-05 11:13:35,846] multiqc                                            [DEBUG  ]  No samples found: clipandmerge
[2022-08-05 11:13:35,851] multiqc                                            [DEBUG  ]  No samples found: cutadapt
[2022-08-05 11:13:35,856] multiqc                                            [DEBUG  ]  No samples found: flexbar
[2022-08-05 11:13:35,861] multiqc                                            [DEBUG  ]  No samples found: kaiju
[2022-08-05 11:13:35,867] multiqc                                            [DEBUG  ]  No samples found: kraken
[2022-08-05 11:13:35,872] multiqc                                            [DEBUG  ]  No samples found: malt
[2022-08-05 11:13:35,877] multiqc                                            [DEBUG  ]  No samples found: trimmomatic
[2022-08-05 11:13:35,882] multiqc                                            [DEBUG  ]  No samples found: sickle
[2022-08-05 11:13:35,887] multiqc                                            [DEBUG  ]  No samples found: skewer
[2022-08-05 11:13:35,891] multiqc                                            [DEBUG  ]  No samples found: sortmerna
[2022-08-05 11:13:35,896] multiqc                                            [DEBUG  ]  No samples found: biobloomtools
[2022-08-05 11:13:35,902] multiqc                                            [DEBUG  ]  No samples found: fastq_screen
[2022-08-05 11:13:35,907] multiqc                                            [DEBUG  ]  No samples found: afterqc
[2022-08-05 11:13:35,913] multiqc                                            [DEBUG  ]  No samples found: fastp
[2022-08-05 11:13:36,280] multiqc.modules.fastqc.fastqc                      [INFO   ]  Found 4 reports
[2022-08-05 11:13:36,363] multiqc                                            [DEBUG  ]  No samples found: pychopper
[2022-08-05 11:13:36,369] multiqc                                            [DEBUG  ]  No samples found: pycoqc
[2022-08-05 11:13:36,374] multiqc                                            [DEBUG  ]  No samples found: minionqc
[2022-08-05 11:13:36,380] multiqc                                            [DEBUG  ]  No samples found: multivcfanalyzer
[2022-08-05 11:13:36,385] multiqc                                            [DEBUG  ]  No samples found: clusterflow
[2022-08-05 11:13:36,392] multiqc                                            [DEBUG  ]  No samples found: bcl2fastq
[2022-08-05 11:13:36,399] multiqc                                            [DEBUG  ]  No samples found: bclconvert
[2022-08-05 11:13:36,405] multiqc                                            [DEBUG  ]  No samples found: interop
[2022-08-05 11:13:36,409] multiqc                                            [DEBUG  ]  No samples found: ivar
[2022-08-05 11:13:36,415] multiqc                                            [DEBUG  ]  No samples found: flash
[2022-08-05 11:13:36,420] multiqc                                            [DEBUG  ]  No samples found: seqyclean
[2022-08-05 11:13:36,424] multiqc                                            [DEBUG  ]  No samples found: optitype
[2022-08-05 11:13:36,429] multiqc                                            [INFO   ]  Compressing plot data
[2022-08-05 11:13:43,834] multiqc                                            [INFO   ]  Report      : 7853_MGSD_CSIRO.qc.stats/multiqc_report.html
[2022-08-05 11:13:43,834] multiqc                                            [INFO   ]  Data        : 7853_MGSD_CSIRO.qc.stats/multiqc_data
[2022-08-05 11:13:43,834] multiqc                                            [DEBUG  ]  Moving data file from '/tmp/smi9a9.8585966/tmp29wxujkt/multiqc_data' to '7853_MGSD_CSIRO.qc.stats/multiqc_data'
[2022-08-05 11:13:44,286] multiqc                                            [INFO   ]  MultiQC complete
