[2022-08-05 11:04:28,387] multiqc                                            [DEBUG  ]  This is MultiQC v1.11
[2022-08-05 11:04:28,387] multiqc                                            [DEBUG  ]  No MultiQC config found: /apps/multiqc/1.11/lib/python3.9/site-packages/multiqc_config.yaml
[2022-08-05 11:04:28,387] multiqc                                            [DEBUG  ]  No MultiQC config found: /home/smi9a9/.multiqc_config.yaml
[2022-08-05 11:04:28,388] multiqc                                            [DEBUG  ]  No MultiQC config found: multiqc_config.yaml
[2022-08-05 11:04:28,388] multiqc                                            [DEBUG  ]  Command used: /apps/multiqc/1.11/bin/multiqc ./19499_combined_merged_fastqc.html ./19499_combined_merged_fastqc.zip ./19499_combined_merged.fastq.gz ./19499_combined_R1p_fastqc.html ./19499_combined_R1p_fastqc.zip ./19499_combined_R1p.fastq.gz ./19499_combined_R1R2u_fastqc.html ./19499_combined_R1R2u_fastqc.zip ./19499_combined_R1R2u.fastq.gz ./19499_combined_R2p_fastqc.html ./19499_combined_R2p_fastqc.zip ./19499_combined_R2p.fastq.gz ./19499_QCreads.md5 -o 19499_MGSD_CSIRO.qc.stats
[2022-08-05 11:04:28,390] multiqc                                            [DEBUG  ]  Could not connect to multiqc.info for version check: <urlopen error [Errno 111] Connection refused>
[2022-08-05 11:04:28,390] multiqc                                            [DEBUG  ]  Command     : /apps/multiqc/1.11/bin/multiqc ./19499_combined_merged_fastqc.html ./19499_combined_merged_fastqc.zip ./19499_combined_merged.fastq.gz ./19499_combined_R1p_fastqc.html ./19499_combined_R1p_fastqc.zip ./19499_combined_R1p.fastq.gz ./19499_combined_R1R2u_fastqc.html ./19499_combined_R1R2u_fastqc.zip ./19499_combined_R1R2u.fastq.gz ./19499_combined_R2p_fastqc.html ./19499_combined_R2p_fastqc.zip ./19499_combined_R2p.fastq.gz ./19499_QCreads.md5 -o 19499_MGSD_CSIRO.qc.stats
[2022-08-05 11:04:28,390] multiqc                                            [DEBUG  ]  Working dir : /datasets/work/oa-amd/work/amd/Metagenome_QC_reads
[2022-08-05 11:04:28,390] multiqc                                            [DEBUG  ]  Template    : default
[2022-08-05 11:04:28,390] multiqc                                            [DEBUG  ]  Running Python 3.9.4 (default, Apr 25 2021, 16:13:27)  [GCC 10.3.0]
[2022-08-05 11:04:28,391] multiqc                                            [DEBUG  ]  Analysing modules: custom_content, ccs, ngsderive, purple, conpair, lima, peddy, somalier, methylQA, mosdepth, phantompeakqualtools, qualimap, preseq, quast, qorts, rna_seqc, rockhopper, rsem, rseqc, busco, bustools, goleft_indexcov, gffcompare, disambiguate, supernova, deeptools, sargasso, verifybamid, mirtrace, happy, mirtop, sambamba, homer, hops, macs2, theta2, snpeff, gatk, htseq, bcftools, featureCounts, fgbio, dragen, dedup, damageprofiler, biobambam2, jcvi, mtnucratio, picard, vep, sentieon, prokka, qc3C, nanostat, samblaster, samtools, sexdeterrmine, eigenstratdatabasetools, bamtools, jellyfish, vcftools, longranger, stacks, varscan2, snippy, bbmap, bismark, biscuit, hicexplorer, hicup, hicpro, salmon, kallisto, slamdunk, star, hisat2, tophat, bowtie2, bowtie1, snpsplit, odgi, pangolin, kat, leehom, adapterRemoval, clipandmerge, cutadapt, flexbar, kaiju, kraken, malt, trimmomatic, sickle, skewer, sortmerna, biobloomtools, fastq_screen, afterqc, fastp, fastqc, pychopper, pycoqc, minionqc, multivcfanalyzer, clusterflow, bcl2fastq, bclconvert, interop, ivar, flash, seqyclean, optitype
[2022-08-05 11:04:28,391] multiqc                                            [DEBUG  ]  Using temporary directory for creating report: /tmp/smi9a9.8585113/tmpcpvre4t8
[2022-08-05 11:04:29,145] multiqc                                            [INFO   ]  Search path : /datasets/work/oa-amd/work/amd/Metagenome_QC_reads/19499_combined_merged_fastqc.html
[2022-08-05 11:04:29,145] multiqc                                            [INFO   ]  Search path : /datasets/work/oa-amd/work/amd/Metagenome_QC_reads/19499_combined_merged_fastqc.zip
[2022-08-05 11:04:29,145] multiqc                                            [INFO   ]  Search path : /datasets/work/oa-amd/work/amd/Metagenome_QC_reads/19499_combined_merged.fastq.gz
[2022-08-05 11:04:29,145] multiqc                                            [INFO   ]  Search path : /datasets/work/oa-amd/work/amd/Metagenome_QC_reads/19499_combined_R1p_fastqc.html
[2022-08-05 11:04:29,145] multiqc                                            [INFO   ]  Search path : /datasets/work/oa-amd/work/amd/Metagenome_QC_reads/19499_combined_R1p_fastqc.zip
[2022-08-05 11:04:29,145] multiqc                                            [INFO   ]  Search path : /datasets/work/oa-amd/work/amd/Metagenome_QC_reads/19499_combined_R1p.fastq.gz
[2022-08-05 11:04:29,145] multiqc                                            [INFO   ]  Search path : /datasets/work/oa-amd/work/amd/Metagenome_QC_reads/19499_combined_R1R2u_fastqc.html
[2022-08-05 11:04:29,146] multiqc                                            [INFO   ]  Search path : /datasets/work/oa-amd/work/amd/Metagenome_QC_reads/19499_combined_R1R2u_fastqc.zip
[2022-08-05 11:04:29,146] multiqc                                            [INFO   ]  Search path : /datasets/work/oa-amd/work/amd/Metagenome_QC_reads/19499_combined_R1R2u.fastq.gz
[2022-08-05 11:04:29,146] multiqc                                            [INFO   ]  Search path : /datasets/work/oa-amd/work/amd/Metagenome_QC_reads/19499_combined_R2p_fastqc.html
[2022-08-05 11:04:29,146] multiqc                                            [INFO   ]  Search path : /datasets/work/oa-amd/work/amd/Metagenome_QC_reads/19499_combined_R2p_fastqc.zip
[2022-08-05 11:04:29,146] multiqc                                            [INFO   ]  Search path : /datasets/work/oa-amd/work/amd/Metagenome_QC_reads/19499_combined_R2p.fastq.gz
[2022-08-05 11:04:29,146] multiqc                                            [INFO   ]  Search path : /datasets/work/oa-amd/work/amd/Metagenome_QC_reads/19499_QCreads.md5
[2022-08-05 11:04:29,212] multiqc                                            [DEBUG  ]  File ignored by ccs/v4 because it exceeded search pattern filesize limit: 19499_combined_merged_fastqc.html
[2022-08-05 11:04:29,216] multiqc                                            [DEBUG  ]  File ignored by hicexplorer because it exceeded search pattern filesize limit: 19499_combined_merged_fastqc.html
[2022-08-05 11:04:29,217] multiqc                                            [DEBUG  ]  File ignored by nanostat because it exceeded search pattern filesize limit: 19499_combined_merged_fastqc.html
[2022-08-05 11:04:29,217] multiqc                                            [DEBUG  ]  File ignored by lima/summary because it exceeded search pattern filesize limit: 19499_combined_merged_fastqc.html
[2022-08-05 11:04:29,229] multiqc                                            [DEBUG  ]  File ignored by vep/vep_txt because it exceeded search pattern filesize limit: 19499_combined_merged_fastqc.html
[2022-08-05 11:04:29,229] multiqc                                            [DEBUG  ]  File ignored by longranger/invocation because it exceeded search pattern filesize limit: 19499_combined_merged_fastqc.html
[2022-08-05 11:04:29,229] multiqc                                            [DEBUG  ]  File ignored by rockhopper because it exceeded search pattern filesize limit: 19499_combined_merged_fastqc.html
[2022-08-05 11:04:29,229] multiqc                                            [DEBUG  ]  File ignored by rseqc/bam_stat because it exceeded search pattern filesize limit: 19499_combined_merged_fastqc.html
[2022-08-05 11:04:29,229] multiqc                                            [DEBUG  ]  File ignored by rseqc/junction_annotation because it exceeded search pattern filesize limit: 19499_combined_merged_fastqc.html
[2022-08-05 11:04:29,229] multiqc                                            [DEBUG  ]  File ignored by rseqc/read_distribution because it exceeded search pattern filesize limit: 19499_combined_merged_fastqc.html
[2022-08-05 11:04:29,229] multiqc                                            [DEBUG  ]  File ignored by rseqc/infer_experiment because it exceeded search pattern filesize limit: 19499_combined_merged_fastqc.html
[2022-08-05 11:04:29,766] multiqc                                            [DEBUG  ]  Ignoring file as matched an ignore pattern: 19499_combined_merged.fastq.gz
[2022-08-05 11:04:30,396] multiqc                                            [DEBUG  ]  File ignored by ccs/v4 because it exceeded search pattern filesize limit: 19499_combined_R1p_fastqc.html
[2022-08-05 11:04:30,421] multiqc                                            [DEBUG  ]  File ignored by hicexplorer because it exceeded search pattern filesize limit: 19499_combined_R1p_fastqc.html
[2022-08-05 11:04:30,422] multiqc                                            [DEBUG  ]  File ignored by nanostat because it exceeded search pattern filesize limit: 19499_combined_R1p_fastqc.html
[2022-08-05 11:04:30,422] multiqc                                            [DEBUG  ]  File ignored by lima/summary because it exceeded search pattern filesize limit: 19499_combined_R1p_fastqc.html
[2022-08-05 11:04:30,440] multiqc                                            [DEBUG  ]  File ignored by vep/vep_txt because it exceeded search pattern filesize limit: 19499_combined_R1p_fastqc.html
[2022-08-05 11:04:30,440] multiqc                                            [DEBUG  ]  File ignored by longranger/invocation because it exceeded search pattern filesize limit: 19499_combined_R1p_fastqc.html
[2022-08-05 11:04:30,440] multiqc                                            [DEBUG  ]  File ignored by rockhopper because it exceeded search pattern filesize limit: 19499_combined_R1p_fastqc.html
[2022-08-05 11:04:30,440] multiqc                                            [DEBUG  ]  File ignored by rseqc/bam_stat because it exceeded search pattern filesize limit: 19499_combined_R1p_fastqc.html
[2022-08-05 11:04:30,440] multiqc                                            [DEBUG  ]  File ignored by rseqc/junction_annotation because it exceeded search pattern filesize limit: 19499_combined_R1p_fastqc.html
[2022-08-05 11:04:30,440] multiqc                                            [DEBUG  ]  File ignored by rseqc/read_distribution because it exceeded search pattern filesize limit: 19499_combined_R1p_fastqc.html
[2022-08-05 11:04:30,440] multiqc                                            [DEBUG  ]  File ignored by rseqc/infer_experiment because it exceeded search pattern filesize limit: 19499_combined_R1p_fastqc.html
[2022-08-05 11:04:30,535] multiqc                                            [DEBUG  ]  Ignoring file as matched an ignore pattern: 19499_combined_R1p.fastq.gz
[2022-08-05 11:04:30,701] multiqc                                            [DEBUG  ]  File ignored by ccs/v4 because it exceeded search pattern filesize limit: 19499_combined_R1R2u_fastqc.html
[2022-08-05 11:04:30,712] multiqc                                            [DEBUG  ]  File ignored by hicexplorer because it exceeded search pattern filesize limit: 19499_combined_R1R2u_fastqc.html
[2022-08-05 11:04:30,716] multiqc                                            [DEBUG  ]  File ignored by nanostat because it exceeded search pattern filesize limit: 19499_combined_R1R2u_fastqc.html
[2022-08-05 11:04:30,716] multiqc                                            [DEBUG  ]  File ignored by lima/summary because it exceeded search pattern filesize limit: 19499_combined_R1R2u_fastqc.html
[2022-08-05 11:04:30,741] multiqc                                            [DEBUG  ]  File ignored by vep/vep_txt because it exceeded search pattern filesize limit: 19499_combined_R1R2u_fastqc.html
[2022-08-05 11:04:30,741] multiqc                                            [DEBUG  ]  File ignored by longranger/invocation because it exceeded search pattern filesize limit: 19499_combined_R1R2u_fastqc.html
[2022-08-05 11:04:30,741] multiqc                                            [DEBUG  ]  File ignored by rockhopper because it exceeded search pattern filesize limit: 19499_combined_R1R2u_fastqc.html
[2022-08-05 11:04:30,741] multiqc                                            [DEBUG  ]  File ignored by rseqc/bam_stat because it exceeded search pattern filesize limit: 19499_combined_R1R2u_fastqc.html
[2022-08-05 11:04:30,741] multiqc                                            [DEBUG  ]  File ignored by rseqc/junction_annotation because it exceeded search pattern filesize limit: 19499_combined_R1R2u_fastqc.html
[2022-08-05 11:04:30,741] multiqc                                            [DEBUG  ]  File ignored by rseqc/read_distribution because it exceeded search pattern filesize limit: 19499_combined_R1R2u_fastqc.html
[2022-08-05 11:04:30,741] multiqc                                            [DEBUG  ]  File ignored by rseqc/infer_experiment because it exceeded search pattern filesize limit: 19499_combined_R1R2u_fastqc.html
[2022-08-05 11:04:30,901] multiqc                                            [DEBUG  ]  Ignoring file as matched an ignore pattern: 19499_combined_R1R2u.fastq.gz
[2022-08-05 11:04:31,655] multiqc                                            [DEBUG  ]  File ignored by ccs/v4 because it exceeded search pattern filesize limit: 19499_combined_R2p_fastqc.html
[2022-08-05 11:04:31,669] multiqc                                            [DEBUG  ]  File ignored by hicexplorer because it exceeded search pattern filesize limit: 19499_combined_R2p_fastqc.html
[2022-08-05 11:04:31,670] multiqc                                            [DEBUG  ]  File ignored by nanostat because it exceeded search pattern filesize limit: 19499_combined_R2p_fastqc.html
[2022-08-05 11:04:31,670] multiqc                                            [DEBUG  ]  File ignored by lima/summary because it exceeded search pattern filesize limit: 19499_combined_R2p_fastqc.html
[2022-08-05 11:04:31,697] multiqc                                            [DEBUG  ]  File ignored by vep/vep_txt because it exceeded search pattern filesize limit: 19499_combined_R2p_fastqc.html
[2022-08-05 11:04:31,697] multiqc                                            [DEBUG  ]  File ignored by longranger/invocation because it exceeded search pattern filesize limit: 19499_combined_R2p_fastqc.html
[2022-08-05 11:04:31,698] multiqc                                            [DEBUG  ]  File ignored by rockhopper because it exceeded search pattern filesize limit: 19499_combined_R2p_fastqc.html
[2022-08-05 11:04:31,698] multiqc                                            [DEBUG  ]  File ignored by rseqc/bam_stat because it exceeded search pattern filesize limit: 19499_combined_R2p_fastqc.html
[2022-08-05 11:04:31,698] multiqc                                            [DEBUG  ]  File ignored by rseqc/junction_annotation because it exceeded search pattern filesize limit: 19499_combined_R2p_fastqc.html
[2022-08-05 11:04:31,698] multiqc                                            [DEBUG  ]  File ignored by rseqc/read_distribution because it exceeded search pattern filesize limit: 19499_combined_R2p_fastqc.html
[2022-08-05 11:04:31,698] multiqc                                            [DEBUG  ]  File ignored by rseqc/infer_experiment because it exceeded search pattern filesize limit: 19499_combined_R2p_fastqc.html
[2022-08-05 11:04:31,794] multiqc                                            [DEBUG  ]  Ignoring file as matched an ignore pattern: 19499_combined_R2p.fastq.gz
[2022-08-05 11:04:31,796] multiqc                                            [DEBUG  ]  Ignoring file as matched an ignore pattern: 19499_QCreads.md5
[2022-08-05 11:04:33,336] multiqc.plots.bargraph                             [DEBUG  ]  Using matplotlib version 3.3.4
[2022-08-05 11:04:33,341] multiqc.plots.linegraph                            [DEBUG  ]  Using matplotlib version 3.3.4
[2022-08-05 11:04:33,344] multiqc                                            [DEBUG  ]  No samples found: custom_content
[2022-08-05 11:04:33,350] multiqc                                            [DEBUG  ]  No samples found: ccs
[2022-08-05 11:04:33,358] multiqc                                            [DEBUG  ]  No samples found: ngsderive
[2022-08-05 11:04:33,363] multiqc                                            [DEBUG  ]  No samples found: purple
[2022-08-05 11:04:33,369] multiqc                                            [DEBUG  ]  No samples found: conpair
[2022-08-05 11:04:33,375] multiqc                                            [DEBUG  ]  No samples found: lima
[2022-08-05 11:04:33,383] multiqc                                            [DEBUG  ]  No samples found: peddy
[2022-08-05 11:04:33,390] multiqc                                            [DEBUG  ]  No samples found: somalier
[2022-08-05 11:04:33,395] multiqc                                            [DEBUG  ]  No samples found: methylQA
[2022-08-05 11:04:33,407] multiqc.modules.mosdepth.mosdepth                  [DEBUG  ]  include_contigs: []
[2022-08-05 11:04:33,407] multiqc.modules.mosdepth.mosdepth                  [DEBUG  ]  exclude_contigs: []
[2022-08-05 11:04:33,407] multiqc                                            [DEBUG  ]  No samples found: mosdepth
[2022-08-05 11:04:33,642] multiqc                                            [DEBUG  ]  No samples found: phantompeakqualtools
[2022-08-05 11:04:33,646] multiqc                                            [DEBUG  ]  No samples found: qualimap
[2022-08-05 11:04:33,652] multiqc                                            [DEBUG  ]  No samples found: preseq
[2022-08-05 11:04:33,658] multiqc                                            [DEBUG  ]  No samples found: quast
[2022-08-05 11:04:33,662] multiqc                                            [DEBUG  ]  No samples found: qorts
[2022-08-05 11:04:33,668] multiqc                                            [DEBUG  ]  No samples found: rna_seqc
[2022-08-05 11:04:33,672] multiqc                                            [DEBUG  ]  No samples found: rockhopper
[2022-08-05 11:04:33,677] multiqc                                            [DEBUG  ]  No samples found: rsem
[2022-08-05 11:04:33,697] multiqc                                            [DEBUG  ]  No samples found: rseqc
[2022-08-05 11:04:33,702] multiqc                                            [DEBUG  ]  No samples found: busco
[2022-08-05 11:04:33,707] multiqc                                            [DEBUG  ]  No samples found: bustools
[2022-08-05 11:04:33,713] multiqc                                            [DEBUG  ]  No samples found: goleft_indexcov
[2022-08-05 11:04:33,948] multiqc                                            [DEBUG  ]  No samples found: gffcompare
[2022-08-05 11:04:33,953] multiqc                                            [DEBUG  ]  No samples found: disambiguate
[2022-08-05 11:04:34,190] multiqc                                            [DEBUG  ]  No samples found: supernova
[2022-08-05 11:04:34,208] multiqc                                            [DEBUG  ]  No samples found: deeptools
[2022-08-05 11:04:34,443] multiqc                                            [DEBUG  ]  No samples found: sargasso
[2022-08-05 11:04:34,449] multiqc                                            [DEBUG  ]  No samples found: verifybamid
[2022-08-05 11:04:34,455] multiqc                                            [DEBUG  ]  No samples found: mirtrace
[2022-08-05 11:04:34,460] multiqc                                            [DEBUG  ]  No samples found: happy
[2022-08-05 11:04:34,465] multiqc                                            [DEBUG  ]  No samples found: mirtop
[2022-08-05 11:04:34,471] multiqc                                            [DEBUG  ]  No samples found: sambamba
[2022-08-05 11:04:34,480] multiqc                                            [DEBUG  ]  No samples found: homer
[2022-08-05 11:04:34,485] multiqc                                            [DEBUG  ]  No samples found: hops
[2022-08-05 11:04:34,489] multiqc                                            [DEBUG  ]  No samples found: macs2
[2022-08-05 11:04:34,493] multiqc                                            [DEBUG  ]  No samples found: theta2
[2022-08-05 11:04:34,498] multiqc                                            [DEBUG  ]  No samples found: snpeff
[2022-08-05 11:04:34,507] multiqc                                            [DEBUG  ]  No samples found: gatk
[2022-08-05 11:04:34,511] multiqc                                            [DEBUG  ]  No samples found: htseq
[2022-08-05 11:04:34,518] multiqc                                            [DEBUG  ]  No samples found: bcftools
[2022-08-05 11:04:34,754] multiqc                                            [DEBUG  ]  No samples found: featureCounts
[2022-08-05 11:04:34,763] multiqc                                            [DEBUG  ]  No samples found: fgbio
[2022-08-05 11:04:34,780] multiqc                                            [DEBUG  ]  No samples found: dragen
[2022-08-05 11:04:34,784] multiqc                                            [DEBUG  ]  No samples found: dedup
[2022-08-05 11:04:34,790] multiqc                                            [DEBUG  ]  No samples found: damageprofiler
[2022-08-05 11:04:34,830] multiqc                                            [DEBUG  ]  No samples found: biobambam2
[2022-08-05 11:04:34,836] multiqc                                            [DEBUG  ]  No samples found: jcvi
[2022-08-05 11:04:34,841] multiqc                                            [DEBUG  ]  No samples found: mtnucratio
[2022-08-05 11:04:34,843] multiqc                                            [DEBUG  ]  No samples found: picard
[2022-08-05 11:04:34,849] multiqc                                            [DEBUG  ]  No samples found: vep
[2022-08-05 11:04:35,318] multiqc                                            [DEBUG  ]  No samples found: sentieon
[2022-08-05 11:04:35,323] multiqc                                            [DEBUG  ]  No samples found: prokka
[2022-08-05 11:04:35,331] multiqc                                            [DEBUG  ]  No samples found: qc3C
[2022-08-05 11:04:35,336] multiqc                                            [DEBUG  ]  No samples found: nanostat
[2022-08-05 11:04:35,341] multiqc                                            [DEBUG  ]  No samples found: samblaster
[2022-08-05 11:04:35,351] multiqc                                            [DEBUG  ]  No samples found: samtools
[2022-08-05 11:04:35,356] multiqc                                            [DEBUG  ]  No samples found: sexdeterrmine
[2022-08-05 11:04:35,360] multiqc                                            [DEBUG  ]  No samples found: eigenstratdatabasetools
[2022-08-05 11:04:35,366] multiqc                                            [DEBUG  ]  No samples found: bamtools
[2022-08-05 11:04:35,370] multiqc                                            [DEBUG  ]  No samples found: jellyfish
[2022-08-05 11:04:35,609] multiqc                                            [DEBUG  ]  No samples found: vcftools
[2022-08-05 11:04:35,615] multiqc                                            [DEBUG  ]  No samples found: longranger
[2022-08-05 11:04:35,620] multiqc                                            [DEBUG  ]  No samples found: stacks
[2022-08-05 11:04:35,625] multiqc                                            [DEBUG  ]  No samples found: varscan2
[2022-08-05 11:04:35,630] multiqc                                            [DEBUG  ]  No samples found: snippy
[2022-08-05 11:04:36,139] multiqc                                            [DEBUG  ]  No samples found: bbmap
[2022-08-05 11:04:36,146] multiqc                                            [DEBUG  ]  No samples found: bismark
[2022-08-05 11:04:36,154] multiqc                                            [DEBUG  ]  No samples found: biscuit
[2022-08-05 11:04:36,160] multiqc                                            [DEBUG  ]  No samples found: hicexplorer
[2022-08-05 11:04:36,165] multiqc                                            [DEBUG  ]  No samples found: hicup
[2022-08-05 11:04:36,171] multiqc                                            [DEBUG  ]  No samples found: hicpro
[2022-08-05 11:04:36,175] multiqc                                            [DEBUG  ]  No samples found: salmon
[2022-08-05 11:04:36,180] multiqc                                            [DEBUG  ]  No samples found: kallisto
[2022-08-05 11:04:36,187] multiqc                                            [DEBUG  ]  No samples found: slamdunk
[2022-08-05 11:04:36,192] multiqc                                            [DEBUG  ]  No samples found: star
[2022-08-05 11:04:36,197] multiqc                                            [DEBUG  ]  No samples found: hisat2
[2022-08-05 11:04:36,202] multiqc                                            [DEBUG  ]  No samples found: tophat
[2022-08-05 11:04:36,207] multiqc                                            [DEBUG  ]  No samples found: bowtie2
[2022-08-05 11:04:36,211] multiqc                                            [DEBUG  ]  No samples found: bowtie1
[2022-08-05 11:04:36,217] multiqc                                            [DEBUG  ]  No samples found: snpsplit
[2022-08-05 11:04:36,222] multiqc                                            [DEBUG  ]  No samples found: odgi
[2022-08-05 11:04:36,227] multiqc                                            [DEBUG  ]  No samples found: pangolin
[2022-08-05 11:04:36,231] multiqc                                            [DEBUG  ]  No samples found: kat
[2022-08-05 11:04:36,236] multiqc                                            [DEBUG  ]  No samples found: leehom
[2022-08-05 11:04:36,471] multiqc                                            [DEBUG  ]  No samples found: adapterRemoval
[2022-08-05 11:04:36,476] multiqc                                            [DEBUG  ]  No samples found: clipandmerge
[2022-08-05 11:04:36,481] multiqc                                            [DEBUG  ]  No samples found: cutadapt
[2022-08-05 11:04:36,486] multiqc                                            [DEBUG  ]  No samples found: flexbar
[2022-08-05 11:04:36,492] multiqc                                            [DEBUG  ]  No samples found: kaiju
[2022-08-05 11:04:36,498] multiqc                                            [DEBUG  ]  No samples found: kraken
[2022-08-05 11:04:36,503] multiqc                                            [DEBUG  ]  No samples found: malt
[2022-08-05 11:04:36,508] multiqc                                            [DEBUG  ]  No samples found: trimmomatic
[2022-08-05 11:04:36,743] multiqc                                            [DEBUG  ]  No samples found: sickle
[2022-08-05 11:04:37,229] multiqc                                            [DEBUG  ]  No samples found: skewer
[2022-08-05 11:04:37,233] multiqc                                            [DEBUG  ]  No samples found: sortmerna
[2022-08-05 11:04:37,699] multiqc                                            [DEBUG  ]  No samples found: biobloomtools
[2022-08-05 11:04:37,710] multiqc                                            [DEBUG  ]  No samples found: fastq_screen
[2022-08-05 11:04:37,952] multiqc                                            [DEBUG  ]  No samples found: afterqc
[2022-08-05 11:04:37,958] multiqc                                            [DEBUG  ]  No samples found: fastp
[2022-08-05 11:04:39,815] multiqc.modules.fastqc.fastqc                      [INFO   ]  Found 4 reports
[2022-08-05 11:04:39,864] multiqc                                            [DEBUG  ]  No samples found: pychopper
[2022-08-05 11:04:39,869] multiqc                                            [DEBUG  ]  No samples found: pycoqc
[2022-08-05 11:04:40,104] multiqc                                            [DEBUG  ]  No samples found: minionqc
[2022-08-05 11:04:40,110] multiqc                                            [DEBUG  ]  No samples found: multivcfanalyzer
[2022-08-05 11:04:40,116] multiqc                                            [DEBUG  ]  No samples found: clusterflow
[2022-08-05 11:04:40,122] multiqc                                            [DEBUG  ]  No samples found: bcl2fastq
[2022-08-05 11:04:40,130] multiqc                                            [DEBUG  ]  No samples found: bclconvert
[2022-08-05 11:04:40,135] multiqc                                            [DEBUG  ]  No samples found: interop
[2022-08-05 11:04:40,140] multiqc                                            [DEBUG  ]  No samples found: ivar
[2022-08-05 11:04:40,145] multiqc                                            [DEBUG  ]  No samples found: flash
[2022-08-05 11:04:40,150] multiqc                                            [DEBUG  ]  No samples found: seqyclean
[2022-08-05 11:04:40,155] multiqc                                            [DEBUG  ]  No samples found: optitype
[2022-08-05 11:04:40,159] multiqc                                            [INFO   ]  Compressing plot data
[2022-08-05 11:04:40,295] multiqc                                            [INFO   ]  Report      : 19499_MGSD_CSIRO.qc.stats/multiqc_report.html
[2022-08-05 11:04:40,295] multiqc                                            [INFO   ]  Data        : 19499_MGSD_CSIRO.qc.stats/multiqc_data
[2022-08-05 11:04:40,296] multiqc                                            [DEBUG  ]  Moving data file from '/tmp/smi9a9.8585113/tmpcpvre4t8/multiqc_data' to '19499_MGSD_CSIRO.qc.stats/multiqc_data'
[2022-08-05 11:04:40,978] multiqc                                            [INFO   ]  MultiQC complete
