[2022-08-05 11:06:51,033] multiqc                                            [DEBUG  ]  This is MultiQC v1.11
[2022-08-05 11:06:51,034] multiqc                                            [DEBUG  ]  No MultiQC config found: /apps/multiqc/1.11/lib/python3.9/site-packages/multiqc_config.yaml
[2022-08-05 11:06:51,034] multiqc                                            [DEBUG  ]  No MultiQC config found: /home/smi9a9/.multiqc_config.yaml
[2022-08-05 11:06:51,038] multiqc                                            [DEBUG  ]  No MultiQC config found: multiqc_config.yaml
[2022-08-05 11:06:51,038] multiqc                                            [DEBUG  ]  Command used: /apps/multiqc/1.11/bin/multiqc ./9462_H3WL3BCXX-1_merged_fastqc.html ./9462_H3WL3BCXX-1_merged_fastqc.zip ./9462_H3WL3BCXX-1_merged.fastq.gz ./9462_H3WL3BCXX-1_R1p_fastqc.html ./9462_H3WL3BCXX-1_R1p_fastqc.zip ./9462_H3WL3BCXX-1_R1p.fastq.gz ./9462_H3WL3BCXX-1_R1R2u_fastqc.html ./9462_H3WL3BCXX-1_R1R2u_fastqc.zip ./9462_H3WL3BCXX-1_R1R2u.fastq.gz ./9462_H3WL3BCXX-1_R2p_fastqc.html ./9462_H3WL3BCXX-1_R2p_fastqc.zip ./9462_H3WL3BCXX-1_R2p.fastq.gz ./9462_QCreads.md5 -o 9462_MGSD_CSIRO.qc.stats
[2022-08-05 11:06:51,040] multiqc                                            [DEBUG  ]  Could not connect to multiqc.info for version check: <urlopen error [Errno 111] Connection refused>
[2022-08-05 11:06:51,040] multiqc                                            [DEBUG  ]  Command     : /apps/multiqc/1.11/bin/multiqc ./9462_H3WL3BCXX-1_merged_fastqc.html ./9462_H3WL3BCXX-1_merged_fastqc.zip ./9462_H3WL3BCXX-1_merged.fastq.gz ./9462_H3WL3BCXX-1_R1p_fastqc.html ./9462_H3WL3BCXX-1_R1p_fastqc.zip ./9462_H3WL3BCXX-1_R1p.fastq.gz ./9462_H3WL3BCXX-1_R1R2u_fastqc.html ./9462_H3WL3BCXX-1_R1R2u_fastqc.zip ./9462_H3WL3BCXX-1_R1R2u.fastq.gz ./9462_H3WL3BCXX-1_R2p_fastqc.html ./9462_H3WL3BCXX-1_R2p_fastqc.zip ./9462_H3WL3BCXX-1_R2p.fastq.gz ./9462_QCreads.md5 -o 9462_MGSD_CSIRO.qc.stats
[2022-08-05 11:06:51,040] multiqc                                            [DEBUG  ]  Working dir : /datasets/work/oa-amd/work/amd/Metagenome_QC_reads
[2022-08-05 11:06:51,040] multiqc                                            [DEBUG  ]  Template    : default
[2022-08-05 11:06:51,040] multiqc                                            [DEBUG  ]  Running Python 3.9.4 (default, Apr 25 2021, 16:13:27)  [GCC 10.3.0]
[2022-08-05 11:06:51,041] multiqc                                            [DEBUG  ]  Analysing modules: custom_content, ccs, ngsderive, purple, conpair, lima, peddy, somalier, methylQA, mosdepth, phantompeakqualtools, qualimap, preseq, quast, qorts, rna_seqc, rockhopper, rsem, rseqc, busco, bustools, goleft_indexcov, gffcompare, disambiguate, supernova, deeptools, sargasso, verifybamid, mirtrace, happy, mirtop, sambamba, homer, hops, macs2, theta2, snpeff, gatk, htseq, bcftools, featureCounts, fgbio, dragen, dedup, damageprofiler, biobambam2, jcvi, mtnucratio, picard, vep, sentieon, prokka, qc3C, nanostat, samblaster, samtools, sexdeterrmine, eigenstratdatabasetools, bamtools, jellyfish, vcftools, longranger, stacks, varscan2, snippy, bbmap, bismark, biscuit, hicexplorer, hicup, hicpro, salmon, kallisto, slamdunk, star, hisat2, tophat, bowtie2, bowtie1, snpsplit, odgi, pangolin, kat, leehom, adapterRemoval, clipandmerge, cutadapt, flexbar, kaiju, kraken, malt, trimmomatic, sickle, skewer, sortmerna, biobloomtools, fastq_screen, afterqc, fastp, fastqc, pychopper, pycoqc, minionqc, multivcfanalyzer, clusterflow, bcl2fastq, bclconvert, interop, ivar, flash, seqyclean, optitype
[2022-08-05 11:06:51,041] multiqc                                            [DEBUG  ]  Using temporary directory for creating report: /tmp/smi9a9.8585385/tmpce4aev46
[2022-08-05 11:06:51,567] multiqc                                            [INFO   ]  Search path : /datasets/work/oa-amd/work/amd/Metagenome_QC_reads/9462_H3WL3BCXX-1_merged_fastqc.html
[2022-08-05 11:06:51,567] multiqc                                            [INFO   ]  Search path : /datasets/work/oa-amd/work/amd/Metagenome_QC_reads/9462_H3WL3BCXX-1_merged_fastqc.zip
[2022-08-05 11:06:51,567] multiqc                                            [INFO   ]  Search path : /datasets/work/oa-amd/work/amd/Metagenome_QC_reads/9462_H3WL3BCXX-1_merged.fastq.gz
[2022-08-05 11:06:51,567] multiqc                                            [INFO   ]  Search path : /datasets/work/oa-amd/work/amd/Metagenome_QC_reads/9462_H3WL3BCXX-1_R1p_fastqc.html
[2022-08-05 11:06:51,567] multiqc                                            [INFO   ]  Search path : /datasets/work/oa-amd/work/amd/Metagenome_QC_reads/9462_H3WL3BCXX-1_R1p_fastqc.zip
[2022-08-05 11:06:51,567] multiqc                                            [INFO   ]  Search path : /datasets/work/oa-amd/work/amd/Metagenome_QC_reads/9462_H3WL3BCXX-1_R1p.fastq.gz
[2022-08-05 11:06:51,568] multiqc                                            [INFO   ]  Search path : /datasets/work/oa-amd/work/amd/Metagenome_QC_reads/9462_H3WL3BCXX-1_R1R2u_fastqc.html
[2022-08-05 11:06:51,568] multiqc                                            [INFO   ]  Search path : /datasets/work/oa-amd/work/amd/Metagenome_QC_reads/9462_H3WL3BCXX-1_R1R2u_fastqc.zip
[2022-08-05 11:06:51,568] multiqc                                            [INFO   ]  Search path : /datasets/work/oa-amd/work/amd/Metagenome_QC_reads/9462_H3WL3BCXX-1_R1R2u.fastq.gz
[2022-08-05 11:06:51,568] multiqc                                            [INFO   ]  Search path : /datasets/work/oa-amd/work/amd/Metagenome_QC_reads/9462_H3WL3BCXX-1_R2p_fastqc.html
[2022-08-05 11:06:51,568] multiqc                                            [INFO   ]  Search path : /datasets/work/oa-amd/work/amd/Metagenome_QC_reads/9462_H3WL3BCXX-1_R2p_fastqc.zip
[2022-08-05 11:06:51,568] multiqc                                            [INFO   ]  Search path : /datasets/work/oa-amd/work/amd/Metagenome_QC_reads/9462_H3WL3BCXX-1_R2p.fastq.gz
[2022-08-05 11:06:51,568] multiqc                                            [INFO   ]  Search path : /datasets/work/oa-amd/work/amd/Metagenome_QC_reads/9462_QCreads.md5
[2022-08-05 11:06:52,436] multiqc                                            [DEBUG  ]  File ignored by ccs/v4 because it exceeded search pattern filesize limit: 9462_H3WL3BCXX-1_merged_fastqc.html
[2022-08-05 11:06:52,449] multiqc                                            [DEBUG  ]  File ignored by hicexplorer because it exceeded search pattern filesize limit: 9462_H3WL3BCXX-1_merged_fastqc.html
[2022-08-05 11:06:52,450] multiqc                                            [DEBUG  ]  File ignored by nanostat because it exceeded search pattern filesize limit: 9462_H3WL3BCXX-1_merged_fastqc.html
[2022-08-05 11:06:52,450] multiqc                                            [DEBUG  ]  File ignored by lima/summary because it exceeded search pattern filesize limit: 9462_H3WL3BCXX-1_merged_fastqc.html
[2022-08-05 11:06:52,471] multiqc                                            [DEBUG  ]  File ignored by vep/vep_txt because it exceeded search pattern filesize limit: 9462_H3WL3BCXX-1_merged_fastqc.html
[2022-08-05 11:06:52,471] multiqc                                            [DEBUG  ]  File ignored by longranger/invocation because it exceeded search pattern filesize limit: 9462_H3WL3BCXX-1_merged_fastqc.html
[2022-08-05 11:06:52,471] multiqc                                            [DEBUG  ]  File ignored by rockhopper because it exceeded search pattern filesize limit: 9462_H3WL3BCXX-1_merged_fastqc.html
[2022-08-05 11:06:52,471] multiqc                                            [DEBUG  ]  File ignored by rseqc/bam_stat because it exceeded search pattern filesize limit: 9462_H3WL3BCXX-1_merged_fastqc.html
[2022-08-05 11:06:52,471] multiqc                                            [DEBUG  ]  File ignored by rseqc/junction_annotation because it exceeded search pattern filesize limit: 9462_H3WL3BCXX-1_merged_fastqc.html
[2022-08-05 11:06:52,471] multiqc                                            [DEBUG  ]  File ignored by rseqc/read_distribution because it exceeded search pattern filesize limit: 9462_H3WL3BCXX-1_merged_fastqc.html
[2022-08-05 11:06:52,471] multiqc                                            [DEBUG  ]  File ignored by rseqc/infer_experiment because it exceeded search pattern filesize limit: 9462_H3WL3BCXX-1_merged_fastqc.html
[2022-08-05 11:06:52,704] multiqc                                            [DEBUG  ]  Ignoring file as matched an ignore pattern: 9462_H3WL3BCXX-1_merged.fastq.gz
[2022-08-05 11:06:53,287] multiqc                                            [DEBUG  ]  File ignored by ccs/v4 because it exceeded search pattern filesize limit: 9462_H3WL3BCXX-1_R1p_fastqc.html
[2022-08-05 11:06:53,298] multiqc                                            [DEBUG  ]  File ignored by hicexplorer because it exceeded search pattern filesize limit: 9462_H3WL3BCXX-1_R1p_fastqc.html
[2022-08-05 11:06:53,299] multiqc                                            [DEBUG  ]  File ignored by nanostat because it exceeded search pattern filesize limit: 9462_H3WL3BCXX-1_R1p_fastqc.html
[2022-08-05 11:06:53,299] multiqc                                            [DEBUG  ]  File ignored by lima/summary because it exceeded search pattern filesize limit: 9462_H3WL3BCXX-1_R1p_fastqc.html
[2022-08-05 11:06:53,332] multiqc                                            [DEBUG  ]  File ignored by vep/vep_txt because it exceeded search pattern filesize limit: 9462_H3WL3BCXX-1_R1p_fastqc.html
[2022-08-05 11:06:53,332] multiqc                                            [DEBUG  ]  File ignored by longranger/invocation because it exceeded search pattern filesize limit: 9462_H3WL3BCXX-1_R1p_fastqc.html
[2022-08-05 11:06:53,332] multiqc                                            [DEBUG  ]  File ignored by rockhopper because it exceeded search pattern filesize limit: 9462_H3WL3BCXX-1_R1p_fastqc.html
[2022-08-05 11:06:53,332] multiqc                                            [DEBUG  ]  File ignored by rseqc/bam_stat because it exceeded search pattern filesize limit: 9462_H3WL3BCXX-1_R1p_fastqc.html
[2022-08-05 11:06:53,332] multiqc                                            [DEBUG  ]  File ignored by rseqc/junction_annotation because it exceeded search pattern filesize limit: 9462_H3WL3BCXX-1_R1p_fastqc.html
[2022-08-05 11:06:53,332] multiqc                                            [DEBUG  ]  File ignored by rseqc/read_distribution because it exceeded search pattern filesize limit: 9462_H3WL3BCXX-1_R1p_fastqc.html
[2022-08-05 11:06:53,332] multiqc                                            [DEBUG  ]  File ignored by rseqc/infer_experiment because it exceeded search pattern filesize limit: 9462_H3WL3BCXX-1_R1p_fastqc.html
[2022-08-05 11:06:53,825] multiqc                                            [DEBUG  ]  Ignoring file as matched an ignore pattern: 9462_H3WL3BCXX-1_R1p.fastq.gz
[2022-08-05 11:06:53,927] multiqc                                            [DEBUG  ]  File ignored by ccs/v4 because it exceeded search pattern filesize limit: 9462_H3WL3BCXX-1_R1R2u_fastqc.html
[2022-08-05 11:06:53,953] multiqc                                            [DEBUG  ]  File ignored by hicexplorer because it exceeded search pattern filesize limit: 9462_H3WL3BCXX-1_R1R2u_fastqc.html
[2022-08-05 11:06:53,966] multiqc                                            [DEBUG  ]  File ignored by nanostat because it exceeded search pattern filesize limit: 9462_H3WL3BCXX-1_R1R2u_fastqc.html
[2022-08-05 11:06:53,966] multiqc                                            [DEBUG  ]  File ignored by lima/summary because it exceeded search pattern filesize limit: 9462_H3WL3BCXX-1_R1R2u_fastqc.html
[2022-08-05 11:06:54,043] multiqc                                            [DEBUG  ]  File ignored by vep/vep_txt because it exceeded search pattern filesize limit: 9462_H3WL3BCXX-1_R1R2u_fastqc.html
[2022-08-05 11:06:54,043] multiqc                                            [DEBUG  ]  File ignored by longranger/invocation because it exceeded search pattern filesize limit: 9462_H3WL3BCXX-1_R1R2u_fastqc.html
[2022-08-05 11:06:54,043] multiqc                                            [DEBUG  ]  File ignored by rockhopper because it exceeded search pattern filesize limit: 9462_H3WL3BCXX-1_R1R2u_fastqc.html
[2022-08-05 11:06:54,043] multiqc                                            [DEBUG  ]  File ignored by rseqc/bam_stat because it exceeded search pattern filesize limit: 9462_H3WL3BCXX-1_R1R2u_fastqc.html
[2022-08-05 11:06:54,043] multiqc                                            [DEBUG  ]  File ignored by rseqc/junction_annotation because it exceeded search pattern filesize limit: 9462_H3WL3BCXX-1_R1R2u_fastqc.html
[2022-08-05 11:06:54,043] multiqc                                            [DEBUG  ]  File ignored by rseqc/read_distribution because it exceeded search pattern filesize limit: 9462_H3WL3BCXX-1_R1R2u_fastqc.html
[2022-08-05 11:06:54,043] multiqc                                            [DEBUG  ]  File ignored by rseqc/infer_experiment because it exceeded search pattern filesize limit: 9462_H3WL3BCXX-1_R1R2u_fastqc.html
[2022-08-05 11:06:54,702] multiqc                                            [DEBUG  ]  Ignoring file as matched an ignore pattern: 9462_H3WL3BCXX-1_R1R2u.fastq.gz
[2022-08-05 11:06:54,991] multiqc                                            [DEBUG  ]  File ignored by ccs/v4 because it exceeded search pattern filesize limit: 9462_H3WL3BCXX-1_R2p_fastqc.html
[2022-08-05 11:06:55,011] multiqc                                            [DEBUG  ]  File ignored by hicexplorer because it exceeded search pattern filesize limit: 9462_H3WL3BCXX-1_R2p_fastqc.html
[2022-08-05 11:06:55,012] multiqc                                            [DEBUG  ]  File ignored by nanostat because it exceeded search pattern filesize limit: 9462_H3WL3BCXX-1_R2p_fastqc.html
[2022-08-05 11:06:55,012] multiqc                                            [DEBUG  ]  File ignored by lima/summary because it exceeded search pattern filesize limit: 9462_H3WL3BCXX-1_R2p_fastqc.html
[2022-08-05 11:06:55,028] multiqc                                            [DEBUG  ]  File ignored by vep/vep_txt because it exceeded search pattern filesize limit: 9462_H3WL3BCXX-1_R2p_fastqc.html
[2022-08-05 11:06:55,028] multiqc                                            [DEBUG  ]  File ignored by longranger/invocation because it exceeded search pattern filesize limit: 9462_H3WL3BCXX-1_R2p_fastqc.html
[2022-08-05 11:06:55,028] multiqc                                            [DEBUG  ]  File ignored by rockhopper because it exceeded search pattern filesize limit: 9462_H3WL3BCXX-1_R2p_fastqc.html
[2022-08-05 11:06:55,028] multiqc                                            [DEBUG  ]  File ignored by rseqc/bam_stat because it exceeded search pattern filesize limit: 9462_H3WL3BCXX-1_R2p_fastqc.html
[2022-08-05 11:06:55,028] multiqc                                            [DEBUG  ]  File ignored by rseqc/junction_annotation because it exceeded search pattern filesize limit: 9462_H3WL3BCXX-1_R2p_fastqc.html
[2022-08-05 11:06:55,028] multiqc                                            [DEBUG  ]  File ignored by rseqc/read_distribution because it exceeded search pattern filesize limit: 9462_H3WL3BCXX-1_R2p_fastqc.html
[2022-08-05 11:06:55,028] multiqc                                            [DEBUG  ]  File ignored by rseqc/infer_experiment because it exceeded search pattern filesize limit: 9462_H3WL3BCXX-1_R2p_fastqc.html
[2022-08-05 11:06:55,118] multiqc                                            [DEBUG  ]  Ignoring file as matched an ignore pattern: 9462_H3WL3BCXX-1_R2p.fastq.gz
[2022-08-05 11:06:55,119] multiqc                                            [DEBUG  ]  Ignoring file as matched an ignore pattern: 9462_QCreads.md5
[2022-08-05 11:06:55,852] multiqc.plots.bargraph                             [DEBUG  ]  Using matplotlib version 3.3.4
[2022-08-05 11:06:55,857] multiqc.plots.linegraph                            [DEBUG  ]  Using matplotlib version 3.3.4
[2022-08-05 11:06:55,860] multiqc                                            [DEBUG  ]  No samples found: custom_content
[2022-08-05 11:06:55,865] multiqc                                            [DEBUG  ]  No samples found: ccs
[2022-08-05 11:06:55,870] multiqc                                            [DEBUG  ]  No samples found: ngsderive
[2022-08-05 11:06:55,875] multiqc                                            [DEBUG  ]  No samples found: purple
[2022-08-05 11:06:55,879] multiqc                                            [DEBUG  ]  No samples found: conpair
[2022-08-05 11:06:55,884] multiqc                                            [DEBUG  ]  No samples found: lima
[2022-08-05 11:06:55,890] multiqc                                            [DEBUG  ]  No samples found: peddy
[2022-08-05 11:06:55,896] multiqc                                            [DEBUG  ]  No samples found: somalier
[2022-08-05 11:06:55,900] multiqc                                            [DEBUG  ]  No samples found: methylQA
[2022-08-05 11:06:55,911] multiqc.modules.mosdepth.mosdepth                  [DEBUG  ]  include_contigs: []
[2022-08-05 11:06:55,911] multiqc.modules.mosdepth.mosdepth                  [DEBUG  ]  exclude_contigs: []
[2022-08-05 11:06:55,911] multiqc                                            [DEBUG  ]  No samples found: mosdepth
[2022-08-05 11:06:55,915] multiqc                                            [DEBUG  ]  No samples found: phantompeakqualtools
[2022-08-05 11:06:56,148] multiqc                                            [DEBUG  ]  No samples found: qualimap
[2022-08-05 11:06:56,154] multiqc                                            [DEBUG  ]  No samples found: preseq
[2022-08-05 11:06:56,159] multiqc                                            [DEBUG  ]  No samples found: quast
[2022-08-05 11:06:56,164] multiqc                                            [DEBUG  ]  No samples found: qorts
[2022-08-05 11:06:56,169] multiqc                                            [DEBUG  ]  No samples found: rna_seqc
[2022-08-05 11:06:56,174] multiqc                                            [DEBUG  ]  No samples found: rockhopper
[2022-08-05 11:06:56,178] multiqc                                            [DEBUG  ]  No samples found: rsem
[2022-08-05 11:06:56,425] multiqc                                            [DEBUG  ]  No samples found: rseqc
[2022-08-05 11:06:56,429] multiqc                                            [DEBUG  ]  No samples found: busco
[2022-08-05 11:06:56,434] multiqc                                            [DEBUG  ]  No samples found: bustools
[2022-08-05 11:06:56,439] multiqc                                            [DEBUG  ]  No samples found: goleft_indexcov
[2022-08-05 11:06:56,443] multiqc                                            [DEBUG  ]  No samples found: gffcompare
[2022-08-05 11:06:56,448] multiqc                                            [DEBUG  ]  No samples found: disambiguate
[2022-08-05 11:06:56,683] multiqc                                            [DEBUG  ]  No samples found: supernova
[2022-08-05 11:06:56,701] multiqc                                            [DEBUG  ]  No samples found: deeptools
[2022-08-05 11:06:56,706] multiqc                                            [DEBUG  ]  No samples found: sargasso
[2022-08-05 11:06:56,711] multiqc                                            [DEBUG  ]  No samples found: verifybamid
[2022-08-05 11:06:56,716] multiqc                                            [DEBUG  ]  No samples found: mirtrace
[2022-08-05 11:06:56,721] multiqc                                            [DEBUG  ]  No samples found: happy
[2022-08-05 11:06:56,726] multiqc                                            [DEBUG  ]  No samples found: mirtop
[2022-08-05 11:06:56,731] multiqc                                            [DEBUG  ]  No samples found: sambamba
[2022-08-05 11:06:56,969] multiqc                                            [DEBUG  ]  No samples found: homer
[2022-08-05 11:06:56,973] multiqc                                            [DEBUG  ]  No samples found: hops
[2022-08-05 11:06:56,978] multiqc                                            [DEBUG  ]  No samples found: macs2
[2022-08-05 11:06:56,982] multiqc                                            [DEBUG  ]  No samples found: theta2
[2022-08-05 11:06:57,216] multiqc                                            [DEBUG  ]  No samples found: snpeff
[2022-08-05 11:06:57,224] multiqc                                            [DEBUG  ]  No samples found: gatk
[2022-08-05 11:06:57,229] multiqc                                            [DEBUG  ]  No samples found: htseq
[2022-08-05 11:06:57,235] multiqc                                            [DEBUG  ]  No samples found: bcftools
[2022-08-05 11:06:57,240] multiqc                                            [DEBUG  ]  No samples found: featureCounts
[2022-08-05 11:06:57,248] multiqc                                            [DEBUG  ]  No samples found: fgbio
[2022-08-05 11:06:57,265] multiqc                                            [DEBUG  ]  No samples found: dragen
[2022-08-05 11:06:57,270] multiqc                                            [DEBUG  ]  No samples found: dedup
[2022-08-05 11:06:57,275] multiqc                                            [DEBUG  ]  No samples found: damageprofiler
[2022-08-05 11:06:57,313] multiqc                                            [DEBUG  ]  No samples found: biobambam2
[2022-08-05 11:06:57,318] multiqc                                            [DEBUG  ]  No samples found: jcvi
[2022-08-05 11:06:57,323] multiqc                                            [DEBUG  ]  No samples found: mtnucratio
[2022-08-05 11:06:57,325] multiqc                                            [DEBUG  ]  No samples found: picard
[2022-08-05 11:06:57,330] multiqc                                            [DEBUG  ]  No samples found: vep
[2022-08-05 11:06:57,339] multiqc                                            [DEBUG  ]  No samples found: sentieon
[2022-08-05 11:06:57,343] multiqc                                            [DEBUG  ]  No samples found: prokka
[2022-08-05 11:06:57,351] multiqc                                            [DEBUG  ]  No samples found: qc3C
[2022-08-05 11:06:57,356] multiqc                                            [DEBUG  ]  No samples found: nanostat
[2022-08-05 11:06:57,360] multiqc                                            [DEBUG  ]  No samples found: samblaster
[2022-08-05 11:06:57,370] multiqc                                            [DEBUG  ]  No samples found: samtools
[2022-08-05 11:06:57,374] multiqc                                            [DEBUG  ]  No samples found: sexdeterrmine
[2022-08-05 11:06:57,378] multiqc                                            [DEBUG  ]  No samples found: eigenstratdatabasetools
[2022-08-05 11:06:57,384] multiqc                                            [DEBUG  ]  No samples found: bamtools
[2022-08-05 11:06:57,388] multiqc                                            [DEBUG  ]  No samples found: jellyfish
[2022-08-05 11:06:57,397] multiqc                                            [DEBUG  ]  No samples found: vcftools
[2022-08-05 11:06:57,632] multiqc                                            [DEBUG  ]  No samples found: longranger
[2022-08-05 11:06:57,637] multiqc                                            [DEBUG  ]  No samples found: stacks
[2022-08-05 11:06:57,642] multiqc                                            [DEBUG  ]  No samples found: varscan2
[2022-08-05 11:06:57,646] multiqc                                            [DEBUG  ]  No samples found: snippy
[2022-08-05 11:06:57,666] multiqc                                            [DEBUG  ]  No samples found: bbmap
[2022-08-05 11:06:57,671] multiqc                                            [DEBUG  ]  No samples found: bismark
[2022-08-05 11:06:57,680] multiqc                                            [DEBUG  ]  No samples found: biscuit
[2022-08-05 11:06:57,685] multiqc                                            [DEBUG  ]  No samples found: hicexplorer
[2022-08-05 11:06:57,920] multiqc                                            [DEBUG  ]  No samples found: hicup
[2022-08-05 11:06:57,925] multiqc                                            [DEBUG  ]  No samples found: hicpro
[2022-08-05 11:06:57,929] multiqc                                            [DEBUG  ]  No samples found: salmon
[2022-08-05 11:06:57,934] multiqc                                            [DEBUG  ]  No samples found: kallisto
[2022-08-05 11:06:57,940] multiqc                                            [DEBUG  ]  No samples found: slamdunk
[2022-08-05 11:06:57,945] multiqc                                            [DEBUG  ]  No samples found: star
[2022-08-05 11:06:57,950] multiqc                                            [DEBUG  ]  No samples found: hisat2
[2022-08-05 11:06:57,954] multiqc                                            [DEBUG  ]  No samples found: tophat
[2022-08-05 11:06:57,958] multiqc                                            [DEBUG  ]  No samples found: bowtie2
[2022-08-05 11:06:57,963] multiqc                                            [DEBUG  ]  No samples found: bowtie1
[2022-08-05 11:06:57,967] multiqc                                            [DEBUG  ]  No samples found: snpsplit
[2022-08-05 11:06:57,972] multiqc                                            [DEBUG  ]  No samples found: odgi
[2022-08-05 11:06:57,977] multiqc                                            [DEBUG  ]  No samples found: pangolin
[2022-08-05 11:06:57,982] multiqc                                            [DEBUG  ]  No samples found: kat
[2022-08-05 11:06:57,989] multiqc                                            [DEBUG  ]  No samples found: leehom
[2022-08-05 11:06:57,998] multiqc                                            [DEBUG  ]  No samples found: adapterRemoval
[2022-08-05 11:06:58,012] multiqc                                            [DEBUG  ]  No samples found: clipandmerge
[2022-08-05 11:06:58,021] multiqc                                            [DEBUG  ]  No samples found: cutadapt
[2022-08-05 11:06:58,027] multiqc                                            [DEBUG  ]  No samples found: flexbar
[2022-08-05 11:06:58,033] multiqc                                            [DEBUG  ]  No samples found: kaiju
[2022-08-05 11:06:58,040] multiqc                                            [DEBUG  ]  No samples found: kraken
[2022-08-05 11:06:58,045] multiqc                                            [DEBUG  ]  No samples found: malt
[2022-08-05 11:06:58,071] multiqc                                            [DEBUG  ]  No samples found: trimmomatic
[2022-08-05 11:06:58,075] multiqc                                            [DEBUG  ]  No samples found: sickle
[2022-08-05 11:06:58,080] multiqc                                            [DEBUG  ]  No samples found: skewer
[2022-08-05 11:06:58,085] multiqc                                            [DEBUG  ]  No samples found: sortmerna
[2022-08-05 11:06:58,093] multiqc                                            [DEBUG  ]  No samples found: biobloomtools
[2022-08-05 11:06:58,098] multiqc                                            [DEBUG  ]  No samples found: fastq_screen
[2022-08-05 11:06:58,103] multiqc                                            [DEBUG  ]  No samples found: afterqc
[2022-08-05 11:06:58,109] multiqc                                            [DEBUG  ]  No samples found: fastp
[2022-08-05 11:06:58,456] multiqc.modules.fastqc.fastqc                      [INFO   ]  Found 4 reports
[2022-08-05 11:06:58,539] multiqc                                            [DEBUG  ]  No samples found: pychopper
[2022-08-05 11:06:58,545] multiqc                                            [DEBUG  ]  No samples found: pycoqc
[2022-08-05 11:06:58,552] multiqc                                            [DEBUG  ]  No samples found: minionqc
[2022-08-05 11:06:58,557] multiqc                                            [DEBUG  ]  No samples found: multivcfanalyzer
[2022-08-05 11:06:58,562] multiqc                                            [DEBUG  ]  No samples found: clusterflow
[2022-08-05 11:06:58,569] multiqc                                            [DEBUG  ]  No samples found: bcl2fastq
[2022-08-05 11:06:58,576] multiqc                                            [DEBUG  ]  No samples found: bclconvert
[2022-08-05 11:06:58,582] multiqc                                            [DEBUG  ]  No samples found: interop
[2022-08-05 11:06:58,587] multiqc                                            [DEBUG  ]  No samples found: ivar
[2022-08-05 11:06:58,592] multiqc                                            [DEBUG  ]  No samples found: flash
[2022-08-05 11:06:58,597] multiqc                                            [DEBUG  ]  No samples found: seqyclean
[2022-08-05 11:06:58,602] multiqc                                            [DEBUG  ]  No samples found: optitype
[2022-08-05 11:06:58,606] multiqc                                            [INFO   ]  Compressing plot data
[2022-08-05 11:06:58,675] multiqc                                            [INFO   ]  Report      : 9462_MGSD_CSIRO.qc.stats/multiqc_report.html
[2022-08-05 11:06:58,676] multiqc                                            [INFO   ]  Data        : 9462_MGSD_CSIRO.qc.stats/multiqc_data
[2022-08-05 11:06:58,676] multiqc                                            [DEBUG  ]  Moving data file from '/tmp/smi9a9.8585385/tmpce4aev46/multiqc_data' to '9462_MGSD_CSIRO.qc.stats/multiqc_data'
[2022-08-05 11:07:00,247] multiqc                                            [INFO   ]  MultiQC complete
