[2022-08-05 11:06:29,168] multiqc                                            [DEBUG  ]  This is MultiQC v1.11
[2022-08-05 11:06:29,168] multiqc                                            [DEBUG  ]  No MultiQC config found: /apps/multiqc/1.11/lib/python3.9/site-packages/multiqc_config.yaml
[2022-08-05 11:06:29,168] multiqc                                            [DEBUG  ]  No MultiQC config found: /home/smi9a9/.multiqc_config.yaml
[2022-08-05 11:06:29,169] multiqc                                            [DEBUG  ]  No MultiQC config found: multiqc_config.yaml
[2022-08-05 11:06:29,169] multiqc                                            [DEBUG  ]  Command used: /apps/multiqc/1.11/bin/multiqc ./401556_HL7J5DSX3-1_merged_fastqc.html ./401556_HL7J5DSX3-1_merged_fastqc.zip ./401556_HL7J5DSX3-1_merged.fastq.gz ./401556_HL7J5DSX3-1_R1p_fastqc.html ./401556_HL7J5DSX3-1_R1p_fastqc.zip ./401556_HL7J5DSX3-1_R1p.fastq.gz ./401556_HL7J5DSX3-1_R1R2u_fastqc.html ./401556_HL7J5DSX3-1_R1R2u_fastqc.zip ./401556_HL7J5DSX3-1_R1R2u.fastq.gz ./401556_HL7J5DSX3-1_R2p_fastqc.html ./401556_HL7J5DSX3-1_R2p_fastqc.zip ./401556_HL7J5DSX3-1_R2p.fastq.gz ./401556_QCreads.md5 -o 401556_MGSD_CSIRO.qc.stats
[2022-08-05 11:06:29,171] multiqc                                            [DEBUG  ]  Could not connect to multiqc.info for version check: <urlopen error [Errno 111] Connection refused>
[2022-08-05 11:06:29,171] multiqc                                            [DEBUG  ]  Command     : /apps/multiqc/1.11/bin/multiqc ./401556_HL7J5DSX3-1_merged_fastqc.html ./401556_HL7J5DSX3-1_merged_fastqc.zip ./401556_HL7J5DSX3-1_merged.fastq.gz ./401556_HL7J5DSX3-1_R1p_fastqc.html ./401556_HL7J5DSX3-1_R1p_fastqc.zip ./401556_HL7J5DSX3-1_R1p.fastq.gz ./401556_HL7J5DSX3-1_R1R2u_fastqc.html ./401556_HL7J5DSX3-1_R1R2u_fastqc.zip ./401556_HL7J5DSX3-1_R1R2u.fastq.gz ./401556_HL7J5DSX3-1_R2p_fastqc.html ./401556_HL7J5DSX3-1_R2p_fastqc.zip ./401556_HL7J5DSX3-1_R2p.fastq.gz ./401556_QCreads.md5 -o 401556_MGSD_CSIRO.qc.stats
[2022-08-05 11:06:29,171] multiqc                                            [DEBUG  ]  Working dir : /datasets/work/oa-amd/work/amd/Metagenome_QC_reads
[2022-08-05 11:06:29,171] multiqc                                            [DEBUG  ]  Template    : default
[2022-08-05 11:06:29,171] multiqc                                            [DEBUG  ]  Running Python 3.9.4 (default, Apr 25 2021, 16:13:27)  [GCC 10.3.0]
[2022-08-05 11:06:29,172] multiqc                                            [DEBUG  ]  Analysing modules: custom_content, ccs, ngsderive, purple, conpair, lima, peddy, somalier, methylQA, mosdepth, phantompeakqualtools, qualimap, preseq, quast, qorts, rna_seqc, rockhopper, rsem, rseqc, busco, bustools, goleft_indexcov, gffcompare, disambiguate, supernova, deeptools, sargasso, verifybamid, mirtrace, happy, mirtop, sambamba, homer, hops, macs2, theta2, snpeff, gatk, htseq, bcftools, featureCounts, fgbio, dragen, dedup, damageprofiler, biobambam2, jcvi, mtnucratio, picard, vep, sentieon, prokka, qc3C, nanostat, samblaster, samtools, sexdeterrmine, eigenstratdatabasetools, bamtools, jellyfish, vcftools, longranger, stacks, varscan2, snippy, bbmap, bismark, biscuit, hicexplorer, hicup, hicpro, salmon, kallisto, slamdunk, star, hisat2, tophat, bowtie2, bowtie1, snpsplit, odgi, pangolin, kat, leehom, adapterRemoval, clipandmerge, cutadapt, flexbar, kaiju, kraken, malt, trimmomatic, sickle, skewer, sortmerna, biobloomtools, fastq_screen, afterqc, fastp, fastqc, pychopper, pycoqc, minionqc, multivcfanalyzer, clusterflow, bcl2fastq, bclconvert, interop, ivar, flash, seqyclean, optitype
[2022-08-05 11:06:29,172] multiqc                                            [DEBUG  ]  Using temporary directory for creating report: /tmp/smi9a9.8585360/tmppa48y1l4
[2022-08-05 11:06:29,464] multiqc                                            [INFO   ]  Search path : /datasets/work/oa-amd/work/amd/Metagenome_QC_reads/401556_HL7J5DSX3-1_merged_fastqc.html
[2022-08-05 11:06:29,464] multiqc                                            [INFO   ]  Search path : /datasets/work/oa-amd/work/amd/Metagenome_QC_reads/401556_HL7J5DSX3-1_merged_fastqc.zip
[2022-08-05 11:06:29,464] multiqc                                            [INFO   ]  Search path : /datasets/work/oa-amd/work/amd/Metagenome_QC_reads/401556_HL7J5DSX3-1_merged.fastq.gz
[2022-08-05 11:06:29,464] multiqc                                            [INFO   ]  Search path : /datasets/work/oa-amd/work/amd/Metagenome_QC_reads/401556_HL7J5DSX3-1_R1p_fastqc.html
[2022-08-05 11:06:29,464] multiqc                                            [INFO   ]  Search path : /datasets/work/oa-amd/work/amd/Metagenome_QC_reads/401556_HL7J5DSX3-1_R1p_fastqc.zip
[2022-08-05 11:06:29,464] multiqc                                            [INFO   ]  Search path : /datasets/work/oa-amd/work/amd/Metagenome_QC_reads/401556_HL7J5DSX3-1_R1p.fastq.gz
[2022-08-05 11:06:29,464] multiqc                                            [INFO   ]  Search path : /datasets/work/oa-amd/work/amd/Metagenome_QC_reads/401556_HL7J5DSX3-1_R1R2u_fastqc.html
[2022-08-05 11:06:29,464] multiqc                                            [INFO   ]  Search path : /datasets/work/oa-amd/work/amd/Metagenome_QC_reads/401556_HL7J5DSX3-1_R1R2u_fastqc.zip
[2022-08-05 11:06:29,464] multiqc                                            [INFO   ]  Search path : /datasets/work/oa-amd/work/amd/Metagenome_QC_reads/401556_HL7J5DSX3-1_R1R2u.fastq.gz
[2022-08-05 11:06:29,464] multiqc                                            [INFO   ]  Search path : /datasets/work/oa-amd/work/amd/Metagenome_QC_reads/401556_HL7J5DSX3-1_R2p_fastqc.html
[2022-08-05 11:06:29,464] multiqc                                            [INFO   ]  Search path : /datasets/work/oa-amd/work/amd/Metagenome_QC_reads/401556_HL7J5DSX3-1_R2p_fastqc.zip
[2022-08-05 11:06:29,464] multiqc                                            [INFO   ]  Search path : /datasets/work/oa-amd/work/amd/Metagenome_QC_reads/401556_HL7J5DSX3-1_R2p.fastq.gz
[2022-08-05 11:06:29,464] multiqc                                            [INFO   ]  Search path : /datasets/work/oa-amd/work/amd/Metagenome_QC_reads/401556_QCreads.md5
[2022-08-05 11:06:29,730] multiqc                                            [DEBUG  ]  File ignored by ccs/v4 because it exceeded search pattern filesize limit: 401556_HL7J5DSX3-1_merged_fastqc.html
[2022-08-05 11:06:29,739] multiqc                                            [DEBUG  ]  File ignored by hicexplorer because it exceeded search pattern filesize limit: 401556_HL7J5DSX3-1_merged_fastqc.html
[2022-08-05 11:06:29,740] multiqc                                            [DEBUG  ]  File ignored by nanostat because it exceeded search pattern filesize limit: 401556_HL7J5DSX3-1_merged_fastqc.html
[2022-08-05 11:06:29,740] multiqc                                            [DEBUG  ]  File ignored by lima/summary because it exceeded search pattern filesize limit: 401556_HL7J5DSX3-1_merged_fastqc.html
[2022-08-05 11:06:29,759] multiqc                                            [DEBUG  ]  File ignored by vep/vep_txt because it exceeded search pattern filesize limit: 401556_HL7J5DSX3-1_merged_fastqc.html
[2022-08-05 11:06:29,759] multiqc                                            [DEBUG  ]  File ignored by longranger/invocation because it exceeded search pattern filesize limit: 401556_HL7J5DSX3-1_merged_fastqc.html
[2022-08-05 11:06:29,759] multiqc                                            [DEBUG  ]  File ignored by rockhopper because it exceeded search pattern filesize limit: 401556_HL7J5DSX3-1_merged_fastqc.html
[2022-08-05 11:06:29,759] multiqc                                            [DEBUG  ]  File ignored by rseqc/bam_stat because it exceeded search pattern filesize limit: 401556_HL7J5DSX3-1_merged_fastqc.html
[2022-08-05 11:06:29,759] multiqc                                            [DEBUG  ]  File ignored by rseqc/junction_annotation because it exceeded search pattern filesize limit: 401556_HL7J5DSX3-1_merged_fastqc.html
[2022-08-05 11:06:29,759] multiqc                                            [DEBUG  ]  File ignored by rseqc/read_distribution because it exceeded search pattern filesize limit: 401556_HL7J5DSX3-1_merged_fastqc.html
[2022-08-05 11:06:29,759] multiqc                                            [DEBUG  ]  File ignored by rseqc/infer_experiment because it exceeded search pattern filesize limit: 401556_HL7J5DSX3-1_merged_fastqc.html
[2022-08-05 11:06:29,849] multiqc                                            [DEBUG  ]  Ignoring file as matched an ignore pattern: 401556_HL7J5DSX3-1_merged.fastq.gz
[2022-08-05 11:06:29,867] multiqc                                            [DEBUG  ]  File ignored by ccs/v4 because it exceeded search pattern filesize limit: 401556_HL7J5DSX3-1_R1p_fastqc.html
[2022-08-05 11:06:29,876] multiqc                                            [DEBUG  ]  File ignored by hicexplorer because it exceeded search pattern filesize limit: 401556_HL7J5DSX3-1_R1p_fastqc.html
[2022-08-05 11:06:29,876] multiqc                                            [DEBUG  ]  File ignored by nanostat because it exceeded search pattern filesize limit: 401556_HL7J5DSX3-1_R1p_fastqc.html
[2022-08-05 11:06:29,876] multiqc                                            [DEBUG  ]  File ignored by lima/summary because it exceeded search pattern filesize limit: 401556_HL7J5DSX3-1_R1p_fastqc.html
[2022-08-05 11:06:29,917] multiqc                                            [DEBUG  ]  File ignored by vep/vep_txt because it exceeded search pattern filesize limit: 401556_HL7J5DSX3-1_R1p_fastqc.html
[2022-08-05 11:06:29,917] multiqc                                            [DEBUG  ]  File ignored by longranger/invocation because it exceeded search pattern filesize limit: 401556_HL7J5DSX3-1_R1p_fastqc.html
[2022-08-05 11:06:29,917] multiqc                                            [DEBUG  ]  File ignored by rockhopper because it exceeded search pattern filesize limit: 401556_HL7J5DSX3-1_R1p_fastqc.html
[2022-08-05 11:06:29,917] multiqc                                            [DEBUG  ]  File ignored by rseqc/bam_stat because it exceeded search pattern filesize limit: 401556_HL7J5DSX3-1_R1p_fastqc.html
[2022-08-05 11:06:29,917] multiqc                                            [DEBUG  ]  File ignored by rseqc/junction_annotation because it exceeded search pattern filesize limit: 401556_HL7J5DSX3-1_R1p_fastqc.html
[2022-08-05 11:06:29,917] multiqc                                            [DEBUG  ]  File ignored by rseqc/read_distribution because it exceeded search pattern filesize limit: 401556_HL7J5DSX3-1_R1p_fastqc.html
[2022-08-05 11:06:29,917] multiqc                                            [DEBUG  ]  File ignored by rseqc/infer_experiment because it exceeded search pattern filesize limit: 401556_HL7J5DSX3-1_R1p_fastqc.html
[2022-08-05 11:06:30,590] multiqc                                            [DEBUG  ]  Ignoring file as matched an ignore pattern: 401556_HL7J5DSX3-1_R1p.fastq.gz
[2022-08-05 11:06:31,165] multiqc                                            [DEBUG  ]  File ignored by ccs/v4 because it exceeded search pattern filesize limit: 401556_HL7J5DSX3-1_R1R2u_fastqc.html
[2022-08-05 11:06:31,175] multiqc                                            [DEBUG  ]  File ignored by hicexplorer because it exceeded search pattern filesize limit: 401556_HL7J5DSX3-1_R1R2u_fastqc.html
[2022-08-05 11:06:31,177] multiqc                                            [DEBUG  ]  File ignored by nanostat because it exceeded search pattern filesize limit: 401556_HL7J5DSX3-1_R1R2u_fastqc.html
[2022-08-05 11:06:31,177] multiqc                                            [DEBUG  ]  File ignored by lima/summary because it exceeded search pattern filesize limit: 401556_HL7J5DSX3-1_R1R2u_fastqc.html
[2022-08-05 11:06:31,238] multiqc                                            [DEBUG  ]  File ignored by vep/vep_txt because it exceeded search pattern filesize limit: 401556_HL7J5DSX3-1_R1R2u_fastqc.html
[2022-08-05 11:06:31,238] multiqc                                            [DEBUG  ]  File ignored by longranger/invocation because it exceeded search pattern filesize limit: 401556_HL7J5DSX3-1_R1R2u_fastqc.html
[2022-08-05 11:06:31,238] multiqc                                            [DEBUG  ]  File ignored by rockhopper because it exceeded search pattern filesize limit: 401556_HL7J5DSX3-1_R1R2u_fastqc.html
[2022-08-05 11:06:31,238] multiqc                                            [DEBUG  ]  File ignored by rseqc/bam_stat because it exceeded search pattern filesize limit: 401556_HL7J5DSX3-1_R1R2u_fastqc.html
[2022-08-05 11:06:31,238] multiqc                                            [DEBUG  ]  File ignored by rseqc/junction_annotation because it exceeded search pattern filesize limit: 401556_HL7J5DSX3-1_R1R2u_fastqc.html
[2022-08-05 11:06:31,238] multiqc                                            [DEBUG  ]  File ignored by rseqc/read_distribution because it exceeded search pattern filesize limit: 401556_HL7J5DSX3-1_R1R2u_fastqc.html
[2022-08-05 11:06:31,238] multiqc                                            [DEBUG  ]  File ignored by rseqc/infer_experiment because it exceeded search pattern filesize limit: 401556_HL7J5DSX3-1_R1R2u_fastqc.html
[2022-08-05 11:06:31,564] multiqc                                            [DEBUG  ]  Ignoring file as matched an ignore pattern: 401556_HL7J5DSX3-1_R1R2u.fastq.gz
[2022-08-05 11:06:31,708] multiqc                                            [DEBUG  ]  File ignored by ccs/v4 because it exceeded search pattern filesize limit: 401556_HL7J5DSX3-1_R2p_fastqc.html
[2022-08-05 11:06:31,716] multiqc                                            [DEBUG  ]  File ignored by hicexplorer because it exceeded search pattern filesize limit: 401556_HL7J5DSX3-1_R2p_fastqc.html
[2022-08-05 11:06:31,719] multiqc                                            [DEBUG  ]  File ignored by nanostat because it exceeded search pattern filesize limit: 401556_HL7J5DSX3-1_R2p_fastqc.html
[2022-08-05 11:06:31,719] multiqc                                            [DEBUG  ]  File ignored by lima/summary because it exceeded search pattern filesize limit: 401556_HL7J5DSX3-1_R2p_fastqc.html
[2022-08-05 11:06:31,753] multiqc                                            [DEBUG  ]  File ignored by vep/vep_txt because it exceeded search pattern filesize limit: 401556_HL7J5DSX3-1_R2p_fastqc.html
[2022-08-05 11:06:31,753] multiqc                                            [DEBUG  ]  File ignored by longranger/invocation because it exceeded search pattern filesize limit: 401556_HL7J5DSX3-1_R2p_fastqc.html
[2022-08-05 11:06:31,753] multiqc                                            [DEBUG  ]  File ignored by rockhopper because it exceeded search pattern filesize limit: 401556_HL7J5DSX3-1_R2p_fastqc.html
[2022-08-05 11:06:31,753] multiqc                                            [DEBUG  ]  File ignored by rseqc/bam_stat because it exceeded search pattern filesize limit: 401556_HL7J5DSX3-1_R2p_fastqc.html
[2022-08-05 11:06:31,753] multiqc                                            [DEBUG  ]  File ignored by rseqc/junction_annotation because it exceeded search pattern filesize limit: 401556_HL7J5DSX3-1_R2p_fastqc.html
[2022-08-05 11:06:31,753] multiqc                                            [DEBUG  ]  File ignored by rseqc/read_distribution because it exceeded search pattern filesize limit: 401556_HL7J5DSX3-1_R2p_fastqc.html
[2022-08-05 11:06:31,753] multiqc                                            [DEBUG  ]  File ignored by rseqc/infer_experiment because it exceeded search pattern filesize limit: 401556_HL7J5DSX3-1_R2p_fastqc.html
[2022-08-05 11:06:32,694] multiqc                                            [DEBUG  ]  Ignoring file as matched an ignore pattern: 401556_HL7J5DSX3-1_R2p.fastq.gz
[2022-08-05 11:06:32,694] multiqc                                            [DEBUG  ]  Ignoring file as matched an ignore pattern: 401556_QCreads.md5
[2022-08-05 11:06:34,374] multiqc.plots.bargraph                             [DEBUG  ]  Using matplotlib version 3.3.4
[2022-08-05 11:06:34,378] multiqc.plots.linegraph                            [DEBUG  ]  Using matplotlib version 3.3.4
[2022-08-05 11:06:34,381] multiqc                                            [DEBUG  ]  No samples found: custom_content
[2022-08-05 11:06:34,386] multiqc                                            [DEBUG  ]  No samples found: ccs
[2022-08-05 11:06:34,623] multiqc                                            [DEBUG  ]  No samples found: ngsderive
[2022-08-05 11:06:34,628] multiqc                                            [DEBUG  ]  No samples found: purple
[2022-08-05 11:06:34,632] multiqc                                            [DEBUG  ]  No samples found: conpair
[2022-08-05 11:06:34,638] multiqc                                            [DEBUG  ]  No samples found: lima
[2022-08-05 11:06:34,643] multiqc                                            [DEBUG  ]  No samples found: peddy
[2022-08-05 11:06:34,650] multiqc                                            [DEBUG  ]  No samples found: somalier
[2022-08-05 11:06:34,655] multiqc                                            [DEBUG  ]  No samples found: methylQA
[2022-08-05 11:06:34,666] multiqc.modules.mosdepth.mosdepth                  [DEBUG  ]  include_contigs: []
[2022-08-05 11:06:34,666] multiqc.modules.mosdepth.mosdepth                  [DEBUG  ]  exclude_contigs: []
[2022-08-05 11:06:34,666] multiqc                                            [DEBUG  ]  No samples found: mosdepth
[2022-08-05 11:06:34,670] multiqc                                            [DEBUG  ]  No samples found: phantompeakqualtools
[2022-08-05 11:06:34,674] multiqc                                            [DEBUG  ]  No samples found: qualimap
[2022-08-05 11:06:34,680] multiqc                                            [DEBUG  ]  No samples found: preseq
[2022-08-05 11:06:34,688] multiqc                                            [DEBUG  ]  No samples found: quast
[2022-08-05 11:06:34,693] multiqc                                            [DEBUG  ]  No samples found: qorts
[2022-08-05 11:06:34,698] multiqc                                            [DEBUG  ]  No samples found: rna_seqc
[2022-08-05 11:06:34,703] multiqc                                            [DEBUG  ]  No samples found: rockhopper
[2022-08-05 11:06:34,708] multiqc                                            [DEBUG  ]  No samples found: rsem
[2022-08-05 11:06:34,724] multiqc                                            [DEBUG  ]  No samples found: rseqc
[2022-08-05 11:06:34,728] multiqc                                            [DEBUG  ]  No samples found: busco
[2022-08-05 11:06:34,734] multiqc                                            [DEBUG  ]  No samples found: bustools
[2022-08-05 11:06:34,738] multiqc                                            [DEBUG  ]  No samples found: goleft_indexcov
[2022-08-05 11:06:34,744] multiqc                                            [DEBUG  ]  No samples found: gffcompare
[2022-08-05 11:06:34,748] multiqc                                            [DEBUG  ]  No samples found: disambiguate
[2022-08-05 11:06:34,754] multiqc                                            [DEBUG  ]  No samples found: supernova
[2022-08-05 11:06:34,771] multiqc                                            [DEBUG  ]  No samples found: deeptools
[2022-08-05 11:06:34,775] multiqc                                            [DEBUG  ]  No samples found: sargasso
[2022-08-05 11:06:34,781] multiqc                                            [DEBUG  ]  No samples found: verifybamid
[2022-08-05 11:06:35,016] multiqc                                            [DEBUG  ]  No samples found: mirtrace
[2022-08-05 11:06:35,021] multiqc                                            [DEBUG  ]  No samples found: happy
[2022-08-05 11:06:35,257] multiqc                                            [DEBUG  ]  No samples found: mirtop
[2022-08-05 11:06:35,263] multiqc                                            [DEBUG  ]  No samples found: sambamba
[2022-08-05 11:06:35,271] multiqc                                            [DEBUG  ]  No samples found: homer
[2022-08-05 11:06:35,276] multiqc                                            [DEBUG  ]  No samples found: hops
[2022-08-05 11:06:35,280] multiqc                                            [DEBUG  ]  No samples found: macs2
[2022-08-05 11:06:35,285] multiqc                                            [DEBUG  ]  No samples found: theta2
[2022-08-05 11:06:35,290] multiqc                                            [DEBUG  ]  No samples found: snpeff
[2022-08-05 11:06:35,298] multiqc                                            [DEBUG  ]  No samples found: gatk
[2022-08-05 11:06:35,302] multiqc                                            [DEBUG  ]  No samples found: htseq
[2022-08-05 11:06:35,308] multiqc                                            [DEBUG  ]  No samples found: bcftools
[2022-08-05 11:06:35,313] multiqc                                            [DEBUG  ]  No samples found: featureCounts
[2022-08-05 11:06:35,319] multiqc                                            [DEBUG  ]  No samples found: fgbio
[2022-08-05 11:06:35,570] multiqc                                            [DEBUG  ]  No samples found: dragen
[2022-08-05 11:06:35,575] multiqc                                            [DEBUG  ]  No samples found: dedup
[2022-08-05 11:06:35,580] multiqc                                            [DEBUG  ]  No samples found: damageprofiler
[2022-08-05 11:06:36,080] multiqc                                            [DEBUG  ]  No samples found: biobambam2
[2022-08-05 11:06:36,316] multiqc                                            [DEBUG  ]  No samples found: jcvi
[2022-08-05 11:06:36,321] multiqc                                            [DEBUG  ]  No samples found: mtnucratio
[2022-08-05 11:06:36,323] multiqc                                            [DEBUG  ]  No samples found: picard
[2022-08-05 11:06:36,329] multiqc                                            [DEBUG  ]  No samples found: vep
[2022-08-05 11:06:36,337] multiqc                                            [DEBUG  ]  No samples found: sentieon
[2022-08-05 11:06:36,342] multiqc                                            [DEBUG  ]  No samples found: prokka
[2022-08-05 11:06:36,349] multiqc                                            [DEBUG  ]  No samples found: qc3C
[2022-08-05 11:06:36,585] multiqc                                            [DEBUG  ]  No samples found: nanostat
[2022-08-05 11:06:36,591] multiqc                                            [DEBUG  ]  No samples found: samblaster
[2022-08-05 11:06:37,063] multiqc                                            [DEBUG  ]  No samples found: samtools
[2022-08-05 11:06:37,303] multiqc                                            [DEBUG  ]  No samples found: sexdeterrmine
[2022-08-05 11:06:37,308] multiqc                                            [DEBUG  ]  No samples found: eigenstratdatabasetools
[2022-08-05 11:06:37,314] multiqc                                            [DEBUG  ]  No samples found: bamtools
[2022-08-05 11:06:37,318] multiqc                                            [DEBUG  ]  No samples found: jellyfish
[2022-08-05 11:06:37,327] multiqc                                            [DEBUG  ]  No samples found: vcftools
[2022-08-05 11:06:37,563] multiqc                                            [DEBUG  ]  No samples found: longranger
[2022-08-05 11:06:37,569] multiqc                                            [DEBUG  ]  No samples found: stacks
[2022-08-05 11:06:37,803] multiqc                                            [DEBUG  ]  No samples found: varscan2
[2022-08-05 11:06:37,808] multiqc                                            [DEBUG  ]  No samples found: snippy
[2022-08-05 11:06:37,827] multiqc                                            [DEBUG  ]  No samples found: bbmap
[2022-08-05 11:06:37,833] multiqc                                            [DEBUG  ]  No samples found: bismark
[2022-08-05 11:06:37,842] multiqc                                            [DEBUG  ]  No samples found: biscuit
[2022-08-05 11:06:37,847] multiqc                                            [DEBUG  ]  No samples found: hicexplorer
[2022-08-05 11:06:37,853] multiqc                                            [DEBUG  ]  No samples found: hicup
[2022-08-05 11:06:37,860] multiqc                                            [DEBUG  ]  No samples found: hicpro
[2022-08-05 11:06:37,865] multiqc                                            [DEBUG  ]  No samples found: salmon
[2022-08-05 11:06:37,870] multiqc                                            [DEBUG  ]  No samples found: kallisto
[2022-08-05 11:06:37,876] multiqc                                            [DEBUG  ]  No samples found: slamdunk
[2022-08-05 11:06:37,881] multiqc                                            [DEBUG  ]  No samples found: star
[2022-08-05 11:06:37,886] multiqc                                            [DEBUG  ]  No samples found: hisat2
[2022-08-05 11:06:37,890] multiqc                                            [DEBUG  ]  No samples found: tophat
[2022-08-05 11:06:37,895] multiqc                                            [DEBUG  ]  No samples found: bowtie2
[2022-08-05 11:06:38,130] multiqc                                            [DEBUG  ]  No samples found: bowtie1
[2022-08-05 11:06:38,367] multiqc                                            [DEBUG  ]  No samples found: snpsplit
[2022-08-05 11:06:38,373] multiqc                                            [DEBUG  ]  No samples found: odgi
[2022-08-05 11:06:38,380] multiqc                                            [DEBUG  ]  No samples found: pangolin
[2022-08-05 11:06:38,864] multiqc                                            [DEBUG  ]  No samples found: kat
[2022-08-05 11:06:38,869] multiqc                                            [DEBUG  ]  No samples found: leehom
[2022-08-05 11:06:38,876] multiqc                                            [DEBUG  ]  No samples found: adapterRemoval
[2022-08-05 11:06:38,882] multiqc                                            [DEBUG  ]  No samples found: clipandmerge
[2022-08-05 11:06:38,888] multiqc                                            [DEBUG  ]  No samples found: cutadapt
[2022-08-05 11:06:38,893] multiqc                                            [DEBUG  ]  No samples found: flexbar
[2022-08-05 11:06:38,900] multiqc                                            [DEBUG  ]  No samples found: kaiju
[2022-08-05 11:06:38,906] multiqc                                            [DEBUG  ]  No samples found: kraken
[2022-08-05 11:06:38,911] multiqc                                            [DEBUG  ]  No samples found: malt
[2022-08-05 11:06:38,915] multiqc                                            [DEBUG  ]  No samples found: trimmomatic
[2022-08-05 11:06:38,920] multiqc                                            [DEBUG  ]  No samples found: sickle
[2022-08-05 11:06:38,926] multiqc                                            [DEBUG  ]  No samples found: skewer
[2022-08-05 11:06:39,391] multiqc                                            [DEBUG  ]  No samples found: sortmerna
[2022-08-05 11:06:39,396] multiqc                                            [DEBUG  ]  No samples found: biobloomtools
[2022-08-05 11:06:39,633] multiqc                                            [DEBUG  ]  No samples found: fastq_screen
[2022-08-05 11:06:39,638] multiqc                                            [DEBUG  ]  No samples found: afterqc
[2022-08-05 11:06:39,643] multiqc                                            [DEBUG  ]  No samples found: fastp
[2022-08-05 11:06:40,974] multiqc.modules.fastqc.fastqc                      [INFO   ]  Found 4 reports
[2022-08-05 11:06:41,252] multiqc                                            [DEBUG  ]  No samples found: pychopper
[2022-08-05 11:06:41,257] multiqc                                            [DEBUG  ]  No samples found: pycoqc
[2022-08-05 11:06:41,263] multiqc                                            [DEBUG  ]  No samples found: minionqc
[2022-08-05 11:06:41,268] multiqc                                            [DEBUG  ]  No samples found: multivcfanalyzer
[2022-08-05 11:06:41,273] multiqc                                            [DEBUG  ]  No samples found: clusterflow
[2022-08-05 11:06:41,279] multiqc                                            [DEBUG  ]  No samples found: bcl2fastq
[2022-08-05 11:06:41,286] multiqc                                            [DEBUG  ]  No samples found: bclconvert
[2022-08-05 11:06:41,292] multiqc                                            [DEBUG  ]  No samples found: interop
[2022-08-05 11:06:41,297] multiqc                                            [DEBUG  ]  No samples found: ivar
[2022-08-05 11:06:41,302] multiqc                                            [DEBUG  ]  No samples found: flash
[2022-08-05 11:06:41,306] multiqc                                            [DEBUG  ]  No samples found: seqyclean
[2022-08-05 11:06:41,311] multiqc                                            [DEBUG  ]  No samples found: optitype
[2022-08-05 11:06:41,315] multiqc                                            [INFO   ]  Compressing plot data
[2022-08-05 11:06:41,368] multiqc                                            [INFO   ]  Report      : 401556_MGSD_CSIRO.qc.stats/multiqc_report.html
[2022-08-05 11:06:41,368] multiqc                                            [INFO   ]  Data        : 401556_MGSD_CSIRO.qc.stats/multiqc_data
[2022-08-05 11:06:41,368] multiqc                                            [DEBUG  ]  Moving data file from '/tmp/smi9a9.8585360/tmppa48y1l4/multiqc_data' to '401556_MGSD_CSIRO.qc.stats/multiqc_data'
[2022-08-05 11:06:41,768] multiqc                                            [INFO   ]  MultiQC complete
