[2022-08-05 11:12:17,996] multiqc                                            [DEBUG  ]  This is MultiQC v1.11
[2022-08-05 11:12:17,996] multiqc                                            [DEBUG  ]  No MultiQC config found: /apps/multiqc/1.11/lib/python3.9/site-packages/multiqc_config.yaml
[2022-08-05 11:12:17,996] multiqc                                            [DEBUG  ]  No MultiQC config found: /home/smi9a9/.multiqc_config.yaml
[2022-08-05 11:12:17,997] multiqc                                            [DEBUG  ]  No MultiQC config found: multiqc_config.yaml
[2022-08-05 11:12:17,997] multiqc                                            [DEBUG  ]  Command used: /apps/multiqc/1.11/bin/multiqc ./8495_combined_merged_fastqc.html ./8495_combined_merged_fastqc.zip ./8495_combined_merged.fastq.gz ./8495_combined_R1p_fastqc.html ./8495_combined_R1p_fastqc.zip ./8495_combined_R1p.fastq.gz ./8495_combined_R1R2u_fastqc.html ./8495_combined_R1R2u_fastqc.zip ./8495_combined_R1R2u.fastq.gz ./8495_combined_R2p_fastqc.html ./8495_combined_R2p_fastqc.zip ./8495_combined_R2p.fastq.gz ./8495_QCreads.md5 -o 8495_MGSD_CSIRO.qc.stats
[2022-08-05 11:12:17,999] multiqc                                            [DEBUG  ]  Could not connect to multiqc.info for version check: <urlopen error [Errno 111] Connection refused>
[2022-08-05 11:12:18,000] multiqc                                            [DEBUG  ]  Command     : /apps/multiqc/1.11/bin/multiqc ./8495_combined_merged_fastqc.html ./8495_combined_merged_fastqc.zip ./8495_combined_merged.fastq.gz ./8495_combined_R1p_fastqc.html ./8495_combined_R1p_fastqc.zip ./8495_combined_R1p.fastq.gz ./8495_combined_R1R2u_fastqc.html ./8495_combined_R1R2u_fastqc.zip ./8495_combined_R1R2u.fastq.gz ./8495_combined_R2p_fastqc.html ./8495_combined_R2p_fastqc.zip ./8495_combined_R2p.fastq.gz ./8495_QCreads.md5 -o 8495_MGSD_CSIRO.qc.stats
[2022-08-05 11:12:18,000] multiqc                                            [DEBUG  ]  Working dir : /datasets/work/oa-amd/work/amd/Metagenome_QC_reads
[2022-08-05 11:12:18,000] multiqc                                            [DEBUG  ]  Template    : default
[2022-08-05 11:12:18,000] multiqc                                            [DEBUG  ]  Running Python 3.9.4 (default, Apr 25 2021, 16:13:27)  [GCC 10.3.0]
[2022-08-05 11:12:18,000] multiqc                                            [DEBUG  ]  Analysing modules: custom_content, ccs, ngsderive, purple, conpair, lima, peddy, somalier, methylQA, mosdepth, phantompeakqualtools, qualimap, preseq, quast, qorts, rna_seqc, rockhopper, rsem, rseqc, busco, bustools, goleft_indexcov, gffcompare, disambiguate, supernova, deeptools, sargasso, verifybamid, mirtrace, happy, mirtop, sambamba, homer, hops, macs2, theta2, snpeff, gatk, htseq, bcftools, featureCounts, fgbio, dragen, dedup, damageprofiler, biobambam2, jcvi, mtnucratio, picard, vep, sentieon, prokka, qc3C, nanostat, samblaster, samtools, sexdeterrmine, eigenstratdatabasetools, bamtools, jellyfish, vcftools, longranger, stacks, varscan2, snippy, bbmap, bismark, biscuit, hicexplorer, hicup, hicpro, salmon, kallisto, slamdunk, star, hisat2, tophat, bowtie2, bowtie1, snpsplit, odgi, pangolin, kat, leehom, adapterRemoval, clipandmerge, cutadapt, flexbar, kaiju, kraken, malt, trimmomatic, sickle, skewer, sortmerna, biobloomtools, fastq_screen, afterqc, fastp, fastqc, pychopper, pycoqc, minionqc, multivcfanalyzer, clusterflow, bcl2fastq, bclconvert, interop, ivar, flash, seqyclean, optitype
[2022-08-05 11:12:18,000] multiqc                                            [DEBUG  ]  Using temporary directory for creating report: /tmp/smi9a9.8586035/tmpjse4j8lv
[2022-08-05 11:12:18,063] multiqc                                            [INFO   ]  Search path : /datasets/work/oa-amd/work/amd/Metagenome_QC_reads/8495_combined_merged_fastqc.html
[2022-08-05 11:12:18,063] multiqc                                            [INFO   ]  Search path : /datasets/work/oa-amd/work/amd/Metagenome_QC_reads/8495_combined_merged_fastqc.zip
[2022-08-05 11:12:18,063] multiqc                                            [INFO   ]  Search path : /datasets/work/oa-amd/work/amd/Metagenome_QC_reads/8495_combined_merged.fastq.gz
[2022-08-05 11:12:18,064] multiqc                                            [INFO   ]  Search path : /datasets/work/oa-amd/work/amd/Metagenome_QC_reads/8495_combined_R1p_fastqc.html
[2022-08-05 11:12:18,064] multiqc                                            [INFO   ]  Search path : /datasets/work/oa-amd/work/amd/Metagenome_QC_reads/8495_combined_R1p_fastqc.zip
[2022-08-05 11:12:18,064] multiqc                                            [INFO   ]  Search path : /datasets/work/oa-amd/work/amd/Metagenome_QC_reads/8495_combined_R1p.fastq.gz
[2022-08-05 11:12:18,064] multiqc                                            [INFO   ]  Search path : /datasets/work/oa-amd/work/amd/Metagenome_QC_reads/8495_combined_R1R2u_fastqc.html
[2022-08-05 11:12:18,064] multiqc                                            [INFO   ]  Search path : /datasets/work/oa-amd/work/amd/Metagenome_QC_reads/8495_combined_R1R2u_fastqc.zip
[2022-08-05 11:12:18,064] multiqc                                            [INFO   ]  Search path : /datasets/work/oa-amd/work/amd/Metagenome_QC_reads/8495_combined_R1R2u.fastq.gz
[2022-08-05 11:12:18,064] multiqc                                            [INFO   ]  Search path : /datasets/work/oa-amd/work/amd/Metagenome_QC_reads/8495_combined_R2p_fastqc.html
[2022-08-05 11:12:18,064] multiqc                                            [INFO   ]  Search path : /datasets/work/oa-amd/work/amd/Metagenome_QC_reads/8495_combined_R2p_fastqc.zip
[2022-08-05 11:12:18,064] multiqc                                            [INFO   ]  Search path : /datasets/work/oa-amd/work/amd/Metagenome_QC_reads/8495_combined_R2p.fastq.gz
[2022-08-05 11:12:18,064] multiqc                                            [INFO   ]  Search path : /datasets/work/oa-amd/work/amd/Metagenome_QC_reads/8495_QCreads.md5
[2022-08-05 11:12:18,268] multiqc                                            [DEBUG  ]  File ignored by ccs/v4 because it exceeded search pattern filesize limit: 8495_combined_merged_fastqc.html
[2022-08-05 11:12:18,278] multiqc                                            [DEBUG  ]  File ignored by hicexplorer because it exceeded search pattern filesize limit: 8495_combined_merged_fastqc.html
[2022-08-05 11:12:18,279] multiqc                                            [DEBUG  ]  File ignored by nanostat because it exceeded search pattern filesize limit: 8495_combined_merged_fastqc.html
[2022-08-05 11:12:18,279] multiqc                                            [DEBUG  ]  File ignored by lima/summary because it exceeded search pattern filesize limit: 8495_combined_merged_fastqc.html
[2022-08-05 11:12:18,302] multiqc                                            [DEBUG  ]  File ignored by vep/vep_txt because it exceeded search pattern filesize limit: 8495_combined_merged_fastqc.html
[2022-08-05 11:12:18,302] multiqc                                            [DEBUG  ]  File ignored by longranger/invocation because it exceeded search pattern filesize limit: 8495_combined_merged_fastqc.html
[2022-08-05 11:12:18,302] multiqc                                            [DEBUG  ]  File ignored by rockhopper because it exceeded search pattern filesize limit: 8495_combined_merged_fastqc.html
[2022-08-05 11:12:18,302] multiqc                                            [DEBUG  ]  File ignored by rseqc/bam_stat because it exceeded search pattern filesize limit: 8495_combined_merged_fastqc.html
[2022-08-05 11:12:18,302] multiqc                                            [DEBUG  ]  File ignored by rseqc/junction_annotation because it exceeded search pattern filesize limit: 8495_combined_merged_fastqc.html
[2022-08-05 11:12:18,302] multiqc                                            [DEBUG  ]  File ignored by rseqc/read_distribution because it exceeded search pattern filesize limit: 8495_combined_merged_fastqc.html
[2022-08-05 11:12:18,302] multiqc                                            [DEBUG  ]  File ignored by rseqc/infer_experiment because it exceeded search pattern filesize limit: 8495_combined_merged_fastqc.html
[2022-08-05 11:12:18,683] multiqc                                            [DEBUG  ]  Ignoring file as matched an ignore pattern: 8495_combined_merged.fastq.gz
[2022-08-05 11:12:18,920] multiqc                                            [DEBUG  ]  File ignored by ccs/v4 because it exceeded search pattern filesize limit: 8495_combined_R1p_fastqc.html
[2022-08-05 11:12:18,943] multiqc                                            [DEBUG  ]  File ignored by hicexplorer because it exceeded search pattern filesize limit: 8495_combined_R1p_fastqc.html
[2022-08-05 11:12:18,944] multiqc                                            [DEBUG  ]  File ignored by nanostat because it exceeded search pattern filesize limit: 8495_combined_R1p_fastqc.html
[2022-08-05 11:12:18,944] multiqc                                            [DEBUG  ]  File ignored by lima/summary because it exceeded search pattern filesize limit: 8495_combined_R1p_fastqc.html
[2022-08-05 11:12:18,952] multiqc                                            [DEBUG  ]  File ignored by vep/vep_txt because it exceeded search pattern filesize limit: 8495_combined_R1p_fastqc.html
[2022-08-05 11:12:18,952] multiqc                                            [DEBUG  ]  File ignored by longranger/invocation because it exceeded search pattern filesize limit: 8495_combined_R1p_fastqc.html
[2022-08-05 11:12:18,952] multiqc                                            [DEBUG  ]  File ignored by rockhopper because it exceeded search pattern filesize limit: 8495_combined_R1p_fastqc.html
[2022-08-05 11:12:18,952] multiqc                                            [DEBUG  ]  File ignored by rseqc/bam_stat because it exceeded search pattern filesize limit: 8495_combined_R1p_fastqc.html
[2022-08-05 11:12:18,952] multiqc                                            [DEBUG  ]  File ignored by rseqc/junction_annotation because it exceeded search pattern filesize limit: 8495_combined_R1p_fastqc.html
[2022-08-05 11:12:18,952] multiqc                                            [DEBUG  ]  File ignored by rseqc/read_distribution because it exceeded search pattern filesize limit: 8495_combined_R1p_fastqc.html
[2022-08-05 11:12:18,952] multiqc                                            [DEBUG  ]  File ignored by rseqc/infer_experiment because it exceeded search pattern filesize limit: 8495_combined_R1p_fastqc.html
[2022-08-05 11:12:19,271] multiqc                                            [DEBUG  ]  Ignoring file as matched an ignore pattern: 8495_combined_R1p.fastq.gz
[2022-08-05 11:12:21,493] multiqc                                            [DEBUG  ]  File ignored by ccs/v4 because it exceeded search pattern filesize limit: 8495_combined_R1R2u_fastqc.html
[2022-08-05 11:12:21,504] multiqc                                            [DEBUG  ]  File ignored by hicexplorer because it exceeded search pattern filesize limit: 8495_combined_R1R2u_fastqc.html
[2022-08-05 11:12:21,505] multiqc                                            [DEBUG  ]  File ignored by nanostat because it exceeded search pattern filesize limit: 8495_combined_R1R2u_fastqc.html
[2022-08-05 11:12:21,505] multiqc                                            [DEBUG  ]  File ignored by lima/summary because it exceeded search pattern filesize limit: 8495_combined_R1R2u_fastqc.html
[2022-08-05 11:12:21,521] multiqc                                            [DEBUG  ]  File ignored by vep/vep_txt because it exceeded search pattern filesize limit: 8495_combined_R1R2u_fastqc.html
[2022-08-05 11:12:21,521] multiqc                                            [DEBUG  ]  File ignored by longranger/invocation because it exceeded search pattern filesize limit: 8495_combined_R1R2u_fastqc.html
[2022-08-05 11:12:21,521] multiqc                                            [DEBUG  ]  File ignored by rockhopper because it exceeded search pattern filesize limit: 8495_combined_R1R2u_fastqc.html
[2022-08-05 11:12:21,521] multiqc                                            [DEBUG  ]  File ignored by rseqc/bam_stat because it exceeded search pattern filesize limit: 8495_combined_R1R2u_fastqc.html
[2022-08-05 11:12:21,521] multiqc                                            [DEBUG  ]  File ignored by rseqc/junction_annotation because it exceeded search pattern filesize limit: 8495_combined_R1R2u_fastqc.html
[2022-08-05 11:12:21,521] multiqc                                            [DEBUG  ]  File ignored by rseqc/read_distribution because it exceeded search pattern filesize limit: 8495_combined_R1R2u_fastqc.html
[2022-08-05 11:12:21,521] multiqc                                            [DEBUG  ]  File ignored by rseqc/infer_experiment because it exceeded search pattern filesize limit: 8495_combined_R1R2u_fastqc.html
[2022-08-05 11:12:21,729] multiqc                                            [DEBUG  ]  Ignoring file as matched an ignore pattern: 8495_combined_R1R2u.fastq.gz
[2022-08-05 11:12:21,779] multiqc                                            [DEBUG  ]  File ignored by ccs/v4 because it exceeded search pattern filesize limit: 8495_combined_R2p_fastqc.html
[2022-08-05 11:12:21,787] multiqc                                            [DEBUG  ]  File ignored by hicexplorer because it exceeded search pattern filesize limit: 8495_combined_R2p_fastqc.html
[2022-08-05 11:12:21,788] multiqc                                            [DEBUG  ]  File ignored by nanostat because it exceeded search pattern filesize limit: 8495_combined_R2p_fastqc.html
[2022-08-05 11:12:21,788] multiqc                                            [DEBUG  ]  File ignored by lima/summary because it exceeded search pattern filesize limit: 8495_combined_R2p_fastqc.html
[2022-08-05 11:12:21,807] multiqc                                            [DEBUG  ]  File ignored by vep/vep_txt because it exceeded search pattern filesize limit: 8495_combined_R2p_fastqc.html
[2022-08-05 11:12:21,807] multiqc                                            [DEBUG  ]  File ignored by longranger/invocation because it exceeded search pattern filesize limit: 8495_combined_R2p_fastqc.html
[2022-08-05 11:12:21,807] multiqc                                            [DEBUG  ]  File ignored by rockhopper because it exceeded search pattern filesize limit: 8495_combined_R2p_fastqc.html
[2022-08-05 11:12:21,807] multiqc                                            [DEBUG  ]  File ignored by rseqc/bam_stat because it exceeded search pattern filesize limit: 8495_combined_R2p_fastqc.html
[2022-08-05 11:12:21,807] multiqc                                            [DEBUG  ]  File ignored by rseqc/junction_annotation because it exceeded search pattern filesize limit: 8495_combined_R2p_fastqc.html
[2022-08-05 11:12:21,807] multiqc                                            [DEBUG  ]  File ignored by rseqc/read_distribution because it exceeded search pattern filesize limit: 8495_combined_R2p_fastqc.html
[2022-08-05 11:12:21,807] multiqc                                            [DEBUG  ]  File ignored by rseqc/infer_experiment because it exceeded search pattern filesize limit: 8495_combined_R2p_fastqc.html
[2022-08-05 11:12:21,892] multiqc                                            [DEBUG  ]  Ignoring file as matched an ignore pattern: 8495_combined_R2p.fastq.gz
[2022-08-05 11:12:21,912] multiqc                                            [DEBUG  ]  Ignoring file as matched an ignore pattern: 8495_QCreads.md5
[2022-08-05 11:12:23,120] multiqc.plots.bargraph                             [DEBUG  ]  Using matplotlib version 3.3.4
[2022-08-05 11:12:23,124] multiqc.plots.linegraph                            [DEBUG  ]  Using matplotlib version 3.3.4
[2022-08-05 11:12:23,127] multiqc                                            [DEBUG  ]  No samples found: custom_content
[2022-08-05 11:12:23,132] multiqc                                            [DEBUG  ]  No samples found: ccs
[2022-08-05 11:12:23,138] multiqc                                            [DEBUG  ]  No samples found: ngsderive
[2022-08-05 11:12:23,143] multiqc                                            [DEBUG  ]  No samples found: purple
[2022-08-05 11:12:23,147] multiqc                                            [DEBUG  ]  No samples found: conpair
[2022-08-05 11:12:23,153] multiqc                                            [DEBUG  ]  No samples found: lima
[2022-08-05 11:12:23,159] multiqc                                            [DEBUG  ]  No samples found: peddy
[2022-08-05 11:12:23,165] multiqc                                            [DEBUG  ]  No samples found: somalier
[2022-08-05 11:12:23,170] multiqc                                            [DEBUG  ]  No samples found: methylQA
[2022-08-05 11:12:23,182] multiqc.modules.mosdepth.mosdepth                  [DEBUG  ]  include_contigs: []
[2022-08-05 11:12:23,182] multiqc.modules.mosdepth.mosdepth                  [DEBUG  ]  exclude_contigs: []
[2022-08-05 11:12:23,182] multiqc                                            [DEBUG  ]  No samples found: mosdepth
[2022-08-05 11:12:23,186] multiqc                                            [DEBUG  ]  No samples found: phantompeakqualtools
[2022-08-05 11:12:23,189] multiqc                                            [DEBUG  ]  No samples found: qualimap
[2022-08-05 11:12:23,195] multiqc                                            [DEBUG  ]  No samples found: preseq
[2022-08-05 11:12:23,201] multiqc                                            [DEBUG  ]  No samples found: quast
[2022-08-05 11:12:23,206] multiqc                                            [DEBUG  ]  No samples found: qorts
[2022-08-05 11:12:23,211] multiqc                                            [DEBUG  ]  No samples found: rna_seqc
[2022-08-05 11:12:23,216] multiqc                                            [DEBUG  ]  No samples found: rockhopper
[2022-08-05 11:12:23,221] multiqc                                            [DEBUG  ]  No samples found: rsem
[2022-08-05 11:12:23,469] multiqc                                            [DEBUG  ]  No samples found: rseqc
[2022-08-05 11:12:23,473] multiqc                                            [DEBUG  ]  No samples found: busco
[2022-08-05 11:12:23,478] multiqc                                            [DEBUG  ]  No samples found: bustools
[2022-08-05 11:12:23,483] multiqc                                            [DEBUG  ]  No samples found: goleft_indexcov
[2022-08-05 11:12:23,489] multiqc                                            [DEBUG  ]  No samples found: gffcompare
[2022-08-05 11:12:23,494] multiqc                                            [DEBUG  ]  No samples found: disambiguate
[2022-08-05 11:12:23,500] multiqc                                            [DEBUG  ]  No samples found: supernova
[2022-08-05 11:12:23,517] multiqc                                            [DEBUG  ]  No samples found: deeptools
[2022-08-05 11:12:23,522] multiqc                                            [DEBUG  ]  No samples found: sargasso
[2022-08-05 11:12:23,527] multiqc                                            [DEBUG  ]  No samples found: verifybamid
[2022-08-05 11:12:23,534] multiqc                                            [DEBUG  ]  No samples found: mirtrace
[2022-08-05 11:12:23,539] multiqc                                            [DEBUG  ]  No samples found: happy
[2022-08-05 11:12:23,543] multiqc                                            [DEBUG  ]  No samples found: mirtop
[2022-08-05 11:12:23,549] multiqc                                            [DEBUG  ]  No samples found: sambamba
[2022-08-05 11:12:23,561] multiqc                                            [DEBUG  ]  No samples found: homer
[2022-08-05 11:12:23,565] multiqc                                            [DEBUG  ]  No samples found: hops
[2022-08-05 11:12:23,570] multiqc                                            [DEBUG  ]  No samples found: macs2
[2022-08-05 11:12:23,575] multiqc                                            [DEBUG  ]  No samples found: theta2
[2022-08-05 11:12:23,580] multiqc                                            [DEBUG  ]  No samples found: snpeff
[2022-08-05 11:12:23,588] multiqc                                            [DEBUG  ]  No samples found: gatk
[2022-08-05 11:12:23,593] multiqc                                            [DEBUG  ]  No samples found: htseq
[2022-08-05 11:12:23,600] multiqc                                            [DEBUG  ]  No samples found: bcftools
[2022-08-05 11:12:23,606] multiqc                                            [DEBUG  ]  No samples found: featureCounts
[2022-08-05 11:12:23,614] multiqc                                            [DEBUG  ]  No samples found: fgbio
[2022-08-05 11:12:23,632] multiqc                                            [DEBUG  ]  No samples found: dragen
[2022-08-05 11:12:23,637] multiqc                                            [DEBUG  ]  No samples found: dedup
[2022-08-05 11:12:23,642] multiqc                                            [DEBUG  ]  No samples found: damageprofiler
[2022-08-05 11:12:23,912] multiqc                                            [DEBUG  ]  No samples found: biobambam2
[2022-08-05 11:12:24,152] multiqc                                            [DEBUG  ]  No samples found: jcvi
[2022-08-05 11:12:24,158] multiqc                                            [DEBUG  ]  No samples found: mtnucratio
[2022-08-05 11:12:24,160] multiqc                                            [DEBUG  ]  No samples found: picard
[2022-08-05 11:12:24,166] multiqc                                            [DEBUG  ]  No samples found: vep
[2022-08-05 11:12:24,175] multiqc                                            [DEBUG  ]  No samples found: sentieon
[2022-08-05 11:12:24,180] multiqc                                            [DEBUG  ]  No samples found: prokka
[2022-08-05 11:12:24,187] multiqc                                            [DEBUG  ]  No samples found: qc3C
[2022-08-05 11:12:24,193] multiqc                                            [DEBUG  ]  No samples found: nanostat
[2022-08-05 11:12:24,199] multiqc                                            [DEBUG  ]  No samples found: samblaster
[2022-08-05 11:12:24,214] multiqc                                            [DEBUG  ]  No samples found: samtools
[2022-08-05 11:12:24,219] multiqc                                            [DEBUG  ]  No samples found: sexdeterrmine
[2022-08-05 11:12:24,224] multiqc                                            [DEBUG  ]  No samples found: eigenstratdatabasetools
[2022-08-05 11:12:24,230] multiqc                                            [DEBUG  ]  No samples found: bamtools
[2022-08-05 11:12:24,235] multiqc                                            [DEBUG  ]  No samples found: jellyfish
[2022-08-05 11:12:24,248] multiqc                                            [DEBUG  ]  No samples found: vcftools
[2022-08-05 11:12:24,487] multiqc                                            [DEBUG  ]  No samples found: longranger
[2022-08-05 11:12:24,495] multiqc                                            [DEBUG  ]  No samples found: stacks
[2022-08-05 11:12:24,731] multiqc                                            [DEBUG  ]  No samples found: varscan2
[2022-08-05 11:12:24,737] multiqc                                            [DEBUG  ]  No samples found: snippy
[2022-08-05 11:12:24,988] multiqc                                            [DEBUG  ]  No samples found: bbmap
[2022-08-05 11:12:24,994] multiqc                                            [DEBUG  ]  No samples found: bismark
[2022-08-05 11:12:25,003] multiqc                                            [DEBUG  ]  No samples found: biscuit
[2022-08-05 11:12:25,009] multiqc                                            [DEBUG  ]  No samples found: hicexplorer
[2022-08-05 11:12:25,244] multiqc                                            [DEBUG  ]  No samples found: hicup
[2022-08-05 11:12:25,249] multiqc                                            [DEBUG  ]  No samples found: hicpro
[2022-08-05 11:12:25,254] multiqc                                            [DEBUG  ]  No samples found: salmon
[2022-08-05 11:12:25,258] multiqc                                            [DEBUG  ]  No samples found: kallisto
[2022-08-05 11:12:25,266] multiqc                                            [DEBUG  ]  No samples found: slamdunk
[2022-08-05 11:12:25,271] multiqc                                            [DEBUG  ]  No samples found: star
[2022-08-05 11:12:25,276] multiqc                                            [DEBUG  ]  No samples found: hisat2
[2022-08-05 11:12:25,280] multiqc                                            [DEBUG  ]  No samples found: tophat
[2022-08-05 11:12:25,285] multiqc                                            [DEBUG  ]  No samples found: bowtie2
[2022-08-05 11:12:25,289] multiqc                                            [DEBUG  ]  No samples found: bowtie1
[2022-08-05 11:12:25,294] multiqc                                            [DEBUG  ]  No samples found: snpsplit
[2022-08-05 11:12:25,299] multiqc                                            [DEBUG  ]  No samples found: odgi
[2022-08-05 11:12:25,304] multiqc                                            [DEBUG  ]  No samples found: pangolin
[2022-08-05 11:12:25,308] multiqc                                            [DEBUG  ]  No samples found: kat
[2022-08-05 11:12:25,313] multiqc                                            [DEBUG  ]  No samples found: leehom
[2022-08-05 11:12:25,319] multiqc                                            [DEBUG  ]  No samples found: adapterRemoval
[2022-08-05 11:12:25,324] multiqc                                            [DEBUG  ]  No samples found: clipandmerge
[2022-08-05 11:12:25,330] multiqc                                            [DEBUG  ]  No samples found: cutadapt
[2022-08-05 11:12:25,335] multiqc                                            [DEBUG  ]  No samples found: flexbar
[2022-08-05 11:12:25,340] multiqc                                            [DEBUG  ]  No samples found: kaiju
[2022-08-05 11:12:25,345] multiqc                                            [DEBUG  ]  No samples found: kraken
[2022-08-05 11:12:25,350] multiqc                                            [DEBUG  ]  No samples found: malt
[2022-08-05 11:12:25,355] multiqc                                            [DEBUG  ]  No samples found: trimmomatic
[2022-08-05 11:12:25,359] multiqc                                            [DEBUG  ]  No samples found: sickle
[2022-08-05 11:12:25,364] multiqc                                            [DEBUG  ]  No samples found: skewer
[2022-08-05 11:12:25,369] multiqc                                            [DEBUG  ]  No samples found: sortmerna
[2022-08-05 11:12:25,374] multiqc                                            [DEBUG  ]  No samples found: biobloomtools
[2022-08-05 11:12:25,379] multiqc                                            [DEBUG  ]  No samples found: fastq_screen
[2022-08-05 11:12:25,383] multiqc                                            [DEBUG  ]  No samples found: afterqc
[2022-08-05 11:12:25,390] multiqc                                            [DEBUG  ]  No samples found: fastp
[2022-08-05 11:12:25,570] multiqc.modules.fastqc.fastqc                      [INFO   ]  Found 4 reports
[2022-08-05 11:12:25,618] multiqc                                            [DEBUG  ]  No samples found: pychopper
[2022-08-05 11:12:25,624] multiqc                                            [DEBUG  ]  No samples found: pycoqc
[2022-08-05 11:12:25,629] multiqc                                            [DEBUG  ]  No samples found: minionqc
[2022-08-05 11:12:25,634] multiqc                                            [DEBUG  ]  No samples found: multivcfanalyzer
[2022-08-05 11:12:25,871] multiqc                                            [DEBUG  ]  No samples found: clusterflow
[2022-08-05 11:12:25,878] multiqc                                            [DEBUG  ]  No samples found: bcl2fastq
[2022-08-05 11:12:25,885] multiqc                                            [DEBUG  ]  No samples found: bclconvert
[2022-08-05 11:12:25,891] multiqc                                            [DEBUG  ]  No samples found: interop
[2022-08-05 11:12:25,896] multiqc                                            [DEBUG  ]  No samples found: ivar
[2022-08-05 11:12:25,901] multiqc                                            [DEBUG  ]  No samples found: flash
[2022-08-05 11:12:25,906] multiqc                                            [DEBUG  ]  No samples found: seqyclean
[2022-08-05 11:12:25,910] multiqc                                            [DEBUG  ]  No samples found: optitype
[2022-08-05 11:12:25,914] multiqc                                            [INFO   ]  Compressing plot data
[2022-08-05 11:12:25,999] multiqc                                            [INFO   ]  Report      : 8495_MGSD_CSIRO.qc.stats/multiqc_report.html
[2022-08-05 11:12:25,999] multiqc                                            [INFO   ]  Data        : 8495_MGSD_CSIRO.qc.stats/multiqc_data
[2022-08-05 11:12:25,999] multiqc                                            [DEBUG  ]  Moving data file from '/tmp/smi9a9.8586035/tmpjse4j8lv/multiqc_data' to '8495_MGSD_CSIRO.qc.stats/multiqc_data'
[2022-08-05 11:12:26,633] multiqc                                            [INFO   ]  MultiQC complete
