[2022-08-05 11:09:16,573] multiqc                                            [DEBUG  ]  This is MultiQC v1.11
[2022-08-05 11:09:16,573] multiqc                                            [DEBUG  ]  No MultiQC config found: /apps/multiqc/1.11/lib/python3.9/site-packages/multiqc_config.yaml
[2022-08-05 11:09:16,573] multiqc                                            [DEBUG  ]  No MultiQC config found: /home/smi9a9/.multiqc_config.yaml
[2022-08-05 11:09:16,998] multiqc                                            [DEBUG  ]  No MultiQC config found: multiqc_config.yaml
[2022-08-05 11:09:16,998] multiqc                                            [DEBUG  ]  Command used: /apps/multiqc/1.11/bin/multiqc ./19455_combined_merged_fastqc.html ./19455_combined_merged_fastqc.zip ./19455_combined_merged.fastq.gz ./19455_combined_R1p_fastqc.html ./19455_combined_R1p_fastqc.zip ./19455_combined_R1p.fastq.gz ./19455_combined_R1R2u_fastqc.html ./19455_combined_R1R2u_fastqc.zip ./19455_combined_R1R2u.fastq.gz ./19455_combined_R2p_fastqc.html ./19455_combined_R2p_fastqc.zip ./19455_combined_R2p.fastq.gz ./19455_QCreads.md5 -o 19455_MGSD_CSIRO.qc.stats
[2022-08-05 11:09:17,000] multiqc                                            [DEBUG  ]  Could not connect to multiqc.info for version check: <urlopen error [Errno 111] Connection refused>
[2022-08-05 11:09:17,000] multiqc                                            [DEBUG  ]  Command     : /apps/multiqc/1.11/bin/multiqc ./19455_combined_merged_fastqc.html ./19455_combined_merged_fastqc.zip ./19455_combined_merged.fastq.gz ./19455_combined_R1p_fastqc.html ./19455_combined_R1p_fastqc.zip ./19455_combined_R1p.fastq.gz ./19455_combined_R1R2u_fastqc.html ./19455_combined_R1R2u_fastqc.zip ./19455_combined_R1R2u.fastq.gz ./19455_combined_R2p_fastqc.html ./19455_combined_R2p_fastqc.zip ./19455_combined_R2p.fastq.gz ./19455_QCreads.md5 -o 19455_MGSD_CSIRO.qc.stats
[2022-08-05 11:09:17,000] multiqc                                            [DEBUG  ]  Working dir : /datasets/work/oa-amd/work/amd/Metagenome_QC_reads
[2022-08-05 11:09:17,000] multiqc                                            [DEBUG  ]  Template    : default
[2022-08-05 11:09:17,000] multiqc                                            [DEBUG  ]  Running Python 3.9.4 (default, Apr 25 2021, 16:13:27)  [GCC 10.3.0]
[2022-08-05 11:09:17,001] multiqc                                            [DEBUG  ]  Analysing modules: custom_content, ccs, ngsderive, purple, conpair, lima, peddy, somalier, methylQA, mosdepth, phantompeakqualtools, qualimap, preseq, quast, qorts, rna_seqc, rockhopper, rsem, rseqc, busco, bustools, goleft_indexcov, gffcompare, disambiguate, supernova, deeptools, sargasso, verifybamid, mirtrace, happy, mirtop, sambamba, homer, hops, macs2, theta2, snpeff, gatk, htseq, bcftools, featureCounts, fgbio, dragen, dedup, damageprofiler, biobambam2, jcvi, mtnucratio, picard, vep, sentieon, prokka, qc3C, nanostat, samblaster, samtools, sexdeterrmine, eigenstratdatabasetools, bamtools, jellyfish, vcftools, longranger, stacks, varscan2, snippy, bbmap, bismark, biscuit, hicexplorer, hicup, hicpro, salmon, kallisto, slamdunk, star, hisat2, tophat, bowtie2, bowtie1, snpsplit, odgi, pangolin, kat, leehom, adapterRemoval, clipandmerge, cutadapt, flexbar, kaiju, kraken, malt, trimmomatic, sickle, skewer, sortmerna, biobloomtools, fastq_screen, afterqc, fastp, fastqc, pychopper, pycoqc, minionqc, multivcfanalyzer, clusterflow, bcl2fastq, bclconvert, interop, ivar, flash, seqyclean, optitype
[2022-08-05 11:09:17,001] multiqc                                            [DEBUG  ]  Using temporary directory for creating report: /tmp/smi9a9.8585076/tmpbiqc6tq2
[2022-08-05 11:09:17,062] multiqc                                            [INFO   ]  Search path : /datasets/work/oa-amd/work/amd/Metagenome_QC_reads/19455_combined_merged_fastqc.html
[2022-08-05 11:09:17,063] multiqc                                            [INFO   ]  Search path : /datasets/work/oa-amd/work/amd/Metagenome_QC_reads/19455_combined_merged_fastqc.zip
[2022-08-05 11:09:17,063] multiqc                                            [INFO   ]  Search path : /datasets/work/oa-amd/work/amd/Metagenome_QC_reads/19455_combined_merged.fastq.gz
[2022-08-05 11:09:17,063] multiqc                                            [INFO   ]  Search path : /datasets/work/oa-amd/work/amd/Metagenome_QC_reads/19455_combined_R1p_fastqc.html
[2022-08-05 11:09:17,063] multiqc                                            [INFO   ]  Search path : /datasets/work/oa-amd/work/amd/Metagenome_QC_reads/19455_combined_R1p_fastqc.zip
[2022-08-05 11:09:17,063] multiqc                                            [INFO   ]  Search path : /datasets/work/oa-amd/work/amd/Metagenome_QC_reads/19455_combined_R1p.fastq.gz
[2022-08-05 11:09:17,063] multiqc                                            [INFO   ]  Search path : /datasets/work/oa-amd/work/amd/Metagenome_QC_reads/19455_combined_R1R2u_fastqc.html
[2022-08-05 11:09:17,063] multiqc                                            [INFO   ]  Search path : /datasets/work/oa-amd/work/amd/Metagenome_QC_reads/19455_combined_R1R2u_fastqc.zip
[2022-08-05 11:09:17,063] multiqc                                            [INFO   ]  Search path : /datasets/work/oa-amd/work/amd/Metagenome_QC_reads/19455_combined_R1R2u.fastq.gz
[2022-08-05 11:09:17,063] multiqc                                            [INFO   ]  Search path : /datasets/work/oa-amd/work/amd/Metagenome_QC_reads/19455_combined_R2p_fastqc.html
[2022-08-05 11:09:17,063] multiqc                                            [INFO   ]  Search path : /datasets/work/oa-amd/work/amd/Metagenome_QC_reads/19455_combined_R2p_fastqc.zip
[2022-08-05 11:09:17,063] multiqc                                            [INFO   ]  Search path : /datasets/work/oa-amd/work/amd/Metagenome_QC_reads/19455_combined_R2p.fastq.gz
[2022-08-05 11:09:17,063] multiqc                                            [INFO   ]  Search path : /datasets/work/oa-amd/work/amd/Metagenome_QC_reads/19455_QCreads.md5
[2022-08-05 11:09:19,932] multiqc                                            [DEBUG  ]  File ignored by ccs/v4 because it exceeded search pattern filesize limit: 19455_combined_merged_fastqc.html
[2022-08-05 11:09:19,939] multiqc                                            [DEBUG  ]  File ignored by hicexplorer because it exceeded search pattern filesize limit: 19455_combined_merged_fastqc.html
[2022-08-05 11:09:19,940] multiqc                                            [DEBUG  ]  File ignored by nanostat because it exceeded search pattern filesize limit: 19455_combined_merged_fastqc.html
[2022-08-05 11:09:19,940] multiqc                                            [DEBUG  ]  File ignored by lima/summary because it exceeded search pattern filesize limit: 19455_combined_merged_fastqc.html
[2022-08-05 11:09:19,954] multiqc                                            [DEBUG  ]  File ignored by vep/vep_txt because it exceeded search pattern filesize limit: 19455_combined_merged_fastqc.html
[2022-08-05 11:09:19,954] multiqc                                            [DEBUG  ]  File ignored by longranger/invocation because it exceeded search pattern filesize limit: 19455_combined_merged_fastqc.html
[2022-08-05 11:09:19,954] multiqc                                            [DEBUG  ]  File ignored by rockhopper because it exceeded search pattern filesize limit: 19455_combined_merged_fastqc.html
[2022-08-05 11:09:19,954] multiqc                                            [DEBUG  ]  File ignored by rseqc/bam_stat because it exceeded search pattern filesize limit: 19455_combined_merged_fastqc.html
[2022-08-05 11:09:19,954] multiqc                                            [DEBUG  ]  File ignored by rseqc/junction_annotation because it exceeded search pattern filesize limit: 19455_combined_merged_fastqc.html
[2022-08-05 11:09:19,954] multiqc                                            [DEBUG  ]  File ignored by rseqc/read_distribution because it exceeded search pattern filesize limit: 19455_combined_merged_fastqc.html
[2022-08-05 11:09:19,954] multiqc                                            [DEBUG  ]  File ignored by rseqc/infer_experiment because it exceeded search pattern filesize limit: 19455_combined_merged_fastqc.html
[2022-08-05 11:09:20,061] multiqc                                            [DEBUG  ]  Ignoring file as matched an ignore pattern: 19455_combined_merged.fastq.gz
[2022-08-05 11:09:21,091] multiqc                                            [DEBUG  ]  File ignored by ccs/v4 because it exceeded search pattern filesize limit: 19455_combined_R1p_fastqc.html
[2022-08-05 11:09:21,109] multiqc                                            [DEBUG  ]  File ignored by hicexplorer because it exceeded search pattern filesize limit: 19455_combined_R1p_fastqc.html
[2022-08-05 11:09:21,110] multiqc                                            [DEBUG  ]  File ignored by nanostat because it exceeded search pattern filesize limit: 19455_combined_R1p_fastqc.html
[2022-08-05 11:09:21,110] multiqc                                            [DEBUG  ]  File ignored by lima/summary because it exceeded search pattern filesize limit: 19455_combined_R1p_fastqc.html
[2022-08-05 11:09:21,136] multiqc                                            [DEBUG  ]  File ignored by vep/vep_txt because it exceeded search pattern filesize limit: 19455_combined_R1p_fastqc.html
[2022-08-05 11:09:21,136] multiqc                                            [DEBUG  ]  File ignored by longranger/invocation because it exceeded search pattern filesize limit: 19455_combined_R1p_fastqc.html
[2022-08-05 11:09:21,136] multiqc                                            [DEBUG  ]  File ignored by rockhopper because it exceeded search pattern filesize limit: 19455_combined_R1p_fastqc.html
[2022-08-05 11:09:21,136] multiqc                                            [DEBUG  ]  File ignored by rseqc/bam_stat because it exceeded search pattern filesize limit: 19455_combined_R1p_fastqc.html
[2022-08-05 11:09:21,136] multiqc                                            [DEBUG  ]  File ignored by rseqc/junction_annotation because it exceeded search pattern filesize limit: 19455_combined_R1p_fastqc.html
[2022-08-05 11:09:21,136] multiqc                                            [DEBUG  ]  File ignored by rseqc/read_distribution because it exceeded search pattern filesize limit: 19455_combined_R1p_fastqc.html
[2022-08-05 11:09:21,136] multiqc                                            [DEBUG  ]  File ignored by rseqc/infer_experiment because it exceeded search pattern filesize limit: 19455_combined_R1p_fastqc.html
[2022-08-05 11:09:22,383] multiqc                                            [DEBUG  ]  Ignoring file as matched an ignore pattern: 19455_combined_R1p.fastq.gz
[2022-08-05 11:09:23,319] multiqc                                            [DEBUG  ]  File ignored by ccs/v4 because it exceeded search pattern filesize limit: 19455_combined_R1R2u_fastqc.html
[2022-08-05 11:09:23,330] multiqc                                            [DEBUG  ]  File ignored by hicexplorer because it exceeded search pattern filesize limit: 19455_combined_R1R2u_fastqc.html
[2022-08-05 11:09:23,331] multiqc                                            [DEBUG  ]  File ignored by nanostat because it exceeded search pattern filesize limit: 19455_combined_R1R2u_fastqc.html
[2022-08-05 11:09:23,331] multiqc                                            [DEBUG  ]  File ignored by lima/summary because it exceeded search pattern filesize limit: 19455_combined_R1R2u_fastqc.html
[2022-08-05 11:09:23,886] multiqc                                            [DEBUG  ]  File ignored by vep/vep_txt because it exceeded search pattern filesize limit: 19455_combined_R1R2u_fastqc.html
[2022-08-05 11:09:23,886] multiqc                                            [DEBUG  ]  File ignored by longranger/invocation because it exceeded search pattern filesize limit: 19455_combined_R1R2u_fastqc.html
[2022-08-05 11:09:23,886] multiqc                                            [DEBUG  ]  File ignored by rockhopper because it exceeded search pattern filesize limit: 19455_combined_R1R2u_fastqc.html
[2022-08-05 11:09:23,886] multiqc                                            [DEBUG  ]  File ignored by rseqc/bam_stat because it exceeded search pattern filesize limit: 19455_combined_R1R2u_fastqc.html
[2022-08-05 11:09:23,886] multiqc                                            [DEBUG  ]  File ignored by rseqc/junction_annotation because it exceeded search pattern filesize limit: 19455_combined_R1R2u_fastqc.html
[2022-08-05 11:09:23,886] multiqc                                            [DEBUG  ]  File ignored by rseqc/read_distribution because it exceeded search pattern filesize limit: 19455_combined_R1R2u_fastqc.html
[2022-08-05 11:09:23,886] multiqc                                            [DEBUG  ]  File ignored by rseqc/infer_experiment because it exceeded search pattern filesize limit: 19455_combined_R1R2u_fastqc.html
[2022-08-05 11:09:23,963] multiqc                                            [DEBUG  ]  Ignoring file as matched an ignore pattern: 19455_combined_R1R2u.fastq.gz
[2022-08-05 11:09:24,007] multiqc                                            [DEBUG  ]  File ignored by ccs/v4 because it exceeded search pattern filesize limit: 19455_combined_R2p_fastqc.html
[2022-08-05 11:09:24,260] multiqc                                            [DEBUG  ]  File ignored by hicexplorer because it exceeded search pattern filesize limit: 19455_combined_R2p_fastqc.html
[2022-08-05 11:09:24,261] multiqc                                            [DEBUG  ]  File ignored by nanostat because it exceeded search pattern filesize limit: 19455_combined_R2p_fastqc.html
[2022-08-05 11:09:24,261] multiqc                                            [DEBUG  ]  File ignored by lima/summary because it exceeded search pattern filesize limit: 19455_combined_R2p_fastqc.html
[2022-08-05 11:09:24,273] multiqc                                            [DEBUG  ]  File ignored by vep/vep_txt because it exceeded search pattern filesize limit: 19455_combined_R2p_fastqc.html
[2022-08-05 11:09:24,274] multiqc                                            [DEBUG  ]  File ignored by longranger/invocation because it exceeded search pattern filesize limit: 19455_combined_R2p_fastqc.html
[2022-08-05 11:09:24,274] multiqc                                            [DEBUG  ]  File ignored by rockhopper because it exceeded search pattern filesize limit: 19455_combined_R2p_fastqc.html
[2022-08-05 11:09:24,274] multiqc                                            [DEBUG  ]  File ignored by rseqc/bam_stat because it exceeded search pattern filesize limit: 19455_combined_R2p_fastqc.html
[2022-08-05 11:09:24,274] multiqc                                            [DEBUG  ]  File ignored by rseqc/junction_annotation because it exceeded search pattern filesize limit: 19455_combined_R2p_fastqc.html
[2022-08-05 11:09:24,274] multiqc                                            [DEBUG  ]  File ignored by rseqc/read_distribution because it exceeded search pattern filesize limit: 19455_combined_R2p_fastqc.html
[2022-08-05 11:09:24,274] multiqc                                            [DEBUG  ]  File ignored by rseqc/infer_experiment because it exceeded search pattern filesize limit: 19455_combined_R2p_fastqc.html
[2022-08-05 11:09:24,988] multiqc                                            [DEBUG  ]  Ignoring file as matched an ignore pattern: 19455_combined_R2p.fastq.gz
[2022-08-05 11:09:24,988] multiqc                                            [DEBUG  ]  Ignoring file as matched an ignore pattern: 19455_QCreads.md5
[2022-08-05 11:09:26,455] multiqc.plots.bargraph                             [DEBUG  ]  Using matplotlib version 3.3.4
[2022-08-05 11:09:26,459] multiqc.plots.linegraph                            [DEBUG  ]  Using matplotlib version 3.3.4
[2022-08-05 11:09:26,462] multiqc                                            [DEBUG  ]  No samples found: custom_content
[2022-08-05 11:09:26,467] multiqc                                            [DEBUG  ]  No samples found: ccs
[2022-08-05 11:09:26,472] multiqc                                            [DEBUG  ]  No samples found: ngsderive
[2022-08-05 11:09:26,477] multiqc                                            [DEBUG  ]  No samples found: purple
[2022-08-05 11:09:26,481] multiqc                                            [DEBUG  ]  No samples found: conpair
[2022-08-05 11:09:26,486] multiqc                                            [DEBUG  ]  No samples found: lima
[2022-08-05 11:09:26,491] multiqc                                            [DEBUG  ]  No samples found: peddy
[2022-08-05 11:09:26,497] multiqc                                            [DEBUG  ]  No samples found: somalier
[2022-08-05 11:09:26,502] multiqc                                            [DEBUG  ]  No samples found: methylQA
[2022-08-05 11:09:26,512] multiqc.modules.mosdepth.mosdepth                  [DEBUG  ]  include_contigs: []
[2022-08-05 11:09:26,512] multiqc.modules.mosdepth.mosdepth                  [DEBUG  ]  exclude_contigs: []
[2022-08-05 11:09:26,512] multiqc                                            [DEBUG  ]  No samples found: mosdepth
[2022-08-05 11:09:26,515] multiqc                                            [DEBUG  ]  No samples found: phantompeakqualtools
[2022-08-05 11:09:26,519] multiqc                                            [DEBUG  ]  No samples found: qualimap
[2022-08-05 11:09:26,525] multiqc                                            [DEBUG  ]  No samples found: preseq
[2022-08-05 11:09:26,530] multiqc                                            [DEBUG  ]  No samples found: quast
[2022-08-05 11:09:26,534] multiqc                                            [DEBUG  ]  No samples found: qorts
[2022-08-05 11:09:26,539] multiqc                                            [DEBUG  ]  No samples found: rna_seqc
[2022-08-05 11:09:26,543] multiqc                                            [DEBUG  ]  No samples found: rockhopper
[2022-08-05 11:09:26,547] multiqc                                            [DEBUG  ]  No samples found: rsem
[2022-08-05 11:09:26,561] multiqc                                            [DEBUG  ]  No samples found: rseqc
[2022-08-05 11:09:26,565] multiqc                                            [DEBUG  ]  No samples found: busco
[2022-08-05 11:09:26,569] multiqc                                            [DEBUG  ]  No samples found: bustools
[2022-08-05 11:09:26,574] multiqc                                            [DEBUG  ]  No samples found: goleft_indexcov
[2022-08-05 11:09:26,578] multiqc                                            [DEBUG  ]  No samples found: gffcompare
[2022-08-05 11:09:26,582] multiqc                                            [DEBUG  ]  No samples found: disambiguate
[2022-08-05 11:09:26,589] multiqc                                            [DEBUG  ]  No samples found: supernova
[2022-08-05 11:09:26,607] multiqc                                            [DEBUG  ]  No samples found: deeptools
[2022-08-05 11:09:26,842] multiqc                                            [DEBUG  ]  No samples found: sargasso
[2022-08-05 11:09:26,847] multiqc                                            [DEBUG  ]  No samples found: verifybamid
[2022-08-05 11:09:26,852] multiqc                                            [DEBUG  ]  No samples found: mirtrace
[2022-08-05 11:09:26,856] multiqc                                            [DEBUG  ]  No samples found: happy
[2022-08-05 11:09:26,860] multiqc                                            [DEBUG  ]  No samples found: mirtop
[2022-08-05 11:09:26,864] multiqc                                            [DEBUG  ]  No samples found: sambamba
[2022-08-05 11:09:27,033] multiqc                                            [DEBUG  ]  No samples found: homer
[2022-08-05 11:09:27,262] multiqc                                            [DEBUG  ]  No samples found: hops
[2022-08-05 11:09:27,267] multiqc                                            [DEBUG  ]  No samples found: macs2
[2022-08-05 11:09:27,271] multiqc                                            [DEBUG  ]  No samples found: theta2
[2022-08-05 11:09:27,276] multiqc                                            [DEBUG  ]  No samples found: snpeff
[2022-08-05 11:09:27,285] multiqc                                            [DEBUG  ]  No samples found: gatk
[2022-08-05 11:09:27,291] multiqc                                            [DEBUG  ]  No samples found: htseq
[2022-08-05 11:09:27,298] multiqc                                            [DEBUG  ]  No samples found: bcftools
[2022-08-05 11:09:27,303] multiqc                                            [DEBUG  ]  No samples found: featureCounts
[2022-08-05 11:09:27,541] multiqc                                            [DEBUG  ]  No samples found: fgbio
[2022-08-05 11:09:27,563] multiqc                                            [DEBUG  ]  No samples found: dragen
[2022-08-05 11:09:27,799] multiqc                                            [DEBUG  ]  No samples found: dedup
[2022-08-05 11:09:28,293] multiqc                                            [DEBUG  ]  No samples found: damageprofiler
[2022-08-05 11:09:28,806] multiqc                                            [DEBUG  ]  No samples found: biobambam2
[2022-08-05 11:09:28,812] multiqc                                            [DEBUG  ]  No samples found: jcvi
[2022-08-05 11:09:28,816] multiqc                                            [DEBUG  ]  No samples found: mtnucratio
[2022-08-05 11:09:28,818] multiqc                                            [DEBUG  ]  No samples found: picard
[2022-08-05 11:09:28,824] multiqc                                            [DEBUG  ]  No samples found: vep
[2022-08-05 11:09:28,832] multiqc                                            [DEBUG  ]  No samples found: sentieon
[2022-08-05 11:09:28,836] multiqc                                            [DEBUG  ]  No samples found: prokka
[2022-08-05 11:09:28,843] multiqc                                            [DEBUG  ]  No samples found: qc3C
[2022-08-05 11:09:28,848] multiqc                                            [DEBUG  ]  No samples found: nanostat
[2022-08-05 11:09:28,852] multiqc                                            [DEBUG  ]  No samples found: samblaster
[2022-08-05 11:09:28,861] multiqc                                            [DEBUG  ]  No samples found: samtools
[2022-08-05 11:09:28,866] multiqc                                            [DEBUG  ]  No samples found: sexdeterrmine
[2022-08-05 11:09:29,099] multiqc                                            [DEBUG  ]  No samples found: eigenstratdatabasetools
[2022-08-05 11:09:29,104] multiqc                                            [DEBUG  ]  No samples found: bamtools
[2022-08-05 11:09:29,108] multiqc                                            [DEBUG  ]  No samples found: jellyfish
[2022-08-05 11:09:29,118] multiqc                                            [DEBUG  ]  No samples found: vcftools
[2022-08-05 11:09:29,123] multiqc                                            [DEBUG  ]  No samples found: longranger
[2022-08-05 11:09:29,129] multiqc                                            [DEBUG  ]  No samples found: stacks
[2022-08-05 11:09:29,134] multiqc                                            [DEBUG  ]  No samples found: varscan2
[2022-08-05 11:09:29,139] multiqc                                            [DEBUG  ]  No samples found: snippy
[2022-08-05 11:09:29,387] multiqc                                            [DEBUG  ]  No samples found: bbmap
[2022-08-05 11:09:29,393] multiqc                                            [DEBUG  ]  No samples found: bismark
[2022-08-05 11:09:29,401] multiqc                                            [DEBUG  ]  No samples found: biscuit
[2022-08-05 11:09:29,406] multiqc                                            [DEBUG  ]  No samples found: hicexplorer
[2022-08-05 11:09:29,410] multiqc                                            [DEBUG  ]  No samples found: hicup
[2022-08-05 11:09:29,415] multiqc                                            [DEBUG  ]  No samples found: hicpro
[2022-08-05 11:09:29,420] multiqc                                            [DEBUG  ]  No samples found: salmon
[2022-08-05 11:09:29,424] multiqc                                            [DEBUG  ]  No samples found: kallisto
[2022-08-05 11:09:29,430] multiqc                                            [DEBUG  ]  No samples found: slamdunk
[2022-08-05 11:09:29,435] multiqc                                            [DEBUG  ]  No samples found: star
[2022-08-05 11:09:29,439] multiqc                                            [DEBUG  ]  No samples found: hisat2
[2022-08-05 11:09:29,443] multiqc                                            [DEBUG  ]  No samples found: tophat
[2022-08-05 11:09:29,448] multiqc                                            [DEBUG  ]  No samples found: bowtie2
[2022-08-05 11:09:29,452] multiqc                                            [DEBUG  ]  No samples found: bowtie1
[2022-08-05 11:09:29,457] multiqc                                            [DEBUG  ]  No samples found: snpsplit
[2022-08-05 11:09:29,461] multiqc                                            [DEBUG  ]  No samples found: odgi
[2022-08-05 11:09:29,466] multiqc                                            [DEBUG  ]  No samples found: pangolin
[2022-08-05 11:09:29,470] multiqc                                            [DEBUG  ]  No samples found: kat
[2022-08-05 11:09:29,474] multiqc                                            [DEBUG  ]  No samples found: leehom
[2022-08-05 11:09:29,479] multiqc                                            [DEBUG  ]  No samples found: adapterRemoval
[2022-08-05 11:09:29,483] multiqc                                            [DEBUG  ]  No samples found: clipandmerge
[2022-08-05 11:09:29,488] multiqc                                            [DEBUG  ]  No samples found: cutadapt
[2022-08-05 11:09:29,492] multiqc                                            [DEBUG  ]  No samples found: flexbar
[2022-08-05 11:09:29,497] multiqc                                            [DEBUG  ]  No samples found: kaiju
[2022-08-05 11:09:29,731] multiqc                                            [DEBUG  ]  No samples found: kraken
[2022-08-05 11:09:29,736] multiqc                                            [DEBUG  ]  No samples found: malt
[2022-08-05 11:09:29,740] multiqc                                            [DEBUG  ]  No samples found: trimmomatic
[2022-08-05 11:09:29,744] multiqc                                            [DEBUG  ]  No samples found: sickle
[2022-08-05 11:09:29,748] multiqc                                            [DEBUG  ]  No samples found: skewer
[2022-08-05 11:09:29,752] multiqc                                            [DEBUG  ]  No samples found: sortmerna
[2022-08-05 11:09:29,757] multiqc                                            [DEBUG  ]  No samples found: biobloomtools
[2022-08-05 11:09:29,992] multiqc                                            [DEBUG  ]  No samples found: fastq_screen
[2022-08-05 11:09:30,227] multiqc                                            [DEBUG  ]  No samples found: afterqc
[2022-08-05 11:09:30,232] multiqc                                            [DEBUG  ]  No samples found: fastp
[2022-08-05 11:09:30,847] multiqc.modules.fastqc.fastqc                      [INFO   ]  Found 4 reports
[2022-08-05 11:09:30,895] multiqc                                            [DEBUG  ]  No samples found: pychopper
[2022-08-05 11:09:30,900] multiqc                                            [DEBUG  ]  No samples found: pycoqc
[2022-08-05 11:09:30,904] multiqc                                            [DEBUG  ]  No samples found: minionqc
[2022-08-05 11:09:30,909] multiqc                                            [DEBUG  ]  No samples found: multivcfanalyzer
[2022-08-05 11:09:30,914] multiqc                                            [DEBUG  ]  No samples found: clusterflow
[2022-08-05 11:09:30,920] multiqc                                            [DEBUG  ]  No samples found: bcl2fastq
[2022-08-05 11:09:30,927] multiqc                                            [DEBUG  ]  No samples found: bclconvert
[2022-08-05 11:09:30,932] multiqc                                            [DEBUG  ]  No samples found: interop
[2022-08-05 11:09:30,936] multiqc                                            [DEBUG  ]  No samples found: ivar
[2022-08-05 11:09:30,941] multiqc                                            [DEBUG  ]  No samples found: flash
[2022-08-05 11:09:30,945] multiqc                                            [DEBUG  ]  No samples found: seqyclean
[2022-08-05 11:09:30,949] multiqc                                            [DEBUG  ]  No samples found: optitype
[2022-08-05 11:09:30,953] multiqc                                            [INFO   ]  Compressing plot data
[2022-08-05 11:09:31,027] multiqc                                            [INFO   ]  Report      : 19455_MGSD_CSIRO.qc.stats/multiqc_report.html
[2022-08-05 11:09:31,027] multiqc                                            [INFO   ]  Data        : 19455_MGSD_CSIRO.qc.stats/multiqc_data
[2022-08-05 11:09:31,027] multiqc                                            [DEBUG  ]  Moving data file from '/tmp/smi9a9.8585076/tmpbiqc6tq2/multiqc_data' to '19455_MGSD_CSIRO.qc.stats/multiqc_data'
[2022-08-05 11:09:31,204] multiqc                                            [INFO   ]  MultiQC complete
