[2022-08-05 11:13:11,063] multiqc                                            [DEBUG  ]  This is MultiQC v1.11
[2022-08-05 11:13:11,063] multiqc                                            [DEBUG  ]  No MultiQC config found: /apps/multiqc/1.11/lib/python3.9/site-packages/multiqc_config.yaml
[2022-08-05 11:13:11,064] multiqc                                            [DEBUG  ]  No MultiQC config found: /home/smi9a9/.multiqc_config.yaml
[2022-08-05 11:13:17,036] multiqc                                            [DEBUG  ]  No MultiQC config found: multiqc_config.yaml
[2022-08-05 11:13:17,036] multiqc                                            [DEBUG  ]  Command used: /apps/multiqc/1.11/bin/multiqc ./9500_HFLF3BCXX-1_merged_fastqc.html ./9500_HFLF3BCXX-1_merged_fastqc.zip ./9500_HFLF3BCXX-1_merged.fastq.gz ./9500_HFLF3BCXX-1_R1p_fastqc.html ./9500_HFLF3BCXX-1_R1p_fastqc.zip ./9500_HFLF3BCXX-1_R1p.fastq.gz ./9500_HFLF3BCXX-1_R1R2u_fastqc.html ./9500_HFLF3BCXX-1_R1R2u_fastqc.zip ./9500_HFLF3BCXX-1_R1R2u.fastq.gz ./9500_HFLF3BCXX-1_R2p_fastqc.html ./9500_HFLF3BCXX-1_R2p_fastqc.zip ./9500_HFLF3BCXX-1_R2p.fastq.gz ./9500_QCreads.md5 -o 9500_MGSD_CSIRO.qc.stats
[2022-08-05 11:13:17,039] multiqc                                            [DEBUG  ]  Could not connect to multiqc.info for version check: <urlopen error [Errno 111] Connection refused>
[2022-08-05 11:13:17,039] multiqc                                            [DEBUG  ]  Command     : /apps/multiqc/1.11/bin/multiqc ./9500_HFLF3BCXX-1_merged_fastqc.html ./9500_HFLF3BCXX-1_merged_fastqc.zip ./9500_HFLF3BCXX-1_merged.fastq.gz ./9500_HFLF3BCXX-1_R1p_fastqc.html ./9500_HFLF3BCXX-1_R1p_fastqc.zip ./9500_HFLF3BCXX-1_R1p.fastq.gz ./9500_HFLF3BCXX-1_R1R2u_fastqc.html ./9500_HFLF3BCXX-1_R1R2u_fastqc.zip ./9500_HFLF3BCXX-1_R1R2u.fastq.gz ./9500_HFLF3BCXX-1_R2p_fastqc.html ./9500_HFLF3BCXX-1_R2p_fastqc.zip ./9500_HFLF3BCXX-1_R2p.fastq.gz ./9500_QCreads.md5 -o 9500_MGSD_CSIRO.qc.stats
[2022-08-05 11:13:17,039] multiqc                                            [DEBUG  ]  Working dir : /datasets/work/oa-amd/work/amd/Metagenome_QC_reads
[2022-08-05 11:13:17,039] multiqc                                            [DEBUG  ]  Template    : default
[2022-08-05 11:13:17,039] multiqc                                            [DEBUG  ]  Running Python 3.9.4 (default, Apr 25 2021, 16:13:27)  [GCC 10.3.0]
[2022-08-05 11:13:17,039] multiqc                                            [DEBUG  ]  Analysing modules: custom_content, ccs, ngsderive, purple, conpair, lima, peddy, somalier, methylQA, mosdepth, phantompeakqualtools, qualimap, preseq, quast, qorts, rna_seqc, rockhopper, rsem, rseqc, busco, bustools, goleft_indexcov, gffcompare, disambiguate, supernova, deeptools, sargasso, verifybamid, mirtrace, happy, mirtop, sambamba, homer, hops, macs2, theta2, snpeff, gatk, htseq, bcftools, featureCounts, fgbio, dragen, dedup, damageprofiler, biobambam2, jcvi, mtnucratio, picard, vep, sentieon, prokka, qc3C, nanostat, samblaster, samtools, sexdeterrmine, eigenstratdatabasetools, bamtools, jellyfish, vcftools, longranger, stacks, varscan2, snippy, bbmap, bismark, biscuit, hicexplorer, hicup, hicpro, salmon, kallisto, slamdunk, star, hisat2, tophat, bowtie2, bowtie1, snpsplit, odgi, pangolin, kat, leehom, adapterRemoval, clipandmerge, cutadapt, flexbar, kaiju, kraken, malt, trimmomatic, sickle, skewer, sortmerna, biobloomtools, fastq_screen, afterqc, fastp, fastqc, pychopper, pycoqc, minionqc, multivcfanalyzer, clusterflow, bcl2fastq, bclconvert, interop, ivar, flash, seqyclean, optitype
[2022-08-05 11:13:17,039] multiqc                                            [DEBUG  ]  Using temporary directory for creating report: /tmp/smi9a9.8586106/tmphubs3rca
[2022-08-05 11:13:17,100] multiqc                                            [INFO   ]  Search path : /datasets/work/oa-amd/work/amd/Metagenome_QC_reads/9500_HFLF3BCXX-1_merged_fastqc.html
[2022-08-05 11:13:17,100] multiqc                                            [INFO   ]  Search path : /datasets/work/oa-amd/work/amd/Metagenome_QC_reads/9500_HFLF3BCXX-1_merged_fastqc.zip
[2022-08-05 11:13:17,100] multiqc                                            [INFO   ]  Search path : /datasets/work/oa-amd/work/amd/Metagenome_QC_reads/9500_HFLF3BCXX-1_merged.fastq.gz
[2022-08-05 11:13:17,100] multiqc                                            [INFO   ]  Search path : /datasets/work/oa-amd/work/amd/Metagenome_QC_reads/9500_HFLF3BCXX-1_R1p_fastqc.html
[2022-08-05 11:13:17,100] multiqc                                            [INFO   ]  Search path : /datasets/work/oa-amd/work/amd/Metagenome_QC_reads/9500_HFLF3BCXX-1_R1p_fastqc.zip
[2022-08-05 11:13:17,100] multiqc                                            [INFO   ]  Search path : /datasets/work/oa-amd/work/amd/Metagenome_QC_reads/9500_HFLF3BCXX-1_R1p.fastq.gz
[2022-08-05 11:13:17,100] multiqc                                            [INFO   ]  Search path : /datasets/work/oa-amd/work/amd/Metagenome_QC_reads/9500_HFLF3BCXX-1_R1R2u_fastqc.html
[2022-08-05 11:13:17,100] multiqc                                            [INFO   ]  Search path : /datasets/work/oa-amd/work/amd/Metagenome_QC_reads/9500_HFLF3BCXX-1_R1R2u_fastqc.zip
[2022-08-05 11:13:17,100] multiqc                                            [INFO   ]  Search path : /datasets/work/oa-amd/work/amd/Metagenome_QC_reads/9500_HFLF3BCXX-1_R1R2u.fastq.gz
[2022-08-05 11:13:17,100] multiqc                                            [INFO   ]  Search path : /datasets/work/oa-amd/work/amd/Metagenome_QC_reads/9500_HFLF3BCXX-1_R2p_fastqc.html
[2022-08-05 11:13:17,101] multiqc                                            [INFO   ]  Search path : /datasets/work/oa-amd/work/amd/Metagenome_QC_reads/9500_HFLF3BCXX-1_R2p_fastqc.zip
[2022-08-05 11:13:17,101] multiqc                                            [INFO   ]  Search path : /datasets/work/oa-amd/work/amd/Metagenome_QC_reads/9500_HFLF3BCXX-1_R2p.fastq.gz
[2022-08-05 11:13:17,101] multiqc                                            [INFO   ]  Search path : /datasets/work/oa-amd/work/amd/Metagenome_QC_reads/9500_QCreads.md5
[2022-08-05 11:13:17,841] multiqc                                            [DEBUG  ]  File ignored by ccs/v4 because it exceeded search pattern filesize limit: 9500_HFLF3BCXX-1_merged_fastqc.html
[2022-08-05 11:13:17,850] multiqc                                            [DEBUG  ]  File ignored by hicexplorer because it exceeded search pattern filesize limit: 9500_HFLF3BCXX-1_merged_fastqc.html
[2022-08-05 11:13:17,852] multiqc                                            [DEBUG  ]  File ignored by nanostat because it exceeded search pattern filesize limit: 9500_HFLF3BCXX-1_merged_fastqc.html
[2022-08-05 11:13:17,852] multiqc                                            [DEBUG  ]  File ignored by lima/summary because it exceeded search pattern filesize limit: 9500_HFLF3BCXX-1_merged_fastqc.html
[2022-08-05 11:13:17,870] multiqc                                            [DEBUG  ]  File ignored by vep/vep_txt because it exceeded search pattern filesize limit: 9500_HFLF3BCXX-1_merged_fastqc.html
[2022-08-05 11:13:17,870] multiqc                                            [DEBUG  ]  File ignored by longranger/invocation because it exceeded search pattern filesize limit: 9500_HFLF3BCXX-1_merged_fastqc.html
[2022-08-05 11:13:17,870] multiqc                                            [DEBUG  ]  File ignored by rockhopper because it exceeded search pattern filesize limit: 9500_HFLF3BCXX-1_merged_fastqc.html
[2022-08-05 11:13:17,870] multiqc                                            [DEBUG  ]  File ignored by rseqc/bam_stat because it exceeded search pattern filesize limit: 9500_HFLF3BCXX-1_merged_fastqc.html
[2022-08-05 11:13:17,870] multiqc                                            [DEBUG  ]  File ignored by rseqc/junction_annotation because it exceeded search pattern filesize limit: 9500_HFLF3BCXX-1_merged_fastqc.html
[2022-08-05 11:13:17,870] multiqc                                            [DEBUG  ]  File ignored by rseqc/read_distribution because it exceeded search pattern filesize limit: 9500_HFLF3BCXX-1_merged_fastqc.html
[2022-08-05 11:13:17,870] multiqc                                            [DEBUG  ]  File ignored by rseqc/infer_experiment because it exceeded search pattern filesize limit: 9500_HFLF3BCXX-1_merged_fastqc.html
[2022-08-05 11:13:17,977] multiqc                                            [DEBUG  ]  Ignoring file as matched an ignore pattern: 9500_HFLF3BCXX-1_merged.fastq.gz
[2022-08-05 11:13:18,054] multiqc                                            [DEBUG  ]  File ignored by ccs/v4 because it exceeded search pattern filesize limit: 9500_HFLF3BCXX-1_R1p_fastqc.html
[2022-08-05 11:13:18,064] multiqc                                            [DEBUG  ]  File ignored by hicexplorer because it exceeded search pattern filesize limit: 9500_HFLF3BCXX-1_R1p_fastqc.html
[2022-08-05 11:13:18,066] multiqc                                            [DEBUG  ]  File ignored by nanostat because it exceeded search pattern filesize limit: 9500_HFLF3BCXX-1_R1p_fastqc.html
[2022-08-05 11:13:18,066] multiqc                                            [DEBUG  ]  File ignored by lima/summary because it exceeded search pattern filesize limit: 9500_HFLF3BCXX-1_R1p_fastqc.html
[2022-08-05 11:13:18,082] multiqc                                            [DEBUG  ]  File ignored by vep/vep_txt because it exceeded search pattern filesize limit: 9500_HFLF3BCXX-1_R1p_fastqc.html
[2022-08-05 11:13:18,082] multiqc                                            [DEBUG  ]  File ignored by longranger/invocation because it exceeded search pattern filesize limit: 9500_HFLF3BCXX-1_R1p_fastqc.html
[2022-08-05 11:13:18,082] multiqc                                            [DEBUG  ]  File ignored by rockhopper because it exceeded search pattern filesize limit: 9500_HFLF3BCXX-1_R1p_fastqc.html
[2022-08-05 11:13:18,082] multiqc                                            [DEBUG  ]  File ignored by rseqc/bam_stat because it exceeded search pattern filesize limit: 9500_HFLF3BCXX-1_R1p_fastqc.html
[2022-08-05 11:13:18,083] multiqc                                            [DEBUG  ]  File ignored by rseqc/junction_annotation because it exceeded search pattern filesize limit: 9500_HFLF3BCXX-1_R1p_fastqc.html
[2022-08-05 11:13:18,083] multiqc                                            [DEBUG  ]  File ignored by rseqc/read_distribution because it exceeded search pattern filesize limit: 9500_HFLF3BCXX-1_R1p_fastqc.html
[2022-08-05 11:13:18,083] multiqc                                            [DEBUG  ]  File ignored by rseqc/infer_experiment because it exceeded search pattern filesize limit: 9500_HFLF3BCXX-1_R1p_fastqc.html
[2022-08-05 11:13:18,258] multiqc                                            [DEBUG  ]  Ignoring file as matched an ignore pattern: 9500_HFLF3BCXX-1_R1p.fastq.gz
[2022-08-05 11:13:18,998] multiqc                                            [DEBUG  ]  File ignored by ccs/v4 because it exceeded search pattern filesize limit: 9500_HFLF3BCXX-1_R1R2u_fastqc.html
[2022-08-05 11:13:19,007] multiqc                                            [DEBUG  ]  File ignored by hicexplorer because it exceeded search pattern filesize limit: 9500_HFLF3BCXX-1_R1R2u_fastqc.html
[2022-08-05 11:13:19,008] multiqc                                            [DEBUG  ]  File ignored by nanostat because it exceeded search pattern filesize limit: 9500_HFLF3BCXX-1_R1R2u_fastqc.html
[2022-08-05 11:13:19,008] multiqc                                            [DEBUG  ]  File ignored by lima/summary because it exceeded search pattern filesize limit: 9500_HFLF3BCXX-1_R1R2u_fastqc.html
[2022-08-05 11:13:19,025] multiqc                                            [DEBUG  ]  File ignored by vep/vep_txt because it exceeded search pattern filesize limit: 9500_HFLF3BCXX-1_R1R2u_fastqc.html
[2022-08-05 11:13:19,025] multiqc                                            [DEBUG  ]  File ignored by longranger/invocation because it exceeded search pattern filesize limit: 9500_HFLF3BCXX-1_R1R2u_fastqc.html
[2022-08-05 11:13:19,025] multiqc                                            [DEBUG  ]  File ignored by rockhopper because it exceeded search pattern filesize limit: 9500_HFLF3BCXX-1_R1R2u_fastqc.html
[2022-08-05 11:13:19,025] multiqc                                            [DEBUG  ]  File ignored by rseqc/bam_stat because it exceeded search pattern filesize limit: 9500_HFLF3BCXX-1_R1R2u_fastqc.html
[2022-08-05 11:13:19,025] multiqc                                            [DEBUG  ]  File ignored by rseqc/junction_annotation because it exceeded search pattern filesize limit: 9500_HFLF3BCXX-1_R1R2u_fastqc.html
[2022-08-05 11:13:19,025] multiqc                                            [DEBUG  ]  File ignored by rseqc/read_distribution because it exceeded search pattern filesize limit: 9500_HFLF3BCXX-1_R1R2u_fastqc.html
[2022-08-05 11:13:19,025] multiqc                                            [DEBUG  ]  File ignored by rseqc/infer_experiment because it exceeded search pattern filesize limit: 9500_HFLF3BCXX-1_R1R2u_fastqc.html
[2022-08-05 11:13:19,114] multiqc                                            [DEBUG  ]  Ignoring file as matched an ignore pattern: 9500_HFLF3BCXX-1_R1R2u.fastq.gz
[2022-08-05 11:13:19,149] multiqc                                            [DEBUG  ]  File ignored by ccs/v4 because it exceeded search pattern filesize limit: 9500_HFLF3BCXX-1_R2p_fastqc.html
[2022-08-05 11:13:19,158] multiqc                                            [DEBUG  ]  File ignored by hicexplorer because it exceeded search pattern filesize limit: 9500_HFLF3BCXX-1_R2p_fastqc.html
[2022-08-05 11:13:19,159] multiqc                                            [DEBUG  ]  File ignored by nanostat because it exceeded search pattern filesize limit: 9500_HFLF3BCXX-1_R2p_fastqc.html
[2022-08-05 11:13:19,159] multiqc                                            [DEBUG  ]  File ignored by lima/summary because it exceeded search pattern filesize limit: 9500_HFLF3BCXX-1_R2p_fastqc.html
[2022-08-05 11:13:19,182] multiqc                                            [DEBUG  ]  File ignored by vep/vep_txt because it exceeded search pattern filesize limit: 9500_HFLF3BCXX-1_R2p_fastqc.html
[2022-08-05 11:13:19,182] multiqc                                            [DEBUG  ]  File ignored by longranger/invocation because it exceeded search pattern filesize limit: 9500_HFLF3BCXX-1_R2p_fastqc.html
[2022-08-05 11:13:19,182] multiqc                                            [DEBUG  ]  File ignored by rockhopper because it exceeded search pattern filesize limit: 9500_HFLF3BCXX-1_R2p_fastqc.html
[2022-08-05 11:13:19,182] multiqc                                            [DEBUG  ]  File ignored by rseqc/bam_stat because it exceeded search pattern filesize limit: 9500_HFLF3BCXX-1_R2p_fastqc.html
[2022-08-05 11:13:19,182] multiqc                                            [DEBUG  ]  File ignored by rseqc/junction_annotation because it exceeded search pattern filesize limit: 9500_HFLF3BCXX-1_R2p_fastqc.html
[2022-08-05 11:13:19,182] multiqc                                            [DEBUG  ]  File ignored by rseqc/read_distribution because it exceeded search pattern filesize limit: 9500_HFLF3BCXX-1_R2p_fastqc.html
[2022-08-05 11:13:19,182] multiqc                                            [DEBUG  ]  File ignored by rseqc/infer_experiment because it exceeded search pattern filesize limit: 9500_HFLF3BCXX-1_R2p_fastqc.html
[2022-08-05 11:13:19,388] multiqc                                            [DEBUG  ]  Ignoring file as matched an ignore pattern: 9500_HFLF3BCXX-1_R2p.fastq.gz
[2022-08-05 11:13:19,407] multiqc                                            [DEBUG  ]  Ignoring file as matched an ignore pattern: 9500_QCreads.md5
[2022-08-05 11:13:27,436] multiqc.plots.bargraph                             [DEBUG  ]  Using matplotlib version 3.3.4
[2022-08-05 11:13:27,440] multiqc.plots.linegraph                            [DEBUG  ]  Using matplotlib version 3.3.4
[2022-08-05 11:13:27,443] multiqc                                            [DEBUG  ]  No samples found: custom_content
[2022-08-05 11:13:27,448] multiqc                                            [DEBUG  ]  No samples found: ccs
[2022-08-05 11:13:27,453] multiqc                                            [DEBUG  ]  No samples found: ngsderive
[2022-08-05 11:13:27,458] multiqc                                            [DEBUG  ]  No samples found: purple
[2022-08-05 11:13:27,462] multiqc                                            [DEBUG  ]  No samples found: conpair
[2022-08-05 11:13:27,467] multiqc                                            [DEBUG  ]  No samples found: lima
[2022-08-05 11:13:27,471] multiqc                                            [DEBUG  ]  No samples found: peddy
[2022-08-05 11:13:27,478] multiqc                                            [DEBUG  ]  No samples found: somalier
[2022-08-05 11:13:27,482] multiqc                                            [DEBUG  ]  No samples found: methylQA
[2022-08-05 11:13:27,491] multiqc.modules.mosdepth.mosdepth                  [DEBUG  ]  include_contigs: []
[2022-08-05 11:13:27,492] multiqc.modules.mosdepth.mosdepth                  [DEBUG  ]  exclude_contigs: []
[2022-08-05 11:13:27,492] multiqc                                            [DEBUG  ]  No samples found: mosdepth
[2022-08-05 11:13:27,725] multiqc                                            [DEBUG  ]  No samples found: phantompeakqualtools
[2022-08-05 11:13:27,729] multiqc                                            [DEBUG  ]  No samples found: qualimap
[2022-08-05 11:13:27,734] multiqc                                            [DEBUG  ]  No samples found: preseq
[2022-08-05 11:13:27,739] multiqc                                            [DEBUG  ]  No samples found: quast
[2022-08-05 11:13:27,745] multiqc                                            [DEBUG  ]  No samples found: qorts
[2022-08-05 11:13:27,750] multiqc                                            [DEBUG  ]  No samples found: rna_seqc
[2022-08-05 11:13:27,754] multiqc                                            [DEBUG  ]  No samples found: rockhopper
[2022-08-05 11:13:27,759] multiqc                                            [DEBUG  ]  No samples found: rsem
[2022-08-05 11:13:27,773] multiqc                                            [DEBUG  ]  No samples found: rseqc
[2022-08-05 11:13:27,777] multiqc                                            [DEBUG  ]  No samples found: busco
[2022-08-05 11:13:27,782] multiqc                                            [DEBUG  ]  No samples found: bustools
[2022-08-05 11:13:27,786] multiqc                                            [DEBUG  ]  No samples found: goleft_indexcov
[2022-08-05 11:13:27,791] multiqc                                            [DEBUG  ]  No samples found: gffcompare
[2022-08-05 11:13:27,795] multiqc                                            [DEBUG  ]  No samples found: disambiguate
[2022-08-05 11:13:27,801] multiqc                                            [DEBUG  ]  No samples found: supernova
[2022-08-05 11:13:27,816] multiqc                                            [DEBUG  ]  No samples found: deeptools
[2022-08-05 11:13:27,820] multiqc                                            [DEBUG  ]  No samples found: sargasso
[2022-08-05 11:13:27,824] multiqc                                            [DEBUG  ]  No samples found: verifybamid
[2022-08-05 11:13:27,829] multiqc                                            [DEBUG  ]  No samples found: mirtrace
[2022-08-05 11:13:27,834] multiqc                                            [DEBUG  ]  No samples found: happy
[2022-08-05 11:13:27,838] multiqc                                            [DEBUG  ]  No samples found: mirtop
[2022-08-05 11:13:27,843] multiqc                                            [DEBUG  ]  No samples found: sambamba
[2022-08-05 11:13:27,851] multiqc                                            [DEBUG  ]  No samples found: homer
[2022-08-05 11:13:27,855] multiqc                                            [DEBUG  ]  No samples found: hops
[2022-08-05 11:13:27,859] multiqc                                            [DEBUG  ]  No samples found: macs2
[2022-08-05 11:13:27,863] multiqc                                            [DEBUG  ]  No samples found: theta2
[2022-08-05 11:13:27,867] multiqc                                            [DEBUG  ]  No samples found: snpeff
[2022-08-05 11:13:27,875] multiqc                                            [DEBUG  ]  No samples found: gatk
[2022-08-05 11:13:27,879] multiqc                                            [DEBUG  ]  No samples found: htseq
[2022-08-05 11:13:27,884] multiqc                                            [DEBUG  ]  No samples found: bcftools
[2022-08-05 11:13:27,888] multiqc                                            [DEBUG  ]  No samples found: featureCounts
[2022-08-05 11:13:27,895] multiqc                                            [DEBUG  ]  No samples found: fgbio
[2022-08-05 11:13:27,912] multiqc                                            [DEBUG  ]  No samples found: dragen
[2022-08-05 11:13:27,916] multiqc                                            [DEBUG  ]  No samples found: dedup
[2022-08-05 11:13:27,920] multiqc                                            [DEBUG  ]  No samples found: damageprofiler
[2022-08-05 11:13:27,956] multiqc                                            [DEBUG  ]  No samples found: biobambam2
[2022-08-05 11:13:27,961] multiqc                                            [DEBUG  ]  No samples found: jcvi
[2022-08-05 11:13:27,965] multiqc                                            [DEBUG  ]  No samples found: mtnucratio
[2022-08-05 11:13:27,967] multiqc                                            [DEBUG  ]  No samples found: picard
[2022-08-05 11:13:27,972] multiqc                                            [DEBUG  ]  No samples found: vep
[2022-08-05 11:13:27,980] multiqc                                            [DEBUG  ]  No samples found: sentieon
[2022-08-05 11:13:27,984] multiqc                                            [DEBUG  ]  No samples found: prokka
[2022-08-05 11:13:27,992] multiqc                                            [DEBUG  ]  No samples found: qc3C
[2022-08-05 11:13:27,997] multiqc                                            [DEBUG  ]  No samples found: nanostat
[2022-08-05 11:13:28,001] multiqc                                            [DEBUG  ]  No samples found: samblaster
[2022-08-05 11:13:28,011] multiqc                                            [DEBUG  ]  No samples found: samtools
[2022-08-05 11:13:28,015] multiqc                                            [DEBUG  ]  No samples found: sexdeterrmine
[2022-08-05 11:13:28,019] multiqc                                            [DEBUG  ]  No samples found: eigenstratdatabasetools
[2022-08-05 11:13:28,024] multiqc                                            [DEBUG  ]  No samples found: bamtools
[2022-08-05 11:13:28,028] multiqc                                            [DEBUG  ]  No samples found: jellyfish
[2022-08-05 11:13:28,036] multiqc                                            [DEBUG  ]  No samples found: vcftools
[2022-08-05 11:13:28,041] multiqc                                            [DEBUG  ]  No samples found: longranger
[2022-08-05 11:13:28,046] multiqc                                            [DEBUG  ]  No samples found: stacks
[2022-08-05 11:13:28,050] multiqc                                            [DEBUG  ]  No samples found: varscan2
[2022-08-05 11:13:28,055] multiqc                                            [DEBUG  ]  No samples found: snippy
[2022-08-05 11:13:28,072] multiqc                                            [DEBUG  ]  No samples found: bbmap
[2022-08-05 11:13:28,078] multiqc                                            [DEBUG  ]  No samples found: bismark
[2022-08-05 11:13:28,087] multiqc                                            [DEBUG  ]  No samples found: biscuit
[2022-08-05 11:13:28,091] multiqc                                            [DEBUG  ]  No samples found: hicexplorer
[2022-08-05 11:13:28,097] multiqc                                            [DEBUG  ]  No samples found: hicup
[2022-08-05 11:13:28,102] multiqc                                            [DEBUG  ]  No samples found: hicpro
[2022-08-05 11:13:28,106] multiqc                                            [DEBUG  ]  No samples found: salmon
[2022-08-05 11:13:28,110] multiqc                                            [DEBUG  ]  No samples found: kallisto
[2022-08-05 11:13:28,116] multiqc                                            [DEBUG  ]  No samples found: slamdunk
[2022-08-05 11:13:28,121] multiqc                                            [DEBUG  ]  No samples found: star
[2022-08-05 11:13:28,125] multiqc                                            [DEBUG  ]  No samples found: hisat2
[2022-08-05 11:13:28,130] multiqc                                            [DEBUG  ]  No samples found: tophat
[2022-08-05 11:13:28,134] multiqc                                            [DEBUG  ]  No samples found: bowtie2
[2022-08-05 11:13:28,138] multiqc                                            [DEBUG  ]  No samples found: bowtie1
[2022-08-05 11:13:28,142] multiqc                                            [DEBUG  ]  No samples found: snpsplit
[2022-08-05 11:13:28,147] multiqc                                            [DEBUG  ]  No samples found: odgi
[2022-08-05 11:13:28,151] multiqc                                            [DEBUG  ]  No samples found: pangolin
[2022-08-05 11:13:28,155] multiqc                                            [DEBUG  ]  No samples found: kat
[2022-08-05 11:13:28,159] multiqc                                            [DEBUG  ]  No samples found: leehom
[2022-08-05 11:13:28,164] multiqc                                            [DEBUG  ]  No samples found: adapterRemoval
[2022-08-05 11:13:28,169] multiqc                                            [DEBUG  ]  No samples found: clipandmerge
[2022-08-05 11:13:28,174] multiqc                                            [DEBUG  ]  No samples found: cutadapt
[2022-08-05 11:13:28,178] multiqc                                            [DEBUG  ]  No samples found: flexbar
[2022-08-05 11:13:28,182] multiqc                                            [DEBUG  ]  No samples found: kaiju
[2022-08-05 11:13:28,188] multiqc                                            [DEBUG  ]  No samples found: kraken
[2022-08-05 11:13:28,192] multiqc                                            [DEBUG  ]  No samples found: malt
[2022-08-05 11:13:28,197] multiqc                                            [DEBUG  ]  No samples found: trimmomatic
[2022-08-05 11:13:28,201] multiqc                                            [DEBUG  ]  No samples found: sickle
[2022-08-05 11:13:28,205] multiqc                                            [DEBUG  ]  No samples found: skewer
[2022-08-05 11:13:28,209] multiqc                                            [DEBUG  ]  No samples found: sortmerna
[2022-08-05 11:13:28,214] multiqc                                            [DEBUG  ]  No samples found: biobloomtools
[2022-08-05 11:13:28,219] multiqc                                            [DEBUG  ]  No samples found: fastq_screen
[2022-08-05 11:13:28,223] multiqc                                            [DEBUG  ]  No samples found: afterqc
[2022-08-05 11:13:28,228] multiqc                                            [DEBUG  ]  No samples found: fastp
[2022-08-05 11:13:28,396] multiqc.modules.fastqc.fastqc                      [INFO   ]  Found 4 reports
[2022-08-05 11:13:28,476] multiqc                                            [DEBUG  ]  No samples found: pychopper
[2022-08-05 11:13:28,481] multiqc                                            [DEBUG  ]  No samples found: pycoqc
[2022-08-05 11:13:28,485] multiqc                                            [DEBUG  ]  No samples found: minionqc
[2022-08-05 11:13:28,490] multiqc                                            [DEBUG  ]  No samples found: multivcfanalyzer
[2022-08-05 11:13:28,495] multiqc                                            [DEBUG  ]  No samples found: clusterflow
[2022-08-05 11:13:28,501] multiqc                                            [DEBUG  ]  No samples found: bcl2fastq
[2022-08-05 11:13:28,508] multiqc                                            [DEBUG  ]  No samples found: bclconvert
[2022-08-05 11:13:28,514] multiqc                                            [DEBUG  ]  No samples found: interop
[2022-08-05 11:13:28,518] multiqc                                            [DEBUG  ]  No samples found: ivar
[2022-08-05 11:13:28,522] multiqc                                            [DEBUG  ]  No samples found: flash
[2022-08-05 11:13:28,527] multiqc                                            [DEBUG  ]  No samples found: seqyclean
[2022-08-05 11:13:28,531] multiqc                                            [DEBUG  ]  No samples found: optitype
[2022-08-05 11:13:28,535] multiqc                                            [INFO   ]  Compressing plot data
[2022-08-05 11:13:35,445] multiqc                                            [INFO   ]  Report      : 9500_MGSD_CSIRO.qc.stats/multiqc_report.html
[2022-08-05 11:13:35,446] multiqc                                            [INFO   ]  Data        : 9500_MGSD_CSIRO.qc.stats/multiqc_data
[2022-08-05 11:13:35,446] multiqc                                            [DEBUG  ]  Moving data file from '/tmp/smi9a9.8586106/tmphubs3rca/multiqc_data' to '9500_MGSD_CSIRO.qc.stats/multiqc_data'
[2022-08-05 11:13:36,325] multiqc                                            [INFO   ]  MultiQC complete
