[2022-08-05 11:02:55,225] multiqc                                            [DEBUG  ]  This is MultiQC v1.11
[2022-08-05 11:02:55,226] multiqc                                            [DEBUG  ]  No MultiQC config found: /apps/multiqc/1.11/lib/python3.9/site-packages/multiqc_config.yaml
[2022-08-05 11:02:55,226] multiqc                                            [DEBUG  ]  No MultiQC config found: /home/smi9a9/.multiqc_config.yaml
[2022-08-05 11:02:55,226] multiqc                                            [DEBUG  ]  No MultiQC config found: multiqc_config.yaml
[2022-08-05 11:02:55,226] multiqc                                            [DEBUG  ]  Command used: /apps/multiqc/1.11/bin/multiqc ./19513_combined_merged_fastqc.html ./19513_combined_merged_fastqc.zip ./19513_combined_merged.fastq.gz ./19513_combined_R1p_fastqc.html ./19513_combined_R1p_fastqc.zip ./19513_combined_R1p.fastq.gz ./19513_combined_R1R2u_fastqc.html ./19513_combined_R1R2u_fastqc.zip ./19513_combined_R1R2u.fastq.gz ./19513_combined_R2p_fastqc.html ./19513_combined_R2p_fastqc.zip ./19513_combined_R2p.fastq.gz ./19513_QCreads.md5 -o 19513_MGSD_CSIRO.qc.stats
[2022-08-05 11:02:55,228] multiqc                                            [DEBUG  ]  Could not connect to multiqc.info for version check: <urlopen error [Errno 111] Connection refused>
[2022-08-05 11:02:55,228] multiqc                                            [DEBUG  ]  Command     : /apps/multiqc/1.11/bin/multiqc ./19513_combined_merged_fastqc.html ./19513_combined_merged_fastqc.zip ./19513_combined_merged.fastq.gz ./19513_combined_R1p_fastqc.html ./19513_combined_R1p_fastqc.zip ./19513_combined_R1p.fastq.gz ./19513_combined_R1R2u_fastqc.html ./19513_combined_R1R2u_fastqc.zip ./19513_combined_R1R2u.fastq.gz ./19513_combined_R2p_fastqc.html ./19513_combined_R2p_fastqc.zip ./19513_combined_R2p.fastq.gz ./19513_QCreads.md5 -o 19513_MGSD_CSIRO.qc.stats
[2022-08-05 11:02:55,229] multiqc                                            [DEBUG  ]  Working dir : /datasets/work/oa-amd/work/amd/Metagenome_QC_reads
[2022-08-05 11:02:55,229] multiqc                                            [DEBUG  ]  Template    : default
[2022-08-05 11:02:55,229] multiqc                                            [DEBUG  ]  Running Python 3.9.4 (default, Apr 25 2021, 16:13:27)  [GCC 10.3.0]
[2022-08-05 11:02:55,229] multiqc                                            [DEBUG  ]  Analysing modules: custom_content, ccs, ngsderive, purple, conpair, lima, peddy, somalier, methylQA, mosdepth, phantompeakqualtools, qualimap, preseq, quast, qorts, rna_seqc, rockhopper, rsem, rseqc, busco, bustools, goleft_indexcov, gffcompare, disambiguate, supernova, deeptools, sargasso, verifybamid, mirtrace, happy, mirtop, sambamba, homer, hops, macs2, theta2, snpeff, gatk, htseq, bcftools, featureCounts, fgbio, dragen, dedup, damageprofiler, biobambam2, jcvi, mtnucratio, picard, vep, sentieon, prokka, qc3C, nanostat, samblaster, samtools, sexdeterrmine, eigenstratdatabasetools, bamtools, jellyfish, vcftools, longranger, stacks, varscan2, snippy, bbmap, bismark, biscuit, hicexplorer, hicup, hicpro, salmon, kallisto, slamdunk, star, hisat2, tophat, bowtie2, bowtie1, snpsplit, odgi, pangolin, kat, leehom, adapterRemoval, clipandmerge, cutadapt, flexbar, kaiju, kraken, malt, trimmomatic, sickle, skewer, sortmerna, biobloomtools, fastq_screen, afterqc, fastp, fastqc, pychopper, pycoqc, minionqc, multivcfanalyzer, clusterflow, bcl2fastq, bclconvert, interop, ivar, flash, seqyclean, optitype
[2022-08-05 11:02:55,229] multiqc                                            [DEBUG  ]  Using temporary directory for creating report: /tmp/smi9a9.8584640/tmpvydewxgh
[2022-08-05 11:02:55,290] multiqc                                            [INFO   ]  Search path : /datasets/work/oa-amd/work/amd/Metagenome_QC_reads/19513_combined_merged_fastqc.html
[2022-08-05 11:02:55,290] multiqc                                            [INFO   ]  Search path : /datasets/work/oa-amd/work/amd/Metagenome_QC_reads/19513_combined_merged_fastqc.zip
[2022-08-05 11:02:55,290] multiqc                                            [INFO   ]  Search path : /datasets/work/oa-amd/work/amd/Metagenome_QC_reads/19513_combined_merged.fastq.gz
[2022-08-05 11:02:55,290] multiqc                                            [INFO   ]  Search path : /datasets/work/oa-amd/work/amd/Metagenome_QC_reads/19513_combined_R1p_fastqc.html
[2022-08-05 11:02:55,290] multiqc                                            [INFO   ]  Search path : /datasets/work/oa-amd/work/amd/Metagenome_QC_reads/19513_combined_R1p_fastqc.zip
[2022-08-05 11:02:55,290] multiqc                                            [INFO   ]  Search path : /datasets/work/oa-amd/work/amd/Metagenome_QC_reads/19513_combined_R1p.fastq.gz
[2022-08-05 11:02:55,290] multiqc                                            [INFO   ]  Search path : /datasets/work/oa-amd/work/amd/Metagenome_QC_reads/19513_combined_R1R2u_fastqc.html
[2022-08-05 11:02:55,290] multiqc                                            [INFO   ]  Search path : /datasets/work/oa-amd/work/amd/Metagenome_QC_reads/19513_combined_R1R2u_fastqc.zip
[2022-08-05 11:02:55,290] multiqc                                            [INFO   ]  Search path : /datasets/work/oa-amd/work/amd/Metagenome_QC_reads/19513_combined_R1R2u.fastq.gz
[2022-08-05 11:02:55,290] multiqc                                            [INFO   ]  Search path : /datasets/work/oa-amd/work/amd/Metagenome_QC_reads/19513_combined_R2p_fastqc.html
[2022-08-05 11:02:55,290] multiqc                                            [INFO   ]  Search path : /datasets/work/oa-amd/work/amd/Metagenome_QC_reads/19513_combined_R2p_fastqc.zip
[2022-08-05 11:02:55,290] multiqc                                            [INFO   ]  Search path : /datasets/work/oa-amd/work/amd/Metagenome_QC_reads/19513_combined_R2p.fastq.gz
[2022-08-05 11:02:55,290] multiqc                                            [INFO   ]  Search path : /datasets/work/oa-amd/work/amd/Metagenome_QC_reads/19513_QCreads.md5
[2022-08-05 11:02:55,416] multiqc                                            [DEBUG  ]  File ignored by ccs/v4 because it exceeded search pattern filesize limit: 19513_combined_merged_fastqc.html
[2022-08-05 11:02:55,424] multiqc                                            [DEBUG  ]  File ignored by hicexplorer because it exceeded search pattern filesize limit: 19513_combined_merged_fastqc.html
[2022-08-05 11:02:55,425] multiqc                                            [DEBUG  ]  File ignored by nanostat because it exceeded search pattern filesize limit: 19513_combined_merged_fastqc.html
[2022-08-05 11:02:55,425] multiqc                                            [DEBUG  ]  File ignored by lima/summary because it exceeded search pattern filesize limit: 19513_combined_merged_fastqc.html
[2022-08-05 11:02:55,440] multiqc                                            [DEBUG  ]  File ignored by vep/vep_txt because it exceeded search pattern filesize limit: 19513_combined_merged_fastqc.html
[2022-08-05 11:02:55,440] multiqc                                            [DEBUG  ]  File ignored by longranger/invocation because it exceeded search pattern filesize limit: 19513_combined_merged_fastqc.html
[2022-08-05 11:02:55,440] multiqc                                            [DEBUG  ]  File ignored by rockhopper because it exceeded search pattern filesize limit: 19513_combined_merged_fastqc.html
[2022-08-05 11:02:55,440] multiqc                                            [DEBUG  ]  File ignored by rseqc/bam_stat because it exceeded search pattern filesize limit: 19513_combined_merged_fastqc.html
[2022-08-05 11:02:55,440] multiqc                                            [DEBUG  ]  File ignored by rseqc/junction_annotation because it exceeded search pattern filesize limit: 19513_combined_merged_fastqc.html
[2022-08-05 11:02:55,440] multiqc                                            [DEBUG  ]  File ignored by rseqc/read_distribution because it exceeded search pattern filesize limit: 19513_combined_merged_fastqc.html
[2022-08-05 11:02:55,440] multiqc                                            [DEBUG  ]  File ignored by rseqc/infer_experiment because it exceeded search pattern filesize limit: 19513_combined_merged_fastqc.html
[2022-08-05 11:02:55,590] multiqc                                            [DEBUG  ]  Ignoring file as matched an ignore pattern: 19513_combined_merged.fastq.gz
[2022-08-05 11:02:55,633] multiqc                                            [DEBUG  ]  File ignored by ccs/v4 because it exceeded search pattern filesize limit: 19513_combined_R1p_fastqc.html
[2022-08-05 11:02:55,642] multiqc                                            [DEBUG  ]  File ignored by hicexplorer because it exceeded search pattern filesize limit: 19513_combined_R1p_fastqc.html
[2022-08-05 11:02:55,643] multiqc                                            [DEBUG  ]  File ignored by nanostat because it exceeded search pattern filesize limit: 19513_combined_R1p_fastqc.html
[2022-08-05 11:02:55,643] multiqc                                            [DEBUG  ]  File ignored by lima/summary because it exceeded search pattern filesize limit: 19513_combined_R1p_fastqc.html
[2022-08-05 11:02:55,704] multiqc                                            [DEBUG  ]  File ignored by vep/vep_txt because it exceeded search pattern filesize limit: 19513_combined_R1p_fastqc.html
[2022-08-05 11:02:55,704] multiqc                                            [DEBUG  ]  File ignored by longranger/invocation because it exceeded search pattern filesize limit: 19513_combined_R1p_fastqc.html
[2022-08-05 11:02:55,704] multiqc                                            [DEBUG  ]  File ignored by rockhopper because it exceeded search pattern filesize limit: 19513_combined_R1p_fastqc.html
[2022-08-05 11:02:55,704] multiqc                                            [DEBUG  ]  File ignored by rseqc/bam_stat because it exceeded search pattern filesize limit: 19513_combined_R1p_fastqc.html
[2022-08-05 11:02:55,704] multiqc                                            [DEBUG  ]  File ignored by rseqc/junction_annotation because it exceeded search pattern filesize limit: 19513_combined_R1p_fastqc.html
[2022-08-05 11:02:55,704] multiqc                                            [DEBUG  ]  File ignored by rseqc/read_distribution because it exceeded search pattern filesize limit: 19513_combined_R1p_fastqc.html
[2022-08-05 11:02:55,704] multiqc                                            [DEBUG  ]  File ignored by rseqc/infer_experiment because it exceeded search pattern filesize limit: 19513_combined_R1p_fastqc.html
[2022-08-05 11:02:55,773] multiqc                                            [DEBUG  ]  Ignoring file as matched an ignore pattern: 19513_combined_R1p.fastq.gz
[2022-08-05 11:02:56,083] multiqc                                            [DEBUG  ]  File ignored by ccs/v4 because it exceeded search pattern filesize limit: 19513_combined_R1R2u_fastqc.html
[2022-08-05 11:02:56,091] multiqc                                            [DEBUG  ]  File ignored by hicexplorer because it exceeded search pattern filesize limit: 19513_combined_R1R2u_fastqc.html
[2022-08-05 11:02:56,091] multiqc                                            [DEBUG  ]  File ignored by nanostat because it exceeded search pattern filesize limit: 19513_combined_R1R2u_fastqc.html
[2022-08-05 11:02:56,091] multiqc                                            [DEBUG  ]  File ignored by lima/summary because it exceeded search pattern filesize limit: 19513_combined_R1R2u_fastqc.html
[2022-08-05 11:02:56,333] multiqc                                            [DEBUG  ]  File ignored by vep/vep_txt because it exceeded search pattern filesize limit: 19513_combined_R1R2u_fastqc.html
[2022-08-05 11:02:56,333] multiqc                                            [DEBUG  ]  File ignored by longranger/invocation because it exceeded search pattern filesize limit: 19513_combined_R1R2u_fastqc.html
[2022-08-05 11:02:56,333] multiqc                                            [DEBUG  ]  File ignored by rockhopper because it exceeded search pattern filesize limit: 19513_combined_R1R2u_fastqc.html
[2022-08-05 11:02:56,333] multiqc                                            [DEBUG  ]  File ignored by rseqc/bam_stat because it exceeded search pattern filesize limit: 19513_combined_R1R2u_fastqc.html
[2022-08-05 11:02:56,333] multiqc                                            [DEBUG  ]  File ignored by rseqc/junction_annotation because it exceeded search pattern filesize limit: 19513_combined_R1R2u_fastqc.html
[2022-08-05 11:02:56,333] multiqc                                            [DEBUG  ]  File ignored by rseqc/read_distribution because it exceeded search pattern filesize limit: 19513_combined_R1R2u_fastqc.html
[2022-08-05 11:02:56,333] multiqc                                            [DEBUG  ]  File ignored by rseqc/infer_experiment because it exceeded search pattern filesize limit: 19513_combined_R1R2u_fastqc.html
[2022-08-05 11:02:56,419] multiqc                                            [DEBUG  ]  Ignoring file as matched an ignore pattern: 19513_combined_R1R2u.fastq.gz
[2022-08-05 11:02:56,636] multiqc                                            [DEBUG  ]  File ignored by ccs/v4 because it exceeded search pattern filesize limit: 19513_combined_R2p_fastqc.html
[2022-08-05 11:02:56,641] multiqc                                            [DEBUG  ]  File ignored by hicexplorer because it exceeded search pattern filesize limit: 19513_combined_R2p_fastqc.html
[2022-08-05 11:02:56,641] multiqc                                            [DEBUG  ]  File ignored by nanostat because it exceeded search pattern filesize limit: 19513_combined_R2p_fastqc.html
[2022-08-05 11:02:56,641] multiqc                                            [DEBUG  ]  File ignored by lima/summary because it exceeded search pattern filesize limit: 19513_combined_R2p_fastqc.html
[2022-08-05 11:02:56,650] multiqc                                            [DEBUG  ]  File ignored by vep/vep_txt because it exceeded search pattern filesize limit: 19513_combined_R2p_fastqc.html
[2022-08-05 11:02:56,650] multiqc                                            [DEBUG  ]  File ignored by longranger/invocation because it exceeded search pattern filesize limit: 19513_combined_R2p_fastqc.html
[2022-08-05 11:02:56,650] multiqc                                            [DEBUG  ]  File ignored by rockhopper because it exceeded search pattern filesize limit: 19513_combined_R2p_fastqc.html
[2022-08-05 11:02:56,650] multiqc                                            [DEBUG  ]  File ignored by rseqc/bam_stat because it exceeded search pattern filesize limit: 19513_combined_R2p_fastqc.html
[2022-08-05 11:02:56,650] multiqc                                            [DEBUG  ]  File ignored by rseqc/junction_annotation because it exceeded search pattern filesize limit: 19513_combined_R2p_fastqc.html
[2022-08-05 11:02:56,650] multiqc                                            [DEBUG  ]  File ignored by rseqc/read_distribution because it exceeded search pattern filesize limit: 19513_combined_R2p_fastqc.html
[2022-08-05 11:02:56,650] multiqc                                            [DEBUG  ]  File ignored by rseqc/infer_experiment because it exceeded search pattern filesize limit: 19513_combined_R2p_fastqc.html
[2022-08-05 11:02:56,756] multiqc                                            [DEBUG  ]  Ignoring file as matched an ignore pattern: 19513_combined_R2p.fastq.gz
[2022-08-05 11:02:56,756] multiqc                                            [DEBUG  ]  Ignoring file as matched an ignore pattern: 19513_QCreads.md5
[2022-08-05 11:02:58,264] multiqc.plots.bargraph                             [DEBUG  ]  Using matplotlib version 3.3.4
[2022-08-05 11:02:58,269] multiqc.plots.linegraph                            [DEBUG  ]  Using matplotlib version 3.3.4
[2022-08-05 11:02:58,273] multiqc                                            [DEBUG  ]  No samples found: custom_content
[2022-08-05 11:02:58,279] multiqc                                            [DEBUG  ]  No samples found: ccs
[2022-08-05 11:02:58,286] multiqc                                            [DEBUG  ]  No samples found: ngsderive
[2022-08-05 11:02:58,291] multiqc                                            [DEBUG  ]  No samples found: purple
[2022-08-05 11:02:58,296] multiqc                                            [DEBUG  ]  No samples found: conpair
[2022-08-05 11:02:58,302] multiqc                                            [DEBUG  ]  No samples found: lima
[2022-08-05 11:02:58,309] multiqc                                            [DEBUG  ]  No samples found: peddy
[2022-08-05 11:02:58,316] multiqc                                            [DEBUG  ]  No samples found: somalier
[2022-08-05 11:02:58,322] multiqc                                            [DEBUG  ]  No samples found: methylQA
[2022-08-05 11:02:58,335] multiqc.modules.mosdepth.mosdepth                  [DEBUG  ]  include_contigs: []
[2022-08-05 11:02:58,335] multiqc.modules.mosdepth.mosdepth                  [DEBUG  ]  exclude_contigs: []
[2022-08-05 11:02:58,335] multiqc                                            [DEBUG  ]  No samples found: mosdepth
[2022-08-05 11:02:58,341] multiqc                                            [DEBUG  ]  No samples found: phantompeakqualtools
[2022-08-05 11:02:58,345] multiqc                                            [DEBUG  ]  No samples found: qualimap
[2022-08-05 11:02:58,352] multiqc                                            [DEBUG  ]  No samples found: preseq
[2022-08-05 11:02:58,358] multiqc                                            [DEBUG  ]  No samples found: quast
[2022-08-05 11:02:58,365] multiqc                                            [DEBUG  ]  No samples found: qorts
[2022-08-05 11:02:58,371] multiqc                                            [DEBUG  ]  No samples found: rna_seqc
[2022-08-05 11:02:58,377] multiqc                                            [DEBUG  ]  No samples found: rockhopper
[2022-08-05 11:02:58,383] multiqc                                            [DEBUG  ]  No samples found: rsem
[2022-08-05 11:02:58,633] multiqc                                            [DEBUG  ]  No samples found: rseqc
[2022-08-05 11:02:58,638] multiqc                                            [DEBUG  ]  No samples found: busco
[2022-08-05 11:02:58,645] multiqc                                            [DEBUG  ]  No samples found: bustools
[2022-08-05 11:02:58,652] multiqc                                            [DEBUG  ]  No samples found: goleft_indexcov
[2022-08-05 11:02:58,659] multiqc                                            [DEBUG  ]  No samples found: gffcompare
[2022-08-05 11:02:58,664] multiqc                                            [DEBUG  ]  No samples found: disambiguate
[2022-08-05 11:02:58,671] multiqc                                            [DEBUG  ]  No samples found: supernova
[2022-08-05 11:02:58,694] multiqc                                            [DEBUG  ]  No samples found: deeptools
[2022-08-05 11:02:58,700] multiqc                                            [DEBUG  ]  No samples found: sargasso
[2022-08-05 11:02:58,707] multiqc                                            [DEBUG  ]  No samples found: verifybamid
[2022-08-05 11:02:58,715] multiqc                                            [DEBUG  ]  No samples found: mirtrace
[2022-08-05 11:02:58,722] multiqc                                            [DEBUG  ]  No samples found: happy
[2022-08-05 11:02:59,188] multiqc                                            [DEBUG  ]  No samples found: mirtop
[2022-08-05 11:02:59,196] multiqc                                            [DEBUG  ]  No samples found: sambamba
[2022-08-05 11:02:59,206] multiqc                                            [DEBUG  ]  No samples found: homer
[2022-08-05 11:02:59,211] multiqc                                            [DEBUG  ]  No samples found: hops
[2022-08-05 11:02:59,216] multiqc                                            [DEBUG  ]  No samples found: macs2
[2022-08-05 11:02:59,222] multiqc                                            [DEBUG  ]  No samples found: theta2
[2022-08-05 11:02:59,457] multiqc                                            [DEBUG  ]  No samples found: snpeff
[2022-08-05 11:02:59,467] multiqc                                            [DEBUG  ]  No samples found: gatk
[2022-08-05 11:02:59,472] multiqc                                            [DEBUG  ]  No samples found: htseq
[2022-08-05 11:02:59,479] multiqc                                            [DEBUG  ]  No samples found: bcftools
[2022-08-05 11:02:59,485] multiqc                                            [DEBUG  ]  No samples found: featureCounts
[2022-08-05 11:02:59,493] multiqc                                            [DEBUG  ]  No samples found: fgbio
[2022-08-05 11:02:59,514] multiqc                                            [DEBUG  ]  No samples found: dragen
[2022-08-05 11:02:59,519] multiqc                                            [DEBUG  ]  No samples found: dedup
[2022-08-05 11:02:59,525] multiqc                                            [DEBUG  ]  No samples found: damageprofiler
[2022-08-05 11:02:59,574] multiqc                                            [DEBUG  ]  No samples found: biobambam2
[2022-08-05 11:02:59,580] multiqc                                            [DEBUG  ]  No samples found: jcvi
[2022-08-05 11:02:59,588] multiqc                                            [DEBUG  ]  No samples found: mtnucratio
[2022-08-05 11:02:59,590] multiqc                                            [DEBUG  ]  No samples found: picard
[2022-08-05 11:02:59,596] multiqc                                            [DEBUG  ]  No samples found: vep
[2022-08-05 11:02:59,607] multiqc                                            [DEBUG  ]  No samples found: sentieon
[2022-08-05 11:02:59,612] multiqc                                            [DEBUG  ]  No samples found: prokka
[2022-08-05 11:02:59,621] multiqc                                            [DEBUG  ]  No samples found: qc3C
[2022-08-05 11:02:59,627] multiqc                                            [DEBUG  ]  No samples found: nanostat
[2022-08-05 11:02:59,632] multiqc                                            [DEBUG  ]  No samples found: samblaster
[2022-08-05 11:02:59,645] multiqc                                            [DEBUG  ]  No samples found: samtools
[2022-08-05 11:02:59,650] multiqc                                            [DEBUG  ]  No samples found: sexdeterrmine
[2022-08-05 11:02:59,655] multiqc                                            [DEBUG  ]  No samples found: eigenstratdatabasetools
[2022-08-05 11:02:59,663] multiqc                                            [DEBUG  ]  No samples found: bamtools
[2022-08-05 11:02:59,668] multiqc                                            [DEBUG  ]  No samples found: jellyfish
[2022-08-05 11:02:59,678] multiqc                                            [DEBUG  ]  No samples found: vcftools
[2022-08-05 11:02:59,685] multiqc                                            [DEBUG  ]  No samples found: longranger
[2022-08-05 11:02:59,691] multiqc                                            [DEBUG  ]  No samples found: stacks
[2022-08-05 11:02:59,697] multiqc                                            [DEBUG  ]  No samples found: varscan2
[2022-08-05 11:02:59,703] multiqc                                            [DEBUG  ]  No samples found: snippy
[2022-08-05 11:02:59,726] multiqc                                            [DEBUG  ]  No samples found: bbmap
[2022-08-05 11:02:59,734] multiqc                                            [DEBUG  ]  No samples found: bismark
[2022-08-05 11:02:59,743] multiqc                                            [DEBUG  ]  No samples found: biscuit
[2022-08-05 11:02:59,749] multiqc                                            [DEBUG  ]  No samples found: hicexplorer
[2022-08-05 11:02:59,757] multiqc                                            [DEBUG  ]  No samples found: hicup
[2022-08-05 11:02:59,763] multiqc                                            [DEBUG  ]  No samples found: hicpro
[2022-08-05 11:02:59,769] multiqc                                            [DEBUG  ]  No samples found: salmon
[2022-08-05 11:02:59,774] multiqc                                            [DEBUG  ]  No samples found: kallisto
[2022-08-05 11:02:59,781] multiqc                                            [DEBUG  ]  No samples found: slamdunk
[2022-08-05 11:02:59,787] multiqc                                            [DEBUG  ]  No samples found: star
[2022-08-05 11:02:59,793] multiqc                                            [DEBUG  ]  No samples found: hisat2
[2022-08-05 11:02:59,798] multiqc                                            [DEBUG  ]  No samples found: tophat
[2022-08-05 11:02:59,804] multiqc                                            [DEBUG  ]  No samples found: bowtie2
[2022-08-05 11:02:59,809] multiqc                                            [DEBUG  ]  No samples found: bowtie1
[2022-08-05 11:02:59,815] multiqc                                            [DEBUG  ]  No samples found: snpsplit
[2022-08-05 11:02:59,821] multiqc                                            [DEBUG  ]  No samples found: odgi
[2022-08-05 11:03:00,057] multiqc                                            [DEBUG  ]  No samples found: pangolin
[2022-08-05 11:03:00,062] multiqc                                            [DEBUG  ]  No samples found: kat
[2022-08-05 11:03:00,067] multiqc                                            [DEBUG  ]  No samples found: leehom
[2022-08-05 11:03:00,073] multiqc                                            [DEBUG  ]  No samples found: adapterRemoval
[2022-08-05 11:03:00,079] multiqc                                            [DEBUG  ]  No samples found: clipandmerge
[2022-08-05 11:03:00,085] multiqc                                            [DEBUG  ]  No samples found: cutadapt
[2022-08-05 11:03:00,091] multiqc                                            [DEBUG  ]  No samples found: flexbar
[2022-08-05 11:03:00,096] multiqc                                            [DEBUG  ]  No samples found: kaiju
[2022-08-05 11:03:00,103] multiqc                                            [DEBUG  ]  No samples found: kraken
[2022-08-05 11:03:00,108] multiqc                                            [DEBUG  ]  No samples found: malt
[2022-08-05 11:03:00,114] multiqc                                            [DEBUG  ]  No samples found: trimmomatic
[2022-08-05 11:03:00,119] multiqc                                            [DEBUG  ]  No samples found: sickle
[2022-08-05 11:03:00,124] multiqc                                            [DEBUG  ]  No samples found: skewer
[2022-08-05 11:03:00,130] multiqc                                            [DEBUG  ]  No samples found: sortmerna
[2022-08-05 11:03:00,135] multiqc                                            [DEBUG  ]  No samples found: biobloomtools
[2022-08-05 11:03:00,141] multiqc                                            [DEBUG  ]  No samples found: fastq_screen
[2022-08-05 11:03:00,146] multiqc                                            [DEBUG  ]  No samples found: afterqc
[2022-08-05 11:03:00,152] multiqc                                            [DEBUG  ]  No samples found: fastp
[2022-08-05 11:03:01,050] multiqc.modules.fastqc.fastqc                      [INFO   ]  Found 4 reports
[2022-08-05 11:03:01,099] multiqc                                            [DEBUG  ]  No samples found: pychopper
[2022-08-05 11:03:01,104] multiqc                                            [DEBUG  ]  No samples found: pycoqc
[2022-08-05 11:03:01,110] multiqc                                            [DEBUG  ]  No samples found: minionqc
[2022-08-05 11:03:01,116] multiqc                                            [DEBUG  ]  No samples found: multivcfanalyzer
[2022-08-05 11:03:01,122] multiqc                                            [DEBUG  ]  No samples found: clusterflow
[2022-08-05 11:03:01,129] multiqc                                            [DEBUG  ]  No samples found: bcl2fastq
[2022-08-05 11:03:01,137] multiqc                                            [DEBUG  ]  No samples found: bclconvert
[2022-08-05 11:03:01,143] multiqc                                            [DEBUG  ]  No samples found: interop
[2022-08-05 11:03:01,148] multiqc                                            [DEBUG  ]  No samples found: ivar
[2022-08-05 11:03:01,154] multiqc                                            [DEBUG  ]  No samples found: flash
[2022-08-05 11:03:01,160] multiqc                                            [DEBUG  ]  No samples found: seqyclean
[2022-08-05 11:03:01,165] multiqc                                            [DEBUG  ]  No samples found: optitype
[2022-08-05 11:03:01,169] multiqc                                            [INFO   ]  Compressing plot data
[2022-08-05 11:03:01,220] multiqc                                            [INFO   ]  Report      : 19513_MGSD_CSIRO.qc.stats/multiqc_report.html
[2022-08-05 11:03:01,220] multiqc                                            [INFO   ]  Data        : 19513_MGSD_CSIRO.qc.stats/multiqc_data
[2022-08-05 11:03:01,220] multiqc                                            [DEBUG  ]  Moving data file from '/tmp/smi9a9.8584640/tmpvydewxgh/multiqc_data' to '19513_MGSD_CSIRO.qc.stats/multiqc_data'
[2022-08-05 11:03:01,344] multiqc                                            [INFO   ]  MultiQC complete
