[2022-08-05 11:02:56,114] multiqc                                            [DEBUG  ]  This is MultiQC v1.11
[2022-08-05 11:02:56,115] multiqc                                            [DEBUG  ]  No MultiQC config found: /apps/multiqc/1.11/lib/python3.9/site-packages/multiqc_config.yaml
[2022-08-05 11:02:56,115] multiqc                                            [DEBUG  ]  No MultiQC config found: /home/smi9a9/.multiqc_config.yaml
[2022-08-05 11:02:56,117] multiqc                                            [DEBUG  ]  No MultiQC config found: multiqc_config.yaml
[2022-08-05 11:02:56,117] multiqc                                            [DEBUG  ]  Command used: /apps/multiqc/1.11/bin/multiqc ./9446_combined_merged_fastqc.html ./9446_combined_merged_fastqc.zip ./9446_combined_merged.fastq.gz ./9446_combined_R1p_fastqc.html ./9446_combined_R1p_fastqc.zip ./9446_combined_R1p.fastq.gz ./9446_combined_R1R2u_fastqc.html ./9446_combined_R1R2u_fastqc.zip ./9446_combined_R1R2u.fastq.gz ./9446_combined_R2p_fastqc.html ./9446_combined_R2p_fastqc.zip ./9446_combined_R2p.fastq.gz ./9446_QCreads.md5 -o 9446_MGSD_CSIRO.qc.stats
[2022-08-05 11:02:56,119] multiqc                                            [DEBUG  ]  Could not connect to multiqc.info for version check: <urlopen error [Errno 111] Connection refused>
[2022-08-05 11:02:56,120] multiqc                                            [DEBUG  ]  Command     : /apps/multiqc/1.11/bin/multiqc ./9446_combined_merged_fastqc.html ./9446_combined_merged_fastqc.zip ./9446_combined_merged.fastq.gz ./9446_combined_R1p_fastqc.html ./9446_combined_R1p_fastqc.zip ./9446_combined_R1p.fastq.gz ./9446_combined_R1R2u_fastqc.html ./9446_combined_R1R2u_fastqc.zip ./9446_combined_R1R2u.fastq.gz ./9446_combined_R2p_fastqc.html ./9446_combined_R2p_fastqc.zip ./9446_combined_R2p.fastq.gz ./9446_QCreads.md5 -o 9446_MGSD_CSIRO.qc.stats
[2022-08-05 11:02:56,120] multiqc                                            [DEBUG  ]  Working dir : /datasets/work/oa-amd/work/amd/Metagenome_QC_reads
[2022-08-05 11:02:56,120] multiqc                                            [DEBUG  ]  Template    : default
[2022-08-05 11:02:56,120] multiqc                                            [DEBUG  ]  Running Python 3.9.4 (default, Apr 25 2021, 16:13:27)  [GCC 10.3.0]
[2022-08-05 11:02:56,120] multiqc                                            [DEBUG  ]  Analysing modules: custom_content, ccs, ngsderive, purple, conpair, lima, peddy, somalier, methylQA, mosdepth, phantompeakqualtools, qualimap, preseq, quast, qorts, rna_seqc, rockhopper, rsem, rseqc, busco, bustools, goleft_indexcov, gffcompare, disambiguate, supernova, deeptools, sargasso, verifybamid, mirtrace, happy, mirtop, sambamba, homer, hops, macs2, theta2, snpeff, gatk, htseq, bcftools, featureCounts, fgbio, dragen, dedup, damageprofiler, biobambam2, jcvi, mtnucratio, picard, vep, sentieon, prokka, qc3C, nanostat, samblaster, samtools, sexdeterrmine, eigenstratdatabasetools, bamtools, jellyfish, vcftools, longranger, stacks, varscan2, snippy, bbmap, bismark, biscuit, hicexplorer, hicup, hicpro, salmon, kallisto, slamdunk, star, hisat2, tophat, bowtie2, bowtie1, snpsplit, odgi, pangolin, kat, leehom, adapterRemoval, clipandmerge, cutadapt, flexbar, kaiju, kraken, malt, trimmomatic, sickle, skewer, sortmerna, biobloomtools, fastq_screen, afterqc, fastp, fastqc, pychopper, pycoqc, minionqc, multivcfanalyzer, clusterflow, bcl2fastq, bclconvert, interop, ivar, flash, seqyclean, optitype
[2022-08-05 11:02:56,120] multiqc                                            [DEBUG  ]  Using temporary directory for creating report: /tmp/smi9a9.8584666/tmp_jcpnmf0
[2022-08-05 11:02:56,185] multiqc                                            [INFO   ]  Search path : /datasets/work/oa-amd/work/amd/Metagenome_QC_reads/9446_combined_merged_fastqc.html
[2022-08-05 11:02:56,185] multiqc                                            [INFO   ]  Search path : /datasets/work/oa-amd/work/amd/Metagenome_QC_reads/9446_combined_merged_fastqc.zip
[2022-08-05 11:02:56,185] multiqc                                            [INFO   ]  Search path : /datasets/work/oa-amd/work/amd/Metagenome_QC_reads/9446_combined_merged.fastq.gz
[2022-08-05 11:02:56,185] multiqc                                            [INFO   ]  Search path : /datasets/work/oa-amd/work/amd/Metagenome_QC_reads/9446_combined_R1p_fastqc.html
[2022-08-05 11:02:56,185] multiqc                                            [INFO   ]  Search path : /datasets/work/oa-amd/work/amd/Metagenome_QC_reads/9446_combined_R1p_fastqc.zip
[2022-08-05 11:02:56,185] multiqc                                            [INFO   ]  Search path : /datasets/work/oa-amd/work/amd/Metagenome_QC_reads/9446_combined_R1p.fastq.gz
[2022-08-05 11:02:56,185] multiqc                                            [INFO   ]  Search path : /datasets/work/oa-amd/work/amd/Metagenome_QC_reads/9446_combined_R1R2u_fastqc.html
[2022-08-05 11:02:56,185] multiqc                                            [INFO   ]  Search path : /datasets/work/oa-amd/work/amd/Metagenome_QC_reads/9446_combined_R1R2u_fastqc.zip
[2022-08-05 11:02:56,185] multiqc                                            [INFO   ]  Search path : /datasets/work/oa-amd/work/amd/Metagenome_QC_reads/9446_combined_R1R2u.fastq.gz
[2022-08-05 11:02:56,185] multiqc                                            [INFO   ]  Search path : /datasets/work/oa-amd/work/amd/Metagenome_QC_reads/9446_combined_R2p_fastqc.html
[2022-08-05 11:02:56,185] multiqc                                            [INFO   ]  Search path : /datasets/work/oa-amd/work/amd/Metagenome_QC_reads/9446_combined_R2p_fastqc.zip
[2022-08-05 11:02:56,186] multiqc                                            [INFO   ]  Search path : /datasets/work/oa-amd/work/amd/Metagenome_QC_reads/9446_combined_R2p.fastq.gz
[2022-08-05 11:02:56,186] multiqc                                            [INFO   ]  Search path : /datasets/work/oa-amd/work/amd/Metagenome_QC_reads/9446_QCreads.md5
[2022-08-05 11:02:56,551] multiqc                                            [DEBUG  ]  File ignored by ccs/v4 because it exceeded search pattern filesize limit: 9446_combined_merged_fastqc.html
[2022-08-05 11:02:56,562] multiqc                                            [DEBUG  ]  File ignored by hicexplorer because it exceeded search pattern filesize limit: 9446_combined_merged_fastqc.html
[2022-08-05 11:02:56,563] multiqc                                            [DEBUG  ]  File ignored by nanostat because it exceeded search pattern filesize limit: 9446_combined_merged_fastqc.html
[2022-08-05 11:02:56,563] multiqc                                            [DEBUG  ]  File ignored by lima/summary because it exceeded search pattern filesize limit: 9446_combined_merged_fastqc.html
[2022-08-05 11:02:56,583] multiqc                                            [DEBUG  ]  File ignored by vep/vep_txt because it exceeded search pattern filesize limit: 9446_combined_merged_fastqc.html
[2022-08-05 11:02:56,583] multiqc                                            [DEBUG  ]  File ignored by longranger/invocation because it exceeded search pattern filesize limit: 9446_combined_merged_fastqc.html
[2022-08-05 11:02:56,583] multiqc                                            [DEBUG  ]  File ignored by rockhopper because it exceeded search pattern filesize limit: 9446_combined_merged_fastqc.html
[2022-08-05 11:02:56,583] multiqc                                            [DEBUG  ]  File ignored by rseqc/bam_stat because it exceeded search pattern filesize limit: 9446_combined_merged_fastqc.html
[2022-08-05 11:02:56,583] multiqc                                            [DEBUG  ]  File ignored by rseqc/junction_annotation because it exceeded search pattern filesize limit: 9446_combined_merged_fastqc.html
[2022-08-05 11:02:56,583] multiqc                                            [DEBUG  ]  File ignored by rseqc/read_distribution because it exceeded search pattern filesize limit: 9446_combined_merged_fastqc.html
[2022-08-05 11:02:56,583] multiqc                                            [DEBUG  ]  File ignored by rseqc/infer_experiment because it exceeded search pattern filesize limit: 9446_combined_merged_fastqc.html
[2022-08-05 11:02:56,769] multiqc                                            [DEBUG  ]  Ignoring file as matched an ignore pattern: 9446_combined_merged.fastq.gz
[2022-08-05 11:02:56,791] multiqc                                            [DEBUG  ]  File ignored by ccs/v4 because it exceeded search pattern filesize limit: 9446_combined_R1p_fastqc.html
[2022-08-05 11:02:56,800] multiqc                                            [DEBUG  ]  File ignored by hicexplorer because it exceeded search pattern filesize limit: 9446_combined_R1p_fastqc.html
[2022-08-05 11:02:56,801] multiqc                                            [DEBUG  ]  File ignored by nanostat because it exceeded search pattern filesize limit: 9446_combined_R1p_fastqc.html
[2022-08-05 11:02:56,801] multiqc                                            [DEBUG  ]  File ignored by lima/summary because it exceeded search pattern filesize limit: 9446_combined_R1p_fastqc.html
[2022-08-05 11:02:56,821] multiqc                                            [DEBUG  ]  File ignored by vep/vep_txt because it exceeded search pattern filesize limit: 9446_combined_R1p_fastqc.html
[2022-08-05 11:02:56,821] multiqc                                            [DEBUG  ]  File ignored by longranger/invocation because it exceeded search pattern filesize limit: 9446_combined_R1p_fastqc.html
[2022-08-05 11:02:56,821] multiqc                                            [DEBUG  ]  File ignored by rockhopper because it exceeded search pattern filesize limit: 9446_combined_R1p_fastqc.html
[2022-08-05 11:02:56,821] multiqc                                            [DEBUG  ]  File ignored by rseqc/bam_stat because it exceeded search pattern filesize limit: 9446_combined_R1p_fastqc.html
[2022-08-05 11:02:56,821] multiqc                                            [DEBUG  ]  File ignored by rseqc/junction_annotation because it exceeded search pattern filesize limit: 9446_combined_R1p_fastqc.html
[2022-08-05 11:02:56,821] multiqc                                            [DEBUG  ]  File ignored by rseqc/read_distribution because it exceeded search pattern filesize limit: 9446_combined_R1p_fastqc.html
[2022-08-05 11:02:56,821] multiqc                                            [DEBUG  ]  File ignored by rseqc/infer_experiment because it exceeded search pattern filesize limit: 9446_combined_R1p_fastqc.html
[2022-08-05 11:02:56,949] multiqc                                            [DEBUG  ]  Ignoring file as matched an ignore pattern: 9446_combined_R1p.fastq.gz
[2022-08-05 11:02:57,476] multiqc                                            [DEBUG  ]  File ignored by ccs/v4 because it exceeded search pattern filesize limit: 9446_combined_R1R2u_fastqc.html
[2022-08-05 11:02:57,520] multiqc                                            [DEBUG  ]  File ignored by hicexplorer because it exceeded search pattern filesize limit: 9446_combined_R1R2u_fastqc.html
[2022-08-05 11:02:57,523] multiqc                                            [DEBUG  ]  File ignored by nanostat because it exceeded search pattern filesize limit: 9446_combined_R1R2u_fastqc.html
[2022-08-05 11:02:57,523] multiqc                                            [DEBUG  ]  File ignored by lima/summary because it exceeded search pattern filesize limit: 9446_combined_R1R2u_fastqc.html
[2022-08-05 11:02:57,545] multiqc                                            [DEBUG  ]  File ignored by vep/vep_txt because it exceeded search pattern filesize limit: 9446_combined_R1R2u_fastqc.html
[2022-08-05 11:02:57,545] multiqc                                            [DEBUG  ]  File ignored by longranger/invocation because it exceeded search pattern filesize limit: 9446_combined_R1R2u_fastqc.html
[2022-08-05 11:02:57,546] multiqc                                            [DEBUG  ]  File ignored by rockhopper because it exceeded search pattern filesize limit: 9446_combined_R1R2u_fastqc.html
[2022-08-05 11:02:57,546] multiqc                                            [DEBUG  ]  File ignored by rseqc/bam_stat because it exceeded search pattern filesize limit: 9446_combined_R1R2u_fastqc.html
[2022-08-05 11:02:57,546] multiqc                                            [DEBUG  ]  File ignored by rseqc/junction_annotation because it exceeded search pattern filesize limit: 9446_combined_R1R2u_fastqc.html
[2022-08-05 11:02:57,546] multiqc                                            [DEBUG  ]  File ignored by rseqc/read_distribution because it exceeded search pattern filesize limit: 9446_combined_R1R2u_fastqc.html
[2022-08-05 11:02:57,546] multiqc                                            [DEBUG  ]  File ignored by rseqc/infer_experiment because it exceeded search pattern filesize limit: 9446_combined_R1R2u_fastqc.html
[2022-08-05 11:02:57,644] multiqc                                            [DEBUG  ]  Ignoring file as matched an ignore pattern: 9446_combined_R1R2u.fastq.gz
[2022-08-05 11:02:57,805] multiqc                                            [DEBUG  ]  File ignored by ccs/v4 because it exceeded search pattern filesize limit: 9446_combined_R2p_fastqc.html
[2022-08-05 11:02:57,816] multiqc                                            [DEBUG  ]  File ignored by hicexplorer because it exceeded search pattern filesize limit: 9446_combined_R2p_fastqc.html
[2022-08-05 11:02:57,816] multiqc                                            [DEBUG  ]  File ignored by nanostat because it exceeded search pattern filesize limit: 9446_combined_R2p_fastqc.html
[2022-08-05 11:02:57,816] multiqc                                            [DEBUG  ]  File ignored by lima/summary because it exceeded search pattern filesize limit: 9446_combined_R2p_fastqc.html
[2022-08-05 11:02:57,834] multiqc                                            [DEBUG  ]  File ignored by vep/vep_txt because it exceeded search pattern filesize limit: 9446_combined_R2p_fastqc.html
[2022-08-05 11:02:57,835] multiqc                                            [DEBUG  ]  File ignored by longranger/invocation because it exceeded search pattern filesize limit: 9446_combined_R2p_fastqc.html
[2022-08-05 11:02:57,835] multiqc                                            [DEBUG  ]  File ignored by rockhopper because it exceeded search pattern filesize limit: 9446_combined_R2p_fastqc.html
[2022-08-05 11:02:57,835] multiqc                                            [DEBUG  ]  File ignored by rseqc/bam_stat because it exceeded search pattern filesize limit: 9446_combined_R2p_fastqc.html
[2022-08-05 11:02:57,835] multiqc                                            [DEBUG  ]  File ignored by rseqc/junction_annotation because it exceeded search pattern filesize limit: 9446_combined_R2p_fastqc.html
[2022-08-05 11:02:57,835] multiqc                                            [DEBUG  ]  File ignored by rseqc/read_distribution because it exceeded search pattern filesize limit: 9446_combined_R2p_fastqc.html
[2022-08-05 11:02:57,835] multiqc                                            [DEBUG  ]  File ignored by rseqc/infer_experiment because it exceeded search pattern filesize limit: 9446_combined_R2p_fastqc.html
[2022-08-05 11:02:58,176] multiqc                                            [DEBUG  ]  Ignoring file as matched an ignore pattern: 9446_combined_R2p.fastq.gz
[2022-08-05 11:02:58,177] multiqc                                            [DEBUG  ]  Ignoring file as matched an ignore pattern: 9446_QCreads.md5
[2022-08-05 11:02:59,016] multiqc.plots.bargraph                             [DEBUG  ]  Using matplotlib version 3.3.4
[2022-08-05 11:02:59,020] multiqc.plots.linegraph                            [DEBUG  ]  Using matplotlib version 3.3.4
[2022-08-05 11:02:59,023] multiqc                                            [DEBUG  ]  No samples found: custom_content
[2022-08-05 11:02:59,028] multiqc                                            [DEBUG  ]  No samples found: ccs
[2022-08-05 11:02:59,033] multiqc                                            [DEBUG  ]  No samples found: ngsderive
[2022-08-05 11:02:59,037] multiqc                                            [DEBUG  ]  No samples found: purple
[2022-08-05 11:02:59,041] multiqc                                            [DEBUG  ]  No samples found: conpair
[2022-08-05 11:02:59,046] multiqc                                            [DEBUG  ]  No samples found: lima
[2022-08-05 11:02:59,051] multiqc                                            [DEBUG  ]  No samples found: peddy
[2022-08-05 11:02:59,057] multiqc                                            [DEBUG  ]  No samples found: somalier
[2022-08-05 11:02:59,061] multiqc                                            [DEBUG  ]  No samples found: methylQA
[2022-08-05 11:02:59,071] multiqc.modules.mosdepth.mosdepth                  [DEBUG  ]  include_contigs: []
[2022-08-05 11:02:59,071] multiqc.modules.mosdepth.mosdepth                  [DEBUG  ]  exclude_contigs: []
[2022-08-05 11:02:59,071] multiqc                                            [DEBUG  ]  No samples found: mosdepth
[2022-08-05 11:02:59,075] multiqc                                            [DEBUG  ]  No samples found: phantompeakqualtools
[2022-08-05 11:02:59,078] multiqc                                            [DEBUG  ]  No samples found: qualimap
[2022-08-05 11:02:59,084] multiqc                                            [DEBUG  ]  No samples found: preseq
[2022-08-05 11:02:59,089] multiqc                                            [DEBUG  ]  No samples found: quast
[2022-08-05 11:02:59,093] multiqc                                            [DEBUG  ]  No samples found: qorts
[2022-08-05 11:02:59,098] multiqc                                            [DEBUG  ]  No samples found: rna_seqc
[2022-08-05 11:02:59,103] multiqc                                            [DEBUG  ]  No samples found: rockhopper
[2022-08-05 11:02:59,107] multiqc                                            [DEBUG  ]  No samples found: rsem
[2022-08-05 11:02:59,662] multiqc                                            [DEBUG  ]  No samples found: rseqc
[2022-08-05 11:02:59,667] multiqc                                            [DEBUG  ]  No samples found: busco
[2022-08-05 11:02:59,672] multiqc                                            [DEBUG  ]  No samples found: bustools
[2022-08-05 11:02:59,676] multiqc                                            [DEBUG  ]  No samples found: goleft_indexcov
[2022-08-05 11:02:59,680] multiqc                                            [DEBUG  ]  No samples found: gffcompare
[2022-08-05 11:02:59,684] multiqc                                            [DEBUG  ]  No samples found: disambiguate
[2022-08-05 11:02:59,764] multiqc                                            [DEBUG  ]  No samples found: supernova
[2022-08-05 11:02:59,779] multiqc                                            [DEBUG  ]  No samples found: deeptools
[2022-08-05 11:02:59,783] multiqc                                            [DEBUG  ]  No samples found: sargasso
[2022-08-05 11:02:59,788] multiqc                                            [DEBUG  ]  No samples found: verifybamid
[2022-08-05 11:02:59,793] multiqc                                            [DEBUG  ]  No samples found: mirtrace
[2022-08-05 11:02:59,797] multiqc                                            [DEBUG  ]  No samples found: happy
[2022-08-05 11:02:59,802] multiqc                                            [DEBUG  ]  No samples found: mirtop
[2022-08-05 11:02:59,807] multiqc                                            [DEBUG  ]  No samples found: sambamba
[2022-08-05 11:02:59,815] multiqc                                            [DEBUG  ]  No samples found: homer
[2022-08-05 11:02:59,819] multiqc                                            [DEBUG  ]  No samples found: hops
[2022-08-05 11:02:59,823] multiqc                                            [DEBUG  ]  No samples found: macs2
[2022-08-05 11:02:59,826] multiqc                                            [DEBUG  ]  No samples found: theta2
[2022-08-05 11:02:59,831] multiqc                                            [DEBUG  ]  No samples found: snpeff
[2022-08-05 11:02:59,838] multiqc                                            [DEBUG  ]  No samples found: gatk
[2022-08-05 11:02:59,842] multiqc                                            [DEBUG  ]  No samples found: htseq
[2022-08-05 11:02:59,848] multiqc                                            [DEBUG  ]  No samples found: bcftools
[2022-08-05 11:02:59,852] multiqc                                            [DEBUG  ]  No samples found: featureCounts
[2022-08-05 11:02:59,858] multiqc                                            [DEBUG  ]  No samples found: fgbio
[2022-08-05 11:02:59,874] multiqc                                            [DEBUG  ]  No samples found: dragen
[2022-08-05 11:02:59,879] multiqc                                            [DEBUG  ]  No samples found: dedup
[2022-08-05 11:02:59,884] multiqc                                            [DEBUG  ]  No samples found: damageprofiler
[2022-08-05 11:02:59,921] multiqc                                            [DEBUG  ]  No samples found: biobambam2
[2022-08-05 11:02:59,926] multiqc                                            [DEBUG  ]  No samples found: jcvi
[2022-08-05 11:02:59,930] multiqc                                            [DEBUG  ]  No samples found: mtnucratio
[2022-08-05 11:02:59,932] multiqc                                            [DEBUG  ]  No samples found: picard
[2022-08-05 11:02:59,937] multiqc                                            [DEBUG  ]  No samples found: vep
[2022-08-05 11:02:59,945] multiqc                                            [DEBUG  ]  No samples found: sentieon
[2022-08-05 11:02:59,949] multiqc                                            [DEBUG  ]  No samples found: prokka
[2022-08-05 11:02:59,956] multiqc                                            [DEBUG  ]  No samples found: qc3C
[2022-08-05 11:02:59,961] multiqc                                            [DEBUG  ]  No samples found: nanostat
[2022-08-05 11:02:59,965] multiqc                                            [DEBUG  ]  No samples found: samblaster
[2022-08-05 11:02:59,974] multiqc                                            [DEBUG  ]  No samples found: samtools
[2022-08-05 11:02:59,979] multiqc                                            [DEBUG  ]  No samples found: sexdeterrmine
[2022-08-05 11:02:59,983] multiqc                                            [DEBUG  ]  No samples found: eigenstratdatabasetools
[2022-08-05 11:02:59,987] multiqc                                            [DEBUG  ]  No samples found: bamtools
[2022-08-05 11:02:59,991] multiqc                                            [DEBUG  ]  No samples found: jellyfish
[2022-08-05 11:02:59,998] multiqc                                            [DEBUG  ]  No samples found: vcftools
[2022-08-05 11:03:00,003] multiqc                                            [DEBUG  ]  No samples found: longranger
[2022-08-05 11:03:00,008] multiqc                                            [DEBUG  ]  No samples found: stacks
[2022-08-05 11:03:00,012] multiqc                                            [DEBUG  ]  No samples found: varscan2
[2022-08-05 11:03:00,016] multiqc                                            [DEBUG  ]  No samples found: snippy
[2022-08-05 11:03:00,032] multiqc                                            [DEBUG  ]  No samples found: bbmap
[2022-08-05 11:03:00,038] multiqc                                            [DEBUG  ]  No samples found: bismark
[2022-08-05 11:03:00,046] multiqc                                            [DEBUG  ]  No samples found: biscuit
[2022-08-05 11:03:00,050] multiqc                                            [DEBUG  ]  No samples found: hicexplorer
[2022-08-05 11:03:00,055] multiqc                                            [DEBUG  ]  No samples found: hicup
[2022-08-05 11:03:00,060] multiqc                                            [DEBUG  ]  No samples found: hicpro
[2022-08-05 11:03:00,064] multiqc                                            [DEBUG  ]  No samples found: salmon
[2022-08-05 11:03:00,068] multiqc                                            [DEBUG  ]  No samples found: kallisto
[2022-08-05 11:03:00,074] multiqc                                            [DEBUG  ]  No samples found: slamdunk
[2022-08-05 11:03:00,079] multiqc                                            [DEBUG  ]  No samples found: star
[2022-08-05 11:03:00,083] multiqc                                            [DEBUG  ]  No samples found: hisat2
[2022-08-05 11:03:00,087] multiqc                                            [DEBUG  ]  No samples found: tophat
[2022-08-05 11:03:00,092] multiqc                                            [DEBUG  ]  No samples found: bowtie2
[2022-08-05 11:03:00,096] multiqc                                            [DEBUG  ]  No samples found: bowtie1
[2022-08-05 11:03:00,100] multiqc                                            [DEBUG  ]  No samples found: snpsplit
[2022-08-05 11:03:00,105] multiqc                                            [DEBUG  ]  No samples found: odgi
[2022-08-05 11:03:00,109] multiqc                                            [DEBUG  ]  No samples found: pangolin
[2022-08-05 11:03:00,113] multiqc                                            [DEBUG  ]  No samples found: kat
[2022-08-05 11:03:00,117] multiqc                                            [DEBUG  ]  No samples found: leehom
[2022-08-05 11:03:00,122] multiqc                                            [DEBUG  ]  No samples found: adapterRemoval
[2022-08-05 11:03:00,126] multiqc                                            [DEBUG  ]  No samples found: clipandmerge
[2022-08-05 11:03:00,131] multiqc                                            [DEBUG  ]  No samples found: cutadapt
[2022-08-05 11:03:00,135] multiqc                                            [DEBUG  ]  No samples found: flexbar
[2022-08-05 11:03:00,140] multiqc                                            [DEBUG  ]  No samples found: kaiju
[2022-08-05 11:03:00,145] multiqc                                            [DEBUG  ]  No samples found: kraken
[2022-08-05 11:03:00,150] multiqc                                            [DEBUG  ]  No samples found: malt
[2022-08-05 11:03:00,154] multiqc                                            [DEBUG  ]  No samples found: trimmomatic
[2022-08-05 11:03:00,158] multiqc                                            [DEBUG  ]  No samples found: sickle
[2022-08-05 11:03:00,162] multiqc                                            [DEBUG  ]  No samples found: skewer
[2022-08-05 11:03:00,167] multiqc                                            [DEBUG  ]  No samples found: sortmerna
[2022-08-05 11:03:00,171] multiqc                                            [DEBUG  ]  No samples found: biobloomtools
[2022-08-05 11:03:00,176] multiqc                                            [DEBUG  ]  No samples found: fastq_screen
[2022-08-05 11:03:00,180] multiqc                                            [DEBUG  ]  No samples found: afterqc
[2022-08-05 11:03:00,185] multiqc                                            [DEBUG  ]  No samples found: fastp
[2022-08-05 11:03:00,812] multiqc.modules.fastqc.fastqc                      [INFO   ]  Found 4 reports
[2022-08-05 11:03:00,864] multiqc                                            [DEBUG  ]  No samples found: pychopper
[2022-08-05 11:03:00,869] multiqc                                            [DEBUG  ]  No samples found: pycoqc
[2022-08-05 11:03:00,874] multiqc                                            [DEBUG  ]  No samples found: minionqc
[2022-08-05 11:03:00,880] multiqc                                            [DEBUG  ]  No samples found: multivcfanalyzer
[2022-08-05 11:03:00,886] multiqc                                            [DEBUG  ]  No samples found: clusterflow
[2022-08-05 11:03:00,892] multiqc                                            [DEBUG  ]  No samples found: bcl2fastq
[2022-08-05 11:03:00,899] multiqc                                            [DEBUG  ]  No samples found: bclconvert
[2022-08-05 11:03:00,904] multiqc                                            [DEBUG  ]  No samples found: interop
[2022-08-05 11:03:00,909] multiqc                                            [DEBUG  ]  No samples found: ivar
[2022-08-05 11:03:00,914] multiqc                                            [DEBUG  ]  No samples found: flash
[2022-08-05 11:03:00,919] multiqc                                            [DEBUG  ]  No samples found: seqyclean
[2022-08-05 11:03:00,923] multiqc                                            [DEBUG  ]  No samples found: optitype
[2022-08-05 11:03:00,928] multiqc                                            [INFO   ]  Compressing plot data
[2022-08-05 11:03:00,980] multiqc                                            [INFO   ]  Report      : 9446_MGSD_CSIRO.qc.stats/multiqc_report.html
[2022-08-05 11:03:00,980] multiqc                                            [INFO   ]  Data        : 9446_MGSD_CSIRO.qc.stats/multiqc_data
[2022-08-05 11:03:00,981] multiqc                                            [DEBUG  ]  Moving data file from '/tmp/smi9a9.8584666/tmp_jcpnmf0/multiqc_data' to '9446_MGSD_CSIRO.qc.stats/multiqc_data'
[2022-08-05 11:03:01,178] multiqc                                            [INFO   ]  MultiQC complete
