[2022-08-05 11:10:42,659] multiqc                                            [DEBUG  ]  This is MultiQC v1.11
[2022-08-05 11:10:42,659] multiqc                                            [DEBUG  ]  No MultiQC config found: /apps/multiqc/1.11/lib/python3.9/site-packages/multiqc_config.yaml
[2022-08-05 11:10:42,659] multiqc                                            [DEBUG  ]  No MultiQC config found: /home/smi9a9/.multiqc_config.yaml
[2022-08-05 11:10:42,659] multiqc                                            [DEBUG  ]  No MultiQC config found: multiqc_config.yaml
[2022-08-05 11:10:42,659] multiqc                                            [DEBUG  ]  Command used: /apps/multiqc/1.11/bin/multiqc ./12461_combined_merged_fastqc.html ./12461_combined_merged_fastqc.zip ./12461_combined_merged.fastq.gz ./12461_combined_R1p_fastqc.html ./12461_combined_R1p_fastqc.zip ./12461_combined_R1p.fastq.gz ./12461_combined_R1R2u_fastqc.html ./12461_combined_R1R2u_fastqc.zip ./12461_combined_R1R2u.fastq.gz ./12461_combined_R2p_fastqc.html ./12461_combined_R2p_fastqc.zip ./12461_combined_R2p.fastq.gz ./12461_QCreads.md5 -o 12461_MGSD_CSIRO.qc.stats
[2022-08-05 11:10:42,661] multiqc                                            [DEBUG  ]  Could not connect to multiqc.info for version check: <urlopen error [Errno 111] Connection refused>
[2022-08-05 11:10:42,661] multiqc                                            [DEBUG  ]  Command     : /apps/multiqc/1.11/bin/multiqc ./12461_combined_merged_fastqc.html ./12461_combined_merged_fastqc.zip ./12461_combined_merged.fastq.gz ./12461_combined_R1p_fastqc.html ./12461_combined_R1p_fastqc.zip ./12461_combined_R1p.fastq.gz ./12461_combined_R1R2u_fastqc.html ./12461_combined_R1R2u_fastqc.zip ./12461_combined_R1R2u.fastq.gz ./12461_combined_R2p_fastqc.html ./12461_combined_R2p_fastqc.zip ./12461_combined_R2p.fastq.gz ./12461_QCreads.md5 -o 12461_MGSD_CSIRO.qc.stats
[2022-08-05 11:10:42,661] multiqc                                            [DEBUG  ]  Working dir : /datasets/work/oa-amd/work/amd/Metagenome_QC_reads
[2022-08-05 11:10:42,661] multiqc                                            [DEBUG  ]  Template    : default
[2022-08-05 11:10:42,661] multiqc                                            [DEBUG  ]  Running Python 3.9.4 (default, Apr 25 2021, 16:13:27)  [GCC 10.3.0]
[2022-08-05 11:10:42,662] multiqc                                            [DEBUG  ]  Analysing modules: custom_content, ccs, ngsderive, purple, conpair, lima, peddy, somalier, methylQA, mosdepth, phantompeakqualtools, qualimap, preseq, quast, qorts, rna_seqc, rockhopper, rsem, rseqc, busco, bustools, goleft_indexcov, gffcompare, disambiguate, supernova, deeptools, sargasso, verifybamid, mirtrace, happy, mirtop, sambamba, homer, hops, macs2, theta2, snpeff, gatk, htseq, bcftools, featureCounts, fgbio, dragen, dedup, damageprofiler, biobambam2, jcvi, mtnucratio, picard, vep, sentieon, prokka, qc3C, nanostat, samblaster, samtools, sexdeterrmine, eigenstratdatabasetools, bamtools, jellyfish, vcftools, longranger, stacks, varscan2, snippy, bbmap, bismark, biscuit, hicexplorer, hicup, hicpro, salmon, kallisto, slamdunk, star, hisat2, tophat, bowtie2, bowtie1, snpsplit, odgi, pangolin, kat, leehom, adapterRemoval, clipandmerge, cutadapt, flexbar, kaiju, kraken, malt, trimmomatic, sickle, skewer, sortmerna, biobloomtools, fastq_screen, afterqc, fastp, fastqc, pychopper, pycoqc, minionqc, multivcfanalyzer, clusterflow, bcl2fastq, bclconvert, interop, ivar, flash, seqyclean, optitype
[2022-08-05 11:10:42,662] multiqc                                            [DEBUG  ]  Using temporary directory for creating report: /tmp/smi9a9.8585824/tmpv4qao4k0
[2022-08-05 11:10:42,744] multiqc                                            [INFO   ]  Search path : /datasets/work/oa-amd/work/amd/Metagenome_QC_reads/12461_combined_merged_fastqc.html
[2022-08-05 11:10:42,744] multiqc                                            [INFO   ]  Search path : /datasets/work/oa-amd/work/amd/Metagenome_QC_reads/12461_combined_merged_fastqc.zip
[2022-08-05 11:10:42,744] multiqc                                            [INFO   ]  Search path : /datasets/work/oa-amd/work/amd/Metagenome_QC_reads/12461_combined_merged.fastq.gz
[2022-08-05 11:10:42,745] multiqc                                            [INFO   ]  Search path : /datasets/work/oa-amd/work/amd/Metagenome_QC_reads/12461_combined_R1p_fastqc.html
[2022-08-05 11:10:42,745] multiqc                                            [INFO   ]  Search path : /datasets/work/oa-amd/work/amd/Metagenome_QC_reads/12461_combined_R1p_fastqc.zip
[2022-08-05 11:10:42,745] multiqc                                            [INFO   ]  Search path : /datasets/work/oa-amd/work/amd/Metagenome_QC_reads/12461_combined_R1p.fastq.gz
[2022-08-05 11:10:42,745] multiqc                                            [INFO   ]  Search path : /datasets/work/oa-amd/work/amd/Metagenome_QC_reads/12461_combined_R1R2u_fastqc.html
[2022-08-05 11:10:42,745] multiqc                                            [INFO   ]  Search path : /datasets/work/oa-amd/work/amd/Metagenome_QC_reads/12461_combined_R1R2u_fastqc.zip
[2022-08-05 11:10:42,745] multiqc                                            [INFO   ]  Search path : /datasets/work/oa-amd/work/amd/Metagenome_QC_reads/12461_combined_R1R2u.fastq.gz
[2022-08-05 11:10:42,745] multiqc                                            [INFO   ]  Search path : /datasets/work/oa-amd/work/amd/Metagenome_QC_reads/12461_combined_R2p_fastqc.html
[2022-08-05 11:10:42,745] multiqc                                            [INFO   ]  Search path : /datasets/work/oa-amd/work/amd/Metagenome_QC_reads/12461_combined_R2p_fastqc.zip
[2022-08-05 11:10:42,745] multiqc                                            [INFO   ]  Search path : /datasets/work/oa-amd/work/amd/Metagenome_QC_reads/12461_combined_R2p.fastq.gz
[2022-08-05 11:10:42,745] multiqc                                            [INFO   ]  Search path : /datasets/work/oa-amd/work/amd/Metagenome_QC_reads/12461_QCreads.md5
[2022-08-05 11:10:43,290] multiqc                                            [DEBUG  ]  File ignored by ccs/v4 because it exceeded search pattern filesize limit: 12461_combined_merged_fastqc.html
[2022-08-05 11:10:43,307] multiqc                                            [DEBUG  ]  File ignored by hicexplorer because it exceeded search pattern filesize limit: 12461_combined_merged_fastqc.html
[2022-08-05 11:10:43,308] multiqc                                            [DEBUG  ]  File ignored by nanostat because it exceeded search pattern filesize limit: 12461_combined_merged_fastqc.html
[2022-08-05 11:10:43,308] multiqc                                            [DEBUG  ]  File ignored by lima/summary because it exceeded search pattern filesize limit: 12461_combined_merged_fastqc.html
[2022-08-05 11:10:43,323] multiqc                                            [DEBUG  ]  File ignored by vep/vep_txt because it exceeded search pattern filesize limit: 12461_combined_merged_fastqc.html
[2022-08-05 11:10:43,323] multiqc                                            [DEBUG  ]  File ignored by longranger/invocation because it exceeded search pattern filesize limit: 12461_combined_merged_fastqc.html
[2022-08-05 11:10:43,323] multiqc                                            [DEBUG  ]  File ignored by rockhopper because it exceeded search pattern filesize limit: 12461_combined_merged_fastqc.html
[2022-08-05 11:10:43,323] multiqc                                            [DEBUG  ]  File ignored by rseqc/bam_stat because it exceeded search pattern filesize limit: 12461_combined_merged_fastqc.html
[2022-08-05 11:10:43,323] multiqc                                            [DEBUG  ]  File ignored by rseqc/junction_annotation because it exceeded search pattern filesize limit: 12461_combined_merged_fastqc.html
[2022-08-05 11:10:43,323] multiqc                                            [DEBUG  ]  File ignored by rseqc/read_distribution because it exceeded search pattern filesize limit: 12461_combined_merged_fastqc.html
[2022-08-05 11:10:43,323] multiqc                                            [DEBUG  ]  File ignored by rseqc/infer_experiment because it exceeded search pattern filesize limit: 12461_combined_merged_fastqc.html
[2022-08-05 11:10:43,410] multiqc                                            [DEBUG  ]  Ignoring file as matched an ignore pattern: 12461_combined_merged.fastq.gz
[2022-08-05 11:10:43,452] multiqc                                            [DEBUG  ]  File ignored by ccs/v4 because it exceeded search pattern filesize limit: 12461_combined_R1p_fastqc.html
[2022-08-05 11:10:43,460] multiqc                                            [DEBUG  ]  File ignored by hicexplorer because it exceeded search pattern filesize limit: 12461_combined_R1p_fastqc.html
[2022-08-05 11:10:43,460] multiqc                                            [DEBUG  ]  File ignored by nanostat because it exceeded search pattern filesize limit: 12461_combined_R1p_fastqc.html
[2022-08-05 11:10:43,460] multiqc                                            [DEBUG  ]  File ignored by lima/summary because it exceeded search pattern filesize limit: 12461_combined_R1p_fastqc.html
[2022-08-05 11:10:43,477] multiqc                                            [DEBUG  ]  File ignored by vep/vep_txt because it exceeded search pattern filesize limit: 12461_combined_R1p_fastqc.html
[2022-08-05 11:10:43,477] multiqc                                            [DEBUG  ]  File ignored by longranger/invocation because it exceeded search pattern filesize limit: 12461_combined_R1p_fastqc.html
[2022-08-05 11:10:43,477] multiqc                                            [DEBUG  ]  File ignored by rockhopper because it exceeded search pattern filesize limit: 12461_combined_R1p_fastqc.html
[2022-08-05 11:10:43,477] multiqc                                            [DEBUG  ]  File ignored by rseqc/bam_stat because it exceeded search pattern filesize limit: 12461_combined_R1p_fastqc.html
[2022-08-05 11:10:43,477] multiqc                                            [DEBUG  ]  File ignored by rseqc/junction_annotation because it exceeded search pattern filesize limit: 12461_combined_R1p_fastqc.html
[2022-08-05 11:10:43,477] multiqc                                            [DEBUG  ]  File ignored by rseqc/read_distribution because it exceeded search pattern filesize limit: 12461_combined_R1p_fastqc.html
[2022-08-05 11:10:43,477] multiqc                                            [DEBUG  ]  File ignored by rseqc/infer_experiment because it exceeded search pattern filesize limit: 12461_combined_R1p_fastqc.html
[2022-08-05 11:10:43,795] multiqc                                            [DEBUG  ]  Ignoring file as matched an ignore pattern: 12461_combined_R1p.fastq.gz
[2022-08-05 11:10:44,006] multiqc                                            [DEBUG  ]  File ignored by ccs/v4 because it exceeded search pattern filesize limit: 12461_combined_R1R2u_fastqc.html
[2022-08-05 11:10:44,015] multiqc                                            [DEBUG  ]  File ignored by hicexplorer because it exceeded search pattern filesize limit: 12461_combined_R1R2u_fastqc.html
[2022-08-05 11:10:44,016] multiqc                                            [DEBUG  ]  File ignored by nanostat because it exceeded search pattern filesize limit: 12461_combined_R1R2u_fastqc.html
[2022-08-05 11:10:44,016] multiqc                                            [DEBUG  ]  File ignored by lima/summary because it exceeded search pattern filesize limit: 12461_combined_R1R2u_fastqc.html
[2022-08-05 11:10:44,038] multiqc                                            [DEBUG  ]  File ignored by vep/vep_txt because it exceeded search pattern filesize limit: 12461_combined_R1R2u_fastqc.html
[2022-08-05 11:10:44,038] multiqc                                            [DEBUG  ]  File ignored by longranger/invocation because it exceeded search pattern filesize limit: 12461_combined_R1R2u_fastqc.html
[2022-08-05 11:10:44,038] multiqc                                            [DEBUG  ]  File ignored by rockhopper because it exceeded search pattern filesize limit: 12461_combined_R1R2u_fastqc.html
[2022-08-05 11:10:44,038] multiqc                                            [DEBUG  ]  File ignored by rseqc/bam_stat because it exceeded search pattern filesize limit: 12461_combined_R1R2u_fastqc.html
[2022-08-05 11:10:44,038] multiqc                                            [DEBUG  ]  File ignored by rseqc/junction_annotation because it exceeded search pattern filesize limit: 12461_combined_R1R2u_fastqc.html
[2022-08-05 11:10:44,038] multiqc                                            [DEBUG  ]  File ignored by rseqc/read_distribution because it exceeded search pattern filesize limit: 12461_combined_R1R2u_fastqc.html
[2022-08-05 11:10:44,038] multiqc                                            [DEBUG  ]  File ignored by rseqc/infer_experiment because it exceeded search pattern filesize limit: 12461_combined_R1R2u_fastqc.html
[2022-08-05 11:10:44,140] multiqc                                            [DEBUG  ]  Ignoring file as matched an ignore pattern: 12461_combined_R1R2u.fastq.gz
[2022-08-05 11:10:44,450] multiqc                                            [DEBUG  ]  File ignored by ccs/v4 because it exceeded search pattern filesize limit: 12461_combined_R2p_fastqc.html
[2022-08-05 11:10:44,459] multiqc                                            [DEBUG  ]  File ignored by hicexplorer because it exceeded search pattern filesize limit: 12461_combined_R2p_fastqc.html
[2022-08-05 11:10:44,460] multiqc                                            [DEBUG  ]  File ignored by nanostat because it exceeded search pattern filesize limit: 12461_combined_R2p_fastqc.html
[2022-08-05 11:10:44,460] multiqc                                            [DEBUG  ]  File ignored by lima/summary because it exceeded search pattern filesize limit: 12461_combined_R2p_fastqc.html
[2022-08-05 11:10:44,478] multiqc                                            [DEBUG  ]  File ignored by vep/vep_txt because it exceeded search pattern filesize limit: 12461_combined_R2p_fastqc.html
[2022-08-05 11:10:44,478] multiqc                                            [DEBUG  ]  File ignored by longranger/invocation because it exceeded search pattern filesize limit: 12461_combined_R2p_fastqc.html
[2022-08-05 11:10:44,478] multiqc                                            [DEBUG  ]  File ignored by rockhopper because it exceeded search pattern filesize limit: 12461_combined_R2p_fastqc.html
[2022-08-05 11:10:44,478] multiqc                                            [DEBUG  ]  File ignored by rseqc/bam_stat because it exceeded search pattern filesize limit: 12461_combined_R2p_fastqc.html
[2022-08-05 11:10:44,478] multiqc                                            [DEBUG  ]  File ignored by rseqc/junction_annotation because it exceeded search pattern filesize limit: 12461_combined_R2p_fastqc.html
[2022-08-05 11:10:44,478] multiqc                                            [DEBUG  ]  File ignored by rseqc/read_distribution because it exceeded search pattern filesize limit: 12461_combined_R2p_fastqc.html
[2022-08-05 11:10:44,478] multiqc                                            [DEBUG  ]  File ignored by rseqc/infer_experiment because it exceeded search pattern filesize limit: 12461_combined_R2p_fastqc.html
[2022-08-05 11:10:44,548] multiqc                                            [DEBUG  ]  Ignoring file as matched an ignore pattern: 12461_combined_R2p.fastq.gz
[2022-08-05 11:10:44,548] multiqc                                            [DEBUG  ]  Ignoring file as matched an ignore pattern: 12461_QCreads.md5
[2022-08-05 11:10:46,977] multiqc.plots.bargraph                             [DEBUG  ]  Using matplotlib version 3.3.4
[2022-08-05 11:10:46,982] multiqc.plots.linegraph                            [DEBUG  ]  Using matplotlib version 3.3.4
[2022-08-05 11:10:46,984] multiqc                                            [DEBUG  ]  No samples found: custom_content
[2022-08-05 11:10:46,990] multiqc                                            [DEBUG  ]  No samples found: ccs
[2022-08-05 11:10:46,996] multiqc                                            [DEBUG  ]  No samples found: ngsderive
[2022-08-05 11:10:47,001] multiqc                                            [DEBUG  ]  No samples found: purple
[2022-08-05 11:10:47,005] multiqc                                            [DEBUG  ]  No samples found: conpair
[2022-08-05 11:10:47,010] multiqc                                            [DEBUG  ]  No samples found: lima
[2022-08-05 11:10:47,246] multiqc                                            [DEBUG  ]  No samples found: peddy
[2022-08-05 11:10:47,260] multiqc                                            [DEBUG  ]  No samples found: somalier
[2022-08-05 11:10:47,265] multiqc                                            [DEBUG  ]  No samples found: methylQA
[2022-08-05 11:10:47,283] multiqc.modules.mosdepth.mosdepth                  [DEBUG  ]  include_contigs: []
[2022-08-05 11:10:47,283] multiqc.modules.mosdepth.mosdepth                  [DEBUG  ]  exclude_contigs: []
[2022-08-05 11:10:47,283] multiqc                                            [DEBUG  ]  No samples found: mosdepth
[2022-08-05 11:10:47,290] multiqc                                            [DEBUG  ]  No samples found: phantompeakqualtools
[2022-08-05 11:10:47,295] multiqc                                            [DEBUG  ]  No samples found: qualimap
[2022-08-05 11:10:47,765] multiqc                                            [DEBUG  ]  No samples found: preseq
[2022-08-05 11:10:47,779] multiqc                                            [DEBUG  ]  No samples found: quast
[2022-08-05 11:10:47,784] multiqc                                            [DEBUG  ]  No samples found: qorts
[2022-08-05 11:10:47,790] multiqc                                            [DEBUG  ]  No samples found: rna_seqc
[2022-08-05 11:10:47,795] multiqc                                            [DEBUG  ]  No samples found: rockhopper
[2022-08-05 11:10:47,801] multiqc                                            [DEBUG  ]  No samples found: rsem
[2022-08-05 11:10:48,047] multiqc                                            [DEBUG  ]  No samples found: rseqc
[2022-08-05 11:10:48,052] multiqc                                            [DEBUG  ]  No samples found: busco
[2022-08-05 11:10:48,057] multiqc                                            [DEBUG  ]  No samples found: bustools
[2022-08-05 11:10:48,062] multiqc                                            [DEBUG  ]  No samples found: goleft_indexcov
[2022-08-05 11:10:48,068] multiqc                                            [DEBUG  ]  No samples found: gffcompare
[2022-08-05 11:10:48,073] multiqc                                            [DEBUG  ]  No samples found: disambiguate
[2022-08-05 11:10:48,079] multiqc                                            [DEBUG  ]  No samples found: supernova
[2022-08-05 11:10:48,100] multiqc                                            [DEBUG  ]  No samples found: deeptools
[2022-08-05 11:10:48,106] multiqc                                            [DEBUG  ]  No samples found: sargasso
[2022-08-05 11:10:48,111] multiqc                                            [DEBUG  ]  No samples found: verifybamid
[2022-08-05 11:10:48,117] multiqc                                            [DEBUG  ]  No samples found: mirtrace
[2022-08-05 11:10:48,122] multiqc                                            [DEBUG  ]  No samples found: happy
[2022-08-05 11:10:48,127] multiqc                                            [DEBUG  ]  No samples found: mirtop
[2022-08-05 11:10:48,599] multiqc                                            [DEBUG  ]  No samples found: sambamba
[2022-08-05 11:10:48,623] multiqc                                            [DEBUG  ]  No samples found: homer
[2022-08-05 11:10:48,631] multiqc                                            [DEBUG  ]  No samples found: hops
[2022-08-05 11:10:48,877] multiqc                                            [DEBUG  ]  No samples found: macs2
[2022-08-05 11:10:48,885] multiqc                                            [DEBUG  ]  No samples found: theta2
[2022-08-05 11:10:49,121] multiqc                                            [DEBUG  ]  No samples found: snpeff
[2022-08-05 11:10:49,132] multiqc                                            [DEBUG  ]  No samples found: gatk
[2022-08-05 11:10:49,137] multiqc                                            [DEBUG  ]  No samples found: htseq
[2022-08-05 11:10:49,152] multiqc                                            [DEBUG  ]  No samples found: bcftools
[2022-08-05 11:10:49,160] multiqc                                            [DEBUG  ]  No samples found: featureCounts
[2022-08-05 11:10:49,168] multiqc                                            [DEBUG  ]  No samples found: fgbio
[2022-08-05 11:10:49,187] multiqc                                            [DEBUG  ]  No samples found: dragen
[2022-08-05 11:10:49,193] multiqc                                            [DEBUG  ]  No samples found: dedup
[2022-08-05 11:10:49,198] multiqc                                            [DEBUG  ]  No samples found: damageprofiler
[2022-08-05 11:10:49,242] multiqc                                            [DEBUG  ]  No samples found: biobambam2
[2022-08-05 11:10:49,248] multiqc                                            [DEBUG  ]  No samples found: jcvi
[2022-08-05 11:10:49,253] multiqc                                            [DEBUG  ]  No samples found: mtnucratio
[2022-08-05 11:10:49,255] multiqc                                            [DEBUG  ]  No samples found: picard
[2022-08-05 11:10:49,261] multiqc                                            [DEBUG  ]  No samples found: vep
[2022-08-05 11:10:49,269] multiqc                                            [DEBUG  ]  No samples found: sentieon
[2022-08-05 11:10:49,275] multiqc                                            [DEBUG  ]  No samples found: prokka
[2022-08-05 11:10:49,288] multiqc                                            [DEBUG  ]  No samples found: qc3C
[2022-08-05 11:10:49,298] multiqc                                            [DEBUG  ]  No samples found: nanostat
[2022-08-05 11:10:49,535] multiqc                                            [DEBUG  ]  No samples found: samblaster
[2022-08-05 11:10:49,787] multiqc                                            [DEBUG  ]  No samples found: samtools
[2022-08-05 11:10:49,792] multiqc                                            [DEBUG  ]  No samples found: sexdeterrmine
[2022-08-05 11:10:49,797] multiqc                                            [DEBUG  ]  No samples found: eigenstratdatabasetools
[2022-08-05 11:10:49,802] multiqc                                            [DEBUG  ]  No samples found: bamtools
[2022-08-05 11:10:49,807] multiqc                                            [DEBUG  ]  No samples found: jellyfish
[2022-08-05 11:10:49,819] multiqc                                            [DEBUG  ]  No samples found: vcftools
[2022-08-05 11:10:49,825] multiqc                                            [DEBUG  ]  No samples found: longranger
[2022-08-05 11:10:49,831] multiqc                                            [DEBUG  ]  No samples found: stacks
[2022-08-05 11:10:49,836] multiqc                                            [DEBUG  ]  No samples found: varscan2
[2022-08-05 11:10:49,841] multiqc                                            [DEBUG  ]  No samples found: snippy
[2022-08-05 11:10:49,863] multiqc                                            [DEBUG  ]  No samples found: bbmap
[2022-08-05 11:10:49,870] multiqc                                            [DEBUG  ]  No samples found: bismark
[2022-08-05 11:10:49,878] multiqc                                            [DEBUG  ]  No samples found: biscuit
[2022-08-05 11:10:49,884] multiqc                                            [DEBUG  ]  No samples found: hicexplorer
[2022-08-05 11:10:49,889] multiqc                                            [DEBUG  ]  No samples found: hicup
[2022-08-05 11:10:49,896] multiqc                                            [DEBUG  ]  No samples found: hicpro
[2022-08-05 11:10:49,900] multiqc                                            [DEBUG  ]  No samples found: salmon
[2022-08-05 11:10:49,905] multiqc                                            [DEBUG  ]  No samples found: kallisto
[2022-08-05 11:10:49,912] multiqc                                            [DEBUG  ]  No samples found: slamdunk
[2022-08-05 11:10:49,918] multiqc                                            [DEBUG  ]  No samples found: star
[2022-08-05 11:10:49,922] multiqc                                            [DEBUG  ]  No samples found: hisat2
[2022-08-05 11:10:49,927] multiqc                                            [DEBUG  ]  No samples found: tophat
[2022-08-05 11:10:49,932] multiqc                                            [DEBUG  ]  No samples found: bowtie2
[2022-08-05 11:10:49,937] multiqc                                            [DEBUG  ]  No samples found: bowtie1
[2022-08-05 11:10:49,942] multiqc                                            [DEBUG  ]  No samples found: snpsplit
[2022-08-05 11:10:50,179] multiqc                                            [DEBUG  ]  No samples found: odgi
[2022-08-05 11:10:50,185] multiqc                                            [DEBUG  ]  No samples found: pangolin
[2022-08-05 11:10:50,190] multiqc                                            [DEBUG  ]  No samples found: kat
[2022-08-05 11:10:50,195] multiqc                                            [DEBUG  ]  No samples found: leehom
[2022-08-05 11:10:50,201] multiqc                                            [DEBUG  ]  No samples found: adapterRemoval
[2022-08-05 11:10:50,205] multiqc                                            [DEBUG  ]  No samples found: clipandmerge
[2022-08-05 11:10:50,211] multiqc                                            [DEBUG  ]  No samples found: cutadapt
[2022-08-05 11:10:50,215] multiqc                                            [DEBUG  ]  No samples found: flexbar
[2022-08-05 11:10:50,221] multiqc                                            [DEBUG  ]  No samples found: kaiju
[2022-08-05 11:10:50,228] multiqc                                            [DEBUG  ]  No samples found: kraken
[2022-08-05 11:10:50,232] multiqc                                            [DEBUG  ]  No samples found: malt
[2022-08-05 11:10:50,237] multiqc                                            [DEBUG  ]  No samples found: trimmomatic
[2022-08-05 11:10:50,246] multiqc                                            [DEBUG  ]  No samples found: sickle
[2022-08-05 11:10:50,260] multiqc                                            [DEBUG  ]  No samples found: skewer
[2022-08-05 11:10:50,268] multiqc                                            [DEBUG  ]  No samples found: sortmerna
[2022-08-05 11:10:50,274] multiqc                                            [DEBUG  ]  No samples found: biobloomtools
[2022-08-05 11:10:50,284] multiqc                                            [DEBUG  ]  No samples found: fastq_screen
[2022-08-05 11:10:50,295] multiqc                                            [DEBUG  ]  No samples found: afterqc
[2022-08-05 11:10:50,305] multiqc                                            [DEBUG  ]  No samples found: fastp
[2022-08-05 11:10:50,802] multiqc.modules.fastqc.fastqc                      [INFO   ]  Found 4 reports
[2022-08-05 11:10:50,852] multiqc                                            [DEBUG  ]  No samples found: pychopper
[2022-08-05 11:10:50,865] multiqc                                            [DEBUG  ]  No samples found: pycoqc
[2022-08-05 11:10:51,107] multiqc                                            [DEBUG  ]  No samples found: minionqc
[2022-08-05 11:10:51,112] multiqc                                            [DEBUG  ]  No samples found: multivcfanalyzer
[2022-08-05 11:10:51,121] multiqc                                            [DEBUG  ]  No samples found: clusterflow
[2022-08-05 11:10:51,132] multiqc                                            [DEBUG  ]  No samples found: bcl2fastq
[2022-08-05 11:10:51,141] multiqc                                            [DEBUG  ]  No samples found: bclconvert
[2022-08-05 11:10:51,147] multiqc                                            [DEBUG  ]  No samples found: interop
[2022-08-05 11:10:51,152] multiqc                                            [DEBUG  ]  No samples found: ivar
[2022-08-05 11:10:51,158] multiqc                                            [DEBUG  ]  No samples found: flash
[2022-08-05 11:10:51,164] multiqc                                            [DEBUG  ]  No samples found: seqyclean
[2022-08-05 11:10:51,169] multiqc                                            [DEBUG  ]  No samples found: optitype
[2022-08-05 11:10:51,173] multiqc                                            [INFO   ]  Compressing plot data
[2022-08-05 11:10:51,484] multiqc                                            [INFO   ]  Report      : 12461_MGSD_CSIRO.qc.stats/multiqc_report.html
[2022-08-05 11:10:51,484] multiqc                                            [INFO   ]  Data        : 12461_MGSD_CSIRO.qc.stats/multiqc_data
[2022-08-05 11:10:51,484] multiqc                                            [DEBUG  ]  Moving data file from '/tmp/smi9a9.8585824/tmpv4qao4k0/multiqc_data' to '12461_MGSD_CSIRO.qc.stats/multiqc_data'
[2022-08-05 11:10:51,676] multiqc                                            [INFO   ]  MultiQC complete
