[2022-08-05 11:03:27,361] multiqc                                            [DEBUG  ]  This is MultiQC v1.11
[2022-08-05 11:03:27,361] multiqc                                            [DEBUG  ]  No MultiQC config found: /apps/multiqc/1.11/lib/python3.9/site-packages/multiqc_config.yaml
[2022-08-05 11:03:27,361] multiqc                                            [DEBUG  ]  No MultiQC config found: /home/smi9a9/.multiqc_config.yaml
[2022-08-05 11:03:27,362] multiqc                                            [DEBUG  ]  No MultiQC config found: multiqc_config.yaml
[2022-08-05 11:03:27,362] multiqc                                            [DEBUG  ]  Command used: /apps/multiqc/1.11/bin/multiqc ./138528_HG7NLDSX2-4_merged_fastqc.html ./138528_HG7NLDSX2-4_merged_fastqc.zip ./138528_HG7NLDSX2-4_merged.fastq.gz ./138528_HG7NLDSX2-4_R1p_fastqc.html ./138528_HG7NLDSX2-4_R1p_fastqc.zip ./138528_HG7NLDSX2-4_R1p.fastq.gz ./138528_HG7NLDSX2-4_R1R2u_fastqc.html ./138528_HG7NLDSX2-4_R1R2u_fastqc.zip ./138528_HG7NLDSX2-4_R1R2u.fastq.gz ./138528_HG7NLDSX2-4_R2p_fastqc.html ./138528_HG7NLDSX2-4_R2p_fastqc.zip ./138528_HG7NLDSX2-4_R2p.fastq.gz ./138528_QCreads.md5 -o 138528_MGSD_CSIRO.qc.stats
[2022-08-05 11:03:27,364] multiqc                                            [DEBUG  ]  Could not connect to multiqc.info for version check: <urlopen error [Errno 111] Connection refused>
[2022-08-05 11:03:27,364] multiqc                                            [DEBUG  ]  Command     : /apps/multiqc/1.11/bin/multiqc ./138528_HG7NLDSX2-4_merged_fastqc.html ./138528_HG7NLDSX2-4_merged_fastqc.zip ./138528_HG7NLDSX2-4_merged.fastq.gz ./138528_HG7NLDSX2-4_R1p_fastqc.html ./138528_HG7NLDSX2-4_R1p_fastqc.zip ./138528_HG7NLDSX2-4_R1p.fastq.gz ./138528_HG7NLDSX2-4_R1R2u_fastqc.html ./138528_HG7NLDSX2-4_R1R2u_fastqc.zip ./138528_HG7NLDSX2-4_R1R2u.fastq.gz ./138528_HG7NLDSX2-4_R2p_fastqc.html ./138528_HG7NLDSX2-4_R2p_fastqc.zip ./138528_HG7NLDSX2-4_R2p.fastq.gz ./138528_QCreads.md5 -o 138528_MGSD_CSIRO.qc.stats
[2022-08-05 11:03:27,364] multiqc                                            [DEBUG  ]  Working dir : /datasets/work/oa-amd/work/amd/Metagenome_QC_reads
[2022-08-05 11:03:27,364] multiqc                                            [DEBUG  ]  Template    : default
[2022-08-05 11:03:27,364] multiqc                                            [DEBUG  ]  Running Python 3.9.4 (default, Apr 25 2021, 16:13:27)  [GCC 10.3.0]
[2022-08-05 11:03:27,365] multiqc                                            [DEBUG  ]  Analysing modules: custom_content, ccs, ngsderive, purple, conpair, lima, peddy, somalier, methylQA, mosdepth, phantompeakqualtools, qualimap, preseq, quast, qorts, rna_seqc, rockhopper, rsem, rseqc, busco, bustools, goleft_indexcov, gffcompare, disambiguate, supernova, deeptools, sargasso, verifybamid, mirtrace, happy, mirtop, sambamba, homer, hops, macs2, theta2, snpeff, gatk, htseq, bcftools, featureCounts, fgbio, dragen, dedup, damageprofiler, biobambam2, jcvi, mtnucratio, picard, vep, sentieon, prokka, qc3C, nanostat, samblaster, samtools, sexdeterrmine, eigenstratdatabasetools, bamtools, jellyfish, vcftools, longranger, stacks, varscan2, snippy, bbmap, bismark, biscuit, hicexplorer, hicup, hicpro, salmon, kallisto, slamdunk, star, hisat2, tophat, bowtie2, bowtie1, snpsplit, odgi, pangolin, kat, leehom, adapterRemoval, clipandmerge, cutadapt, flexbar, kaiju, kraken, malt, trimmomatic, sickle, skewer, sortmerna, biobloomtools, fastq_screen, afterqc, fastp, fastqc, pychopper, pycoqc, minionqc, multivcfanalyzer, clusterflow, bcl2fastq, bclconvert, interop, ivar, flash, seqyclean, optitype
[2022-08-05 11:03:27,365] multiqc                                            [DEBUG  ]  Using temporary directory for creating report: /tmp/smi9a9.8584794/tmpt_zt8m4g
[2022-08-05 11:03:27,426] multiqc                                            [INFO   ]  Search path : /datasets/work/oa-amd/work/amd/Metagenome_QC_reads/138528_HG7NLDSX2-4_merged_fastqc.html
[2022-08-05 11:03:27,426] multiqc                                            [INFO   ]  Search path : /datasets/work/oa-amd/work/amd/Metagenome_QC_reads/138528_HG7NLDSX2-4_merged_fastqc.zip
[2022-08-05 11:03:27,426] multiqc                                            [INFO   ]  Search path : /datasets/work/oa-amd/work/amd/Metagenome_QC_reads/138528_HG7NLDSX2-4_merged.fastq.gz
[2022-08-05 11:03:27,426] multiqc                                            [INFO   ]  Search path : /datasets/work/oa-amd/work/amd/Metagenome_QC_reads/138528_HG7NLDSX2-4_R1p_fastqc.html
[2022-08-05 11:03:27,426] multiqc                                            [INFO   ]  Search path : /datasets/work/oa-amd/work/amd/Metagenome_QC_reads/138528_HG7NLDSX2-4_R1p_fastqc.zip
[2022-08-05 11:03:27,426] multiqc                                            [INFO   ]  Search path : /datasets/work/oa-amd/work/amd/Metagenome_QC_reads/138528_HG7NLDSX2-4_R1p.fastq.gz
[2022-08-05 11:03:27,426] multiqc                                            [INFO   ]  Search path : /datasets/work/oa-amd/work/amd/Metagenome_QC_reads/138528_HG7NLDSX2-4_R1R2u_fastqc.html
[2022-08-05 11:03:27,426] multiqc                                            [INFO   ]  Search path : /datasets/work/oa-amd/work/amd/Metagenome_QC_reads/138528_HG7NLDSX2-4_R1R2u_fastqc.zip
[2022-08-05 11:03:27,426] multiqc                                            [INFO   ]  Search path : /datasets/work/oa-amd/work/amd/Metagenome_QC_reads/138528_HG7NLDSX2-4_R1R2u.fastq.gz
[2022-08-05 11:03:27,426] multiqc                                            [INFO   ]  Search path : /datasets/work/oa-amd/work/amd/Metagenome_QC_reads/138528_HG7NLDSX2-4_R2p_fastqc.html
[2022-08-05 11:03:27,426] multiqc                                            [INFO   ]  Search path : /datasets/work/oa-amd/work/amd/Metagenome_QC_reads/138528_HG7NLDSX2-4_R2p_fastqc.zip
[2022-08-05 11:03:27,426] multiqc                                            [INFO   ]  Search path : /datasets/work/oa-amd/work/amd/Metagenome_QC_reads/138528_HG7NLDSX2-4_R2p.fastq.gz
[2022-08-05 11:03:27,426] multiqc                                            [INFO   ]  Search path : /datasets/work/oa-amd/work/amd/Metagenome_QC_reads/138528_QCreads.md5
[2022-08-05 11:03:28,264] multiqc                                            [DEBUG  ]  File ignored by ccs/v4 because it exceeded search pattern filesize limit: 138528_HG7NLDSX2-4_merged_fastqc.html
[2022-08-05 11:03:28,275] multiqc                                            [DEBUG  ]  File ignored by hicexplorer because it exceeded search pattern filesize limit: 138528_HG7NLDSX2-4_merged_fastqc.html
[2022-08-05 11:03:28,737] multiqc                                            [DEBUG  ]  File ignored by nanostat because it exceeded search pattern filesize limit: 138528_HG7NLDSX2-4_merged_fastqc.html
[2022-08-05 11:03:28,738] multiqc                                            [DEBUG  ]  File ignored by lima/summary because it exceeded search pattern filesize limit: 138528_HG7NLDSX2-4_merged_fastqc.html
[2022-08-05 11:03:28,752] multiqc                                            [DEBUG  ]  File ignored by vep/vep_txt because it exceeded search pattern filesize limit: 138528_HG7NLDSX2-4_merged_fastqc.html
[2022-08-05 11:03:28,752] multiqc                                            [DEBUG  ]  File ignored by longranger/invocation because it exceeded search pattern filesize limit: 138528_HG7NLDSX2-4_merged_fastqc.html
[2022-08-05 11:03:28,752] multiqc                                            [DEBUG  ]  File ignored by rockhopper because it exceeded search pattern filesize limit: 138528_HG7NLDSX2-4_merged_fastqc.html
[2022-08-05 11:03:28,752] multiqc                                            [DEBUG  ]  File ignored by rseqc/bam_stat because it exceeded search pattern filesize limit: 138528_HG7NLDSX2-4_merged_fastqc.html
[2022-08-05 11:03:28,752] multiqc                                            [DEBUG  ]  File ignored by rseqc/junction_annotation because it exceeded search pattern filesize limit: 138528_HG7NLDSX2-4_merged_fastqc.html
[2022-08-05 11:03:28,752] multiqc                                            [DEBUG  ]  File ignored by rseqc/read_distribution because it exceeded search pattern filesize limit: 138528_HG7NLDSX2-4_merged_fastqc.html
[2022-08-05 11:03:28,752] multiqc                                            [DEBUG  ]  File ignored by rseqc/infer_experiment because it exceeded search pattern filesize limit: 138528_HG7NLDSX2-4_merged_fastqc.html
[2022-08-05 11:03:29,088] multiqc                                            [DEBUG  ]  Ignoring file as matched an ignore pattern: 138528_HG7NLDSX2-4_merged.fastq.gz
[2022-08-05 11:03:29,396] multiqc                                            [DEBUG  ]  File ignored by ccs/v4 because it exceeded search pattern filesize limit: 138528_HG7NLDSX2-4_R1p_fastqc.html
[2022-08-05 11:03:29,405] multiqc                                            [DEBUG  ]  File ignored by hicexplorer because it exceeded search pattern filesize limit: 138528_HG7NLDSX2-4_R1p_fastqc.html
[2022-08-05 11:03:29,406] multiqc                                            [DEBUG  ]  File ignored by nanostat because it exceeded search pattern filesize limit: 138528_HG7NLDSX2-4_R1p_fastqc.html
[2022-08-05 11:03:29,406] multiqc                                            [DEBUG  ]  File ignored by lima/summary because it exceeded search pattern filesize limit: 138528_HG7NLDSX2-4_R1p_fastqc.html
[2022-08-05 11:03:29,895] multiqc                                            [DEBUG  ]  File ignored by vep/vep_txt because it exceeded search pattern filesize limit: 138528_HG7NLDSX2-4_R1p_fastqc.html
[2022-08-05 11:03:29,895] multiqc                                            [DEBUG  ]  File ignored by longranger/invocation because it exceeded search pattern filesize limit: 138528_HG7NLDSX2-4_R1p_fastqc.html
[2022-08-05 11:03:29,895] multiqc                                            [DEBUG  ]  File ignored by rockhopper because it exceeded search pattern filesize limit: 138528_HG7NLDSX2-4_R1p_fastqc.html
[2022-08-05 11:03:29,895] multiqc                                            [DEBUG  ]  File ignored by rseqc/bam_stat because it exceeded search pattern filesize limit: 138528_HG7NLDSX2-4_R1p_fastqc.html
[2022-08-05 11:03:29,895] multiqc                                            [DEBUG  ]  File ignored by rseqc/junction_annotation because it exceeded search pattern filesize limit: 138528_HG7NLDSX2-4_R1p_fastqc.html
[2022-08-05 11:03:29,895] multiqc                                            [DEBUG  ]  File ignored by rseqc/read_distribution because it exceeded search pattern filesize limit: 138528_HG7NLDSX2-4_R1p_fastqc.html
[2022-08-05 11:03:29,895] multiqc                                            [DEBUG  ]  File ignored by rseqc/infer_experiment because it exceeded search pattern filesize limit: 138528_HG7NLDSX2-4_R1p_fastqc.html
[2022-08-05 11:03:30,211] multiqc                                            [DEBUG  ]  Ignoring file as matched an ignore pattern: 138528_HG7NLDSX2-4_R1p.fastq.gz
[2022-08-05 11:03:30,776] multiqc                                            [DEBUG  ]  File ignored by ccs/v4 because it exceeded search pattern filesize limit: 138528_HG7NLDSX2-4_R1R2u_fastqc.html
[2022-08-05 11:03:30,784] multiqc                                            [DEBUG  ]  File ignored by hicexplorer because it exceeded search pattern filesize limit: 138528_HG7NLDSX2-4_R1R2u_fastqc.html
[2022-08-05 11:03:30,785] multiqc                                            [DEBUG  ]  File ignored by nanostat because it exceeded search pattern filesize limit: 138528_HG7NLDSX2-4_R1R2u_fastqc.html
[2022-08-05 11:03:30,785] multiqc                                            [DEBUG  ]  File ignored by lima/summary because it exceeded search pattern filesize limit: 138528_HG7NLDSX2-4_R1R2u_fastqc.html
[2022-08-05 11:03:30,800] multiqc                                            [DEBUG  ]  File ignored by vep/vep_txt because it exceeded search pattern filesize limit: 138528_HG7NLDSX2-4_R1R2u_fastqc.html
[2022-08-05 11:03:30,800] multiqc                                            [DEBUG  ]  File ignored by longranger/invocation because it exceeded search pattern filesize limit: 138528_HG7NLDSX2-4_R1R2u_fastqc.html
[2022-08-05 11:03:30,800] multiqc                                            [DEBUG  ]  File ignored by rockhopper because it exceeded search pattern filesize limit: 138528_HG7NLDSX2-4_R1R2u_fastqc.html
[2022-08-05 11:03:30,800] multiqc                                            [DEBUG  ]  File ignored by rseqc/bam_stat because it exceeded search pattern filesize limit: 138528_HG7NLDSX2-4_R1R2u_fastqc.html
[2022-08-05 11:03:30,800] multiqc                                            [DEBUG  ]  File ignored by rseqc/junction_annotation because it exceeded search pattern filesize limit: 138528_HG7NLDSX2-4_R1R2u_fastqc.html
[2022-08-05 11:03:30,800] multiqc                                            [DEBUG  ]  File ignored by rseqc/read_distribution because it exceeded search pattern filesize limit: 138528_HG7NLDSX2-4_R1R2u_fastqc.html
[2022-08-05 11:03:30,800] multiqc                                            [DEBUG  ]  File ignored by rseqc/infer_experiment because it exceeded search pattern filesize limit: 138528_HG7NLDSX2-4_R1R2u_fastqc.html
[2022-08-05 11:03:31,123] multiqc                                            [DEBUG  ]  Ignoring file as matched an ignore pattern: 138528_HG7NLDSX2-4_R1R2u.fastq.gz
[2022-08-05 11:03:31,427] multiqc                                            [DEBUG  ]  File ignored by ccs/v4 because it exceeded search pattern filesize limit: 138528_HG7NLDSX2-4_R2p_fastqc.html
[2022-08-05 11:03:31,440] multiqc                                            [DEBUG  ]  File ignored by hicexplorer because it exceeded search pattern filesize limit: 138528_HG7NLDSX2-4_R2p_fastqc.html
[2022-08-05 11:03:31,441] multiqc                                            [DEBUG  ]  File ignored by nanostat because it exceeded search pattern filesize limit: 138528_HG7NLDSX2-4_R2p_fastqc.html
[2022-08-05 11:03:31,441] multiqc                                            [DEBUG  ]  File ignored by lima/summary because it exceeded search pattern filesize limit: 138528_HG7NLDSX2-4_R2p_fastqc.html
[2022-08-05 11:03:31,503] multiqc                                            [DEBUG  ]  File ignored by vep/vep_txt because it exceeded search pattern filesize limit: 138528_HG7NLDSX2-4_R2p_fastqc.html
[2022-08-05 11:03:31,503] multiqc                                            [DEBUG  ]  File ignored by longranger/invocation because it exceeded search pattern filesize limit: 138528_HG7NLDSX2-4_R2p_fastqc.html
[2022-08-05 11:03:31,503] multiqc                                            [DEBUG  ]  File ignored by rockhopper because it exceeded search pattern filesize limit: 138528_HG7NLDSX2-4_R2p_fastqc.html
[2022-08-05 11:03:31,503] multiqc                                            [DEBUG  ]  File ignored by rseqc/bam_stat because it exceeded search pattern filesize limit: 138528_HG7NLDSX2-4_R2p_fastqc.html
[2022-08-05 11:03:31,503] multiqc                                            [DEBUG  ]  File ignored by rseqc/junction_annotation because it exceeded search pattern filesize limit: 138528_HG7NLDSX2-4_R2p_fastqc.html
[2022-08-05 11:03:31,503] multiqc                                            [DEBUG  ]  File ignored by rseqc/read_distribution because it exceeded search pattern filesize limit: 138528_HG7NLDSX2-4_R2p_fastqc.html
[2022-08-05 11:03:31,503] multiqc                                            [DEBUG  ]  File ignored by rseqc/infer_experiment because it exceeded search pattern filesize limit: 138528_HG7NLDSX2-4_R2p_fastqc.html
[2022-08-05 11:03:31,581] multiqc                                            [DEBUG  ]  Ignoring file as matched an ignore pattern: 138528_HG7NLDSX2-4_R2p.fastq.gz
[2022-08-05 11:03:31,582] multiqc                                            [DEBUG  ]  Ignoring file as matched an ignore pattern: 138528_QCreads.md5
[2022-08-05 11:03:33,942] multiqc.plots.bargraph                             [DEBUG  ]  Using matplotlib version 3.3.4
[2022-08-05 11:03:33,946] multiqc.plots.linegraph                            [DEBUG  ]  Using matplotlib version 3.3.4
[2022-08-05 11:03:33,949] multiqc                                            [DEBUG  ]  No samples found: custom_content
[2022-08-05 11:03:33,953] multiqc                                            [DEBUG  ]  No samples found: ccs
[2022-08-05 11:03:33,959] multiqc                                            [DEBUG  ]  No samples found: ngsderive
[2022-08-05 11:03:33,963] multiqc                                            [DEBUG  ]  No samples found: purple
[2022-08-05 11:03:33,967] multiqc                                            [DEBUG  ]  No samples found: conpair
[2022-08-05 11:03:33,973] multiqc                                            [DEBUG  ]  No samples found: lima
[2022-08-05 11:03:33,978] multiqc                                            [DEBUG  ]  No samples found: peddy
[2022-08-05 11:03:33,984] multiqc                                            [DEBUG  ]  No samples found: somalier
[2022-08-05 11:03:33,988] multiqc                                            [DEBUG  ]  No samples found: methylQA
[2022-08-05 11:03:34,227] multiqc.modules.mosdepth.mosdepth                  [DEBUG  ]  include_contigs: []
[2022-08-05 11:03:34,227] multiqc.modules.mosdepth.mosdepth                  [DEBUG  ]  exclude_contigs: []
[2022-08-05 11:03:34,227] multiqc                                            [DEBUG  ]  No samples found: mosdepth
[2022-08-05 11:03:34,231] multiqc                                            [DEBUG  ]  No samples found: phantompeakqualtools
[2022-08-05 11:03:34,235] multiqc                                            [DEBUG  ]  No samples found: qualimap
[2022-08-05 11:03:34,240] multiqc                                            [DEBUG  ]  No samples found: preseq
[2022-08-05 11:03:34,245] multiqc                                            [DEBUG  ]  No samples found: quast
[2022-08-05 11:03:34,249] multiqc                                            [DEBUG  ]  No samples found: qorts
[2022-08-05 11:03:34,254] multiqc                                            [DEBUG  ]  No samples found: rna_seqc
[2022-08-05 11:03:34,258] multiqc                                            [DEBUG  ]  No samples found: rockhopper
[2022-08-05 11:03:34,262] multiqc                                            [DEBUG  ]  No samples found: rsem
[2022-08-05 11:03:34,276] multiqc                                            [DEBUG  ]  No samples found: rseqc
[2022-08-05 11:03:34,280] multiqc                                            [DEBUG  ]  No samples found: busco
[2022-08-05 11:03:34,514] multiqc                                            [DEBUG  ]  No samples found: bustools
[2022-08-05 11:03:34,518] multiqc                                            [DEBUG  ]  No samples found: goleft_indexcov
[2022-08-05 11:03:34,523] multiqc                                            [DEBUG  ]  No samples found: gffcompare
[2022-08-05 11:03:34,527] multiqc                                            [DEBUG  ]  No samples found: disambiguate
[2022-08-05 11:03:34,532] multiqc                                            [DEBUG  ]  No samples found: supernova
[2022-08-05 11:03:34,548] multiqc                                            [DEBUG  ]  No samples found: deeptools
[2022-08-05 11:03:34,552] multiqc                                            [DEBUG  ]  No samples found: sargasso
[2022-08-05 11:03:34,558] multiqc                                            [DEBUG  ]  No samples found: verifybamid
[2022-08-05 11:03:34,563] multiqc                                            [DEBUG  ]  No samples found: mirtrace
[2022-08-05 11:03:34,568] multiqc                                            [DEBUG  ]  No samples found: happy
[2022-08-05 11:03:34,573] multiqc                                            [DEBUG  ]  No samples found: mirtop
[2022-08-05 11:03:34,579] multiqc                                            [DEBUG  ]  No samples found: sambamba
[2022-08-05 11:03:34,818] multiqc                                            [DEBUG  ]  No samples found: homer
[2022-08-05 11:03:34,822] multiqc                                            [DEBUG  ]  No samples found: hops
[2022-08-05 11:03:34,827] multiqc                                            [DEBUG  ]  No samples found: macs2
[2022-08-05 11:03:34,831] multiqc                                            [DEBUG  ]  No samples found: theta2
[2022-08-05 11:03:34,836] multiqc                                            [DEBUG  ]  No samples found: snpeff
[2022-08-05 11:03:34,844] multiqc                                            [DEBUG  ]  No samples found: gatk
[2022-08-05 11:03:34,848] multiqc                                            [DEBUG  ]  No samples found: htseq
[2022-08-05 11:03:35,084] multiqc                                            [DEBUG  ]  No samples found: bcftools
[2022-08-05 11:03:35,320] multiqc                                            [DEBUG  ]  No samples found: featureCounts
[2022-08-05 11:03:35,327] multiqc                                            [DEBUG  ]  No samples found: fgbio
[2022-08-05 11:03:35,344] multiqc                                            [DEBUG  ]  No samples found: dragen
[2022-08-05 11:03:35,349] multiqc                                            [DEBUG  ]  No samples found: dedup
[2022-08-05 11:03:35,354] multiqc                                            [DEBUG  ]  No samples found: damageprofiler
[2022-08-05 11:03:35,422] multiqc                                            [DEBUG  ]  No samples found: biobambam2
[2022-08-05 11:03:35,888] multiqc                                            [DEBUG  ]  No samples found: jcvi
[2022-08-05 11:03:35,892] multiqc                                            [DEBUG  ]  No samples found: mtnucratio
[2022-08-05 11:03:35,894] multiqc                                            [DEBUG  ]  No samples found: picard
[2022-08-05 11:03:35,900] multiqc                                            [DEBUG  ]  No samples found: vep
[2022-08-05 11:03:35,908] multiqc                                            [DEBUG  ]  No samples found: sentieon
[2022-08-05 11:03:35,912] multiqc                                            [DEBUG  ]  No samples found: prokka
[2022-08-05 11:03:35,920] multiqc                                            [DEBUG  ]  No samples found: qc3C
[2022-08-05 11:03:35,924] multiqc                                            [DEBUG  ]  No samples found: nanostat
[2022-08-05 11:03:35,928] multiqc                                            [DEBUG  ]  No samples found: samblaster
[2022-08-05 11:03:35,938] multiqc                                            [DEBUG  ]  No samples found: samtools
[2022-08-05 11:03:35,942] multiqc                                            [DEBUG  ]  No samples found: sexdeterrmine
[2022-08-05 11:03:35,946] multiqc                                            [DEBUG  ]  No samples found: eigenstratdatabasetools
[2022-08-05 11:03:35,951] multiqc                                            [DEBUG  ]  No samples found: bamtools
[2022-08-05 11:03:35,955] multiqc                                            [DEBUG  ]  No samples found: jellyfish
[2022-08-05 11:03:35,962] multiqc                                            [DEBUG  ]  No samples found: vcftools
[2022-08-05 11:03:35,967] multiqc                                            [DEBUG  ]  No samples found: longranger
[2022-08-05 11:03:35,972] multiqc                                            [DEBUG  ]  No samples found: stacks
[2022-08-05 11:03:35,977] multiqc                                            [DEBUG  ]  No samples found: varscan2
[2022-08-05 11:03:35,982] multiqc                                            [DEBUG  ]  No samples found: snippy
[2022-08-05 11:03:36,472] multiqc                                            [DEBUG  ]  No samples found: bbmap
[2022-08-05 11:03:36,478] multiqc                                            [DEBUG  ]  No samples found: bismark
[2022-08-05 11:03:36,716] multiqc                                            [DEBUG  ]  No samples found: biscuit
[2022-08-05 11:03:36,721] multiqc                                            [DEBUG  ]  No samples found: hicexplorer
[2022-08-05 11:03:36,726] multiqc                                            [DEBUG  ]  No samples found: hicup
[2022-08-05 11:03:36,731] multiqc                                            [DEBUG  ]  No samples found: hicpro
[2022-08-05 11:03:36,735] multiqc                                            [DEBUG  ]  No samples found: salmon
[2022-08-05 11:03:36,739] multiqc                                            [DEBUG  ]  No samples found: kallisto
[2022-08-05 11:03:36,745] multiqc                                            [DEBUG  ]  No samples found: slamdunk
[2022-08-05 11:03:36,750] multiqc                                            [DEBUG  ]  No samples found: star
[2022-08-05 11:03:36,754] multiqc                                            [DEBUG  ]  No samples found: hisat2
[2022-08-05 11:03:36,758] multiqc                                            [DEBUG  ]  No samples found: tophat
[2022-08-05 11:03:36,762] multiqc                                            [DEBUG  ]  No samples found: bowtie2
[2022-08-05 11:03:36,766] multiqc                                            [DEBUG  ]  No samples found: bowtie1
[2022-08-05 11:03:36,770] multiqc                                            [DEBUG  ]  No samples found: snpsplit
[2022-08-05 11:03:37,004] multiqc                                            [DEBUG  ]  No samples found: odgi
[2022-08-05 11:03:37,009] multiqc                                            [DEBUG  ]  No samples found: pangolin
[2022-08-05 11:03:37,013] multiqc                                            [DEBUG  ]  No samples found: kat
[2022-08-05 11:03:37,246] multiqc                                            [DEBUG  ]  No samples found: leehom
[2022-08-05 11:03:37,252] multiqc                                            [DEBUG  ]  No samples found: adapterRemoval
[2022-08-05 11:03:37,487] multiqc                                            [DEBUG  ]  No samples found: clipandmerge
[2022-08-05 11:03:37,492] multiqc                                            [DEBUG  ]  No samples found: cutadapt
[2022-08-05 11:03:37,496] multiqc                                            [DEBUG  ]  No samples found: flexbar
[2022-08-05 11:03:37,501] multiqc                                            [DEBUG  ]  No samples found: kaiju
[2022-08-05 11:03:37,507] multiqc                                            [DEBUG  ]  No samples found: kraken
[2022-08-05 11:03:37,511] multiqc                                            [DEBUG  ]  No samples found: malt
[2022-08-05 11:03:37,515] multiqc                                            [DEBUG  ]  No samples found: trimmomatic
[2022-08-05 11:03:37,519] multiqc                                            [DEBUG  ]  No samples found: sickle
[2022-08-05 11:03:37,524] multiqc                                            [DEBUG  ]  No samples found: skewer
[2022-08-05 11:03:37,528] multiqc                                            [DEBUG  ]  No samples found: sortmerna
[2022-08-05 11:03:37,532] multiqc                                            [DEBUG  ]  No samples found: biobloomtools
[2022-08-05 11:03:37,537] multiqc                                            [DEBUG  ]  No samples found: fastq_screen
[2022-08-05 11:03:37,541] multiqc                                            [DEBUG  ]  No samples found: afterqc
[2022-08-05 11:03:37,546] multiqc                                            [DEBUG  ]  No samples found: fastp
[2022-08-05 11:03:38,083] multiqc.modules.fastqc.fastqc                      [INFO   ]  Found 4 reports
[2022-08-05 11:03:38,132] multiqc                                            [DEBUG  ]  No samples found: pychopper
[2022-08-05 11:03:38,138] multiqc                                            [DEBUG  ]  No samples found: pycoqc
[2022-08-05 11:03:38,143] multiqc                                            [DEBUG  ]  No samples found: minionqc
[2022-08-05 11:03:38,148] multiqc                                            [DEBUG  ]  No samples found: multivcfanalyzer
[2022-08-05 11:03:38,153] multiqc                                            [DEBUG  ]  No samples found: clusterflow
[2022-08-05 11:03:38,159] multiqc                                            [DEBUG  ]  No samples found: bcl2fastq
[2022-08-05 11:03:38,165] multiqc                                            [DEBUG  ]  No samples found: bclconvert
[2022-08-05 11:03:38,171] multiqc                                            [DEBUG  ]  No samples found: interop
[2022-08-05 11:03:38,176] multiqc                                            [DEBUG  ]  No samples found: ivar
[2022-08-05 11:03:38,181] multiqc                                            [DEBUG  ]  No samples found: flash
[2022-08-05 11:03:38,415] multiqc                                            [DEBUG  ]  No samples found: seqyclean
[2022-08-05 11:03:38,419] multiqc                                            [DEBUG  ]  No samples found: optitype
[2022-08-05 11:03:38,423] multiqc                                            [INFO   ]  Compressing plot data
[2022-08-05 11:03:38,473] multiqc                                            [INFO   ]  Report      : 138528_MGSD_CSIRO.qc.stats/multiqc_report.html
[2022-08-05 11:03:38,473] multiqc                                            [INFO   ]  Data        : 138528_MGSD_CSIRO.qc.stats/multiqc_data
[2022-08-05 11:03:38,473] multiqc                                            [DEBUG  ]  Moving data file from '/tmp/smi9a9.8584794/tmpt_zt8m4g/multiqc_data' to '138528_MGSD_CSIRO.qc.stats/multiqc_data'
[2022-08-05 11:03:39,425] multiqc                                            [INFO   ]  MultiQC complete
