[2022-08-05 11:07:51,793] multiqc                                            [DEBUG  ]  This is MultiQC v1.11
[2022-08-05 11:07:51,794] multiqc                                            [DEBUG  ]  No MultiQC config found: /apps/multiqc/1.11/lib/python3.9/site-packages/multiqc_config.yaml
[2022-08-05 11:07:51,794] multiqc                                            [DEBUG  ]  No MultiQC config found: /home/smi9a9/.multiqc_config.yaml
[2022-08-05 11:07:51,795] multiqc                                            [DEBUG  ]  No MultiQC config found: multiqc_config.yaml
[2022-08-05 11:07:51,795] multiqc                                            [DEBUG  ]  Command used: /apps/multiqc/1.11/bin/multiqc ./8150_H3WL3BCXX-2_merged_fastqc.html ./8150_H3WL3BCXX-2_merged_fastqc.zip ./8150_H3WL3BCXX-2_merged.fastq.gz ./8150_H3WL3BCXX-2_R1p_fastqc.html ./8150_H3WL3BCXX-2_R1p_fastqc.zip ./8150_H3WL3BCXX-2_R1p.fastq.gz ./8150_H3WL3BCXX-2_R1R2u_fastqc.html ./8150_H3WL3BCXX-2_R1R2u_fastqc.zip ./8150_H3WL3BCXX-2_R1R2u.fastq.gz ./8150_H3WL3BCXX-2_R2p_fastqc.html ./8150_H3WL3BCXX-2_R2p_fastqc.zip ./8150_H3WL3BCXX-2_R2p.fastq.gz ./8150_QCreads.md5 -o 8150_MGSD_CSIRO.qc.stats
[2022-08-05 11:07:51,797] multiqc                                            [DEBUG  ]  Could not connect to multiqc.info for version check: <urlopen error [Errno 111] Connection refused>
[2022-08-05 11:07:51,797] multiqc                                            [DEBUG  ]  Command     : /apps/multiqc/1.11/bin/multiqc ./8150_H3WL3BCXX-2_merged_fastqc.html ./8150_H3WL3BCXX-2_merged_fastqc.zip ./8150_H3WL3BCXX-2_merged.fastq.gz ./8150_H3WL3BCXX-2_R1p_fastqc.html ./8150_H3WL3BCXX-2_R1p_fastqc.zip ./8150_H3WL3BCXX-2_R1p.fastq.gz ./8150_H3WL3BCXX-2_R1R2u_fastqc.html ./8150_H3WL3BCXX-2_R1R2u_fastqc.zip ./8150_H3WL3BCXX-2_R1R2u.fastq.gz ./8150_H3WL3BCXX-2_R2p_fastqc.html ./8150_H3WL3BCXX-2_R2p_fastqc.zip ./8150_H3WL3BCXX-2_R2p.fastq.gz ./8150_QCreads.md5 -o 8150_MGSD_CSIRO.qc.stats
[2022-08-05 11:07:51,797] multiqc                                            [DEBUG  ]  Working dir : /datasets/work/oa-amd/work/amd/Metagenome_QC_reads
[2022-08-05 11:07:51,797] multiqc                                            [DEBUG  ]  Template    : default
[2022-08-05 11:07:51,797] multiqc                                            [DEBUG  ]  Running Python 3.9.4 (default, Apr 25 2021, 16:13:27)  [GCC 10.3.0]
[2022-08-05 11:07:51,798] multiqc                                            [DEBUG  ]  Analysing modules: custom_content, ccs, ngsderive, purple, conpair, lima, peddy, somalier, methylQA, mosdepth, phantompeakqualtools, qualimap, preseq, quast, qorts, rna_seqc, rockhopper, rsem, rseqc, busco, bustools, goleft_indexcov, gffcompare, disambiguate, supernova, deeptools, sargasso, verifybamid, mirtrace, happy, mirtop, sambamba, homer, hops, macs2, theta2, snpeff, gatk, htseq, bcftools, featureCounts, fgbio, dragen, dedup, damageprofiler, biobambam2, jcvi, mtnucratio, picard, vep, sentieon, prokka, qc3C, nanostat, samblaster, samtools, sexdeterrmine, eigenstratdatabasetools, bamtools, jellyfish, vcftools, longranger, stacks, varscan2, snippy, bbmap, bismark, biscuit, hicexplorer, hicup, hicpro, salmon, kallisto, slamdunk, star, hisat2, tophat, bowtie2, bowtie1, snpsplit, odgi, pangolin, kat, leehom, adapterRemoval, clipandmerge, cutadapt, flexbar, kaiju, kraken, malt, trimmomatic, sickle, skewer, sortmerna, biobloomtools, fastq_screen, afterqc, fastp, fastqc, pychopper, pycoqc, minionqc, multivcfanalyzer, clusterflow, bcl2fastq, bclconvert, interop, ivar, flash, seqyclean, optitype
[2022-08-05 11:07:51,798] multiqc                                            [DEBUG  ]  Using temporary directory for creating report: /tmp/smi9a9.8585127/tmpiju6cqqi
[2022-08-05 11:07:52,090] multiqc                                            [INFO   ]  Search path : /datasets/work/oa-amd/work/amd/Metagenome_QC_reads/8150_H3WL3BCXX-2_merged_fastqc.html
[2022-08-05 11:07:52,090] multiqc                                            [INFO   ]  Search path : /datasets/work/oa-amd/work/amd/Metagenome_QC_reads/8150_H3WL3BCXX-2_merged_fastqc.zip
[2022-08-05 11:07:52,090] multiqc                                            [INFO   ]  Search path : /datasets/work/oa-amd/work/amd/Metagenome_QC_reads/8150_H3WL3BCXX-2_merged.fastq.gz
[2022-08-05 11:07:52,090] multiqc                                            [INFO   ]  Search path : /datasets/work/oa-amd/work/amd/Metagenome_QC_reads/8150_H3WL3BCXX-2_R1p_fastqc.html
[2022-08-05 11:07:52,090] multiqc                                            [INFO   ]  Search path : /datasets/work/oa-amd/work/amd/Metagenome_QC_reads/8150_H3WL3BCXX-2_R1p_fastqc.zip
[2022-08-05 11:07:52,090] multiqc                                            [INFO   ]  Search path : /datasets/work/oa-amd/work/amd/Metagenome_QC_reads/8150_H3WL3BCXX-2_R1p.fastq.gz
[2022-08-05 11:07:52,091] multiqc                                            [INFO   ]  Search path : /datasets/work/oa-amd/work/amd/Metagenome_QC_reads/8150_H3WL3BCXX-2_R1R2u_fastqc.html
[2022-08-05 11:07:52,091] multiqc                                            [INFO   ]  Search path : /datasets/work/oa-amd/work/amd/Metagenome_QC_reads/8150_H3WL3BCXX-2_R1R2u_fastqc.zip
[2022-08-05 11:07:52,091] multiqc                                            [INFO   ]  Search path : /datasets/work/oa-amd/work/amd/Metagenome_QC_reads/8150_H3WL3BCXX-2_R1R2u.fastq.gz
[2022-08-05 11:07:52,091] multiqc                                            [INFO   ]  Search path : /datasets/work/oa-amd/work/amd/Metagenome_QC_reads/8150_H3WL3BCXX-2_R2p_fastqc.html
[2022-08-05 11:07:52,091] multiqc                                            [INFO   ]  Search path : /datasets/work/oa-amd/work/amd/Metagenome_QC_reads/8150_H3WL3BCXX-2_R2p_fastqc.zip
[2022-08-05 11:07:52,091] multiqc                                            [INFO   ]  Search path : /datasets/work/oa-amd/work/amd/Metagenome_QC_reads/8150_H3WL3BCXX-2_R2p.fastq.gz
[2022-08-05 11:07:52,091] multiqc                                            [INFO   ]  Search path : /datasets/work/oa-amd/work/amd/Metagenome_QC_reads/8150_QCreads.md5
[2022-08-05 11:07:53,445] multiqc                                            [DEBUG  ]  File ignored by ccs/v4 because it exceeded search pattern filesize limit: 8150_H3WL3BCXX-2_merged_fastqc.html
[2022-08-05 11:07:53,468] multiqc                                            [DEBUG  ]  File ignored by hicexplorer because it exceeded search pattern filesize limit: 8150_H3WL3BCXX-2_merged_fastqc.html
[2022-08-05 11:07:53,469] multiqc                                            [DEBUG  ]  File ignored by nanostat because it exceeded search pattern filesize limit: 8150_H3WL3BCXX-2_merged_fastqc.html
[2022-08-05 11:07:53,469] multiqc                                            [DEBUG  ]  File ignored by lima/summary because it exceeded search pattern filesize limit: 8150_H3WL3BCXX-2_merged_fastqc.html
[2022-08-05 11:07:53,483] multiqc                                            [DEBUG  ]  File ignored by vep/vep_txt because it exceeded search pattern filesize limit: 8150_H3WL3BCXX-2_merged_fastqc.html
[2022-08-05 11:07:53,483] multiqc                                            [DEBUG  ]  File ignored by longranger/invocation because it exceeded search pattern filesize limit: 8150_H3WL3BCXX-2_merged_fastqc.html
[2022-08-05 11:07:53,483] multiqc                                            [DEBUG  ]  File ignored by rockhopper because it exceeded search pattern filesize limit: 8150_H3WL3BCXX-2_merged_fastqc.html
[2022-08-05 11:07:53,483] multiqc                                            [DEBUG  ]  File ignored by rseqc/bam_stat because it exceeded search pattern filesize limit: 8150_H3WL3BCXX-2_merged_fastqc.html
[2022-08-05 11:07:53,483] multiqc                                            [DEBUG  ]  File ignored by rseqc/junction_annotation because it exceeded search pattern filesize limit: 8150_H3WL3BCXX-2_merged_fastqc.html
[2022-08-05 11:07:53,483] multiqc                                            [DEBUG  ]  File ignored by rseqc/read_distribution because it exceeded search pattern filesize limit: 8150_H3WL3BCXX-2_merged_fastqc.html
[2022-08-05 11:07:53,484] multiqc                                            [DEBUG  ]  File ignored by rseqc/infer_experiment because it exceeded search pattern filesize limit: 8150_H3WL3BCXX-2_merged_fastqc.html
[2022-08-05 11:07:54,038] multiqc                                            [DEBUG  ]  Ignoring file as matched an ignore pattern: 8150_H3WL3BCXX-2_merged.fastq.gz
[2022-08-05 11:07:54,066] multiqc                                            [DEBUG  ]  File ignored by ccs/v4 because it exceeded search pattern filesize limit: 8150_H3WL3BCXX-2_R1p_fastqc.html
[2022-08-05 11:07:54,074] multiqc                                            [DEBUG  ]  File ignored by hicexplorer because it exceeded search pattern filesize limit: 8150_H3WL3BCXX-2_R1p_fastqc.html
[2022-08-05 11:07:54,075] multiqc                                            [DEBUG  ]  File ignored by nanostat because it exceeded search pattern filesize limit: 8150_H3WL3BCXX-2_R1p_fastqc.html
[2022-08-05 11:07:54,075] multiqc                                            [DEBUG  ]  File ignored by lima/summary because it exceeded search pattern filesize limit: 8150_H3WL3BCXX-2_R1p_fastqc.html
[2022-08-05 11:07:54,319] multiqc                                            [DEBUG  ]  File ignored by vep/vep_txt because it exceeded search pattern filesize limit: 8150_H3WL3BCXX-2_R1p_fastqc.html
[2022-08-05 11:07:54,319] multiqc                                            [DEBUG  ]  File ignored by longranger/invocation because it exceeded search pattern filesize limit: 8150_H3WL3BCXX-2_R1p_fastqc.html
[2022-08-05 11:07:54,319] multiqc                                            [DEBUG  ]  File ignored by rockhopper because it exceeded search pattern filesize limit: 8150_H3WL3BCXX-2_R1p_fastqc.html
[2022-08-05 11:07:54,320] multiqc                                            [DEBUG  ]  File ignored by rseqc/bam_stat because it exceeded search pattern filesize limit: 8150_H3WL3BCXX-2_R1p_fastqc.html
[2022-08-05 11:07:54,320] multiqc                                            [DEBUG  ]  File ignored by rseqc/junction_annotation because it exceeded search pattern filesize limit: 8150_H3WL3BCXX-2_R1p_fastqc.html
[2022-08-05 11:07:54,320] multiqc                                            [DEBUG  ]  File ignored by rseqc/read_distribution because it exceeded search pattern filesize limit: 8150_H3WL3BCXX-2_R1p_fastqc.html
[2022-08-05 11:07:54,320] multiqc                                            [DEBUG  ]  File ignored by rseqc/infer_experiment because it exceeded search pattern filesize limit: 8150_H3WL3BCXX-2_R1p_fastqc.html
[2022-08-05 11:07:55,027] multiqc                                            [DEBUG  ]  Ignoring file as matched an ignore pattern: 8150_H3WL3BCXX-2_R1p.fastq.gz
[2022-08-05 11:07:55,120] multiqc                                            [DEBUG  ]  File ignored by ccs/v4 because it exceeded search pattern filesize limit: 8150_H3WL3BCXX-2_R1R2u_fastqc.html
[2022-08-05 11:07:55,124] multiqc                                            [DEBUG  ]  File ignored by hicexplorer because it exceeded search pattern filesize limit: 8150_H3WL3BCXX-2_R1R2u_fastqc.html
[2022-08-05 11:07:55,125] multiqc                                            [DEBUG  ]  File ignored by nanostat because it exceeded search pattern filesize limit: 8150_H3WL3BCXX-2_R1R2u_fastqc.html
[2022-08-05 11:07:55,125] multiqc                                            [DEBUG  ]  File ignored by lima/summary because it exceeded search pattern filesize limit: 8150_H3WL3BCXX-2_R1R2u_fastqc.html
[2022-08-05 11:07:55,133] multiqc                                            [DEBUG  ]  File ignored by vep/vep_txt because it exceeded search pattern filesize limit: 8150_H3WL3BCXX-2_R1R2u_fastqc.html
[2022-08-05 11:07:55,133] multiqc                                            [DEBUG  ]  File ignored by longranger/invocation because it exceeded search pattern filesize limit: 8150_H3WL3BCXX-2_R1R2u_fastqc.html
[2022-08-05 11:07:55,133] multiqc                                            [DEBUG  ]  File ignored by rockhopper because it exceeded search pattern filesize limit: 8150_H3WL3BCXX-2_R1R2u_fastqc.html
[2022-08-05 11:07:55,133] multiqc                                            [DEBUG  ]  File ignored by rseqc/bam_stat because it exceeded search pattern filesize limit: 8150_H3WL3BCXX-2_R1R2u_fastqc.html
[2022-08-05 11:07:55,133] multiqc                                            [DEBUG  ]  File ignored by rseqc/junction_annotation because it exceeded search pattern filesize limit: 8150_H3WL3BCXX-2_R1R2u_fastqc.html
[2022-08-05 11:07:55,133] multiqc                                            [DEBUG  ]  File ignored by rseqc/read_distribution because it exceeded search pattern filesize limit: 8150_H3WL3BCXX-2_R1R2u_fastqc.html
[2022-08-05 11:07:55,133] multiqc                                            [DEBUG  ]  File ignored by rseqc/infer_experiment because it exceeded search pattern filesize limit: 8150_H3WL3BCXX-2_R1R2u_fastqc.html
[2022-08-05 11:07:55,203] multiqc                                            [DEBUG  ]  Ignoring file as matched an ignore pattern: 8150_H3WL3BCXX-2_R1R2u.fastq.gz
[2022-08-05 11:07:55,272] multiqc                                            [DEBUG  ]  File ignored by ccs/v4 because it exceeded search pattern filesize limit: 8150_H3WL3BCXX-2_R2p_fastqc.html
[2022-08-05 11:07:55,284] multiqc                                            [DEBUG  ]  File ignored by hicexplorer because it exceeded search pattern filesize limit: 8150_H3WL3BCXX-2_R2p_fastqc.html
[2022-08-05 11:07:55,285] multiqc                                            [DEBUG  ]  File ignored by nanostat because it exceeded search pattern filesize limit: 8150_H3WL3BCXX-2_R2p_fastqc.html
[2022-08-05 11:07:55,285] multiqc                                            [DEBUG  ]  File ignored by lima/summary because it exceeded search pattern filesize limit: 8150_H3WL3BCXX-2_R2p_fastqc.html
[2022-08-05 11:07:56,535] multiqc                                            [DEBUG  ]  File ignored by vep/vep_txt because it exceeded search pattern filesize limit: 8150_H3WL3BCXX-2_R2p_fastqc.html
[2022-08-05 11:07:56,535] multiqc                                            [DEBUG  ]  File ignored by longranger/invocation because it exceeded search pattern filesize limit: 8150_H3WL3BCXX-2_R2p_fastqc.html
[2022-08-05 11:07:56,535] multiqc                                            [DEBUG  ]  File ignored by rockhopper because it exceeded search pattern filesize limit: 8150_H3WL3BCXX-2_R2p_fastqc.html
[2022-08-05 11:07:56,535] multiqc                                            [DEBUG  ]  File ignored by rseqc/bam_stat because it exceeded search pattern filesize limit: 8150_H3WL3BCXX-2_R2p_fastqc.html
[2022-08-05 11:07:56,535] multiqc                                            [DEBUG  ]  File ignored by rseqc/junction_annotation because it exceeded search pattern filesize limit: 8150_H3WL3BCXX-2_R2p_fastqc.html
[2022-08-05 11:07:56,535] multiqc                                            [DEBUG  ]  File ignored by rseqc/read_distribution because it exceeded search pattern filesize limit: 8150_H3WL3BCXX-2_R2p_fastqc.html
[2022-08-05 11:07:56,535] multiqc                                            [DEBUG  ]  File ignored by rseqc/infer_experiment because it exceeded search pattern filesize limit: 8150_H3WL3BCXX-2_R2p_fastqc.html
[2022-08-05 11:07:56,647] multiqc                                            [DEBUG  ]  Ignoring file as matched an ignore pattern: 8150_H3WL3BCXX-2_R2p.fastq.gz
[2022-08-05 11:07:56,648] multiqc                                            [DEBUG  ]  Ignoring file as matched an ignore pattern: 8150_QCreads.md5
[2022-08-05 11:07:58,253] multiqc.plots.bargraph                             [DEBUG  ]  Using matplotlib version 3.3.4
[2022-08-05 11:07:58,258] multiqc.plots.linegraph                            [DEBUG  ]  Using matplotlib version 3.3.4
[2022-08-05 11:07:58,262] multiqc                                            [DEBUG  ]  No samples found: custom_content
[2022-08-05 11:07:58,503] multiqc                                            [DEBUG  ]  No samples found: ccs
[2022-08-05 11:07:58,510] multiqc                                            [DEBUG  ]  No samples found: ngsderive
[2022-08-05 11:07:58,519] multiqc                                            [DEBUG  ]  No samples found: purple
[2022-08-05 11:07:58,524] multiqc                                            [DEBUG  ]  No samples found: conpair
[2022-08-05 11:07:58,529] multiqc                                            [DEBUG  ]  No samples found: lima
[2022-08-05 11:07:58,535] multiqc                                            [DEBUG  ]  No samples found: peddy
[2022-08-05 11:07:58,542] multiqc                                            [DEBUG  ]  No samples found: somalier
[2022-08-05 11:07:58,549] multiqc                                            [DEBUG  ]  No samples found: methylQA
[2022-08-05 11:07:58,561] multiqc.modules.mosdepth.mosdepth                  [DEBUG  ]  include_contigs: []
[2022-08-05 11:07:58,561] multiqc.modules.mosdepth.mosdepth                  [DEBUG  ]  exclude_contigs: []
[2022-08-05 11:07:58,561] multiqc                                            [DEBUG  ]  No samples found: mosdepth
[2022-08-05 11:07:58,795] multiqc                                            [DEBUG  ]  No samples found: phantompeakqualtools
[2022-08-05 11:07:58,799] multiqc                                            [DEBUG  ]  No samples found: qualimap
[2022-08-05 11:07:58,805] multiqc                                            [DEBUG  ]  No samples found: preseq
[2022-08-05 11:07:59,274] multiqc                                            [DEBUG  ]  No samples found: quast
[2022-08-05 11:07:59,512] multiqc                                            [DEBUG  ]  No samples found: qorts
[2022-08-05 11:07:59,517] multiqc                                            [DEBUG  ]  No samples found: rna_seqc
[2022-08-05 11:07:59,522] multiqc                                            [DEBUG  ]  No samples found: rockhopper
[2022-08-05 11:07:59,528] multiqc                                            [DEBUG  ]  No samples found: rsem
[2022-08-05 11:07:59,778] multiqc                                            [DEBUG  ]  No samples found: rseqc
[2022-08-05 11:07:59,782] multiqc                                            [DEBUG  ]  No samples found: busco
[2022-08-05 11:07:59,787] multiqc                                            [DEBUG  ]  No samples found: bustools
[2022-08-05 11:07:59,792] multiqc                                            [DEBUG  ]  No samples found: goleft_indexcov
[2022-08-05 11:07:59,797] multiqc                                            [DEBUG  ]  No samples found: gffcompare
[2022-08-05 11:08:00,036] multiqc                                            [DEBUG  ]  No samples found: disambiguate
[2022-08-05 11:08:00,043] multiqc                                            [DEBUG  ]  No samples found: supernova
[2022-08-05 11:08:00,074] multiqc                                            [DEBUG  ]  No samples found: deeptools
[2022-08-05 11:08:00,080] multiqc                                            [DEBUG  ]  No samples found: sargasso
[2022-08-05 11:08:00,316] multiqc                                            [DEBUG  ]  No samples found: verifybamid
[2022-08-05 11:08:00,323] multiqc                                            [DEBUG  ]  No samples found: mirtrace
[2022-08-05 11:08:00,328] multiqc                                            [DEBUG  ]  No samples found: happy
[2022-08-05 11:08:00,334] multiqc                                            [DEBUG  ]  No samples found: mirtop
[2022-08-05 11:08:00,339] multiqc                                            [DEBUG  ]  No samples found: sambamba
[2022-08-05 11:08:00,348] multiqc                                            [DEBUG  ]  No samples found: homer
[2022-08-05 11:08:00,352] multiqc                                            [DEBUG  ]  No samples found: hops
[2022-08-05 11:08:00,357] multiqc                                            [DEBUG  ]  No samples found: macs2
[2022-08-05 11:08:00,362] multiqc                                            [DEBUG  ]  No samples found: theta2
[2022-08-05 11:08:00,367] multiqc                                            [DEBUG  ]  No samples found: snpeff
[2022-08-05 11:08:00,375] multiqc                                            [DEBUG  ]  No samples found: gatk
[2022-08-05 11:08:00,381] multiqc                                            [DEBUG  ]  No samples found: htseq
[2022-08-05 11:08:00,388] multiqc                                            [DEBUG  ]  No samples found: bcftools
[2022-08-05 11:08:00,393] multiqc                                            [DEBUG  ]  No samples found: featureCounts
[2022-08-05 11:08:00,400] multiqc                                            [DEBUG  ]  No samples found: fgbio
[2022-08-05 11:08:00,417] multiqc                                            [DEBUG  ]  No samples found: dragen
[2022-08-05 11:08:00,423] multiqc                                            [DEBUG  ]  No samples found: dedup
[2022-08-05 11:08:00,428] multiqc                                            [DEBUG  ]  No samples found: damageprofiler
[2022-08-05 11:08:00,471] multiqc                                            [DEBUG  ]  No samples found: biobambam2
[2022-08-05 11:08:00,476] multiqc                                            [DEBUG  ]  No samples found: jcvi
[2022-08-05 11:08:00,481] multiqc                                            [DEBUG  ]  No samples found: mtnucratio
[2022-08-05 11:08:00,483] multiqc                                            [DEBUG  ]  No samples found: picard
[2022-08-05 11:08:00,489] multiqc                                            [DEBUG  ]  No samples found: vep
[2022-08-05 11:08:00,497] multiqc                                            [DEBUG  ]  No samples found: sentieon
[2022-08-05 11:08:00,502] multiqc                                            [DEBUG  ]  No samples found: prokka
[2022-08-05 11:08:00,509] multiqc                                            [DEBUG  ]  No samples found: qc3C
[2022-08-05 11:08:00,514] multiqc                                            [DEBUG  ]  No samples found: nanostat
[2022-08-05 11:08:00,519] multiqc                                            [DEBUG  ]  No samples found: samblaster
[2022-08-05 11:08:00,528] multiqc                                            [DEBUG  ]  No samples found: samtools
[2022-08-05 11:08:00,533] multiqc                                            [DEBUG  ]  No samples found: sexdeterrmine
[2022-08-05 11:08:00,537] multiqc                                            [DEBUG  ]  No samples found: eigenstratdatabasetools
[2022-08-05 11:08:00,542] multiqc                                            [DEBUG  ]  No samples found: bamtools
[2022-08-05 11:08:00,546] multiqc                                            [DEBUG  ]  No samples found: jellyfish
[2022-08-05 11:08:00,555] multiqc                                            [DEBUG  ]  No samples found: vcftools
[2022-08-05 11:08:00,792] multiqc                                            [DEBUG  ]  No samples found: longranger
[2022-08-05 11:08:01,259] multiqc                                            [DEBUG  ]  No samples found: stacks
[2022-08-05 11:08:01,264] multiqc                                            [DEBUG  ]  No samples found: varscan2
[2022-08-05 11:08:01,269] multiqc                                            [DEBUG  ]  No samples found: snippy
[2022-08-05 11:08:01,286] multiqc                                            [DEBUG  ]  No samples found: bbmap
[2022-08-05 11:08:01,293] multiqc                                            [DEBUG  ]  No samples found: bismark
[2022-08-05 11:08:01,302] multiqc                                            [DEBUG  ]  No samples found: biscuit
[2022-08-05 11:08:01,307] multiqc                                            [DEBUG  ]  No samples found: hicexplorer
[2022-08-05 11:08:01,542] multiqc                                            [DEBUG  ]  No samples found: hicup
[2022-08-05 11:08:01,548] multiqc                                            [DEBUG  ]  No samples found: hicpro
[2022-08-05 11:08:01,552] multiqc                                            [DEBUG  ]  No samples found: salmon
[2022-08-05 11:08:01,557] multiqc                                            [DEBUG  ]  No samples found: kallisto
[2022-08-05 11:08:01,566] multiqc                                            [DEBUG  ]  No samples found: slamdunk
[2022-08-05 11:08:01,571] multiqc                                            [DEBUG  ]  No samples found: star
[2022-08-05 11:08:02,037] multiqc                                            [DEBUG  ]  No samples found: hisat2
[2022-08-05 11:08:02,043] multiqc                                            [DEBUG  ]  No samples found: tophat
[2022-08-05 11:08:02,047] multiqc                                            [DEBUG  ]  No samples found: bowtie2
[2022-08-05 11:08:02,052] multiqc                                            [DEBUG  ]  No samples found: bowtie1
[2022-08-05 11:08:02,057] multiqc                                            [DEBUG  ]  No samples found: snpsplit
[2022-08-05 11:08:02,062] multiqc                                            [DEBUG  ]  No samples found: odgi
[2022-08-05 11:08:02,068] multiqc                                            [DEBUG  ]  No samples found: pangolin
[2022-08-05 11:08:02,073] multiqc                                            [DEBUG  ]  No samples found: kat
[2022-08-05 11:08:02,077] multiqc                                            [DEBUG  ]  No samples found: leehom
[2022-08-05 11:08:02,083] multiqc                                            [DEBUG  ]  No samples found: adapterRemoval
[2022-08-05 11:08:02,087] multiqc                                            [DEBUG  ]  No samples found: clipandmerge
[2022-08-05 11:08:02,092] multiqc                                            [DEBUG  ]  No samples found: cutadapt
[2022-08-05 11:08:02,097] multiqc                                            [DEBUG  ]  No samples found: flexbar
[2022-08-05 11:08:02,102] multiqc                                            [DEBUG  ]  No samples found: kaiju
[2022-08-05 11:08:02,108] multiqc                                            [DEBUG  ]  No samples found: kraken
[2022-08-05 11:08:02,113] multiqc                                            [DEBUG  ]  No samples found: malt
[2022-08-05 11:08:02,119] multiqc                                            [DEBUG  ]  No samples found: trimmomatic
[2022-08-05 11:08:02,123] multiqc                                            [DEBUG  ]  No samples found: sickle
[2022-08-05 11:08:02,128] multiqc                                            [DEBUG  ]  No samples found: skewer
[2022-08-05 11:08:02,132] multiqc                                            [DEBUG  ]  No samples found: sortmerna
[2022-08-05 11:08:02,368] multiqc                                            [DEBUG  ]  No samples found: biobloomtools
[2022-08-05 11:08:02,374] multiqc                                            [DEBUG  ]  No samples found: fastq_screen
[2022-08-05 11:08:02,378] multiqc                                            [DEBUG  ]  No samples found: afterqc
[2022-08-05 11:08:02,384] multiqc                                            [DEBUG  ]  No samples found: fastp
[2022-08-05 11:08:02,620] multiqc.modules.fastqc.fastqc                      [INFO   ]  Found 4 reports
[2022-08-05 11:08:02,702] multiqc                                            [DEBUG  ]  No samples found: pychopper
[2022-08-05 11:08:02,707] multiqc                                            [DEBUG  ]  No samples found: pycoqc
[2022-08-05 11:08:02,713] multiqc                                            [DEBUG  ]  No samples found: minionqc
[2022-08-05 11:08:02,718] multiqc                                            [DEBUG  ]  No samples found: multivcfanalyzer
[2022-08-05 11:08:02,723] multiqc                                            [DEBUG  ]  No samples found: clusterflow
[2022-08-05 11:08:02,729] multiqc                                            [DEBUG  ]  No samples found: bcl2fastq
[2022-08-05 11:08:02,736] multiqc                                            [DEBUG  ]  No samples found: bclconvert
[2022-08-05 11:08:02,743] multiqc                                            [DEBUG  ]  No samples found: interop
[2022-08-05 11:08:02,980] multiqc                                            [DEBUG  ]  No samples found: ivar
[2022-08-05 11:08:03,244] multiqc                                            [DEBUG  ]  No samples found: flash
[2022-08-05 11:08:03,250] multiqc                                            [DEBUG  ]  No samples found: seqyclean
[2022-08-05 11:08:03,257] multiqc                                            [DEBUG  ]  No samples found: optitype
[2022-08-05 11:08:03,262] multiqc                                            [INFO   ]  Compressing plot data
[2022-08-05 11:08:03,468] multiqc                                            [INFO   ]  Report      : 8150_MGSD_CSIRO.qc.stats/multiqc_report.html
[2022-08-05 11:08:03,468] multiqc                                            [INFO   ]  Data        : 8150_MGSD_CSIRO.qc.stats/multiqc_data
[2022-08-05 11:08:03,468] multiqc                                            [DEBUG  ]  Moving data file from '/tmp/smi9a9.8585127/tmpiju6cqqi/multiqc_data' to '8150_MGSD_CSIRO.qc.stats/multiqc_data'
[2022-08-05 11:08:03,892] multiqc                                            [INFO   ]  MultiQC complete
