[2022-08-05 11:13:07,683] multiqc                                            [DEBUG  ]  This is MultiQC v1.11
[2022-08-05 11:13:07,683] multiqc                                            [DEBUG  ]  No MultiQC config found: /apps/multiqc/1.11/lib/python3.9/site-packages/multiqc_config.yaml
[2022-08-05 11:13:07,683] multiqc                                            [DEBUG  ]  No MultiQC config found: /home/smi9a9/.multiqc_config.yaml
[2022-08-05 11:13:16,383] multiqc                                            [DEBUG  ]  No MultiQC config found: multiqc_config.yaml
[2022-08-05 11:13:16,383] multiqc                                            [DEBUG  ]  Command used: /apps/multiqc/1.11/bin/multiqc ./7069_combined_merged_fastqc.html ./7069_combined_merged_fastqc.zip ./7069_combined_merged.fastq.gz ./7069_combined_R1p_fastqc.html ./7069_combined_R1p_fastqc.zip ./7069_combined_R1p.fastq.gz ./7069_combined_R1R2u_fastqc.html ./7069_combined_R1R2u_fastqc.zip ./7069_combined_R1R2u.fastq.gz ./7069_combined_R2p_fastqc.html ./7069_combined_R2p_fastqc.zip ./7069_combined_R2p.fastq.gz ./7069_QCreads.md5 -o 7069_MGSD_CSIRO.qc.stats
[2022-08-05 11:13:16,386] multiqc                                            [DEBUG  ]  Could not connect to multiqc.info for version check: <urlopen error [Errno 111] Connection refused>
[2022-08-05 11:13:16,386] multiqc                                            [DEBUG  ]  Command     : /apps/multiqc/1.11/bin/multiqc ./7069_combined_merged_fastqc.html ./7069_combined_merged_fastqc.zip ./7069_combined_merged.fastq.gz ./7069_combined_R1p_fastqc.html ./7069_combined_R1p_fastqc.zip ./7069_combined_R1p.fastq.gz ./7069_combined_R1R2u_fastqc.html ./7069_combined_R1R2u_fastqc.zip ./7069_combined_R1R2u.fastq.gz ./7069_combined_R2p_fastqc.html ./7069_combined_R2p_fastqc.zip ./7069_combined_R2p.fastq.gz ./7069_QCreads.md5 -o 7069_MGSD_CSIRO.qc.stats
[2022-08-05 11:13:16,386] multiqc                                            [DEBUG  ]  Working dir : /datasets/work/oa-amd/work/amd/Metagenome_QC_reads
[2022-08-05 11:13:16,386] multiqc                                            [DEBUG  ]  Template    : default
[2022-08-05 11:13:16,386] multiqc                                            [DEBUG  ]  Running Python 3.9.4 (default, Apr 25 2021, 16:13:27)  [GCC 10.3.0]
[2022-08-05 11:13:16,386] multiqc                                            [DEBUG  ]  Analysing modules: custom_content, ccs, ngsderive, purple, conpair, lima, peddy, somalier, methylQA, mosdepth, phantompeakqualtools, qualimap, preseq, quast, qorts, rna_seqc, rockhopper, rsem, rseqc, busco, bustools, goleft_indexcov, gffcompare, disambiguate, supernova, deeptools, sargasso, verifybamid, mirtrace, happy, mirtop, sambamba, homer, hops, macs2, theta2, snpeff, gatk, htseq, bcftools, featureCounts, fgbio, dragen, dedup, damageprofiler, biobambam2, jcvi, mtnucratio, picard, vep, sentieon, prokka, qc3C, nanostat, samblaster, samtools, sexdeterrmine, eigenstratdatabasetools, bamtools, jellyfish, vcftools, longranger, stacks, varscan2, snippy, bbmap, bismark, biscuit, hicexplorer, hicup, hicpro, salmon, kallisto, slamdunk, star, hisat2, tophat, bowtie2, bowtie1, snpsplit, odgi, pangolin, kat, leehom, adapterRemoval, clipandmerge, cutadapt, flexbar, kaiju, kraken, malt, trimmomatic, sickle, skewer, sortmerna, biobloomtools, fastq_screen, afterqc, fastp, fastqc, pychopper, pycoqc, minionqc, multivcfanalyzer, clusterflow, bcl2fastq, bclconvert, interop, ivar, flash, seqyclean, optitype
[2022-08-05 11:13:16,386] multiqc                                            [DEBUG  ]  Using temporary directory for creating report: /tmp/smi9a9.8584583/tmp5c0ra2g6
[2022-08-05 11:13:16,448] multiqc                                            [INFO   ]  Search path : /datasets/work/oa-amd/work/amd/Metagenome_QC_reads/7069_combined_merged_fastqc.html
[2022-08-05 11:13:16,448] multiqc                                            [INFO   ]  Search path : /datasets/work/oa-amd/work/amd/Metagenome_QC_reads/7069_combined_merged_fastqc.zip
[2022-08-05 11:13:16,448] multiqc                                            [INFO   ]  Search path : /datasets/work/oa-amd/work/amd/Metagenome_QC_reads/7069_combined_merged.fastq.gz
[2022-08-05 11:13:16,448] multiqc                                            [INFO   ]  Search path : /datasets/work/oa-amd/work/amd/Metagenome_QC_reads/7069_combined_R1p_fastqc.html
[2022-08-05 11:13:16,448] multiqc                                            [INFO   ]  Search path : /datasets/work/oa-amd/work/amd/Metagenome_QC_reads/7069_combined_R1p_fastqc.zip
[2022-08-05 11:13:16,448] multiqc                                            [INFO   ]  Search path : /datasets/work/oa-amd/work/amd/Metagenome_QC_reads/7069_combined_R1p.fastq.gz
[2022-08-05 11:13:16,448] multiqc                                            [INFO   ]  Search path : /datasets/work/oa-amd/work/amd/Metagenome_QC_reads/7069_combined_R1R2u_fastqc.html
[2022-08-05 11:13:16,448] multiqc                                            [INFO   ]  Search path : /datasets/work/oa-amd/work/amd/Metagenome_QC_reads/7069_combined_R1R2u_fastqc.zip
[2022-08-05 11:13:16,448] multiqc                                            [INFO   ]  Search path : /datasets/work/oa-amd/work/amd/Metagenome_QC_reads/7069_combined_R1R2u.fastq.gz
[2022-08-05 11:13:16,448] multiqc                                            [INFO   ]  Search path : /datasets/work/oa-amd/work/amd/Metagenome_QC_reads/7069_combined_R2p_fastqc.html
[2022-08-05 11:13:16,448] multiqc                                            [INFO   ]  Search path : /datasets/work/oa-amd/work/amd/Metagenome_QC_reads/7069_combined_R2p_fastqc.zip
[2022-08-05 11:13:16,448] multiqc                                            [INFO   ]  Search path : /datasets/work/oa-amd/work/amd/Metagenome_QC_reads/7069_combined_R2p.fastq.gz
[2022-08-05 11:13:16,448] multiqc                                            [INFO   ]  Search path : /datasets/work/oa-amd/work/amd/Metagenome_QC_reads/7069_QCreads.md5
[2022-08-05 11:13:16,534] multiqc                                            [DEBUG  ]  File ignored by ccs/v4 because it exceeded search pattern filesize limit: 7069_combined_merged_fastqc.html
[2022-08-05 11:13:16,543] multiqc                                            [DEBUG  ]  File ignored by hicexplorer because it exceeded search pattern filesize limit: 7069_combined_merged_fastqc.html
[2022-08-05 11:13:16,544] multiqc                                            [DEBUG  ]  File ignored by nanostat because it exceeded search pattern filesize limit: 7069_combined_merged_fastqc.html
[2022-08-05 11:13:16,544] multiqc                                            [DEBUG  ]  File ignored by lima/summary because it exceeded search pattern filesize limit: 7069_combined_merged_fastqc.html
[2022-08-05 11:13:16,560] multiqc                                            [DEBUG  ]  File ignored by vep/vep_txt because it exceeded search pattern filesize limit: 7069_combined_merged_fastqc.html
[2022-08-05 11:13:16,560] multiqc                                            [DEBUG  ]  File ignored by longranger/invocation because it exceeded search pattern filesize limit: 7069_combined_merged_fastqc.html
[2022-08-05 11:13:16,560] multiqc                                            [DEBUG  ]  File ignored by rockhopper because it exceeded search pattern filesize limit: 7069_combined_merged_fastqc.html
[2022-08-05 11:13:16,560] multiqc                                            [DEBUG  ]  File ignored by rseqc/bam_stat because it exceeded search pattern filesize limit: 7069_combined_merged_fastqc.html
[2022-08-05 11:13:16,560] multiqc                                            [DEBUG  ]  File ignored by rseqc/junction_annotation because it exceeded search pattern filesize limit: 7069_combined_merged_fastqc.html
[2022-08-05 11:13:16,560] multiqc                                            [DEBUG  ]  File ignored by rseqc/read_distribution because it exceeded search pattern filesize limit: 7069_combined_merged_fastqc.html
[2022-08-05 11:13:16,560] multiqc                                            [DEBUG  ]  File ignored by rseqc/infer_experiment because it exceeded search pattern filesize limit: 7069_combined_merged_fastqc.html
[2022-08-05 11:13:16,876] multiqc                                            [DEBUG  ]  Ignoring file as matched an ignore pattern: 7069_combined_merged.fastq.gz
[2022-08-05 11:13:16,895] multiqc                                            [DEBUG  ]  File ignored by ccs/v4 because it exceeded search pattern filesize limit: 7069_combined_R1p_fastqc.html
[2022-08-05 11:13:16,906] multiqc                                            [DEBUG  ]  File ignored by hicexplorer because it exceeded search pattern filesize limit: 7069_combined_R1p_fastqc.html
[2022-08-05 11:13:16,907] multiqc                                            [DEBUG  ]  File ignored by nanostat because it exceeded search pattern filesize limit: 7069_combined_R1p_fastqc.html
[2022-08-05 11:13:16,907] multiqc                                            [DEBUG  ]  File ignored by lima/summary because it exceeded search pattern filesize limit: 7069_combined_R1p_fastqc.html
[2022-08-05 11:13:17,666] multiqc                                            [DEBUG  ]  File ignored by vep/vep_txt because it exceeded search pattern filesize limit: 7069_combined_R1p_fastqc.html
[2022-08-05 11:13:17,666] multiqc                                            [DEBUG  ]  File ignored by longranger/invocation because it exceeded search pattern filesize limit: 7069_combined_R1p_fastqc.html
[2022-08-05 11:13:17,666] multiqc                                            [DEBUG  ]  File ignored by rockhopper because it exceeded search pattern filesize limit: 7069_combined_R1p_fastqc.html
[2022-08-05 11:13:17,666] multiqc                                            [DEBUG  ]  File ignored by rseqc/bam_stat because it exceeded search pattern filesize limit: 7069_combined_R1p_fastqc.html
[2022-08-05 11:13:17,666] multiqc                                            [DEBUG  ]  File ignored by rseqc/junction_annotation because it exceeded search pattern filesize limit: 7069_combined_R1p_fastqc.html
[2022-08-05 11:13:17,666] multiqc                                            [DEBUG  ]  File ignored by rseqc/read_distribution because it exceeded search pattern filesize limit: 7069_combined_R1p_fastqc.html
[2022-08-05 11:13:17,667] multiqc                                            [DEBUG  ]  File ignored by rseqc/infer_experiment because it exceeded search pattern filesize limit: 7069_combined_R1p_fastqc.html
[2022-08-05 11:13:17,752] multiqc                                            [DEBUG  ]  Ignoring file as matched an ignore pattern: 7069_combined_R1p.fastq.gz
[2022-08-05 11:13:17,816] multiqc                                            [DEBUG  ]  File ignored by ccs/v4 because it exceeded search pattern filesize limit: 7069_combined_R1R2u_fastqc.html
[2022-08-05 11:13:17,824] multiqc                                            [DEBUG  ]  File ignored by hicexplorer because it exceeded search pattern filesize limit: 7069_combined_R1R2u_fastqc.html
[2022-08-05 11:13:17,825] multiqc                                            [DEBUG  ]  File ignored by nanostat because it exceeded search pattern filesize limit: 7069_combined_R1R2u_fastqc.html
[2022-08-05 11:13:17,825] multiqc                                            [DEBUG  ]  File ignored by lima/summary because it exceeded search pattern filesize limit: 7069_combined_R1R2u_fastqc.html
[2022-08-05 11:13:17,842] multiqc                                            [DEBUG  ]  File ignored by vep/vep_txt because it exceeded search pattern filesize limit: 7069_combined_R1R2u_fastqc.html
[2022-08-05 11:13:17,842] multiqc                                            [DEBUG  ]  File ignored by longranger/invocation because it exceeded search pattern filesize limit: 7069_combined_R1R2u_fastqc.html
[2022-08-05 11:13:17,842] multiqc                                            [DEBUG  ]  File ignored by rockhopper because it exceeded search pattern filesize limit: 7069_combined_R1R2u_fastqc.html
[2022-08-05 11:13:17,842] multiqc                                            [DEBUG  ]  File ignored by rseqc/bam_stat because it exceeded search pattern filesize limit: 7069_combined_R1R2u_fastqc.html
[2022-08-05 11:13:17,842] multiqc                                            [DEBUG  ]  File ignored by rseqc/junction_annotation because it exceeded search pattern filesize limit: 7069_combined_R1R2u_fastqc.html
[2022-08-05 11:13:17,842] multiqc                                            [DEBUG  ]  File ignored by rseqc/read_distribution because it exceeded search pattern filesize limit: 7069_combined_R1R2u_fastqc.html
[2022-08-05 11:13:17,842] multiqc                                            [DEBUG  ]  File ignored by rseqc/infer_experiment because it exceeded search pattern filesize limit: 7069_combined_R1R2u_fastqc.html
[2022-08-05 11:13:17,919] multiqc                                            [DEBUG  ]  Ignoring file as matched an ignore pattern: 7069_combined_R1R2u.fastq.gz
[2022-08-05 11:13:18,996] multiqc                                            [DEBUG  ]  File ignored by ccs/v4 because it exceeded search pattern filesize limit: 7069_combined_R2p_fastqc.html
[2022-08-05 11:13:19,022] multiqc                                            [DEBUG  ]  File ignored by hicexplorer because it exceeded search pattern filesize limit: 7069_combined_R2p_fastqc.html
[2022-08-05 11:13:19,025] multiqc                                            [DEBUG  ]  File ignored by nanostat because it exceeded search pattern filesize limit: 7069_combined_R2p_fastqc.html
[2022-08-05 11:13:19,025] multiqc                                            [DEBUG  ]  File ignored by lima/summary because it exceeded search pattern filesize limit: 7069_combined_R2p_fastqc.html
[2022-08-05 11:13:19,091] multiqc                                            [DEBUG  ]  File ignored by vep/vep_txt because it exceeded search pattern filesize limit: 7069_combined_R2p_fastqc.html
[2022-08-05 11:13:19,091] multiqc                                            [DEBUG  ]  File ignored by longranger/invocation because it exceeded search pattern filesize limit: 7069_combined_R2p_fastqc.html
[2022-08-05 11:13:19,092] multiqc                                            [DEBUG  ]  File ignored by rockhopper because it exceeded search pattern filesize limit: 7069_combined_R2p_fastqc.html
[2022-08-05 11:13:19,092] multiqc                                            [DEBUG  ]  File ignored by rseqc/bam_stat because it exceeded search pattern filesize limit: 7069_combined_R2p_fastqc.html
[2022-08-05 11:13:19,092] multiqc                                            [DEBUG  ]  File ignored by rseqc/junction_annotation because it exceeded search pattern filesize limit: 7069_combined_R2p_fastqc.html
[2022-08-05 11:13:19,092] multiqc                                            [DEBUG  ]  File ignored by rseqc/read_distribution because it exceeded search pattern filesize limit: 7069_combined_R2p_fastqc.html
[2022-08-05 11:13:19,092] multiqc                                            [DEBUG  ]  File ignored by rseqc/infer_experiment because it exceeded search pattern filesize limit: 7069_combined_R2p_fastqc.html
[2022-08-05 11:13:19,373] multiqc                                            [DEBUG  ]  Ignoring file as matched an ignore pattern: 7069_combined_R2p.fastq.gz
[2022-08-05 11:13:19,394] multiqc                                            [DEBUG  ]  Ignoring file as matched an ignore pattern: 7069_QCreads.md5
[2022-08-05 11:13:26,665] multiqc.plots.bargraph                             [DEBUG  ]  Using matplotlib version 3.3.4
[2022-08-05 11:13:26,669] multiqc.plots.linegraph                            [DEBUG  ]  Using matplotlib version 3.3.4
[2022-08-05 11:13:26,672] multiqc                                            [DEBUG  ]  No samples found: custom_content
[2022-08-05 11:13:26,678] multiqc                                            [DEBUG  ]  No samples found: ccs
[2022-08-05 11:13:26,685] multiqc                                            [DEBUG  ]  No samples found: ngsderive
[2022-08-05 11:13:26,689] multiqc                                            [DEBUG  ]  No samples found: purple
[2022-08-05 11:13:26,695] multiqc                                            [DEBUG  ]  No samples found: conpair
[2022-08-05 11:13:26,700] multiqc                                            [DEBUG  ]  No samples found: lima
[2022-08-05 11:13:26,706] multiqc                                            [DEBUG  ]  No samples found: peddy
[2022-08-05 11:13:26,712] multiqc                                            [DEBUG  ]  No samples found: somalier
[2022-08-05 11:13:26,717] multiqc                                            [DEBUG  ]  No samples found: methylQA
[2022-08-05 11:13:26,959] multiqc.modules.mosdepth.mosdepth                  [DEBUG  ]  include_contigs: []
[2022-08-05 11:13:26,959] multiqc.modules.mosdepth.mosdepth                  [DEBUG  ]  exclude_contigs: []
[2022-08-05 11:13:26,959] multiqc                                            [DEBUG  ]  No samples found: mosdepth
[2022-08-05 11:13:26,964] multiqc                                            [DEBUG  ]  No samples found: phantompeakqualtools
[2022-08-05 11:13:26,968] multiqc                                            [DEBUG  ]  No samples found: qualimap
[2022-08-05 11:13:27,202] multiqc                                            [DEBUG  ]  No samples found: preseq
[2022-08-05 11:13:27,208] multiqc                                            [DEBUG  ]  No samples found: quast
[2022-08-05 11:13:27,213] multiqc                                            [DEBUG  ]  No samples found: qorts
[2022-08-05 11:13:27,219] multiqc                                            [DEBUG  ]  No samples found: rna_seqc
[2022-08-05 11:13:27,224] multiqc                                            [DEBUG  ]  No samples found: rockhopper
[2022-08-05 11:13:27,228] multiqc                                            [DEBUG  ]  No samples found: rsem
[2022-08-05 11:13:27,245] multiqc                                            [DEBUG  ]  No samples found: rseqc
[2022-08-05 11:13:27,249] multiqc                                            [DEBUG  ]  No samples found: busco
[2022-08-05 11:13:27,254] multiqc                                            [DEBUG  ]  No samples found: bustools
[2022-08-05 11:13:27,259] multiqc                                            [DEBUG  ]  No samples found: goleft_indexcov
[2022-08-05 11:13:27,265] multiqc                                            [DEBUG  ]  No samples found: gffcompare
[2022-08-05 11:13:27,269] multiqc                                            [DEBUG  ]  No samples found: disambiguate
[2022-08-05 11:13:27,275] multiqc                                            [DEBUG  ]  No samples found: supernova
[2022-08-05 11:13:27,292] multiqc                                            [DEBUG  ]  No samples found: deeptools
[2022-08-05 11:13:27,297] multiqc                                            [DEBUG  ]  No samples found: sargasso
[2022-08-05 11:13:27,302] multiqc                                            [DEBUG  ]  No samples found: verifybamid
[2022-08-05 11:13:27,309] multiqc                                            [DEBUG  ]  No samples found: mirtrace
[2022-08-05 11:13:27,314] multiqc                                            [DEBUG  ]  No samples found: happy
[2022-08-05 11:13:27,319] multiqc                                            [DEBUG  ]  No samples found: mirtop
[2022-08-05 11:13:27,325] multiqc                                            [DEBUG  ]  No samples found: sambamba
[2022-08-05 11:13:27,333] multiqc                                            [DEBUG  ]  No samples found: homer
[2022-08-05 11:13:27,338] multiqc                                            [DEBUG  ]  No samples found: hops
[2022-08-05 11:13:27,343] multiqc                                            [DEBUG  ]  No samples found: macs2
[2022-08-05 11:13:27,348] multiqc                                            [DEBUG  ]  No samples found: theta2
[2022-08-05 11:13:27,353] multiqc                                            [DEBUG  ]  No samples found: snpeff
[2022-08-05 11:13:27,361] multiqc                                            [DEBUG  ]  No samples found: gatk
[2022-08-05 11:13:27,366] multiqc                                            [DEBUG  ]  No samples found: htseq
[2022-08-05 11:13:27,373] multiqc                                            [DEBUG  ]  No samples found: bcftools
[2022-08-05 11:13:27,378] multiqc                                            [DEBUG  ]  No samples found: featureCounts
[2022-08-05 11:13:27,385] multiqc                                            [DEBUG  ]  No samples found: fgbio
[2022-08-05 11:13:27,402] multiqc                                            [DEBUG  ]  No samples found: dragen
[2022-08-05 11:13:27,407] multiqc                                            [DEBUG  ]  No samples found: dedup
[2022-08-05 11:13:27,412] multiqc                                            [DEBUG  ]  No samples found: damageprofiler
[2022-08-05 11:13:27,452] multiqc                                            [DEBUG  ]  No samples found: biobambam2
[2022-08-05 11:13:27,457] multiqc                                            [DEBUG  ]  No samples found: jcvi
[2022-08-05 11:13:27,462] multiqc                                            [DEBUG  ]  No samples found: mtnucratio
[2022-08-05 11:13:27,464] multiqc                                            [DEBUG  ]  No samples found: picard
[2022-08-05 11:13:27,470] multiqc                                            [DEBUG  ]  No samples found: vep
[2022-08-05 11:13:27,478] multiqc                                            [DEBUG  ]  No samples found: sentieon
[2022-08-05 11:13:27,483] multiqc                                            [DEBUG  ]  No samples found: prokka
[2022-08-05 11:13:27,491] multiqc                                            [DEBUG  ]  No samples found: qc3C
[2022-08-05 11:13:27,497] multiqc                                            [DEBUG  ]  No samples found: nanostat
[2022-08-05 11:13:27,502] multiqc                                            [DEBUG  ]  No samples found: samblaster
[2022-08-05 11:13:27,512] multiqc                                            [DEBUG  ]  No samples found: samtools
[2022-08-05 11:13:27,517] multiqc                                            [DEBUG  ]  No samples found: sexdeterrmine
[2022-08-05 11:13:27,522] multiqc                                            [DEBUG  ]  No samples found: eigenstratdatabasetools
[2022-08-05 11:13:27,527] multiqc                                            [DEBUG  ]  No samples found: bamtools
[2022-08-05 11:13:27,532] multiqc                                            [DEBUG  ]  No samples found: jellyfish
[2022-08-05 11:13:27,541] multiqc                                            [DEBUG  ]  No samples found: vcftools
[2022-08-05 11:13:27,547] multiqc                                            [DEBUG  ]  No samples found: longranger
[2022-08-05 11:13:27,552] multiqc                                            [DEBUG  ]  No samples found: stacks
[2022-08-05 11:13:27,557] multiqc                                            [DEBUG  ]  No samples found: varscan2
[2022-08-05 11:13:27,562] multiqc                                            [DEBUG  ]  No samples found: snippy
[2022-08-05 11:13:27,582] multiqc                                            [DEBUG  ]  No samples found: bbmap
[2022-08-05 11:13:27,589] multiqc                                            [DEBUG  ]  No samples found: bismark
[2022-08-05 11:13:27,597] multiqc                                            [DEBUG  ]  No samples found: biscuit
[2022-08-05 11:13:27,603] multiqc                                            [DEBUG  ]  No samples found: hicexplorer
[2022-08-05 11:13:27,608] multiqc                                            [DEBUG  ]  No samples found: hicup
[2022-08-05 11:13:27,614] multiqc                                            [DEBUG  ]  No samples found: hicpro
[2022-08-05 11:13:27,619] multiqc                                            [DEBUG  ]  No samples found: salmon
[2022-08-05 11:13:27,623] multiqc                                            [DEBUG  ]  No samples found: kallisto
[2022-08-05 11:13:27,630] multiqc                                            [DEBUG  ]  No samples found: slamdunk
[2022-08-05 11:13:27,636] multiqc                                            [DEBUG  ]  No samples found: star
[2022-08-05 11:13:27,641] multiqc                                            [DEBUG  ]  No samples found: hisat2
[2022-08-05 11:13:27,646] multiqc                                            [DEBUG  ]  No samples found: tophat
[2022-08-05 11:13:27,651] multiqc                                            [DEBUG  ]  No samples found: bowtie2
[2022-08-05 11:13:27,656] multiqc                                            [DEBUG  ]  No samples found: bowtie1
[2022-08-05 11:13:27,661] multiqc                                            [DEBUG  ]  No samples found: snpsplit
[2022-08-05 11:13:27,667] multiqc                                            [DEBUG  ]  No samples found: odgi
[2022-08-05 11:13:27,672] multiqc                                            [DEBUG  ]  No samples found: pangolin
[2022-08-05 11:13:27,676] multiqc                                            [DEBUG  ]  No samples found: kat
[2022-08-05 11:13:27,681] multiqc                                            [DEBUG  ]  No samples found: leehom
[2022-08-05 11:13:27,686] multiqc                                            [DEBUG  ]  No samples found: adapterRemoval
[2022-08-05 11:13:27,691] multiqc                                            [DEBUG  ]  No samples found: clipandmerge
[2022-08-05 11:13:27,697] multiqc                                            [DEBUG  ]  No samples found: cutadapt
[2022-08-05 11:13:27,701] multiqc                                            [DEBUG  ]  No samples found: flexbar
[2022-08-05 11:13:27,707] multiqc                                            [DEBUG  ]  No samples found: kaiju
[2022-08-05 11:13:27,713] multiqc                                            [DEBUG  ]  No samples found: kraken
[2022-08-05 11:13:27,718] multiqc                                            [DEBUG  ]  No samples found: malt
[2022-08-05 11:13:27,723] multiqc                                            [DEBUG  ]  No samples found: trimmomatic
[2022-08-05 11:13:27,727] multiqc                                            [DEBUG  ]  No samples found: sickle
[2022-08-05 11:13:27,733] multiqc                                            [DEBUG  ]  No samples found: skewer
[2022-08-05 11:13:27,737] multiqc                                            [DEBUG  ]  No samples found: sortmerna
[2022-08-05 11:13:27,744] multiqc                                            [DEBUG  ]  No samples found: biobloomtools
[2022-08-05 11:13:27,750] multiqc                                            [DEBUG  ]  No samples found: fastq_screen
[2022-08-05 11:13:27,755] multiqc                                            [DEBUG  ]  No samples found: afterqc
[2022-08-05 11:13:27,761] multiqc                                            [DEBUG  ]  No samples found: fastp
[2022-08-05 11:13:28,291] multiqc.modules.fastqc.fastqc                      [INFO   ]  Found 4 reports
[2022-08-05 11:13:28,372] multiqc                                            [DEBUG  ]  No samples found: pychopper
[2022-08-05 11:13:28,378] multiqc                                            [DEBUG  ]  No samples found: pycoqc
[2022-08-05 11:13:28,383] multiqc                                            [DEBUG  ]  No samples found: minionqc
[2022-08-05 11:13:28,388] multiqc                                            [DEBUG  ]  No samples found: multivcfanalyzer
[2022-08-05 11:13:28,393] multiqc                                            [DEBUG  ]  No samples found: clusterflow
[2022-08-05 11:13:28,400] multiqc                                            [DEBUG  ]  No samples found: bcl2fastq
[2022-08-05 11:13:28,407] multiqc                                            [DEBUG  ]  No samples found: bclconvert
[2022-08-05 11:13:28,413] multiqc                                            [DEBUG  ]  No samples found: interop
[2022-08-05 11:13:28,417] multiqc                                            [DEBUG  ]  No samples found: ivar
[2022-08-05 11:13:28,423] multiqc                                            [DEBUG  ]  No samples found: flash
[2022-08-05 11:13:28,427] multiqc                                            [DEBUG  ]  No samples found: seqyclean
[2022-08-05 11:13:28,431] multiqc                                            [DEBUG  ]  No samples found: optitype
[2022-08-05 11:13:28,435] multiqc                                            [INFO   ]  Compressing plot data
[2022-08-05 11:13:52,799] multiqc                                            [INFO   ]  Report      : 7069_MGSD_CSIRO.qc.stats/multiqc_report.html
[2022-08-05 11:13:52,799] multiqc                                            [INFO   ]  Data        : 7069_MGSD_CSIRO.qc.stats/multiqc_data
[2022-08-05 11:13:52,799] multiqc                                            [DEBUG  ]  Moving data file from '/tmp/smi9a9.8584583/tmp5c0ra2g6/multiqc_data' to '7069_MGSD_CSIRO.qc.stats/multiqc_data'
[2022-08-05 11:13:54,018] multiqc                                            [INFO   ]  MultiQC complete
